2019-06-24 13:10:32.408843: I tensorflow/core/platform/cpu_feature_guard.cc:140] Your CPU supports instructions that this TensorFlow binary was not compiled to use: AVX512F
2019-06-24 13:10:35.974626: E tensorflow/stream_executor/cuda/cuda_driver.cc:406] failed call to cuInit: CUDA_ERROR_NO_DEVICE
2019-06-24 13:10:35.974753: I tensorflow/stream_executor/cuda/cuda_diagnostics.cc:158] retrieving CUDA diagnostic information for host: SR760-GPU-7
2019-06-24 13:10:35.974781: I tensorflow/stream_executor/cuda/cuda_diagnostics.cc:165] hostname: SR760-GPU-7
2019-06-24 13:10:35.974911: I tensorflow/stream_executor/cuda/cuda_diagnostics.cc:189] libcuda reported version is: 410.48.0
2019-06-24 13:10:35.975035: I tensorflow/stream_executor/cuda/cuda_diagnostics.cc:193] kernel reported version is: 410.48.0
2019-06-24 13:10:35.975056: I tensorflow/stream_executor/cuda/cuda_diagnostics.cc:300] kernel version seems to match DSO: 410.48.0
> Info of lammps module:
  use deepmd-kit at:  /sharedext4/local/deepmd-kit-0.12.4
  source:             v0.12.4-1-ge3cd911-dirty
  source branch:      master
  source commit:      e3cd911
  source commit at:   2019-02-07 10:22:13 +0800
  build float prec:   double
  build with tf inc:  /sharedext4/local/tensorflow/r1.8.gpu.cc/include
  build with tf lib:  /sharedext4/local/tensorflow/r1.8.gpu.cc/lib/libtensorflow_cc.so;/sharedext4/local/tensorflow/r1.8.gpu.cc/lib/libtensorflow_framework.so
  >>> Info of model(s):
  using   4 model(s): ../graph.002.pb ../graph.003.pb ../graph.000.pb ../graph.001.pb 
  rcut in model:      5
  ntypes in model:    2
Neighbor list info ...
  update every 1 steps, delay 10 steps, check yes
  max neighbors/atom: 2000, page size: 100000
  master list distance cutoff = 6
  ghost atom cutoff = 6
  binsize = 3, bins = 4 4 4
  1 neighbor lists, perpetual/occasional/extra = 1 0 0
  (1) pair deepmd, perpetual
      attributes: , newton on
      pair build: full/bin/atomonly
      stencil: full/bin/3d
      bin: standard
Setting up Verlet run ...
  Unit style    : metal
  Current step  : 0
  Time step     : 0.002
Per MPI rank memory allocation (min/avg/max) = 3.949 | 3.949 | 3.949 Mbytes
Step Temp PotEng KinEng TotEng Press Volume Lx Ly Lz Xy Xz Yz 
       0          100   -23.965031  0.051704058   -23.913327    1438.4235      959.817     9.755889      9.72958    10.111777   -0.0443262   -0.1697095    0.0391931 
      10    73.325747   -23.958088  0.037912387   -23.920176    915.33029    963.48153     9.768289    9.7419466     10.12463  -0.04438254  -0.16992521  0.039242916 
      20    143.06153   -23.998827  0.073968617   -23.924858    181.03864    967.06196    9.7803742    9.7539991    10.137156 -0.044437449  -0.17013543  0.039291466 
      30    96.743051   -23.967884  0.050020083   -23.917864    -542.4643    970.46866    9.7918453    9.7654393    10.149045 -0.044489569  -0.17033498   0.03933755 
      40    101.89612   -23.962876  0.052684428   -23.910192   -1129.2361    973.64392    9.8025129    9.7760782    10.160102 -0.044538037  -0.17052055  0.039380406 
      50    58.030509   -23.930147  0.030004128   -23.900143    -1534.924    976.53559    9.8122076    9.7857467     10.17015 -0.044582085   -0.1706892  0.039419353 
      60    54.262412   -23.921468  0.028055869   -23.893412   -1656.9659    979.08678     9.820745    9.7942611    10.178999 -0.044620875  -0.17083771  0.039453651 
      70    100.75443    -23.94218  0.052094128   -23.890086   -1426.0168    981.26257    9.8280143    9.8015108    10.186534 -0.044653904  -0.17096416  0.039482855 
      80    106.67553   -23.942016   0.05515558    -23.88686   -916.71457    983.10375    9.8341574    9.8076373    10.192901 -0.044681815  -0.17107103  0.039507534 
      90    201.55966   -23.987128   0.10421452   -23.882914   -138.18747    984.63159    9.8392492    9.8127154    10.198178  -0.04470495   -0.1711596  0.039527989 
     100    120.98855   -23.921143  0.062555992   -23.858587    859.83644    985.91643     9.843527    9.8169817    10.202612 -0.044724386  -0.17123402  0.039545175 
     110    206.32731   -23.941162   0.10667959   -23.834482    1602.3515    987.14097    9.8476007    9.8210443    10.206835 -0.044742895  -0.17130488   0.03956154 
     120    134.27623   -23.890906  0.069426257   -23.821479    2000.6183    988.42818    9.8518792    9.8253113    10.211269 -0.044762334  -0.17137931  0.039578729 
     130    251.78038   -23.949824   0.13018067   -23.819643    1814.4098    989.91024    9.8568007    9.8302196     10.21637 -0.044784696  -0.17146492  0.039598501 
     140    163.37574   -23.891317  0.084471889   -23.806845    1295.1694    991.53486      9.86219    9.8355944    10.221956 -0.044809182  -0.17155867  0.039620151 
     150    177.53436   -23.910991  0.091792467   -23.819199    441.49213    993.19627    9.8676953    9.8410848    10.227662 -0.044834196  -0.17165444  0.039642268 
     160    185.05892   -23.937216  0.095682969   -23.841533   -570.28759     994.8296    9.8731015    9.8464764    10.233266 -0.044858759  -0.17174848  0.039663987 
     170    136.25258   -23.926386  0.070448111   -23.855938   -1242.1268    996.16906    9.8775307    9.8508936    10.237856 -0.044878883  -0.17182553  0.039681781 
     180    135.59993   -23.945931  0.070110666    -23.87582    -1627.537    997.18675    9.8808932    9.8542471    10.241342 -0.044894161  -0.17188402  0.039695289 
     190    71.151893   -23.928847  0.036788416   -23.892058   -1565.4797    997.78353    9.8828639    9.8562125    10.243384 -0.044903115   -0.1719183  0.039703206 
     200    107.47433   -23.961768  0.055568588   -23.906199   -1213.7399    998.05297    9.8837534    9.8570996    10.244306 -0.044907156  -0.17193378   0.03970678 
     210    64.912801   -23.946487  0.033562552   -23.912924   -765.84704    998.04314     9.883721    9.8570672    10.244272 -0.044907009  -0.17193321  0.039706649 
     220    126.08742   -23.984116  0.065192313   -23.918923   -181.58217    997.76378    9.8827987    9.8561474    10.243317 -0.044902818  -0.17191717  0.039702944 
     230    74.752496   -23.956954  0.038650074   -23.918304    475.91178    997.22533    9.8810206    9.8543741    10.241474 -0.044894739  -0.17188624  0.039695801 
     240    98.200327   -23.969715  0.050773554   -23.918941    964.96019    996.53473    9.8787391    9.8520988    10.239109 -0.044884374  -0.17184655  0.039686635 
     250    59.545897    -23.94365  0.030787645   -23.912863    1319.5847    995.68035    9.8759151    9.8492825    10.236182 -0.044871543  -0.17179743   0.03967529 
     260    63.163553   -23.943828   0.03265812    -23.91117    1381.9243    994.72958    9.8727706    9.8461464    10.232923 -0.044857256  -0.17174273  0.039662658 
     270    89.676143   -23.960255  0.046366205   -23.913889     1073.129    993.67199    9.8692705    9.8426557    10.229295 -0.044841353  -0.17168184  0.039648596 
     280    89.392157   -23.963607  0.046219373   -23.917388    566.15244    992.42905    9.8651538    9.8385501    10.225028 -0.044822648  -0.17161023  0.039632058 
     290    139.92763   -23.992169  0.072348265   -23.919821   -76.652528     990.9301    9.8601845    9.8335943    10.219877  -0.04480007  -0.17152378  0.039612095 
     300    81.690713   -23.951915  0.042237413   -23.909678   -740.43465    989.10848    9.8541389    9.8275649    10.213611 -0.044772601  -0.17141861  0.039587807 
     310    114.69614   -23.960072  0.059302559   -23.900769   -1221.1181    986.82995    9.8465663    9.8200128    10.205762 -0.044738195  -0.17128689  0.039557385 
     320    36.655431   -23.908171  0.018952346   -23.889218   -1418.2773     984.0078    9.8371709    9.8106427    10.196024 -0.044695507  -0.17112345   0.03951964 
     330    100.32791    -23.93692  0.051873599   -23.885047   -1390.5539    980.57931    9.8257327    9.7992353    10.184169 -0.044643537  -0.17092447  0.039473689 
     340    94.337331   -23.931811  0.048776228   -23.883034    -977.0253    976.46251    9.8119629    9.7855026    10.169897 -0.044580973  -0.17068494   0.03941837 
     350    170.97494   -23.973666  0.088400981   -23.885265   -298.88355    971.66702     9.795874    9.7694572    10.153221 -0.044507873  -0.17040506  0.039353735 
     360     180.9318   -23.977701  0.093549082   -23.884152    557.76105    966.23744    9.7775938    9.7512263    10.134274 -0.044424816  -0.17008707  0.039280296 
     370    141.51084   -23.941896  0.073166849   -23.868729    1485.4962     960.2013    9.7571909    9.7308784    10.113127 -0.044332115  -0.16973215   0.03919833 
     380    130.00178   -23.913745  0.067216197   -23.846529    2106.3931    953.67505    9.7350348    9.7087821    10.090162 -0.044231448  -0.16934673  0.039109321 
     390    66.075277   -23.871069    0.0341636   -23.836906    2118.8838    946.70211    9.7112504    9.6850618     10.06551 -0.044123383  -0.16893298   0.03901377 
     400    190.77232   -23.954253  0.098637034   -23.855616    1457.3293    939.27421    9.6857853    9.6596653    10.039116 -0.044007681     -0.16849  0.038911467 
     410    152.06773   -23.943489  0.078625187   -23.864864    435.82071    931.20373    9.6579645    9.6319196    10.010281 -0.043881277  -0.16800605    0.0387997 
     420    223.27874   -23.986898   0.11544417   -23.871453   -747.88374    922.34579    9.6272436    9.6012815     9.978439 -0.043741695  -0.16747164  0.038676283 
     430    101.33819   -23.923423  0.052395955   -23.871027   -1575.3667    912.44613    9.5926761    9.5668073    9.9426105 -0.043584637  -0.16687031  0.038537412 
     440    102.65441   -23.932551  0.053076495   -23.879475   -2017.8406    901.43317    9.5539262    9.5281618     9.902447 -0.043408575  -0.16619624  0.038381739 
     450    60.422689   -23.924698  0.031240982   -23.893457   -2063.3884     889.2693    9.5107581    9.4851102    9.8577042  -0.04321244   -0.1654453  0.038208316 
     460    75.035526   -23.947969  0.038796412   -23.909173   -1686.2926    875.99502    9.4631978    9.4376781    9.8084089 -0.042996348  -0.16461796  0.038017248 
     470    92.676243   -23.971687  0.047917378    -23.92377   -1035.5991    861.69301    9.4114144    9.3860343    9.7547364 -0.042761068  -0.16371716  0.037809215 
     480    78.442332   -23.972549  0.040557869   -23.931991   -277.96552    846.47128    9.3556675    9.3304378     9.696956 -0.042507781  -0.16274741  0.037585259 
     490    94.817486   -23.983801  0.049024488   -23.934776    528.84619    830.39614    9.2960648    9.2709959    9.6351791 -0.042236974  -0.16171058  0.037345812 
     500    43.581401   -23.953568  0.022533353   -23.931035    1250.2554    813.56933    9.2328453    9.2079468    9.5696533 -0.041949734  -0.16061084  0.037091835 
     510    76.463251   -23.970593  0.039534604   -23.931058    1685.1741    796.09289    9.1662554    9.1415365    9.5006342  -0.04164718  -0.15945247  0.036824319 
     520    35.239987   -23.950126  0.018220504   -23.931905    1862.3341    778.03698    9.0964258    9.0718952    9.4282574 -0.041329908  -0.15823775  0.036543787 
     530    88.132966   -23.983412   0.04556832   -23.937844    1694.5092     759.4881    9.0235555    8.9992214    9.3527288 -0.040998819  -0.15697012  0.036251039 
     540      72.8447   -23.975505  0.037663666   -23.937841    1203.3922    740.51309    8.9477728    8.9236431    9.2741816 -0.040654498  -0.15565184  0.035946591 
     550    98.779363   -23.984316  0.051072939   -23.933243    511.37869    721.14772    8.8690843    8.8451667    9.1926225 -0.040296974    -0.154283   0.03563047 
     560    76.267163   -23.963934  0.039433218   -23.924501   -280.98053    701.44269    8.7875559    8.7638583    9.1081201 -0.039926547  -0.15286477  0.035302939 
     570    58.962521   -23.944154  0.030486016   -23.913668   -1104.5341    681.44712    8.7032493     8.679779     9.020738 -0.039543497  -0.15139821  0.034964248 
     580    68.088619   -23.938669  0.035204579   -23.903464   -1793.6249    661.20317    8.6161982    8.5929626    8.9305113 -0.039147978   -0.1498839   0.03461453 
     590    65.722035   -23.928873  0.033980959   -23.894892   -2207.7376    640.74294    8.5263923     8.503399    8.8374294 -0.038739942  -0.14832167  0.034253746 
     600    160.98943   -23.974241  0.083238066   -23.891003   -2142.3359    620.13418    8.4339805    8.4112364    8.7416465 -0.038320066  -0.14671411  0.033882493 
     610     113.4622   -23.942106  0.058664562   -23.883442   -1504.4042    599.47453    8.3392619    8.3167732    8.6434726 -0.037889709  -0.14506643  0.033501973 
     620    162.33204   -23.952604  0.083932254   -23.868671   -546.81966    578.91208    8.2428028    8.2205742    8.5434947 -0.037451443  -0.14338846   0.03311446 
     630    78.958698   -23.893106  0.040824851   -23.852281    426.74986    558.55721    8.1450407    8.1230757    8.4421663 -0.037007258  -0.14168783  0.032721712 
     640    186.37583   -23.964597  0.096363869   -23.868233    549.58961    538.55505    8.0466307    8.0249311    8.3401664 -0.036560129  -0.13997593  0.032326362 
     650    162.25204   -23.955356  0.083890888   -23.871465    650.84007    518.88519    7.9474499    7.9260177    8.2373675 -0.036109498  -0.13825062  0.031927915 
     660     147.3347   -23.937704  0.076178021   -23.861526    831.16783    499.58839    7.8476836    7.8265205    8.1339618 -0.035656206  -0.13651513  0.031527116 
     670     104.8523   -23.911756  0.054212893   -23.857543    801.31261    480.71423    7.7475852    7.7266921     8.030212 -0.035201406  -0.13477386  0.031124983 
     680    92.632267   -23.917288  0.047894641   -23.869393    791.83223    462.25069    7.6470963    7.6264742    7.9260573 -0.034744832   -0.1330258  0.030721281 
     690    173.27349   -23.969871  0.089589423   -23.880281    406.58739    444.25433    7.5465408    7.5261898    7.8218336 -0.034287954  -0.13127657  0.030317312 
     700    119.88324    -23.94432  0.061984499   -23.882335    328.53943    426.71117    7.4458687    7.4257892     7.717489 -0.033830548  -0.12952532  0.029912874 
     710    140.22267   -23.954691  0.072500811   -23.882191    756.12691    409.65158    7.3452894    7.3254812    7.6132407 -0.033373562  -0.12777568  0.029508809 
     720    49.098488   -23.903973  0.025385911   -23.878588    983.72022    393.11449    7.2450889    7.2255509    7.5093849 -0.032918298  -0.12603264  0.029106266 
     730    122.97848   -23.948125  0.063584865    -23.88454    1072.3664    377.10717     7.145385    7.1261158    7.4060439  -0.03246529  -0.12429823  0.028705717 
     740     109.3112   -23.951293  0.056518324   -23.894775    1160.9897    361.62894    7.0462562    7.0272544    7.3032989 -0.032014895  -0.12257382  0.028307479 
     750    143.36635   -23.981014   0.07412622   -23.906888    1158.5538    346.70782    6.9479803    6.9292435     7.201438 -0.031568375  -0.12086426  0.027912668 
     760    103.91738   -23.954709  0.053729505    -23.90098    1224.4055    332.34596    6.8506877    6.8322133    7.1005962 -0.031126323  -0.11917179  0.027521806 
     770    66.203927   -23.930238  0.034230117   -23.896008    748.22542    318.56585    6.7546644    6.7364489      7.00107 -0.030690038  -0.11750141  0.027136044 
     780    97.994368    -23.95473  0.050667065   -23.904063   -801.39725    305.36886    6.6600725    6.6421121    6.9030275 -0.030260257  -0.11585593  0.026756033 
     790    78.604867   -23.953276  0.040641906   -23.912634   -2769.8166    292.71924    6.5668101    6.5491012    6.8063629 -0.029836516  -0.11423357  0.026381363 
     800    130.51357   -23.982598  0.067480812   -23.915117   -4478.4455    280.58901    6.4748183    6.4573575    6.7110154 -0.029418548  -0.11263332  0.026011797 
     810    61.551237   -23.941525  0.031824487     -23.9097   -5551.3097    268.96099    6.3841115    6.3668953    6.6169997 -0.029006419  -0.11105542  0.025647393 
     820    96.829159   -23.959811  0.050064604   -23.909747   -5471.1335    257.81508    6.2946774    6.2777023     6.524303 -0.028600072  -0.10949966  0.025288102 
     830    46.118588    -23.93278  0.023845182   -23.908935   -3777.9915    247.34177    6.2082594    6.1915174    6.4347326 -0.028207429  -0.10799637  0.024940929 
     840    81.093563   -23.952143  0.041928663   -23.910214   -1306.4847    238.69268    6.1350354    6.1184908    6.3588374 -0.027874733  -0.10672259   0.02464676 
     850    74.463888   -23.950437  0.038500852   -23.911937    1641.6304    233.74602    6.0923584     6.075929    6.3146036 -0.027680829   -0.1059802   0.02447531 
     860    89.746781   -23.962198  0.046402727   -23.915795    4505.5358    233.41162    6.0894517    6.0730301    6.3115908 -0.027667623  -0.10592964  0.024463633 
     870    104.58256   -23.973175  0.054073428   -23.919102    6188.1521    237.18913    6.1221265    6.1056168    6.3454576 -0.027816081  -0.10649804    0.0245949 
     880    63.792947   -23.948784  0.032983542     -23.9158    7144.6175    243.64033    6.1771351     6.160477    6.4024728 -0.028066015  -0.10745494   0.02481589 
     890     92.25019   -23.959233  0.047697092   -23.911536    7274.2842    251.47949     6.242687    6.2258521     6.470416 -0.028363852  -0.10859526  0.025079237 
     900    60.140705    -23.93909  0.031095185   -23.907994    6037.7093    260.00657    6.3124625    6.2954395    6.5427369 -0.028680879  -0.10980905  0.025359552 
     910    118.79673   -23.971939  0.061422731   -23.910517    3862.4791    268.95643    6.3840755    6.3668594    6.6169623 -0.029006255   -0.1110548  0.025647249 
     920     101.6658   -23.963576  0.052565343    -23.91101    1257.1686    278.58684     6.459381    6.4419618    6.6950149 -0.029348408  -0.11236478  0.025949779 
     930     141.7279   -23.980721  0.073279074   -23.907442   -1684.7101    289.32803    6.5413523     6.523712    6.7799764 -0.029720848  -0.11379072  0.026279089 
     940    95.276964    -23.94574  0.049262057   -23.896478   -4244.4377    301.18116    6.6294877    6.6116098     6.871327 -0.030121294  -0.11532389  0.026633162 
     950    94.830634   -23.933627  0.049031286   -23.884596   -5994.4142    313.77087     6.720603    6.7024794    6.9657661 -0.030535279  -0.11690889  0.026999207 
     960    82.870266   -23.918138   0.04284729    -23.87529   -6489.3888    326.68956    6.8115998    6.7932308    7.0600824 -0.030948726  -0.11849184  0.027364776 
     970    85.358516   -23.916521  0.044133817   -23.872388   -5821.8739    339.82913    6.9017237    6.8831116     7.153494 -0.031358207   -0.1200596  0.027726837 
     980    151.56181   -23.953028  0.078363608   -23.874665   -4018.7753    353.15673    6.9907945    6.9719422     7.245814 -0.031762903  -0.12160903  0.028084668 
     990    142.31612   -23.950221   0.07358321   -23.876638   -1317.2173    366.66052    7.0787855     7.059696    7.3370149 -0.032162693  -0.12313969  0.028438162 
    1000    193.67183   -23.973065    0.1001362   -23.872928    1301.6907    380.35745    7.1658549    7.1465306    7.4272605 -0.032558296  -0.12465431  0.028787952 
    1010    117.74639   -23.923954  0.060879662   -23.863074     3642.856    394.25237    7.2520726    7.2325157    7.5166233 -0.032950028  -0.12615412  0.029134321 
    1020    142.06753   -23.927242   0.07345468   -23.853787    5032.4364    408.37373     7.337644    7.3178563    7.6053163 -0.033338825  -0.12764269  0.029478094 
    1030    75.328415   -23.895867  0.038947847   -23.856919    4840.0771    422.75458    7.4227838    7.4027665     7.693562  -0.03372566  -0.12912374  0.029820133 
    1040    150.19508    -23.95239  0.077656954   -23.874733    3656.9447    437.33593    7.5071615    7.4869167    7.7810177 -0.034109033  -0.13059155   0.03015911 
    1050    144.95709   -23.967976  0.074948698   -23.893027    1966.6973    452.05721    7.5904671    7.5699977    7.8673623 -0.034487535   -0.1320407   0.03049378 
    1060    141.20123   -23.975714  0.073006763   -23.902707   -2.1613921    466.85822    7.6724201    7.6517296    7.9523048 -0.034859891  -0.13346632  0.030823017 
    1070    112.96638   -23.968073  0.058408202   -23.909665    -1458.121    481.63437    7.7525254    7.7316189    8.0353323 -0.035223852   -0.1348598   0.03114483 
    1080    53.262828   -23.942258  0.027539044   -23.914719   -2330.5764     496.3249    7.8305583    7.8094414    8.1162118 -0.035578397  -0.13621723  0.031458317 
    1090    54.231019   -23.949913  0.028039637   -23.921873   -2770.2049    510.90316    7.9064871    7.8851655    8.1949105 -0.035923382  -0.13753805  0.031763352 
    1100    26.351637   -23.942143  0.013624866   -23.928518   -2620.7201    525.33217    7.9802293    7.9587087    8.2713427 -0.036258432  -0.13882084  0.032059602 
    1110    72.227285   -23.974681  0.037344437   -23.937336   -2085.7829    539.61151    8.0518889    8.0301751    8.3456164  -0.03658402   -0.1400674  0.032347486 
    1120    56.993939   -23.972646   0.02946818   -23.943177   -1293.3898    553.73849    8.1215504    8.0996487    8.4178191 -0.036900529  -0.14127921  0.032627343 
    1130    100.43637   -24.000725  0.051929681   -23.948795   -300.86144    567.70448    8.1892629    8.1671786    8.4880017 -0.037208183  -0.14245711   0.03289937 
    1140    72.552875   -23.984658   0.03751278   -23.947145    777.07348    581.51471    8.2551368    8.2328749    8.5562786 -0.037507483  -0.14360302   0.03316401 
    1150    74.057275   -23.979772  0.038290616   -23.941481    1668.2301    595.19656    8.3193777    8.2969426     8.622863 -0.037799364  -0.14472053   0.03342209 
    1160    48.039219   -23.956144  0.024838226   -23.931305    2281.3721    608.76101    8.3821027    8.3594985    8.6878762 -0.038084357  -0.14581167   0.03367408 
    1170    33.060494    -23.93983  0.017093617   -23.922736    2502.0625    622.22012    8.4434264    8.4206567    8.7514369 -0.038362983  -0.14687843  0.033920441 
    1180    56.791999   -23.950566  0.029363768   -23.921202    2185.3263    635.58959    8.5034722    8.4805406    8.8136732 -0.038635803  -0.14792296  0.034161667 
    1190     63.00732   -23.955848  0.032577341    -23.92327     1455.646     648.8467    8.5621876    8.5390976    8.8745304 -0.038902579  -0.14894435  0.034397549 
    1200    123.80819   -23.990788  0.064013856   -23.926774    432.85366    661.96888    8.6195229    8.5962784    8.9339573 -0.039163084  -0.14994173  0.034627887 
    1210    97.977176    -23.97402  0.050658176   -23.923362   -729.39571     674.9098    8.6753289    8.6519339    8.9917991  -0.03941664  -0.15091251  0.034852081 
    1220    130.72324    -23.98419  0.067589222     -23.9166   -1737.8569    687.60021     8.729366    8.7058253    9.0478074 -0.039662159  -0.15185252  0.035069168 
    1230    64.334962   -23.940173  0.033263786   -23.906909   -2394.5078    699.97016    8.7814024    8.7577213    9.1017421 -0.039898588  -0.15275773  0.035278218 
    1240     83.54549   -23.944937  0.043196409    -23.90174   -2694.4047    711.98185    8.8313482    8.8075325    9.1535099 -0.040125519  -0.15362656   0.03547887 
    1250    56.655436   -23.928432   0.02929316   -23.899139   -2442.1505    723.57577     8.879027    8.8550826    9.2029279 -0.040342149  -0.15445596  0.035670413 
    1260    87.090118   -23.946359  0.045029125    -23.90133    -1797.807    734.75809    8.9245329    8.9004659    9.2500939 -0.040548907  -0.15524757  0.035853228 
    1270    110.21194   -23.960978  0.056984046   -23.903994   -881.98167     745.5465    8.9680003     8.943816     9.295147 -0.040746402  -0.15600371  0.036027853 
    1280    112.67781   -23.964259  0.058259002      -23.906    249.96552    755.96796    9.0095929    8.9852964    9.3382568 -0.040935379  -0.15672723  0.036194946 
    1290    141.95313   -23.978705   0.07339553    -23.90531    1278.6674    766.09611    9.0496501    9.0252457    9.3797753 -0.041117381  -0.15742405  0.036355871 
    1300    90.086514   -23.946883  0.046578384   -23.900305    2087.2517    775.97658     9.088389    9.0638801    9.4199274 -0.041293392  -0.15809794    0.0365115 
    1310    120.12107   -23.956368  0.062107467    -23.89426    2592.7502    785.64537    9.1259809    9.1013706    9.4588906 -0.041464192  -0.15875187  0.036662521 
    1320    53.443474   -23.915257  0.027632445   -23.887625    2590.7327    795.16804    9.1627044    9.1379951    9.4969537 -0.041631046   -0.1593907  0.036810053 
    1330    120.43109   -23.951918  0.062267762    -23.88965    2100.8438    804.53928    9.1985588    9.1737527     9.534116 -0.041793952  -0.16001441  0.036954093 
    1340    91.987514   -23.941865  0.047561278   -23.894304    1329.8026    813.70863    9.2333723    9.2084723    9.5701995 -0.041952128  -0.16062001  0.037093952 
    1350    142.24239   -23.973786  0.073545087   -23.900241    252.00633    822.65638    9.2670931    9.2421023    9.6051505  -0.04210534   -0.1612066  0.037229422 
    1360    122.30952   -23.963988  0.063238986   -23.900749   -803.66197    831.31096    9.2994773    9.2743991     9.638716 -0.042252479  -0.16176995  0.037359521 
    1370    106.08893   -23.952447  0.054852282   -23.897594   -1629.7311    839.58054    9.3302116    9.3050505    9.6705714 -0.042392121  -0.16230459  0.037482993 
    1380    99.795679   -23.946899  0.051598416   -23.895301   -2195.8606    847.44245    9.3592441    9.3340048    9.7006631 -0.042524031  -0.16280963  0.037599627 
    1390    73.483082   -23.934457  0.037993735   -23.896463   -2311.1919    854.80616    9.3862745    9.3609623    9.7286795 -0.042646845  -0.16327984  0.037708219 
    1400    106.38557   -23.959162  0.055005659   -23.904156   -1975.9575    861.68984    9.4114028    9.3860228    9.7547245 -0.042761016  -0.16371696  0.037809168 
    1410    59.554521   -23.940618  0.030792104   -23.909826    -1395.402    868.13676    9.4348156    9.4093725    9.7789914 -0.042867393  -0.16412424  0.037903227 
    1420    103.33586   -23.971135  0.053428831   -23.917706   -658.46035    874.20321    9.4567412    9.4312389    9.8017168 -0.042967012  -0.16450565   0.03799131 
    1430    54.514351   -23.948211  0.028186132   -23.920024    138.87004     879.9163     9.477297    9.4517393    9.8230225 -0.043060408  -0.16486323   0.03807389 
    1440    94.902465   -23.976231  0.049068426   -23.927163    715.91304    885.38512    9.4968908    9.4712802     9.843331 -0.043149433  -0.16520407  0.038152606 
    1450    68.244759   -23.967696   0.03528531    -23.93241    1162.5455    890.59599    9.5154854    9.4898247     9.862604 -0.043233918  -0.16552754  0.038227308 
    1460    83.351985    -23.98079  0.043096359   -23.937694    1383.6445    895.61525    9.5333279    9.5076191    9.8810973 -0.043314986  -0.16583792  0.038298988 
    1470    69.761232   -23.974545  0.036069388   -23.938476    1323.8284    900.46247    9.5504956    9.5247405    9.8988913 -0.043392988  -0.16613656  0.038367957 
    1480    57.545712   -23.965048  0.029753468   -23.935295    1154.9521    905.09262    9.5668371    9.5410379    9.9158289 -0.043467236  -0.16642083  0.038433607 
    1490    66.022827   -23.969279  0.034136481   -23.935143    862.08013    909.49006    9.5823057    9.5564648    9.9318618 -0.043537519  -0.16668992   0.03849575 
    1500    37.424527   -23.952873  0.019349999   -23.933523    426.47529    913.66293    9.5969384     9.571058    9.9470283 -0.043604003  -0.16694446  0.038554535 
    1510    73.839169    -23.97228  0.038177847   -23.934102   -4.3501702    917.57194    9.6106054    9.5846882    9.9611938 -0.043666099   -0.1671822  0.038609441 
    1520    49.456981    -23.95781  0.025571266   -23.932239   -421.80317    921.20488    9.6232724    9.5973211     9.974323 -0.043723652  -0.16740256  0.038660329 
    1530    110.97446   -23.986674  0.057378298   -23.929295   -825.90254    924.55038    9.6349078    9.6089251    9.9863828 -0.043776518  -0.16760496  0.038707073 
    1540    91.216323   -23.970323  0.047162541    -23.92316   -945.56721    927.52965    9.6452459    9.6192353     9.997098  -0.04382349   -0.1677848  0.038748605 
    1550    115.73023   -23.971277  0.059837224    -23.91144   -899.73898    930.19318    9.6544696    9.6284341    10.006658 -0.043865398  -0.16794525   0.03878566 
    1560    60.010018     -23.9209  0.031027614   -23.889873   -754.95817    932.58081     9.662723    9.6366652    10.015213 -0.043902897  -0.16808882  0.038818817 
    1570    70.461773   -23.910963  0.036431596   -23.874531   -530.56525    934.69241    9.6700104     9.643933    10.022766 -0.043936008  -0.16821559  0.038848093 
    1580    136.08869   -23.945638  0.070363375   -23.875274   -576.45775    936.62315    9.6766641    9.6505688    10.029662 -0.043966239  -0.16833134  0.038874824 
    1590    168.32892    -23.96853  0.087032883   -23.881498   -571.30606    938.28992    9.6824007    9.6562899    10.035608 -0.043992304  -0.16843113   0.03889787 
    1600    200.47614   -23.974406    0.1036543   -23.870751   -261.15798    939.68081    9.6871827     9.661059    10.040565 -0.044014031  -0.16851431  0.038917081 
    1610    78.819021    -23.89623  0.040752632   -23.855478    81.739371    940.85284    9.6912085    9.6650739    10.044737 -0.044032322  -0.16858434  0.038933254 
    1620    117.03835   -23.913273  0.060513575    -23.85276    420.54265    941.83167    9.6945681    9.6684245    10.048219 -0.044047587  -0.16864279  0.038946751 
    1630    112.97281   -23.925811  0.058411525     -23.8674    463.38964     942.6645    9.6974248    9.6712735     10.05118 -0.044060566  -0.16869248  0.038958227 
    1640     200.2332   -23.984013   0.10352869   -23.880485    436.60309    943.35203    9.6997818    9.6736241    10.053623 -0.044071275  -0.16873348  0.038967696 
    1650    128.05867   -23.947675  0.066211527   -23.881463    650.24755    943.79302    9.7012931    9.6751313     10.05519 -0.044078142  -0.16875977  0.038973767 
    1660    102.10541   -23.932093  0.052792638   -23.879301    734.04601    944.09248     9.702319    9.6761545    10.056253 -0.044082803  -0.16877762  0.038977889 
    1670    68.592667   -23.917538  0.035465193   -23.882072     687.1011     944.2372    9.7028147    9.6766489    10.056767 -0.044085055  -0.16878624  0.038979881 
    1680    89.767068   -23.943047  0.046413217   -23.896634    461.56816    944.22814    9.7027837    9.6766179    10.056735 -0.044084914   -0.1687857  0.038979756 
    1690    149.28639   -23.988218  0.077187122   -23.911031    118.98298    944.05843    9.7022024    9.6760381    10.056132 -0.044082273  -0.16877559   0.03897742 
    1700    109.19689    -23.97381  0.056459222    -23.91735   -105.17446    943.66075    9.7008398    9.6746793     10.05472 -0.044076082  -0.16875189  0.038971947 
    1710    119.65073   -23.974461  0.061864283   -23.912596   -246.37235    943.05645    9.6987686    9.6726137    10.052573 -0.044066672  -0.16871586  0.038963626 
    1720    37.012095     -23.9244  0.019136755   -23.905263   -369.76262    942.25067    9.6960056    9.6698581    10.049709 -0.044054118  -0.16866779  0.038952526 
    1730    67.219061   -23.939957  0.034754982   -23.905202   -530.41951    941.24628    9.6925592     9.666421    10.046137 -0.044038459  -0.16860784   0.03893868 
    1740    57.334513   -23.940636   0.02964427   -23.910992   -708.40138    940.04388    9.6884302    9.6623031    10.041858 -0.044019699  -0.16853601  0.038922092 
    1750    109.72926   -23.974965  0.056734479   -23.918231   -855.95098    938.62087     9.683539    9.6574251    10.036788 -0.043997475  -0.16845093  0.038902443 
    1760    108.69689   -23.975374  0.056200704   -23.919173   -837.45947    936.95438    9.6778047    9.6517062    10.030844 -0.043971421  -0.16835118  0.038879406 
    1770    106.59891   -23.972957  0.055115961   -23.917841   -583.83964     935.0083    9.6710997    9.6450193    10.023895 -0.043940957  -0.16823454  0.038852469 
    1780     98.91267   -23.964436  0.051141864   -23.913294   -162.58123    932.82107    9.6635527    9.6374927    10.016073 -0.043906667  -0.16810325   0.03882215 
    1790    52.399276   -23.933534  0.027092552   -23.906442    307.98271    930.40993    9.6552195    9.6291819    10.007435 -0.043868805  -0.16795829  0.038788672 
    1800    94.891145   -23.953156  0.049062573   -23.904093     759.7734    927.80679    9.6462064    9.6201932    9.9980936 -0.043827854  -0.16780151  0.038752464 
    1810    64.398795   -23.936664   0.03329679   -23.903367    1128.5842    925.04007    9.6366086    9.6106212    9.9881456 -0.043784245  -0.16763455  0.038713905 
    1820    130.54023    -23.97827  0.067494594   -23.910775    1321.3058    922.16432    9.6266121    9.6006518    9.9777845 -0.043738826  -0.16746065  0.038673746 
    1830    88.148445   -23.953302  0.045576323   -23.907726    1464.8981    919.15274    9.6161213    9.5901892     9.966911 -0.043691161  -0.16727816    0.0386316 
    1840    115.88757   -23.960318  0.059918578     -23.9004    1311.3731    916.09679    9.6054524    9.5795491    9.9558529 -0.043642686  -0.16709257  0.038588739 
    1850    80.653874   -23.938053  0.041701326   -23.896351    778.31081    913.00972    9.5946507    9.5687766    9.9446572 -0.043593609  -0.16690466  0.038545345 
    1860    111.28082   -23.957137  0.057536699     -23.8996    25.354371    909.82424    9.5834792    9.5576351    9.9330781  -0.04354285  -0.16671033  0.038500465 
    1870    127.33043   -23.967991  0.065835001   -23.902156   -931.98997    906.49892    9.5717894    9.5459769    9.9209619 -0.043489737  -0.16650698  0.038453502 
    1880    102.96547   -23.946398  0.053237325   -23.893161   -1808.0712    902.92394      9.55919    9.5334114    9.9079028 -0.043432492   -0.1662878  0.038402886 
    1890    118.56447   -23.946694  0.061302643   -23.885392   -2281.8394    898.99115    9.5452911      9.51955    9.8934969 -0.043369341  -0.16604602  0.038347048 
    1900    55.193798   -23.906545  0.028537433   -23.878008   -2409.2308    894.69501    9.5300616    9.5043616    9.8777119 -0.043300146   -0.1657811  0.038285866 
    1910    122.35412   -23.942386  0.063262044   -23.879124   -2096.7719    889.98831    9.5133207    9.4876658    9.8603603 -0.043224083  -0.16548988  0.038218611 
    1920    107.78575   -23.937173  0.055729609   -23.881444    -1246.742    884.85128    9.4949817    9.4693763    9.8413523 -0.043140759  -0.16517086  0.038144937 
    1930    201.92939   -23.988355   0.10440569    -23.88395   -206.97388    879.37835    9.4753653    9.4498128    9.8210202 -0.043051631  -0.16482962   0.03806613 
    1940    145.00409   -23.954661  0.074973001   -23.879688    1061.1754    873.61228    9.4546099    9.4291134    9.7995077 -0.042957329  -0.16446857  0.037982748 
    1950    145.21739   -23.941173  0.075083284   -23.866089    2230.6371    867.67885    9.4331565    9.4077179    9.7772718 -0.042859855  -0.16409538  0.037896561 
    1960    86.219131   -23.896751   0.04457879   -23.852172    2877.2446    861.70695    9.4114651    9.3860849     9.754789 -0.042761299  -0.16371804  0.037809419 
    1970    89.245897   -23.895769   0.04614375   -23.849625    3004.3263    855.69966    9.3895438    9.3642227     9.732068 -0.042661698  -0.16333671  0.037721352 
    1980     148.3883   -23.944896  0.076722775   -23.868173    2381.8595    849.69062    9.3675131    9.3422515    9.7092338 -0.042561602  -0.16295347  0.037632847 
    1990    151.31797   -23.963516  0.078237534   -23.885278    1246.3611    843.58189    9.3450103    9.3198094    9.6859101 -0.042459359  -0.16256202  0.037542445 
    2000    195.64188   -23.997548   0.10115479   -23.896394      5.03244    837.22973    9.3214953    9.2963577    9.6615372 -0.042352518  -0.16215296  0.037447976 
    2010    108.88185   -23.951997  0.056296332   -23.895701   -1219.9894    830.54688    9.2966273    9.2715568     9.635762 -0.042239529  -0.16172037  0.037348072 
    2020    113.52907   -23.956061  0.058699137   -23.897362   -2100.2792    823.40582    9.2699064    9.2449079    9.6080664 -0.042118122  -0.16125554  0.037240724 
    2030    33.871777   -23.917712  0.017513083   -23.900199   -2466.2876    815.71664    9.2409612    9.2160408    9.5780652 -0.041986609  -0.16075202   0.03712444 
    2040    64.788629   -23.941417   0.03349835   -23.907919   -2495.5022     807.5029    9.2098396    9.1850032    9.5458084 -0.041845207  -0.16021065  0.036999413 
    2050    49.726797   -23.943956  0.025710772   -23.918246   -2048.3608    798.73912    9.1764004    9.1516541    9.5111493 -0.041693275  -0.15962895  0.036865075 
    2060    92.688136   -23.977273  0.047923528    -23.92935   -1283.1696    789.47082    9.1407689    9.1161188    9.4742181 -0.041531382  -0.15900912   0.03672193 
    2070    96.781613   -23.986476  0.050040021   -23.936436    -379.2667    779.72313    9.1029923     9.078444    9.4350634 -0.041359743  -0.15835197  0.036570167 
    2080     85.39395   -23.982112  0.044152137    -23.93796    632.02101    769.49759    9.0630239    9.0385833    9.3936369 -0.041178145   -0.1576567  0.036409598 
    2090    77.497346   -23.973422  0.040069273   -23.933353    1543.5491    758.82172    9.0209156    8.9965887    9.3499926 -0.040986824   -0.1569242  0.036240434 
    2100     33.89133   -23.945744  0.017523193   -23.928221     2136.671    747.72159    8.9767131    8.9525053    9.3041776 -0.040785989  -0.15615527  0.036062855 
    2110    65.600995   -23.962459  0.033918377   -23.928541    2349.8847    736.17182    8.9302531    8.9061706    9.2560227 -0.040574896  -0.15534707  0.035876208 
    2120    47.085345   -23.955662  0.024345034   -23.931317    2165.2928    724.13111    8.8812979    8.8573475    9.2052817 -0.040352467  -0.15449547  0.035679537 
    2130     110.4023   -23.990834  0.057082467   -23.933751    1554.7687    711.55489    8.8295826    8.8057716    9.1516798 -0.040117497  -0.15359585  0.035471776 
    2140    80.078157   -23.968162  0.041403657   -23.926759    673.03311    698.36444    8.7746825    8.7510195     9.094777 -0.039868056  -0.15264083  0.035251222 
    2150    111.16283   -23.972711  0.057475696   -23.915235    -375.1512    684.48427      8.71616    8.6926549    9.0341197 -0.039602157   -0.1516228  0.035016115 
    2160    68.636965   -23.931282  0.035488096   -23.895794   -1396.9013    669.82272    8.6534774    8.6301413    8.9691504 -0.039317357  -0.15053239  0.034764295 
    2170    91.572596   -23.924157  0.047346748    -23.87681   -2312.6829    654.30044    8.5861099    8.5629554    8.8993254  -0.03901127   -0.1493605  0.034493654 
    2180    145.10001   -23.934513  0.075022596   -23.859491   -2721.6785    637.82618    8.5134349    8.4904764    8.8239993 -0.038681069  -0.14809627  0.034201691 
    2190    159.34297    -23.93793  0.082386781   -23.855543   -2325.9412     620.3957     8.435166    8.4124186    8.7428752 -0.038325452  -0.14673474  0.033887255 
    2200    185.07132   -23.939627  0.095689383   -23.843937   -1403.1299    602.11177    8.3514729    8.3289512     8.656129  -0.03794519  -0.14527885  0.033551029 
    2210    94.610873   -23.876289  0.048917661   -23.827372   -242.38646    583.08279    8.2625502    8.2402683    8.5639625 -0.037541166  -0.14373198  0.033193793 
    2220    214.69697   -23.959189   0.11100705   -23.848182    81.961832    563.45287    8.1687681    8.1467391    8.4667593 -0.037115064  -0.14210059  0.032817034 
    2230    169.84365   -23.951125   0.08781606   -23.863309    117.07085    543.22213    8.0698078    8.0480457    8.3641889 -0.036665435  -0.14037911  0.032419473 
    2240    194.56364    -23.96082    0.1005973   -23.860223    628.78803    522.37136    7.9652086    7.9437286    8.2557741 -0.036190185  -0.13855955  0.031999259 
    2250    81.207976   -23.897828  0.041987819    -23.85584    854.56337    501.04015    7.8552778    7.8340942    8.1418331 -0.035690711  -0.13664724  0.031557625 
    2260    119.77873    -23.93332  0.061930465    -23.87139     913.5731      479.282    7.7398832    7.7190109     8.022229 -0.035166412  -0.13463988  0.031094042 
    2270    134.16715    -23.95439  0.069369859    -23.88502    769.53962     457.2095    7.6191956    7.5986486    7.8971387 -0.034618064  -0.13254044  0.030609193 
    2280    130.40707   -23.959869  0.067425745   -23.892443    493.51531    434.94885    7.4934779      7.47327     7.766835 -0.034046862  -0.13035351  0.030104138 
    2290    118.93576   -23.957641  0.061494613   -23.896147    738.79581     412.6119    7.3629404    7.3430846    7.6315356  -0.03345376  -0.12808273   0.02957972 
    2300    52.048166   -23.922238  0.026911014   -23.895327    871.92193     390.3732     7.228209    7.2087165    7.4918892 -0.032841603    -0.125739  0.029038452 
    2310    101.17104   -23.952852  0.052309531   -23.900543     784.0942    368.38617    7.0898733    7.0707539    7.3485072 -0.032213071  -0.12333257  0.028482706 
    2320    71.841437   -23.942568  0.037144939   -23.905423    803.01317    346.78648    6.9485058    6.9297675    7.2019826 -0.031570763   -0.1208734  0.027914779 
    2330    139.36951   -23.989518  0.072059691   -23.917458    559.52673    325.74971    6.8050614      6.78671    7.0533055 -0.030919019   -0.1183781  0.027338508 
    2340    88.336749   -23.964826  0.045673684   -23.919152    622.48186    305.39294    6.6602475    6.6422866    6.9032089 -0.030261052  -0.11585897  0.026756736 
    2350    87.265481   -23.957759  0.045119795   -23.912639    718.75579    285.89109    6.5153474    6.4977772    6.7530229 -0.029602693  -0.11333835  0.026174617 
    2360     56.62522   -23.934144  0.029277536   -23.904867    406.27675    267.92376    6.3758943    6.3587003    6.6084827 -0.028969084  -0.11091248  0.025614382 
    2370    67.249274   -23.935234  0.034770604   -23.900463   -198.93868    253.15812    6.2565462     6.239674    6.4847808 -0.028426822  -0.10883635  0.025134915 
    2380    100.98384   -23.952567  0.052212744   -23.900354   -1383.4424    243.32871    6.1745003    6.1578494     6.399742 -0.028054044  -0.10740911  0.024805306 
    2390    111.52788   -23.954879  0.057664441   -23.897215   -2449.1351    239.18312    6.1392344    6.1226785    6.3631895 -0.027893812  -0.10679564  0.024663629 
    2400    132.86465    -23.96375  0.068696413   -23.895054   -2905.5746    240.97483    6.1545258    6.1379287    6.3790388 -0.027963289  -0.10706164   0.02472506 
    2410    73.254417   -23.932898  0.037875506   -23.895022   -2757.6764    248.26572    6.2159802    6.1992174     6.442735 -0.028242509  -0.10813068  0.024971946 
    2420    82.715732   -23.940638   0.04276739    -23.89787   -2009.7219    260.27195    6.3146094    6.2975806    6.5449621 -0.028690634  -0.10984639  0.025368177 
    2430    43.812783   -23.922461  0.022652986   -23.899808   -765.02774    276.13523    6.4403773    6.4230093    6.6753179 -0.029262064   -0.1120342  0.025873434 
    2440    113.53087    -23.96181  0.058700067    -23.90311    553.50904    294.62399     6.581023    6.5632757    6.8210943 -0.029901093  -0.11448081  0.026438461 
    2450     114.0951   -23.961684  0.058991797   -23.902692    2017.7119    314.69225    6.7271749    6.7090335    6.9725777 -0.030565139  -0.11702321  0.027025609 
    2460    165.29422   -23.984685  0.085463822   -23.899221    3321.7865    335.90601    6.8750622     6.856522    7.1258598 -0.031237069   -0.1195958  0.027619728 
    2470    118.94817   -23.935766  0.061501033   -23.874265    4209.2836    358.18638    7.0238257    7.0048843    7.2800502 -0.031912981  -0.12218363  0.028217367 
    2480    110.22182   -23.909139  0.056989154    -23.85215    4174.5288    381.47131    7.1728431    7.1534999    7.4345036 -0.032590047  -0.12477588  0.028816027 
    2490    161.81884   -23.935936  0.083666906   -23.852269    2857.8814    405.68105    7.3214811     7.301737    7.5885638 -0.033265388  -0.12736152  0.029413162 
    2500    170.32979    -23.94186  0.088067413   -23.853792    729.95729    430.67213    7.4688366    7.4486952    7.7412948 -0.033934903  -0.12992486  0.030005145 
    2510    203.67868   -23.949979   0.10531015   -23.844668   -1237.7342    456.24929     7.613858    7.5933254    7.8916064 -0.034593812  -0.13244759   0.03058775 
    2520    107.59609   -23.898484  0.055631546   -23.842852   -2417.7185     482.1567    7.7553268    7.7344128     8.038236 -0.035236581  -0.13490853  0.031156084 
    2530    132.22188   -23.919827  0.068364077   -23.851463   -2943.3807    508.19667    7.8925009     7.871217    8.1804141 -0.035859835  -0.13729475  0.031707165 
    2540    116.96403   -23.929629  0.060475148   -23.869153     -2677.65      534.156    8.0246619    8.0030215    8.3173961 -0.036460313  -0.13959377  0.032238105 
    2550    186.29497   -23.986631   0.09632206   -23.890309   -1870.0339    559.90802    8.1516013    8.1296187    8.4489663 -0.037037067  -0.14180196  0.032748069 
    2560    118.16057   -23.964583   0.06109381   -23.903489   -776.37658    585.33911    8.2731942    8.2508836    8.5749948 -0.037589528  -0.14391714  0.033236554 
    2570    94.333634   -23.954292  0.048774317   -23.905518    303.43854    610.35881    8.3894298    8.3668057    8.6954705 -0.038117648  -0.14593913  0.033703516 
    2580    53.525438   -23.934196  0.027674823   -23.906521    918.42147    634.92888    8.5005246     8.477601    8.8106181 -0.038622411  -0.14787169  0.034149826 
    2590    52.237433   -23.943177  0.027008873   -23.916168    1062.2069    658.98535    8.6065539    8.5833443    8.9205152 -0.039104158  -0.14971613  0.034575786 
    2600    90.035791   -23.974306  0.046552157   -23.927754    954.74286    682.45649    8.7075443    8.6840624    9.0251897 -0.039563012  -0.15147292  0.034981502 
    2610    82.630423   -23.976773  0.042723282    -23.93405    621.40147    705.30687     8.803663    8.7799219    9.1248147  -0.03999973  -0.15314496  0.035367647 
    2620    99.736927   -23.985709  0.051568038   -23.934141    287.60969    727.47478    8.8949467    8.8709594    9.2194284 -0.040414481   -0.1547329  0.035734369 
    2630    53.829909    -23.96006  0.027832247   -23.932228    71.991025    748.89834    8.9814197    8.9571993    9.3090559 -0.040807374  -0.15623715  0.036081764 
    2640    78.042739   -23.971821  0.040351263   -23.931469   -162.11412    769.58075    9.0633504    9.0389089    9.3939753 -0.041179628  -0.15766238   0.03641091 
    2650    43.501691   -23.950663   0.02249214   -23.928171   -251.98568    789.48435    9.1408212    9.1161708    9.4742722 -0.041531619  -0.15901003   0.03672214 
    2660    82.989097   -23.971372  0.042908731   -23.928463    -244.3453    808.62475    9.2141027    9.1892547     9.550227 -0.041864576   -0.1602848  0.037016539 
    2670    78.770029   -23.966384  0.040727302   -23.925657   -187.36971    827.02989    9.2834864    9.2584513    9.6221418 -0.042179823  -0.16149178   0.03729528 
    2680    86.439683    -23.96975  0.044692824   -23.925057    56.922619     844.6881    9.3490933    9.3238813     9.690142 -0.042477911  -0.16263305  0.037558848 
    2690    83.991356   -23.959484   0.04342694   -23.916057    365.02392    861.65576    9.4112787     9.385899    9.7545959 -0.042760452   -0.1637148   0.03780867 
    2700    66.792979   -23.937098  0.034534681   -23.902563    519.20001    878.02292    9.4704945    9.4449551    9.8159718 -0.043029501  -0.16474489  0.038046562 
    2710    110.09507   -23.952199   0.05692362   -23.895276    592.52016    893.81576    9.5269387    9.5012472    9.8744751 -0.043285957  -0.16572677   0.03827332 
    2720    114.42254   -23.952494  0.059161097   -23.893333    438.41988    909.12355    9.5810184    9.5551809    9.9305275  -0.04353167  -0.16666752  0.038490578 
    2730    196.01243   -23.992873   0.10134638   -23.891527    162.92741    923.94476    9.6328036    9.6068265    9.9842018 -0.043766958  -0.16756836  0.038698619 
    2740    109.37576    -23.91893  0.056551708   -23.862379    88.454263    938.24715    9.6822536    9.6561432    10.035456 -0.043991635  -0.16842857  0.038897279 
    2750    140.59869   -23.921229   0.07269523   -23.848534     -346.758    952.20449    9.7300285    9.7037892    10.084973 -0.044208702  -0.16925964  0.039089209 
    2760    137.70773    -23.91917  0.071200487   -23.847969   -973.93464    965.82043     9.776187    9.7498232    10.132816 -0.044418425   -0.1700626  0.039274645 
    2770    179.23659   -23.941648  0.092672591   -23.848975   -1627.2292    979.08901    9.8207524    9.7942685    10.179007 -0.044620909  -0.17083784  0.039453681 
    2780    145.87573   -23.913279  0.075423673   -23.837856   -1993.9238    991.88616    9.8633546    9.8367558    10.223163 -0.044814474  -0.17157893   0.03962483 
    2790    113.69461   -23.903835  0.058784729    -23.84505   -1630.2539    1004.0025    9.9033541    9.8766474    10.264622 -0.044996212  -0.17227474  0.039785523 
    2800    143.15437   -23.942432  0.074016618   -23.868415   -951.89361    1015.4731    9.9409262    9.9141183    10.303565 -0.045166923  -0.17292833  0.039936465 
    2810    117.97343   -23.961866  0.060997049   -23.900869   -59.343416    1026.4025    9.9764632    9.9495593    10.340398 -0.045328386  -0.17354652   0.04007923 
    2820     130.4529   -23.994547  0.067449445   -23.927097    768.36752    1037.0134    10.010724     9.983728    10.375909 -0.045484052  -0.17414251   0.04021687 
    2830    59.982453    -23.96478  0.031013362   -23.933767     1309.336    1047.4166    10.044088    10.017002     10.41049 -0.045635642   -0.1747229  0.040350905 
    2840      63.1135   -23.967985   0.03263224   -23.935353    1602.2044    1057.6183    10.076592    10.049418     10.44418 -0.045783326  -0.17528833  0.040481487 
    2850     27.57553   -23.949155  0.014257668   -23.934898    1646.3772    1067.6468    10.108341    10.081082    10.477087 -0.045927579  -0.17584062  0.040609035 
    2860    51.232366   -23.967159  0.026489212   -23.940669    1375.8069     1077.562    10.139537    10.112194    10.509421 -0.046069318  -0.17638329   0.04073436 
    2870     58.27489   -23.976915  0.030130483   -23.946784    893.85666    1087.3437    10.170126      10.1427    10.541125 -0.046208298  -0.17691539  0.040857246 
    2880    77.387566   -23.990723  0.040012512    -23.95071    281.66887    1096.9652    10.200035    10.172528    10.572125 -0.046344191  -0.17743568  0.040977402 
    2890    85.264947   -23.993444  0.044085438   -23.949359   -393.13327    1106.3944    10.229177    10.201592     10.60233 -0.046476599  -0.17794263  0.041094477 
    2900    61.529594   -23.973799  0.031813297   -23.941985    -1008.095    1115.5703    10.257378    10.229716     10.63156 -0.046604731   -0.1784332  0.041207771 
    2910    60.410729   -23.964584  0.031234799    -23.93335   -1464.5926    1124.4397     10.28449    10.256755    10.659661 -0.046727916  -0.17890483   0.04131669 
    2920    23.453192   -23.935944  0.012126252   -23.923818   -1716.5634    1132.9564     10.31039    10.282586    10.686506 -0.046845594  -0.17935538  0.041420741 
    2930    63.045169   -23.950312  0.032596911   -23.917715   -1723.9766    1141.0846    10.334988    10.307118    10.712002 -0.046957356  -0.17978328  0.041519561 
    2940    64.251834   -23.946898  0.033220805   -23.913678   -1394.3273    1148.7625    10.358116    10.330183    10.735973 -0.047062439   -0.1801856  0.041612475 
    2950     137.0349   -23.983958  0.070852606   -23.913106   -811.89367    1156.0363    10.379932     10.35194    10.758585 -0.047161561  -0.18056511  0.041700118 
    2960    135.11574   -23.978456  0.069860322   -23.908596   -14.615121    1162.9314    10.400529    10.372481    10.779933 -0.047255141  -0.18092339  0.041782861 
    2970    161.12975   -23.983185  0.083310621   -23.899874    888.70974    1169.5563    10.420241     10.39214    10.800364 -0.047344703  -0.18126629  0.041862052 
    2980    116.11043   -23.939448  0.060033805   -23.879414    1679.9161    1176.0523    10.439497    10.411345    10.820323 -0.047432196  -0.18160127  0.041939412 
    2990    81.467888   -23.902506  0.042122204   -23.860383     2144.919    1182.5993    10.458833    10.430629    10.840365 -0.047520051  -0.18193764  0.042017094 
    3000    100.46893    -23.90799  0.051946514   -23.856044    2164.8867    1189.2897    10.478519    10.450262    10.860769 -0.047609495  -0.18228009   0.04209618 
Loop time of 39.1003 on 1 procs for 3000 steps with 5 atoms

Performance: 13.258 ns/day, 1.810 hours/ns, 76.726 timesteps/s
280.7% CPU use with 1 MPI tasks x no OpenMP threads

MPI task timing breakdown:
Section |  min time  |  avg time  |  max time  |%varavg| %total
---------------------------------------------------------------
Pair    | 38.47      | 38.47      | 38.47      |   0.0 | 98.39
Neigh   | 0.0017464  | 0.0017464  | 0.0017464  |   0.0 |  0.00
Comm    | 0.010723   | 0.010723   | 0.010723   |   0.0 |  0.03
Output  | 0.57681    | 0.57681    | 0.57681    |   0.0 |  1.48
Modify  | 0.032996   | 0.032996   | 0.032996   |   0.0 |  0.08
Other   |            | 0.008218   |            |       |  0.02

Nlocal:    5 ave 5 max 5 min
Histogram: 1 0 0 0 0 0 0 0 0 0
Nghost:    88 ave 88 max 88 min
Histogram: 1 0 0 0 0 0 0 0 0 0
Neighs:    0 ave 0 max 0 min
Histogram: 1 0 0 0 0 0 0 0 0 0

Total # of neighbors = 0
Ave neighs/atom = 0
Neighbor list builds = 136
Dangerous builds = 0
Total wall time: 0:00:44
