2019-06-24 13:55:36.763377: I tensorflow/core/platform/cpu_feature_guard.cc:140] Your CPU supports instructions that this TensorFlow binary was not compiled to use: AVX512F
2019-06-24 13:55:38.786592: E tensorflow/stream_executor/cuda/cuda_driver.cc:406] failed call to cuInit: CUDA_ERROR_NO_DEVICE
2019-06-24 13:55:38.786659: I tensorflow/stream_executor/cuda/cuda_diagnostics.cc:158] retrieving CUDA diagnostic information for host: SR760-GPU-7
2019-06-24 13:55:38.786676: I tensorflow/stream_executor/cuda/cuda_diagnostics.cc:165] hostname: SR760-GPU-7
2019-06-24 13:55:38.786747: I tensorflow/stream_executor/cuda/cuda_diagnostics.cc:189] libcuda reported version is: 410.48.0
2019-06-24 13:55:38.786816: I tensorflow/stream_executor/cuda/cuda_diagnostics.cc:193] kernel reported version is: 410.48.0
2019-06-24 13:55:38.786829: I tensorflow/stream_executor/cuda/cuda_diagnostics.cc:300] kernel version seems to match DSO: 410.48.0
>>> Info of lammps module:
  use deepmd-kit at:  /sharedext4/local/deepmd-kit-0.12.4
  source:             v0.12.4-1-ge3cd911-dirty
  source branch:      master
  source commit:      e3cd911
  source commit at:   2019-02-07 10:22:13 +0800
  build float prec:   double
  build with tf inc:  /sharedext4/local/tensorflow/r1.8.gpu.cc/include
  build with tf lib:  /sharedext4/local/tensorflow/r1.8.gpu.cc/lib/libtensorflow_cc.so;/sharedext4/local/tensorflow/r1.8.gpu.cc/lib/libtensorflow_framework.so
  >>> Info of model(s):
  using   4 model(s): ../graph.002.pb ../graph.003.pb ../graph.000.pb ../graph.001.pb 
  rcut in model:      5
  ntypes in model:    2
Neighbor list info ...
  update every 1 steps, delay 10 steps, check yes
  max neighbors/atom: 2000, page size: 100000
  master list distance cutoff = 6
  ghost atom cutoff = 6
  binsize = 3, bins = 4 4 4
  1 neighbor lists, perpetual/occasional/extra = 1 0 0
  (1) pair deepmd, perpetual
      attributes: , newton on
      pair build: full/bin/atomonly
      stencil: full/bin/3d
      bin: standard
Setting up Verlet run ...
  Unit style    : metal
  Current step  : 0
  Time step     : 0.002
Per MPI rank memory allocation (min/avg/max) = 3.949 | 3.949 | 3.949 Mbytes
Step Temp PotEng KinEng TotEng Press Volume Lx Ly Lz Xy Xz Yz 
       0          100   -23.991321  0.051704058   -23.939617   -747.19998    1031.1517     10.29408    10.093351    9.9242946   -0.0764342    -0.195714   -0.2710524 
      10    50.169201   -23.964012  0.025939513   -23.938073   -427.39174    1027.9497    10.283413    10.082893    9.9140112    -0.076355   -0.1955112  -0.27077154 
      20     95.88282   -23.985864  0.049575309   -23.936288    26.748882    1024.5401    10.272031    10.071733    9.9030381 -0.076270488  -0.19529481  -0.27047184 
      30    42.019608   -23.950043  0.021725842   -23.928317    497.96889    1020.9635    10.260064    10.059999    9.8915008 -0.076181631  -0.19506728  -0.27015673 
      40    76.253964    -23.96219  0.039426394   -23.922763    790.46586    1017.3067      10.2478    10.047974    9.8796773  -0.07609057  -0.19483412  -0.26983381 
      50    39.742096   -23.934072  0.020548277   -23.913524    929.71163    1013.5921    10.235312    10.035729    9.8676376 -0.075997843  -0.19459668  -0.26950498 
      60    88.717426   -23.956649  0.045870509   -23.910778    802.71014    1009.8545    10.222715    10.023379    9.8554938 -0.075904315   -0.1943572  -0.26917331 
      70    111.90043   -23.963708  0.057857064   -23.905851    342.69712    1006.0919    10.210004    10.010915    9.8432386 -0.075809929  -0.19411552   -0.2688386 
      80    131.89716   -23.963278  0.068196182   -23.895082   -215.09965    1002.2164    10.196877     9.998044    9.8305835 -0.075712463  -0.19386595  -0.26849296 
      90    159.05974   -23.964098  0.082240342   -23.881857   -824.86573    998.18774    10.183196    9.9846293    9.8173935 -0.075610877  -0.19360584  -0.26813272 
     100    120.38344   -23.927138  0.062243126   -23.864894      -1278.7    993.90417    10.168608    9.9703263    9.8033301 -0.075502565   -0.1933285  -0.26774862 
     110    165.18477   -23.940871  0.085407231   -23.855463   -1261.5695      989.206    10.152561    9.9545917     9.787859  -0.07538341  -0.19302339  -0.26732607 
     120    111.85281    -23.90988  0.057832444   -23.852048   -916.95429    984.13862    10.135195    9.9375645     9.771117 -0.075254468  -0.19269323  -0.26686881 
     130    180.41719   -23.946616  0.093283006   -23.853333   -353.18554    978.76107    10.116701    9.9194311    9.7532874 -0.075117149  -0.19234162  -0.26638185 
     140    108.04915   -23.909456  0.055865794    -23.85359    486.06205    973.10777    10.097185    9.9002961    9.7344728 -0.074972245  -0.19197058  -0.26586799 
     150      165.224   -23.944479  0.085427514   -23.859051     1038.514    967.35836     10.07726    9.8807596    9.7152636   -0.0748243  -0.19159176  -0.26534334 
     160    106.24074   -23.918416  0.054930773   -23.863485     1306.559     961.5354       10.057    9.8608941    9.6957308 -0.074673864  -0.19120656  -0.26480986 
     170    154.17805   -23.954514  0.079716308   -23.874797    1353.3305    955.63587    10.036389    9.8406855    9.6758606  -0.07452083  -0.19081471  -0.26426717 
     180    126.08068   -23.948304  0.065188826   -23.883115     859.0543     949.7145    10.015617    9.8203182    9.6558345 -0.074366594  -0.19041978  -0.26372022 
     190    138.66875   -23.959561  0.071697369   -23.887864    129.90946    943.61435    9.9941267    9.7992472    9.6351165 -0.074207029  -0.19001121  -0.26315437 
     200    127.99661   -23.957904  0.066179442   -23.891725   -385.84496    937.13315    9.9711927    9.7767604    9.6130062 -0.074036742  -0.18957518  -0.26255049 
     210    93.396154   -23.939829  0.048289602   -23.891539   -927.16784    930.30329    9.9469101    9.7529513     9.589596 -0.073856443  -0.18911351  -0.26191111 
     220    99.233931     -23.9449  0.051307969   -23.893592   -1260.7155    923.00639    9.9208354     9.727385    9.5644579 -0.073662836  -0.18861777  -0.26122454 
     230    63.754026   -23.930932  0.032963419   -23.897969   -1117.0381    915.14188     9.892578    9.6996787    9.5372156 -0.073453024  -0.18808053   -0.2604805 
     240    111.60968   -23.962717  0.057706733    -23.90501   -776.45011    906.73171    9.8621804    9.6698738    9.5079099 -0.073227319   -0.1875026   -0.2596801 
     250    75.343667   -23.948981  0.038955733   -23.910025   -334.14935    897.81299    9.8297386    9.6380645    9.4766335 -0.072986437  -0.18688581  -0.25882588 
     260    133.53947   -23.985419  0.069045327   -23.916374    354.57441    888.33209    9.7950154    9.6040185    9.4431576 -0.072728615  -0.18622564  -0.25791158 
     270    68.438732   -23.950542  0.035385601   -23.915156    902.68414    878.40878    9.7584063    9.5681232    9.4078636  -0.07245679  -0.18552962  -0.25694763 
     280    117.02213   -23.978351  0.060505192   -23.917846    1073.8885    868.02243    9.7197924    9.5302623    9.3706368 -0.072170079  -0.18479548   -0.2559309 
     290    50.956267   -23.942403  0.026346458   -23.916057    1125.8108    857.08994    9.6788139    9.4900828    9.3311303 -0.071865811  -0.18401639  -0.25485189 
     300    108.70463   -23.975961  0.056204703   -23.919756    923.66291    845.55898    9.6352128    9.4473319    9.2890955  -0.07154207  -0.18318743  -0.25370384 
     310      61.3134   -23.952876  0.031701516   -23.921175    290.82174    833.42757    9.5889111    9.4019331    9.2444571 -0.071198278  -0.18230713  -0.25248467 
     320    106.39693   -23.977085  0.055011532   -23.922074    -308.0732    820.47195    9.5389649    9.3529608    9.1963051 -0.070827424  -0.18135754  -0.25116955 
     330    54.444114   -23.948247  0.028149816   -23.920097   -744.47063     806.5937    9.4848751    9.2999257    9.1441582 -0.070425803  -0.18032917  -0.24974531 
     340    90.809414   -23.965421  0.046952152   -23.918469   -1158.4745    791.71814    9.4262048    9.2423994    9.0875955 -0.069990173  -0.17921371  -0.24820047 
     350    63.018477   -23.947937   0.03258311   -23.915354   -1281.7993    775.75482     9.362421    9.1798594     9.026103 -0.069516574  -0.17800104  -0.24652099 
     360     116.0414   -23.975847  0.059998115   -23.915849    -905.5085    758.58684    9.2928396    9.1116348    8.9590211 -0.068999928  -0.17667813  -0.24468884 
     370    100.56152   -23.962217  0.051994385   -23.910223   -417.51697    740.27393    9.2174507    9.0377159    8.8863403  -0.06844016  -0.17524482  -0.24270379 
     380    133.15841   -23.974497  0.068848301   -23.905649    259.88285    720.75684    9.1357232     8.957582    8.8075486 -0.067833328  -0.17369099  -0.24055183 
     390     104.0257   -23.945675   0.05378551   -23.891889    1156.1189    700.07736    9.0475019     8.871081    8.7224964  -0.06717828   -0.1720137  -0.23822888 
     400     102.8743   -23.928718  0.053190187   -23.875528    1718.7042    678.30897    8.9527377    8.7781646    8.6311363 -0.066474649  -0.17021202  -0.23573365 
     410    94.832205   -23.914687  0.049032098   -23.865654    1661.4421    655.56311    8.8515265     8.678927    8.5335609  -0.06572315  -0.16828776  -0.23306867 
     420    128.80722   -23.927803  0.066598561   -23.861204      1308.04    631.82493    8.7433714    8.5728809    8.4292909 -0.064920091  -0.16623149  -0.23022085 
     430    150.28035   -23.942438  0.077701037   -23.864737    140.22478     607.2682     8.628597    8.4603445    8.3186395 -0.064067884  -0.16404936  -0.22719874 
     440    166.96916    -23.94992  0.086329831    -23.86359   -1204.6557    581.86163    8.5065458    8.3406733    8.2009727 -0.063161646  -0.16172889  -0.22398502 
     450    153.87642   -23.938886  0.079560351   -23.859325   -2179.4704     555.7299    8.3772459    8.2138946    8.0763174 -0.062201586   -0.1592706  -0.22058043 
     460    165.01035   -23.942385  0.085317048   -23.857068   -2823.2725    529.05458    8.2410048    8.0803101    7.9449704 -0.061189987  -0.15668035  -0.21699308 
     470    130.88155   -23.927489  0.067671071   -23.859818   -2756.4377    502.06933    8.0984375    7.9405228    7.8075245 -0.060131416  -0.15396982  -0.21323916 
     480    140.88135   -23.940528  0.072841377   -23.867686   -1687.7213    474.98412    7.9501082    7.7950858    7.6645234 -0.059030061  -0.15114974  -0.20933351 
     490    102.09779   -23.930051    0.0527887   -23.877263   -482.64508    448.16049    7.7975445    7.6454971    7.5174402 -0.057897266  -0.14824915  -0.20531638 
     500    122.30253   -23.954092  0.063235371   -23.890857    901.67092    421.84983    7.6418639    7.4928521    7.3673519 -0.056741328  -0.14528931  -0.20121716 
     510    70.419122   -23.935822  0.036409543   -23.899413    2125.5751    396.32832    7.4845388    7.3385947    7.2156782 -0.055573178   -0.1422982  -0.19707465 
     520    101.64009   -23.966744   0.05255205   -23.914192    2380.7855    371.78442    7.3267336    7.1838667    7.0635418 -0.054401465  -0.13929796   -0.1929195 
     530    62.890467   -23.955421  0.032516924   -23.922904    2057.5971    348.34113    7.1693799    7.0295813    6.9118405 -0.053233104  -0.13630631  -0.18877623 
     540    101.87024   -23.982798  0.052671049   -23.930127    1504.3161    326.08465    7.0133168    6.8765613    6.7613836 -0.052074325  -0.13333919  -0.18466695 
     550    64.945072   -23.966504  0.033579238   -23.932925    107.03298    305.12346    6.8597014    6.7259413    6.6132863 -0.050933721  -0.13041861  -0.18062212 
     560    93.340803   -23.980429  0.048260983   -23.932168   -1463.0408    285.46274    6.7090827    6.5782596    6.4680783 -0.049815368  -0.12755501   -0.1766562 
     570    42.819039   -23.950179  0.022139181    -23.92804   -1615.4875    267.24716    6.5632312    6.4352522    6.3274661 -0.048732411  -0.12478204  -0.17281579 
     580    85.017049   -23.961906  0.043957264   -23.917948   -1190.9273    253.05722    6.4449505    6.3192778    6.2134342 -0.047854169  -0.12253325  -0.16970136 
     590    36.163767   -23.925228  0.018698135    -23.90653   -731.19142    247.10546    6.3940219    6.2693423    6.1643351 -0.047476021  -0.12156498  -0.16836036 
     600    122.35641   -23.977976  0.063263231   -23.914713   -865.91422    250.92149     6.426768    6.3014499    6.1959049 -0.047719163  -0.12218756   -0.1692226 
     610    82.121626   -23.959744  0.042460213   -23.917283   -696.15463    261.28404    6.5140482    6.3870281    6.2800497 -0.048367224  -0.12384695  -0.17152076 
     620    138.83081   -23.989048  0.071781162   -23.917267    514.46783     273.6402    6.6151542    6.4861627    6.3775239 -0.049117943  -0.12576921  -0.17418297 
     630    89.164513   -23.960117  0.046101672   -23.914016    2022.3363    287.10012    6.7218858    6.5908131    6.4804214 -0.049910432  -0.12779842  -0.17699331 
     640    133.37541   -23.978405  0.068960498   -23.909444    3139.8585    301.35934    6.8313766    6.6981688     6.585979 -0.050723407  -0.12988009   -0.1798763 
     650    74.239144   -23.941242   0.03838465   -23.902857    3066.1755    316.26354    6.9421882    6.8068197      6.69281 -0.051546191  -0.13198687  -0.18279407 
     660    114.21252   -23.959566  0.059052505   -23.900513    2446.8199     331.7241    7.0535164     6.915977    6.8001391  -0.05237281  -0.13410348  -0.18572544 
     670    81.983092   -23.939583  0.042388586   -23.897194    1593.8491    347.71229    7.1650631    7.0253487    6.9076788 -0.053201051  -0.13622424  -0.18866257 
     680    122.66226   -23.962469  0.063421367   -23.899048    205.61949    364.21671    7.2766803    7.1347894    7.0152865 -0.054029816  -0.13834633  -0.19160155 
     690    95.258269   -23.947252  0.049252391      -23.898   -1097.1908    381.20614    7.3881092    7.2440454    7.1227126 -0.054857182  -0.14046485  -0.19453557 
     700    126.65185   -23.966302  0.065484145   -23.900817   -1608.2702    398.61725    7.4989197    7.3526952    7.2295426 -0.055679958  -0.14257161  -0.19745331 
     710    120.47327   -23.964578  0.062289568   -23.902288   -1814.9033    416.44961    7.6091152     7.460742    7.3357796 -0.056498166  -0.14466668  -0.20035486 
     720    126.09922   -23.970254  0.065198414   -23.905056   -1617.7773    434.67661    7.7185448    7.5680378    7.4412783 -0.057310688  -0.14674719  -0.20323624 
     730    115.78839   -23.965544  0.059867295   -23.905676   -758.50729    453.26631    7.8270448    7.6744221    7.5458807 -0.058116308  -0.14881002  -0.20609315 
     740     99.56877   -23.952636  0.051481095   -23.901155    165.61929     472.2466    7.9348055    7.7800816    7.6497705 -0.058916438   -0.1508588  -0.20893058 
     750    90.637744    -23.94662  0.046863392   -23.899757    522.43026    491.65521    8.0420522     7.885237    7.7531646 -0.059712751  -0.15289781  -0.21175448 
     760    85.104102   -23.946898  0.044002274   -23.902896    771.78848     511.4686    8.1486625    7.9897685    7.8559453  -0.06050434  -0.15492471  -0.21456163 
     770    114.45535   -23.971547  0.059178062   -23.912369    647.25716    531.70277     8.254732    8.0937697    7.9582045 -0.061291913  -0.15694133  -0.21735454 
     780    116.92363   -23.981091   0.06045426   -23.920636    89.215187    552.34491    8.3602024    8.1971834    8.0598862 -0.062075037  -0.15894657  -0.22013166 
     790    126.35895   -23.989701  0.065332705   -23.924369   -339.68568    573.33133    8.4647713    8.2997134    8.1606988 -0.062851468  -0.16093466  -0.22288506 
     800    100.07406   -23.975441  0.051742353   -23.923699   -571.53621    594.62557    8.5682974    8.4012208     8.260506 -0.063620156  -0.16290293  -0.22561099 
     810    83.646062   -23.965531  0.043248409   -23.922283    -812.8989    616.24302    8.6708967    8.5018194    8.3594196 -0.064381962  -0.16485358  -0.22831252 
     820    61.313171   -23.953748  0.031701398   -23.922047   -771.89208    638.11382    8.7722848    8.6012305    8.4571657 -0.065134775   -0.1667812  -0.23098217 
     830    60.212022   -23.954545  0.031132059   -23.923413   -499.47151    660.23307     8.872495    8.6994867    8.5537762 -0.065878842  -0.16868642  -0.23362079 
     840    60.703982   -23.956952  0.031386422   -23.925566   -210.14343    682.60718     8.971608     8.796667    8.6493288 -0.066614763  -0.17057079  -0.23623053 
     850    64.278981   -23.962029  0.033234842   -23.928795    82.735261    705.26011    9.0697736    8.8929185    8.7439681 -0.067343648  -0.17243714  -0.23881531 
     860    87.316274   -23.977771  0.045146057   -23.932625    404.83266     728.1868    9.1670079    8.9882568    8.8377095 -0.068065619  -0.17428579  -0.24137558 
     870     90.06799     -23.9805  0.046568806   -23.933931    545.54268    751.44058    9.2635665    9.0829325    8.9307995 -0.068782573  -0.17612158  -0.24391806 
     880    115.67853   -23.993959  0.059810493   -23.934149    538.78454    775.01987    9.3594634    9.1769595    9.0232516 -0.069494614  -0.17794481  -0.24644311 
     890    91.862369   -23.975992  0.047496573   -23.928496    466.18253    798.93452    9.4547577    9.2703955    9.1151227 -0.070202179  -0.17975657  -0.24895229 
     900    109.81107   -23.978408  0.056776779   -23.921632    320.40056    823.19379    9.5495015     9.363292    9.2064632 -0.070905659  -0.18155786  -0.25144698 
     910    71.315662   -23.949502  0.036873091   -23.912629    107.82492    847.80275    9.6437279     9.455681    9.2973047 -0.071605296  -0.18334932  -0.25392805 
     920    99.391821   -23.955142  0.051389605   -23.903752   -49.943139    872.73674     9.737357    9.5474844    9.3875705 -0.072300498  -0.18512943  -0.25639339 
     930     68.94279   -23.930088   0.03564622   -23.894442   -67.951522    897.97513    9.8303303    9.6386447    9.4772039  -0.07299083  -0.18689706  -0.25884146 
     940    135.53847    -23.95991   0.07007889   -23.889831   -14.563689    923.55599    9.9228041    9.7293153    9.5663559 -0.073677454   -0.1886552  -0.26127638 
     950    128.51209   -23.949788  0.066445964   -23.883342    62.105223    949.54318    10.015014    9.8197277    9.6552539 -0.074362122  -0.19040833  -0.26370436 
     960    193.04964   -23.983431  0.099814496   -23.883617    293.79138    975.91116    10.106872    9.9097941    9.7438118 -0.075044171  -0.19215475  -0.26612305 
     970    148.72233   -23.948987  0.076895482   -23.872091    596.76475    1002.7694    10.198752    9.9998825    9.8323913 -0.075726386   -0.1939016  -0.26854234 
     980    137.82055   -23.929362  0.071258816   -23.858104    425.75725    1030.3352    10.291362    10.090686    9.9216743 -0.076414019  -0.19566233  -0.27098083 
     990     117.7132   -23.916789  0.060862502   -23.855926    102.33043    1058.6127    10.384662    10.182168    10.011623  -0.07710678  -0.19743618  -0.27343752 
    1000     141.6956   -23.939465  0.073262378   -23.866203   -267.37697     1087.528    10.478364    10.274043    10.101959 -0.077802524  -0.19921767  -0.27590478 
    1010    161.22054   -23.964685   0.08335756   -23.881327   -854.43746    1117.0703    10.572398    10.366243    10.192615  -0.07850073  -0.20100546  -0.27838077 
    1020    128.30874   -23.959341  0.066340824   -23.893001   -1053.5601    1146.9238    10.665753    10.457777    10.282617 -0.079193898  -0.20278036  -0.28083889 
    1030    131.78021   -23.979026  0.068135717    -23.91089   -873.10761    1177.0133    10.758221    10.548442    10.371763 -0.079880479  -0.20453839  -0.28327366 
    1040    86.320567    -23.96972  0.044631236   -23.925089   -635.52767     1207.457    10.850187    10.638615    10.460425 -0.080563332  -0.20628687  -0.28569521 
    1050    89.791951   -23.983054  0.046426083   -23.936628   -307.04845    1238.2131    10.941541    10.728187    10.548497 -0.081241638  -0.20802371  -0.28810063 
    1060    54.157306   -23.969554  0.028001525   -23.941553    115.56627    1269.2657    11.032252     10.81713     10.63595 -0.081915179  -0.20974835  -0.29048915 
    1070    56.863862    -23.97224  0.029400924   -23.942839    401.38631    1300.7485    11.122723    10.905836    10.723171 -0.082586928   -0.2114684  -0.29287132 
    1080    34.817461   -23.961152   0.01800204    -23.94315    535.10926    1332.7354    11.213159    10.994509    10.810359 -0.083258422   -0.2131878  -0.29525259 
    1090    49.708278   -23.970567  0.025701197   -23.944866    577.43736     1365.257    11.303635    11.083221    10.897585 -0.083930215  -0.21490796  -0.29763491 
    1100    58.569579   -23.978104  0.030282849   -23.947821    461.43861    1398.3765     11.39431    11.172128    10.985002 -0.084603482   -0.2166319  -0.30002246 
    1110    73.746421   -23.987709  0.038129892   -23.949579    185.65196    1432.1002     11.48518    11.261226    11.072608 -0.085278196  -0.21835954  -0.30241514 
    1120    84.225909   -23.991284  0.043548213   -23.947736   -80.416448    1466.3469    11.576011    11.350285    11.160176 -0.085952618  -0.22008644  -0.30480679 
    1130    75.002787   -23.982182  0.038779485   -23.943402   -302.49528    1501.0982    11.666745     11.43925    11.247651 -0.086626327  -0.22181151  -0.30719591 
    1140     82.45289   -23.979947   0.04263149   -23.937316   -494.73842    1536.3794    11.757442    11.528179    11.335089 -0.087299755  -0.22353585  -0.30958403 
    1150    56.341408   -23.959976  0.029130794   -23.930845   -541.59116    1572.0775    11.847807    11.616782    11.422209 -0.087970727  -0.22525392  -0.31196345 
    1160    88.225821   -23.972348   0.04561633   -23.926732   -410.80796     1608.167    11.937784    11.705004    11.508954  -0.08863881  -0.22696458  -0.31433262 
    1170    62.287903   -23.952629  0.032205373   -23.920424    -180.5829    1644.7097    12.027529       11.793    11.595475 -0.089305174  -0.22867084  -0.31669569 
    1180    112.04324   -23.973984  0.057930904   -23.916053    103.92283    1681.8333     12.11735    11.881069    11.682069 -0.089972098  -0.23037854  -0.31906075 
    1190     88.77006   -23.955503  0.045897723   -23.909605    430.92285    1719.6586    12.207519     11.96948    11.768999  -0.09064161  -0.23209286  -0.32143499 
    1200     138.4995   -23.975236  0.071609863   -23.903626    636.80057    1758.4538    12.298637    12.058821    11.856844 -0.091318168  -0.23382522  -0.32383421 
    1210    97.055698   -23.949043  0.050181734   -23.898862    667.54723      1798.38    12.391023    12.149405    11.945911 -0.092004137  -0.23558169   -0.3262668 
    1220    146.62939   -23.974734  0.075813345   -23.898921    576.58393    1839.4585    12.484659    12.241215    12.036183 -0.092699388  -0.23736192  -0.32873232 
    1230     115.2696   -23.955359  0.059599063    -23.89576    343.52808    1881.8476    12.579831    12.334532    12.127937 -0.093406052  -0.23917137   -0.3312383 
    1240    147.89861   -23.972476  0.076469583   -23.896006   -8.3389405    1925.5387    12.676443     12.42926    12.221079 -0.094123402  -0.24100818  -0.33378218 
    1250    107.18277   -23.947901   0.05541784   -23.892483   -332.07628     1970.408    12.774152    12.525063    12.315277 -0.094848891  -0.24286584  -0.33635492 
    1260    103.13362   -23.944031  0.053324266   -23.890707   -534.44811    2016.2012    12.872354     12.62135    12.409951 -0.095578048  -0.24473288  -0.33894068 
    1270    84.156366   -23.936359  0.043512256   -23.892847   -616.11653    2062.9328    12.971047    12.718119      12.5051 -0.096310853  -0.24660927  -0.34153936 
    1280    104.06157   -23.953109  0.053804057   -23.899305   -540.92257    2110.5749    13.070141    12.815281    12.600634  -0.09704663  -0.24849327  -0.34414859 
    1290    115.90001   -23.965298   0.05992501   -23.905373   -347.00656    2159.3267    13.170011    12.913203    12.696916  -0.09778817  -0.25039202  -0.34677825 
    1300    112.24937   -23.970048   0.05803748    -23.91201   -82.798598    2209.2936    13.270822    13.012049    12.794106   -0.0985367  -0.25230867   -0.3494327 
    1310    117.02903    -23.97383   0.06050876   -23.913321    176.36844     2260.705    13.372973    13.112208    12.892588  -0.09929518   -0.2542508  -0.35212244 
    1320    87.039516   -23.953702  0.045002962   -23.908699    379.75821    2313.8169     13.47689    13.214098    12.992771  -0.10006677  -0.25622649  -0.35485865 
    1330    102.68703   -23.963057  0.053093361   -23.909964    458.92313    2369.0374    13.583259    13.318394    13.095319  -0.10085657  -0.25824882  -0.35765945 
    1340    84.246323   -23.953747  0.043558768   -23.910188    391.34644    2426.6448    13.692479    13.425484    13.200616  -0.10166753  -0.26032534  -0.36053531 
    1350    120.61114   -23.978928  0.062360854   -23.916567    197.01263    2486.7185    13.804549    13.535368     13.30866  -0.10249966  -0.26245604  -0.36348621 
    1360    111.82304   -23.977473  0.057817048   -23.919656   -21.164037    2549.1759    13.919168    13.647753    13.419162  -0.10335071  -0.26463522  -0.36650424 
    1370    123.38977   -23.982313  0.063797518   -23.918515   -209.49219    2614.1281    14.036397    13.762695    13.532179  -0.10422114    -0.266864  -0.36959097 
    1380    93.632992   -23.963597  0.048412057   -23.915185   -355.44681    2681.7656    14.156426    13.880384    13.647897  -0.10511236  -0.26914603  -0.37275145 
    1390    84.925231   -23.956674  0.043909791   -23.912764   -416.70146    2752.2259    14.279337    14.000898    13.766393  -0.10602499  -0.27148285  -0.37598781 
    1400    73.951728   -23.950645  0.038236044   -23.912409   -344.98102    2825.5906    14.405105    14.124214    13.887643  -0.10695882  -0.27387399  -0.37929939 
    1410    80.076292   -23.954914  0.041402692   -23.913511   -196.14458    2902.3841     14.53444    14.251027    14.012332  -0.10791915  -0.27633295  -0.38270491 
    1420     90.52616   -23.961859  0.046805698   -23.915053   -17.001338     2983.225     14.66815     14.38213    14.141239  -0.10891195  -0.27887508  -0.38622561 
    1430    84.964053   -23.958051  0.043929863   -23.914122    168.43344    3068.9557    14.807334      14.5186    14.275423   -0.1099454  -0.28152129  -0.38989046 
    1440    99.195194   -23.964727  0.051287941   -23.913439    309.44047    3160.4425    14.953033    14.661458    14.415889  -0.11102723  -0.28429136  -0.39372685 
    1450    85.545605   -23.957702  0.044230549   -23.913471    352.14464    3258.7778    15.106537    14.811969    14.563878    -0.112167  -0.28720982  -0.39776874 
    1460    122.49117   -23.978767  0.063332904   -23.915434    311.39337    3364.8374    15.268676    14.970946    14.720192  -0.11337089  -0.29029244  -0.40203799 
    1470    111.82531   -23.974223  0.057818223   -23.916405    213.64607    3479.8053    15.440629    15.139546    14.885969  -0.11464766  -0.29356167  -0.40656568 
    1480    139.70905   -23.986841  0.072235247   -23.914605    59.519119    3605.0013    15.623625    15.318974    15.062392  -0.11600642  -0.29704085  -0.41138414 
    1490    94.646815   -23.958167  0.048936244   -23.909231   -103.52275    3741.7484    15.818727    15.510271    15.250485  -0.11745506  -0.30075018  -0.41652134 
    1500    111.89176   -23.963406  0.057852582   -23.905553    -208.5365    3891.2671    16.026684    15.714174    15.450972  -0.11899916  -0.30470393  -0.42199705 
    1510    69.807176   -23.936944  0.036093143   -23.900851   -239.53549    4055.3453     16.24885    15.932007    15.665156  -0.12064875  -0.30892779  -0.42784686 
    1520     99.98996   -23.951103  0.051698867   -23.899404   -219.06295    4236.3936    16.487144    16.165655    15.894891   -0.1224181  -0.31345832  -0.43412137 
    1530    95.050298   -23.946022  0.049144861   -23.896877    -136.3152    4437.2221     16.74366    16.417169    16.142192  -0.12432275  -0.31833527  -0.44087566 
    1540    141.93228   -23.967064  0.073384749   -23.893679   -7.1516561    4661.1559    17.020718    16.688824    16.409298  -0.12637992  -0.32360278  -0.44817085 
    1550    147.82308   -23.962622  0.076430529   -23.886192    112.00619    4912.2279    17.320995    16.983246    16.698788   -0.1286095  -0.32931173  -0.45607742 
    1560    152.65237   -23.954004  0.078927469   -23.875077    214.51863    5194.7665    17.646911    17.302806    17.012996  -0.13102944  -0.33550813  -0.46465906 
    1570    141.84272   -23.931454  0.073338443   -23.858116    260.71057    5514.2515    18.001507    17.650488    17.354855  -0.13366234  -0.34224982  -0.47399591 
    1580    139.47065   -23.924191  0.072111984    -23.85208    202.48032    5876.5732    18.387445    18.028901    17.726929  -0.13652795  -0.34958739  -0.48415801 
    1590    181.57588    -23.94824    0.0938821   -23.854358    93.634695     6286.879    18.805795    18.439094    18.130251  -0.13963423  -0.35754118  -0.49517355 
    1600    167.57545   -23.950248  0.086643308   -23.863605   -20.469948    6749.4567    19.256157    18.880673    18.564435  -0.14297819  -0.36610358  -0.50703196 
    1610    178.72342   -23.966151  0.092407258   -23.873743   -126.58014    7268.8035    19.737902    19.353024    19.028874  -0.14655518  -0.37526265  -0.51971674 
    1620    127.61095   -23.948787  0.065980042   -23.882807   -170.69734    7847.8614    20.248699    19.853861    19.521322  -0.15034788  -0.38497407  -0.53316648 
    1630     121.0892   -23.960304  0.062608031   -23.897696   -161.15659    8489.4018    20.786069    20.380753     20.03939  -0.15433789  -0.39519071  -0.54731594 
    1640    99.316932   -23.963755  0.051350884   -23.912404   -126.01729    9195.4051    21.347005    20.930752    20.580176  -0.15850288   -0.4058554   -0.5620859 
    1650    95.739186   -23.975704  0.049501044   -23.926203   -68.448079    9965.6565    21.927139    21.499573     21.13947  -0.16281041  -0.41688507  -0.57736134 
    1660    88.627527   -23.980852  0.045824028   -23.935028  -0.69058101    10798.565    22.521744    22.082584    21.712715  -0.16722539  -0.42818986  -0.59301782 
    1670    60.012904   -23.967065  0.031029107   -23.936036    45.050254    11691.682    23.126275    22.675326     22.29553  -0.17171407  -0.43968337  -0.60893565 
    1680    62.734588    -23.96897  0.032436328   -23.936533    68.822478     12639.58     23.73509     23.27227    22.882475  -0.17623456  -0.45125835  -0.62496632 
    1690    38.535404   -23.954643  0.019924368   -23.934718    78.587878    13634.002    24.341899    23.867247    23.467486  -0.18074016  -0.46279517  -0.64094414 
    1700    69.409287   -23.972687  0.035887418   -23.936799    65.359853    14665.328    24.940812    24.454482    24.044886  -0.18518713  -0.47418189  -0.65671407 
    1710    54.861032   -23.967644   0.02836538   -23.939279    36.625798    15721.804    25.525884    25.028145     24.60894  -0.18953132  -0.48530544  -0.67211954 
    1720    91.471692   -23.988944  0.047294577   -23.941649    7.4154275    16790.007    26.091375    25.582609    25.154117  -0.19373012  -0.49605671  -0.68700942 
    1730    68.836283   -23.976583  0.035591152   -23.940992   -21.450974    17856.691    26.632606    26.113287    25.675907   -0.1977488  -0.50634676  -0.70126053 
    1740    99.895213   -23.990042  0.051649879   -23.938392   -47.409742     18908.04    27.145354    26.616036    26.170235  -0.20155599  -0.51609526  -0.71476164 
    1750    64.410955   -23.965887  0.033303078   -23.932584   -58.346881    19929.923    27.625822    27.087135    26.633444  -0.20512349  -0.52523006   -0.7274128 
    1760    98.827943   -23.980159  0.051098057   -23.929061   -54.911661    20910.977    28.071877    27.524492    27.063475  -0.20843548  -0.53371058  -0.73915782 
    1770    80.132198   -23.962687  0.041431598   -23.921255   -43.258322    21842.939    28.482867    27.927468    27.459702   -0.2114871  -0.54152444  -0.74997955 
    1780    131.33067   -23.981336  0.067903284   -23.913433   -22.074466    22717.914    28.858217    28.295499    27.821569   -0.2142741   -0.5486607  -0.75986286 
    1790    118.87677   -23.958866  0.061464116   -23.897402    8.9604215    23530.409    29.198228     28.62888    28.149366  -0.21679871   -0.5551251  -0.76881567 
    1800    128.10096   -23.943046  0.066233395   -23.876813    36.567763    24279.377    29.504789    28.929464    28.444915  -0.21907495  -0.56095352   -0.7768877 
    1810    110.49065   -23.917906  0.057128148   -23.860778    49.609463    24966.783    29.780652    29.199947    28.710868  -0.22112324  -0.56619831  -0.78415141 
    1820    132.65052   -23.926571  0.068585703   -23.857985    50.530758    25592.503    30.027391    29.441874    28.948743  -0.22295529  -0.57088937  -0.79064826 
    1830    179.78343   -23.958844  0.092955327   -23.865889    34.053871    26158.123    30.246993    29.657194    29.160456  -0.22458585  -0.57506451  -0.79643058 
    1840    169.35977    -23.96159  0.087565873   -23.874025    4.9187263    26661.906    30.439936    29.846376    29.346469  -0.22601847  -0.57873281  -0.80151096 
    1850    190.84975    -23.97575  0.098677064   -23.877073   -19.404972    27099.656    30.605626    30.008834    29.506207  -0.22724873  -0.58188294  -0.80587372 
    1860    122.04587   -23.939926  0.063102667   -23.876823   -36.724998    27470.389     30.74456    30.145059     29.64015  -0.22828032  -0.58452439  -0.80953197 
    1870    141.45974   -23.954665  0.073140424   -23.881524   -45.777501    27773.913    30.857379    30.255678    29.748916  -0.22911801  -0.58666934   -0.8125026 
    1880    79.816472    -23.92587  0.041268355   -23.884602   -41.531203    28010.244    30.944655    30.341252    29.833057  -0.22976604  -0.58832866  -0.81480065 
    1890    135.87145   -23.963932  0.070251054   -23.893681   -27.116013    28180.854    31.007355     30.40273    29.893505  -0.23023159  -0.58952073  -0.81645161 
    1900    88.811791   -23.946159    0.0459193    -23.90024    -7.728629    28290.137    31.047385    30.441979    29.932097  -0.23052881  -0.59028179  -0.81750562 
    1910    133.89186   -23.977309  0.069227525   -23.908082     12.91594    28342.007    31.066348    30.460573    29.950379  -0.23066962  -0.59064233  -0.81800495 
    1920    87.653614   -23.957914  0.045320476   -23.912594    28.598218    28341.917    31.066315    30.460541    29.950347  -0.23066938   -0.5906417  -0.81800408 
    1930    119.78056   -23.981196  0.061931411   -23.919265    35.871767    28292.689    31.048318    30.442895    29.932997  -0.23053575  -0.59029954  -0.81753021 
    1940    83.972162   -23.965328  0.043417015   -23.921911    35.266534    28196.348    31.013037    30.408301    29.898983  -0.23027378  -0.58962876  -0.81660122 
    1950    100.73925   -23.977724  0.052086281   -23.925638    25.399433    28055.379    30.961267    30.357541    29.849072  -0.22988938  -0.58864449  -0.81523806 
    1960      84.4567   -23.971042  0.043667541   -23.927375    9.3637818    27871.436    30.893453    30.291049    29.783695  -0.22938586   -0.5873552  -0.81345247 
    1970    74.308153   -23.965342   0.03842033   -23.926921   -7.2710208    27644.411    30.809344     30.20858    29.702607  -0.22876135  -0.58575609   -0.8112378 
    1980    68.252165   -23.962516  0.035289139   -23.927227   -21.857345    27374.432     30.70872    30.109918    29.605597  -0.22801421    -0.583843  -0.80858828 
    1990    46.604157   -23.950249   0.02409624   -23.926153   -31.396433    27062.657    30.591691    29.995171    29.492772  -0.22714526  -0.58161801  -0.80550679 
    2000    70.489319   -23.964318  0.036445838   -23.927872   -31.198605    26710.618    30.458463    29.864541    29.364331  -0.22615603  -0.57908505  -0.80199879 
    2010    59.221969   -23.959931  0.030620161   -23.929311   -23.281524    26321.943    30.310004    29.718977    29.221204  -0.22505371  -0.57626249  -0.79808972 
    2020    108.63172   -23.987936  0.056167005   -23.931769   -11.326751    25899.827    30.147106    29.559256    29.064158  -0.22384419  -0.57316543  -0.79380048 
    2030     86.41753   -23.975711   0.04468137    -23.93103    7.1417307    25446.802    29.970299    29.385896    28.893702  -0.22253138  -0.56980393  -0.78914499 
    2040    129.79753   -23.994949  0.067110592   -23.927838      27.5532    24967.064    29.780764    29.200057    28.710976  -0.22112407  -0.56620043  -0.78415435 
    2050    91.830495   -23.965367  0.047480092   -23.917887    40.820903    24466.524    29.580404    29.003603    28.517813  -0.21963639  -0.56239112  -0.77887869 
    2060     143.1091   -23.979149  0.073993212   -23.905156    45.372884    23948.046    29.369961    28.797264    28.314929  -0.21807383  -0.55839012  -0.77333754 
    2070    105.77832   -23.941526  0.054691684   -23.886835    41.546157    23414.627    29.150259    28.581847     28.10312  -0.21644254   -0.5542131   -0.7675526 
    2080    142.39983   -23.945578  0.073626491   -23.871951    22.769708    22869.659    28.922327    28.358359    27.883376  -0.21475013  -0.54987958  -0.76155094 
    2090    118.46859     -23.9182  0.061253067   -23.856947   -4.7477811    22315.778    28.686926    28.127548    27.656431  -0.21300226  -0.54540408  -0.75535263 
    2100    147.31844   -23.924406   0.07616961   -23.848236   -32.004728    21753.103    28.443765    27.889128    27.422004  -0.21119677  -0.54078102  -0.74894996 
    2110    141.56653   -23.917854  0.073195643   -23.844658   -54.020043    21182.769    28.192976     27.64323    27.180224  -0.20933465  -0.53601295  -0.74234646 
    2120    159.16195    -23.93284  0.082293188   -23.850547   -58.716541    20605.064    27.934313    27.389611    26.930853  -0.20741406  -0.53109518  -0.73553564 
    2130    193.30114   -23.963684  0.099944534    -23.86374   -45.452095    20022.476     27.66852    27.129001    26.674608  -0.20544053  -0.52604185  -0.72853708 
    2140    172.62433   -23.967005  0.089253781   -23.877751   -21.447082    19439.081    27.397141    26.862914    26.412978  -0.20342553  -0.52088232  -0.72139143 
    2150    171.75337    -23.97883   0.08880346   -23.890027     11.30613    18857.094    27.120952    26.592109     26.14671   -0.2013748  -0.51563132   -0.7141191 
    2160    103.63275   -23.947763   0.05358234    -23.89418    36.664895    18280.168    26.841497    26.318104    25.877293  -0.19929983  -0.51031825  -0.70676081 
    2170     98.54808   -23.956313  0.050953357    -23.90536    40.914458    17710.337    26.559646    26.041749    25.605567  -0.19720707  -0.50495961  -0.69933941 
    2180    67.351191   -23.948883  0.034823299   -23.914059    38.298586    17146.974    26.274987     25.76264    25.331133  -0.19509345  -0.49954759  -0.69184408 
    2190    96.104054   -23.974522  0.049689696   -23.924832    23.335659    16591.095     25.98793    25.481181    25.054388  -0.19296204  -0.49408998  -0.68428562 
    2200     77.09317   -23.970465  0.039860297   -23.930605   -7.9689626    16043.531    25.698828    25.197717    24.775672  -0.19081544   -0.4885935  -0.67667332 
    2210    90.955611   -23.977896  0.047027742   -23.930868   -33.001905    15503.087    25.406962    24.911541     24.49429  -0.18864831  -0.48304445   -0.6689882 
    2220    67.620759   -23.963976  0.034962677   -23.929014   -47.950445    14970.293    25.112509     24.62283    24.210415  -0.18646198  -0.47744623    -0.661235 
    2230    82.208195   -23.970047  0.042504973   -23.927542   -60.376286    14446.758    24.816287    24.332384    23.924833  -0.18426252  -0.47181437  -0.65343521 
    2240    61.535351   -23.957114  0.031816273   -23.925297     -57.1623    13932.838    24.518461    24.040365    23.637706  -0.18205114  -0.46615201  -0.64559317 
    2250    89.907324   -23.972005  0.046485735    -23.92552   -32.244445    13429.437    24.219543    23.747276    23.349526  -0.17983165   -0.4604689   -0.6377224 
    2260    80.169941   -23.965838  0.041451113   -23.924387   -4.7079874    12938.821     23.92094    23.454496    23.061649  -0.17761451  -0.45479178  -0.62985992 
    2270    103.44889   -23.977374  0.053487274   -23.923886    24.253928    12461.969     23.62339    23.162748    22.774788  -0.17540518  -0.44913468  -0.62202516 
    2280    83.146752   -23.962834  0.042990245   -23.919844    61.868805    11999.652    23.327573    22.872699    22.489597  -0.17320872  -0.44351052  -0.61423603 
    2290    104.71215   -23.971251  0.054140429    -23.91711    83.285575    11553.731    23.034958     22.58579    22.207493  -0.17103603  -0.43794723  -0.60653121 
    2300    93.478213   -23.961107   0.04833203   -23.912775    72.762786    11125.218    22.746584    22.303039    21.929478  -0.16889484  -0.43246458  -0.59893805 
    2310    109.75748   -23.964796  0.056749074   -23.908047     57.31141    10712.912    22.462039    22.024043    21.655155  -0.16678208  -0.42705474  -0.59144574 
    2320    102.58431   -23.957643  0.053040253   -23.904602    27.396133     10317.14    22.181953    21.749418     21.38513  -0.16470242  -0.42172966  -0.58407082 
    2330    114.61825     -23.9578  0.059262287   -23.898538   -22.261619    9937.8247    21.906708     21.47954    21.119772  -0.16265871  -0.41649662  -0.57682336 
    2340    111.51877   -23.948119   0.05765973   -23.890459   -60.359324    9574.0539    21.636083    21.214192    20.858869  -0.16064929  -0.41135141  -0.56969756 
    2350    134.13404   -23.953215  0.069352743   -23.883863    -75.20171     9225.071    21.369937    20.953236    20.602284  -0.15867315  -0.40629138  -0.56268971 
    2360    150.83449    -23.95246  0.077987553   -23.874473   -82.850466    8891.5093    21.109203    20.697586    20.350916  -0.15673718  -0.40133423  -0.55582434 
    2370    201.68813   -23.969623   0.10428095   -23.865342   -48.025335    8572.0979    20.853344    20.446717    20.104248  -0.15483741  -0.39646977  -0.54908735 
    2380    206.30036   -23.959234   0.10666566   -23.852568    19.858132     8268.108    20.603866    20.202103    19.863732  -0.15298502  -0.39172662  -0.54251837 
    2390    209.59381   -23.935373   0.10836851   -23.827005    75.003607     7980.724    20.362328    19.965275     19.63087  -0.15119159  -0.38713443  -0.53615846 
    2400    131.19862   -23.873643  0.067835013   -23.805808    109.73947    7710.6219    20.129971    19.737448    19.406859  -0.14946632  -0.38271678  -0.53004027 
    2410    192.10478    -23.90791  0.099325969   -23.808584    91.390802    7457.3934    19.907147     19.51897     19.19204  -0.14781184  -0.37848039  -0.52417313 
    2420    165.81754    -23.91574  0.085734395   -23.830006    6.8577135    7220.8403    19.694392    19.310364    18.986928  -0.14623212  -0.37443544   -0.5185711 
    2430    226.43777    -23.97284   0.11707752   -23.855763   -71.289907    6998.5242    19.490164    19.110118    18.790036  -0.14471571  -0.37055259  -0.51319359 
    2440    136.38752   -23.944479  0.070517882   -23.873961   -137.19385    6789.0864    19.293771    18.917554    18.600698  -0.14325748  -0.36681871  -0.50802238 
    2450    150.46353   -23.971459  0.077795749   -23.893663   -156.50367      6590.49    19.103777    18.731265    18.417529  -0.14184676  -0.36320649  -0.50301967 
    2460    94.157605   -23.955519  0.048683303   -23.906835   -123.95739    6402.1994    18.920085    18.551154    18.240435  -0.14048284  -0.35971408  -0.49818288 
    2470     111.5691   -23.974091  0.057685752   -23.916406   -69.862288    6224.0561    18.742945    18.377469    18.069659  -0.13916757  -0.35634626  -0.49351865 
    2480    77.917383   -23.962345  0.040286449   -23.922058   -5.8823961    6055.8975    18.572606    18.210451    17.905439  -0.13790279  -0.35310772  -0.48903346 
    2490    92.597108   -23.972612  0.047876462   -23.924736    72.603773    5897.0287    18.408755    18.049795    17.747474  -0.13668618  -0.34999254  -0.48471911 
    2500     63.23792   -23.957644  0.032696571   -23.924947    131.57902    5747.6764    18.252013     17.89611    17.596362  -0.13552236  -0.34701252  -0.48059196 
    2510    79.770523   -23.969465  0.041244598   -23.928221    161.83925    5607.5525    18.102468    17.749481    17.452189  -0.13441198  -0.34416932   -0.4766543 
    2520     62.31677   -23.962121  0.032220299     -23.9299    153.15199    5476.6814    17.960531    17.610311     17.31535  -0.13335809  -0.34147077  -0.47291696 
    2530    92.496016   -23.982418  0.047824194   -23.934594    103.76136     5354.407    17.825859    17.478265    17.185516  -0.13235814  -0.33891035  -0.46937094 
    2540    81.047257   -23.977752  0.041904721   -23.935847    24.140281    5240.3207    17.698344    17.353237    17.062582  -0.13141133  -0.33648599  -0.46601335 
    2550    104.35248   -23.988832  0.053954465   -23.934878   -49.032623    5133.5996    17.577374    17.234626    16.945958  -0.13051313  -0.33418609  -0.46282811 
    2560    74.361394   -23.968173  0.038447858   -23.929725   -128.89444    5034.2336    17.463225    17.122703    16.835909  -0.12966556  -0.33201585  -0.45982247 
    2570    97.559664   -23.974447  0.050442305   -23.924005   -187.28173    4941.4898    17.355321    17.016902    16.731881  -0.12886436  -0.32996434  -0.45698124 
    2580    63.576432   -23.949046  0.032871595   -23.916174   -190.45093    4854.8604    17.253303    16.916874    16.633528  -0.12810688  -0.32802475  -0.45429503 
    2590    105.97628   -23.964709   0.05479404   -23.909915   -147.78242    4774.0094     17.15699    16.822439    16.540674  -0.12739175  -0.32619362  -0.45175901 
    2600    78.898939   -23.942169  0.040793953   -23.901375   -85.834915    4699.0994    17.066778    16.733986    16.453704  -0.12672192  -0.32447849  -0.44938366 
    2610    144.79626   -23.968914  0.074865542   -23.894049    22.458656    4629.7244    16.982373    16.651227     16.37233  -0.12609521  -0.32287376   -0.4471612 
    2620    108.88848   -23.939107  0.056299764   -23.882807    130.88278    4566.1694    16.904306    16.574682    16.297067  -0.12551555  -0.32138952  -0.44510561 
    2630    174.81525     -23.9684   0.09038658   -23.878013    176.60177    4508.5338    16.832881     16.50465    16.228208  -0.12498522  -0.32003156  -0.44322493 
    2640    141.62489   -23.941082  0.073225814   -23.867856      189.489    4456.5375     16.76792    16.440956    16.165581  -0.12450288  -0.31879651  -0.44151445 
    2650    208.35936    -23.96843   0.10773024     -23.8607    161.21466    4409.8897     16.70921     16.38339     16.10898  -0.12406695  -0.31768029  -0.43996856 
    2660    154.81848   -23.930992  0.080047435   -23.850945    39.828069    4368.6199    16.656922    16.332122     16.05857  -0.12367871  -0.31668619  -0.43859178 
    2670    154.56755   -23.930568  0.079917697    -23.85065   -57.700962     4331.327    16.609389    16.285516    16.012745  -0.12332578  -0.31578248  -0.43734019 
    2680    120.26263   -23.920205  0.062180657   -23.858025   -126.82948    4297.4033    16.565913    16.242888     15.97083  -0.12300296  -0.31495589  -0.43619542 
    2690    140.31259   -23.947701  0.072547304   -23.875154   -172.45889    4266.0669    16.525549    16.203311    15.931916  -0.12270326  -0.31418848   -0.4351326 
    2700    125.27491   -23.961505  0.064772213   -23.896732   -146.27958     4236.672    16.487506    16.166009    15.895239  -0.12242078  -0.31346519  -0.43413088 
    2710    117.52888    -23.97827  0.060767198   -23.917502   -67.957168    4208.8797    16.451374    16.130582    15.860406   -0.1221525  -0.31277825  -0.43317951 
    2720    94.554746    -23.98165  0.048888641   -23.932761    1.0030187    4182.7936    16.417316    16.097188    15.827571  -0.12189962  -0.31213072  -0.43228272 
    2730      84.8171   -23.983239  0.043853882   -23.939385    70.049005    4157.9707    16.384775    16.065282    15.796199    -0.121658  -0.31151205  -0.43142589 
    2740    63.345675   -23.973598  0.032752284   -23.940845    126.12247    4134.2366     16.35354    16.034656    15.766086  -0.12142608   -0.3109182  -0.43060345 
    2750    55.760146   -23.969644  0.028830258   -23.940814    144.62156    4111.4562    16.323448     16.00515    15.737075  -0.12120264  -0.31034608   -0.4298111 
    2760     43.92615   -23.962642  0.022711602    -23.93993    125.98979    4089.5508    16.294406    15.976675    15.709077  -0.12098701  -0.30979393  -0.42904641 
    2770    54.159688   -23.968564  0.028002756   -23.940561    83.938565    4068.2674     16.26609    15.948911    15.681777  -0.12077676  -0.30925557  -0.42830081 
    2780    56.925077   -23.970098  0.029432575   -23.940665    14.605499    4047.4474    16.238294    15.921657     15.65498  -0.12057037  -0.30872711  -0.42756893 
    2790    64.423929   -23.973082  0.033309786   -23.939773   -61.732251    4026.7352    16.210548    15.894452    15.628231  -0.12036435  -0.30819959  -0.42683834 
    2800    76.202318   -23.977752  0.039399691   -23.938352   -119.07451    4005.9178    16.182565    15.867014    15.601253  -0.12015658  -0.30766756  -0.42610151 
    2810    92.801197   -23.983824  0.047981985   -23.935842   -152.64007    3984.8796    16.154186    15.839189    15.573893  -0.11994586  -0.30712802  -0.42535427 
    2820    107.36924   -23.986355  0.055514253   -23.930841    -162.9528    3963.5865    16.125361    15.810926    15.546104  -0.11973184     -0.30658   -0.4245953 
    2830    104.61856   -23.979154   0.05409204   -23.925062   -122.59104    3941.7778    16.095732    15.781874    15.517539  -0.11951183  -0.30601667  -0.42381512 
    2840    115.96273   -23.975141  0.059957438   -23.915184   -42.519368     3919.549    16.065418    15.752152    15.488314  -0.11928676  -0.30544034  -0.42301695 
    2850    93.223534   -23.948056   0.04820035   -23.899856    35.794593    3897.1736    16.034789    15.722121    15.458786  -0.11905934  -0.30485802  -0.42221046 
    2860    105.02909   -23.943048  0.054304304   -23.888743    93.224926    3874.9297    16.004224    15.692151    15.429318  -0.11883238   -0.3042769  -0.42140564 
    2870    94.755077   -23.930109   0.04899222   -23.881116    107.81427    3853.0228    15.974007    15.662523    15.400187  -0.11860802   -0.3037024     -0.42061 
    2880    136.17385   -23.954846  0.070407405   -23.884439    48.342934    3831.5234     15.94424    15.633337    15.371489    -0.118387  -0.30313647  -0.41982622 
    2890     157.0491   -23.967849  0.081200755   -23.886648   -32.051684    3810.1464    15.914533    15.604209    15.342849  -0.11816642  -0.30257167  -0.41904399 
    2900    156.99601   -23.963079  0.081173308   -23.881906   -113.51247    3788.8155    15.884778    15.575035    15.314163  -0.11794549  -0.30200597  -0.41826053 
    2910    145.95124   -23.955056  0.075462713   -23.879593   -152.11809    3767.2156    15.854535    15.545381    15.285006  -0.11772093  -0.30143096  -0.41746419 
    2920    98.287329   -23.930285  0.050818537   -23.879466   -125.98234    3745.0851    15.823428     15.51488    15.255017  -0.11748996  -0.30083955  -0.41664512 
    2930    121.59648   -23.947517  0.062870314   -23.884647   -64.700146    3722.3751    15.791379    15.483456    15.224119    -0.117252  -0.30023023  -0.41580124 
    2940    87.382862   -23.937963  0.045180486   -23.892783    28.517361    3699.1407    15.758455    15.451174    15.192377  -0.11700753  -0.29960426  -0.41493431 
    2950    119.38671   -23.967648  0.061727773    -23.90592    132.62706    3675.5545    15.724891    15.418265    15.160019  -0.11675832  -0.29896613  -0.41405054 
    2960     80.17728    -23.96039  0.041454908   -23.918935    181.42955    3651.9191    15.691112    15.385145    15.127454  -0.11650751  -0.29832393  -0.41316112 
    2970    108.30677   -23.991152  0.055998995   -23.935153    186.09334    3628.0151    15.656801    15.351503    15.094376  -0.11625275   -0.2976716  -0.41225769 
    2980    69.114514   -23.983069  0.035735009   -23.947334     169.6986     3603.641     15.62166    15.317047    15.060497  -0.11599182  -0.29700348  -0.41133239 
    2990    75.633864   -23.995121  0.039105777   -23.956015    105.67664      3578.82    15.585711    15.281799    15.025839   -0.1157249  -0.29632002  -0.41038583 
    3000    50.578887   -23.986563  0.026151337   -23.960412    24.400295     3553.327    15.548616    15.245427    14.990077  -0.11544947  -0.29561475  -0.40940907 
Loop time of 37.0815 on 1 procs for 3000 steps with 5 atoms

Performance: 13.980 ns/day, 1.717 hours/ns, 80.903 timesteps/s
282.8% CPU use with 1 MPI tasks x no OpenMP threads

MPI task timing breakdown:
Section |  min time  |  avg time  |  max time  |%varavg| %total
---------------------------------------------------------------
Pair    | 36.573     | 36.573     | 36.573     |   0.0 | 98.63
Neigh   | 0.0022855  | 0.0022855  | 0.0022855  |   0.0 |  0.01
Comm    | 0.0090842  | 0.0090842  | 0.0090842  |   0.0 |  0.02
Output  | 0.45238    | 0.45238    | 0.45238    |   0.0 |  1.22
Modify  | 0.03587    | 0.03587    | 0.03587    |   0.0 |  0.10
Other   |            | 0.00847    |            |       |  0.02

Nlocal:    5 ave 5 max 5 min
Histogram: 1 0 0 0 0 0 0 0 0 0
Nghost:    1 ave 1 max 1 min
Histogram: 1 0 0 0 0 0 0 0 0 0
Neighs:    0 ave 0 max 0 min
Histogram: 1 0 0 0 0 0 0 0 0 0

Total # of neighbors = 0
Ave neighs/atom = 0
Neighbor list builds = 181
Dangerous builds = 41
Total wall time: 0:00:40
