2019-06-24 13:55:42.761613: I tensorflow/core/platform/cpu_feature_guard.cc:140] Your CPU supports instructions that this TensorFlow binary was not compiled to use: AVX512F
2019-06-24 13:55:44.964885: E tensorflow/stream_executor/cuda/cuda_driver.cc:406] failed call to cuInit: CUDA_ERROR_NO_DEVICE
2019-06-24 13:55:44.964949: I tensorflow/stream_executor/cuda/cuda_diagnostics.cc:158] retrieving CUDA diagnostic information for host: SR760-GPU-7
2019-06-24 13:55:44.964960: I tensorflow/stream_executor/cuda/cuda_diagnostics.cc:165] hostname: SR760-GPU-7
2019-06-24 13:55:44.965009: I tensorflow/stream_executor/cuda/cuda_diagnostics.cc:189] libcuda reported version is: 410.48.0
2019-06-24 13:55:44.965063: I tensorflow/stream_executor/cuda/cuda_diagnostics.cc:193] kernel reported version is: 410.48.0
2019-06-24 13:55:44.965071: I tensorflow/stream_executor/cuda/cuda_diagnostics.cc:300] kernel version seems to match DSO: 410.48.0
fo of lammps module:
  use deepmd-kit at:  /sharedext4/local/deepmd-kit-0.12.4
  source:             v0.12.4-1-ge3cd911-dirty
  source branch:      master
  source commit:      e3cd911
  source commit at:   2019-02-07 10:22:13 +0800
  build float prec:   double
  build with tf inc:  /sharedext4/local/tensorflow/r1.8.gpu.cc/include
  build with tf lib:  /sharedext4/local/tensorflow/r1.8.gpu.cc/lib/libtensorflow_cc.so;/sharedext4/local/tensorflow/r1.8.gpu.cc/lib/libtensorflow_framework.so
  >>> Info of model(s):
  using   4 model(s): ../graph.002.pb ../graph.003.pb ../graph.000.pb ../graph.001.pb 
  rcut in model:      5
  ntypes in model:    2
Neighbor list info ...
  update every 1 steps, delay 10 steps, check yes
  max neighbors/atom: 2000, page size: 100000
  master list distance cutoff = 6
  ghost atom cutoff = 6
  binsize = 3, bins = 4 4 4
  1 neighbor lists, perpetual/occasional/extra = 1 0 0
  (1) pair deepmd, perpetual
      attributes: , newton on
      pair build: full/bin/atomonly
      stencil: full/bin/3d
      bin: standard
Setting up Verlet run ...
  Unit style    : metal
  Current step  : 0
  Time step     : 0.002
Per MPI rank memory allocation (min/avg/max) = 3.949 | 3.949 | 3.949 Mbytes
Step Temp PotEng KinEng TotEng Press Volume Lx Ly Lz Xy Xz Yz 
       0          100   -23.985961  0.051704058   -23.934257    647.19827     981.8441     9.942708    10.090335    9.7866097    0.1137467    0.2526195   -0.2323225 
      10    67.598549    -23.96494  0.034951193   -23.929988     647.8891    980.23644    9.9372783    10.084825    9.7812653   0.11368458   0.25248155  -0.23219563 
      20    79.670821   -23.966853  0.041193048    -23.92566    538.35394    978.33911    9.9308627    10.078314    9.7749504   0.11361119   0.25231854  -0.23204572 
      30    54.605776   -23.951441  0.028233402   -23.923207      249.033    976.16924    9.9235154    10.070857    9.7677184   0.11352713   0.25213186  -0.23187404 
      40    77.833319   -23.961347  0.040242984   -23.921104   -54.483571    973.62866    9.9148989    10.062113    9.7592372   0.11342856   0.25191294  -0.23167271 
      50    69.668587   -23.951823  0.036021486   -23.915801   -275.85124    970.67487    9.9048621    10.051927     9.749358   0.11331374   0.25165793  -0.23143819 
      60    109.32937   -23.967569  0.056527723   -23.911041   -460.90983    967.29072     9.893338    10.040232    9.7380148    0.1131819   0.25136513  -0.23116891 
      70    120.45621     -23.9608  0.062280747   -23.898519   -475.18628    963.43859    9.8801875    10.026886    9.7250707   0.11303145   0.25103101  -0.23086164 
      80    136.35079   -23.958134  0.070498893   -23.887635   -157.60348    959.02053    9.8650618    10.011536    9.7101825   0.11285841    0.2506467  -0.23050821 
      90    136.65116   -23.942069  0.070654193   -23.871414     286.3352    954.09322    9.8481377    9.9943604    9.6935241    0.1126648    0.2502167  -0.23011276 
     100    109.39576   -23.902022  0.056562045    -23.84546    808.59162    948.67531     9.829461    9.9754065    9.6751407   0.11245113   0.24974218  -0.22967636 
     110     148.2575   -23.910101  0.076655144   -23.833446    1257.2247    942.82615    9.8092179    9.9548627    9.6552153   0.11221954   0.24922785  -0.22920335 
     120    172.92368   -23.922272  0.089408559   -23.832864    1274.2618    936.71697    9.7879852    9.9333148     9.634316   0.11197664   0.24868838  -0.22870723 
     130    233.54369   -23.971711   0.12075157    -23.85096    981.51051    930.26119    9.7654473    9.9104423     9.612132    0.1117188   0.24811575  -0.22818061 
     140     182.4772   -23.944255   0.09434812   -23.849906    653.07117     923.3987     9.741375    9.8860125    9.5884375   0.11144341   0.24750413  -0.22761813 
     150    159.70264   -23.928141  0.082572744   -23.845568   -36.384761    916.15417    9.7158327     9.860091    9.5632963    0.1111512   0.24685516   -0.2270213 
     160    101.18997    -23.90352  0.052319321   -23.851201   -780.81325     908.4214      9.68842    9.8322713     9.536314   0.11083759   0.24615867  -0.22638078 
     170    104.67256   -23.916508  0.054119962   -23.862388   -1295.0919     900.0525    9.6585764    9.8019846    9.5069389   0.11049617   0.24540042  -0.22568345 
     180    95.371743    -23.92488  0.049311061   -23.875569    -1586.922     890.9995    9.6260843    9.7690101    9.4749569   0.11012446   0.24457488  -0.22492423 
     190    136.21108   -23.960361  0.070426658   -23.889934   -1448.1896    881.17239    9.5905637     9.732962     9.439994   0.10971809   0.24367239  -0.22409425 
     200    137.79103   -23.970274  0.071243555    -23.89903   -906.78408    870.61168    9.5520958     9.693923      9.40213   0.10927801   0.24269502  -0.22319541 
     210    145.71512   -23.976427  0.075340631   -23.901087   -191.00175    859.40585    9.5109363    9.6521524    9.3616168   0.10880714   0.24164926  -0.22223367 
     220    107.24686   -23.949349   0.05545098   -23.893898    530.17486    847.59509    9.4671658     9.607732    9.3185334    0.1083064   0.24053716  -0.22121092 
     230    99.654276   -23.944523  0.051525305   -23.892998    941.92387    835.22628    9.4208891    9.5607682    9.2729832   0.10777698   0.23936138  -0.22012962 
     240    95.187907   -23.949142  0.049216011   -23.899926    1004.1462    822.29408    9.3720133    9.5111666    9.2248747   0.10721783   0.23811956  -0.21898758 
     250    107.35651   -23.962967  0.055507673   -23.907459    693.36665    808.77671     9.320375    9.4587617    9.1740472   0.10662708   0.23680757  -0.21778099 
     260    113.94839   -23.968203  0.058915943   -23.909288    -6.184011    794.61512    9.2656548     9.403229    9.1201861   0.10600107   0.23541726  -0.21650239 
     270    85.915169   -23.946347  0.044421629   -23.901925   -637.93233    779.63557    9.2070617    9.3437659    9.0625129   0.10533075   0.23392856   -0.2151333 
     280    71.668373   -23.937763  0.037055457   -23.900708   -997.33975    763.71221    9.1439481    9.2797152    9.0003901   0.10460872     0.232325  -0.21365858 
     290    47.819972   -23.925356  0.024724866   -23.900631   -1210.6156    746.84231    9.0761182    9.2108782    8.9336252   0.10383273   0.23060161  -0.21207366 
     300    80.446228   -23.947603  0.041593964   -23.906009   -1100.7762    728.95433    9.0030697    9.1367451    8.8617235   0.10299704   0.22874563   -0.2103668 
     310    88.534157   -23.959662  0.045775752   -23.913886   -623.76485    710.02715    8.9244643    9.0569726    8.7843522   0.10209778   0.22674846   -0.2085301 
     320    139.62243   -23.992687   0.07219046   -23.920496   -9.8928045    690.08848    8.8401323    8.9713884    8.7013442     0.101133   0.22460579  -0.20655959 
     330     116.4775   -23.983663  0.060223594    -23.92344    649.49191    669.16746    8.7498803    8.8797964    8.6125091    0.1001005   0.22231271  -0.20445075 
     340    133.93894   -23.989901  0.069251869   -23.920649    1283.4279    647.28228    8.6534326    8.7819166    8.5175756  0.098997114   0.21986222  -0.20219714 
     350    71.764009   -23.950471  0.037104905   -23.913366    1731.2748    624.45868    8.5505046    8.6774604    8.4162636  0.097819596   0.21724707  -0.19979211 
     360    81.742531   -23.952094  0.042264206    -23.90983    1763.6107    600.72478    8.4407756    8.5661022    8.3082573  0.096564273   0.21445913  -0.19722817 
     370    34.714318   -23.922665  0.017948711   -23.904716    1505.7825    576.10752    8.3238649    8.4474556     8.193182  0.095226789   0.21148872  -0.19449642 
     380    71.774377   -23.944637  0.037110266   -23.907527    1063.4448    550.64821    8.1993971    8.3211397    8.0706684  0.093802851    0.2083263  -0.19158809 
     390    71.053941   -23.946658  0.036737771    -23.90992    306.87088    524.44248    8.0672056    8.1869855    7.9405523  0.092290553   0.20496765  -0.18849929 
     400    119.05131   -23.972749   0.06155436   -23.911194   -484.01721    497.58164    7.9270565    8.0447555    7.8026035  0.090687217   0.20140681  -0.18522455 
     410    147.23362   -23.990502  0.076125757   -23.914377   -686.14836    470.19479    7.7788688    7.8943675    7.6567422  0.088991918   0.19764172  -0.18176197 
     420    128.14605   -23.971714  0.066256707   -23.905457   -868.02613     442.5629    7.6234024    7.7365928    7.5037166  0.087213349   0.19369171  -0.17812933 
     430    118.88009   -23.949817  0.061465832   -23.888351   -1103.8792    414.94606    7.4614126    7.5721978    7.3442701  0.085360151   0.18957595  -0.17434426 
     440    53.500776   -23.894349  0.027662072   -23.866687   -946.86547    387.56671    7.2935561    7.4018491    7.1790489  0.083439838   0.18531114   -0.1704221 
     450    110.64037    -23.92222  0.057205559   -23.865014   -1800.4953    360.74826    7.1212886    7.2270238     7.009486   0.08146906   0.18093425  -0.16639688 
     460    132.66121   -23.938018  0.068591229   -23.869427   -2915.7587    334.71664    6.9457041    7.0488322    6.8366581  0.079460336   0.17647308  -0.16229415 
     470    222.93639   -23.987695   0.11526716   -23.872428   -3181.9366    309.69537    6.7681308    6.8686224    6.6618727   0.07742886   0.17196138  -0.15814495 
     480    156.32745   -23.940454  0.080827637   -23.859626   -2983.1285    286.02842    6.5911354     6.688999    6.4876561  0.075403995   0.16746437  -0.15400926 
     490     148.9054   -23.914425  0.076990134   -23.837435   -700.24323    265.12538    6.4264965    6.5219155    6.3256019   0.07352049    0.1632813  -0.15016228 
     500     63.75518   -23.852858  0.032964015   -23.819894    2363.7055    250.94266    6.3097963    6.4034826    6.2107339  0.072185415   0.16031624  -0.14743545 
     510    113.09965   -23.888241  0.058477108   -23.829764    3123.8124    248.09674    6.2858526    6.3791834    6.1871661  0.071911494   0.15970789  -0.14687598 
     520     119.5531   -23.931195  0.061813805   -23.869381    1360.5578    257.65845    6.3655896    6.4601044    6.2656513  0.072823703   0.16173381  -0.14873913 
     530     165.5432   -23.986917  0.085592551   -23.901325   -670.73067    276.24619    6.5151228    6.6118577    6.4128368  0.074534394   0.16553308  -0.15223314 
     540    111.46877   -23.969077   0.05763388   -23.911443   -1081.0927    299.60558    6.6938166    6.7932047    6.5887251  0.076578689   0.17007324  -0.15640852 
     550    99.642062   -23.971171  0.051518989   -23.919652   -323.51064    325.09228    6.8784839     6.980614    6.7704933  0.078691323   0.17476518  -0.16072348 
     560    43.374193   -23.946328  0.022426218   -23.923902    292.80556    351.94681    7.0628967    7.1677648    6.9520108  0.080801044   0.17945065  -0.16503249 
     570    50.578016   -23.955432  0.026150887   -23.929282    1030.0099    379.86258    7.2449047    7.3524753    7.1311613  0.082883255   0.18407502  -0.16928531 
     580    32.396093   -23.949683  0.016750095   -23.932933    1489.0082    408.57425    7.4230235    7.5332388    7.3064837  0.084920972   0.18860058  -0.17344725 
     590    65.042389   -23.972113  0.033629554   -23.938484     1451.722    437.78112    7.5958466    7.7086278    7.4765935  0.086898105   0.19299158  -0.17748546 
     600    64.188545   -23.975536  0.033188083   -23.942348    1293.9856     467.1728    7.7621677    7.8774185    7.6403034  0.088800854   0.19721739  -0.18137174 
     610    92.235121   -23.991829    0.0476893    -23.94414    990.07597    496.45116    7.9210487    8.0386585      7.79669  0.090618486   0.20125416  -0.18508417 
     620    81.990509   -23.984796   0.04239242   -23.942403    344.20186    525.36518     8.071934    8.1917841    7.9452064  0.092344647   0.20508778  -0.18860977 
     630     87.91341   -23.984601  0.045454801   -23.939146   -136.05644    553.60832    8.2140633    8.3360237    8.0851043  0.093970635   0.20869893  -0.19193078 
     640    59.149083   -23.963912  0.030582476   -23.933329   -348.20475    580.96218    8.3471803    8.4711172    8.2161314  0.095493523   0.21208111  -0.19504121 
     650    59.337519   -23.957134  0.030679905   -23.926454   -600.18786     607.2775    8.4713554     8.597136     8.338357  0.096914113   0.21523609   -0.1979427 
     660    53.130128    -23.94888  0.027470432    -23.92141   -600.34984    632.40436    8.5866177    8.7141097    8.4518097  0.098232738   0.21816462  -0.20063593 
     670    81.381236   -23.959716  0.042077401   -23.917639   -177.48356    656.22319    8.6930938    8.8221667    8.5566142  0.099450847   0.22086991  -0.20312387 
     680    100.36349   -23.965504  0.051891996   -23.913612    148.40075    678.78285    8.7915907    8.9221261    8.6535647   0.10057767   0.22337247  -0.20542536 
     690    115.61025   -23.974791  0.059775188   -23.915016     559.5204     700.0483    8.8824583    9.0143428    8.7430056   0.10161722   0.22568119  -0.20754858 
     700    99.928665   -23.955247  0.051667175   -23.903579     1059.431    720.09486    8.9664475    9.0995791    8.8256763   0.10257807   0.22781515  -0.20951108 
     710    73.494438   -23.929778  0.037999607   -23.891778     905.9498    739.08976    9.0446043    9.1788963     8.902606    0.1034722   0.22980092   -0.2113373 
     720    83.364139   -23.931961  0.043102643   -23.888858    349.56386    757.09588    9.1174656    9.2528395    8.9743234   0.10430575   0.23165214  -0.21303979 
     730    87.985747   -23.937482  0.045492202   -23.891989   -304.16346    774.11015    9.1852594    9.3216399    9.0410529   0.10508133   0.23337461  -0.21462387 
     740    125.99563   -23.964839  0.065144854   -23.899695   -1218.6325    790.20095    9.2484657    9.3857847    9.1032668   0.10580442   0.23498053  -0.21610075 
     750    120.12142   -23.961836  0.062107647   -23.899729   -1757.9653    805.27531    9.3069054    9.4450921    9.1607891   0.10647298   0.23646534  -0.21746626 
     760    133.49079   -23.969949  0.069020156   -23.900928   -1769.6931    819.35822    9.3608462    9.4998338     9.213883   0.10709008   0.23783584  -0.21872665 
     770    124.88614   -23.966918    0.0645712   -23.902347   -1500.3688    832.56746    9.4108818    9.5506123     9.263133   0.10766249   0.23910712  -0.21989579 
     780    117.48354    -23.96301   0.06074376   -23.902267   -856.22019    844.95301    9.4573187    9.5977387    9.3088409   0.10819374   0.24028697  -0.22098084 
     790    93.898956   -23.945948  0.048549571   -23.897399    48.809194    856.58585    9.5005221    9.6415835     9.351366     0.108688   0.24138466  -0.22199033 
     800    71.380702   -23.929615   0.03690672   -23.892708     722.0734    867.66814    9.5413184    9.6829856    9.3915219   0.10915472   0.24242119  -0.22294358 
     810    77.631721   -23.932216   0.04013875   -23.892077    1110.2503    878.31724    9.5801941    9.7224385    9.4297872   0.10959946   0.24340892  -0.22385196 
     820    79.971752   -23.940933  0.041348641   -23.899584    1130.8808     888.6473     9.617606    9.7604059    9.4666118   0.11002746   0.24435947  -0.22472613 
     830    121.72247   -23.970221  0.062935455   -23.907285    682.91507     898.6892    9.6536974    9.7970331    9.5021365   0.11044036   0.24527646  -0.22556944 
     840    104.98852   -23.961382  0.054283324   -23.907098    84.151907    908.38174     9.688279    9.8321282    9.5361752   0.11083598   0.24615509  -0.22637748 
     850    120.99305   -23.971407  0.062558317   -23.908848   -380.93083    917.63336    9.7210588    9.8653947    9.5684404   0.11121099   0.24698795  -0.22714342 
     860    69.916634   -23.945246  0.036149737   -23.909096   -781.75347    926.48377    9.7522115      9.89701     9.599104   0.11156738   0.24777946  -0.22787134 
     870    95.678243   -23.962256  0.049469534   -23.912787   -974.41813    934.85197    9.7814849     9.926718    9.6279178   0.11190227   0.24852322  -0.22855534 
     880    69.050824    -23.95237  0.035702078   -23.916667   -787.26132    942.68126    9.8087154    9.9543528    9.6547207    0.1122138   0.24921508  -0.22919161 
     890    114.13236   -23.981465   0.05901106   -23.922454    -364.6871    950.03019    9.8341383    9.9801531    9.6797445   0.11250464   0.24986101  -0.22978565 
     900    85.209084   -23.970125  0.044056554   -23.926069    76.571185    957.03513    9.8582494    10.004622     9.703477   0.11278048   0.25047362  -0.23034903 
     910     103.1637   -23.982556  0.053339817   -23.929216    560.78066    963.70456    9.8810966    10.027809    9.7259656   0.11304185   0.25105411  -0.23088288 
     920    54.311008   -23.956254  0.028080995   -23.928173    950.77172    970.11429     9.902955    10.049992    9.7474808   0.11329192   0.25160948  -0.23139363 
     930    63.621784   -23.960964  0.032895044   -23.928069    1045.0997    976.32998      9.92406     10.07141    9.7682545   0.11353336    0.2521457  -0.23188677 
     940    34.019955   -23.946148  0.017589697   -23.928558    890.92249    982.38959     9.944549    10.092203    9.7884218   0.11376776   0.25266627  -0.23236552 
     950    62.107655   -23.964804  0.032112178   -23.932692    592.45235    988.24232    9.9642586    10.112205    9.8078219   0.11399324   0.25316705  -0.23282605 
     960    54.167113   -23.963199  0.028006595   -23.935192    120.91273    993.88281      9.98318    10.131408    9.8264463   0.11420971   0.25364779  -0.23326817 
     970     79.01123   -23.977442  0.040852012    -23.93659    -344.6907    999.21372    10.000997     10.14949    9.8439837   0.11441354   0.25410048  -0.23368449 
     980    74.440203   -23.974072  0.038488606   -23.935583   -648.92857    1004.2005    10.017607    10.166346    9.8603328   0.11460356    0.2545225   -0.2340726 
     990    92.412456   -23.981429   0.04778099   -23.933648   -824.50567    1008.8296    10.032976    10.181943    9.8754605   0.11477939   0.25491299  -0.23443171 
    1000    85.082706   -23.973713  0.043991212   -23.929722   -850.44919    1013.0773    10.047038    10.196214    9.8893014   0.11494025   0.25527026  -0.23476028 
    1010    92.600664   -23.969669  0.047878301    -23.92179   -546.66227    1016.8407    10.059463    10.208824    9.9015322   0.11508241   0.25558597  -0.23505062 
    1020    70.681029   -23.940263   0.03654496   -23.903718   -118.69276       1020.2    10.070529    10.220054    9.9124238     0.115209   0.25586711  -0.23530918 
    1030    78.306934   -23.929514  0.040487863   -23.889027    190.42028    1023.2399    10.080521    10.230194    9.9222594   0.11532331   0.25612099  -0.23554266 
    1040    101.50701   -23.931831  0.052483243   -23.879348    377.33778    1026.0113    10.089614    10.239422    9.9312095   0.11542734   0.25635202  -0.23575513 
    1050    176.74429    -23.98065   0.09138397   -23.889266    298.18294    1028.5045     10.09778    10.247709    9.9392471   0.11552076   0.25655949  -0.23594593 
    1060    185.62374   -23.978597  0.095975008   -23.882622    109.61334    1030.6885    10.104922    10.254958    9.9462773   0.11560247   0.25674096  -0.23611282 
    1070    145.17619   -23.931733  0.075061984   -23.856671   -118.22907    1032.5196    10.110903    10.261027    9.9521641   0.11567089   0.25689292  -0.23625257 
    1080    82.280434   -23.886746  0.042542323   -23.844203   -351.60321    1033.9672    10.115626     10.26582    9.9568128   0.11572492   0.25701291  -0.23636292 
    1090    90.673507   -23.894154  0.046881883   -23.847272   -545.27988    1034.9578    10.118855    10.269098    9.9599917   0.11576186   0.25709497  -0.23643838 
    1100     147.5332   -23.943487  0.076280651   -23.867206   -926.92892    1035.5009    10.120625    10.270894    9.9617335   0.11578211   0.25713993  -0.23647973 
    1110    177.87387   -23.968064  0.091968009   -23.876096   -898.86857    1035.4209    10.120364    10.270629     9.961477   0.11577913   0.25713331  -0.23647364 
    1120    173.48465   -23.974486  0.089698605   -23.884788   -495.09282     1034.701    10.118018    10.268248    9.9591677   0.11575229    0.2570737  -0.23641882 
    1130    116.00048   -23.947411  0.059976953   -23.887434    -79.50009    1033.5144    10.114149    10.264322    9.9553593   0.11570802   0.25697539  -0.23632841 
    1140    82.359166   -23.930664  0.042583031   -23.888081    529.55196    1031.7933    10.108532    10.258621      9.94983   0.11564376   0.25683267  -0.23619716 
    1150    47.132449   -23.916126  0.024369389   -23.891757    971.60839    1029.6704    10.101594     10.25158    9.9430014   0.11556439    0.2566564  -0.23603505 
    1160     70.54479    -23.94103  0.036474519   -23.904556     1013.734    1027.2154    10.093559    10.243426    9.9350928   0.11547247   0.25645226  -0.23584731 
    1170    84.915954   -23.964202  0.043904994   -23.920297    937.76744    1024.3858    10.084283    10.234012     9.925962   0.11536635   0.25621657  -0.23563056 
    1180    113.58806   -23.992963  0.058729637   -23.934233    621.76204    1021.2192    10.073881    10.223456    9.9157235   0.11524735   0.25595229  -0.23538751 
    1190    113.50747     -23.9973  0.058687967   -23.938612    74.691194    1017.6926    10.062272    10.211674    9.9042964   0.11511454   0.25565732  -0.23511624 
    1200    102.99721    -23.98992  0.053253738   -23.936666   -341.81884    1013.6064    10.048787    10.197989     9.891023   0.11496026    0.2553147  -0.23480115 
    1210    74.953577   -23.970576  0.038754041   -23.931822   -604.53141    1008.9156    10.033261    10.182233    9.8757412   0.11478265   0.25492023  -0.23443838 
    1220    48.239591   -23.950217  0.024941826   -23.925276   -806.69861    1003.6326    10.015718    10.164429    9.8584736   0.11458195   0.25447451  -0.23402846 
    1230    40.479701    -23.94308  0.020929648    -23.92215   -766.75243    997.67287    9.9958538     10.14427    9.8389211    0.1143547    0.2539698  -0.23356431 
    1240    45.466992   -23.944399   0.02350828   -23.920891   -476.03418    990.98817    9.9734787    10.121562    9.8168973   0.11409872   0.25340131  -0.23304149 
    1250    72.964785   -23.959894  0.037725755   -23.922169   -94.973222    983.59733    9.9486225    10.096337    9.7924314   0.11381436   0.25276977   -0.2324607 
    1260     88.92799   -23.972644   0.04597938   -23.926665    398.66705    975.50768    9.9212731    10.068582    9.7655113   0.11350148   0.25207489  -0.23182165 
    1270    97.342921   -23.976834   0.05033024   -23.926503    828.63563     966.8053    9.8916828    10.038552    9.7363856   0.11316296   0.25132308  -0.23113024 
    1280    88.470525   -23.969362  0.045742851   -23.923619    987.59405    957.55214    9.8600243    10.006423    9.7052241   0.11280078   0.25051871   -0.2303905 
    1290    89.360239   -23.960314   0.04620287   -23.914111    890.09533    947.67505    9.8260052    9.9718993    9.6717391   0.11241159   0.24965437  -0.22959561 
    1300    77.985363   -23.947712  0.040321597   -23.907391    491.54474    937.13703    9.7894481    9.9347994    9.6357559   0.11199337   0.24872555  -0.22874141 
    1310    97.906606   -23.956222  0.050621688     -23.9056   -121.28281    925.86974    9.7500566    9.8948231    9.5969829   0.11154273   0.24772471  -0.22782098 
    1320    87.742037   -23.946947  0.045366194   -23.901581   -813.91263    913.78778    9.7074603    9.8515943    9.5550553   0.11105542   0.24664244  -0.22682567 
    1330    109.79622   -23.954611  0.056769099   -23.897842   -1450.4803    900.75289    9.6610811    9.8045265    9.5094043   0.11052483   0.24546406  -0.22574197 
    1340    111.94999   -23.949008  0.057882689   -23.891125   -1674.9494    886.60269    9.6102242    9.7529145    9.4593459   0.10994301   0.24417191  -0.22455364 
    1350    138.57945   -23.958461  0.071651202    -23.88681   -1429.3197    871.30414    9.5546276    9.6964924    9.4046221   0.10930698   0.24275934  -0.22325457 
    1360    152.05295   -23.962277  0.078617543    -23.88366   -842.33549    854.91166    9.4943285     9.635298    9.3452697   0.10861714   0.24122729  -0.22184561 
    1370    150.29449   -23.955486  0.077708352   -23.877777    155.14172    837.43549     9.429188    9.5691903    9.2811518   0.10787192   0.23957223  -0.22032353 
    1380    117.31668   -23.925268  0.060657486   -23.864611    1214.7085     818.9788    9.3594011    9.4983672    9.2124606   0.10707354   0.23779912  -0.21869288 
    1390    78.130212   -23.892514   0.04039649   -23.852117    1927.2589    799.67246    9.2852704    9.4231358    9.1394937   0.10622547   0.23591564  -0.21696073 
    1400    92.639378   -23.901757  0.047898318   -23.853859    2173.7151    779.59103    9.2068864     9.343588    9.0623403   0.10532874    0.2339241   -0.2151292 
    1410    130.54522    -23.93845  0.067497178   -23.870953    1689.5046    758.81583    9.1243647     9.259841    8.9811142   0.10438468   0.23182743  -0.21320099 
    1420    178.34246   -23.980538   0.09221029   -23.888328    642.09758    737.30124    9.0373027    9.1714863     8.895419   0.10338867    0.2296154  -0.21116669 
    1430    165.30851   -23.984797  0.085471207   -23.899325   -403.53257    714.95439    8.9450606    9.0778746    8.8046251    0.1023334   0.22727176  -0.20901135 
    1440    132.79327   -23.972628  0.068659509   -23.903968   -1308.4317    691.81649    8.8475049    8.9788705     8.708601   0.10121734   0.22479311  -0.20673185 
    1450    81.973547   -23.951515   0.04238365   -23.909132   -1894.5142     667.9471     8.744558    8.8743951    8.6072704   0.10003961   0.22217749  -0.20432638 
    1460    58.058982   -23.946402   0.03001885   -23.916383   -1951.7333    643.42575    8.6362125    8.7644409    8.5006259  0.098800113    0.2194247  -0.20179477 
    1470    50.352827   -23.949258  0.026034455   -23.923224   -1568.1279    618.39501    8.5227385    8.6492821    8.3889335  0.097501947   0.21654161  -0.19914332 
    1480      57.6071   -23.960424  0.029785208   -23.930639   -880.07443    593.02788    8.4045709    8.5293599     8.272621  0.096150083   0.21353926   -0.1963822 
    1490    66.524648   -23.970556  0.034395943    -23.93616    6.3681216    567.49164    8.2821609    8.4051324    8.1521328  0.094749687   0.21042913  -0.19352196 
    1500     62.18376   -23.971683  0.032151528   -23.939531    884.41181    541.95233     8.156006    8.2771044    8.0279585  0.093306448   0.20722384  -0.19057421 
    1510    70.959008   -23.980789  0.036688687     -23.9441    1580.1645    516.55149    8.0265401    8.1457162    7.9005252  0.091825331   0.20393444  -0.18754909 
    1520    61.768465   -23.976769  0.031936803   -23.944832    1964.7778    491.42639    7.8942341    8.0114457    7.7702963  0.090311721   0.20057287  -0.18445761 
    1530    74.255361   -23.983087  0.038393035   -23.944694    1788.5601    466.71715    7.7596434    7.8748567    7.6378187  0.088771975   0.19715325  -0.18131275 
    1540    65.595974   -23.974645   0.03391578    -23.94073    1061.3478    442.53646    7.6232505    7.7364387    7.5035672  0.087211612   0.19368785  -0.17812578 
    1550    65.320909   -23.967307  0.033773561   -23.933533    39.342063    418.95875    7.4853871    7.5965283    7.3678682  0.085634424   0.19018508  -0.17490445 
    1560    48.005466   -23.951093  0.024820774   -23.926272   -1225.8405    396.06424    7.3464757    7.4555544    7.2311377  0.084045249   0.18665569  -0.17165863 
    1570     58.73397   -23.947122  0.030367846   -23.916754   -2378.5723    373.91614    7.2069014    7.3139077    7.0937546  0.082448489   0.18310945  -0.16839732 
    1580    72.465466   -23.946419  0.037467586   -23.908952    -2843.609    352.57565    7.0671007    7.1720312    6.9561488  0.080849139   0.17955746  -0.16513072 
    1590    120.63342   -23.966451  0.062372376   -23.904079   -2775.0245    332.12686    6.9277442    7.0306056    6.8189801  0.079254871   0.17601676   -0.1618745 
    1600    166.87656   -23.985521  0.086281954   -23.899239   -1824.2283    312.63143     6.789452    6.8902601    6.6828591  0.077672779    0.1725031  -0.15864314 
    1610    175.19111   -23.984757  0.090580912   -23.894177     730.2545    294.21665    6.6534402    6.7522289    6.5489827  0.076116775   0.16904738  -0.15546508 
    1620    138.29118   -23.943357  0.071502149   -23.871855    3811.0861    277.73003    6.5267671     6.623675    6.4242984  0.074667608   0.16582893  -0.15250522 
    1630    68.466293   -23.881124  0.035399852   -23.845725    6027.8959     265.1892    6.4270121    6.5224388    6.3261095  0.073526389   0.16329441  -0.15017433 
    1640    81.410378   -23.884196  0.042092469   -23.842104    6164.6058    259.02698    6.3768398    6.4715216    6.2767248  0.072952407   0.16201965    -0.149002 
    1650    127.88707   -23.923434  0.066122804   -23.857312    3914.8106    260.12636    6.3858488    6.4806643    6.2855924  0.073055472   0.16224855   -0.1492125 
    1660    192.35554   -23.967854  0.099455618   -23.868399    505.20242    266.63572    6.4386766    6.5342765    6.3375908  0.073659834   0.16359077  -0.15044689 
    1670    153.55083   -23.947902  0.079392011    -23.86851   -2291.0167    275.10255    6.5061196    6.6027209     6.403975  0.074431396   0.16530433  -0.15202277 
    1680    112.99362   -23.929351  0.058422288   -23.870929   -3619.8808    284.94986    6.5828404    6.6805808    6.4794912  0.075309098   0.16725361  -0.15381543 
    1690    88.404005   -23.927086  0.045708458   -23.881377   -3454.6392    296.24104    6.6686652      6.76768    6.5639687  0.076290953   0.16943421  -0.15582083 
    1700    120.26468   -23.957512  0.062181722    -23.89533   -2248.7103    308.36701    6.7584402    6.8587879    6.6523342  0.077317998   0.17171517  -0.15791852 
    1710    141.27881   -23.980132  0.073046879   -23.907085    61.986943    320.72426    6.8475379    6.9492084     6.740033  0.078337294   0.17397892  -0.16000039 
    1720    139.43915   -23.986732  0.072095699   -23.914637    2217.2661    333.32402    6.9360579    7.0390428    6.8271633  0.079349982   0.17622799  -0.16206876 
    1730    111.21385   -23.969216  0.057502073   -23.911714     3418.055    346.19104    7.0241824    7.1284758    6.9139043  0.080358145   0.17846702  -0.16412788 
    1740    79.661095   -23.947008  0.041188019    -23.90582    3881.0199    359.30455    7.1117762    7.2173701    7.0001229  0.081360236   0.18069256  -0.16617461 
    1750    67.041115    -23.93959  0.034662977   -23.904927    3221.8063    372.66449    7.1988509    7.3057377    7.0858305  0.082356389   0.18290491  -0.16820921 
    1760    65.222977   -23.944095  0.033722926   -23.910372    1663.0994    386.25736    7.2853334    7.3935042    7.1709552  0.083345767   0.18510221  -0.17022997 
    1770    82.714442   -23.959607  0.042766723    -23.91684   -22.854369    400.02155    7.3708624    7.4803032    7.2551415  0.084324238    0.1872753  -0.17222845 
    1780    76.002374   -23.959976  0.039296311    -23.92068    -1642.387    413.90881    7.4551902    7.5658831    7.3381454  0.085288966   0.18941786  -0.17419886 
    1790    86.071101   -23.968156  0.044502252   -23.923654    -2683.538    427.85111    7.5379756    7.6498977    7.4196311  0.086236049   0.19152123  -0.17613324 
    1800    82.392753   -23.968498  0.042600397   -23.925898   -2965.5563    441.81093    7.6190822    7.7322085    7.4994643  0.087163925   0.19358194  -0.17802838 
    1810     107.7603   -23.985243  0.055716449   -23.929526   -2660.0522    455.76358    7.6984574    7.8127622    7.5775934  0.088071995   0.19559867  -0.17988307 
    1820    97.739092    -23.98399  0.050535077   -23.933455    -1656.128    469.67642    7.7760091    7.8914654    7.6539275  0.088959203   0.19756907  -0.18169516 
    1830    104.92865   -23.981372  0.054252371    -23.92712   -204.39224    483.54937     7.851828    7.9684101    7.7285561  0.089826587   0.19949544  -0.18346675 
    1840    55.150882   -23.940519  0.028515244   -23.912004    788.07686    497.45609    7.9263898    8.0440789    7.8019472  0.090679589   0.20138986  -0.18520897 
    1850    79.755704   -23.940705  0.041236936   -23.899469    1369.6703    511.40726    7.9998063    8.1185855    7.8742111   0.09151949    0.2032552  -0.18692443 
    1860    90.567633   -23.944861  0.046827142   -23.898034    1204.7156    525.44617    8.0723488     8.192205    7.9456147  0.092349391   0.20509832  -0.18861946 
    1870    196.21498   -23.996993   0.10145111   -23.895542   -84.622133    539.59095     8.144143    8.2650653    8.0162818  0.093170733   0.20692243  -0.19029702 
    1880    136.46523   -23.933727   0.07055806   -23.863169   -1066.3673    553.71013    8.2145668    8.3365347    8.0855999  0.093976396   0.20871173  -0.19194255 
    1890    141.99874   -23.916137  0.073419113   -23.842718   -1570.6006    567.71073    8.2832266    8.4062139    8.1531818  0.094761879    0.2104562  -0.19354686 
    1900     84.05884    -23.87335  0.043461831   -23.829888   -1423.4952    581.51685    8.3498359    8.4738123    8.2187454  0.095523904   0.21214858  -0.19510326 
    1910    201.32258   -23.948146   0.10409194   -23.844054    -593.0826    595.06047    8.4141621    8.5390935    8.2820616  0.096259809   0.21378295  -0.19660631 
    1920    227.25799   -23.980055    0.1175016   -23.862553    583.59997    608.41523    8.4766425    8.6025016    8.3435611  0.096974598   0.21537042  -0.19806624 
    1930    187.17339    -23.95856  0.096776237   -23.861784    1880.2408    621.65598    8.5376932    8.6644588    8.4036533  0.097673031   0.21692157  -0.19949276 
    1940    124.99933   -23.914506  0.064629728   -23.849876    2008.8038    634.95275     8.598136     8.725799    8.4631472   0.09836451   0.21845727  -0.20090507 
    1950     113.8715    -23.93089  0.058876188   -23.872014    1205.3302    648.25007    8.6577432    8.7862912    8.5218185  0.099046428   0.21997174  -0.20229786 
    1960    159.19991   -23.982938  0.082312811   -23.900626   -2.2162856    661.41744    8.7159699    8.8453825    8.5791311  0.099712554   0.22145113  -0.20365839 
    1970    114.17129    -23.96598   0.05903119   -23.906948   -1306.5025    674.36962    8.7724959    8.9027477    8.6347696   0.10035922   0.22288732  -0.20497918 
    1980    105.48979   -23.964331    0.0545425   -23.909789   -1962.1121    686.92784    8.8266156     8.957671    8.6880397   0.10097836   0.22426237  -0.20624375 
    1990    47.795736   -23.938308  0.024712335   -23.913596   -2004.4026    699.04728    8.8782225    9.0100442    8.7388364   0.10156876   0.22557357   -0.2074496 
    2000    68.944487   -23.954902  0.035647097   -23.919255   -1611.2052    710.72286    8.9273782    9.0599298    8.7872204   0.10213111   0.22682249  -0.20859818 
    2010    52.033794   -23.951652  0.026903583   -23.924748   -792.12423    721.95548    8.9741635    9.1074097    8.8332712   0.10266634   0.22801119  -0.20969137 
    2020    92.386027   -23.976637  0.047767325    -23.92887    221.43055    732.77179    9.0187584    9.1526667    8.8771659   0.10317652   0.22914424  -0.21073338 
    2030    61.666405   -23.959467  0.031884034   -23.927583    1141.0983    743.24637     9.061528    9.1960714    8.9192641   0.10366581   0.23023091  -0.21173274 
    2040    88.208121   -23.972182  0.045607178   -23.926574    1884.9379    753.39135    9.1025705    9.2377232    8.9596621   0.10413535   0.23127369  -0.21269175 
    2050    58.881891   -23.955424  0.030444327    -23.92498    2171.6793    763.28927    9.1422598    9.2780018    8.9987284    0.1045894    0.2322821  -0.21361913 
    2060    108.92755   -23.985094  0.056319965   -23.928774    1899.4011    772.93649     9.180615    9.3169266    9.0364814   0.10502819   0.23325661  -0.21451535 
    2070    95.061887   -23.977269  0.049150853   -23.928119    1277.3896    782.29796    9.2175303    9.3543899    9.0728171   0.10545051   0.23419454  -0.21537791 
    2080     138.9188    -23.99777  0.071826657   -23.925944    408.27528    791.31527     9.252811    9.3901944    9.1075439   0.10585413   0.23509093  -0.21620228 
    2090    87.425402   -23.961542   0.04520248    -23.91634   -627.70284    799.96586    9.2864058    9.4242881    9.1406113   0.10623846   0.23594449  -0.21698726 
    2100    85.211216    -23.95071  0.044057657   -23.906652   -1357.7451     808.0878    9.3177279    9.4560752    9.1714416   0.10659679   0.23674031  -0.21771914 
    2110    46.405578     -23.9221  0.023993567   -23.898107   -1661.4566    815.58534    9.3464563    9.4852302     9.199719   0.10692545   0.23747023  -0.21839041 
    2120    92.861731     -23.9437  0.048013283   -23.895687   -1568.1623    822.40415    9.3724314     9.511591    9.2252863   0.10722261   0.23813019  -0.21899735 
    2130    121.73618   -23.961498  0.062942547   -23.898556   -836.90879    828.51934    9.3956044    9.5351081    9.2480955   0.10748772   0.23871896  -0.21953881 
    2140    146.96343    -23.97388  0.075986059   -23.897894    229.99528    834.04112     9.416431    9.5562439    9.2685951   0.10772598   0.23924811  -0.22002545 
    2150    126.22044   -23.949639   0.06526109   -23.884378    1182.7532    839.13383    9.4355579    9.5756548    9.2874217   0.10794479   0.23973408  -0.22047237 
    2160    82.815755   -23.900904  0.042819106   -23.858085    1921.4426    843.84294    9.4531753    9.5935338    9.3047626   0.10814634   0.24018169  -0.22088402 
    2170     143.3165   -23.931519  0.074100448   -23.857418     1782.899    848.37011    9.4700505    9.6106595    9.3213728    0.1083394   0.24061045  -0.22127833 
    2180    201.76114   -23.965638    0.1043187    -23.86132    970.92929    852.72068    9.4862108    9.6270598    9.3372794   0.10852427   0.24102104  -0.22165593 
    2190    288.23291   -23.991457   0.14902811   -23.842429   -220.70332     856.8765    9.5015965    9.6426739    9.3524236   0.10870029   0.24141195  -0.22201544 
    2200    176.74582   -23.897689   0.09138476   -23.806305    -1361.348    860.71068    9.5157474    9.6570349    9.3663523   0.10886218   0.24177149  -0.22234609 
    2210     195.7758   -23.884118   0.10122403   -23.782894   -1684.2468    863.89743    9.5274768    9.6689385    9.3778976   0.10899637   0.24206951  -0.22262016 
    2220    206.37716   -23.889136   0.10670537   -23.782431   -1368.5754    866.42787    9.5367701    9.6783697    9.3870449   0.10910268   0.24230563  -0.22283731 
    2230    300.07747   -23.971876   0.15515223   -23.816724   -215.97622    868.34643    9.5438041    9.6855081    9.3939685   0.10918315   0.24248434  -0.22300166 
    2240    149.61086   -23.893918  0.077354884   -23.816563    879.29482    870.09311    9.5501989    9.6919979    9.4002629   0.10925631   0.24264682  -0.22315109 
    2250    101.20318   -23.884482  0.052326152   -23.832156    1225.9219    871.81307    9.5564875    9.6983799    9.4064528   0.10932826    0.2428066  -0.22329803 
    2260      116.446    -23.93779  0.060207306   -23.877583    661.87854    873.51769     9.562712    9.7046968    9.4125795   0.10939946   0.24296475  -0.22344347 
    2270    153.45075   -23.982073  0.079340262   -23.902733   -230.68278    875.00045    9.5681197    9.7101848    9.4179024   0.10946133   0.24310214  -0.22356983 
    2280    125.01754   -23.972018  0.064639141   -23.907379   -782.12553    876.07243    9.5720254    9.7141485    9.4217468   0.10950601   0.24320138  -0.22366109 
    2290    94.058798   -23.958794  0.048632215   -23.910162   -1122.0154    876.73724    9.5744461    9.7166051    9.4241294   0.10953371   0.24326288  -0.22371765 
    2300    71.340301   -23.949352  0.036885831   -23.912466   -1122.0065    876.97078    9.5752961    9.7174678    9.4249661   0.10954343   0.24328448  -0.22373751 
    2310    68.456105   -23.953991  0.035394584   -23.918596   -673.78704    876.74784    9.5744847    9.7166443    9.4241674   0.10953415   0.24326386  -0.22371855 
    2320    86.787255   -23.968255  0.044872533   -23.923383   -74.868525     876.1594    9.5723422      9.71447    9.4220586   0.10950964   0.24320943  -0.22366849 
    2330     90.42983     -23.9736  0.046755892   -23.926844    595.90309    875.28179    9.5691451    9.7112254    9.4189116   0.10947306   0.24312819  -0.22359378 
    2340    102.81628   -23.983001   0.05316019   -23.929841      1235.38    874.21271    9.5652475      9.70727    9.4150753   0.10942847   0.24302917  -0.22350271 
    2350    81.195932   -23.969666  0.041981592   -23.927684    1519.7195     873.0792    9.5611116    9.7030726    9.4110043   0.10938116   0.24292408  -0.22340607 
    2360    92.171636   -23.975616  0.047656476   -23.927959    1442.6854    871.88162     9.556738    9.6986341    9.4066994   0.10933112   0.24281296  -0.22330388 
    2370    81.284065    -23.96779   0.04202716   -23.925763      1116.46    870.58195    9.5519871    9.6938127     9.402023   0.10927677   0.24269225  -0.22319287 
    2380    88.077887   -23.968197  0.045539842   -23.922657    474.24696     869.2041    9.5469452    9.6886959    9.3970603   0.10921909   0.24256415  -0.22307506 
    2390    75.937563   -23.957236  0.039262802   -23.917974   -304.67067    867.71178    9.5414784    9.6831479    9.3916793   0.10915655   0.24242525  -0.22294732 
    2400    73.852775    -23.94788  0.038184882   -23.909695   -960.21577    865.99814    9.5351931    9.6767693    9.3854927   0.10908464   0.24226556  -0.22280046 
    2410    69.363287   -23.937964  0.035863634     -23.9021   -1377.5301    863.97767    9.5277718    9.6692378    9.3781879   0.10899974     0.242077  -0.22262705 
    2420    101.07981   -23.949822  0.052262361    -23.89756   -1404.5245    861.60539    9.5190435    9.6603799    9.3695966   0.10889989   0.24185524   -0.2224231 
    2430    129.49413   -23.961049  0.066953719   -23.894096   -946.40467    858.88392    9.5090106    9.6501981    9.3597212   0.10878511   0.24160033  -0.22218867 
    2440    149.11069   -23.965925  0.077096276   -23.888829   -203.37212    855.90232    9.4979944    9.6390183     9.348878   0.10865908   0.24132043  -0.22193127 
    2450    128.01994    -23.93424  0.066191505   -23.868048    699.71404     852.7281    9.4862383    9.6270877    9.3373065   0.10852459   0.24102174  -0.22165658 
    2460      119.198   -23.909665  0.061630205   -23.848035    1260.7959     849.5205     9.474329    9.6150015    9.3255841   0.10838834   0.24071915   -0.2213783 
    2470     194.1044   -23.961133   0.10035985   -23.860773    1013.2534    846.44873    9.4628958    9.6033986    9.3143305   0.10825755   0.24042866  -0.22111115 
    2480    223.61518   -23.984183   0.11561812   -23.868565    485.60739    843.39529    9.4515034    9.5918371    9.3031169   0.10812722   0.24013921  -0.22084496 
    2490    207.67773   -23.964397   0.10737781   -23.857019   -195.00465    840.33708    9.4400657    9.5802295    9.2918588   0.10799636   0.23984861   -0.2205777 
    2500    116.74839   -23.906305  0.060363657   -23.845942   -752.38594    837.12694    9.4280298    9.5680149    9.2800118   0.10785867   0.23954281  -0.22029647 
    2510     84.33294   -23.896133  0.043603552    -23.85253   -977.90369    833.67053    9.4150361    9.5548283    9.2672222   0.10771002   0.23921267  -0.21999286 
    2520    83.162164   -23.919016  0.042998214   -23.876017   -840.46227    829.89631    9.4008066    9.5403875     9.253216   0.10754723   0.23885113  -0.21966037 
    2530    121.95255   -23.969219  0.063054416   -23.906165   -527.56774    825.89502    9.3856738      9.52503    9.2383208   0.10737411   0.23846665  -0.21930677 
    2540    116.46628   -23.989704  0.060217795   -23.929486   -26.144212    821.71788    9.3698237    9.5089445    9.2227195   0.10719278   0.23806393  -0.21893642 
    2550    101.58604   -23.990888  0.052524106   -23.938364    454.18148     817.4568    9.3535997    9.4924796    9.2067502   0.10700717   0.23765172  -0.21855732 
    2560    68.912473   -23.972544  0.035630545   -23.936913    731.52769    813.15588    9.3371666    9.4758026    9.1905752   0.10681918    0.2372342  -0.21817335 
    2570    53.491697   -23.961336  0.027657378   -23.933679    703.86547    808.82206    9.3205492    9.4589384    9.1742187   0.10662907   0.23681199  -0.21778506 
    2580    46.362741   -23.959178  0.023971418   -23.935206    474.04243    804.43178    9.3036546     9.441793    9.1575893   0.10643579   0.23638274   -0.2173903 
    2590    55.492927   -23.967207  0.028692095   -23.938514    55.387271    799.97848    9.2864546    9.4243377    9.1406594   0.10623902   0.23594573  -0.21698841 
    2600    68.710486   -23.977089   0.03552611   -23.941563   -521.71932     795.4404    9.2688614    9.4064832    9.1233424   0.10603775   0.23549873  -0.21657732 
    2610    75.102107    -23.97975  0.038830837   -23.940919   -1016.7311    790.74084    9.2505715    9.3879217    9.1053396   0.10582851   0.23503403  -0.21614996 
    2620    84.061244   -23.980531  0.043463075   -23.937068   -1227.9554     785.8164    9.2313284    9.3683929    9.0863986   0.10560837   0.23454511  -0.21570032 
    2630    79.791073   -23.972956  0.041255223   -23.931701   -1229.2665    780.66786    9.2111236    9.3478881     9.066511   0.10537722   0.23403176  -0.21522821 
    2640    97.292384   -23.977374   0.05030411   -23.927069   -889.28622    775.26553    9.1898269    9.3262752    9.0455487   0.10513358   0.23349066  -0.21473059 
    2650    83.281665   -23.962596  0.043060001   -23.919536   -194.37957    769.61597    9.1674496    9.3035656    9.0235227   0.10487758   0.23292211  -0.21420772 
    2660    99.912221   -23.960862  0.051658673   -23.909203    585.81764    763.76413    9.1441553    9.2799255    9.0005941   0.10461109   0.23233026  -0.21366342 
    2670    66.331409   -23.930976   0.03429603   -23.896679    1334.6245    757.75868    9.1201255    9.2555389    8.9769415   0.10433618   0.23171972  -0.21310194 
    2680    92.943755   -23.933983  0.048055693   -23.885927    1933.0245    751.63628    9.0954966    9.2305444    8.9526994   0.10405442   0.23109397  -0.21252646 
    2690    80.494457   -23.924024  0.041618901   -23.882405    1974.1032    745.49891     9.070673    9.2053522    8.9282655   0.10377043   0.23046326  -0.21194643 
    2700    163.69383   -23.970695  0.084636355   -23.886059    1485.1004     739.3183    9.0455364    9.1798423    8.9035235   0.10348287    0.2298246  -0.21135908 
    2710    148.00181   -23.961998  0.076522944   -23.885475    652.49398    733.07604    9.0200065    9.1539333    8.8783944    0.1031908   0.22917595  -0.21076255 
    2720    190.95711   -23.980098  0.098732573   -23.881365   -333.59593    726.71011     8.993821    9.1273591      8.85262   0.10289123   0.22851064  -0.21015069 
    2730    112.68398    -23.93445  0.058262188   -23.876188   -1184.5739    720.13833     8.966628    9.0997623    8.8258539   0.10258014   0.22781973   -0.2095153 
    2740    128.31793   -23.939764  0.066345576   -23.873419   -1705.7083    713.26231    8.9379983    9.0707075    8.7976737   0.10225261   0.22709232  -0.20884633 
    2750    94.614991    -23.92511   0.04891979   -23.876191   -1550.4375    706.00997    8.9076016    9.0398595    8.7677542   0.10190486   0.22632002  -0.20813608 
    2760    141.45786   -23.959475  0.073139455   -23.886335   -923.06053    698.44375    8.8756667    9.0074504    8.7363207   0.10153952   0.22550863  -0.20738989 
    2770     127.4775   -23.962383  0.065911043   -23.896472   -210.60828    690.67643    8.8426422    8.9739356    8.7038147   0.10116171   0.22466956  -0.20661823 
    2780    111.20284   -23.965627  0.057496382   -23.908131    744.26303    682.68428    8.8084023    8.9391873    8.6701123      0.10077   0.22379961  -0.20581818 
    2790    76.165533   -23.952636  0.039380672   -23.913255    1465.0733    674.55845    8.7733146    8.9035786    8.6355755   0.10036859   0.22290812  -0.20499831 
    2800    40.848094   -23.945927  0.021120122   -23.924807    1426.5639    666.38924    8.7377544    8.8674904    8.6005736  0.099961774   0.22200462  -0.20416741 
    2810     53.68318   -23.969101  0.027756383   -23.941344     1068.456    658.11934    8.7014586    8.8306557    8.5648476  0.099546542   0.22108244  -0.20331932 
    2820    37.835238   -23.972202  0.019562353    -23.95264    508.91601    649.70141    8.6641995    8.7928434    8.5281735   0.09912029   0.22013578  -0.20244872 
    2830    62.149822   -23.992916   0.03213398   -23.960782   -229.74612    641.08878     8.625744    8.7538169    8.4903217  0.098680351   0.21915872  -0.20155016 
    2840    43.262755   -23.984415    0.0223686   -23.962046    -866.0327     632.2263    8.5858117    8.7132917    8.4510164  0.098223517   0.21814414   -0.2006171 
    2850    64.265405   -23.995431  0.033227822   -23.962204   -1286.7211    623.08047    8.5442094    8.6710718    8.4100673  0.097747578   0.21708713  -0.19964502 
    2860    44.241587   -23.983177  0.022874696   -23.960302   -1542.7584    613.63364    8.5008084    8.6270263    8.3673476  0.097251061   0.21598441   -0.1986309 
    2870    70.736454   -23.995669  0.036573617   -23.959096   -1486.8437    603.82754    8.4552829    8.5808249    8.3225369   0.09673024   0.21482773  -0.19756715 
    2880    55.575507   -23.985179  0.028734792   -23.956444   -1008.7057    593.62989    8.4074139    8.5322451    8.2754194  0.096182608   0.21361149  -0.19644863 
    2890    81.846841   -23.995142  0.042318138   -23.952824   -299.08225     583.0448    8.3571426    8.4812274    8.2259374  0.095607494   0.21233422  -0.19527399 
    2900    52.564765   -23.971278  0.027178117     -23.9441    451.21916    572.08251    8.3044345    8.4277367    8.1740567  0.095004502   0.21099504  -0.19404241 
    2910    70.150639   -23.971343  0.036270727   -23.935072    1213.5263    560.70328    8.2490045    8.3714837     8.119497  0.094370371    0.2095867  -0.19274722 
    2920    39.440784   -23.945101  0.020392486   -23.924708    1683.3026     548.9156    8.1907882    8.3124031    8.0621947  0.093704364   0.20810757  -0.19138693 
    2930    74.312045   -23.957818  0.038422343   -23.919395    1617.4459    536.70133    8.1295791    8.2502852    8.0019466  0.093004119    0.2065524  -0.18995672 
    2940    73.393592   -23.955148  0.037947465     -23.9172    898.18728    524.03976    8.0651402    8.1848894    7.9385193  0.092266924   0.20491517  -0.18845103 
    2950    119.87474   -23.972899  0.061980105   -23.910919   -231.83411    510.82825     7.996786    8.1155203    7.8712383  0.091484937   0.20317846  -0.18685385 
    2960    87.900786   -23.944376  0.045448273   -23.898927    -1457.053    496.98422    7.9238827    8.0415346    7.7994795  0.090650908   0.20132617  -0.18515039 
    2970    109.55353   -23.946861  0.056643622   -23.890218   -2399.5918    482.41817    7.8457005    7.9621916    7.7225248  0.089756487   0.19933975  -0.18332357 
    2980    78.411147   -23.922785  0.040541745   -23.882243   -2858.4083    467.09409    7.7617318    7.8769761    7.6398743  0.088795867   0.19720631  -0.18136155 
    2990    132.54254   -23.951918  0.068529873   -23.883389   -2642.8267    450.95743     7.671301    7.7852026    7.5508633  0.087761319   0.19490869  -0.17924853 
    3000    143.17982   -23.960079  0.074029778   -23.886049   -1488.9594    433.99266    7.5738721    7.6863271     7.454964  0.086646712   0.19243327    -0.176972 
Loop time of 37.4635 on 1 procs for 3000 steps with 5 atoms

Performance: 13.837 ns/day, 1.734 hours/ns, 80.078 timesteps/s
295.6% CPU use with 1 MPI tasks x no OpenMP threads

MPI task timing breakdown:
Section |  min time  |  avg time  |  max time  |%varavg| %total
---------------------------------------------------------------
Pair    | 37.013     | 37.013     | 37.013     |   0.0 | 98.80
Neigh   | 0.0018508  | 0.0018508  | 0.0018508  |   0.0 |  0.00
Comm    | 0.012103   | 0.012103   | 0.012103   |   0.0 |  0.03
Output  | 0.39417    | 0.39417    | 0.39417    |   0.0 |  1.05
Modify  | 0.033998   | 0.033998   | 0.033998   |   0.0 |  0.09
Other   |            | 0.00836    |            |       |  0.02

Nlocal:    5 ave 5 max 5 min
Histogram: 1 0 0 0 0 0 0 0 0 0
Nghost:    130 ave 130 max 130 min
Histogram: 1 0 0 0 0 0 0 0 0 0
Neighs:    0 ave 0 max 0 min
Histogram: 1 0 0 0 0 0 0 0 0 0

Total # of neighbors = 0
Ave neighs/atom = 0
Neighbor list builds = 140
Dangerous builds = 0
Total wall time: 0:00:41
