2019-06-24 13:10:38.494671: I tensorflow/core/platform/cpu_feature_guard.cc:140] Your CPU supports instructions that this TensorFlow binary was not compiled to use: AVX512F
2019-06-24 13:10:39.205798: E tensorflow/stream_executor/cuda/cuda_driver.cc:406] failed call to cuInit: CUDA_ERROR_NO_DEVICE
2019-06-24 13:10:39.205915: I tensorflow/stream_executor/cuda/cuda_diagnostics.cc:158] retrieving CUDA diagnostic information for host: SR760-GPU-7
2019-06-24 13:10:39.205941: I tensorflow/stream_executor/cuda/cuda_diagnostics.cc:165] hostname: SR760-GPU-7
2019-06-24 13:10:39.206050: I tensorflow/stream_executor/cuda/cuda_diagnostics.cc:189] libcuda reported version is: 410.48.0
2019-06-24 13:10:39.206163: I tensorflow/stream_executor/cuda/cuda_diagnostics.cc:193] kernel reported version is: 410.48.0
2019-06-24 13:10:39.206183: I tensorflow/stream_executor/cuda/cuda_diagnostics.cc:300] kernel version seems to match DSO: 410.48.0
> Info of lammps module:
  use deepmd-kit at:  /sharedext4/local/deepmd-kit-0.12.4
  source:             v0.12.4-1-ge3cd911-dirty
  source branch:      master
  source commit:      e3cd911
  source commit at:   2019-02-07 10:22:13 +0800
  build float prec:   double
  build with tf inc:  /sharedext4/local/tensorflow/r1.8.gpu.cc/include
  build with tf lib:  /sharedext4/local/tensorflow/r1.8.gpu.cc/lib/libtensorflow_cc.so;/sharedext4/local/tensorflow/r1.8.gpu.cc/lib/libtensorflow_framework.so
  >>> Info of model(s):
  using   4 model(s): ../graph.002.pb ../graph.003.pb ../graph.000.pb ../graph.001.pb 
  rcut in model:      5
  ntypes in model:    2
Neighbor list info ...
  update every 1 steps, delay 10 steps, check yes
  max neighbors/atom: 2000, page size: 100000
  master list distance cutoff = 6
  ghost atom cutoff = 6
  binsize = 3, bins = 4 4 4
  1 neighbor lists, perpetual/occasional/extra = 1 0 0
  (1) pair deepmd, perpetual
      attributes: , newton on
      pair build: full/bin/atomonly
      stencil: full/bin/3d
      bin: standard
Setting up Verlet run ...
  Unit style    : metal
  Current step  : 0
  Time step     : 0.002
Per MPI rank memory allocation (min/avg/max) = 3.949 | 3.949 | 3.949 Mbytes
Step Temp PotEng KinEng TotEng Press Volume Lx Ly Lz Xy Xz Yz 
       0          100   -23.981518  0.051704058   -23.929814     914.1441    973.93833    10.175657    9.7519751    9.8146858    0.2056172   -0.2239152   -0.0319129 
      10    80.990154    -23.96502  0.041875196   -23.923145    724.00102    975.93349    10.182601    9.7586297    9.8213832   0.20575751    -0.224068 -0.031934677 
      20     77.93722   -23.959155  0.040296705   -23.918859    355.70618     977.6399    10.188532     9.764314     9.827104   0.20587736  -0.22419851 -0.031953278 
      30    81.991807   -23.962979  0.042393091   -23.920586   -166.54084    979.03661    10.193382    9.7689617    9.8317817   0.20597536  -0.22430523 -0.031968488 
      40    102.17962   -23.973686  0.052831009   -23.920855   -778.23926    980.08864    10.197032    9.7724596     9.835302   0.20604911  -0.22438554 -0.031979935 
      50    102.53642   -23.967298  0.053015488   -23.914283   -1344.2184    980.74286      10.1993    9.7746335    9.8374899   0.20609495  -0.22443546 -0.031987049 
      60     84.13362   -23.944112  0.043500496   -23.900612   -1692.0172    980.91429    10.199894     9.775203    9.8380631   0.20610695  -0.22444854 -0.031988912 
      70    71.028642   -23.923029   0.03672469   -23.886304   -1756.8373    980.54051    10.198599    9.7739612    9.8368133   0.20608077  -0.22442002 -0.031984849 
      80    84.541321   -23.918251  0.043711294   -23.874539   -1533.3073    979.58619    10.195289    9.7707893     9.833621   0.20601389  -0.22434719 -0.031974469 
      90    136.65236   -23.935864  0.070654815   -23.865209    -993.4411    978.03003    10.189887    9.7656127     9.828411   0.20590474  -0.22422833 -0.031957528 
     100     200.9875   -23.963179   0.10391869    -23.85926   -216.94788     975.8959     10.18247    9.7585044    9.8212571   0.20575487  -0.22406512 -0.031934267 
     110    254.85753   -23.985595   0.13177168   -23.853824    750.44369    973.22793    10.173183    9.7496035    9.8122989   0.20556719  -0.22386074 -0.031905139 
     120    212.25783   -23.944141   0.10974591   -23.834396    1867.5103    970.10694    10.162296    9.7391705    9.8017989   0.20534722  -0.22362119 -0.031870998 
     130    154.02181    -23.88433  0.079635528   -23.804694    2589.4563    966.78004    10.150666    9.7280245    9.7905812   0.20511221  -0.22336527 -0.031834523 
     140    129.44459   -23.872916  0.066928106   -23.805988    2649.8031    963.33832    10.138606    9.7164669    9.7789493   0.20486852   -0.2230999 -0.031796701 
     150    164.23091   -23.924835  0.084914047   -23.839921    1964.2098    959.78186    10.126114    9.7044951    9.7669005    0.2046161  -0.22282501 -0.031757524 
     160    194.12032   -23.972484   0.10036808   -23.872116     831.8596     955.9474    10.112611    9.6915542    9.7538764   0.20434325  -0.22252788 -0.031715175 
     170    145.06843   -23.965172  0.075006266   -23.890166   -178.82773    951.56831    10.097146    9.6767329    9.7389598   0.20403074  -0.22218756 -0.031666673 
     180    103.43108   -23.957658  0.053478068    -23.90418   -975.38816     946.5511    10.079369    9.6596959    9.7218132   0.20367152  -0.22179638  -0.03161092 
     190    66.020809   -23.944968  0.034135437   -23.910832   -1526.0052    940.86909     10.05916    9.6403285    9.7023212   0.20326317  -0.22135168 -0.031547541 
     200    56.230133   -23.944178  0.029073261   -23.915105   -1784.4639    934.50187    10.036417    9.6185326    9.6803852   0.20280361  -0.22085123 -0.031476216 
     210    61.328574   -23.951455  0.031709361   -23.919745   -1764.8564     927.4268    10.011025    9.5941973    9.6558934   0.20229051  -0.22029246 -0.031396579 
     220    87.172272   -23.970867  0.045071602   -23.925796   -1466.8396    919.63095    9.9828952     9.567239    9.6287618    0.2017221  -0.21967347  -0.03130836 
     230    100.64352   -23.982794  0.052036782   -23.930758   -871.13124    911.09733    9.9519208    9.5375543    9.5988862   0.20109621  -0.21899188 -0.031211218 
     240    103.12204   -23.983971  0.053318277   -23.930653   -116.45748    901.85896    9.9181696    9.5052083    9.5663322    0.2004142  -0.21824919 -0.031105367 
     250    85.407415   -23.966002  0.044159099   -23.921843    647.75297    891.93562    9.8816581    9.4702171    9.5311159   0.19967642  -0.21744575 -0.030990859 
     260    61.715692   -23.944303  0.031909517   -23.912394    1273.6827    881.33591    9.8423576     9.432553    9.4932096   0.19888229  -0.21658095 -0.030867605 
     270    68.703116   -23.945905  0.035522299   -23.910383    1615.1366    870.05581    9.8001869    9.3921381    9.4525348   0.19803015  -0.21565298  -0.03073535 
     280    88.710837   -23.960213  0.045867103   -23.914346    1582.0526    858.06837    9.7549703    9.3488042    9.4089222   0.19711647  -0.21465799 -0.030593541 
     290    114.42898   -23.970975  0.059164427   -23.911811    1269.3265     845.2901    9.7063046    9.3021647    9.3619829    0.1961331   -0.2135871 -0.030440916 
     300    101.16223   -23.951627  0.052304979   -23.899322    818.00011    831.60546    9.6536399    9.2516929    9.3111865   0.19506891  -0.21242822 -0.030275749 
     310    92.434518   -23.939186  0.047792397   -23.891393    209.20314    816.90892    9.5964337    9.1968685    9.2560096   0.19391296  -0.21116939 -0.030096339 
     320    92.146685   -23.933646  0.047643576   -23.886002   -483.14062    801.10031    9.5341274    9.1371565    9.1959136   0.19265395  -0.20979834 -0.029900934 
     330    134.62931   -23.954704  0.069608815   -23.885096    -1156.252    784.06856    9.4660763    9.0719388    9.1302765   0.19127886  -0.20830088 -0.029687512 
     340    174.37666   -23.970579   0.09015981   -23.880419   -1745.5267    765.75835    9.3918086    9.0007634    9.0586434   0.18977815  -0.20666662 -0.029454593 
     350    161.82828   -23.957236  0.083671787   -23.873564   -1811.6759    746.04045    9.3104951    8.9228356    8.9802144   0.18813506  -0.20487732 -0.029199578 
     360    117.23374   -23.920152  0.060614603   -23.859537   -1410.4565    724.91539     9.221773    8.8378075    8.8946396   0.18634228  -0.20292499 -0.028921328 
     370    80.846618   -23.889722  0.041800982   -23.847921   -955.01322    702.44664     9.125495    8.7455383     8.801777   0.18439681  -0.20080639 -0.028619381 
     380    119.20798   -23.917802  0.061635362   -23.856166   -459.32972    678.64438    9.0212366    8.6456208     8.701217   0.18229008  -0.19851219 -0.028292405 
     390    176.07682   -23.969217  0.091038864   -23.878178    -81.34604    653.59369    8.9088423    8.5379062    8.5928098   0.18001896  -0.19603895 -0.027939914 
     400    191.69455   -23.992739   0.09911386   -23.893625    421.93812    627.35536    8.7879961    8.4220918    8.4762506   0.17757705  -0.19337974 -0.027560917 
     410    130.29024   -23.965187   0.06736534   -23.897821    1282.6984    600.03657    8.6585378    8.2980237    8.3513847   0.17496111  -0.19053101 -0.027154909 
     420    68.702337   -23.936666  0.035521896   -23.901144    1886.0944    571.87378    8.5208983     8.166115    8.2186277   0.17217986  -0.18750225 -0.026723244 
     430    40.446769   -23.930422  0.020912621   -23.909509    2176.7549    543.06189    8.3753268    8.0266047    8.0782203   0.16923833  -0.18429895 -0.026266703 
     440    41.974082   -23.944477  0.021702304   -23.922775    2174.8023    513.81796    8.2222071    7.8798604    7.9305324   0.16614428  -0.18092956 -0.025786489 
     450    65.809122   -23.971125  0.034025987   -23.937099    1799.1885    484.39846    8.0621877    7.7265037    7.7761895    0.1629108  -0.17740833 -0.025284636 
     460    80.061575   -23.989961  0.041395083   -23.948566    1267.1114    455.05696    7.8960018    7.5672373    7.6158989   0.15955272  -0.17375141 -0.024763444 
     470    89.355759   -23.999662  0.046200554   -23.953461    625.80792    426.07908    7.7247077    7.4030753    7.4506813   0.15609142  -0.16998209 -0.024226231 
     480    76.036358   -23.989585  0.039313883   -23.950272   -233.83987      397.754    7.5495924    7.2352512     7.281778    0.1525529  -0.16612868 -0.023677034 
     490     57.28036     -23.9719   0.02961627   -23.942284   -1156.0803      370.336    7.3719768     7.065031    7.1104632   0.14896386  -0.16222025 -0.023119996 
     500    32.307483   -23.950655   0.01670428    -23.93395   -2146.4603    344.06023    7.1933326     6.893825    6.9381562   0.14535404  -0.15828919 -0.022559732 
     510    28.930838   -23.943673  0.014958417   -23.928714   -3302.9571    319.12853    7.0152077    6.7231166      6.76635   0.14175471  -0.15436955 -0.022001097 
     520    44.161309   -23.948408  0.022833189   -23.925575   -4278.2332    295.68366    6.8390287    6.5542732    6.5964209    0.1381947  -0.15049273 -0.021448564 
     530    73.359847   -23.960791  0.037930018   -23.922861   -4731.6956    274.04154    6.6679262    6.3902949    6.4313881   0.13473727  -0.14672763 -0.020911953 
     540    105.33722   -23.966768  0.054463619   -23.912304   -4327.8431    255.72887    6.5159625    6.2446584    6.2848151   0.13166658  -0.14338367 -0.020435364 
     550     114.1509   -23.956763  0.059020647   -23.897742   -2582.9346    242.92092    6.4053121    6.1386151    6.1780899   0.12943069   -0.1409488 -0.020088342 
     560    125.99449   -23.951447  0.065144263   -23.886303   -122.46319    237.17598    6.3544147     6.089837    6.1289981   0.12840222  -0.13982881 -0.019928718 
     570    113.71913   -23.936513  0.058797405   -23.877716    2356.9777      238.553    6.3666887    6.1015999    6.1408366   0.12865023   -0.1400989 -0.019967211 
     580    96.062902   -23.924666  0.049668418   -23.874998    4606.9912    246.26617    6.4345805    6.1666649      6.20632   0.13002211  -0.14159286 -0.020180134 
     590    87.114534   -23.922174  0.045041749   -23.877132     6026.412     259.2628      6.54584    6.2732919    6.3136327   0.13227031  -0.14404112 -0.020529066 
     600    113.52884   -23.942912  0.058699016   -23.884212    6322.6774    276.19878     6.685377    6.4070191    6.4482198    0.1350899  -0.14711163 -0.020966682 
     610    131.11496   -23.958544  0.067791756   -23.890752     6097.271    295.31485    6.8361841     6.551547    6.5936771   0.13813722  -0.15043014 -0.021439643 
     620    141.34306   -23.964253  0.073080098   -23.891173    5295.8462    315.49991    6.9885176    6.6975379    6.7406068   0.14121539  -0.15378224 -0.021917391 
     630    127.31824   -23.951877  0.065828699   -23.886049    4034.9678    336.40076    7.1395522    6.8422839    6.8862836   0.14426731  -0.15710575 -0.022391066 
     640    110.35464   -23.942402  0.057057826   -23.885345    2326.3026    357.89229    7.2884655    6.9849968    7.0299143   0.14727637  -0.16038258 -0.022858088 
     650     117.7603   -23.951628  0.060886856   -23.890741    276.57088    379.86019    7.4346395    7.1250846    7.1709029   0.15023007  -0.16359914 -0.023316519 
     660    119.38008   -23.958509  0.061724346   -23.896784    -1546.802    402.16906    7.5774231    7.2619232    7.3086215   0.15311527  -0.16674109 -0.023764317 
     670    127.12115   -23.967499  0.065726793   -23.901772   -2940.8503    424.70391    7.7163883    7.3951023    7.4426569   0.15592331  -0.16979902  -0.02420014 
     680    113.30969   -23.961139  0.058585707   -23.902553   -3707.3023    447.35745    7.8512151    7.5243153    7.5727009   0.15864772  -0.17276588 -0.024622984 
     690    103.10121   -23.958671  0.053307511   -23.905363   -3654.9485    470.02326    7.9816333    7.6493033    7.6984926   0.16128305  -0.17563573 -0.025032001 
     700    74.365962   -23.944153   0.03845022   -23.905702   -3051.7054    492.64782     8.107697    7.7701181    7.8200843   0.16383039  -0.17840976 -0.025427362 
     710    71.898508   -23.942917  0.037174446   -23.905742   -2158.2904    515.19182    8.2295289    7.8868773    7.9375944   0.16629222  -0.18109067 -0.025809451 
     720    72.027832   -23.945036  0.037241312   -23.907794   -1082.9391    537.62929    8.3473052    7.9997498    8.0511927    0.1686721  -0.18368234 -0.026178822 
     730    90.881426   -23.960118  0.046989385   -23.913129   -130.07098    559.96642    8.4613433    8.1090397    8.1611854   0.17097644  -0.18619174 -0.026536468 
     740    117.16336   -23.982068  0.060578211    -23.92149     684.0398    582.20402    8.5718992    8.2149924    8.2678194   0.17321042  -0.18862452 -0.026883193 
     750    117.04848   -23.983769  0.060518816    -23.92325    1387.1081    604.34747    8.6792239    8.3178484    8.3713369   0.17537911   -0.1909862 -0.027219785 
     760    107.81153   -23.972484  0.055742934   -23.916741     1800.352    626.43331    8.7836887    8.4179636    8.4720959   0.17749001  -0.19328495 -0.027547408 
     770    77.226314   -23.946515  0.039929138   -23.906586    1978.8659    648.46683    8.8854871    8.5155235    8.5702831   0.17954702  -0.19552502 -0.027866668 
     780    66.541095   -23.935863  0.034404446   -23.901459    1839.5864    670.46699     8.984856     8.610755     8.666127   0.18155495  -0.19771163 -0.028178309 
     790    73.254144   -23.941223  0.037875365   -23.903347    1282.2794    692.46137    9.0820489    8.7039011    8.7598721    0.1835189  -0.19985036 -0.028483125 
     800    105.96429   -23.960523  0.054787836   -23.905736    542.55444    714.43697    9.1771246    8.7950181    8.8515751   0.18544008   -0.2019425 -0.028781301 
     810    138.34087   -23.976034  0.071527843   -23.904507   -311.39498    736.39476    9.2701953    8.8842137    8.9413442   0.18732073  -0.20399052  -0.02907319 
     820    153.46761   -23.974306  0.079348982   -23.894957   -1135.3863    758.32728    9.3613298    8.9715537    9.0292458   0.18916227  -0.20599594 -0.029359006 
     830    136.01475   -23.950021  0.070325144   -23.879696   -1572.3265    780.15985    9.4503201    9.0568386    9.1150792   0.19096048  -0.20795416 -0.029638097 
     840    113.07773   -23.919928  0.058465774   -23.861462   -1707.8483    801.88735    9.5372487    9.1401478    9.1989241   0.19271702  -0.20986703 -0.029910723 
     850    110.19915    -23.90521  0.056977433   -23.848233   -1483.6572    823.47808    9.6220882    9.2214549     9.280754   0.19443136  -0.21173392 -0.030176796 
     860    144.88224   -23.919667  0.074909999   -23.844757   -837.87913    844.88977     9.704772     9.300696    9.3605047   0.19610213  -0.21355338 -0.030436109 
     870    196.86418   -23.954276   0.10178677   -23.852489   -51.858773    866.18884    9.7856463    9.3782029    9.4385101   0.19773634  -0.21533301 -0.030689747 
     880    197.35791   -23.962323   0.10204205   -23.860281    912.86638    887.40808    9.8649097     9.454166    9.5149616   0.19933799   -0.2170772 -0.030938333 
     890    172.81261   -23.949363  0.089351134   -23.860012    1693.1469    908.69098    9.9431516    9.5291502     9.590428   0.20091901  -0.21879891 -0.031183715 
     900    120.72181   -23.926107  0.062418072   -23.863689    2011.4209    930.15312    10.020825    9.6035893    9.6653458   0.20248853  -0.22050811 -0.031427314 
     910    98.521206   -23.921687  0.050939461   -23.870748    1902.0398    951.77799    10.097888    9.6774436    9.7396751   0.20404573  -0.22220388 -0.031668999 
     920     107.1119   -23.947223  0.055381201   -23.891842    1275.7337    973.58214    10.174417    9.7507861    9.8134892   0.20559213   -0.2238879 -0.031909009 
     930     117.8174   -23.972794  0.060916375   -23.911878    428.51212    995.46691    10.250088    9.8233068    9.8864762    0.2071212  -0.22555305  -0.03214633 
     940    119.03018   -23.985706  0.061543436   -23.924163   -415.36204    1017.3387    10.324615    9.8947302    9.9583589   0.20862714    -0.227193  -0.03238006 
     950    99.971503   -23.979153  0.051689324   -23.927464   -1140.4802    1039.1391    10.397842    9.9649088    10.028989   0.21010684  -0.22880437 -0.032609716 
     960    78.052112   -23.966593  0.040356109   -23.926237   -1607.6057    1060.7937    10.469573    10.033653    10.098175   0.21155629  -0.23038281 -0.032834679 
     970    51.860309   -23.952352  0.026813884   -23.925538   -1793.6693    1082.2762    10.539776    10.100933    10.165887   0.21297486  -0.23192762 -0.033054848 
     980    46.611418   -23.951312  0.024099994   -23.927212   -1720.4464    1103.5822    10.608489    10.166785    10.232164   0.21436334  -0.23343966 -0.033270348 
     990    51.219969   -23.957479  0.026482802   -23.930996   -1377.7915    1124.6975    10.675721    10.231218    10.297011   0.21572188   -0.2349191 -0.033481201 
    1000    72.275182   -23.972519  0.037369202    -23.93515   -840.47302    1145.6544    10.741622    10.294375    10.360573   0.21705352  -0.23636924 -0.033687878 
    1010    88.835578   -23.982661  0.045931599    -23.93673   -191.95916    1166.4994    10.806378    10.356435    10.423032   0.21836203   -0.2377942 -0.033890967 
    1020    93.680961   -23.982662  0.048436859   -23.934225    501.71432    1187.2947    10.870216    10.417614    10.484606   0.21965199  -0.23919895 -0.034091175 
    1030    80.563164   -23.967981  0.041654425   -23.926326    1119.8902    1208.1275    10.933425    10.478192    10.545573   0.22092925  -0.24058987 -0.034289412 
    1040     69.37664   -23.952368  0.035870538   -23.916498    1561.6312    1229.0717    10.996245    10.538396    10.606164   0.22219862  -0.24197221 -0.034486426 
    1050    70.905652   -23.943991  0.036661099    -23.90733    1787.5461    1250.1875     11.05886    10.598404    10.666558   0.22346388  -0.24335007 -0.034682802 
    1060    86.193159   -23.945172  0.044565361   -23.900607    1723.9078    1271.5561    11.121512    10.658447    10.726987   0.22472987  -0.24472871 -0.034879289 
    1070     127.5039   -23.962365  0.065924689    -23.89644    1354.4791    1293.2212     11.18432    10.718641    10.787567   0.22599903  -0.24611082 -0.035076269 
    1080    146.86948   -23.966005  0.075937479   -23.890068    787.67662    1315.1355    11.247141    10.778846     10.84816   0.22726844  -0.24749319 -0.035273289 
    1090    170.85967    -23.96877  0.088341384   -23.880428    70.614616    1337.2514    11.309837    10.838931    10.908631   0.22853531  -0.24887281 -0.035469914 
    1100    161.27465   -23.948403  0.083385538   -23.865017   -673.38456    1359.5006    11.372217    10.898713    10.968798    0.2297958  -0.25024547  -0.03566555 
    1110    149.90117   -23.926256  0.077504988   -23.848751   -1250.4038    1381.7111    11.433813    10.957745    11.028209   0.23104046  -0.25160089 -0.035858727 
    1120    134.69969   -23.905468  0.069645207   -23.835822   -1618.6258    1403.8161    11.494464    11.015871    11.086709   0.23226603  -0.25293553 -0.036048942 
    1130    141.22603   -23.905727   0.07301959   -23.832707   -1676.0757    1425.7058      11.5539    11.072833    11.144037   0.23346705  -0.25424342 -0.036235347 
    1140    166.34719   -23.927066  0.086008249   -23.841058     -1349.76    1447.3284    11.612017     11.12853    11.200092    0.2346414  -0.25552228 -0.036417613 
    1150    173.34413   -23.944366   0.08962595    -23.85474   -826.93134    1468.8446    11.669277    11.183405     11.25532   0.23579843  -0.25678227 -0.036597189 
    1160    166.07475   -23.959518  0.085867387    -23.87365   -201.07087    1490.3233    11.725881    11.237652    11.309917   0.23694222  -0.25802785 -0.036774712 
    1170    125.30773   -23.958876  0.064789183   -23.894087    363.66551    1511.9273     11.78227    11.291693    11.364305   0.23808165  -0.25926868 -0.036951558 
    1180    94.809762   -23.958956  0.049020494   -23.909935    707.86561    1533.8283    11.838888    11.345954    11.418915   0.23922572  -0.26051456 -0.037129124 
    1190    70.116622   -23.957675  0.036253139   -23.921422    885.31252    1556.0141    11.895695    11.400396    11.473707   0.24037362  -0.26176461 -0.037307284 
    1200     64.27834   -23.962394   0.03323451    -23.92916    902.25787    1578.5417    11.952828     11.45515    11.528813   0.24152809  -0.26302182 -0.037486464 
    1210    67.057226   -23.970459  0.034671307   -23.935788    754.71801    1601.4593    12.010395     11.51032    11.584338   0.24269133  -0.26428858 -0.037667005 
    1220    69.866795   -23.976536  0.036123968   -23.940412    520.65956    1624.7461    12.068329    11.565842    11.640217     0.243862  -0.26556343 -0.037848699 
    1230    69.245217   -23.979051  0.035802587   -23.943249    226.60836    1648.4139    12.126647    11.621732    11.696466   0.24504041  -0.26684671 -0.038031596 
    1240    66.157993   -23.977818  0.034206367   -23.943611   -107.80425    1672.4742    12.185363    11.678003    11.753099   0.24622686  -0.26813874 -0.038215739 
    1250    61.790817   -23.973466   0.03194836   -23.941517   -404.69935    1696.8839    12.244358    11.734542    11.810002   0.24741897  -0.26943694 -0.038400761 
    1260    52.123759   -23.965155  0.026950099   -23.938205   -626.23197    1721.6107    12.303546    11.791265     11.86709   0.24861497  -0.27073937 -0.038586386 
    1270    55.381406   -23.963899  0.028634435   -23.935264   -769.40241    1746.6703    12.362955    11.848201    11.924392   0.24981543  -0.27204666 -0.038772705 
    1280    57.131302   -23.961393  0.029539201   -23.931854   -777.50011    1772.0398    12.422523    11.905288    11.981846   0.25101911  -0.27335745 -0.038959521 
    1290    81.248769   -23.971383  0.042008911   -23.929374   -654.28976    1797.7542    12.482323    11.962599    12.039525   0.25222748  -0.27467335 -0.039147067 
    1300    100.59896    -23.97711  0.052013746   -23.925096   -425.26343     1823.881    12.542501    12.020271    12.097568   0.25344348  -0.27599757 -0.039335797 
    1310     112.3234   -23.974796  0.058075758    -23.91672   -85.578161    1850.4886    12.603199    12.078442    12.156113   0.25466998  -0.27733322 -0.039526157 
    1320    106.94793     -23.9575  0.055296422   -23.902203     300.9198    1877.7273    12.664737    12.137417    12.215467   0.25591346  -0.27868735 -0.039719151 
    1330    95.101086   -23.935926  0.049171121   -23.886755    621.69213    1905.8668    12.727687    12.197747    12.276185   0.25718549  -0.28007259 -0.039916578 
    1340    100.06679   -23.928814  0.051738591   -23.877076     838.1489    1935.0824    12.792394    12.259759    12.338596     0.258493  -0.28149644 -0.040119509 
    1350    117.81433   -23.934686   0.06091479   -23.873771    877.00581    1965.6388    12.859376    12.323952    12.403202   0.25984649  -0.28297039 -0.040329579 
    1360      152.113   -23.951224  0.078648594   -23.872575    724.74655    1997.6995    12.928914    12.390595    12.470273   0.26125163  -0.28450057 -0.040547664 
    1370    159.17553   -23.955138  0.082300209   -23.872837    477.30692    2031.2957    13.000988    12.459668    12.539791   0.26270802  -0.28608657 -0.040773704 
    1380    157.83483   -23.959251  0.081607012   -23.877644    161.22725    2066.5129    13.075692    12.531262    12.611845   0.26421755  -0.28773043 -0.041007991 
    1390    149.57786   -23.957865  0.077337821   -23.880527   -167.75399     2103.345    13.152919    12.605273    12.686332   0.26577806  -0.28942981  -0.04125019 
    1400    130.97895   -23.947921  0.067721434     -23.8802   -419.78718    2141.7425    13.232475    12.681516    12.763066   0.26738561  -0.29118042 -0.041499692 
    1410     109.9086   -23.940229  0.056827207   -23.883402   -574.79017    2181.8273    13.314518    12.760143    12.842198   0.26904344  -0.29298578 -0.041756996 
    1420    94.244882   -23.940722  0.048728429   -23.891993   -610.00888    2223.7361    13.399227    12.841325    12.923902   0.27075514   -0.2948498  -0.04202266 
    1430    80.528608   -23.946547  0.041636558    -23.90491   -520.64138     2267.657    13.486868    12.925317    13.008435   0.27252608  -0.29677835  -0.04229752 
    1440    77.678198   -23.957266   0.04016278   -23.917103   -353.89546     2313.895    13.577919    13.012577    13.096255   0.27436592  -0.29878191 -0.042583073 
    1450      80.0051   -23.967464  0.041365883   -23.926098   -156.49966     2362.868    13.673042     13.10374    13.188004   0.27628806   -0.3008751 -0.042881399 
    1460    72.485675   -23.971732  0.037478035   -23.934254    31.204007    2415.0454    13.772954    13.199491    13.284372   0.27830695  -0.30307366 -0.043194742 
    1470    70.564904    -23.97804  0.036484919   -23.941555    179.54286    2470.9028     13.87833     13.30048     13.38601   0.28043627  -0.30539246 -0.043525223 
    1480    61.801035    -23.97976  0.031953643   -23.947807    281.85833    2530.9021    13.989765    13.407276    13.493492   0.28268802   -0.3078446 -0.043874707 
    1490    58.689577   -23.980916  0.030344893   -23.950571    328.69983    2595.5587    14.107897    13.520488    13.607433   0.28507507  -0.31044407 -0.044245191 
    1500    53.112424   -23.978765  0.027461279   -23.951304    314.55922    2665.4469      14.2334    13.640767    13.728484   0.28761109  -0.31320578 -0.044638795 
    1510    48.916704    -23.97595  0.025291921   -23.950658    249.78989    2741.1289    14.366858    13.768668    13.857208   0.29030785  -0.31614252 -0.045057346 
    1520    46.910928    -23.97484  0.024254853   -23.950586    146.20213    2823.1648    14.508775    13.904675     13.99409   0.29317552  -0.31926539 -0.045502424 
    1530    47.998856   -23.975191  0.024817356   -23.950374     22.63825    2912.1309    14.659605    14.049226     14.13957   0.29622332  -0.32258442  -0.04597546 
    1540    56.311701   -23.976504  0.029115434   -23.947389   -101.68942    3008.6709    14.819841     14.20279    14.294122   0.29946117   -0.3261104 -0.046477991 
    1550    62.911731   -23.970584  0.032527918   -23.938057    -222.3966    3113.5642    14.990102    14.365962    14.458343    0.3029016    -0.329857 -0.047011964 
    1560    78.312529   -23.960771  0.040490755    -23.92028   -326.44787    3227.5691    15.170871    14.539204    14.632699   0.30655434   -0.3338348  -0.04757889 
    1570     89.11701   -23.947593  0.046077111   -23.901516   -367.51921    3351.1208    15.362033    14.722406    14.817079   0.31041711  -0.33804132 -0.048178412 
    1580    116.56231   -23.950014  0.060267443   -23.889747   -328.06464    3484.6628    15.563439    14.915427    15.011341   0.31448689  -0.34247327 -0.048810064 
    1590    140.34624   -23.955589    0.0725647   -23.883024   -215.35636    3628.8046    15.775138    15.118312    15.215531   0.31876465  -0.34713171 -0.049473995 
    1600    167.14062   -23.965647  0.086418483   -23.879228   -50.193409    3784.2638    15.997267    15.331191    15.429779   0.32325314  -0.35201964 -0.050170634 
    1610     160.3779    -23.95244  0.082921881   -23.869518    134.94105    3951.8366    16.229992    15.554227    15.654249   0.32795577  -0.35714076 -0.050900507 
    1620    142.51518   -23.937263  0.073686133   -23.863577    301.84536    4132.3176    16.473399    15.787499    15.889021   0.33287424  -0.36249692  -0.05166388 
    1630    109.88236   -23.913723  0.056813638    -23.85691    406.06556    4326.7651    16.727836    16.031342    16.134432   0.33801559   -0.3680958 -0.052461845 
    1640    96.036822   -23.907051  0.049654934   -23.857396    411.87321    4535.9608    16.993197    16.285654     16.39038   0.34337767  -0.37393506 -0.053294069 
    1650     126.6885   -23.936038  0.065503097   -23.870535    323.35532    4760.3068    17.268859    16.549838    16.656263   0.34894791    -0.380001   -0.0541586 
    1660    149.20604   -23.968208  0.077145575   -23.891063    184.65324    4999.7058    17.553624    16.822747    16.930927   0.35470211  -0.38626727 -0.055051683 
    1670    167.37969   -23.993429  0.086542094   -23.906886    44.119829    5253.8038    17.846098    17.103043    17.213025   0.36061205  -0.39270314 -0.055968938 
    1680     140.4894   -23.985161   0.07263872   -23.912522   -79.080396    5522.2941    18.145064    17.389561    17.501385   0.36665319  -0.39928188 -0.056906555 
    1690    104.76833   -23.967602  0.054169477   -23.913432   -161.98633    5804.4902    18.449022    17.680863    17.794561    0.3727952  -0.40597048 -0.057859829 
    1700     60.81704   -23.945326  0.031444878   -23.913881   -205.08799    6099.7943    18.756727    17.975756     18.09135   0.37901292  -0.41274151 -0.058824853 
    1710    37.287072   -23.937029  0.019278929    -23.91775   -219.28566    6407.6687     19.06713    18.273235    18.390743   0.38528518  -0.41957194 -0.059798341 
    1720    38.122714   -23.944505   0.01971099   -23.924794   -200.03082    6727.3778    19.379114    18.572229    18.691659   0.39158937  -0.42643715 -0.060776785 
    1730     51.84486   -23.960412  0.026805896   -23.933606   -155.51219    7058.2763    19.691775    18.871872    18.993229   0.39790724  -0.43331725 -0.061757353 
    1740    80.201621   -23.984314  0.041467493   -23.942847   -98.261194    7399.7097    20.004309    19.171393    19.294675   0.40422253  -0.44019454  -0.06273752 
    1750    89.192409   -23.994123  0.046116095   -23.948007   -27.051451    7750.8082    20.315818    19.469932    19.595134   0.41051713   -0.4470493 -0.063714476 
    1760    88.099092   -23.992477  0.045550806   -23.946926    43.390401    8111.0459    20.625807    19.767013    19.894126     0.416781  -0.45387059 -0.064686662 
    1770    69.582319   -23.975813  0.035976882   -23.939836    97.770647    8479.9004     20.93384    20.062221    20.191233   0.42300536  -0.46064887 -0.065652717 
    1780    57.960538   -23.959874   0.02996795   -23.929906    135.77911    8856.5526    21.239301    20.354964    20.485858   0.42917774  -0.46737053 -0.066610704 
    1790    53.956894   -23.949108  0.027897904    -23.92121    148.68579    9240.2723    21.541713    20.644785    20.777542   0.43528852  -0.47402511 -0.067559129 
    1800    71.877916   -23.951825  0.037163799   -23.914661    130.74439    9630.4072    21.840716    20.931338    21.065938   0.44133039  -0.48060466 -0.068496861 
    1810    98.317707   -23.957143  0.050834244   -23.906309    91.754281    10025.867    22.135668    21.214009    21.350427   0.44729043  -0.48709508 -0.069421891 
    1820    127.21903   -23.959114  0.065777403   -23.893337    33.677795    10425.638    22.426054    21.492304    21.630512   0.45315819  -0.49348502 -0.070332599 
    1830     146.2681   -23.955383  0.075626542   -23.879756   -34.678797    10828.151    22.711026     21.76541    21.905374   0.45891655  -0.49975581 -0.071226327 
    1840    142.47429   -23.940035  0.073664992    -23.86637    -88.21624    11230.722     22.98906    22.031868    22.173545   0.46453472  -0.50587395 -0.072098297 
    1850    151.83949   -23.934166  0.078507177   -23.855658   -123.86474    11631.066    23.259042    22.290609    22.433951   0.46999019  -0.51181491 -0.072945017 
    1860     139.1321   -23.925076  0.071936941   -23.853139   -128.86833    12026.961    23.519998      22.5407     22.68565   0.47526328  -0.51755725 -0.073763427 
    1870     151.8455   -23.937891  0.078510285   -23.859381   -97.734001    12416.351    23.771138    22.781383    22.927881     0.480338  -0.52308358 -0.074551053 
    1880    154.71796   -23.949191  0.079995464   -23.869195   -50.429679    12798.519    24.012565    23.012758    23.160743   0.48521647  -0.52839618 -0.075308216 
    1890    162.33833   -23.959765  0.083935506    -23.87583    6.4079995    13172.431    24.244168    23.234718     23.38413   0.48989642   -0.5334926  -0.07603457 
    1900    147.58424   -23.956476  0.076307041   -23.880169    64.439809    13537.691    24.466218    23.447522    23.598303   0.49438333   -0.5383788 -0.076730963 
    1910     107.9429   -23.938314  0.055810858   -23.882503    103.93206    13894.892    24.679539    23.651961    23.804056   0.49869385  -0.54307292 -0.077399979 
    1920    80.271646   -23.923331  0.041503698   -23.881827    122.94269    14243.254    24.884088    23.847993    24.001349   0.50282712  -0.54757402 -0.078041486 
    1930    74.122243    -23.92503  0.038324207   -23.886706    115.25159    14582.226    25.079946    24.035696    24.190259   0.50678478  -0.55188387 -0.078655735 
    1940    109.82546   -23.957621  0.056784218   -23.900837    80.655562    14910.664    25.266843    24.214812    24.370527   0.51056137  -0.55599654 -0.079241883 
    1950    134.54997   -23.984157  0.069567793   -23.914589    35.912514    15226.385    25.443934    24.384529    24.541335    0.5141398  -0.55989342 -0.079797274 
    1960    143.76759    -23.99492  0.074333676   -23.920587    -11.88504    15527.719    25.610686    24.544338    24.702172   0.51750933   -0.5635628 -0.080320242 
    1970    122.01318   -23.980747  0.063085766   -23.917661   -54.595605    15812.555    25.766336    24.693508    24.852301   0.52065452  -0.56698788 -0.080808393 
    1980    85.041975   -23.955432  0.043970152   -23.911462   -81.935991    16078.411    25.909937    24.831129    24.990807   0.52355622  -0.57014781 -0.081258754 
    1990    52.472512     -23.9337  0.027130418    -23.90657   -94.976419    16323.883    26.041129    24.956859    25.117346   0.52620719  -0.57303469 -0.081670199 
    2000    43.433268   -23.928597  0.022456762    -23.90614   -94.418261    16547.754    26.159634     25.07043    25.231647    0.5286018   -0.5756424 -0.082041855 
    2010    56.140456   -23.938826  0.029026894   -23.909799   -78.568624    16748.891    26.265198    25.171598    25.333465   0.53073489  -0.57796531 -0.082372922 
    2020    90.901869   -23.964139  0.046999955   -23.917139   -51.668726    16926.632    26.357781    25.260326    25.422764    0.5326057   -0.5800026 -0.082663281 
    2030    128.64068   -23.991152  0.066512454   -23.924639   -15.770305    17080.661    26.437489    25.336716    25.499645   0.53421635  -0.58175659 -0.082913263 
    2040    129.58424   -23.993068  0.067000311   -23.926068    25.273327     17211.14    26.504637    25.401068    25.564411   0.53557319  -0.58323418 -0.083123852 
    2050    114.79507   -23.977878  0.059353707   -23.918524    62.652434     17318.78    26.559777    25.453912    25.617595   0.53668739  -0.58444752 -0.083296781 
    2060    76.173389   -23.942421  0.039384733   -23.903037     90.63808    17403.836    26.603186    25.495513    25.659464   0.53756454  -0.58540274 -0.083432921 
    2070    62.824048   -23.922375  0.032482582   -23.889893    101.64518    17466.505    26.635079    25.526078    25.690225     0.538209  -0.58610455 -0.083532944 
    2080    85.155286   -23.929873  0.044028739   -23.885845    90.852345     17506.94    26.655617    25.545761    25.710035   0.53862401  -0.58655649 -0.083597355 
    2090    140.37488   -23.956919  0.072579508   -23.884339    58.039384    17525.027    26.664793    25.554556    25.718886   0.53880943  -0.58675841 -0.083626134 
    2100    204.79459   -23.979991   0.10588711   -23.874103    3.0268025    17520.448     26.66247    25.552329    25.716645   0.53876249   -0.5867073 -0.083618849 
    2110    217.69675   -23.956111   0.11255806   -23.843553   -59.191545    17491.302    26.647678    25.538152    25.702377   0.53846358  -0.58638178 -0.083572456 
    2120    194.26356   -23.908944   0.10044214   -23.808502   -109.13176    17434.686    26.618895    25.510569    25.674616   0.53788198  -0.58574843 -0.083482189 
    2130    140.28732   -23.860149  0.072534237   -23.787615   -137.38539    17348.978    26.575205    25.468697    25.632475   0.53699914  -0.58478702 -0.083345167 
    2140      152.874   -23.871412  0.079042061    -23.79237   -131.02721    17232.319    26.515504    25.411483    25.574893   0.53579278  -0.58347331 -0.083157934 
    2150    205.97156   -23.924871   0.10649565   -23.818375   -96.658788    17085.325    26.439896    25.339022    25.501966   0.53426498  -0.58180954  -0.08292081 
    2160    245.93588   -23.979823   0.12715883   -23.852664   -38.803703     16910.04    26.349165    25.252069    25.414454   0.53243161  -0.57981302 -0.082636262 
    2170    221.60018   -23.992933   0.11457629   -23.878357    27.914254    16709.343    26.244509     25.15177     25.31351   0.53031684  -0.57751005 -0.082308037 
    2180    153.25709   -23.963776  0.079240135   -23.884536    83.577429    16486.072    26.127091    25.039241    25.200258   0.52794419  -0.57492627 -0.081939791 
    2190    80.792159   -23.923735  0.041772825   -23.881962    120.70707    16240.859    25.996905    24.914476     25.07469   0.52531357  -0.57206154 -0.081531503 
    2200    49.537989   -23.910203  0.025613151    -23.88459    132.52046    15974.293    25.853888    24.777414    24.936747   0.52242366  -0.56891446 -0.081082973 
    2210    64.278187   -23.931499  0.033234431   -23.898264    116.91762    15687.032    25.697976    24.627993    24.786365   0.51927317  -0.56548361 -0.080594001 
    2220     94.80666   -23.964387   0.04901889   -23.915368    80.149414    15378.939    25.528626    24.465695    24.623023   0.51585117  -0.56175708 -0.080062887 
    2230    129.01071   -23.993436  0.066703771   -23.926732    26.989032     15050.16    25.345393    24.290091     24.44629    0.5121486  -0.55772502 -0.079488229 
    2240    124.02656   -23.992042  0.064126763   -23.927915   -30.934085    14700.396     25.14751    24.100448    24.255427   0.50815004  -0.55337063 -0.078867631 
    2250     102.4945   -23.975401  0.052993816   -23.922407     -81.5297    14329.559    24.934247    23.896064    24.049729   0.50384068  -0.54867777 -0.078198795 
    2260    68.270786   -23.951032  0.035298767   -23.915734   -120.43084    13938.545    24.705357    23.676704    23.828959   0.49921555  -0.54364104 -0.077480949 
    2270    52.307242   -23.938031  0.027044967   -23.910986   -139.64681    13528.366      24.4606    23.442138    23.592884   0.49426979  -0.53825516 -0.076713342 
    2280    53.168491   -23.937146  0.027490268   -23.909656   -134.40195    13100.665     24.20006    23.192446    23.341586   0.48900512  -0.53252198 -0.075896236 
    2290    77.571384   -23.951686  0.040107554   -23.911579    -107.7602    12657.855     23.92427    22.928139     23.07558    0.4834323  -0.52645323 -0.075031304 
    2300    114.26355    -23.97462  0.059078891   -23.915541   -58.397405    12202.473    23.633857    22.649818    22.795469     0.477564  -0.52006271 -0.074120512 
    2310    129.80638   -23.984108  0.067115167   -23.916993    10.659984    11737.573    23.329822    22.358442    22.502219   0.47142042  -0.51337241 -0.073166995 
    2320    136.03267   -23.984411  0.070334409   -23.914077    85.399304    11266.604    23.013517    22.055307    22.197135   0.46502893  -0.50641214 -0.072175001 
    2330    106.79771   -23.958475  0.055218748   -23.903256    158.99016    10792.558    22.686114    21.741536    21.881347   0.45841317  -0.49920764   -0.0711482 
    2340     79.09353   -23.929651  0.040894564   -23.888756     215.0873    10318.698    22.349113    21.418566      21.5563   0.45160346  -0.49179192 -0.070091296 
    2350    71.005185   -23.915707  0.036712562   -23.878994    232.09821    9848.0777    22.004043    21.087864    21.223471    0.4446307  -0.48419866 -0.069009086 
    2360    106.27569   -23.933174  0.054948844   -23.878225    204.07565    9383.1043     21.65214    20.750614    20.884052   0.43751989  -0.47645505  -0.06790545 
    2370    157.32179    -23.96367   0.08134175   -23.882328    124.54085    8925.8721     21.29457    20.407931    20.539166   0.43029455  -0.46858672 -0.066784038 
    2380     201.6266   -23.983569   0.10424914    -23.87932   -4.5575033    8478.2738    20.932502    20.060938    20.189942   0.42297831  -0.46061941 -0.065648519 
    2390     197.1694   -23.966006   0.10194458   -23.864062   -151.51661    8041.4485    20.566643    19.710313    19.837062    0.4155855   -0.4525687 -0.064501114 
    2400    156.63229   -23.924476  0.080985252   -23.843491    -292.5713    7616.7232    20.197985    19.357005    19.481481    0.4081361  -0.44445638 -0.063344928 
    2410    119.55906    -23.89011  0.061816885   -23.828293   -399.29476    7205.5195    19.827765    19.002199    19.124394   0.40065514  -0.43630969 -0.062183842 
    2420    107.82147   -23.884237  0.055748074   -23.828489   -427.12739    6808.8569    19.457038    18.646908    18.766818   0.39316395  -0.42815185 -0.061021169 
    2430    142.19752   -23.919287  0.073521888   -23.845766   -374.44866    6428.6939    19.087962      18.2932    18.410836   0.38570613  -0.42003035 -0.059863674 
    2440    160.18099   -23.955343   0.08282007   -23.872523   -248.97839    6067.0216    18.723075    17.943505    18.058892   0.37833292    -0.412001 -0.058719313 
    2450    170.22698   -23.985606  0.088014254   -23.897592   -73.178094    5725.4649    18.364914    17.600257    17.713437   0.37109566  -0.40411969 -0.057596051 
    2460    139.19726   -23.983559  0.071970631   -23.911588    111.77543    5405.0933    18.015779    17.265659    17.376687   0.36404077  -0.39643698 -0.056501093 
    2470    99.985699   -23.967335  0.051696664   -23.915638    278.53213     5106.116    17.677284    16.941258      17.0502   0.35720087   -0.3889884 -0.055439505 
    2480     61.92239   -23.947115  0.032016388   -23.915098    409.69002    4828.2468    17.350626      16.6282    16.735129   0.35060016  -0.38180028 -0.054415038 
    2490    39.806985   -23.938063  0.020581827   -23.917482    479.09036     4571.035    17.036884    16.327522    16.432517   0.34426045   -0.3748964 -0.053431082 
    2500    47.817023   -23.950234  0.024723341   -23.925511    470.18817    4333.7257    16.736801    16.039934     16.14308   0.33819675  -0.36829308 -0.052489962 
    2510    68.966242     -23.9718  0.035658346   -23.936142    383.74538    4115.3749    16.450854    15.765893    15.867276   0.33241868  -0.36200082 -0.051593175 
    2520    99.162849   -23.995152  0.051271217   -23.943881    222.57357     3914.956    16.179346    15.505689    15.605399   0.32693237  -0.35602628 -0.050741669 
    2530    105.26665   -23.998566  0.054427132   -23.944139    4.0891686    3731.3298    15.922327    15.259371    15.357498   0.32173885  -0.35037058 -0.049935607 
    2540    95.000181   -23.985838  0.049118949    -23.93672   -231.50341    3563.2395    15.679552    15.026705    15.123335   0.31683316  -0.34502833 -0.049174217 
    2550    66.807819   -23.959569  0.034542353   -23.925027   -450.38399    3409.4983    15.450723    14.807404    14.902624   0.31220926  -0.33999295 -0.048456564 
    2560    45.446113   -23.936041  0.023497485   -23.912543   -623.50198    3269.0036    15.235514    14.601156    14.695049   0.30786058  -0.33525728 -0.047781625 
    2570    40.321986   -23.923622  0.020848103   -23.902774   -704.79502    3140.6498    15.033444    14.407499    14.500147    0.3037774  -0.33081073 -0.047147893 
    2580    66.989325   -23.932468  0.034636199   -23.897832   -670.45651    3023.4626    14.844088    14.226027    14.317508   0.29995112  -0.32664395 -0.046554034 
    2590    113.66172   -23.955674   0.05876772   -23.896906   -514.87971     2916.596    14.667094    14.056403    14.146793   0.29637465  -0.32274921 -0.045998946 
    2600    162.40028   -23.981843  0.083967533   -23.897875   -220.03908     2819.232    14.502034    13.898215    13.987589   0.29303932  -0.31911706 -0.045481285 
    2610    186.38902   -23.989607  0.096370688   -23.893237    169.48028    2730.7977    14.348786    13.751348    13.839777   0.28994267  -0.31574484 -0.045000668 
    2620    158.73398   -23.958827  0.082071907   -23.876756    570.11971    2650.8149    14.207308     13.61576    13.703317   0.28708385  -0.31263161 -0.044556964 
    2630    128.44338   -23.921746  0.066410438   -23.855335    910.06387    2578.7559    14.077387     13.49125    13.578006   0.28445858  -0.30977272 -0.044149507 
    2640    109.90421   -23.902081  0.056824936   -23.845256    1061.5953    2514.2265    13.958973    13.377765    13.463792   0.28206579    -0.307167 -0.043778135 
    2650     152.6357   -23.932712  0.078918849   -23.853794    970.54058    2456.5713    13.851446    13.274715    13.360079   0.27989303  -0.30480088 -0.043440909 
    2660    181.78421   -23.954848  0.093989816   -23.860858    709.57883    2404.9385    13.753714    13.181052    13.265814   0.27791817  -0.30265028 -0.043134402 
    2670    186.41275   -23.963437  0.096382954   -23.867054    308.26813     2358.523    13.664656    13.095703    13.179915    0.2761186  -0.30069056 -0.042855098 
    2680    150.24643   -23.954467  0.077683503   -23.876784    -114.5714    2316.3692    13.582756    13.017213    13.100921   0.27446368  -0.29888837 -0.042598246 
    2690    101.31692   -23.942784  0.052384962   -23.890399   -446.49407    2277.5719    13.506496    12.944128    13.027366    0.2729227  -0.29721025 -0.042359077 
    2700    81.860288   -23.949311  0.042325091   -23.906986    -665.1658    2241.5324    13.434876     12.87549    12.958287   0.27147549  -0.29563426 -0.042134462 
    2710    70.336075   -23.957048  0.036366605   -23.920682   -729.80745    2207.8686     13.36728    12.810709    12.893089    0.2701096  -0.29414682  -0.04192247 
    2720     72.78739   -23.970008  0.037634035   -23.932374   -671.41277    2176.3109    13.303287     12.74938    12.831366   0.26881651  -0.29273865 -0.041721774 
    2730    66.889008    -23.97463  0.034584332   -23.940045   -525.27928    2146.5991    13.242469    12.691095    12.772706   0.26758757  -0.29140035 -0.041531036 
    2740     62.41768   -23.974595  0.032272474   -23.942322   -304.47297    2118.4699    13.184371    12.635416    12.716669    0.2664136  -0.29012191  -0.04134883 
    2750    51.549091   -23.967103  0.026652972    -23.94045    -61.56884    2091.7378     13.12868    12.582043    12.662953   0.26528826  -0.28889643 -0.041174172 
    2760    53.819212   -23.967468  0.027826717   -23.939641    149.67513    2066.2601    13.075159    12.530751    12.611331   0.26420678   -0.2877187 -0.041006319 
    2770    62.592463    -23.97381  0.032362843   -23.941447    312.19692    2041.8706     13.02351    12.481253    12.561514   0.26316312  -0.28658217 -0.040844338 
    2780     80.60236   -23.987927  0.041674691   -23.946252    397.91207    2018.4116    12.973442    12.433269    12.513222   0.26215141  -0.28548042 -0.040687315 
    2790    90.413136   -23.991265   0.04674726   -23.944518     420.0277    1995.7069    12.924614    12.386474    12.466126   0.26116474  -0.28440595 -0.040534178 
    2800    80.374016   -23.974936  0.041556628   -23.933379    411.55752      1973.55    12.876605    12.340464     12.41982   0.26019463  -0.28334951 -0.040383612 
    2810    60.517128   -23.949732  0.031289811   -23.918442    358.80582    1951.8088    12.829146    12.294981    12.374044   0.25923564  -0.28230518 -0.040234772 
    2820    41.462312   -23.928503  0.021437698   -23.907066    256.83269    1930.3351    12.781924    12.249725    12.328497   0.25828143  -0.28126606 -0.040086674 
    2830    70.511956   -23.938879  0.036457543   -23.902421    95.843489    1908.9793    12.734612    12.204383    12.282864   0.25732542  -0.28022497 -0.039938295 
    2840    123.94957   -23.967205  0.064086957   -23.903118   -121.73714    1887.6246    12.686949    12.158705    12.236892   0.25636231  -0.27917614 -0.039788814 
    2850    179.37651   -23.996107  0.092744937   -23.903362   -286.86213    1866.1275    12.638603    12.112372    12.190261   0.25538539   -0.2781123 -0.039637193 
    2860    157.53538   -23.971276  0.081452184   -23.889824   -331.75947    1844.4175    12.589401    12.065218    12.142804   0.25439117   -0.2770296 -0.039482884 
    2870    98.031755   -23.917047  0.050686395    -23.86636    -319.6426    1822.5581    12.539468    12.017364    12.094643   0.25338219  -0.27593082 -0.039326284 
    2880    80.713132   -23.902581  0.041731965   -23.860849    -402.6981    1800.6352    12.488987    11.968986    12.045953   0.25236214     -0.27482 -0.039167967 
    2890     134.0095   -23.946985   0.06928835   -23.877697   -655.33136    1778.6869    12.438036    11.920156    11.996809   0.25133258  -0.27369882 -0.039008174 
    2900     165.2419   -23.964806  0.085436765   -23.879369   -824.15859    1756.4315    12.385943    11.870231    11.946563   0.25027993   -0.2725525 -0.038844797 
    2910    134.02285   -23.947538  0.069295254   -23.878243    -781.6518     1733.694    12.332264    11.818787    11.894789   0.24919526  -0.27137129  -0.03867645 
    2920    106.16529   -23.935986  0.054891763   -23.881094   -525.31229    1710.3975    12.276776     11.76561     11.84127   0.24807403  -0.27015029  -0.03850243 
    2930     112.0175   -23.947169  0.057917594   -23.889252   -121.04491    1686.5489    12.219449     11.71067    11.785976   0.24691564  -0.26888881 -0.038322641 
    2940    138.29067   -23.969642  0.071501888    -23.89814    336.88921    1662.2968    12.160596    11.654267     11.72921    0.2457264  -0.26759374 -0.038138064 
    2950    133.63271    -23.97675  0.069093534   -23.907656    830.51114     1637.762     12.10047    11.596645    11.671218   0.24451146  -0.26627068 -0.037949499 
    2960    98.026519   -23.957772  0.050683688   -23.907088     1221.778     1613.159    12.039572    11.538282     11.61248    0.2432809  -0.26493062  -0.03775851 
    2970    64.265803   -23.935144  0.033228028   -23.901916    1384.3033    1588.6098    11.978186    11.479453    11.553272    0.2420405  -0.26357983 -0.037565992 
    2980     57.87629   -23.934947  0.029924391   -23.905022     1287.089    1564.0952    11.916253    11.420098    11.493536   0.24078902  -0.26221698 -0.037371757 
    2990    92.732178   -23.967533  0.047946299   -23.919586    902.59185    1539.5971    11.853711     11.36016    11.433212   0.23952526  -0.26084076 -0.037175614 
    3000    118.31605   -23.990616  0.061174199   -23.929441     325.4603    1515.0009    11.790248     11.29934    11.372001   0.23824288  -0.25944425 -0.036976581 
Loop time of 37.2986 on 1 procs for 3000 steps with 5 atoms

Performance: 13.899 ns/day, 1.727 hours/ns, 80.432 timesteps/s
281.9% CPU use with 1 MPI tasks x no OpenMP threads

MPI task timing breakdown:
Section |  min time  |  avg time  |  max time  |%varavg| %total
---------------------------------------------------------------
Pair    | 36.683     | 36.683     | 36.683     |   0.0 | 98.35
Neigh   | 0.0021446  | 0.0021446  | 0.0021446  |   0.0 |  0.01
Comm    | 0.0079806  | 0.0079806  | 0.0079806  |   0.0 |  0.02
Output  | 0.56134    | 0.56134    | 0.56134    |   0.0 |  1.51
Modify  | 0.035765   | 0.035765   | 0.035765   |   0.0 |  0.10
Other   |            | 0.008332   |            |       |  0.02

Nlocal:    5 ave 5 max 5 min
Histogram: 1 0 0 0 0 0 0 0 0 0
Nghost:    43 ave 43 max 43 min
Histogram: 1 0 0 0 0 0 0 0 0 0
Neighs:    0 ave 0 max 0 min
Histogram: 1 0 0 0 0 0 0 0 0 0

Total # of neighbors = 0
Ave neighs/atom = 0
Neighbor list builds = 191
Dangerous builds = 26
Total wall time: 0:00:39
