2019-06-24 13:55:27.292973: I tensorflow/core/platform/cpu_feature_guard.cc:140] Your CPU supports instructions that this TensorFlow binary was not compiled to use: AVX512F
2019-06-24 13:55:27.906251: E tensorflow/stream_executor/cuda/cuda_driver.cc:406] failed call to cuInit: CUDA_ERROR_NO_DEVICE
2019-06-24 13:55:27.906313: I tensorflow/stream_executor/cuda/cuda_diagnostics.cc:158] retrieving CUDA diagnostic information for host: SR760-GPU-7
2019-06-24 13:55:27.906326: I tensorflow/stream_executor/cuda/cuda_diagnostics.cc:165] hostname: SR760-GPU-7
2019-06-24 13:55:27.906393: I tensorflow/stream_executor/cuda/cuda_diagnostics.cc:189] libcuda reported version is: 410.48.0
2019-06-24 13:55:27.906456: I tensorflow/stream_executor/cuda/cuda_diagnostics.cc:193] kernel reported version is: 410.48.0
2019-06-24 13:55:27.906465: I tensorflow/stream_executor/cuda/cuda_diagnostics.cc:300] kernel version seems to match DSO: 410.48.0
Info of lammps module:
  use deepmd-kit at:  /sharedext4/local/deepmd-kit-0.12.4
  source:             v0.12.4-1-ge3cd911-dirty
  source branch:      master
  source commit:      e3cd911
  source commit at:   2019-02-07 10:22:13 +0800
  build float prec:   double
  build with tf inc:  /sharedext4/local/tensorflow/r1.8.gpu.cc/include
  build with tf lib:  /sharedext4/local/tensorflow/r1.8.gpu.cc/lib/libtensorflow_cc.so;/sharedext4/local/tensorflow/r1.8.gpu.cc/lib/libtensorflow_framework.so
  >>> Info of model(s):
  using   4 model(s): ../graph.002.pb ../graph.003.pb ../graph.000.pb ../graph.001.pb 
  rcut in model:      5
  ntypes in model:    2
Neighbor list info ...
  update every 1 steps, delay 10 steps, check yes
  max neighbors/atom: 2000, page size: 100000
  master list distance cutoff = 6
  ghost atom cutoff = 6
  binsize = 3, bins = 4 4 4
  1 neighbor lists, perpetual/occasional/extra = 1 0 0
  (1) pair deepmd, perpetual
      attributes: , newton on
      pair build: full/bin/atomonly
      stencil: full/bin/3d
      bin: standard
Setting up Verlet run ...
  Unit style    : metal
  Current step  : 0
  Time step     : 0.002
Per MPI rank memory allocation (min/avg/max) = 3.949 | 3.949 | 3.949 Mbytes
Step Temp PotEng KinEng TotEng Press Volume Lx Ly Lz Xy Xz Yz 
       0          100   -23.976445  0.051704058    -23.92474    -15.67479    1004.1743     9.971738    9.8759242     10.19672   -0.2656346   -0.2936924    0.2919752 
      10    51.947261   -23.950189  0.026858842   -23.923331   -499.66357    1009.1572    9.9882048    9.8922328    10.213558  -0.26607325  -0.29417739   0.29245735 
      20    93.140438    -23.97301  0.048157386   -23.924853   -801.33419    1013.8649    10.003712    9.9075911    10.229416  -0.26648635  -0.29463412   0.29291141 
      30    71.134397   -23.959197   0.03677937   -23.922417    -892.4274     1018.263    10.018157    9.9218968    10.244186  -0.26687113  -0.29505954   0.29333435 
      40    114.27321   -23.981428  0.059083886   -23.922345   -748.27366    1022.3247    10.031459    9.9350715    10.257789   -0.2672255  -0.29545133   0.29372385 
      50    117.85911   -23.982935   0.06093794   -23.921997   -311.67691     1026.081     10.04373    9.9472248    10.270337  -0.26755239  -0.29581275   0.29408315 
      60    104.70083   -23.966704  0.054134577   -23.912569    183.34522    1029.6479    10.055355    9.9587376    10.282224  -0.26786205  -0.29615512   0.29442352 
      70    101.13281   -23.949837  0.052289768   -23.897547     642.3535    1033.0976    10.066572    9.9698472    10.293694  -0.26816086   -0.2964855   0.29475197 
      80    54.987252     -23.9022  0.028430641   -23.873769    1032.5744    1036.4344    10.077398    9.9805694    10.304764  -0.26844926  -0.29680436   0.29506897 
      90    122.39307   -23.928009  0.063282185   -23.864727    890.27977    1039.8716    10.088526    9.9915903    10.316143  -0.26874569   -0.2971321   0.29539479 
     100     130.1221   -23.926352  0.067278408   -23.859074    466.96385    1043.3559    10.099782    10.002738    10.327653  -0.26904553  -0.29746361   0.29572436 
     110    257.63832   -23.985904   0.13320947   -23.852695   -152.58899    1046.9081     10.11123    10.014076     10.33936   -0.2693505   -0.2978008   0.29605957 
     120    171.19215   -23.920492  0.088513286   -23.831978   -953.62015    1050.5025    10.122789    10.025524    10.351179  -0.26965841  -0.29814123   0.29639801 
     130    202.99598   -23.928506   0.10495716   -23.823548   -1061.4627    1053.7209    10.133116    10.035752    10.361739  -0.26993351  -0.29844538   0.29670039 
     140    130.45482   -23.888678  0.067450437   -23.821228   -758.40447    1056.6343    10.142447    10.044992     10.37128  -0.27018206  -0.29872019   0.29697359 
     150    215.26996   -23.945524   0.11130331   -23.834221   -320.56315    1059.2988    10.150965    10.053429     10.37999  -0.27040897  -0.29897107     0.297223 
     160    175.43734   -23.947973  0.090708226   -23.857264    400.38133    1061.8104    10.158981    10.061368    10.388188  -0.27062252  -0.29920717   0.29745772 
     170    136.59021    -23.94285   0.07062268   -23.872227    964.62387    1064.3508    10.167076    10.069386    10.396466  -0.27083817   -0.2994456   0.29769476 
     180    90.379208   -23.932895  0.046729718   -23.886165    1063.4381    1067.0591    10.175693    10.077919    10.405276   -0.2710677  -0.29969937   0.29794705 
     190    77.756199   -23.939326   0.04020311   -23.899123     838.5857    1069.8099    10.184429    10.086572     10.41421  -0.27130043  -0.29995668   0.29820286 
     200    83.045842   -23.955516   0.04293807   -23.912578    375.81346    1072.5716    10.193185    10.095244    10.423164  -0.27153368  -0.30021458   0.29845924 
     210    86.277839   -23.965292  0.044609144   -23.920683   -146.65333    1075.2317    10.201605    10.103583    10.431774  -0.27175798  -0.30046256   0.29870578 
     220    92.385691   -23.972128  0.047767151   -23.924361   -693.96004    1077.7582    10.209589     10.11149    10.439938  -0.27197066  -0.30069771   0.29893955 
     230    95.350255   -23.974183  0.049299951   -23.924883   -1065.9533    1080.0332    10.216768      10.1186    10.447278  -0.27216189  -0.30090914   0.29914975 
     240     94.35385   -23.973453  0.048784769   -23.924669   -1143.5276    1081.9955    10.222952    10.124724    10.453602  -0.27232662  -0.30109127   0.29933081 
     250    103.90935   -23.979455  0.053725353    -23.92573    -987.6326    1083.6595     10.22819    10.129912    10.458958  -0.27246615  -0.30124554   0.29948417 
     260    94.320066   -23.973938  0.048767301   -23.925171   -655.51184    1085.0648    10.232609    10.134289    10.463477  -0.27258388   -0.3013757   0.29961357 
     270    97.296896   -23.971334  0.050306444   -23.921028   -99.556875    1086.2058    10.236195     10.13784    10.467143  -0.27267939   -0.3014813   0.29971856 
     280    63.817104    -23.94395  0.032996033   -23.910954     447.5755    1087.1785    10.239249    10.140865    10.470267  -0.27276076  -0.30157126     0.299808 
     290     71.90312   -23.941246  0.037176831   -23.904069    762.20202    1088.1006    10.242143    10.143731    10.473226  -0.27283785   -0.3016565   0.29989273 
     300    63.201009   -23.933852  0.032677486   -23.901174    858.36347     1089.023    10.245036    10.146597    10.476185  -0.27291493  -0.30174171   0.29997745 
     310    114.52345   -23.966892  0.059213272   -23.907679    617.56814    1089.9907     10.24807    10.149601    10.479287  -0.27299574  -0.30183107   0.30006628 
     320    120.48108   -23.966438  0.062293608   -23.904144    80.104025    1090.9496    10.251074    10.152577    10.482359  -0.27307577  -0.30191955   0.30015425 
     330    135.55333   -23.964458  0.070086573   -23.894372   -444.43483    1091.7212    10.253491     10.15497     10.48483  -0.27314014  -0.30199071   0.30022499 
     340    107.73405   -23.941154  0.055702874   -23.885451   -734.78196    1092.1657    10.254882    10.156348    10.486252   -0.2731772  -0.30203169   0.30026573 
     350    89.918617    -23.92233  0.046491574   -23.875838   -856.51879    1092.2969    10.255293    10.156754    10.486672  -0.27318814  -0.30204379   0.30027776 
     360    125.96802   -23.941375  0.065130579   -23.876245   -712.92423    1091.9894     10.25433    10.155801    10.485688   -0.2731625  -0.30201544   0.30024958 
     370       158.12   -23.958791  0.081754454   -23.877037   -217.12284    1091.2437    10.251995    10.153489    10.483301   -0.2731003  -0.30194667   0.30018121 
     380    192.16838   -23.976826  0.099358851   -23.877467    442.03544    1090.1177    10.248468    10.149995    10.479694  -0.27300635  -0.30184279   0.30007794 
     390    145.43971   -23.950042  0.075198232   -23.874843     1003.762     1088.823    10.244409    10.145976    10.475543  -0.27289822  -0.30172325   0.29995909 
     400     131.3517   -23.929803   0.06791416   -23.861889    1365.2134    1087.3899    10.239913    10.141522    10.470945  -0.27277844  -0.30159081   0.29982743 
     410    70.379866   -23.898759  0.036389247   -23.862369    1299.1893    1085.9182    10.235291    10.136945    10.466219  -0.27265532  -0.30145469    0.2996921 
     420    123.55564     -23.9416  0.063883282   -23.877717    805.03157    1084.3008    10.230207     10.13191    10.461021  -0.27251989  -0.30130495   0.29954324 
     430     92.33082   -23.943514  0.047738781   -23.895775    125.21774    1082.4176    10.224281     10.12604    10.454961  -0.27236202  -0.30113041   0.29936972 
     440    132.38065    -23.98158  0.068446169   -23.913134   -462.39898    1080.0372    10.216781    10.118612    10.447291  -0.27216223  -0.30090951   0.29915011 
     450    83.575291   -23.965094  0.043211817   -23.921882   -915.58563    1077.1181    10.207568    10.109488    10.437871  -0.27191681  -0.30063817   0.29888036 
     460    104.19645   -23.985308  0.053873791   -23.931434    -1067.409    1073.5229    10.196198    10.098228    10.426244  -0.27161393   -0.3003033   0.29854745 
     470    62.456024   -23.969953  0.032292299   -23.937661   -952.23251    1069.2895    10.182778    10.084936    10.412521  -0.27125643  -0.29990804    0.2981545 
     480    83.342216   -23.985938  0.043091308   -23.942846   -668.61479    1064.4367     10.16735    10.069657    10.396745  -0.27084546  -0.29945366   0.29770277 
     490    46.775866    -23.96759  0.024185021   -23.943405   -273.76667    1059.0226    10.150082    10.052555    10.379088  -0.27038547  -0.29894508   0.29719717 
     500    61.709906   -23.972765  0.031906526   -23.940858    188.25867    1053.0472    10.130956    10.033612     10.35953  -0.26987597  -0.29838177   0.29663715 
     510    20.210551   -23.947163  0.010449675   -23.936713    506.56896    1046.6285     10.11033    10.013185    10.338439  -0.26932652  -0.29777428   0.29603322 
     520    54.682589   -23.965382  0.028273118   -23.937109    675.15575    1039.7703    10.088199     9.991266    10.315809  -0.26873697  -0.29712246   0.29538521 
     530     40.13284   -23.959995  0.020750307   -23.939244    623.51806    1032.5389    10.064757    9.9680496    10.291838  -0.26811251  -0.29643205   0.29469883 
     540    104.59546   -23.998897  0.054080099   -23.944817    299.57306    1024.9165    10.039929    9.9434602     10.26645  -0.26745113   -0.2957008   0.29397186 
     550     80.51591   -23.981265  0.041629993   -23.939635   -124.83466    1016.8612    10.013557    9.9173417    10.239483  -0.26674861  -0.29492408   0.29319968 
     560    120.85703   -23.994214   0.06248799   -23.931726   -497.74714    1008.2716    9.9852819    9.8893379     10.21057  -0.26599539   -0.2940913   0.29237177 
     570    58.353619   -23.947838  0.030171189   -23.917666   -800.79042    999.16075     9.955115    9.8594609    10.179722  -0.26519178  -0.29320281   0.29148847 
     580    95.487877   -23.957045  0.049371107   -23.907674   -787.49365     989.4131    9.9226356    9.8272936     10.14651  -0.26432657  -0.29224621   0.29053747 
     590    63.434335   -23.930952  0.032798125   -23.898154   -463.22778    979.02881    9.8877994    9.7927922    10.110888  -0.26339858   -0.2912202   0.28951746 
     600    136.11798   -23.963806  0.070378518   -23.893427     79.86185    968.02285    9.8506078    9.7559579    10.072857  -0.26240784  -0.29012482   0.28842847 
     610    130.50251   -23.958315  0.067475093    -23.89084    875.11651    956.49424    9.8113464    9.7170737     10.03271  -0.26136197  -0.28896847   0.28727889 
     620     145.6943   -23.963411  0.075329867   -23.888081    1555.2504    944.63495    9.7706284    9.6767469     9.991073  -0.26027729  -0.28776922   0.28608666 
     630    114.16388   -23.940622  0.059027357   -23.881595    1753.9286    932.65277    9.7291407    9.6356579    9.9486494  -0.25917211  -0.28654731   0.28487189 
     640    105.55789   -23.931714  0.054577711   -23.877136    1657.2282    920.45135    9.6865272    9.5934539    9.9050744  -0.25803694  -0.28529224   0.28362415 
     650    131.50914   -23.951223  0.067995562   -23.883228    988.66594    908.09293    9.6429798    9.5503248    9.8605444  -0.25687689  -0.28400966   0.28234907 
     660    104.90957   -23.941521  0.054242507   -23.887279    -30.13824    895.49042    9.5981634    9.5059391    9.8147169  -0.25568304   -0.2826897   0.28103683 
     670    129.86825   -23.957166  0.067147155   -23.890019   -921.91106    882.51577    9.5515822    9.4598055    9.7670847  -0.25444218  -0.28131777   0.27967292 
     680    87.188164   -23.935505  0.045079819   -23.890425   -1674.5573    869.11653    9.5029949     9.411685    9.7174012  -0.25314787  -0.27988675   0.27825027 
     690    126.71223   -23.957162  0.065515364   -23.891647   -2130.0713    855.22388    9.4520882    9.3612675     9.665346  -0.25179178  -0.27838742   0.27675971 
     700    97.221399   -23.948752  0.050267409   -23.898484   -1839.8196     840.7441    9.3984399    9.3081346    9.6104872  -0.25036266  -0.27680735   0.27518888 
     710    138.27905   -23.977286  0.071495882    -23.90579   -1174.7968    825.81886    9.3424925    9.2527248    9.5532775  -0.24887229  -0.27515956   0.27355072 
     720    96.866865   -23.956869    0.0500841   -23.906785   -402.98433    810.58808    9.2847004     9.195488    9.4941816  -0.24733278  -0.27345744   0.27185855 
     730    103.15397    -23.95716  0.053334787   -23.903825    519.83007    795.07095    9.2250725     9.136433    9.4332083  -0.24574437  -0.27170125   0.27011263 
     740    60.995233   -23.935011  0.031537011   -23.903474    1046.5007    779.40864    9.1640946     9.076041    9.3708546  -0.24411999   -0.2699053   0.26832718 
     750    97.626503   -23.967109  0.050476864   -23.916632    1015.0112    763.63048     9.101834    9.0143787    9.3071893  -0.24246145  -0.26807157   0.26650417 
     760    106.68374   -23.982377  0.055159822   -23.927217    733.01048    747.70192    9.0381037    8.9512608    9.2420212  -0.24076375  -0.26619456   0.26463814 
     770    115.68057   -23.989461  0.059811549    -23.92965    83.732331    731.63039    8.9728774    8.8866612    9.1753233  -0.23902621  -0.26427348   0.26272829 
     780    83.946692   -23.967686  0.043403846   -23.924282   -532.70115    715.31998    8.9056976    8.8201269    9.1066277  -0.23723662  -0.26229487   0.26076125 
     790    55.056987    -23.95176  0.028466697   -23.923293   -742.60683    698.67434    8.8360756    8.7511738    9.0354349  -0.23538198  -0.26024433    0.2587227 
     800    45.397596   -23.947052  0.023472399    -23.92358   -750.71171    681.74083    8.7641054    8.6798952    8.9618409  -0.23346478  -0.25812463   0.25661539 
     810    48.176355   -23.952692   0.02490913   -23.927783    -430.5151    664.52809    8.6897164     8.606221    8.8857736  -0.23148315  -0.25593369   0.25443726 
     820    65.442365   -23.968311  0.033836358   -23.934475    199.67331    647.09586    8.6130579     8.530299    8.8073855  -0.22944106   -0.2536759   0.25219268 
     830    74.319447   -23.978654   0.03842617   -23.940228    793.31406    629.53628    8.5344344     8.452431    8.7269881  -0.22734663  -0.25136025   0.24989056 
     840     76.78805   -23.986966  0.039702538   -23.947264    1289.9009     611.8758    8.4538704     8.372641    8.6446064  -0.22520051  -0.24898744   0.24753162 
     850     71.65641   -23.987878  0.037049272   -23.950829    1624.0735    594.15984    8.3714802    8.2910425    8.5603573  -0.22300574  -0.24656084   0.24511922 
     860    61.876704   -23.983966  0.031992767   -23.951973    1484.0145     576.4486    8.2874583    8.2078279    8.4744397   -0.2207675  -0.24408619   0.24265903 
     870    62.918381   -23.985537  0.032531356   -23.953005    933.12884     558.7469    8.2017438     8.122937    8.3867913  -0.21848417  -0.24156168   0.24014929 
     880    56.093252    -23.98016  0.029002488   -23.951158    198.13051    541.02746    8.1141107     8.036146     8.297181  -0.21614974  -0.23898067   0.23758337 
     890    51.328727   -23.974577  0.026539035   -23.948038   -731.85729    523.29769    8.0244898    7.9473862    8.2055381  -0.21376235  -0.23634111   0.23495924 
     900    41.652282   -23.963882   0.02153592   -23.942346    -1644.793    505.55601    7.9327588    7.8565366    8.1117375  -0.21131875  -0.23363941   0.23227333 
     910    36.392483    -23.95358   0.01881639   -23.934764    -2267.385    487.80818    7.8388228    7.7635032    8.0156822  -0.20881641  -0.23087276   0.22952286 
     920    50.923733   -23.953572  0.026329637   -23.927243   -2534.9252    470.06741    7.7426187    7.6682234    7.9173074  -0.20625366  -0.22803931   0.22670598 
     930    70.785407   -23.957155  0.036598928   -23.920557   -2354.2173    452.35679    7.6441323    7.5706834     7.816599   -0.2036301  -0.22513864   0.22382227 
     940    115.92391   -23.974029  0.059937366   -23.914091   -1371.0295    434.69833    7.5433423    7.4708618     7.713535  -0.20094518  -0.22217013   0.22087111 
     950    128.98907   -23.974784  0.066692583   -23.908091    156.37062     417.1818    7.4406283    7.3691348    7.6085036  -0.19820901  -0.21914495   0.21786362 
     960    169.35989   -23.988252  0.087565938   -23.900686    1627.3767    399.90242    7.3364479    7.2659554    7.5019726  -0.19543377  -0.21607657   0.21481319 
     970     126.7623   -23.951194  0.065541252   -23.885653    3168.8885    382.91906    7.2310853    7.1616052    7.3942329  -0.19262705  -0.21297339   0.21172814 
     980    141.29779   -23.945778  0.073056689   -23.872721     4225.753    366.30225    7.1249368    7.0564766    7.2856895  -0.18979939  -0.20984705   0.20862009 
     990    85.536904   -23.909309   0.04422605   -23.865083    3825.1594    350.14176    7.0185779    6.9511397    7.1769309  -0.18696612  -0.20671452   0.20550587 
    1000    127.94912   -23.933932  0.066154888   -23.867777    2519.6709    334.43545    6.9120243    6.8456099    7.0679733  -0.18412766  -0.20357625   0.20238595 
    1010    102.03742   -23.927143  0.052757488   -23.874385    651.85419     319.1892    6.8053514    6.7399619    6.9588935  -0.18128603  -0.20043447   0.19926254 
    1020     146.3829   -23.955457  0.075685901   -23.879771   -1913.0754    304.45843    6.6990079    6.6346403    6.8501508  -0.17845317  -0.19730239   0.19614877 
    1030    132.84401   -23.951633  0.068685744   -23.882948   -3597.9763      290.394    6.5942241    6.5308633    6.7430028  -0.17566186  -0.19421624   0.19308068 
    1040    153.24994   -23.966652  0.079236438   -23.887416   -3739.4273    277.36912    6.4941233    6.4317243    6.6406435   -0.1729953  -0.19126803    0.1901497 
    1050    124.88913   -23.954516  0.064572748   -23.889943   -2662.9063    266.81012    6.4106479     6.349051    6.5552848  -0.17077162  -0.18880947   0.18770551 
    1060    98.334645   -23.942684  0.050843002   -23.891841   -1063.1013    261.59187    6.3685795    6.3073868    6.5122672  -0.16965097  -0.18757045   0.18647374 
    1070    73.864424   -23.931188  0.038190905   -23.892997    539.94231    263.11142    6.3808871    6.3195761    6.5248525  -0.16997883  -0.18793294   0.18683411 
    1080    49.519046   -23.925694  0.025603356    -23.90009    1115.2424    271.03214    6.4442853    6.3823651    6.5896811  -0.17166768  -0.18980017   0.18869043 
    1090    71.179022   -23.948015  0.036802443   -23.911212    1130.3245    283.31525    6.5402017    6.4773599    6.6877615  -0.17422277  -0.19262515   0.19149888 
    1100    67.309717   -23.957289  0.034801855   -23.922487    1154.3028    297.21621    6.6454642     6.581611     6.795399  -0.17702684  -0.19572539     0.194581 
    1110    105.05709   -23.990395  0.054318779   -23.936076    608.19751    311.88646    6.7530505    6.6881636    6.9054127   -0.1798928  -0.19889408   0.19773116 
    1120    87.243617   -23.987767   0.04510849   -23.942659     57.11014    327.28564    6.8624123    6.7964746    7.0172419  -0.18280606  -0.20211505    0.2009333 
    1130    99.921783     -23.9979  0.051663617   -23.946236   -293.08304    343.39689    6.9732186    6.9062162    7.1305482   -0.1857578  -0.20537857   0.20417774 
    1140    53.213088   -23.974387  0.027513326   -23.946874   -610.25547    360.22114    7.0852888    7.0172096    7.2451469  -0.18874321  -0.20867932   0.20745918 
    1150    61.305251   -23.983585  0.031697302   -23.951888   -627.37582    377.71672    7.1981887    7.1290247    7.3605941  -0.19175072   -0.2120045   0.21076492 
    1160    18.880427   -23.965619 0.0097619472   -23.955857   -432.36783    395.86377    7.3116671    7.2414127    7.4766328  -0.19477365  -0.21534672    0.2140876 
    1170    35.070083   -23.981286  0.018132656   -23.963154   -134.14095    414.62713    7.4254093     7.354062    7.5929412   -0.1978036  -0.21869671     0.217418 
    1180    7.9262742   -23.973022 0.0040982054   -23.968923    160.91951    433.98889    7.5392364    7.4667954    7.7093365  -0.20083581   -0.2220492   0.22075089 
    1190    31.160262   -23.990747   0.01611112   -23.974636    401.08762    453.91606    7.6529053    7.5793721      7.82557   -0.2038638  -0.22539703   0.22407915 
    1200    13.376686   -23.984603 0.0069162895   -23.977686    539.81671    474.38778    7.7662671    7.6916446    7.9414894  -0.20688362  -0.22873582   0.22739841 
    1210    39.380376   -24.001378  0.020361253   -23.981017    592.63516    495.36663    7.8791023    7.8033957    8.0568704  -0.20988941  -0.23205909   0.23070226 
    1220    23.819028   -23.993977  0.012315404   -23.981661    509.46203     516.8249    7.9912669    7.9144825    8.1715656  -0.21287733  -0.23536262   0.23398647 
    1230    49.525628   -24.008289  0.025606759   -23.982682    323.71426    538.70844    8.1025008    8.0246477    8.2853093  -0.21584047  -0.23863873   0.23724343 
    1240     34.51402   -23.999231  0.017845149   -23.981386    111.48021    560.96289    8.2125722    8.1336614    8.3978641  -0.21877263  -0.24188061   0.24046635 
    1250    57.094204   -24.008808   0.02952002   -23.979288   -113.30049    583.52588    8.3212365    8.2412816      8.50898  -0.22166731  -0.24508104   0.24364807 
    1260    37.546619   -23.993974  0.019413126   -23.974561   -372.71318    606.34558    8.4283242    8.3473403    8.6184838  -0.22451999  -0.24823504   0.24678362 
    1270    54.899846   -23.998203  0.028385448   -23.969818   -528.86792     629.3251      8.53348    8.4514858    8.7260122  -0.22732121  -0.25133214   0.24986262 
    1280    28.252931   -23.976973  0.014607912   -23.962365   -525.74587    652.37576    8.6364201    8.5534368    8.8312748  -0.23006341  -0.25436398   0.25287673 
    1290    38.630497   -23.976634  0.019973535   -23.956661   -472.23987    675.41563    8.7369167    8.6529677    8.9340388  -0.23274051  -0.25732385    0.2558193 
    1300    21.186996   -23.962517  0.010954537   -23.951563   -353.47256    698.37787    8.8348256    8.7499358    9.0341567  -0.23534868  -0.26020751   0.25868609 
    1310    34.668668    -23.96556  0.017925108   -23.947635   -98.739235    721.16752    8.9298989    8.8440957    9.1313751  -0.23788131  -0.26300766   0.26146987 
    1320    37.860483    -23.96507  0.019575406   -23.945494    42.559154    743.75386    9.0221678     8.935478    9.2257257  -0.24033924   -0.2657252   0.26417153 
    1330    60.513684    -23.97665   0.03128803   -23.945362    106.14937    766.05594    9.1114603    9.0239125    9.3170328  -0.24271788  -0.26835509   0.26678603 
    1340     78.47114   -23.984175  0.040572764   -23.943602    219.92957    788.01469    9.1977005     9.109324    9.4052188  -0.24501521  -0.27089508   0.26931117 
    1350    96.995895     -23.9924  0.050150814   -23.942249    156.31278    809.63197    9.2810485    9.1918712    9.4904472   -0.2472355  -0.27334988   0.27175162 
    1360    113.36079   -23.991791  0.058612128   -23.933179   -55.871496    830.85774    9.3614556    9.2715057    9.5726685  -0.24937744  -0.27571807   0.27410597 
    1370    86.610863   -23.966831  0.044781331    -23.92205    1.7639455    851.51621    9.4384091    9.3477198    9.6513582  -0.25142739  -0.27798454   0.27635918 
    1380    91.000009   -23.957854  0.047050697   -23.910804    80.080825     871.5918    9.5120079    9.4206115    9.7266176  -0.25338797  -0.28015221   0.27851418 
    1390    59.951058   -23.928223   0.03099713   -23.897225    141.21856    891.07993    9.5823798    9.4903071    9.7985772  -0.25526258  -0.28222483   0.28057468 
    1400    101.15075   -23.945606  0.052299042   -23.893307    416.54225    909.88475     9.649318    9.5566022    9.8670257  -0.25704574  -0.28419633   0.28253465 
    1410    108.91435    -23.94466  0.056313139   -23.888347    618.62195    928.08312     9.713225    9.6198951    9.9323745  -0.25874814  -0.28607855   0.28440587 
    1420    161.23601   -23.975338  0.083365562   -23.891973    639.79743    945.65625    9.7741483     9.680233    9.9946724  -0.26037106  -0.28787289   0.28618972 
    1430    168.56736   -23.980601  0.087156164   -23.893445    783.15984    962.54891    9.8320051    9.7375339    10.053834  -0.26191229  -0.28957692   0.28788378 
    1440    142.77099   -23.955457  0.073818393   -23.881639    623.91277    978.93395    9.8874801    9.7924759    10.110561  -0.26339007   -0.2912108   0.28950811 
    1450    130.17779   -23.941825    0.0673072   -23.874518    166.43668    994.82724    9.9407018    9.8451862    10.164984  -0.26480783  -0.29277831   0.29106645 
    1460    92.278997   -23.918066  0.047711986   -23.870354   -274.99555    1010.0737    9.9912273    9.8952263    10.216649  -0.26615377  -0.29426641   0.29254585 
    1470    111.03143   -23.933053  0.057407756   -23.875646   -729.10451    1024.6071    10.038919    9.9424594    10.265417  -0.26742421  -0.29567104   0.29394227 
    1480    90.246131   -23.931298  0.046660912   -23.884637   -1017.0556    1038.3426    10.083579    9.9866907    10.311085  -0.26861391   -0.2969864   0.29524994 
    1490     125.7639   -23.962987  0.065025037   -23.897962   -1041.6789    1051.2429    10.125167    10.027879     10.35361  -0.26972175  -0.29821125   0.29646763 
    1500    110.42291   -23.967481  0.057093123   -23.910388   -821.15709    1063.3141    10.163774    10.066115    10.393089  -0.27075021  -0.29934834   0.29759808 
    1510    133.55994    -23.99315  0.069055906   -23.924094   -398.85834    1074.5667    10.199501    10.101499    10.429622  -0.27170193   -0.3004006   0.29864418 
    1520    91.276241   -23.978023  0.047193521    -23.93083    86.565418    1085.0957    10.232706    10.134385    10.463576  -0.27258646  -0.30137856   0.29961642 
    1530    80.545569   -23.976542  0.041645328   -23.934897    422.49913    1095.0288    10.263835    10.165215    10.495408  -0.27341571  -0.30229539   0.30052789 
    1540    48.178183   -23.964081  0.024910076   -23.939171    659.34799     1104.383    10.292978    10.194078    10.525208  -0.27419204  -0.30315372    0.3013812 
    1550    47.922919   -23.967692  0.024778094   -23.942914    705.02612    1113.2329    10.320399    10.221235    10.553248   -0.2749225  -0.30396134    0.3021841 
    1560    45.772761   -23.971897  0.023666375    -23.94823    529.51856    1121.6093     10.34622    10.246808    10.579651  -0.27561032  -0.30472181   0.30294013 
    1570    51.185839    -23.97885  0.026465156   -23.952385    276.51573    1129.4851     10.37038    10.270736    10.604356  -0.27625392  -0.30543339   0.30364754 
    1580    57.044543   -23.983663  0.029494344   -23.954168    9.9077008    1136.8356    10.392827    10.292967     10.62731  -0.27685189  -0.30609452   0.30430481 
    1590    53.349432   -23.981222  0.027583821   -23.953639   -327.16988    1143.6998    10.413703    10.313642    10.648656  -0.27740798  -0.30670935   0.30491604 
    1600    68.028197   -23.986437  0.035173338   -23.951263   -558.31581    1150.0046    10.432803    10.332559    10.668188   -0.2779168  -0.30727192   0.30547532 
    1610    53.361282   -23.975548  0.027589948   -23.947958   -594.74446    1155.7242    10.450071    10.349661    10.685845  -0.27837678  -0.30778048   0.30598091 
    1620    76.442932   -23.984451  0.039524098   -23.944927   -540.26299    1160.8955    10.465634    10.365074    10.701759  -0.27879136  -0.30823885    0.3064366 
    1630     54.76343   -23.969727  0.028314916   -23.941412   -356.83189    1165.5334    10.479552    10.378859    10.715992  -0.27916214  -0.30864879   0.30684414 
    1640    84.871175   -23.981907  0.043881841   -23.938025    28.178868    1169.6249    10.491801     10.39099    10.728516  -0.27948842  -0.30900953   0.30720278 
    1650    42.797612   -23.952029  0.022128102   -23.929901     385.6857    1173.3262    10.502856    10.401939    10.739821  -0.27978292  -0.30933515   0.30752648 
    1660    78.750677   -23.966356  0.040717296   -23.925638    606.54454    1176.6997    10.512912    10.411899    10.750104  -0.28005081  -0.30963133   0.30782093 
    1670     42.18517    -23.94263  0.021811445   -23.920819    742.77904    1179.7985    10.522133     10.42103    10.759533  -0.28029642  -0.30990289   0.30809091 
    1680    97.565839   -23.973127  0.050445498   -23.922682    675.01504    1182.6761     10.53068    10.429496    10.768273  -0.28052413  -0.31015464   0.30834119 
    1690    78.831518   -23.965574  0.040759094   -23.924815    347.07673    1185.4034    10.538769    10.437507    10.776544  -0.28073959  -0.31039286   0.30857802 
    1700    139.17554   -23.999453  0.071959404   -23.927493   -16.773037    1187.8318    10.545961    10.444629    10.783898  -0.28093117  -0.31060468   0.30878859 
    1710    102.17627   -23.976564  0.052829277   -23.923735   -386.44758    1189.9894    10.552342    10.450949    10.790424  -0.28110116  -0.31079263   0.30897544 
    1720    135.33895   -23.987849  0.069975731   -23.917873   -718.44918    1191.8046    10.557705    10.456261    10.795907  -0.28124402  -0.31095057   0.30913246 
    1730    74.002365    -23.94626  0.038262226   -23.907998   -887.23452    1193.2561    10.561989    10.460504    10.800288  -0.28135815  -0.31107676   0.30925791 
    1740    100.01673   -23.951734  0.051712707   -23.900021   -813.85571    1194.2438    10.564902    10.463389    10.803268  -0.28143576  -0.31116256   0.30934322 
    1750    47.218319   -23.916174  0.024413787    -23.89176   -647.88484    1194.8878    10.566801     10.46527    10.805209  -0.28148634  -0.31121848   0.30939881 
    1760    108.89346   -23.946472  0.056302339   -23.890169   -355.56552     1195.163    10.567612    10.466073    10.806038  -0.28150794  -0.31124237   0.30942256 
    1770    80.680407    -23.93022  0.041715044   -23.888505    -39.77605    1195.2279    10.567803    10.466262    10.806234  -0.28151304    -0.311248   0.30942816 
    1780    165.87782   -23.982918  0.085765567   -23.897153    153.57105    1195.1292    10.567513    10.465974    10.805937  -0.28150529  -0.31123944   0.30941965 
    1790    136.23848   -23.967856  0.070440821   -23.897416    289.72214    1194.9026    10.566845    10.465313    10.805254  -0.28148749  -0.31121977   0.30940008 
    1800    185.57477   -23.987958  0.095949687   -23.892009    403.67481    1194.5181    10.565711     10.46419    10.804095   -0.2814573  -0.31118639    0.3093669 
    1810    109.07488   -23.938086  0.056396141    -23.88169    402.60477    1194.0774    10.564412    10.462903    10.802766  -0.28142269  -0.31114811   0.30932885 
    1820    106.81497   -23.930582  0.055227674   -23.875354    456.67246    1193.4713    10.562624    10.461132    10.800937  -0.28137506  -0.31109545    0.3092765 
    1830    72.642209   -23.913158   0.03755897   -23.875599    477.76422    1192.7064    10.560367    10.458897     10.79863  -0.28131493  -0.31102898   0.30921041 
    1840      100.728   -23.937588  0.052080466   -23.885508    394.05964    1191.7687    10.557599    10.456156    10.795799   -0.2812412  -0.31094745   0.30912936 
    1850    123.40604   -23.963078  0.063805933   -23.899272    394.70822    1190.6328    10.554243    10.452833    10.792368  -0.28115182  -0.31084863   0.30903112 
    1860    132.05043   -23.983501  0.068275432   -23.915226    329.50848    1189.4135    10.550639    10.449263    10.788683   -0.2810558  -0.31074248   0.30892559 
    1870    141.13941   -24.000196  0.072974801   -23.927221    129.65679     1188.121    10.546816    10.445477    10.784773  -0.28095397  -0.31062988   0.30881365 
    1880    82.122702   -23.973032  0.042460769   -23.930572    18.419672     1186.628    10.542397      10.4411    10.780254  -0.28083623  -0.31049971   0.30868424 
    1890    86.539504   -23.978734  0.044744436   -23.933989   -111.11141    1184.9517     10.53743    10.436181    10.775175  -0.28070393  -0.31035343   0.30853882 
    1900      29.9997   -23.950427  0.015511062   -23.934916   -304.89815    1183.1267    10.532018     10.43082    10.769641  -0.28055974  -0.31019402   0.30838034 
    1910    51.890922   -23.965247  0.026829712   -23.938417   -421.54585    1181.0878    10.525964    10.424825    10.763451  -0.28039849  -0.31001574   0.30820309 
    1920    16.742573   -23.949655 0.0086565898   -23.940999   -428.16612    1178.8051    10.519179    10.418105    10.756512  -0.28021773  -0.30981588   0.30800441 
    1930    58.554287   -23.976191  0.030274942   -23.945916   -425.93834    1176.3085    10.511747    10.410745    10.748913  -0.28001977  -0.30959701   0.30778682 
    1940    43.181378   -23.971077  0.022326525    -23.94875    -311.9753    1173.5737    10.503594     10.40267    10.740576  -0.27980259  -0.30935689    0.3075481 
    1950    81.673037   -23.994925  0.042228274   -23.952697   -117.77378    1170.6431    10.494844    10.394004    10.731629   -0.2795695  -0.30909918   0.30729189 
    1960    76.064507    -23.99239  0.039328437   -23.953061     51.21968    1167.5811    10.485686    10.384934    10.722264  -0.27932553  -0.30882944   0.30702373 
    1970    97.150315    -24.00058  0.050230655    -23.95035    209.19522    1164.3789    10.476091    10.375431    10.712452  -0.27906993  -0.30854685   0.30674279 
    1980    92.032317    -23.98977  0.047584443   -23.942185    401.04719    1161.0293    10.466036    10.365473     10.70217  -0.27880208   -0.3082507   0.30644838 
    1990    74.822513   -23.967873  0.038686275   -23.929186    496.65108    1157.6087    10.455747    10.355283     10.69165    -0.278528  -0.30794768   0.30614713 
    2000    77.449826    -23.95219  0.040044703   -23.912145    478.16609    1154.1553     10.44534    10.344975    10.681007  -0.27825076  -0.30764115   0.30584239 
    2010    47.356164   -23.920415  0.024485059    -23.89593    450.45805    1150.6103    10.434635    10.334373    10.670061  -0.27796559  -0.30732585   0.30552894 
    2020    108.44119   -23.941355  0.056068494   -23.885287    330.41585    1146.9825    10.423656      10.3235    10.658835  -0.27767314  -0.30700252   0.30520749 
    2030    92.987537   -23.929705   0.04807833   -23.881627    168.38744    1143.2595    10.412366    10.312318     10.64729  -0.27737238  -0.30666999   0.30487691 
    2040    207.57865   -23.995589   0.10732659   -23.888263    102.40061    1139.4314    10.400732    10.300796    10.635393  -0.27706245  -0.30632733   0.30453625 
    2050    142.04004   -23.961773  0.073440463   -23.888333    24.535697    1135.6081    10.389085    10.289262    10.623484  -0.27675221  -0.30598432   0.30419525 
    2060    192.69475   -23.984118  0.099631004   -23.884487   -9.1177749    1131.7618    10.377343    10.277632    10.611476  -0.27643941  -0.30563847   0.30385143 
    2070    71.187911   -23.906684  0.036807039   -23.869877   -81.544173    1127.9521    10.365686    10.266087    10.599556  -0.27612888  -0.30529514    0.3035101 
    2080    116.07026   -23.933054  0.060013033   -23.873041   -409.44406    1124.2098     10.35421    10.254721    10.587821  -0.27582316  -0.30495713   0.30317407 
    2090    66.423356    -23.91383  0.034343571   -23.879486   -722.36751    1120.4697    10.342714    10.243336    10.576066  -0.27551694  -0.30461857   0.30283749 
    2100    134.94513   -23.962509  0.069772106   -23.892737   -951.76061     1116.623    10.330865      10.2316     10.56395  -0.27520129  -0.30426957   0.30249053 
    2110    108.88841   -23.956983  0.056299726   -23.900683   -1109.3455    1112.6849    10.318706    10.219558    10.551516  -0.27487739  -0.30391146   0.30213451 
    2120     149.2607   -23.985825  0.077173838   -23.908651    -905.5605    1108.4827    10.305699    10.206676    10.538216  -0.27453091  -0.30352838   0.30175367 
    2130     119.7601   -23.977045  0.061920833   -23.915124   -456.66162    1104.1108    10.292133     10.19324    10.524344  -0.27416951  -0.30312882   0.30135644 
    2140    126.08216   -23.983132  0.065189594   -23.917942    12.296227    1099.6795    10.278345    10.179585    10.510245  -0.27380223  -0.30272274   0.30095274 
    2150    79.878658    -23.95822  0.041300508    -23.91692    491.29364    1095.2532    10.264536    10.165909    10.496124  -0.27343438  -0.30231604   0.30054841 
    2160    69.916793   -23.951313  0.036149819   -23.915163    923.31759    1090.8301      10.2507    10.152206    10.481976   -0.2730658  -0.30190853   0.30014329 
    2170    43.036786   -23.937589  0.022251765   -23.915337    1055.7348    1086.5367    10.237234    10.138869    10.468206  -0.27270707  -0.30151191   0.29974899 
    2180     60.53989   -23.952159   0.03130158   -23.920857    966.08822    1082.3577    10.224092    10.125854    10.454768    -0.272357  -0.30112486   0.29936421 
    2190     60.23046   -23.959257  0.031141592   -23.928115    692.92338    1078.3067    10.211321    10.113205    10.441708  -0.27201678  -0.30074871   0.29899025 
    2200    85.932979   -23.979866  0.044430837   -23.935435    230.66765    1074.3321    10.198759    10.100764    10.428864  -0.27168217  -0.30037874   0.29862245 
    2210    86.388607   -23.983723  0.044666415   -23.939056   -266.90383    1070.3571    10.186165    10.088291    10.415985  -0.27134667  -0.30000782   0.29825369 
    2220    97.469513   -23.990744  0.050395693   -23.940349   -620.07905    1066.2984    10.173274    10.075524    10.402803  -0.27100327  -0.29962814   0.29787623 
    2230    81.495975   -23.981216  0.042136726   -23.939079   -865.29958    1062.1824    10.160167    10.062543    10.389401  -0.27065412  -0.29924211   0.29749246 
    2240    81.679644   -23.980969   0.04223169   -23.938737   -936.90448    1057.9578    10.146679    10.049185    10.375609  -0.27029482  -0.29884486   0.29709753 
    2250    69.702674   -23.972664  0.036039111   -23.936625   -738.98912    1053.5807    10.132667    10.035307     10.36128  -0.26992154  -0.29843215   0.29668724 
    2260    66.122583   -23.964314  0.034188059   -23.930126   -388.09629    1049.1034    10.118293    10.021071    10.346582  -0.26953864  -0.29800881   0.29626637 
    2270    60.865728   -23.954348  0.031470051   -23.922878   -22.009954    1044.6169    10.103849    10.006766    10.331812  -0.26915387  -0.29758339   0.29584344 
    2280    62.509004   -23.945603  0.032319692   -23.913283    362.44703    1040.1585    10.089454    9.9925091    10.317092  -0.26877041  -0.29715943   0.29542195 
    2290    86.292907   -23.953127  0.044616935   -23.908511    503.51793    1035.8196    10.075406    9.9785957    10.302727  -0.26839617  -0.29674567   0.29501061 
    2300    129.82001   -23.978196  0.067122212   -23.911074    409.99994    1031.5944    10.061687    9.9650092    10.288699  -0.26803074  -0.29634163   0.29460894 
    2310    161.79488   -23.986011  0.083654517   -23.902356    264.63349    1027.4599    10.048227    9.9516785    10.274935  -0.26767218   -0.2959452   0.29421483 
    2320    149.81377   -23.963235  0.077459798   -23.885775   -115.97261    1023.5171    10.035358    9.9389328    10.261775  -0.26732935  -0.29556616   0.29383801 
    2330    119.04362   -23.928085  0.061550383   -23.866535   -333.16784    1019.5937    10.022518    9.9262168    10.248646  -0.26698733  -0.29518801   0.29346207 
    2340    80.145343   -23.895636  0.041438394   -23.854197   -164.48572    1015.5508    10.009254    9.9130797    10.235083  -0.26663398  -0.29479734   0.29307368 
    2350    135.92741   -23.926904  0.070279987   -23.856624   -78.182564    1011.4687     9.995825    9.8997797    10.221351  -0.26627625  -0.29440182   0.29268047 
    2360     172.2656   -23.957956  0.089068307   -23.868888    329.90917     1007.299    9.9820704    9.8861573    10.207286  -0.26590984  -0.29399671   0.29227773 
    2370    184.40664    -23.97412  0.095345714   -23.878774    898.18694    1003.2132    9.9685555    9.8727723    10.193466  -0.26554982  -0.29359867   0.29188202 
    2380    143.98376   -23.950119  0.074445446   -23.875673    887.78218    999.48607    9.9561953    9.8605308    10.180827  -0.26522056  -0.29323463    0.2915201 
    2390    106.09566   -23.930172  0.054855759   -23.875316     650.5886    995.98708    9.9445635    9.8490108    10.168932  -0.26491071  -0.29289204   0.29117952 
    2400    112.52516   -23.951276  0.058180075   -23.893096    57.454756    992.63782     9.933404    9.8379585    10.157521  -0.26461343  -0.29256337   0.29085277 
    2410    100.43529   -23.960633  0.051929121   -23.908704   -727.41529    989.33465    9.9223734    9.8270339    10.146242  -0.26431959  -0.29223849   0.29052979 
    2420    103.29165   -23.971775  0.053405975   -23.918369   -1186.2455    985.86653    9.9107654    9.8155375    10.134372  -0.26401037  -0.29189661   0.29018991 
    2430    73.438102   -23.962577  0.037970479   -23.924607    -1434.787    982.26361    9.8986775    9.8035657    10.122011  -0.26368836  -0.29154059   0.28983597 
    2440    87.165413   -23.975879  0.045068056   -23.930811   -1421.4603    978.46899    9.8859144    9.7909252     10.10896  -0.26334837  -0.29116468   0.28946226 
    2450    67.871746   -23.971652  0.035092447   -23.936559   -998.97302    974.43134    9.8722976    9.7774393    10.095036  -0.26298563  -0.29076363   0.28906356 
    2460    93.534787   -23.989417   0.04836128   -23.941056   -383.86589    970.22938    9.8580867    9.7633649    10.080505  -0.26260707  -0.29034509   0.28864746 
    2470    68.497187   -23.976492  0.035415825   -23.941076    238.34906     965.9752    9.8436573    9.7490741     10.06575  -0.26222269   -0.2899201   0.28822496 
    2480    75.865387   -23.976897  0.039225484   -23.937671    854.09885    961.70398    9.8291273    9.7346838    10.050892  -0.26183563  -0.28949216   0.28779952 
    2490    42.900614   -23.954327  0.022181358   -23.932146     1295.133    957.46714    9.8146719    9.7203672     10.03611  -0.26145055  -0.28906641   0.28737626 
    2500    59.991347   -23.962593  0.031017961   -23.931575    1365.6013     953.3134    9.8004584    9.7062903    10.021576  -0.26107193  -0.28864779   0.28696009 
    2510    56.465361   -23.960082  0.029194883   -23.930887    1176.1205    949.23008    9.7864456    9.6924122    10.007247  -0.26069864  -0.28823508   0.28654979 
    2520    86.629242    -23.97895  0.044790833   -23.934159    674.29186    945.24956    9.7727469    9.6788451    9.9932394  -0.26033373  -0.28783162   0.28614869 
    2530    95.471338   -23.980788  0.049362556   -23.931425   -78.218758     941.3185    9.7591806    9.6654092     9.979367  -0.25997234  -0.28743206   0.28575146 
    2540    79.333505   -23.965345  0.041018641   -23.924327   -755.57084    937.28909    9.7452356    9.6515982    9.9651074  -0.25960086  -0.28702134   0.28534315 
    2550    82.192569   -23.961951  0.042496894   -23.919454   -1200.4117    933.06121    9.7305608    9.6370643    9.9501014  -0.25920994  -0.28658913   0.28491347 
    2560    59.448501   -23.944608  0.030737287   -23.913871   -1398.9992    928.64538    9.7151861    9.6218374    9.9343799  -0.25880038  -0.28613631   0.28446329 
    2570     100.1627   -23.965605  0.051788179   -23.913817   -1212.0361    923.98675    9.6989132    9.6057208    9.9177398  -0.25836689  -0.28565703   0.28398682 
    2580    86.952646   -23.960536  0.044958047   -23.915578   -661.16837    919.10255    9.6817935    9.5887656    9.9002339  -0.25791084  -0.28515282   0.28348555 
    2590    140.67019   -23.989075  0.072732197   -23.916343    94.780492    914.03275    9.6639589    9.5711024    9.8819969  -0.25743575  -0.28462754   0.28296335 
    2600    95.118545   -23.961707  0.049180148   -23.912526    878.15897    908.89055    9.6458022    9.5531202    9.8634306  -0.25695208  -0.28409278   0.28243171 
    2610    132.88116   -23.977658  0.068704953   -23.908953    1495.4979    903.76261    9.6276275    9.5351201    9.8448458  -0.25646793  -0.28355749   0.28189955 
    2620    66.084212   -23.935906  0.034168219   -23.901737    1714.3379     898.7609    9.6098339    9.5174975    9.8266507  -0.25599393  -0.28303343   0.28137855 
    2630    128.66286   -23.970593  0.066523918   -23.904069    1478.2796     893.8425    9.5922721    9.5001044    9.8086927   -0.2555261  -0.28251619   0.28086434 
    2640    82.496103   -23.947032  0.042653833   -23.904378    840.90529     889.0148    9.5749715      9.48297    9.7910017  -0.25506524  -0.28200664   0.28035777 
    2650     143.0241   -23.980269  0.073949263   -23.906319    23.090109    884.16812    9.5575396    9.4657057    9.7731766  -0.25460087  -0.28149323   0.27984736 
    2660    78.825633   -23.942801  0.040756051   -23.902045   -859.29315    879.26615    9.5398441    9.4481801    9.7550818  -0.25412949  -0.28097205   0.27932923 
    2670    109.22882   -23.954159  0.056475731   -23.897683   -1579.4934    874.16197    9.5213485    9.4298622    9.7361689  -0.25363679  -0.28042731   0.27878767 
    2680    50.566843   -23.920651   0.02614511   -23.894506   -1883.2234     868.7971    9.5018305    9.4105318    9.7162105  -0.25311685  -0.27985246   0.27821618 
    2690    105.51743   -23.953049  0.054556791   -23.898492   -1741.0564    863.13463    9.4811424    9.3900425    9.6950557  -0.25256575  -0.27924314   0.27761043 
    2700     91.38474   -23.950016  0.047249619   -23.902766    -1295.583     857.2346      9.45949    9.3685981    9.6729147  -0.25198895  -0.27860543   0.27697644 
    2710    142.64389   -23.985497  0.073752681   -23.911745   -477.27965    851.06602    9.4367455    9.3460722    9.6496571  -0.25138307  -0.27793554   0.27631047 
    2720    115.49217    -23.97507   0.05971414   -23.915356    547.89215    844.72512    9.4132507    9.3228032    9.6256323   -0.2507572  -0.27724357   0.27562254 
    2730    106.10486   -23.970086  0.054860518   -23.915225    1303.4632    838.34788    9.3895025    9.2992831    9.6013482  -0.25012458  -0.27654412   0.27492719 
    2740    79.122153   -23.959136  0.040909364   -23.918227    1668.9526    832.00004    9.3657438    9.2757527    9.5770535  -0.24949167  -0.27584437   0.27423152 
    2750    61.149611   -23.953749  0.031616831   -23.922132    1722.5078     825.6275    9.3417708    9.2520101    9.5525396  -0.24885306   -0.2751383   0.27352959 
    2760    75.968844   -23.973912  0.039278975   -23.934633    1244.9026    819.25848    9.3176875    9.2281581    9.5279129  -0.24821151  -0.27442899   0.27282442 
    2770    64.655152   -23.976807  0.033429337   -23.943377    520.04958    812.78848    9.2930942    9.2038011    9.5027647  -0.24755638  -0.27370466   0.27210432 
    2780    71.321265   -23.986044  0.036875988   -23.949168   -198.05061    806.15072    9.2677272    9.1786779    9.4768254  -0.24688063  -0.27295754   0.27136157 
    2790    46.429494    -23.97526  0.024005932   -23.951254   -890.74565    799.28575    9.2413449    9.1525492    9.4498479  -0.24617784  -0.27218051   0.27058909 
    2800    52.744678   -23.978616  0.027271139   -23.951345   -1407.8582    792.13162    9.2136902    9.1251602    9.4215693  -0.24544116  -0.27136601   0.26977936 
    2810    34.487856   -23.969329  0.017831621   -23.951497    -1502.442    784.60168    9.1844024    9.0961537    9.3916206  -0.24466097  -0.27050341    0.2689218 
    2820    56.297931   -23.982528  0.029108315   -23.953419   -1313.2159    776.72507    9.1535649    9.0656125    9.3600874  -0.24383949  -0.26959517   0.26801887 
    2830    57.100867   -23.983692  0.029523466   -23.954168   -890.85706    768.49873    9.1211348    9.0334941    9.3269257   -0.2429756  -0.26864003   0.26706931 
    2840    78.307526   -23.994769  0.040488169   -23.954281   -196.85874    759.90855    9.0870225    8.9997095    9.2920436  -0.24206689  -0.26763533   0.26607049 
    2850    72.923115   -23.987163   0.03770421   -23.949458    676.91321    750.94723    9.0511612    8.9641928    9.2553732  -0.24111159  -0.26657913   0.26502046 
    2860    70.912426   -23.977519  0.036664602   -23.940854     1400.503    741.67453    9.0137522    8.9271432    9.2171202  -0.24011506  -0.26547734   0.26392511 
    2870     68.51257    -23.96367  0.035423779   -23.928247    1919.0426     732.0908    8.9747592    8.8885249    9.1772475  -0.23907634   -0.2643289   0.26278339 
    2880    57.499405    -23.94565  0.029729526   -23.915921    2080.7578    722.20815    8.9341921    8.8483476    9.1357651  -0.23799568   -0.2631341   0.26159557 
    2890    100.47266   -23.961958   0.05194844   -23.910009    1609.3585    712.02188    8.8919894    8.8065504    9.0926103  -0.23687145  -0.26189113   0.26035987 
    2900    95.261157   -23.952547  0.049253884   -23.903293     661.5438    701.46156    8.8478099    8.7627954    9.0474339  -0.23569456  -0.26058993   0.25906628 
    2910    145.61886   -23.973935  0.075290859   -23.898644   -450.28527    690.42634    8.8011673    8.7166009     8.999739  -0.23445206  -0.25921619   0.25770057 
    2920    92.895516    -23.93686  0.048030752   -23.888829   -1669.2663    678.84353    8.7516724    8.6675816    8.9491274  -0.23313358  -0.25775844   0.25625135 
    2930    125.69356   -23.945756  0.064988671   -23.880768   -2537.9528    666.58353    8.6986666    8.6150851    8.8949256  -0.23172157  -0.25619729   0.25469932 
    2940    79.168311   -23.918655  0.040933229   -23.877721   -2718.9857    653.52731    8.6414988    8.5584666     8.836468  -0.23019869  -0.25451356   0.25302543 
    2950    153.41693   -23.962691  0.079322778   -23.883368   -2365.5075    639.67313    8.5799981    8.4975569    8.7735798  -0.22856039  -0.25270221   0.25122468 
    2960    128.29716   -23.955311  0.066334839   -23.888976   -1326.4013    624.99224    8.5138508    8.4320451      8.70594  -0.22679831  -0.25075401   0.24928787 
    2970    170.71483   -23.982209  0.088266497   -23.893942    145.94336    609.54201    8.4431085    8.3619826    8.6336017  -0.22491383  -0.24867047   0.24721651 
    2980     112.4201   -23.949542  0.058125753   -23.891416    1423.9289    593.39261    8.3678753    8.2874723    8.5566711  -0.22290971  -0.24645467   0.24501366 
    2990    110.23793   -23.947522  0.056997484   -23.890525    2340.3154    576.55645    8.2879751    8.2083398    8.4749682  -0.22078127  -0.24410141   0.24267416 
    3000     90.38226   -23.943618  0.046731296   -23.896887    2688.4881    559.04261    8.2031905    8.1243698    8.3882706  -0.21852271  -0.24160429   0.24019165 
Loop time of 40.0295 on 1 procs for 3000 steps with 5 atoms

Performance: 12.950 ns/day, 1.853 hours/ns, 74.945 timesteps/s
297.4% CPU use with 1 MPI tasks x no OpenMP threads

MPI task timing breakdown:
Section |  min time  |  avg time  |  max time  |%varavg| %total
---------------------------------------------------------------
Pair    | 38.945     | 38.945     | 38.945     |   0.0 | 97.29
Neigh   | 0.0015492  | 0.0015492  | 0.0015492  |   0.0 |  0.00
Comm    | 0.012987   | 0.012987   | 0.012987   |   0.0 |  0.03
Output  | 1.0245     | 1.0245     | 1.0245     |   0.0 |  2.56
Modify  | 0.036933   | 0.036933   | 0.036933   |   0.0 |  0.09
Other   |            | 0.008801   |            |       |  0.02

Nlocal:    5 ave 5 max 5 min
Histogram: 1 0 0 0 0 0 0 0 0 0
Nghost:    130 ave 130 max 130 min
Histogram: 1 0 0 0 0 0 0 0 0 0
Neighs:    0 ave 0 max 0 min
Histogram: 1 0 0 0 0 0 0 0 0 0

Total # of neighbors = 0
Ave neighs/atom = 0
Neighbor list builds = 122
Dangerous builds = 0
Total wall time: 0:00:41
