2019-06-24 13:10:47.762450: I tensorflow/core/platform/cpu_feature_guard.cc:140] Your CPU supports instructions that this TensorFlow binary was not compiled to use: AVX512F
2019-06-24 13:10:49.812951: E tensorflow/stream_executor/cuda/cuda_driver.cc:406] failed call to cuInit: CUDA_ERROR_NO_DEVICE
2019-06-24 13:10:49.813021: I tensorflow/stream_executor/cuda/cuda_diagnostics.cc:158] retrieving CUDA diagnostic information for host: SR760-GPU-7
2019-06-24 13:10:49.813032: I tensorflow/stream_executor/cuda/cuda_diagnostics.cc:165] hostname: SR760-GPU-7
2019-06-24 13:10:49.813101: I tensorflow/stream_executor/cuda/cuda_diagnostics.cc:189] libcuda reported version is: 410.48.0
2019-06-24 13:10:49.813153: I tensorflow/stream_executor/cuda/cuda_diagnostics.cc:193] kernel reported version is: 410.48.0
2019-06-24 13:10:49.813161: I tensorflow/stream_executor/cuda/cuda_diagnostics.cc:300] kernel version seems to match DSO: 410.48.0
Info of lammps module:
  use deepmd-kit at:  /sharedext4/local/deepmd-kit-0.12.4
  source:             v0.12.4-1-ge3cd911-dirty
  source branch:      master
  source commit:      e3cd911
  source commit at:   2019-02-07 10:22:13 +0800
  build float prec:   double
  build with tf inc:  /sharedext4/local/tensorflow/r1.8.gpu.cc/include
  build with tf lib:  /sharedext4/local/tensorflow/r1.8.gpu.cc/lib/libtensorflow_cc.so;/sharedext4/local/tensorflow/r1.8.gpu.cc/lib/libtensorflow_framework.so
  >>> Info of model(s):
  using   4 model(s): ../graph.002.pb ../graph.003.pb ../graph.000.pb ../graph.001.pb 
  rcut in model:      5
  ntypes in model:    2
Neighbor list info ...
  update every 1 steps, delay 10 steps, check yes
  max neighbors/atom: 2000, page size: 100000
  master list distance cutoff = 6
  ghost atom cutoff = 6
  binsize = 3, bins = 4 4 4
  1 neighbor lists, perpetual/occasional/extra = 1 0 0
  (1) pair deepmd, perpetual
      attributes: , newton on
      pair build: full/bin/atomonly
      stencil: full/bin/3d
      bin: standard
Setting up Verlet run ...
  Unit style    : metal
  Current step  : 0
  Time step     : 0.002
Per MPI rank memory allocation (min/avg/max) = 3.949 | 3.949 | 3.949 Mbytes
Step Temp PotEng KinEng TotEng Press Volume Lx Ly Lz Xy Xz Yz 
       0          100   -23.999827  0.051704058   -23.948123   -477.39647     1014.139    10.073702    9.8935882    10.175472     0.019639    0.0071007   -0.1292957 
      10    71.691348   -23.983724  0.037067336   -23.946657   -203.78719    1011.8946    10.066265    9.8862842     10.16796  0.019624501 0.0070954579  -0.12920025 
      20    76.605574   -23.981771  0.039608191   -23.942163    76.334967    1009.6081    10.058677    9.8788321    10.160296  0.019609709 0.0070901094  -0.12910286 
      30     48.86813   -23.960293  0.025266806   -23.935026    294.64388    1007.3084    10.051034    9.8713257    10.152576  0.019594809 0.0070847221  -0.12900476 
      40    61.803354   -23.960362  0.031954842   -23.928407    487.87328    1004.9978    10.043343    9.8637723    10.144807  0.019579815 0.0070793009  -0.12890605 
      50    72.650739    -23.96161   0.03756338   -23.924046    543.51358    1002.7089    10.035713    9.8562782    10.137099  0.019564939 0.0070739223  -0.12880811 
      60    97.840268     -23.9717  0.050587389   -23.921113    427.51097    1000.4824    10.028279    9.8489775    10.129591  0.019550447 0.0070686826   -0.1287127 
      70    136.17502   -23.984285   0.07040801   -23.913877    266.47641    998.30656    10.021004    9.8418325    10.122242  0.019536264 0.0070635546  -0.12861932 
      80    129.75226   -23.967679  0.067087181   -23.900592    42.742966    996.24557    10.014103    9.8350551    10.115271   0.01952281 0.0070586904  -0.12853075 
      90    163.03438   -23.966655  0.084295391   -23.882359    -177.5189    994.31049    10.007615    9.8286832    10.108718  0.019510162 0.0070541172  -0.12844748 
     100    117.45291   -23.927525  0.060727921   -23.866797   -298.03858    992.51165    10.001577    9.8227525    10.102618  0.019498389 0.0070498607  -0.12836997 
     110      174.661   -23.950929  0.090306826   -23.860622   -373.76117    990.89001    9.9961265    9.8173999    10.097113  0.019487764 0.0070460191  -0.12830002 
     120    155.98597   -23.943179  0.080651076   -23.862528   -367.99153     989.4599    9.9913152    9.8126745    10.092253  0.019478385 0.0070426277  -0.12823827 
     130    203.92861   -23.980556   0.10543937   -23.875116   -255.10699    988.26673    9.9872975    9.8087287    10.088195  0.019470552 0.0070397957   -0.1281867 
     140    165.38241   -23.964578  0.085509417   -23.879069    52.389267    987.27313    9.9839493    9.8054403    10.084813  0.019464024 0.0070374356  -0.12814373 
     150    141.20068   -23.952743  0.073006481   -23.879737    254.99062     986.5839    9.9816254     9.803158    10.082466  0.019459494 0.0070357976   -0.1281139 
     160    98.590392   -23.936165  0.050975233   -23.885189    282.77959    986.16214    9.9802029    9.8017609    10.081029  0.019456721 0.0070347949  -0.12809564 
     170    107.33323    -23.95291  0.055495636   -23.897415    201.64201     985.9316    9.9794251     9.800997    10.080243  0.019455204 0.0070342467  -0.12808566 
     180    138.26582    -23.98231   0.07148904    -23.91082   -33.354781    985.86138    9.9791882    9.8007644    10.080004  0.019454743 0.0070340797  -0.12808262 
     190    114.64221   -23.972817  0.059274677   -23.913543   -226.18474    985.86415    9.9791975    9.8007735    10.080013  0.019454761 0.0070340862  -0.12808274 
     200    133.62103   -23.982678  0.069087494   -23.913591   -292.77306    985.89496    9.9793015    9.8008756    10.080118  0.019454963 0.0070341595  -0.12808407 
     210    74.731816   -23.948231  0.038639382   -23.909592   -316.03167    985.97504    9.9795717     9.801141    10.080391   0.01945549   0.00703435  -0.12808754 
     220    87.317251   -23.955084  0.045146562   -23.909937   -246.52513    986.06399    9.9798718    9.8014357    10.080694  0.019456075 0.0070345615  -0.12809139 
     230    69.936429   -23.948769  0.036159972   -23.912609   -103.28196    986.15727    9.9801864    9.8017448    10.081012  0.019456689 0.0070347833  -0.12809543 
     240    118.08191   -23.980504  0.061053138    -23.91945    4.1564897    986.28016     9.980601    9.8021519    10.081431  0.019457497 0.0070350755  -0.12810075 
     250     111.6572   -23.983318  0.057731304   -23.925587    211.26285    986.41781    9.9810653    9.8026079      10.0819  0.019458402 0.0070354028  -0.12810671 
     260    123.36053   -23.991979  0.063782399   -23.928196    408.78404    986.61659    9.9817357    9.8032663    10.082577  0.019459709 0.0070358753  -0.12811532 
     270    105.03348   -23.979473  0.054306571   -23.925166    500.56774    986.92243     9.982767    9.8042792    10.083619   0.01946172 0.0070366023  -0.12812855 
     280    74.021067   -23.956722  0.038271895    -23.91845    584.20755    987.29571    9.9840254    9.8055151     10.08489  0.019464173 0.0070374893   -0.1281447 
     290     82.12043   -23.958924  0.042459595   -23.916465    487.98625    987.78114    9.9856615    9.8071219    10.086542  0.019467362 0.0070386425   -0.1281657 
     300    65.297095   -23.952245  0.033761248   -23.918483    209.46099    988.38715    9.9877031    9.8091271    10.088605  0.019471343 0.0070400816  -0.12819191 
     310    98.212285   -23.973967  0.050779737   -23.923187   -95.700187    989.07166    9.9900083     9.811391    10.090933  0.019475837 0.0070417065  -0.12822149 
     320     88.15156   -23.970683  0.045577934   -23.925105   -454.14288      989.837    9.9925843     9.813921    10.093535  0.019480859 0.0070435223  -0.12825456 
     330      117.104   -23.984099  0.060547518   -23.923551   -784.08977     990.6428    9.9952952    9.8165833    10.096273  0.019486144 0.0070454331  -0.12828935 
     340    96.099675   -23.970389  0.049687432   -23.920701   -865.52383    991.41901    9.9979051    9.8191466     10.09891  0.019491232 0.0070472727  -0.12832285 
     350    110.18213   -23.975136   0.05696863   -23.918167    -805.4165    992.20719    10.000554     9.821748    10.101585  0.019496395 0.0070491397  -0.12835685 
     360    86.548696    -23.95823  0.044749188   -23.913481   -634.47861    993.04917    10.003382    9.8245254    10.104442  0.019501909 0.0070511331  -0.12839314 
     370    101.47607   -23.961939  0.052467247   -23.909472   -269.44777    993.93279    10.006348    9.8274385    10.107438  0.019507691 0.0070532239  -0.12843121 
     380    127.18421   -23.969874  0.065759398   -23.904115    172.02805    994.92756    10.009685     9.830716    10.110809  0.019514197 0.0070555762  -0.12847405 
     390    116.43955    -23.95902  0.060203974   -23.898816    586.94962    996.13265    10.013725    9.8346835    10.114889  0.019522073 0.0070584237   -0.1285259 
     400    148.74135   -23.969792  0.076905315   -23.892887    995.17728    997.60478    10.018655    9.8395258     10.11987  0.019531685  0.007061899  -0.12858918 
     410    110.91844   -23.940994  0.057349336   -23.883644    1283.4089    999.47459    10.024911    9.8456694    10.126188   0.01954388 0.0070663083  -0.12866947 
     420    138.66731   -23.947885  0.071696624   -23.876188    1238.4156    1001.8529    10.032856    9.8534728    10.134214   0.01955937 0.0070719089  -0.12877145 
     430    131.87044    -23.94478   0.06818237   -23.876598    942.25039    1004.7899     10.04265    9.8630918    10.144107  0.019578464 0.0070788125  -0.12889715 
     440    193.81131   -23.985719   0.10020831    -23.88551    454.62258    1008.3071    10.054355    9.8745869     10.15593  0.019601282 0.0070870626  -0.12904738 
     450    153.62667   -23.971306  0.079431224   -23.891875   -203.31376    1012.4142    10.067988    9.8879761      10.1697   0.01962786 0.0070966721  -0.12922236 
     460    158.20876   -23.977569  0.081800347   -23.895768    -764.9268     1016.984    10.083113    9.9028309    10.184978  0.019657347 0.0071073336  -0.12941649 
     470    106.97159   -23.955679  0.055308654    -23.90037   -1060.4168    1021.8928     10.09931    9.9187387    10.201339  0.019688924 0.0071187507  -0.12962438 
     480    76.267887   -23.946842  0.039433592   -23.907409   -1210.4355    1027.1517    10.116605    9.9357243    10.218809  0.019722641 0.0071309414  -0.12984636 
     490    74.583054   -23.957165  0.038562466   -23.918603    -1135.751    1032.6973    10.134779     9.953573    10.237166  0.019758071 0.0071437516  -0.13007962 
     500    59.476063   -23.960372  0.030751538   -23.929621    -862.3349    1038.5228      10.1538    9.9722542     10.25638  0.019795154 0.0071571592  -0.13032376 
     510    76.126674   -23.979464   0.03936058   -23.940104   -524.38791    1044.6438     10.17371     9.991808    10.276491  0.019833969 0.0071711931   -0.1305793 
     520    67.742945   -23.982504  0.035025851   -23.947478   -107.34954    1051.0459     10.19445    10.012178    10.297441  0.019874403 0.0071858127   -0.1308455 
     530    92.435581   -24.000521  0.047792947   -23.952728    316.22453    1057.7607    10.216114    10.033454    10.319323  0.019916637 0.0072010827  -0.13112356 
     540    63.159595   -23.985121  0.032656074   -23.952465    663.03548    1064.8238    10.238803    10.055737    10.342241  0.019960869 0.0072170754  -0.13141476 
     550    73.197999   -23.988432  0.037846336   -23.950586    905.57739    1072.2451    10.262534    10.079044    10.366212  0.020007135 0.0072338032  -0.13171936 
     560    41.132464   -23.966808  0.021267153   -23.945541    1031.3182    1080.0318    10.287317    10.103384    10.391245  0.020055449 0.0072512717  -0.13203744 
     570    54.828175   -23.970869  0.028348392    -23.94252    976.19278    1088.2142     10.31323    10.128834    10.417421  0.020105968 0.0072695376  -0.13237004 
     580    58.254213   -23.970581  0.030119792   -23.940461    760.11025     1096.799    10.340279    10.155399    10.444743  0.020158701 0.0072886038  -0.13271722 
     590    69.419993    -23.97431  0.035892953   -23.938417    407.87912    1105.7919    10.368463    10.183079    10.473212  0.020213647 0.0073084699  -0.13307896 
     600    89.772863   -23.981728  0.046416213   -23.935311   -52.039211    1115.1879    10.397748     10.21184    10.502792  0.020270737 0.0073291117  -0.13345482 
     610    89.657652    -23.97425  0.046356644   -23.927894   -526.74376    1124.9591    10.428028    10.241579    10.533378  0.020329769 0.0073504553  -0.13384346 
     620    118.58163   -23.978547  0.061311517   -23.917236   -945.74477    1135.1007     10.45927    10.272263    10.564936  0.020390678 0.0073724775  -0.13424446 
     630    105.00611   -23.959009   0.05429242   -23.904717   -1226.9228    1145.6104    10.491451    10.303868    10.597442  0.020453416 0.0073951611   -0.1346575 
     640    142.48882   -23.968371    0.0736725   -23.894699   -1288.3777    1156.5046    10.524603    10.336427    10.630929  0.020518046 0.0074185288    -0.135083 
     650    102.79636   -23.940136  0.053149887   -23.886986   -1112.9859    1167.8173    10.558808    10.370021    10.665479   0.02058473 0.0074426393  -0.13552203 
     660    142.90994   -23.959225  0.073890239   -23.885334   -739.08442    1179.6317    10.594295    10.404874    10.701325  0.020653913 0.0074676532   -0.1359775 
     670    112.80028   -23.941482  0.058322323   -23.883159   -224.70232     1191.999     10.63119    10.441109    10.738593  0.020725841 0.0074936596  -0.13645105 
     680    139.26941   -23.958354  0.072007938   -23.886346    243.54576    1205.0876     10.66996    10.479186    10.777754  0.020801424 0.0075209875  -0.13694866 
     690     147.6005   -23.967916  0.076315446   -23.891601    659.82818    1218.9318    10.710664    10.519162    10.818869  0.020880778 0.0075496786  -0.13747109 
     700    140.60877   -23.971058   0.07270044   -23.898357    937.47646    1233.6674    10.753651     10.56138    10.862291  0.020964583 0.0075799794  -0.13802283 
     710    134.01716   -23.972364  0.069292311   -23.903071    1011.7003    1249.3507    10.799029    10.605947    10.908127  0.021053048  0.007611965  -0.13860526 
     720    116.67238   -23.962594  0.060324355    -23.90227    980.62508    1265.9616    10.846679    10.652744    10.956258  0.021145942 0.0076455519  -0.13921683 
     730    123.44673   -23.968467  0.063826971    -23.90464    817.18884    1283.5186    10.896591    10.701764    11.006675  0.021243248 0.0076807338  -0.13985746 
     740    78.094595   -23.948063  0.040378075   -23.907685    510.11463    1302.0438    10.948765    10.753005    11.059376  0.021344963 0.0077175099  -0.14052711 
     750    107.69861   -23.970335  0.055684552    -23.91465    166.87326    1321.4953    11.003018    10.806288    11.114176   0.02145073 0.0077557513  -0.14122344 
     760    71.305579   -23.957421  0.036867878   -23.920553   -176.96444    1341.8548    11.059235    10.861501    11.170962  0.021560329 0.0077953778    -0.141945 
     770    105.65679   -23.980813  0.054628848   -23.926184   -492.38756    1363.1228    11.117358    10.918584    11.229672   0.02167364  0.007836347    -0.142691 
     780    91.374921   -23.977257  0.047244542   -23.930012   -660.57662     1385.262    11.177223    10.977378    11.290141  0.021790348 0.0078785441  -0.14345936 
     790    99.244788   -23.985276  0.051313583   -23.933963   -712.26857    1408.3496    11.238976    11.038028    11.352519  0.021910739 0.0079220727  -0.14425197 
     800    74.352603   -23.973573  0.038443313    -23.93513   -650.91497     1432.437    11.302689    11.100601    11.416875  0.022034949 0.0079669822  -0.14506972 
     810    67.146051   -23.970056  0.034717233   -23.935338   -488.33448    1457.6025    11.368495    11.165231    11.483346   0.02216324  0.008013367  -0.14591433 
     820    66.832886   -23.968748  0.034555314   -23.934192   -284.79756    1483.9459    11.436574    11.232093    11.552113  0.022295962 0.0080613545  -0.14678813 
     830    54.922705   -23.961921  0.028397267   -23.933524   -82.537173    1511.6049    11.507192    11.301448    11.623444  0.022433634 0.0081111312  -0.14769451 
     840     83.33529   -23.978888  0.043087727     -23.9358    88.164802    1540.7205    11.580604    11.373548    11.697598  0.022576753 0.0081628775  -0.14863675 
     850    70.477276   -23.973505  0.036439612   -23.937065    219.20063    1571.4449    11.657076    11.448653    11.774843  0.022725839  0.008216781  -0.14961827 
     860    112.46985   -23.995654  0.058151475   -23.937502    294.41937    1603.9482    11.736899    11.527048    11.855472  0.022881456 0.0082730461  -0.15064279 
     870    94.923916   -23.978052  0.049079517   -23.928972    334.27045    1638.3943    11.820325    11.608982     11.93974  0.023044096 0.0083318505  -0.15171356 
     880    119.72354   -23.976091   0.06190193   -23.914189    345.31338    1675.0027    11.907715     11.69481    12.028014  0.023214466 0.0083934499  -0.15283521 
     890    87.620364   -23.941555  0.045303284   -23.896251    336.34582    1713.9908    11.999397    11.784853    12.120622  0.023393204 0.0084580743  -0.15401195 
     900    103.47242   -23.933766   0.05349944   -23.880267    263.43445    1755.6899    12.095928    11.879658    12.218128  0.023581394 0.0085261167  -0.15525092 
     910    136.84253   -23.943086  0.070753143   -23.872333    149.63984    1800.4055    12.197759    11.979668    12.320988  0.023779916 0.0085978944  -0.15655791 
     920    200.09001   -23.973907   0.10345466   -23.870452    32.042889    1848.4923    12.305402    12.085386    12.429718   0.02398977 0.0086737695  -0.15793951 
     930    236.93421   -23.993111    0.1225046   -23.870607   -89.453823    1900.3935    12.419509    12.197454    12.544979  0.024212226  0.008754201  -0.15940408 
     940    168.58969   -23.950565  0.087167712   -23.863397   -75.915475    1956.2703    12.540058    12.315847    12.666745  0.024447239 0.0088391727  -0.16095132 
     950    158.51755   -23.939637  0.081960005   -23.857677   -82.031402    2016.6722    12.667815    12.441319    12.795792  0.024696305 0.0089292251  -0.16259107 
     960    87.154691   -23.912653  0.045062512    -23.86759   -179.89371    2081.9318     12.80301    12.574098    12.932354  0.024959873 0.0090245211   -0.1643263 
     970    138.42993   -23.959408  0.071573893   -23.887834   -270.20128    2152.2324    12.945524    12.714064    13.076308  0.025237709 0.0091249757  -0.16615547 
     980     124.1024   -23.971088  0.064165977   -23.906922   -349.88144    2227.8202    13.095336    12.861197    13.227633  0.025529771 0.0092305741  -0.16807829 
     990    125.66631   -23.982931  0.064974584   -23.917956   -354.66942     2308.897    13.252306     13.01536    13.386188  0.025835789 0.0093412182    -0.170093 
    1000     84.64977   -23.969889  0.043767366   -23.926122   -257.12716    2395.6757    13.416295    13.176417    13.551834  0.026155491 0.0094568103   -0.1721978 
    1010    86.170693   -23.976316  0.044553745   -23.931763   -135.24508    2488.6653    13.587684    13.344741    13.724954  0.026489618 0.0095776177  -0.17439756 
    1020    65.370819    -23.96782  0.033799366    -23.93402   0.75898516    2588.3514    13.766737    13.520593    13.905816  0.026838688 0.0097038277  -0.17669571 
    1030    62.806554   -23.967759  0.032473537   -23.935285    142.90552    2695.2203    13.953656     13.70417    14.094624  0.027203093 0.0098355825  -0.17909481 
    1040    77.689077   -23.975809  0.040168405    -23.93564    248.57802    2809.9215    14.148856     13.89588    14.291796  0.027583641 0.0099731739  -0.18160019 
    1050    60.140007   -23.966643  0.031094824   -23.935548    314.38229    2933.0503    14.352573    14.095955    14.497571  0.027980794  0.010116769   -0.1842149 
    1060    90.948071   -23.984044  0.047023843    -23.93702    338.26892    3065.2653    14.565071    14.304654    14.712216  0.028395067  0.010266554  -0.18694231 
    1070    79.853138   -23.976918  0.041287313   -23.935631    314.29271     3207.219    14.786525    14.522148    14.935908  0.028826798  0.010422651  -0.18978467 
    1080    106.02123   -23.987962  0.054817278   -23.933145    241.09149    3359.5673    15.017041    14.748543    15.168752  0.029276196  0.010585136  -0.19274333 
    1090    76.329017   -23.967087  0.039465199   -23.927622    136.59698    3522.8481    15.256488    14.983708    15.410618  0.029743005  0.010753916  -0.19581662 
    1100     102.0698   -23.977056  0.052774228   -23.924282    7.7006508     3697.599    15.504694    15.227476    15.661331   0.03022689   0.01092887  -0.19900234 
    1110    79.175953   -23.961099   0.04093718   -23.920161   -121.30237    3884.2475    15.761307    15.479501    15.920537  0.030727166   0.01110975  -0.20229596 
    1120    98.444076   -23.968321  0.050899582   -23.917422   -236.34694    4083.1487    16.025872    15.739336    16.187774  0.031242943  0.011296235  -0.20569164 
    1130    98.518434   -23.964882  0.050938028   -23.913944   -306.01072    4294.5229    16.297772    16.006374    16.462421  0.031773021  0.011487891  -0.20918148 
    1140    88.406042   -23.957082  0.045709511   -23.911372   -329.08595      4518.63    16.576475    16.280095     16.74394  0.032316362  0.011684342  -0.21275862 
    1150    109.92569    -23.96639  0.056836043   -23.909554   -306.97272     4755.614    16.861342    16.559868    17.031685  0.032871718  0.011885137  -0.21641488 
    1160    105.35008   -23.963481  0.054470265   -23.909011   -227.60889      5005.41    17.151541    16.844879    17.324816  0.033437471  0.012089691  -0.22013958 
    1170    147.39817   -23.985102  0.076210836   -23.908892   -117.24593    5268.1667    17.446558    17.134621    17.622814  0.034012616  0.012297642  -0.22392612 
    1180    111.84749   -23.961699   0.05782969   -23.903869    1.3220754    5544.0407    17.745929    17.428639    17.925208  0.034596248   0.01250866  -0.22776853 
    1190    135.17466    -23.96884  0.069890786   -23.898949    111.52836    5833.0723    18.049107    17.726396    18.231449  0.035187304  0.012722363  -0.23165981 
    1200    95.064133   -23.939715  0.049152015   -23.890563     199.4653    6135.1726    18.355471    18.027282    18.540908   0.03578457  0.012938311  -0.23559198 
    1210    137.31226   -23.957583   0.07099601   -23.886587    236.51356    6450.3299    18.664538    18.330823    18.853098  0.036387106  0.013156165  -0.23955885 
    1220    120.65254   -23.948028  0.062382257   -23.885646    235.30774    6778.0822    18.975455    18.636182    19.167156  0.036993249  0.013375323  -0.24354947 
    1230    154.22654   -23.966801  0.079741377   -23.887059    200.32913     7117.649    19.287182    18.942335    19.482033  0.037600971  0.013595051  -0.24755048 
    1240    155.38429   -23.971534  0.080339983   -23.891194    131.50306    7468.1356    19.598703    19.248286      19.7967   0.03820829  0.013814634  -0.25154884 
    1250    137.33992   -23.965825   0.07101031   -23.894815    53.479762    7827.5633    19.908206    19.552255     20.10933  0.038811676  0.014032795   -0.2555213 
    1260    143.53077   -23.974561  0.074211234    -23.90035   -16.184141    8193.9408     20.21409    19.852671    20.418305  0.039408007  0.014248406  -0.25944732 
    1270    107.00214   -23.961489   0.05532445   -23.906165   -75.958952    8565.0689    20.514781    20.147985    20.722033  0.039994213  0.014460355  -0.26330667 
    1280    99.904086   -23.965082  0.051654467   -23.913428   -115.76828    8938.4654    20.808667    20.436616    21.018888  0.040567153  0.014667508  -0.26707869 
    1290    61.968477   -23.953471  0.032040217   -23.921431   -125.23179    9311.4717    21.094183    20.717027    21.307288  0.041123775  0.014868761  -0.27074328 
    1300     87.89623   -23.976618  0.045445918   -23.931172   -117.15168    9682.0955     21.37042    20.988325    21.586316  0.041662308  0.015063473  -0.27428877 
    1310    60.628411   -23.969873  0.031347349   -23.938525   -92.831158    10048.359    21.636565    21.249712     21.85515  0.042181166  0.015251072  -0.27770474 
    1320    86.532459   -23.990304  0.044740793   -23.945563   -54.805402    10408.346    21.891919    21.500501    22.113084  0.042678988  0.015431065  -0.28098221 
    1330    64.249804   -23.980435  0.033219756   -23.947215   -13.338451    10760.658     22.13619    21.740404    22.359823  0.043155201  0.015603245  -0.28411742 
    1340    59.352078    -23.97785  0.030687433   -23.947162    21.494799    11104.051    22.369198    21.969245    22.595184  0.043609457  0.015767487  -0.28710807 
    1350    55.881333   -23.975271  0.028892917   -23.946378    50.419077     11437.17    22.590688    22.186775    22.818912  0.044041259   0.01592361  -0.28995088 
    1360    57.794796   -23.975548  0.029882255   -23.945665    66.981063    11759.058    22.800661    22.392994    23.031006  0.044450608  0.016071614  -0.29264588 
    1370     74.44201    -23.98524   0.03848954   -23.946751    66.759358    12068.862    22.999164    22.587948    23.231514  0.044837596  0.016211534  -0.29519366 
    1380    67.197599   -23.978849  0.034743886   -23.944105       59.011    12365.103    23.185822    22.771269    23.420059  0.045201493  0.016343105  -0.29758942 
    1390    93.016021   -23.987334  0.048093057   -23.939241    42.808699    12647.111    23.360764    22.943083    23.596768  0.045542547  0.016466417  -0.29983479 
    1400    70.337117   -23.965804  0.036367144   -23.929437    17.032985    12914.325    23.524144    23.103542    23.761799  0.045861062   0.01658158  -0.30193177 
    1410    100.11536   -23.970172  0.051763702   -23.918408   -8.9028471    13165.818    23.675866    23.252551    23.915054  0.046156849  0.016688525  -0.30387912 
    1420     81.48657   -23.948822  0.042131863    -23.90669   -32.183073     13400.91    23.815956    23.390137    24.056559  0.046429959  0.016787271  -0.30567718 
    1430    119.88268   -23.958681  0.061984208   -23.896696   -55.192295    13619.324    23.944647    23.516527     24.18655  0.046680846  0.016877982  -0.30732892 
    1440    134.57584   -23.958278  0.069581172   -23.888697   -62.941505    13820.421    24.061924    23.631706    24.305011  0.046909481  0.016960647  -0.30883416 
    1450    161.98671   -23.968533  0.083753704   -23.884779   -56.366185    14004.401    24.168226    23.736108    24.412388   0.04711672  0.017035577  -0.31019855 
    1460    169.32678    -23.97052  0.087548816   -23.882971   -36.907962    14171.844    24.264167    23.830333    24.509297  0.047303759  0.017103203  -0.31142994 
    1470    143.87222   -23.951456  0.074387775   -23.877068   -3.3986987    14322.851    24.350044    23.914675    24.596042   0.04747118  0.017163736  -0.31253218 
    1480    133.01437   -23.942153  0.068773829   -23.873379    21.754143     14459.38     24.42717    23.990422    24.673948   0.04762154    0.0172181  -0.31352209 
    1490     106.8653   -23.935926  0.055253699   -23.880672    34.906059    14581.513    24.495753    24.057779    24.743223  0.047755244  0.017266442  -0.31440235 
    1500    164.56206   -23.980868  0.085085265   -23.895783    38.524364    14689.121    24.555863    24.116814     24.80394   0.04787243  0.017308812  -0.31517386 
    1510    132.48745   -23.975634   0.06850139   -23.907133    34.628992    14781.908    24.607459    24.167487    24.856058  0.047973018  0.017345181  -0.31583609 
    1520     141.6792   -23.980871  0.073253894   -23.907617     29.94258    14859.365    24.650365    24.209626    24.899397  0.048056665  0.017375424  -0.31638679 
    1530    86.735806   -23.952074  0.044845931   -23.907228    21.620011    14921.437    24.684641    24.243289    24.934019  0.048123487  0.017399585  -0.31682672 
    1540    78.218649   -23.949467  0.040442216   -23.909024    8.6438923      14968.4    24.710511    24.268697    24.960151  0.048173922   0.01741782  -0.31715876 
    1550    71.670521   -23.951484  0.037056568   -23.914427   -7.4055749    15000.097     24.72794    24.285815    24.977756  0.048207901  0.017430105  -0.31738247 
    1560    97.978832   -23.972299  0.050659032    -23.92164   -24.509788    15016.853    24.737145    24.294855    24.987054  0.048225845  0.017436593   -0.3175006 
    1570    108.87748   -23.982519  0.056294075   -23.926225    -35.50186    15018.556     24.73808    24.295773    24.987999  0.048227669  0.017437253  -0.31751261 
    1580    108.25569   -23.984688  0.055972585   -23.928716   -40.341827     15005.93    24.731145    24.288963    24.980994  0.048214149  0.017432365   -0.3174236 
    1590     113.6786   -23.986449   0.05877645   -23.927673   -37.714799    14979.475    24.716604    24.274681    24.966305  0.048185799  0.017422114  -0.31723696 
    1600    76.690712    -23.96362   0.03965221   -23.923967   -23.983711    14939.667     24.69469    24.253159     24.94417  0.048143077  0.017406668  -0.31695569 
    1610    92.830581   -23.967859  0.047997177   -23.919862   -8.1438268    14887.719    24.666034    24.225015    24.915224  0.048087212  0.017386469   -0.3165879 
    1620      58.8773   -23.946161  0.030441953   -23.915719    6.0999899    14825.054    24.631377    24.190978    24.880218  0.048019648   0.01736204  -0.31614308 
    1630    94.436962   -23.967215  0.048827741   -23.918387    18.812674     14752.64    24.591207    24.151526    24.839642  0.047941334  0.017333725   -0.3156275 
    1640     89.62974   -23.967525  0.046342213   -23.921182    26.550178     14671.66    24.546129    24.107254    24.794108  0.047853453  0.017301951  -0.31504892 
    1650    125.55535   -23.990118  0.064917212   -23.925201    28.491914    14582.845    24.496499    24.058511    24.743977  0.047756698  0.017266968  -0.31441192 
    1660    111.23354   -23.978519  0.057512255   -23.921006    32.532771    14486.619    24.442499    24.005477    24.689432  0.047651424  0.017228905  -0.31371884 
    1670    99.789336   -23.965392  0.051595136   -23.913797    31.428093    14384.312    24.384824    23.948833    24.631174  0.047538984  0.017188251  -0.31297858 
    1680    85.256498   -23.952842  0.044081069    -23.90876    20.366678     14276.86    24.323954    23.889051    24.569688  0.047420316  0.017145345  -0.31219731 
    1690    72.601911   -23.944982  0.037538134   -23.907444    6.0170945    14164.329    24.259877     23.82612    24.504965  0.047295397  0.017100179  -0.31137489 
    1700    120.61279   -23.973367  0.062361709   -23.911005   -12.343968    14047.279    24.192867    23.760308    24.437277  0.047164758  0.017052945  -0.31051481 
    1710       119.14   -23.972929  0.061600216   -23.911328   -33.160439    13926.251    24.123186    23.691873    24.366893  0.047028913  0.017003829  -0.30962046 
    1720    158.82279   -23.991442  0.082117826   -23.909324   -47.313212    13801.535    24.050959    23.620937    24.293935  0.046888103  0.016952918  -0.30869342 
    1730    113.96876   -23.960862  0.058926473   -23.901936   -46.744573    13672.986    23.976054    23.547372    24.218274  0.046742075   0.01690012  -0.30773203 
    1740    120.47719    -23.95505  0.062291596   -23.892759   -38.417396    13541.733    23.899089    23.471783    24.140532  0.046592029  0.016845869  -0.30674418 
    1750    103.81489   -23.935207   0.05367651    -23.88153   -20.517847    13408.217    23.820284    23.394387    24.060931  0.046438397  0.016790321  -0.30573273 
    1760    141.22807   -23.948554  0.073020643   -23.875533    4.6176693    13273.516    23.740248    23.315782    23.980086  0.046282364  0.016733906  -0.30470547 
    1770    141.53814   -23.948046  0.073180963   -23.874865    24.207555    13139.102    23.659841    23.236812    23.898866  0.046125607  0.016677229  -0.30367344 
    1780    175.11218   -23.973573  0.090540102   -23.883033    43.225387    13005.186    23.579185    23.157598    23.817395  0.045968365  0.016620376  -0.30263822 
    1790    162.37471   -23.966926  0.083954315   -23.882971     65.84966     12872.43    23.498678    23.078532    23.736076  0.045811416   0.01656363  -0.30160492 
    1800    125.40268   -23.945577  0.064838274   -23.880738    66.280664      12742.3    23.419226      23.0005    23.655821  0.045656521  0.016507625  -0.30058515 
    1810    145.46513   -23.964792  0.075211375    -23.88958    47.841064    12614.444    23.340633    22.923312    23.576434  0.045503301  0.016452227  -0.29957641 
    1820    110.19735   -23.963094  0.056976501   -23.906117    15.292034    12487.913     23.26233    22.846409     23.49734  0.045350647  0.016397033   -0.2985714 
    1830    127.72977   -23.985701  0.066041473    -23.91966    -28.58102    12361.853    23.183791    22.769274    23.418007  0.045197533  0.016341673  -0.29756335 
    1840    86.444601   -23.968925  0.044695367    -23.92423   -58.882376    12234.406    23.103843    22.690755    23.337251  0.045041671   0.01628532  -0.29653722 
    1850    87.497964   -23.974273  0.045239998   -23.929033   -75.884983    12105.166    23.022201    22.610573    23.254785  0.044882508  0.016227772  -0.29548935 
    1860    51.195172   -23.958195  0.026469981   -23.931725   -82.308011    11974.166    22.938852    22.528715    23.170594  0.044720017  0.016169022  -0.29441957 
    1870    60.217629   -23.967586  0.031134958   -23.936451   -72.602616    11841.118    22.853576    22.444963    23.084456  0.044553768  0.016108913  -0.29332505 
    1880    55.242174   -23.969746  0.028562446   -23.941183   -50.010082    11706.329     22.76653    22.359473     22.99653  0.044384069  0.016047556  -0.29220781 
    1890    66.758567   -23.979787  0.034516888    -23.94527   -22.415147    11570.351    22.678036    22.272562    22.907142  0.044211547  0.015985179  -0.29107199 
    1900    89.001112   -23.994878  0.046017187   -23.948861    12.261956    11433.529    22.588291    22.184421    22.816491  0.044036586   0.01592192  -0.28992012 
    1910    79.446573   -23.989579  0.041077102   -23.948502    49.162185    11296.427     22.49764    22.095391    22.724924  0.043859859  0.015858022  -0.28875662 
    1920    83.726196   -23.989029  0.043289841   -23.945739    77.503326    11159.787    22.406562    22.005942    22.632926  0.043682301  0.015793824  -0.28758764 
    1930    55.655639   -23.967904  0.028776224   -23.939128    98.920242      11023.7    22.315111    21.916126    22.540551  0.043504014  0.015729363  -0.28641387 
    1940    73.385782   -23.969468  0.037943427   -23.931524    107.60454    10888.686    22.223634    21.826285     22.44815  0.043325677  0.015664883  -0.28523976 
    1950    61.237199   -23.954854  0.031662117   -23.923192    95.205863    10755.252    22.132483    21.736763    22.356078  0.043147974  0.015600632  -0.28406983 
    1960    103.12504   -23.969432   0.05331983   -23.916112    62.831216     10623.72    22.041888    21.647788    22.264568  0.042971357  0.015536775  -0.28290706 
    1970    105.96344   -23.961321  0.054787399   -23.906533    15.520547    10494.199    21.951946    21.559454    22.173718  0.042796013  0.015473377  -0.28175266 
    1980    154.98267   -23.975378   0.08013233   -23.895246   -48.837428    10367.107    21.862968    21.472067    22.083841  0.042622547  0.015410659  -0.28061063 
    1990    171.70577   -23.968134   0.08877885   -23.879356   -112.63034    10242.374    21.774932    21.385605    21.994915  0.042450917  0.015348604  -0.27948068 
    2000    167.03155   -23.952253  0.086362088   -23.865891   -154.05805    10119.584    21.687566    21.299801    21.906666  0.042280595  0.015287022  -0.27835934 
    2010    168.51018   -23.946461  0.087126602   -23.859334   -167.10575    9998.6694    21.600841    21.214627    21.819065  0.042111522  0.015225892  -0.27724623 
    2020    125.64576   -23.923292  0.064963956   -23.858328   -150.39193    9879.8065    21.514904    21.130226     21.73226  0.041943984  0.015165316  -0.27614323 
    2030    144.35507    -23.93961  0.074637427   -23.864973   -104.12309    9762.9053     21.42971    21.046555    21.646205  0.041777896  0.015105265  -0.27504976 
    2040     135.4014   -23.944666  0.070008021   -23.874658   -42.270314    9648.2969    21.345524    20.963874    21.561169  0.041613773  0.015045925  -0.27396924 
    2050    173.76586   -23.977269  0.089844002   -23.887425    18.132403    9536.1639    21.262508    20.882343    21.477315  0.041451932  0.014987409  -0.27290374 
    2060    136.29009   -23.967782  0.070467508   -23.897315    82.897821    9426.1664    21.180439    20.801742    21.394416  0.041291935  0.014929561  -0.27185038 
    2070    149.77318   -23.981631  0.077438811   -23.904192    130.91792    9318.7974    21.099713    20.722459    21.312875  0.041134557  0.014872659  -0.27081427 
    2080     104.3049   -23.959177  0.053929863   -23.905247    150.69925    9214.0887    21.020388    20.644552    21.232748   0.04097991  0.014816745  -0.26979613 
    2090    105.20409   -23.960089  0.054394783   -23.905694    152.55855    9111.4932    20.942078    20.567642    21.153647  0.040827243  0.014761546  -0.26879103 
    2100    97.469759   -23.960209  0.050395821   -23.909813     129.1049    9010.7847    20.864635    20.491584    21.075422  0.040676266  0.014706959  -0.26779705 
    2110    97.469921   -23.966432  0.050395905   -23.916037      77.7293    8911.9451    20.788066    20.416384     20.99808  0.040526992  0.014652987  -0.26681429 
    2120    93.604787   -23.969878  0.048397473   -23.921481      19.6147    8814.1783     20.71177    20.341452    20.921012  0.040378249  0.014599207  -0.26583502 
    2130    89.947198   -23.971687  0.046506351   -23.925181    -42.42194    8717.1557    20.635494    20.266539    20.843965  0.040229547  0.014545442  -0.26485602 
    2140    101.54907   -23.978515  0.052504989    -23.92601   -102.10066    8620.4437    20.558897    20.191312    20.766595  0.040080218  0.014491451   -0.2638729 
    2150    80.581718   -23.967343  0.041664018   -23.925679   -136.38083    8523.4623    20.481509    20.115308    20.688425  0.039929348  0.014436902  -0.26287963 
    2160    96.769642   -23.977078  0.050033832   -23.927045   -147.26886    8426.2338    20.403332    20.038529    20.609458   0.03977694  0.014381797  -0.26187623 
    2170    68.901257   -23.962629  0.035624746   -23.927004   -138.65001    8329.0631    20.324599    19.961203     20.52993  0.039623447    0.0143263  -0.26086569 
    2180    90.144607   -23.974859   0.04660842   -23.928251    -102.2521    8231.8338    20.245203    19.883227    20.449731  0.039468662  0.014270336  -0.25984664 
    2190    78.939423   -23.966964  0.040814885   -23.926149   -48.264719    8135.0008    20.165506    19.804955     20.36923  0.039313291   0.01421416  -0.25882374 
    2200    93.805805      -23.973  0.048501408   -23.924498    4.8264465    8039.1808    20.086019    19.726889    20.288939  0.039158328  0.014158131  -0.25780352 
    2210    85.616839   -23.966813   0.04426738   -23.922545    60.919702    7944.5838    20.006923    19.649208    20.209045  0.039004129  0.014102379  -0.25678834 
    2220    94.366294   -23.970284  0.048791203   -23.921493    105.39504    7851.8284    19.928756    19.572438    20.130088   0.03885174  0.014047281  -0.25578506 
    2230    114.47336   -23.977203   0.05918737   -23.918015    123.70108    7761.3868    19.851944    19.496999      20.0525  0.038701991  0.013993138  -0.25479918 
    2240    113.99196    -23.96597  0.058938469   -23.907031    128.67639    7673.3556    19.776603    19.423006    19.976398  0.038555113  0.013940032  -0.25383219 
    2250     142.8522   -23.966969  0.073860386   -23.893108    113.91118    7588.1504    19.703131    19.350847    19.902183  0.038411876  0.013888243  -0.25288917 
    2260    126.92044   -23.945097  0.065623018   -23.879474    67.220094    7506.4575    19.632168    19.281153    19.830504  0.038273532  0.013838224  -0.25197837 
    2270    165.29046    -23.95739  0.085461877   -23.871928    2.8803621    7428.4491    19.563925     19.21413    19.761571  0.038140489   0.01379012  -0.25110246 
    2280    159.81151   -23.944923  0.082629036   -23.862294   -65.825139    7354.0238    19.498368    19.149746    19.695352  0.038012685  0.013743911  -0.25026105 
    2290     196.6153   -23.956733   0.10165809   -23.855075   -126.07683     7283.279    19.435643    19.088141    19.631993    0.0378904  0.013699698  -0.24945597 
    2300    167.31181   -23.940152  0.086506993   -23.853645    -144.3776    7215.7804    19.375416    19.028991    19.571157  0.037772985  0.013657245  -0.24868295 
    2310    162.51563   -23.947545  0.084027174   -23.863518   -120.18437    7151.4613    19.317675    18.972283    19.512834  0.037660418  0.013616545  -0.24794186 
    2320    136.75202   -23.949211  0.070706343   -23.878505   -73.474034    7090.2472      19.2624    18.917996       19.457  0.037552656  0.013577583  -0.24723239 
    2330    138.92028   -23.966383  0.071827424   -23.894555   -10.698016    7031.7789    19.209306    18.865851    19.403369  0.037449148  0.013540158  -0.24655093 
    2340    127.65683   -23.977505  0.066003763   -23.911502    59.739269    6976.1296    19.158497    18.815951    19.352048  0.037350095  0.013504345  -0.24589881 
    2350    96.725797   -23.970771  0.050011162    -23.92076    109.29173    6923.4574    19.110158    18.768476     19.30322  0.037255856  0.013470271  -0.24527837 
    2360    80.277031   -23.967928  0.041506483   -23.926422     133.4079    6873.6267      19.0642    18.723339    19.256797  0.037166259  0.013437876   -0.2446885 
    2370     50.00005   -23.954892  0.025852055    -23.92904    137.47086    6826.2389    19.020288    18.680213    19.212442  0.037080652  0.013406924   -0.2441249 
    2380    74.404998   -23.972811  0.038470403   -23.934341    108.30069    6781.3717    18.978524    18.639196    19.170257  0.036999233  0.013377486  -0.24358886 
    2390    76.189718   -23.979372  0.039393176   -23.939979    55.197046    6738.7993    18.938726     18.60011    19.130056  0.036921645  0.013349434  -0.24307806 
    2400    92.671255   -23.991251  0.047914799   -23.943336   -7.2842709    6698.2229    18.900638    18.562702    19.091583   0.03684739  0.013322586  -0.24258919 
    2410     85.14238    -23.98737  0.044022065   -23.943348   -74.220754    6659.3455       18.864    18.526719    19.054575  0.036775963   0.01329676  -0.24211894 
    2420    85.100817   -23.983156  0.044000576   -23.939156   -131.30036    6621.7657    18.828448    18.491803    19.018664  0.036706655  0.013271701  -0.24166264 
    2430     72.40024   -23.971044  0.037433862    -23.93361   -164.10163    6585.1068    18.793639    18.457616    18.983503  0.036638792  0.013247165  -0.24121586 
    2440    69.330997   -23.964068  0.035846939   -23.928221   -172.40898    6549.2217    18.759438    18.424027    18.948957  0.036572117  0.013223058   -0.2407769 
    2450    66.617166    -23.95761  0.034443778   -23.923166   -154.89451    6513.9858    18.725735    18.390926    18.914913  0.036506411  0.013199301  -0.24034431 
    2460    65.861928   -23.953937  0.034053289   -23.919884    -109.5988    6479.1768     18.69232    18.358109    18.881161  0.036441268  0.013175748  -0.23991544 
    2470    102.16181   -23.970583    0.0528218   -23.917761   -42.736309    6444.8825    18.659282    18.325662    18.847789   0.03637686   0.01315246   -0.2394914 
    2480    112.27237   -23.973328  0.058049374   -23.915278    34.730405    6411.2334    18.626752    18.293713     18.81493  0.036313441   0.01312953  -0.23907387 
    2490    149.77016    -23.99024   0.07743725   -23.912803    108.84204    6378.5341     18.59503    18.262559    18.782888  0.036251599  0.013107171  -0.23866673 
    2500    137.38182   -23.975751  0.071031975   -23.904719    179.45605    6346.7879    18.564129     18.23221    18.751675  0.036191357   0.01308539  -0.23827012 
    2510    138.73926   -23.965548  0.071733825   -23.893815    229.10068    6316.3454    18.534401    18.203013    18.721646    0.0361334  0.013064435  -0.23788855 
    2520    104.94422   -23.934084  0.054260419   -23.879824    238.56726    6287.5679     18.50621    18.175327    18.693171  0.036078441  0.013044564  -0.23752672 
    2530    134.64879   -23.943137  0.069618886   -23.873518    211.90079      6260.36    18.479478    18.149072    18.666168  0.036026326  0.013025721  -0.23718362 
    2540    142.16095   -23.946767  0.073502982   -23.873264    144.41984    6234.6735    18.454169    18.124216    18.640604  0.035976986  0.013007881  -0.23685878 
    2550    163.85272   -23.960871  0.084718505   -23.876153    35.641453    6210.2408    18.430031     18.10051    18.616222  0.035929928  0.012990867  -0.23654897 
    2560    187.17424   -23.976481  0.096776676   -23.879704   -70.554235    6186.4783    18.406495    18.077394    18.592448  0.035884043  0.012974277  -0.23624688 
    2570    160.01844   -23.963577  0.082736025   -23.880841   -162.74252    6162.9833    18.383164     18.05448    18.568881  0.035838558  0.012957831  -0.23594743 
    2580    156.48561   -23.967616  0.080909412   -23.886707   -223.16137    6139.1538     18.35944    18.031181    18.544918  0.035792308  0.012941109  -0.23564293 
    2590    109.74791   -23.952851  0.056744122   -23.896107    -225.9233    6114.1802    18.334511    18.006698    18.519737  0.035743709  0.012923538  -0.23532297 
    2600    90.075945   -23.954367  0.046572919   -23.907795   -198.79723    6088.0287    18.308334    17.980988    18.493295  0.035692675  0.012905086  -0.23498699 
    2610    61.219793   -23.950999  0.031653117   -23.919346   -147.80809    6060.4447    18.280641    17.953791    18.465323  0.035638687  0.012885566  -0.23463155 
    2620    79.841741   -23.972442   0.04128142    -23.93116   -80.907495    6031.3633    18.251354    17.925027     18.43574  0.035581591  0.012864922  -0.23425565 
    2630    74.377674    -23.97801  0.038456276   -23.939554    -12.06618    6000.8123    18.220485    17.894711    18.404559  0.035521412  0.012843164  -0.23385945 
    2640    86.309661   -23.991492  0.044625597   -23.946866     52.64207     5968.769    18.187996    17.862802    18.371742  0.035458073  0.012820263  -0.23344245 
    2650       71.706   -23.987082  0.037074912   -23.950007    109.68225    5935.2474    18.153883    17.829299    18.337284  0.035391569  0.012796217  -0.23300462 
    2660    63.192167   -23.982553  0.032672915    -23.94988    145.73021    5900.4069    18.118292    17.794344    18.301333  0.035322182   0.01277113   -0.2325478 
    2670    59.689467   -23.979437  0.030861877   -23.948576    159.34723    5864.2559    18.081213    17.757928     18.26388  0.035249896  0.012744994   -0.2320719 
    2680     54.34484   -23.974132  0.028098487   -23.946034    150.46555    5826.7749    18.042609    17.720015    18.224886  0.035174636  0.012717783  -0.23157642 
    2690    64.961075   -23.978726  0.033587512   -23.945139    112.93378    5787.9728     18.00247    17.680593    18.184341  0.035096383   0.01268949  -0.23106123 
    2700    56.405981   -23.972705  0.029164181   -23.943541    57.701299    5747.6881    17.960606    17.639478    18.142055  0.035014769  0.012659981  -0.23052391 
    2710    73.962899   -23.978227   0.03824182   -23.939985   -8.7661683    5705.7923    17.916861    17.596514    18.097867  0.034929485  0.012629146  -0.22996244 
    2720    73.635347   -23.971485  0.038072462   -23.933413   -83.085221     5662.281    17.871201    17.551671    18.051746   0.03484047  0.012596962  -0.22937639 
    2730    103.42483   -23.977126  0.053474832   -23.923651   -144.13477     5616.963    17.823396    17.504721    18.003458  0.034747273  0.012563265  -0.22876282 
    2740    98.845772   -23.962782  0.051107275   -23.911675   -178.19833    5569.8062    17.773377    17.455596    17.952934   0.03464976  0.012528008  -0.22812083 
    2750    117.26723   -23.962927  0.060631916   -23.902295   -183.12399    5520.8675    17.721169    17.404322    17.900199  0.034547979  0.012491208  -0.22745074 
    2760    115.75643   -23.953302  0.059850769   -23.893451    -136.1769    5470.1935    17.666784    17.350909    17.845264  0.034441953  0.012452873  -0.22675271 
    2770    137.01675   -23.956751  0.070843218   -23.885908   -56.594159    5418.2337    17.610668    17.295797    17.788582  0.034332554  0.012413319  -0.22603247 
    2780     169.0678   -23.969614  0.087414914   -23.882199    31.975322     5365.554    17.553408     17.23956    17.730743  0.034220924  0.012372957  -0.22529753 
    2790    153.04274   -23.959774  0.079129309   -23.880644    129.90538    5312.4654    17.495323    17.182514    17.672071  0.034107685  0.012332015  -0.22455201 
    2800     145.3222   -23.958009  0.075137474   -23.882871    196.54718    5259.4964    17.436982    17.125216     17.61314  0.033993947  0.012290891   -0.2238032 
    2810    114.54843   -23.941513  0.059226189   -23.882287     219.1967    5206.6702    17.378406    17.067688    17.553973  0.033879752  0.012249603  -0.22305139 
    2820    123.44859   -23.952473  0.063827932   -23.888645     188.1578    5153.9683    17.319573    17.009906    17.494545  0.033765054  0.012208133  -0.22229626 
    2830    121.30109   -23.964501  0.062717586   -23.901783    99.904544    5101.1694    17.260227    16.951621      17.4346  0.033649358  0.012166302  -0.22153457 
    2840    147.97505   -23.989316  0.076509104   -23.912807   -10.269826    5047.7039    17.199714     16.89219    17.373475  0.033531385  0.012123647  -0.22075788 
    2850    115.14577   -23.977427  0.059535036   -23.917892   -121.52625    4993.0862    17.137453    16.831043    17.310586  0.033410006  0.012079761  -0.21995876 
    2860    105.74511   -23.972157  0.054674512   -23.917482   -206.42232    4936.8194    17.072836    16.767581    17.245316  0.033284033  0.012034214  -0.21912941 
    2870    79.463911   -23.957733  0.041086066   -23.916647   -243.53831    4878.5493    17.005399    16.701349    17.177197  0.033152562   0.01198668  -0.21826385 
    2880    71.898152   -23.954368  0.037174262   -23.917194   -246.10119    4818.2865    16.935088    16.632296    17.106177   0.03301549  0.011937119  -0.21736142 
    2890    71.670236   -23.955712   0.03705642   -23.918656   -203.81667    4755.9387    16.861725    16.560245    17.032072  0.032872466  0.011885408   -0.2164198 
    2900    80.783739   -23.963723  0.041768471   -23.921954   -121.09309    4691.5191    16.785248    16.485134    16.954822  0.032723371  0.011831501  -0.21543822 
    2910    101.71647   -23.978019  0.052591544   -23.925428   -21.369517    4625.2236    16.705809    16.407116    16.874581  0.032568502  0.011775506  -0.21441862 
    2920    105.86205   -23.982651  0.054734975   -23.927916    97.489476    4557.1143    16.623402    16.326182    16.791341  0.032407847  0.011717419  -0.21336093 
    2930    126.06987   -23.993753  0.065183237    -23.92857    213.31138    4487.5126    16.538336    16.242638    16.705416  0.032242009  0.011657459  -0.21226911 
    2940    94.380395   -23.973107  0.048798494   -23.924308    290.03036    4416.7359    16.450928    16.156792    16.617125  0.032071604  0.011595847  -0.21114723 
    2950    88.620681   -23.965163  0.045820488   -23.919342    328.42733    4344.7854    16.361108    16.068578    16.526397  0.031896496  0.011532535  -0.20999439 
    2960    74.596952   -23.953939  0.038569651    -23.91537    322.68247    4271.5861    16.268705    15.977827    16.433061  0.031716354  0.011467402   -0.2088084 
    2970     92.05331   -23.963924  0.047595297   -23.916329    245.51936    4197.3029    16.173848    15.884666    16.337246  0.031531428   0.01140054  -0.20759092 
    2980    98.414874   -23.969473  0.050884484   -23.918588    122.08143    4121.7308     16.07619    15.788754    16.238601   0.03134104  0.011331704  -0.20633748 
    2990    107.94839   -23.975942    0.0558137   -23.920129   -26.746634    4044.6807    15.975385    15.689752    16.136778  0.031144518  0.011260649  -0.20504365 
    3000    106.46271   -23.973573  0.055045541   -23.918527   -192.63816    3965.9686    15.871075    15.587307    16.031414  0.030941163  0.011187123  -0.20370484 
Loop time of 39.7248 on 1 procs for 3000 steps with 5 atoms

Performance: 13.050 ns/day, 1.839 hours/ns, 75.520 timesteps/s
305.9% CPU use with 1 MPI tasks x no OpenMP threads

MPI task timing breakdown:
Section |  min time  |  avg time  |  max time  |%varavg| %total
---------------------------------------------------------------
Pair    | 38.969     | 38.969     | 38.969     |   0.0 | 98.10
Neigh   | 0.002032   | 0.002032   | 0.002032   |   0.0 |  0.01
Comm    | 0.0069263  | 0.0069263  | 0.0069263  |   0.0 |  0.02
Output  | 0.70289    | 0.70289    | 0.70289    |   0.0 |  1.77
Modify  | 0.035358   | 0.035358   | 0.035358   |   0.0 |  0.09
Other   |            | 0.008368   |            |       |  0.02

Nlocal:    5 ave 5 max 5 min
Histogram: 1 0 0 0 0 0 0 0 0 0
Nghost:    0 ave 0 max 0 min
Histogram: 1 0 0 0 0 0 0 0 0 0
Neighs:    0 ave 0 max 0 min
Histogram: 1 0 0 0 0 0 0 0 0 0

Total # of neighbors = 0
Ave neighs/atom = 0
Neighbor list builds = 197
Dangerous builds = 23
Total wall time: 0:00:43
