2019-06-24 13:55:39.684863: I tensorflow/core/platform/cpu_feature_guard.cc:140] Your CPU supports instructions that this TensorFlow binary was not compiled to use: AVX512F
2019-06-24 13:55:41.839754: E tensorflow/stream_executor/cuda/cuda_driver.cc:406] failed call to cuInit: CUDA_ERROR_NO_DEVICE
2019-06-24 13:55:41.839822: I tensorflow/stream_executor/cuda/cuda_diagnostics.cc:158] retrieving CUDA diagnostic information for host: SR760-GPU-7
2019-06-24 13:55:41.839834: I tensorflow/stream_executor/cuda/cuda_diagnostics.cc:165] hostname: SR760-GPU-7
2019-06-24 13:55:41.839906: I tensorflow/stream_executor/cuda/cuda_diagnostics.cc:189] libcuda reported version is: 410.48.0
2019-06-24 13:55:41.839963: I tensorflow/stream_executor/cuda/cuda_diagnostics.cc:193] kernel reported version is: 410.48.0
2019-06-24 13:55:41.839971: I tensorflow/stream_executor/cuda/cuda_diagnostics.cc:300] kernel version seems to match DSO: 410.48.0
 of lammps module:
  use deepmd-kit at:  /sharedext4/local/deepmd-kit-0.12.4
  source:             v0.12.4-1-ge3cd911-dirty
  source branch:      master
  source commit:      e3cd911
  source commit at:   2019-02-07 10:22:13 +0800
  build float prec:   double
  build with tf inc:  /sharedext4/local/tensorflow/r1.8.gpu.cc/include
  build with tf lib:  /sharedext4/local/tensorflow/r1.8.gpu.cc/lib/libtensorflow_cc.so;/sharedext4/local/tensorflow/r1.8.gpu.cc/lib/libtensorflow_framework.so
  >>> Info of model(s):
  using   4 model(s): ../graph.002.pb ../graph.003.pb ../graph.000.pb ../graph.001.pb 
  rcut in model:      5
  ntypes in model:    2
Neighbor list info ...
  update every 1 steps, delay 10 steps, check yes
  max neighbors/atom: 2000, page size: 100000
  master list distance cutoff = 6
  ghost atom cutoff = 6
  binsize = 3, bins = 4 4 4
  1 neighbor lists, perpetual/occasional/extra = 1 0 0
  (1) pair deepmd, perpetual
      attributes: , newton on
      pair build: full/bin/atomonly
      stencil: full/bin/3d
      bin: standard
Setting up Verlet run ...
  Unit style    : metal
  Current step  : 0
  Time step     : 0.002
Per MPI rank memory allocation (min/avg/max) = 3.949 | 3.949 | 3.949 Mbytes
Step Temp PotEng KinEng TotEng Press Volume Lx Ly Lz Xy Xz Yz 
       0          100   -23.961166  0.051704058   -23.909462    2005.3162    942.82991    9.7222405    9.9483194    9.7480393     0.110344    0.2341656    0.2605766 
      10    74.482972   -23.942161  0.038510719    -23.90365    1856.0459    942.36262     9.720634    9.9466756    9.7464286   0.11032577   0.23412691   0.26053354 
      20    93.846816   -23.952393  0.048522612    -23.90387    1321.8389    941.55856    9.7178686    9.9438458    9.7436558   0.11029438    0.2340603   0.26045942 
      30    76.667682   -23.944079  0.039640303   -23.904438    493.92804    940.37129    9.7137822    9.9396644    9.7395586     0.110248   0.23396188    0.2603499 
      40    91.220154   -23.950764  0.047164522     -23.9036   -412.44273    938.69061    9.7079918    9.9337394    9.7337528   0.11018228   0.23382241    0.2601947 
      50    70.920834   -23.937136  0.036668949   -23.900467   -1155.6595    936.39933    9.7000865    9.9256502    9.7258265   0.11009256   0.23363201   0.25998283 
      60    106.24899   -23.953208  0.054935038   -23.898273   -1596.4056    933.40385    9.6897322    9.9150551    9.7154447   0.10997504   0.23338262   0.25970531 
      70    119.81414   -23.961599  0.061948774    -23.89965   -1536.7663    929.63087    9.6766586    9.9016776    9.7023365   0.10982666   0.23306774   0.25935491 
      80    140.73077   -23.972538  0.072763517   -23.899775    -944.1265    925.07656    9.6608306    9.8854815    9.6864665   0.10964702   0.23268651   0.25893069 
      90    84.455168   -23.919458  0.043666749   -23.875791   -245.68052    919.93437    9.6428969    9.8671308    9.6684852   0.10944348   0.23225457   0.25845002 
     100    83.948624   -23.896775  0.043404845    -23.85337    263.29508     914.3042    9.6231845      9.84696    9.6487205   0.10921975   0.23177978   0.25792169 
     110    162.64138    -23.95133  0.084092194   -23.867237    38.206858    908.34934    9.6022471    9.8255357    9.6277275   0.10898212   0.23127549   0.25736052 
     120    239.46285   -23.990755   0.12381201   -23.866943   -568.95147    901.92221    9.5795462    9.8023069    9.6049664   0.10872447   0.23072873   0.25675209 
     130    156.39589   -23.911328  0.080863024   -23.830465   -628.12822    894.73555    9.5540345     9.776202     9.579387   0.10843492   0.23011427   0.25606832 
     140    87.704478   -23.849085  0.045346774   -23.803738   -618.77893    886.82737    9.5258032    9.7473142    9.5510807   0.10811451    0.2294343   0.25531167 
     150    173.73977   -23.907286  0.089830511   -23.817455   -424.30711    878.09371    9.4944293    9.7152107    9.5196236   0.10775842   0.22867864   0.25447078 
     160    266.86091   -23.987234   0.13797792   -23.849256   -127.68767    868.60966    9.4601232    9.6801069    9.4852265   0.10736906   0.22785236    0.2535513 
     170    223.29412   -23.964523   0.11545212   -23.849071     523.0527    858.41331    9.4229609    9.6420804    9.4479656   0.10694728   0.22695728   0.25255527 
     180    78.620963   -23.873612  0.040650228   -23.832962    896.86503    847.66684    9.3834737     9.601675    9.4083735   0.10649912   0.22600621   0.25149693 
     190    115.55187   -23.931101  0.059745004   -23.871356    266.16429     836.5289    9.3421942    9.5594356    9.3669846   0.10603061   0.22501197   0.25039056 
     200    125.65229   -23.965004  0.064967334   -23.900037   -514.44414    824.71566    9.2980096    9.5142235    9.3226826   0.10552913   0.22394776   0.24920631 
     210    122.30895   -23.967917  0.063238693   -23.904678   -1126.9847    812.14166    9.2505134    9.4656229    9.2750605   0.10499006   0.22280379   0.24793332 
     220    75.411015   -23.945779  0.038990555   -23.906788   -1330.7804    798.71702    9.1992599    9.4131775    9.2236709   0.10440835   0.22156932   0.24655961 
     230     60.85386   -23.941826  0.031463915   -23.910363    -965.7145    784.40596    9.1439857     9.356618      9.16825   0.10378101   0.22023801   0.24507815 
     240    64.500489   -23.948131   0.03334937   -23.914782   -303.18008      769.237     9.084659    9.2959117    9.1087659   0.10310768   0.21880909   0.24348807 
     250     77.92933   -23.959994  0.040292626   -23.919701    503.48167    753.24828    9.0212758    9.2310546    9.0452145    0.1023883   0.21728247   0.24178926 
     260    93.825674   -23.970478  0.048511681   -23.921966    1439.5143    736.47414    8.9538073    9.1620172     8.977567   0.10162255   0.21565746   0.23998097 
     270     85.14056   -23.967621  0.044021124     -23.9236     2067.513    719.00516    8.8824461    9.0889966    8.9060164   0.10081263   0.21393868   0.23806833 
     280    102.75869   -23.980047  0.053130412   -23.926917    2161.5955    700.84375    8.8070199    9.0118165    8.8303901  0.099956569     0.212122   0.23604675 
     290    88.571977   -23.969819  0.045795306   -23.924024    1910.7007    681.92209    8.7270373    8.9299739    8.7501952  0.099048794   0.21019557   0.23390305 
     300    106.28457   -23.976041  0.054953436   -23.921088    1234.0203    662.19702    8.6420674    8.8430282    8.6649999  0.098084417   0.20814903   0.23162568 
     310    69.576229   -23.949803  0.035973734   -23.913829    125.24896    641.64005    8.5516988    8.7505582    8.5743915  0.097058765   0.20597245   0.22920361 
     320    73.527629   -23.942748  0.038016768   -23.904731   -900.47299    620.13731    8.4550828    8.6516954     8.477519  0.095962207    0.2036454   0.22661409 
     330    48.191772   -23.921586  0.024917102   -23.896669   -1658.1589    597.63036    8.3515316    8.5457363    8.3736931  0.094786937   0.20115131    0.2238387 
     340     108.6557   -23.946696  0.056179405   -23.890516   -2022.6623    574.10721    8.2404876    8.4321101    8.2623544  0.093526627   0.19847675   0.22086249 
     350    134.73105   -23.961451   0.06966142    -23.89179   -1416.4868    549.58152    8.1214321    8.3102861     8.142983  0.092175389   0.19560923   0.21767155 
     360    146.73636    -23.95766  0.075868653   -23.881791    -73.90565    524.20176    7.9944404    8.1803414    8.0156543  0.090734078   0.19255057    0.2142679 
     370    71.089164   -23.886766  0.036755982    -23.85001    1063.3359     498.2095    7.8600609    8.0428371    7.8809183  0.089208918   0.18931396   0.21066625 
     380    123.47541   -23.902662  0.063841796   -23.838821    1522.6539    471.77177    7.7184938     7.897978    7.7389755  0.087602182   0.18590424   0.20687195 
     390    213.52118   -23.970795   0.11039912   -23.860396    109.25178    445.11958    7.5703183    7.7463569    7.5904068  0.085920442   0.18233535   0.20290054 
     400    239.77113   -23.963998   0.12397141   -23.840027   -1251.8829     418.2793    7.4149922    7.5874189    7.4346686  0.084157546   0.17859424   0.19873747 
     410    108.48937   -23.860814  0.056093407    -23.80472    -1769.697    391.41188    7.2527033    7.4213561    7.2719489  0.082315624   0.17468541   0.19438778 
     420    110.78737    -23.85016  0.057281564   -23.792879   -1876.4109    364.76321    7.0842235    7.2489585    7.1030221  0.080403438   0.17062749   0.18987217 
     430    214.52249   -23.922182   0.11091683   -23.811265   -779.23771    338.60084    6.9106344    7.0713329    6.9289724  0.078433263    0.1664465   0.18521961 
     440    245.88078   -23.981837   0.12713034   -23.854707     1201.296    313.26708    6.7337992    6.8903856    6.7516679  0.076426246   0.16218732   0.18048006 
     450    121.89462   -23.909463  0.063024464   -23.846439    3160.6648    289.14432    6.5563198    6.7087791    6.5737176  0.074411917   0.15791263   0.17572323 
     460    99.699305   -23.925972  0.051548586   -23.874423    2443.2936    266.86386    6.3833966    6.5318348    6.4003355    0.0724493   0.15374768   0.17108853 
     470    119.37326   -23.963029   0.06172082   -23.901308    681.98418    247.23472    6.2228844      6.36759    6.2393973  0.070627542   0.14988165   0.16678646 
     480    132.16689   -23.976907  0.068335646   -23.908572   -1470.2219     231.7815    6.0904329    6.2320586    6.1065944  0.069124265   0.14669148   0.16323648 
     490    118.03392   -23.958071  0.061028328   -23.897043   -3440.4206    222.85161    6.0111907    6.1509736    6.0271419  0.068224894   0.14478289   0.16111262 
     500    120.34606   -23.957831  0.062223796   -23.895607   -5114.9845    220.75125    5.9922459    6.1315883    6.0081469  0.068009878   0.14432659   0.16060486 
     510    71.573725   -23.938977   0.03700652   -23.901971   -3669.9307    223.10086    6.0134309    6.1532659    6.0293881  0.068250319   0.14483685   0.16117266 
     520    35.991768   -23.936658  0.018609205   -23.918049   -2406.8653    231.85343    6.0910629    6.2327031     6.107226  0.069131415   0.14670666   0.16325336 
     530    30.575566   -23.950015  0.015808809   -23.934207   -1788.1193    247.84766    6.2280227    6.3728478    6.2445493   0.07068586   0.15000541   0.16692417 
     540    33.173544   -23.954777  0.017152068   -23.937625   -16.016633    267.38644    6.3875606    6.5360956    6.4045106   0.07249656   0.15384797   0.17120013 
     550    46.073394   -23.963515  0.023821815   -23.939693    1597.6638    288.14548    6.5487616    6.7010451    6.5661393  0.074326134   0.15773059   0.17552066 
     560    65.938602   -23.976496  0.034092933   -23.942403    2614.4146    309.79556    6.7088328    6.8648386    6.7266353  0.076142886   0.16158599    0.1798109 
     570    90.154754   -23.992289  0.046613667   -23.945676    2652.9057    332.14628    6.8664412     7.026112    6.8846619  0.077931686   0.16538208   0.18403514 
     580    102.12779   -23.989902  0.052804214   -23.937098    1903.1187    354.94724     7.020098    7.1833419    7.0387265  0.079675636   0.16908299   0.18815347 
     590    77.817193   -23.962683  0.040234646   -23.922449    1206.6617    377.87784    7.1681274    7.3348135    7.1871487  0.081355718   0.17264836   0.19212097 
     600    49.322536   -23.934906  0.025501752   -23.909404    643.56841    400.61827    7.3091268    7.4790916    7.3285222   0.08295601   0.17604441   0.19590005 
     610    30.688423   -23.912974   0.01586716   -23.897107     353.8372    422.84614    7.4418807    7.6149326    7.4616283   0.08446272   0.17924186   0.19945814 
     620    95.561134   -23.946525  0.049408984   -23.897116    631.90284    444.21697    7.5651979    7.7411173    7.5852728  0.085862327   0.18221202    0.2027633 
     630    154.34868     -23.9786  0.079804533   -23.898795    1148.8044    464.50439    7.6786555    7.8572133    7.6990315  0.087150031   0.18494471    0.2058042 
     640    165.18763   -23.981521  0.085408708   -23.896112    2099.4004    483.49335    7.7818958    7.9628543    7.8025457  0.088321772   0.18743131   0.20857126 
     650    84.434924   -23.904197  0.043656282   -23.860541    2357.8795     501.1681    7.8755891    8.0587264    7.8964877  0.089385158   0.18968797   0.21108244 
     660    91.721341   -23.904683  0.047423656    -23.85726    1134.5958     517.5221    7.9603386    8.1454466    7.9814621  0.090347035   0.19172921   0.21335391 
     670    133.67397   -23.941829  0.069114866   -23.872714   -844.01458    532.45633    8.0361847    8.2230564    8.0575094  0.091207861     0.193556   0.21538674 
     680    160.04483   -23.953732  0.082749673   -23.870983   -3033.4087    545.88836    8.1031993    8.2916293    8.1247018  0.091968453   0.19517009   0.21718287 
     690    104.97216   -23.913504  0.054274868   -23.859229    -4117.877    557.70166    8.1612351    8.3510147    8.1828916  0.092627139   0.19656791   0.21873835 
     700    96.328146   -23.912508   0.04980556   -23.862703   -3865.6781    567.88479    8.2106081    8.4015358    8.2323956  0.093187505   0.19775709   0.22006165 
     710    101.49809   -23.926155  0.052478633   -23.873677   -2666.3485    576.56163    8.2522141    8.4441094    8.2741121  0.093659719   0.19875919   0.22117679 
     720     150.3838   -23.963753  0.077754527   -23.885999   -618.90734    583.87343    8.2869518    8.4796548    8.3089419   0.09405398   0.19959587   0.22210783 
     730     131.9459    -23.95417  0.068221382   -23.885948    1492.8338    590.08996    8.3162586    8.5096431    8.3383265  0.094386601   0.20030174   0.22289331 
     740    109.38918   -23.942393  0.056558643   -23.885834    3132.6784    595.41967    8.3412211    8.5351861    8.3633553  0.094669918   0.20090298   0.22356236 
     750    59.171529   -23.912165  0.030594082   -23.881571    4017.8612    600.06178    8.3628421    8.5573099    8.3850336  0.094915308   0.20142373   0.22414185 
     760    81.634576   -23.933149  0.042208389   -23.890941    3623.9356    604.17432    8.3819036    8.5768146    8.4041457  0.095131649   0.20188284   0.22465274 
     770     94.26049   -23.953993  0.048736498   -23.905257    2285.8176    607.81376    8.3987003    8.5940019     8.420987  0.095322286   0.20228739   0.22510292 
     780     123.4085   -23.978987    0.0638072    -23.91518    607.06663    610.95452    8.4131417    8.6087791    8.4354667   0.09548619   0.20263522   0.22548998 
     790    90.112298   -23.966185  0.046591715   -23.919593   -1155.8813    613.59693    8.4252534    8.6211724    8.4476105  0.095623653   0.20292694    0.2258146 
     800    60.574065   -23.953206   0.03131925   -23.921887   -2443.3969    615.68747    8.4348108    8.6309521    8.4571933  0.095732127   0.20315714   0.22607076 
     810    26.296264   -23.941618  0.013596236   -23.928021   -2965.8458    617.21956    8.4418015    8.6381054    8.4642026  0.095811469   0.20332551   0.22625813 
     820     33.27464   -23.957178  0.017204339   -23.939973   -2826.9088    618.24553    8.4464763    8.6428889    8.4688898  0.095864527   0.20343811   0.22638342 
     830    48.679339    -23.97948  0.025169193   -23.954311   -2093.4232    618.84709     8.449215    8.6456912    8.4716357  0.095895609   0.20350407   0.22645682 
     840     68.41413   -24.001201  0.035372881   -23.965828   -983.88699    619.12141    8.4504632    8.6469685    8.4728873  0.095909777   0.20353413   0.22649028 
     850    69.068045   -24.007258  0.035710982   -23.971547    188.80285    619.15931    8.4506357     8.647145    8.4730602  0.095911734   0.20353829    0.2264949 
     860    55.431771   -23.999852  0.028660475   -23.971191    1270.2685    619.01429    8.4499759    8.6464698    8.4723986  0.095904245   0.20352239   0.22647722 
     870    36.153051   -23.983973  0.018692594    -23.96528    2107.1029    618.72718    8.4486692    8.6451328    8.4710885  0.095889415   0.20349092    0.2264422 
     880    19.100622    -23.96943 0.0098757966   -23.959554    2472.7732    618.33861    8.4469002    8.6433226    8.4693148  0.095869338   0.20344832   0.22639478 
     890    26.673501   -23.971793  0.013791282   -23.958001    2280.5579    617.87001    8.4447659    8.6411387    8.4671748  0.095845114   0.20339691   0.22633758 
     900    34.736454   -23.976506  0.017960156   -23.958546    1574.6944    617.31286    8.4422269    8.6385406     8.464629  0.095816297   0.20333576   0.22626953 
     910    57.145183   -23.989292  0.029546378   -23.959746    461.70686    616.63293    8.4391262    8.6353678    8.4615201  0.095781105   0.20326107   0.22618642 
     920    51.791387   -23.982676  0.026778249   -23.955898   -802.20375    615.76778    8.4351776    8.6313274     8.457561   0.09573629   0.20316597   0.22608059 
     930    49.205002   -23.973478  0.025440983   -23.948037   -1954.4717    614.65565    8.4300963    8.6261279    8.4524663  0.095678619   0.20304358    0.2259444 
     940    32.465286   -23.956487   0.01678587   -23.939702   -2744.5463    613.23005    8.4235738    8.6194538    8.4459265  0.095604591   0.20288649   0.22576959 
     950    49.301001   -23.960069  0.025490618   -23.934579   -2957.4821    611.43124    8.4153293    8.6110176    8.4376601  0.095511019   0.20268791   0.22554862 
     960    71.470118   -23.970863  0.036952951    -23.93391   -2454.4372     609.2152    8.4051503    8.6006019    8.4274541  0.095395491   0.20244275    0.2252758 
     970    108.96947    -23.99473  0.056341639   -23.938389   -1254.3584    606.57919    8.3930101    8.5881793    8.4152816  0.095257703   0.20215034   0.22495041 
     980    92.933521   -23.978664  0.048050401   -23.930614    346.19162    603.58959    8.3791987    8.5740468    8.4014336  0.095100949   0.20181769   0.22458024 
     990    58.444121   -23.941143  0.030217982   -23.910925    1798.6186    600.33238     8.364099     8.558596    8.3862939  0.094929573     0.201454   0.22417554 
    1000    38.274678   -23.917281  0.019789562   -23.897491    2603.4151    596.88571    8.3480614    8.5421855    8.3702137  0.094747552   0.20106773    0.2237457 
    1010     96.51045   -23.961866  0.049899819   -23.911966    2111.5437    593.32818    8.3314431    8.5251807    8.3535513  0.094558941   0.20066747   0.22330029 
    1020    146.65329   -23.988245  0.075825701   -23.912419    671.18087     589.6136    8.3140202    8.5073526    8.3360821  0.094361196   0.20024783   0.22283332 
    1030     95.80103   -23.940149   0.04953302   -23.890616   -606.99675    585.55938    8.2949204    8.4878087    8.3169317   0.09414442    0.1997878    0.2223214 
    1040    40.286706   -23.895802  0.020829862   -23.874972   -1471.3947    581.05004    8.2735727    8.4659646    8.2955273  0.093902132   0.19927363   0.22174924 
    1050    73.525672   -23.913174  0.038015756   -23.875159   -1257.5152    575.91662    8.2491357    8.4409593    8.2710254   0.09362478   0.19868505   0.22109428 
    1060    181.60636   -23.978701  0.093897858   -23.884803    -36.13222     570.2076    8.2217874    8.4129751    8.2436046  0.093314387   0.19802635   0.22036129 
    1070    145.23095   -23.961372  0.075090293   -23.886282    1822.7552    564.04552    8.1920632    8.3825597    8.2138015  0.092977027   0.19731042   0.21956461 
    1080    61.505384   -23.880067  0.031800779   -23.848266     2866.677    557.66066    8.1610351      8.35081    8.1826911  0.092624869   0.19656309   0.21873299 
    1090    126.73431   -23.939901  0.065526781   -23.874374    1656.8761    551.21708    8.1294806    8.3185218    8.1510529  0.092266737   0.19580309   0.21788727 
    1100    204.44453   -23.993759   0.10570612   -23.888052   -900.38237    544.56942    8.0966679    8.2849461    8.1181531  0.091894324   0.19501277   0.21700782 
    1110    119.28677   -23.928536  0.061676099    -23.86686   -3055.1977     537.4845    8.0614016    8.2488597    8.0827932  0.091494064   0.19416337   0.21606261 
    1120    52.373792   -23.884735  0.027079376   -23.857655   -3865.2169    529.78045       8.0227    8.2092581    8.0439889  0.091054815   0.19323122   0.21502532 
    1130    96.933281   -23.921426   0.05011844   -23.871308   -3130.4837    521.39646    7.9801539    8.1657227    8.0013299  0.090571932   0.19220647     0.213885 
    1140    179.16455   -23.985563  0.092635344   -23.892928   -1295.9913    512.47213    7.9343617    8.1188656    7.9554162  0.090052206   0.19110354   0.21265767 
    1150    142.74659   -23.980656  0.073805782    -23.90685    1390.2174    503.13137    7.8858596    8.0692357    7.9067854  0.089501725   0.18993534   0.21135771 
    1160    51.026555   -23.919459  0.026382799   -23.893077    3166.0474    493.62456     7.835875    8.0180887    7.8566681  0.088934417   0.18873143   0.21001802 
    1170    37.822925   -23.927057  0.019555987   -23.907501    3193.2783    484.03926    7.7848236    7.9658502    7.8054812  0.088355001   0.18750183   0.20864973 
    1180    73.213884   -23.973357  0.037854549   -23.935503     2031.899    474.33057    7.7324232    7.9122313    7.7529418  0.087760275   0.18623974   0.20724529 
    1190    99.533414   -24.000393  0.051462814   -23.948931    232.24246    464.43779    7.6782885    7.8568378    7.6986635  0.087145866   0.18493587   0.20579436 
    1200    70.980701   -23.981028  0.036699903   -23.944328   -1477.1331    454.30126    7.6220166    7.7992573    7.6422423  0.086507199   0.18358053   0.20428616 
    1210    43.487415   -23.963459  0.022484758   -23.940975   -2618.8383    443.87458    7.5632537    7.7391279    7.5833234  0.085840261   0.18216519   0.20271119 
    1220    13.907683   -23.944219 0.0071908367   -23.937028   -3057.0103    433.15658    7.5018817    7.6763289    7.5217886  0.085143711   0.18068702   0.20106629 
    1230    34.177607   -23.955615   0.01767121   -23.937944   -2642.6964    422.14237    7.4377497    7.6107055    7.4574864  0.084415835   0.17914236   0.19934742 
    1240    55.078412   -23.969465  0.028477774   -23.940987   -1421.6897    410.85917    7.3708839    7.5422849    7.3904432  0.083656932   0.17753186   0.19755527 
    1250    96.517503    -23.99279  0.049903466   -23.942886    404.81009    399.34716    7.3013883    7.4711732    7.3207631  0.082868181   0.17585802   0.19569264 
    1260    85.133354   -23.986319  0.044017399   -23.942302    2563.1562     387.6481    7.2293812    7.3974917     7.248565  0.082050927   0.17412369    0.1937627 
    1270    80.804331   -23.975123  0.041779118   -23.933344    4454.8001    375.81445    7.1550565    7.3214386     7.174043  0.081207367   0.17233354   0.19177064 
    1280    41.894288   -23.940347  0.021661047   -23.918686    5413.5892    363.89526    7.0786001    7.2432043    7.0973837  0.080339613   0.17049204   0.18972145 
    1290    67.851617   -23.947533  0.035082039   -23.912451    5050.3206    351.90826    7.0000058    7.1627824    7.0185809  0.079447596   0.16859905   0.18761495 
    1300    83.142629   -23.956145  0.042988113   -23.913157    2969.2542    339.87437    6.9192876    7.0801872    6.9376485  0.078531473   0.16665491   0.18545154 
    1310    131.08061   -23.981681  0.067773997   -23.913907   -387.01022    327.76249    6.8360987    6.9950639    6.8542389  0.077587309   0.16465126    0.1832219 
    1320    101.67189   -23.955456  0.052568492   -23.902887   -4046.1436    315.54176    6.7500583    6.9070227    6.7679702  0.076610781   0.16257893   0.18091583 
    1330     83.64213   -23.928048  0.043246375   -23.884802    -7295.365    303.19588    6.6608503    6.8157403    6.6785254  0.075598301    0.1604303   0.17852487 
    1340    51.885402   -23.898301  0.026826858   -23.871474   -8778.8815    290.96463    6.5700495     6.722828    6.5874837  0.074567744   0.15824332   0.17609122 
    1350    81.853401   -23.909072   0.04232153   -23.866751    -7741.065    280.21633    6.4881327    6.6390063    6.5053495  0.073638017    0.1562703   0.17389567 
    1360    106.85925   -23.924837   0.05525057   -23.869586   -5466.9102    273.60817    6.4367247    6.5864029    6.4538051  0.073054554   0.15503211   0.17251783 
    1370     154.4622   -23.962812  0.079863225   -23.882949   -2765.5706    272.92982    6.4314008    6.5809552    6.4484671   0.07299413   0.15490388   0.17237514 
    1380     136.9074   -23.958856   0.07078668   -23.888069    568.24121    277.80684    6.4694827    6.6199227      6.48665  0.073426347   0.15582111   0.17339581 
    1390    117.34085   -23.939878  0.060669981   -23.879208    4261.9756    286.10106    6.5332368    6.6851593    6.5505733  0.074149933   0.15735666   0.17510456 
    1400     66.62192   -23.900543  0.034446236   -23.866097    6680.3274    295.79486    6.6062061    6.7598254    6.6237362  0.074978109   0.15911417   0.17706029 
    1410    111.32289   -23.938658  0.057558449   -23.881099    6512.6301    306.13791    6.6823253    6.8377147    6.7000574  0.075842035   0.16094754   0.17910045 
    1420    143.49394   -23.969454  0.074192189   -23.895262    4585.4997    317.09111    6.7610881     6.918309    6.7790293  0.076735965   0.16284459   0.18121146 
    1430      148.276    -23.96745  0.076664709   -23.890785    1892.1317    328.65856    6.8423228    7.0014327    6.8604795   0.07765795   0.16480117   0.18338872 
    1440    79.838469    -23.93015  0.041279728   -23.888871   -586.66802     340.8246      6.92573    7.0867794     6.944108  0.078604592   0.16681008   0.18562421 
    1450      57.6089   -23.921695  0.029786139   -23.891909    -1610.996    353.54635    7.0108504    7.1738792    7.0294542  0.079570678   0.16886025   0.18790561 
    1460    91.633703   -23.952174  0.047378343   -23.904795   -1691.8585    366.85806    7.0977592     7.262809    7.1165937  0.080557063    0.1709535   0.19023495 
    1470    130.13421   -23.987335  0.067284669    -23.92005   -942.34777    380.83319     7.186766    7.3538856    7.2058367  0.081567259   0.17309728   0.19262052 
    1480     116.0754   -23.989799  0.060015694   -23.929784    693.48166    395.54671    7.2781528    7.4473974     7.297466  0.082604467   0.17529838   0.19506988 
    1490    54.925505   -23.948619  0.028398715    -23.92022    1564.2542    411.16761    7.3727279    7.5441718    7.3922921  0.083677861   0.17757628    0.1976047 
    1500     32.59868   -23.936397   0.01685484   -23.919542    1511.9823    427.79202    7.4707832    7.6445072    7.4906076  0.084790754   0.17993799   0.20023279 
    1510    33.918531   -23.948035  0.017537257   -23.930498    815.07471    445.48474    7.5723879    7.7484746    7.5924819  0.085943931    0.1823852     0.202956 
    1520    65.208299   -23.981104  0.033715337   -23.947389   -366.84303    464.31164    7.6775932    7.8561263    7.6979664  0.087137975   0.18491913   0.20577573 
    1530    65.211196   -23.989866  0.033716835   -23.956149   -1232.5391    484.30132    7.7862282    7.9672875    7.8068896  0.088370943   0.18753566   0.20868738 
    1540     67.06179   -23.995992  0.034673667   -23.961319   -1685.1104    505.54273    7.8984378    8.0821063    7.9193969  0.089644482   0.19023829   0.21169483 
    1550    55.536511   -23.992929   0.02871463   -23.964214   -1781.2369     528.1378    8.0143996    8.2007648    8.0356665  0.090960609    0.1930313   0.21480285 
    1560    47.001993   -23.991555  0.024301938   -23.967253   -1421.0568     552.1813     8.134218    8.3233694    8.1558028  0.092320505   0.19591719   0.21801424 
    1570    41.617946   -23.990946  0.021518167   -23.969428   -742.51027    577.79719    8.2581047    8.4501369    8.2800183  0.093726575   0.19890107   0.22133466 
    1580    30.251255   -23.983411  0.015641126    -23.96777   -21.810633    605.15005    8.3864134    8.5814293    8.4086675  0.095182834   0.20199146   0.22477361 
    1590    23.971449   -23.975583  0.012394212   -23.963189    648.70338    634.39887    8.5194072    8.7175157    8.5420142  0.096692267   0.20519469   0.22833812 
    1600    9.8052292   -23.961308 0.0050697014   -23.956239    1193.8572    665.70762    8.6573123    8.8586276    8.6802853  0.098257441   0.20851621   0.23203427 
    1610     20.12891   -23.958443  0.010407463   -23.948035    1426.3904    699.25584    8.8003635    9.0050052     8.823716  0.099881021   0.21196168   0.23586835 
    1620    33.853328   -23.958705  0.017503544   -23.941202    1290.6356    735.22422     8.948739    9.1568311    8.9724853   0.10156503   0.21553538   0.23984513 
    1630    94.526353   -23.986754   0.04887396    -23.93788    857.16544    773.77103     9.102473    9.3141399    9.1266271   0.10330986   0.21923815   0.24396552 
    1640    117.84042   -23.992126   0.06092828   -23.931198    70.374035    815.03866    9.2614996    9.4768645    9.2860758   0.10511475    0.2230684   0.24822777 
    1650     136.8319   -23.990003  0.070747644   -23.919256   -783.48331    858.99947    9.4251053    9.6442746    9.4501156   0.10697162   0.22700893   0.25261275 
    1660    80.394189   -23.950779  0.041567058   -23.909212   -1151.3899    905.50094    9.5921997    9.8152546    9.6176534   0.10886808   0.23103349   0.25709123 
    1670    71.489326   -23.937561  0.036962882   -23.900598   -1150.1569    954.53895     9.762322    9.9893329    9.7882271   0.11079891   0.23513098   0.26165087 
    1680    65.899972   -23.933096   0.03407296   -23.899023   -859.24125    1006.0719    9.9349324    10.165957    9.9612956   0.11275798    0.2392884   0.26627719 
    1690    125.04594   -23.965784  0.064653825    -23.90113   -191.77784    1060.0529    10.109533    10.344618    10.136359   0.11473963   0.24349375   0.27095686 
    1700    123.12051    -23.96597  0.063658298   -23.902312    571.89744    1116.5476    10.286027    10.525216    10.313322   0.11674278   0.24774471   0.27568727 
    1710    100.44216   -23.941833  0.051932671   -23.889901    1147.8104    1175.7041    10.464567    10.707907    10.492335   0.11876914   0.25204494   0.28047251 
    1720     55.31817   -23.895278  0.028601739   -23.866677    1309.1827    1237.6136    10.645113    10.892652    10.673361   0.12081828    0.2563935   0.28531153 
    1730    86.821782   -23.916189  0.044890385   -23.871299    872.90933    1302.3162     10.82748     11.07926    10.856212   0.12288808   0.26078591   0.29019936 
    1740     154.3949   -23.965508  0.079828429   -23.885679     104.7467    1369.5437    11.010673    11.266713    11.039891   0.12496726   0.26519822   0.29510932 
    1750    168.15686   -23.974004  0.086943919    -23.88706   -726.70737    1438.8887    11.193459    11.453749    11.223162   0.12704181   0.26960072   0.30000837 
    1760    143.72244   -23.948979  0.074310336   -23.874668   -1335.8666    1509.7961    11.374387    11.638885     11.40457   0.12909528   0.27395848   0.30485763 
    1770    87.929317    -23.91584  0.045463025   -23.870377   -1506.5709    1581.5495    11.551796    11.820419     11.58245   0.13110881   0.27823146   0.30961255 
    1780    100.15423   -23.927411  0.051783802   -23.875627   -1312.5918    1653.6828    11.724815    11.997461    11.755927   0.13307251   0.28239872   0.31424982 
    1790    113.68614   -23.946859  0.058780347   -23.888079    -839.7347    1725.7822    11.892794    12.169347    11.924353   0.13497902    0.2864446   0.31875203 
    1800    153.18873   -23.978482  0.079204789   -23.899277    -196.2102    1797.5776    12.055479    12.335814    12.087469   0.13682543   0.29036295   0.32311232 
    1810    124.60667   -23.963103  0.064426705   -23.898677    450.26193    1868.8995    12.212856    12.496851    12.245264    0.1386116   0.29415346   0.32733036 
    1820    93.946991   -23.942045  0.048574407    -23.89347    907.53851    1939.6424    12.365048    12.652582    12.397859   0.14033893   0.29781909   0.33140942 
    1830    59.364467   -23.922572  0.030693838   -23.891878      1107.22    2009.6818    12.512123    12.803077    12.545325   0.14200818   0.30136148   0.33535135 
    1840    66.154534   -23.932983  0.034204579   -23.898779    1029.3929    2078.8061    12.653963    12.948216    12.687542   0.14361802   0.30477778   0.33915297 
    1850    89.447557     -23.9612  0.046248017   -23.914952    687.32877    2146.7036    12.790257    13.087679    12.824197   0.14516491   0.30806049   0.34280593 
    1860    104.77595   -23.978655  0.054173416   -23.924481    243.34001    2212.8299     12.92026    13.220705    12.954545   0.14664039   0.31119169   0.34629028 
    1870    93.131598   -23.976246  0.048152816   -23.928094   -157.84876     2276.616     13.04323    13.346535    13.077842   0.14803606    0.3141535   0.34958615 
    1880    59.703697   -23.960105  0.030869234   -23.929236   -479.86675    2337.6638    13.158789    13.464781    13.193707   0.14934761   0.31693679   0.35268337 
    1890    32.977923   -23.946589  0.017050925   -23.929538   -663.14698    2395.5927    13.266598    13.575097    13.301802   0.15057121   0.31953343   0.35557287 
    1900    23.204578   -23.945591  0.011997709   -23.933593   -663.57316    2450.0765    13.366421    13.677241     13.40189   0.15170416   0.32193772   0.35824833 
    1910    47.610687   -23.965935  0.024616657   -23.941318   -523.30131    2501.0341    13.458452    13.771412    13.494165   0.15274868   0.32415435   0.36071497 
    1920    67.929184   -23.984073  0.035122145   -23.948951   -283.62299    2548.5047    13.543068    13.857996    13.579006   0.15370904   0.32619237   0.36298285 
    1930    91.971176   -24.002282   0.04755283   -23.954729    31.048679    2592.5695    13.620678     13.93741    13.656821   0.15458989   0.32806164   0.36506296 
    1940    77.124372   -23.992811   0.03987643   -23.952934    336.19889    2633.5065    13.691994    14.010385    13.728327    0.1553993   0.32977934   0.36697439 
    1950    69.189839   -23.981154  0.035773955    -23.94538    558.46607    2671.5736    13.757651    14.077568    13.794158   0.15614449   0.33136072   0.36873413 
    1960    45.536303   -23.955931  0.023544117   -23.932387    685.02094    2706.8899    13.818008    14.139329    13.854675   0.15682952   0.33281445   0.37035183 
    1970    61.686475   -23.951609  0.031894411   -23.919714    673.55741     2739.599    13.873443    14.196053    13.910257   0.15745868   0.33414962   0.37183759 
    1980    79.915805   -23.950616  0.041319714   -23.909296     476.2769    2769.8914    13.924389    14.248184    13.961339   0.15803691   0.33537671   0.37320307 
    1990     118.2774    -23.95813  0.061154218   -23.896976     155.3804    2797.6095    13.970682    14.295553    14.007754   0.15856231   0.33649169   0.37444382 
    2000    109.46171   -23.940215  0.056596148   -23.883619   -214.98964    2822.3956     14.01182    14.337647    14.049001   0.15902921   0.33748251   0.37554639 
    2010    101.73829   -23.920504  0.052602825   -23.867901    -578.6986    2843.8064    14.047162    14.373812    14.084437   0.15943033   0.33833375   0.37649364 
    2020    79.611475   -23.897453  0.041162363   -23.856291   -776.30532     2861.228    14.075789    14.403104     14.11314   0.15975523   0.33902324   0.37726089 
    2030    132.19868   -23.926275   0.06835208   -23.857923   -748.71917      2874.52    14.097551    14.425373    14.134961   0.16000224   0.33954741   0.37784418 
    2040    183.74641   -23.962459   0.09500435   -23.867454   -557.05658    2883.9522    14.112954    14.441134    14.150404   0.16017705   0.33991839   0.37825701 
    2050    201.05279   -23.984077   0.10395245   -23.880124   -173.24303    2889.7038     14.12233    14.450727    14.159805   0.16028346   0.34014421    0.3785083 
    2060    144.33905   -23.942004  0.074629144   -23.867375    269.34705    2892.5292    14.126931    14.455436    14.164418   0.16033568   0.34025503   0.37863162 
    2070    80.657227   -23.898792  0.041703059   -23.857089    488.79634    2893.6684    14.128785    14.457333    14.166277   0.16035673    0.3402997   0.37868132 
    2080     100.9266   -23.919392  0.052183148   -23.867209    485.37811    2893.4411    14.128415    14.456955    14.165906   0.16035253   0.34029079   0.37867141 
    2090    107.19433   -23.941579  0.055423818   -23.886155    267.75831    2891.8943    14.125897    14.454378    14.163382   0.16032395   0.34023014   0.37860391 
    2100    128.75217   -23.957937  0.066570096   -23.891367   -55.851254    2888.6886    14.120676    14.449035    14.158146   0.16026469   0.34010438   0.37846397 
    2110    77.176346   -23.935037  0.039903303   -23.895134   -318.65472     2883.324    14.111929    14.440085    14.149377   0.16016542   0.33989371   0.37822954 
    2120    73.865704   -23.940688  0.038191566   -23.902496   -484.73959    2875.7132    14.099502    14.427369    14.136916   0.16002437   0.33959438   0.37789645 
    2130    50.738743   -23.936221  0.026233989   -23.909987   -542.40577    2865.9379    14.083508    14.411002    14.120879   0.15984284   0.33920916   0.37746778 
    2140    94.927485   -23.971313  0.049081362   -23.922232   -458.20902    2854.0148     14.06395     14.39099     14.10127   0.15962087    0.3387381    0.3769436 
    2150    98.093635   -23.982506   0.05071839   -23.931788   -265.59621    2840.2872    14.041365     14.36788    14.078625   0.15936454   0.33819413   0.37633827 
    2160    127.17634   -24.005091  0.065755328   -23.939336   -18.792365    2825.0767    14.016255    14.342186    14.053448   0.15907955   0.33758934   0.37566527 
    2170    93.654586   -23.988188  0.048423221   -23.939765    242.08162    2808.7161    13.989146    14.314446    14.026267   0.15877187    0.3369364   0.37493868 
    2180    79.707547    -23.97493  0.041212037   -23.933718    453.12645     2791.506    13.960515     14.28515     13.99756   0.15844692    0.3362468   0.37417131 
    2190    34.807723   -23.943732  0.017997006   -23.925735    555.39105    2773.7246     13.93081    14.254754    13.967776   0.15810977   0.33553134   0.37337515 
    2200    37.919276   -23.942202  0.019605804   -23.922596    544.91988    2755.3909    13.900048    14.223277    13.936933   0.15776065   0.33479044   0.37255069 
    2210    29.545436   -23.938415  0.015276189   -23.923139    417.59786     2736.529    13.868258    14.190748    13.905059   0.15739984   0.33402476   0.37169865 
    2220    62.633208   -23.956772   0.03238391   -23.924388     198.8809    2716.9803    13.835156    14.156876    13.871869   0.15702414   0.33322748   0.37081144 
    2230    79.260158   -23.960936  0.040980718   -23.919956   -57.986608    2696.5534    13.800397    14.121309    13.837018   0.15662964   0.33239028   0.36987982 
    2240    127.56365   -23.974344  0.065955583   -23.908388   -311.52608    2674.9915    13.763516    14.083569    13.800038   0.15621105   0.33150197   0.36889132 
    2250     158.6021   -23.969872  0.082003721   -23.887868   -522.36568    2652.0396    13.724038    14.043174    13.760456   0.15576299   0.33055113   0.36783323 
    2260    173.20715   -23.963881  0.089555126   -23.874326   -527.74789    2627.0529    13.680801    13.998931    13.717104   0.15527226   0.32950973   0.36667438 
    2270    93.513684   -23.883636  0.048350369   -23.835286   -366.65828    2600.3155    13.634229    13.951277    13.670409   0.15474369   0.32838804   0.36542617 
    2280     59.72589   -23.846074  0.030880709   -23.815193   -329.75297    2572.5014    13.585442    13.901355    13.621492   0.15418998   0.32721297   0.36411857 
    2290     146.8995   -23.907564  0.075953004   -23.831611   -366.22232    2543.7095    13.534569    13.849298    13.570484   0.15361258   0.32598765   0.36275505 
    2300    231.91148   -23.970086   0.11990765   -23.850178   -558.75246    2514.0657    13.481787    13.795289    13.517562   0.15301352   0.32471637   0.36134038 
    2310    196.96279   -23.947441   0.10183775   -23.845603   -495.32102    2482.6639     13.42542    13.737612    13.461046   0.15237378   0.32335875   0.35982964 
    2320    136.58799   -23.920373  0.070621531   -23.849752   -148.79008     2449.306    13.365019    13.675807    13.400485   0.15168826   0.32190397   0.35821078 
    2330    115.50486   -23.915985  0.059720698   -23.856265    220.59767    2414.6044    13.301601    13.610913    13.336898   0.15096847   0.32037649   0.35651102 
    2340    113.62375   -23.924693  0.058748089   -23.865945    628.16967    2378.9479    13.235801    13.543583    13.270923   0.15022167   0.31879167   0.35474744 
    2350    100.16145   -23.929295  0.051787533   -23.877508    919.17244    2342.9698    13.168738    13.474961    13.203682   0.14946053   0.31717641   0.35295001 
    2360    93.883183   -23.943603  0.048541416   -23.895061     965.7422    2306.9751    13.100953    13.405599    13.135717   0.14869119   0.31554377   0.35113323 
    2370    101.89104   -23.963818  0.052681805   -23.911137    842.92487    2270.8837    13.032274    13.335324    13.066856   0.14791171   0.31388961    0.3492925 
    2380     118.4986   -23.983073  0.061268583   -23.921805    542.40055    2234.7547    12.962791    13.264225    12.997189   0.14712311   0.31221608   0.34743022 
    2390    116.14497   -23.985564  0.060051665   -23.925513     97.52823    2198.5134    12.892336    13.192132    12.926547   0.14632347   0.31051912   0.34554186 
    2400    91.955339   -23.970412  0.047544642   -23.922868   -335.93121    2161.8465    12.820261     13.11838     12.85428   0.14550544   0.30878315   0.34361009 
    2410    53.434128   -23.944242  0.027627613   -23.916614   -682.67845    2124.5632    12.746133    13.042529    12.779956   0.14466412   0.30699775   0.34162332 
    2420    29.302829   -23.926524  0.015150752   -23.911373   -895.26793    2086.5772    12.669712     12.96433    12.703332   0.14379676   0.30515709   0.33957506 
    2430    32.682898   -23.928424  0.016898384   -23.911526   -905.78606     2047.833    12.590803    12.883587    12.624214   0.14290117   0.30325653   0.33746013 
    2440    69.045404   -23.951055  0.035699276   -23.915356   -706.47675    2008.4034     12.50947    12.800362    12.542665   0.14197807   0.30129757   0.33528023 
    2450    102.60875   -23.974719  0.053052888   -23.921666   -333.57446    1968.4054    12.425869    12.714817    12.458842   0.14102923     0.299284   0.33303955 
    2460    115.74741   -23.983781   0.05984611   -23.923935    174.27415    1928.0012    12.340261    12.627219    12.373007   0.14005761   0.29722209   0.33074508 
    2470     82.90243   -23.954651   0.04286392   -23.911787     666.9524    1887.5342    12.253313    12.538249    12.285828   0.13907078   0.29512789   0.32841469 
    2480    65.821824   -23.932206  0.034032554   -23.898174    995.25921    1847.2462    12.165506      12.4484    12.197788    0.1380742   0.29301301   0.32606128 
    2490    65.040415   -23.926104  0.033628534   -23.892475    1034.3831    1807.3001    12.077174    12.358014    12.109222   0.13707167    0.2908855    0.3236938 
    2500    147.55063   -23.979943  0.076289664   -23.903654    687.80376    1767.7074     11.98833    12.267105    12.020142   0.13606332   0.28874564    0.3213126 
    2510    187.20423   -23.993408  0.096792186   -23.896616    51.057122    1728.3105    11.898599    12.175287    11.930173    0.1350449   0.28658441   0.31890761 
    2520    195.17628    -23.96171   0.10091406   -23.860796   -682.86956    1688.7793    11.807181    12.081742    11.838512   0.13400734   0.28438255    0.3164574 
    2530    85.900398   -23.862793  0.044413992   -23.818379   -1270.1047    1648.6824    11.712985    11.985356    11.744066   0.13293824   0.28211379   0.31393275 
    2540    122.16557   -23.854653  0.063164559   -23.791489   -1394.8182    1607.4758    11.614577     11.88466    11.645397   0.13182135   0.27974358   0.31129522 
    2550    185.48882   -23.881328  0.095905249   -23.785423   -970.50384    1565.1042    11.511617    11.779305    11.542164   0.13065279   0.27726373   0.30853567 
    2560    283.74822   -23.957415   0.14670934   -23.810706    83.104849    1521.8088    11.404474    11.669671    11.434737   0.12943676   0.27468314   0.30566402 
    2570    155.00965   -23.867947  0.080146281     -23.7878    1158.8945    1478.5907    11.295477    11.558139     11.32545   0.12819968   0.27205788   0.30274266 
    2580    163.06778   -23.878551  0.084312661   -23.794239    1708.9714    1436.0318    11.186046    11.446164    11.215729   0.12695767   0.26942217   0.29980968 
    2590    179.65957   -23.935723  0.092891291   -23.842832    1596.3336    1394.3349    11.076714     11.33429    11.106107    0.1257168   0.26678885   0.29687935 
    2600    213.70555   -23.962357   0.11049444   -23.851863    1009.0891    1353.3446    10.967089    11.222116    10.996191   0.12447259   0.26414848   0.29394118 
    2610    115.99283   -23.910456  0.059973002   -23.850483    441.62937    1312.6415     10.85602    11.108463    10.884827   0.12321199   0.26147331   0.29096428 
    2620    81.538668   -23.894272    0.0421588   -23.852114   -154.47846    1272.1901    10.743338    10.993161    10.771846    0.1219331   0.25875931   0.28794417 
    2630    117.39597   -23.927814   0.06069848   -23.867116   -475.49054    1231.8177    10.628469    10.875621    10.656673   0.12062938   0.25599263   0.28486545 
    2640    180.21235   -23.977503    0.0931771   -23.884326    -465.4828    1191.6829    10.511761    10.756199    10.539655   0.11930478   0.25318165   0.28173742 
    2650    161.76419    -23.98106  0.083638649   -23.897421   -220.92887    1152.0401    10.393882    10.635579    10.421463   0.11796689   0.25034245     0.278578 
    2660    66.212065   -23.911279  0.034234325   -23.877045    106.08543    1113.1078    10.275453    10.514396     10.30272   0.11662277   0.24749004   0.27540387 
    2670    55.901244   -23.910934  0.028903212    -23.88203   -143.00117    1075.1842    10.157407    10.393605    10.184361   0.11528299   0.24464684   0.27223999 
    2680     87.82524   -23.946364  0.045409213   -23.900954   -741.74908    1038.1744    10.039498    10.272955    10.066139   0.11394477   0.24180693   0.26907978 
    2690    120.53339    -23.97458  0.062320654   -23.912259   -1310.3817    1001.9477    9.9213383    10.152047    9.9476654   0.11260369   0.23896098   0.26591284 
    2700    112.02362   -23.968527  0.057920759   -23.910606   -1707.1301    966.46663    9.8028163    10.030769    9.8288289   0.11125851   0.23610631    0.2627362 
    2710    100.60498   -23.964224  0.052016858   -23.912207   -1593.6026    931.64396    9.6836385    9.9088197    9.7093348   0.10990588   0.23323585   0.25954198 
    2720     94.83958    -23.96581  0.049035911   -23.916774   -974.24224    897.55809    9.5640704    9.7864713    9.5894495   0.10854883   0.23035599   0.25633731 
    2730    87.508692   -23.962554  0.045245545   -23.917309   -118.96867    864.37332    9.4447187    9.6643442    9.4697811   0.10719423   0.22748133   0.25313843 
    2740    76.490551   -23.954426  0.039548719   -23.914878    868.15486    832.19726    9.3260414    9.5429071    9.3507888   0.10584728   0.22462292   0.24995763 
    2750    48.777441   -23.935974  0.025219916   -23.910754    1785.2415    801.14534    9.2085732    9.4227074     9.233009   0.10451406   0.22179364   0.24680923 
    2760    49.552141   -23.935817  0.025620468   -23.910197    2283.9359    771.30718    9.0928013    9.3042434    9.1169298   0.10320009    0.2190052    0.2437063 
    2770    56.518648   -23.948049  0.029222434   -23.918826    2255.1088    742.68777    8.9789179    9.1877117    9.0027442   0.10190755   0.21626226   0.24065398 
    2780    104.07746    -23.98524  0.053812272   -23.931427    1728.0139    715.26825     8.867031     9.073223    8.8905604   0.10063767    0.2135674   0.23765518 
    2790    117.27602   -23.997268  0.060636463   -23.936631    664.95806    689.03287    8.7572663    8.9609059    8.7805044  0.099391883   0.21092366   0.23471325 
    2800    136.59339   -24.001942  0.070624328   -23.931317   -725.01018    663.89748    8.6494584    8.8505911    8.6724105  0.098168302   0.20832704   0.23182377 
    2810    96.068482   -23.965016  0.049671304   -23.915345   -1969.9729    639.73663    8.5432342    8.7418968    8.5659045  0.096962695   0.20576858   0.22897674 
    2820    74.219517    -23.93421  0.038374502   -23.895835   -2905.3428    616.48545    8.4384533    8.6346793    8.4608455  0.095773469   0.20324487   0.22616839 
    2830    46.213453   -23.898914  0.023894231   -23.875019   -3391.9638    594.09441     8.335028     8.528849    8.3571458  0.094599628   0.20075381   0.22339637 
    2840     79.97611   -23.901036  0.041350894   -23.859685   -3016.8395    572.48759    8.2327312    8.4241734    8.2545775  0.093438595   0.19828994    0.2206546 
    2850    126.32709   -23.912995   0.06531623   -23.847679   -1710.7438    551.64425    8.1315801    8.3206701    8.1531579  0.092290565   0.19585365   0.21794354 
    2860    189.64928   -23.944048  0.098056376   -23.845991    81.430392    531.62821    8.0320163    8.2187911      8.05333  0.091160552   0.19345561   0.21527502 
    2870    205.53847   -23.949552   0.10627173    -23.84328    2305.5788    512.47374      7.93437    8.1188742    7.9554245  0.090052301   0.19110374   0.21265789 
    2880    161.97522   -23.913405   0.08374776   -23.829657    4021.6018    494.29947    7.8394445    8.0217413    7.8602471   0.08897493   0.18881741   0.21011369 
    2890    171.40968    -23.91724  0.088625763   -23.828615    4140.7541    477.17182    7.7478316     7.927998    7.7683911  0.087935156   0.18661086   0.20765827 
    2900    169.08172   -23.929933  0.087422109   -23.842511    2979.9822     461.0367    7.6594998    7.8376122     7.679825  0.086932621   0.18448334   0.20529079 
    2910    208.15746   -23.971981   0.10762585   -23.864356    640.98103      445.807    7.5742134    7.7503426    7.5943123  0.085964651   0.18242917   0.20300493 
    2920    124.04842   -23.922395  0.064138066   -23.858257   -1646.3657    431.35111    7.4914442    7.6656486    7.5113234  0.085025249   0.18043562   0.20078654 
    2930    79.920203   -23.904075  0.041321988   -23.862753   -2994.9374    417.54843    7.4106709     7.582997    7.4303357    0.0841085   0.17849015   0.19862165 
    2940    38.154652   -23.892445  0.019727504   -23.872718   -3314.4857    404.38446    7.3319596    7.5024554    7.3514155  0.083215154   0.17659435   0.19651202 
    2950    79.390682   -23.929046  0.041048204   -23.887998   -2506.3413     391.8456    7.2553812    7.4240963     7.274634  0.082346017   0.17474991   0.19445956 
    2960    97.366192   -23.954477  0.050342272   -23.904135   -935.48654     379.9478    7.1811923    7.3481822    7.2002482  0.081503999   0.17296303   0.19247113 
    2970    135.11098   -23.986389  0.069857859   -23.916531    1047.1784    368.69272    7.1095716     7.274896    7.1284374  0.080691129   0.17123801   0.19055155 
    2980     117.3981   -23.982275  0.060699583   -23.921576    3020.6942    358.08278    7.0407089     7.204432     7.059392  0.079909562   0.16957941   0.18870588 
    2990    112.88504   -23.979179  0.058366146   -23.920813    4346.9052    348.11138    6.9747393    7.1369284    6.9932474  0.079160831    0.1679905   0.18693776 
    3000    80.879732   -23.957098  0.041818104    -23.91528    4642.7501    338.75489    6.9116823    7.0724051     6.930023  0.078445156   0.16647173    0.1852477 
Loop time of 36.327 on 1 procs for 3000 steps with 5 atoms

Performance: 14.270 ns/day, 1.682 hours/ns, 82.583 timesteps/s
287.3% CPU use with 1 MPI tasks x no OpenMP threads

MPI task timing breakdown:
Section |  min time  |  avg time  |  max time  |%varavg| %total
---------------------------------------------------------------
Pair    | 35.894     | 35.894     | 35.894     |   0.0 | 98.81
Neigh   | 0.0017023  | 0.0017023  | 0.0017023  |   0.0 |  0.00
Comm    | 0.011388   | 0.011388   | 0.011388   |   0.0 |  0.03
Output  | 0.37582    | 0.37582    | 0.37582    |   0.0 |  1.03
Modify  | 0.035783   | 0.035783   | 0.035783   |   0.0 |  0.10
Other   |            | 0.008727   |            |       |  0.02

Nlocal:    5 ave 5 max 5 min
Histogram: 1 0 0 0 0 0 0 0 0 0
Nghost:    130 ave 130 max 130 min
Histogram: 1 0 0 0 0 0 0 0 0 0
Neighs:    0 ave 0 max 0 min
Histogram: 1 0 0 0 0 0 0 0 0 0

Total # of neighbors = 0
Ave neighs/atom = 0
Neighbor list builds = 130
Dangerous builds = 0
Total wall time: 0:00:39
