2019-06-24 13:55:36.739215: I tensorflow/core/platform/cpu_feature_guard.cc:140] Your CPU supports instructions that this TensorFlow binary was not compiled to use: AVX512F
2019-06-24 13:55:38.786331: E tensorflow/stream_executor/cuda/cuda_driver.cc:406] failed call to cuInit: CUDA_ERROR_NO_DEVICE
2019-06-24 13:55:38.786411: I tensorflow/stream_executor/cuda/cuda_diagnostics.cc:158] retrieving CUDA diagnostic information for host: SR760-GPU-7
2019-06-24 13:55:38.786423: I tensorflow/stream_executor/cuda/cuda_diagnostics.cc:165] hostname: SR760-GPU-7
2019-06-24 13:55:38.786506: I tensorflow/stream_executor/cuda/cuda_diagnostics.cc:189] libcuda reported version is: 410.48.0
2019-06-24 13:55:38.786584: I tensorflow/stream_executor/cuda/cuda_diagnostics.cc:193] kernel reported version is: 410.48.0
2019-06-24 13:55:38.786596: I tensorflow/stream_executor/cuda/cuda_diagnostics.cc:300] kernel version seems to match DSO: 410.48.0
Info of lammps module:
  use deepmd-kit at:  /sharedext4/local/deepmd-kit-0.12.4
  source:             v0.12.4-1-ge3cd911-dirty
  source branch:      master
  source commit:      e3cd911
  source commit at:   2019-02-07 10:22:13 +0800
  build float prec:   double
  build with tf inc:  /sharedext4/local/tensorflow/r1.8.gpu.cc/include
  build with tf lib:  /sharedext4/local/tensorflow/r1.8.gpu.cc/lib/libtensorflow_cc.so;/sharedext4/local/tensorflow/r1.8.gpu.cc/lib/libtensorflow_framework.so
  >>> Info of model(s):
  using   4 model(s): ../graph.002.pb ../graph.003.pb ../graph.000.pb ../graph.001.pb 
  rcut in model:      5
  ntypes in model:    2
Neighbor list info ...
  update every 1 steps, delay 10 steps, check yes
  max neighbors/atom: 2000, page size: 100000
  master list distance cutoff = 6
  ghost atom cutoff = 6
  binsize = 3, bins = 4 4 4
  1 neighbor lists, perpetual/occasional/extra = 1 0 0
  (1) pair deepmd, perpetual
      attributes: , newton on
      pair build: full/bin/atomonly
      stencil: full/bin/3d
      bin: standard
Setting up Verlet run ...
  Unit style    : metal
  Current step  : 0
  Time step     : 0.002
Per MPI rank memory allocation (min/avg/max) = 3.949 | 3.949 | 3.949 Mbytes
Step Temp PotEng KinEng TotEng Press Volume Lx Ly Lz Xy Xz Yz 
       0          100    -23.98584  0.051704058   -23.934136    300.09396    991.70749     9.851596    10.279487    9.7927704    0.1837239    0.0602076   -0.0472551 
      10    91.863355   -23.980304  0.047497083   -23.932807    6.2671751    994.05153    9.8593517    10.287579    9.8004798   0.18386854  0.060254999 -0.047292302 
      20    86.852949   -23.974556  0.044906499    -23.92965   -220.74584    996.33592    9.8668984    10.295454    9.8079815   0.18400928   0.06030112 -0.047328501 
      30    83.984853   -23.969938  0.043423577   -23.926515   -366.80704    998.51094    9.8740731     10.30294    9.8151133   0.18414308  0.060344968 -0.047362916 
      40    75.546173   -23.963543  0.039060437   -23.924482   -453.83659    1000.5911    9.8809252     10.31009    9.8219245   0.18427087  0.060386844 -0.047395783 
      50     88.77973   -23.968966  0.045902723   -23.923064   -364.87929      1002.58    9.8874678    10.316917     9.828428   0.18439288  0.060426829 -0.047427166 
      60    87.835417   -23.967523  0.045414475   -23.922108   -157.36118    1004.4982    9.8937693    10.323492    9.8346919    0.1845104  0.060465341 -0.047457393 
      70    115.06876   -23.981459  0.059495219   -23.921964    46.986454     1006.371    9.8999142    10.329904    9.8408001   0.18462499  0.060502895 -0.047486868 
      80    110.97959   -23.975314  0.057380951   -23.917933    343.48808    1008.2083    9.9059353    10.336186    9.8467852   0.18473728  0.060539692 -0.047515749 
      90    145.00122   -23.986939  0.074971512   -23.911968    602.49654    1010.1339    9.9122376    10.342762    9.8530499   0.18485482  0.060578209 -0.047545979 
     100    139.88153   -23.972742  0.072324427   -23.900418    635.02999    1012.2656    9.9192055    10.350033    9.8599762   0.18498476  0.060620793 -0.047579402 
     110    165.04346   -23.974032  0.085334167   -23.888698    551.63414    1014.5785    9.9267543    10.357909      9.86748   0.18512554  0.060666927 -0.047615612 
     120    166.55794   -23.965211  0.086117215   -23.879093    398.44861    1017.1314    9.9350734     10.36659    9.8757494   0.18528068  0.060717769 -0.047655516 
     130     176.2848   -23.962688  0.091146395   -23.871541    72.305178    1020.0447    9.9445498    10.376478    9.8851692   0.18545741  0.060775683 -0.047700971 
     140    169.32605   -23.957256  0.087548442   -23.869708   -303.99636    1023.3099    9.9551496    10.387538    9.8957057   0.18565509  0.060840463 -0.047751815 
     150    169.71572   -23.960219  0.087749913   -23.872469   -520.36706    1026.7924    9.9664298    10.399308    9.9069185   0.18586545  0.060909402 -0.047805923 
     160    157.97169   -23.964522  0.081677774   -23.882844   -569.67012    1030.5001    9.9784116     10.41181    9.9188288    0.1860889  0.060982628 -0.047863396 
     170    151.81523   -23.976456  0.078494633   -23.897961   -483.37214    1034.4407    9.9911143    10.425065    9.9314556    0.1863258   0.06106026 -0.047924327 
     180    125.86864   -23.979383  0.065079193   -23.914303   -279.17861    1038.5593    10.004357    10.438882    9.9446188   0.18657275  0.061141189 -0.047987846 
     190    102.54544   -23.981703  0.053020152   -23.928682    6.3235753    1042.7911    10.017926    10.453041    9.9581077   0.18682582  0.061224121 -0.048052936 
     200    77.461402   -23.975369  0.040050688   -23.935318    238.57271    1047.1844    10.031975    10.467701    9.9720727   0.18708782   0.06130998 -0.048120325 
     210    60.772792   -23.971111  0.031421999   -23.939689    342.68808    1051.7727    10.046606    10.482967    9.9866158   0.18736067  0.061399394 -0.048190503 
     220    52.407665   -23.970488   0.02709689   -23.943391    337.76762    1056.5332     10.06174    10.498759     10.00166   0.18764292  0.061491889 -0.048263099 
     230    47.880852   -23.970552  0.024756344   -23.945795    230.25986    1061.4437    10.077305    10.514999    10.017131   0.18793317  0.061587008 -0.048337755 
     240    60.812451   -23.980763  0.031442505    -23.94932    62.462126    1066.5083    10.093307    10.531696    10.033038    0.1882316  0.061684806 -0.048414514 
     250    63.806891   -23.984558  0.032990752   -23.951567   -125.33922     1071.746    10.109803    10.548908    10.049435   0.18853924  0.061785619 -0.048493639 
     260    78.308268    -23.99325  0.040488552   -23.952761   -343.81972    1077.1698    10.126828    10.566673    10.066359   0.18885675   0.06188967 -0.048575305 
     270    83.975054   -23.996321   0.04341851   -23.952903   -480.44928     1082.735    10.144238     10.58484    10.083665   0.18918143  0.061996072 -0.048658817 
     280     100.0717   -24.003144  0.051741131   -23.951402   -474.13337    1088.4543    10.162069    10.603444    10.101389   0.18951395  0.062105041 -0.048744343 
     290    97.930111   -23.997767  0.050633841   -23.947133   -416.05759    1094.4302    10.180632    10.622814    10.119842   0.18986015  0.062218491 -0.048833387 
     300    106.54925   -23.996195  0.055090288   -23.941105   -276.91381    1100.7079    10.200061    10.643086    10.139154   0.19022247  0.062337226 -0.048926578 
     310    95.735928   -23.979724   0.04949936   -23.930225    5.2421637    1107.3158    10.220431    10.664342    10.159403   0.19060237  0.062461722 -0.049024291 
     320    92.033097   -23.964802  0.047584846   -23.917217    244.95027    1114.4145    10.242225    10.687082    10.181067    0.1910088  0.062594911 -0.049128828 
     330    82.553585   -23.946808  0.042683554   -23.904125    378.47538    1122.1884    10.265986    10.711875    10.204686   0.19145192  0.062740124 -0.049242801 
     340    92.173987   -23.942381  0.047657692   -23.894723    436.02858    1130.7594    10.292056    10.739077      10.2306    0.1919381  0.062899451 -0.049367851 
     350    117.48087   -23.953463  0.060742375   -23.892721    280.91457    1140.2924    10.320898    10.769172     10.25927   0.19247598  0.063075716 -0.049506196 
     360    141.80476    -23.96599  0.073318815   -23.892671    34.383029    1150.8671    10.352704    10.802359    10.290886   0.19306913  0.063270097  -0.04965876 
     370    161.43374   -23.977855  0.083467793   -23.894387    -237.5706    1162.6426    10.387893    10.839077    10.325865   0.19372539  0.063485157 -0.049827554 
     380    162.58232   -23.977906  0.084061657   -23.893845   -481.51363     1175.723    10.426705    10.879574    10.364445   0.19444919  0.063722351  -0.05001372 
     390    152.60589   -23.977152  0.078903438   -23.898249   -516.91564    1190.1063    10.469051     10.92376    10.406538   0.19523891  0.063981149 -0.050216843 
     400    138.00838   -23.979079  0.071355934   -23.907723   -422.91611    1205.9312    10.515249    10.971965    10.452461   0.19610047  0.064263488 -0.050438442 
     410     111.6498   -23.978491  0.057727475   -23.920763   -227.12812    1223.3468    10.565627     11.02453    10.502537   0.19703997  0.064571368 -0.050680087 
     420    82.559891   -23.981252  0.042686814   -23.938565    57.447092    1242.4419    10.620316    11.081595      10.5569   0.19805987  0.064905596 -0.050942413 
     430    59.035998   -23.984443  0.030524007   -23.953919     254.8416    1263.3646      10.6796    11.143453     10.61583   0.19916546  0.065267907  -0.05122678 
     440     44.06234   -23.985339  0.022782018   -23.962557    356.96592    1286.2233    10.743625     11.21026    10.679473   0.20035949  0.065659198 -0.051533892 
     450    42.178664   -23.988737  0.021808081   -23.966929    421.12473    1311.1369    10.812549    11.282177    10.747985   0.20164485  0.066080421 -0.051864497 
     460    37.642693   -23.987981    0.0194628   -23.968518    389.79745    1338.2911    10.886683    11.359532    10.821677    0.2030274  0.066533491 -0.052220098 
     470    44.632029   -23.992572   0.02307657   -23.969496    256.52774    1367.8221    10.966177    11.442478    10.900696    0.2045099  0.067019316 -0.052601407 
     480    42.659139   -23.991442  0.022056506   -23.969385    113.02692    1399.8049    11.050991    11.530976    10.985004    0.2060916  0.067537652 -0.053008233 
     490    52.002031   -23.995216   0.02688716   -23.968328   -35.899665    1434.3632    11.141195    11.625098    11.074669   0.20777383  0.068088928 -0.053440913 
     500    49.059951   -23.990756  0.025365985    -23.96539   -212.30398    1471.6264     11.23685    11.724907    11.169753   0.20955771  0.068673519 -0.053899741 
     510    60.479764   -23.992726  0.031270492   -23.961456   -327.62584    1511.6289    11.337757    11.830197    11.270057   0.21143953  0.069290206 -0.054383759 
     520    59.500671   -23.986567  0.030764261   -23.955803     -326.246    1554.4152    11.443734    11.940777    11.375401   0.21341591   0.06993788 -0.054892098 
     530    77.197501   -23.989198  0.039914241   -23.949284   -284.72484    1600.1474    11.554879    12.056749    11.485883   0.21548868  0.070617138 -0.055425227 
     540     86.01013   -23.986445  0.044470728   -23.941974   -181.80573    1648.9224    11.671109    12.178028    11.601419   0.21765628  0.071327476  -0.05598275 
     550    103.83716   -23.987983  0.053688023   -23.934295      20.3182    1700.8277    11.792309    12.304492    11.721895   0.21991654  0.072068181 -0.056564107 
     560    106.89473   -23.980409  0.055268915    -23.92514    190.70896     1756.125    11.918745     12.43642    11.847576   0.22227448  0.072840893 -0.057170585 
     570    108.73419   -23.973063   0.05621999   -23.916843    290.92728    1815.0557    12.050601    12.574003    11.978645   0.22473348  0.073646725 -0.057803057 
     580    107.29499   -23.962764  0.055475862   -23.907288    351.65987    1877.7708    12.187826    12.717188    12.115051   0.22729261   0.07448537 -0.058461284 
     590    104.08385   -23.954674  0.053815572   -23.900858    269.55535    1944.5467    12.330618    12.866182     12.25699   0.22995556  0.075358037 -0.059146214 
     600    119.42437   -23.960682  0.061747246   -23.898934    87.361015     2015.513    12.478832    13.020833    12.404319   0.23271962  0.076263838 -0.059857149 
     610    115.14902   -23.958235  0.059536718   -23.898698   -90.457891     2090.689     12.63209    13.180748    12.556661   0.23557775  0.077200467  -0.06059228 
     620    130.72175   -23.969136  0.067588448   -23.901547   -281.96415    2170.1352    12.790111    13.345632    12.713739   0.23852472  0.078166209 -0.061350262 
     630    121.33404   -23.968537  0.062734624   -23.905802   -394.82132    2253.7283    12.952271    13.514835     12.87493   0.24154885  0.079157239 -0.062128091 
     640    135.54235   -23.983786  0.070080897   -23.913705   -376.59059    2341.4043    13.118098    13.687865    13.039767   0.24464139  0.080170684 -0.062923513 
     650    123.08753   -23.984988  0.063641246   -23.921347    -312.6897    2433.3556    13.287622    13.864751    13.208279   0.24780286  0.081206721 -0.063736666 
     660    125.83893   -23.995061  0.065063831   -23.929997   -190.16841    2529.5298    13.460422    14.045057    13.380047   0.25102543  0.082262781 -0.064565535 
     670    96.813198   -23.984647  0.050056352    -23.93459   -6.2408354     2629.889    13.636132    14.228399    13.554708   0.25430229  0.083336628 -0.065408365 
     680    87.753716   -23.982768  0.045372232   -23.937396     121.9889    2734.7155    13.814954    14.414988    13.732463   0.25763716  0.084429491  -0.06626612 
     690     61.56055   -23.973796  0.031829303   -23.941967    184.26438    2844.0996    13.996743    14.604673    13.913166   0.26102738  0.085540487 -0.067138107 
     700    55.954367   -23.975617  0.028930678   -23.946686    207.12179    2957.9801    14.181118    14.797056     14.09644   0.26446581  0.086667287 -0.068022497 
     710    48.667369   -23.979136  0.025163005   -23.953973    158.88964    3076.3605    14.367829    14.991876    14.282036    0.2679478  0.087808359  -0.06891809 
     720    55.782565   -23.990083   0.02884185   -23.961241    73.059232    3199.1203    14.556454    15.188694    14.469535    0.2714655  0.088961133 -0.069822867 
     730     48.83082   -23.991093  0.025247516   -23.965846   -2.3646847    3326.0459    14.746472    15.386965    14.658419   0.27500919  0.090122424 -0.070734329 
     740    48.349963   -23.994734  0.024998893   -23.969735   -78.037851    3457.0888    14.937649    15.586445    14.848453   0.27857446  0.091290789 -0.071651343 
     750     45.22293     -23.9953   0.02338209   -23.971918   -133.94517    3592.0465    15.129551    15.786683     15.03921   0.28215328  0.092463593 -0.072571841 
     760     39.40483   -23.993513  0.020373896   -23.973139   -145.29816    3730.7016    15.321769    15.987249     15.23028   0.28573797  0.093638322 -0.073493849 
     770    41.040627   -23.995737  0.021219669   -23.974517   -127.67194    3872.9955    15.514141    16.187976    15.421503   0.28932555  0.094813995 -0.074416599 
     780    37.185022   -23.993873  0.019226165   -23.974646   -91.681911    4018.9049    15.706568    16.388762    15.612782   0.29291416  0.095990008 -0.075339615 
     790     44.20233   -23.995594  0.022854398    -23.97274   -32.270795    4168.3448    15.898883    16.589429    15.803948   0.29650066   0.09716533 -0.076262089 
     800    41.593996   -23.989019  0.021505784   -23.967514     36.34981     4321.375    16.091112    16.790007    15.995029   0.30008557  0.098340128 -0.077184153 
     810    59.069466   -23.989001  0.030541311    -23.95846    93.128734    4478.1614    16.283408    16.990656    16.186177   0.30367173   0.09951534  -0.07810654 
     820      57.5992    -23.97447  0.029781124   -23.944689    140.47383    4638.7712    16.475795    17.191399    16.377415   0.30725959    0.1006911 -0.079029362 
     830     83.81256   -23.975538  0.043334495   -23.932204    158.99473    4803.4037    16.668445    17.392416    16.568915   0.31085235   0.10186848 -0.079953445 
     840    91.024953   -23.968921  0.047063595   -23.921857    128.34916    4972.2938    16.861556    17.593915    16.760873   0.31445371   0.10304867 -0.080879741 
     850    124.07757   -23.978542   0.06415314   -23.914389    71.552384    5145.3766    17.054976    17.795736    16.953138   0.31806082   0.10423074 -0.081807517 
     860    129.98413    -23.97677  0.067207072   -23.909563   -5.9086815     5322.582     17.24856    17.997728    17.145566     0.321671   0.10541382  -0.08273608 
     870    144.90877   -23.978999  0.074923713   -23.904075   -86.244836    5503.5976     17.44192    18.199486    17.337771   0.32527699   0.10659553 -0.083663567 
     880    134.15555   -23.969377  0.069363865   -23.900013   -122.40833    5687.7435    17.634321    18.400243    17.529023    0.3288651   0.10777138 -0.084586455 
     890    135.23494   -23.969122  0.069921952     -23.8992   -130.80085    5874.9786    17.825737    18.599974    17.719296   0.33243486   0.10894121 -0.085504621 
     900    127.71413   -23.965883  0.066033388    -23.89985   -116.97033    6065.1648    18.016051    18.798553    17.908474   0.33598405   0.11010431 -0.086417498 
     910    120.05109   -23.966154  0.062071284   -23.904083   -54.593736    6257.5817     18.20459    18.995282    18.095887   0.33950015   0.11125656 -0.087321864 
     920    110.46737   -23.963934  0.057116115   -23.906818    9.5500772    6452.5001     18.39168    19.190498     18.28186   0.34298922   0.11239995 -0.088219277 
     930    99.733334   -23.963367  0.051566181   -23.911801    53.931554     6649.989    18.577433    19.384319    18.466504   0.34645335   0.11353517 -0.089110278 
     940    98.060496   -23.970375  0.050701256   -23.919673    93.498915    6849.6898    18.761564    19.576447    18.649535   0.34988723   0.11466048 -0.089993496 
     950    89.129535   -23.973836  0.046083586   -23.927752    96.805816    7051.6523    18.944175    19.766989    18.831056   0.35329277    0.1157765 -0.090869426 
     960    96.175145   -23.987324  0.049726453   -23.937597    69.753282    7255.3708    19.124875    19.955538    19.010677   0.35666268   0.11688084 -0.091736189 
     970     89.53533   -23.991004  0.046293399    -23.94471    40.888111    7459.9541    19.302969    20.141367    19.187708   0.35998398   0.11796925 -0.092590453 
     980    90.352164   -23.996333  0.046715735   -23.949617  -0.34503634    7665.1215    19.478331    20.324346    19.362023   0.36325433   0.11904097 -0.093431611 
     990    77.630005   -23.991974  0.040137863   -23.951836   -43.917843    7870.1831    19.650503    20.503996    19.533167    0.3664652   0.12009319 -0.094257468 
    1000    73.188062    -23.99117  0.037841198   -23.953329   -65.435359     8074.127    19.818795    20.679598    19.700454    0.3696037   0.12112171 -0.095064714 
    1010    56.571842   -23.982812  0.029249938   -23.953562   -74.290171    8276.6916    19.983167    20.851109    19.863844    0.3726691   0.12212626 -0.095853155 
    1020    58.057481   -23.983889  0.030018074   -23.953871   -73.287112    8477.5396    20.143519    21.018425    20.023238   0.37565952   0.12310624 -0.096622313 
    1030    48.361301   -23.978864  0.025004755    -23.95386   -50.360972    8676.0413    20.299528     21.18121    20.178316   0.37856895   0.12405968  -0.09737064 
    1040    58.057504   -23.982496  0.030018085   -23.952477    -17.93422     8872.194     20.45137    21.339648    20.329251   0.38140068   0.12498766 -0.098098982 
    1050    51.722132   -23.974848  0.026742441   -23.948106    10.349609      9066.27    20.599418    21.494126    20.476415   0.38416165   0.12589244 -0.098809122 
    1060    71.053261   -23.977603  0.036737419   -23.940865    41.474114    9258.1639    20.743738    21.644714    20.619873    0.3868531   0.12677445 -0.099501381 
    1070    75.438855   -23.967027  0.039004949   -23.928022    65.095266    9448.2611    20.884754    21.791855    20.760047   0.38948292   0.12763626  -0.10017779 
    1080    117.87248   -23.974827  0.060944856   -23.913883    60.373223    9637.4322    21.023217    21.936332    20.897684   0.39206515   0.12848248  -0.10084196 
    1090    143.19268   -23.972043  0.074036426   -23.898006    45.185946    9825.8585    21.159346    22.078373    21.032999   0.39460383   0.12931442  -0.10149492 
    1100    183.10376   -23.982012  0.094672073    -23.88734    14.476717    10014.448    21.293861    22.218731    21.166711   0.39711242    0.1301365  -0.10214015 
    1110    191.91445   -23.978723  0.099227559   -23.879496   -36.603195    10203.743    21.427191    22.357852    21.299245   0.39959891   0.13095134   -0.1027797 
    1120    179.51486     -23.9701  0.092816468   -23.877283   -63.148926    10391.991    21.558158    22.494507     21.42943   0.40204134   0.13175174  -0.10340791 
    1130    172.22525   -23.967818  0.089047446    -23.87877   -72.156688    10578.989    21.686699    22.628631    21.557204   0.40443852   0.13253732  -0.10402448 
    1140    145.68516   -23.959046  0.075325139   -23.883721   -64.439225    10764.218    21.812539    22.759937    21.682293   0.40678533   0.13330638  -0.10462809 
    1150    146.40194   -23.970501  0.075695742   -23.894805   -29.436713    10946.766    21.935153    22.887877    21.804174   0.40907198   0.13405573  -0.10521624 
    1160    117.63133   -23.963817  0.060820173   -23.902997    6.9971854    11127.277    22.055066    23.012998    21.923371   0.41130826   0.13478858  -0.10579142 
    1170    111.30081   -23.969995  0.057547035   -23.912448    38.960196    11305.365    22.172105     23.13512    22.039711   0.41349093   0.13550385  -0.10635282 
    1180    84.185274   -23.963623  0.043527203   -23.920096    66.884168    11480.641    22.286101    23.254068    22.153027   0.41561687   0.13620054  -0.10689963 
    1190    87.624669   -23.972372   0.04530551   -23.927066      73.6826    11653.392    22.397327    23.370124    22.263588   0.41769112   0.13688029  -0.10743314 
    1200    78.726926   -23.974465  0.040705016    -23.93376    63.215741      11823.3    22.505654    23.483156    22.371269   0.41971133   0.13754232  -0.10795275 
    1210     89.66815   -23.985515  0.046362072   -23.939153     44.67693    11989.564    22.610658    23.592721    22.475646   0.42166957   0.13818405  -0.10845643 
    1220    82.741147   -23.985215   0.04278053   -23.942434    13.634306    12152.008    22.712315    23.698794    22.576696   0.42356539   0.13880533  -0.10894405 
    1230    96.208977   -23.993869  0.049743945   -23.944125   -19.133706    12309.727    22.810154    23.800882     22.67395   0.42538999   0.13940326  -0.10941335 
    1240    80.982001   -23.984683  0.041870981   -23.942812   -41.110523    12461.746    22.903667    23.898457    22.766906   0.42713395   0.13997477   -0.1098619 
    1250    86.270512   -23.986109  0.044605355   -23.941504   -56.378083    12607.873    22.992843    23.991506    22.855549     0.428797   0.14051976  -0.11028965 
    1260     74.88568   -23.978885  0.038718935   -23.940166   -59.338076    12747.509    23.077415    24.079752    22.939616    0.4303742   0.14103662  -0.11069532 
    1270    83.685044   -23.981996  0.043268564   -23.938728   -44.611734    12880.308    23.157277    24.163081       23.019   0.43186355   0.14152469  -0.11107839 
    1280     76.21446   -23.975051  0.039405969   -23.935645   -22.455655    13006.749    23.232805     24.24189    23.094078   0.43327209   0.14198628  -0.11144068 
    1290    85.123697   -23.975627  0.044012406   -23.931614     2.998051    13127.232    23.304321    24.316512    23.165167    0.4346058   0.14242334  -0.11178372 
    1300    76.024447   -23.962425  0.039307724   -23.923118     32.16932    13241.884     23.37197      24.3871    23.232412   0.43586739   0.14283678  -0.11210821 
    1310    82.683972   -23.959644  0.042750969   -23.916893     47.63972     13352.09    23.436629    24.454567    23.296685   0.43707323   0.14323194  -0.11241836 
    1320    104.34396    -23.96624  0.053950062    -23.91229    47.968383     13458.43    23.498683    24.519317    23.358369   0.43823049   0.14361118  -0.11271601 
    1330    131.32767   -23.976589  0.067901735   -23.908688    36.457317    13561.248    23.558372    24.581598    23.417701   0.43934364   0.14397597  -0.11300232 
    1340    184.52447   -23.999026  0.095406639   -23.903619    4.5677495    13661.297    23.616165    24.641901    23.475149   0.44042142   0.14432916  -0.11327954 
    1350    201.36384   -23.987851   0.10411328   -23.883738   -30.002922    13758.287    23.671922     24.70008    23.530573   0.44146124   0.14466992  -0.11354699 
    1360    247.63527   -23.981399   0.12803748   -23.853362   -54.920781    13852.782    23.725993    24.756499    23.584321   0.44246962   0.14500037  -0.11380635 
    1370    220.07732   -23.929732    0.1137889   -23.815943   -75.398712    13947.333    23.779851    24.812696    23.637857   0.44347402   0.14532952  -0.11406469 
    1380    240.80356   -23.917485   0.12450521   -23.792979   -72.894014    14042.703    23.833929    24.869123    23.691612   0.44448253   0.14566002  -0.11432408 
    1390    207.80643   -23.903456   0.10744436   -23.796012   -46.384956    14140.086    23.888896    24.926478    23.746251   0.44550763   0.14599595  -0.11458774 
    1400    230.22166     -23.9455   0.11903394   -23.826466   -16.208821    14241.335    23.945778    24.985831    23.802794   0.44656843   0.14634358  -0.11486059 
    1410    189.17419   -23.966129  0.097810734   -23.868319     13.02405    14346.505    24.004579    25.047185    23.861244   0.44766502   0.14670294  -0.11514264 
    1420     174.1254   -23.991351  0.090029897   -23.901321     33.75359     14453.49    24.064101    25.109292     23.92041   0.44877504    0.1470667  -0.11542815 
    1430     129.1494   -23.984359  0.066775481   -23.917584    44.919759    14559.899    24.123011    25.170761    23.978968   0.44987367   0.14742673  -0.11571072 
    1440    119.95647   -23.985905  0.062022361   -23.923882    48.080255    14664.036    24.180386    25.230629    24.036001   0.45094367   0.14777738  -0.11598594 
    1450    90.805733   -23.974028  0.046950249   -23.927078    39.150133    14765.281    24.235909    25.288562    24.091192   0.45197911    0.1481167  -0.11625226 
    1460    87.117737   -23.974843  0.045043405     -23.9298    22.511907    14862.067    24.288748    25.343697    24.143716   0.45296453   0.14843963  -0.11650571 
    1470    67.522648   -23.966106  0.034911949   -23.931194    6.6709081    14952.471    24.337897    25.394981    24.192571   0.45388112      0.14874  -0.11674147 
    1480    72.505866   -23.971381  0.037488475   -23.933892   -9.5717687    15035.336    24.382774    25.441807     24.23718   0.45471803   0.14901426  -0.11695673 
    1490    70.862647   -23.972875  0.036638864   -23.936236   -23.434974    15109.212    24.422643    25.483408    24.276812   0.45546156   0.14925792  -0.11714797 
    1500    83.736551   -23.981984  0.043295195   -23.938689   -26.553655    15172.151    24.456508    25.518743    24.310474   0.45609311   0.14946489  -0.11731041 
    1510    97.384245   -23.991498  0.050351607   -23.941146   -20.542664    15222.861    24.483725    25.547142    24.337528   0.45660068   0.14963122  -0.11744096 
    1520    101.62973   -23.995397  0.052546696    -23.94285   -10.978428    15260.763    24.504028    25.568327     24.35771   0.45697931    0.1497553  -0.11753835 
    1530     106.1204   -23.997134  0.054868552   -23.942265    4.0941661    15284.776    24.516874    25.581731    24.370479   0.45721888   0.14983381  -0.11759996 
    1540     86.76961   -23.981686   0.04486341   -23.936823     20.96616    15294.157    24.521889    25.586963    24.375464    0.4573124   0.14986445  -0.11762402 
    1550    90.369775   -23.975784  0.046724841   -23.929059    29.504017    15288.586    24.518911    25.583856    24.372504   0.45725686   0.14984625  -0.11760973 
    1560    67.260287   -23.954933  0.034776298   -23.920157     29.55364    15267.481    24.507623    25.572078    24.361284   0.45704636   0.14977727  -0.11755559 
    1570    90.898309   -23.962629  0.046998115   -23.915631    19.942155    15230.237    24.487679    25.551268    24.341459   0.45667442   0.14965538  -0.11745992 
    1580    92.200013   -23.960584  0.047671148   -23.912913    1.2965389    15175.921    24.458534    25.520857    24.312488   0.45613089   0.14947726  -0.11732012 
    1590     137.9192    -23.98314  0.071309825    -23.91183   -20.249676    15103.395    24.419508    25.480137    24.273695    0.4554031   0.14923876  -0.11713293 
    1600    143.46731    -23.98253  0.074178424   -23.908352   -41.411543    15012.488    24.370417    25.428913    24.224897   0.45448758   0.14893874  -0.11689745 
    1610    171.19368    -23.99136  0.088514078   -23.902846   -54.692963    14902.429    24.310716    25.366619    24.165553   0.45337421   0.14857388  -0.11661109 
    1620     148.0132   -23.972524  0.076528832   -23.895995   -47.375374    14772.034    24.239602    25.292417    24.094864     0.452048   0.14813927  -0.11626998 
    1630    147.85314   -23.964518  0.076446072   -23.888072   -29.820543    14622.311     24.15743    25.206675    24.013182   0.45051556   0.14763708  -0.11587582 
    1640    118.53284    -23.94543  0.061286287   -23.884144   -9.8077473    14454.868    24.064866     25.11009     23.92117   0.44878931   0.14707138  -0.11543182 
    1650    112.18201   -23.943702  0.058002649     -23.8857    15.059884     14270.04    23.961856    25.002607    23.818776   0.44686827   0.14644184  -0.11493771 
    1660    109.48464   -23.955291  0.056608001   -23.898683    25.110953     14068.92    23.848751    24.884589    23.706346   0.44475896   0.14575061  -0.11439518 
    1670    124.24941   -23.982068  0.064241989   -23.917826    24.231564    13851.294    23.725143    24.755612    23.583476   0.44245377   0.14499518  -0.11380227 
    1680    116.20222   -23.994076  0.060081261   -23.933995     21.02382    13616.849    23.590525    24.615147    23.449662   0.43994325   0.14417246  -0.11315655 
    1690     105.1018   -24.000117  0.054341898   -23.945775    7.1769518    13366.097    23.444821    24.463115    23.304828   0.43722601     0.143282  -0.11245765 
    1700    88.081925   -23.996682   0.04554193   -23.951141   -3.9974336    13097.998    23.287008    24.298448    23.147958   0.43428293   0.14231754  -0.11170067 
    1710     63.05865   -23.987201  0.032603881   -23.954597   -7.8279161     12812.66    23.116664    24.120705    22.978631   0.43110616   0.14127649  -0.11088358 
    1720    57.349326   -23.986474  0.029651929   -23.956822   -11.295083    12511.289    22.933979    23.930085    22.797036   0.42769924   0.14016002   -0.1100073 
    1730     39.34205   -23.976837  0.020341436   -23.956496   -8.8558811    12194.721    22.738895    23.726528    22.603117   0.42406108   0.13896777  -0.10907154 
    1740    45.086704   -23.979902  0.023311656    -23.95659   0.81435058    11864.021    22.531462    23.510085    22.396922   0.42019263   0.13770005  -0.10807655 
    1750    38.449594   -23.975806      0.01988   -23.955926    11.282381    11520.873    22.312104      23.2812    22.178874   0.41610179   0.13635945  -0.10702435 
    1760    58.383148   -23.985471  0.030186456   -23.955284     23.60413    11166.862    22.081188    23.040255    21.949338   0.41179541   0.13494822  -0.10591672 
    1770    58.564608   -23.984232  0.030280279   -23.953952    36.626143    10803.797    21.839241    22.787799    21.708835    0.4072833   0.13346957  -0.10475618 
    1780    83.691048   -23.996066  0.043271668   -23.952794    40.378796    10433.736    21.586986    22.524587    21.458086   0.40257895   0.13192792  -0.10354618 
    1790    83.297556   -23.992837  0.043068217   -23.949769    39.608822    10058.238    21.324852    22.251068    21.197518   0.39769039   0.13032591  -0.10228881 
    1800    103.42907   -23.998865  0.053477025   -23.945388    34.208739     9679.269    21.053594    21.968029     20.92788   0.39263166   0.12866812  -0.10098767 
    1810    95.103866   -23.986082  0.049172558   -23.936909    10.741575    9299.2515    20.774379    21.676686    20.650332   0.38742454   0.12696172 -0.099648359 
    1820    100.58669    -23.97907    0.0520074   -23.927063   -16.545964    8919.5927    20.487725    21.377582    20.365389   0.38207868   0.12520984 -0.098273366 
    1830    81.989226   -23.958708  0.042391757   -23.916316    -37.15837    8541.7406     20.19424     21.07135    20.073657   0.37660543   0.12341622 -0.096865609 
    1840    84.266511   -23.952503  0.043569206   -23.908933   -66.007837    8167.8999    19.895225    20.759348    19.776428   0.37102906    0.1215888 -0.095431326 
    1850    89.673494   -23.951984  0.046364835    -23.90562   -79.740934    7799.5505    19.591541    20.442472    19.474556   0.36536559   0.11973285 -0.093974642 
    1860    104.41052   -23.960382  0.053984477   -23.906397   -70.325921    7438.2734    19.284251    20.121836    19.169101    0.3596349   0.11785486 -0.092500667 
    1870    129.76975   -23.978187  0.067096228   -23.911091   -60.974715    7085.8653    18.974763    19.798906    18.861461   0.35386322   0.11596344 -0.091016148 
    1880    141.70039   -23.990459  0.073264852   -23.917194    -24.32638    6743.1996    18.663828    19.474467    18.552384   0.34806455   0.11406318  -0.08952469 
    1890    148.29426   -23.996287   0.07667415   -23.919613    31.174158    6411.8699    18.352996    19.150133    18.243407   0.34226779   0.11216353  -0.08803372 
    1900    130.00232    -23.98558  0.067216473   -23.918364    59.142678    6093.4587    18.044022     18.82774    17.936278   0.33650569   0.11027526 -0.086551669 
    1910    124.88129   -23.981856  0.064568692   -23.917287    81.463178    5788.2735    17.737609    18.508018    17.631695   0.33079135   0.10840263 -0.085081898 
    1920     95.09178   -23.965555  0.049166309   -23.916389    83.918346    5496.8668    17.434807    18.192064      17.3307   0.32514434   0.10655206 -0.083629447 
    1930    101.89482   -23.973279  0.052683754   -23.920596    37.936594    5219.7399    17.136746    17.881057    17.034419   0.31958575   0.10473047 -0.082199739 
    1940    83.970276   -23.967267   0.04341604   -23.923851   -9.2380192    4956.4965    16.843681    17.575263    16.743104   0.31412034   0.10293942 -0.080793996 
    1950    95.711953   -23.977489  0.049486964   -23.928002   -64.134829    4707.1165    16.556316    17.275417    16.457455   0.30876124   0.10118321 -0.079415597 
    1960    82.686263   -23.972877  0.042752153   -23.930125   -128.00995    4471.4671     16.27529    16.982185    16.178108   0.30352034  0.099465728 -0.078067601 
    1970    98.708245   -23.983297  0.051036168   -23.932261   -145.52469    4249.0237    16.000803    16.695776    15.905259   0.29840139  0.097788211  -0.07675097 
    1980    85.533516   -23.977449  0.044224299   -23.933225   -129.02755    4039.6435    15.733539    16.416903    15.639591   0.29341713  0.096154836 -0.075468984 
    1990    99.201213    -23.98694  0.051291053   -23.935649   -97.063117    3843.0658    15.474074    16.146169    15.381676   0.28857834  0.094569129 -0.074224411 
    2000    85.239873    -23.98283  0.044072473   -23.938757   -11.881739    3658.7529    15.222632    15.883807    15.131735   0.28388916  0.093032454 -0.073018322 
    2010    85.226872   -23.985015  0.044065751   -23.940949    79.372084     3486.539    14.979946    15.630579    14.890498   0.27936327  0.091549286 -0.071854229 
    2020    70.932355   -23.979918  0.036674906   -23.943243    133.36787    3326.1033    14.746557    15.387054    14.658503   0.27501077  0.090122943 -0.070734736 
    2030    64.872224   -23.979392  0.033541572   -23.945851    179.51565    3176.7043    14.522375    15.153135     14.43566   0.27082997  0.088752865 -0.069659403 
    2040    56.088356    -23.97794  0.028999956    -23.94894    183.99951    3037.7882    14.307526    14.928954    14.222094   0.26682322  0.087439825 -0.068628839 
    2050    54.063537   -23.981024  0.027953043   -23.953071    123.02557    2908.7565    14.102015    14.714517     14.01781   0.26299061  0.086183853 -0.067643065 
    2060    58.439861   -23.986725   0.03021578   -23.956509    48.641553    2788.8508    13.905518    14.509485    13.822485   0.25932609  0.084982965 -0.066700525 
    2070    53.778071   -23.986489  0.027805445   -23.958683   -38.497085    2677.4073    13.717771    14.313583     13.63586   0.25582478  0.083835559 -0.065799961 
    2080    60.500366   -23.991034  0.031281144   -23.959753   -139.84647     2573.769    13.538439    14.126462    13.457598   0.25248039  0.082739579  -0.06493976 
    2090      54.4071   -23.987606  0.028130679   -23.959475   -192.50173    2477.2102    13.366971    13.947547    13.287155   0.24928266  0.081691663 -0.064117282 
    2100    66.474995   -23.993207   0.03437027   -23.958836   -196.56561    2387.2381    13.203142    13.776603    13.124304   0.24622739   0.08069043 -0.063331445 
    2110    63.235764   -23.988581  0.032695456   -23.955885   -180.03707    2303.4287    13.046789    13.613459    12.968885   0.24331155  0.079734886 -0.062581468 
    2120    79.175104   -23.992763  0.040936742   -23.951826    -98.87505    2225.2371    12.897459    13.457643    12.820446   0.24052666   0.07882226 -0.061865176 
    2130     73.91246   -23.981865  0.038215741   -23.943649    42.316295    2152.2672    12.754912    13.308904     12.67875   0.23786827  0.077951088  -0.06118142 
    2140    89.823246   -23.978699  0.046442263   -23.932257    158.04579    2084.2829    12.619175    13.167271    12.543823   0.23533689  0.077121536  -0.06053033 
    2150    90.754484   -23.966554  0.046923751   -23.919631    269.01947      2020.97    12.490084    13.032574    12.415503   0.23292946  0.076332603 -0.059911121 
    2160    114.75007   -23.968012  0.059330442   -23.908681    340.04337    1962.0941    12.367597    12.904767    12.293748   0.23064519  0.075584032 -0.059323591 
    2170    127.11929   -23.968293  0.065725833   -23.902567    247.77917    1907.5644    12.251948    12.784094    12.178789   0.22848842  0.074877245 -0.058768854 
    2180    156.90477   -23.980639  0.081126135   -23.899513    122.68695    1856.9361    12.142582    12.669979    12.070077   0.22644884  0.074208862 -0.058244261 
    2190    156.79975   -23.977772  0.081071836     -23.8967   -48.563558    1809.9793    12.039356    12.562269    11.967467   0.22452377  0.073578002 -0.057749118 
    2200    165.11144   -23.976567  0.085369314   -23.891198   -294.87478    1766.4128    11.941974    12.460658    11.870667   0.22270768  0.072982856 -0.057282007 
    2210    137.04372    -23.95905  0.070857167   -23.888193   -370.38381    1725.6859    11.849481    12.364147    11.778725   0.22098275  0.072417585 -0.056838343 
    2220    125.94041   -23.955464  0.065116303   -23.890347     -362.171    1687.6056    11.761672    12.272524    11.691441   0.21934519  0.071880944  -0.05641715 
    2230     111.2298   -23.954002  0.057510321   -23.896492   -309.27238    1651.9743    11.678305    12.185537    11.608572   0.21779048  0.071371455 -0.056017267 
    2240    108.90149   -23.963557  0.056306489   -23.907251   -100.84365    1618.4595     11.59879    12.102567    11.529531   0.21630758  0.070885499 -0.055635855 
    2250    106.95127   -23.974647  0.055298144   -23.919349    94.797917    1586.9685    11.523069    12.023558    11.454263   0.21489545  0.070422735 -0.055272646 
    2260    99.669776   -23.981668  0.051533319   -23.930134    231.64513    1557.3419    11.450911    11.948266    11.382536   0.21354977  0.069981746 -0.054926528 
    2270    99.594254    -23.98962  0.051494271   -23.938125    376.64463    1529.3689    11.381936    11.876295    11.313973   0.21226345  0.069560208 -0.054595675 
    2280    84.990283   -23.987488  0.043943425   -23.943545    376.88842     1503.015     11.31618    11.807683    11.248609   0.21103714  0.069158339 -0.054280261 
    2290     90.88795   -23.994106  0.046992759   -23.947113    258.93264    1478.0775    11.253246    11.742015    11.186051   0.20986348  0.068773721 -0.053978386 
    2300    71.116041   -23.984795  0.036769879   -23.948025    152.57799    1454.3032    11.192585    11.678719    11.125752    0.2087322  0.068402994 -0.053687413 
    2310    77.684317   -23.989562  0.040165944   -23.949396   -17.438034    1431.6197    11.134087    11.617681    11.067604   0.20764127   0.06804549 -0.053406819 
    2320     57.23864   -23.977275  0.029594699    -23.94768   -209.05258    1409.9113    11.077523     11.55866    11.011377   0.20658639  0.067699799 -0.053135497 
    2330    62.918736   -23.978578   0.03253154   -23.946046   -302.16626     1389.012    11.022516    11.501264    10.956699   0.20556056  0.067363626 -0.052871645 
    2340     55.07577   -23.972971  0.028476408   -23.944494   -347.34098    1368.8535    10.968933    11.445354    10.903436   0.20456128  0.067036156 -0.052614624 
    2350    72.996385   -23.981274  0.037742093   -23.943532   -337.96955    1349.3647    10.916628    11.390777    10.851443   0.20358584  0.066716497 -0.052363734 
    2360    76.388322   -23.981771  0.039495862   -23.942275   -165.39885    1330.4533    10.865389    11.337312     10.80051   0.20263028  0.066403351 -0.052117955 
    2370    90.931169   -23.988353  0.047015104   -23.941338    31.419782    1312.1969    10.815462    11.285217    10.750881   0.20169918  0.066098223  -0.05187847 
    2380    95.783264   -23.989777  0.049523834   -23.940254    181.18464    1294.6028    10.766906    11.234552    10.702615   0.20079365  0.065801475 -0.051645561 
    2390    94.029251   -23.986812  0.048616938   -23.938195    376.80744    1277.5961    10.719551     11.18514    10.655542   0.19991052  0.065512067 -0.051418414 
    2400    93.195366    -23.98364  0.048185786   -23.935454    465.68556    1261.2295     10.67358    11.137172    10.609846    0.1990532  0.065231118 -0.051197905 
    2410    87.769636   -23.977518  0.045380464   -23.932137     374.7302    1245.5302    10.629108    11.090769     10.56564   0.19822384  0.064959331 -0.050984588 
    2420    87.945648   -23.972958  0.045471469   -23.927487    248.09777    1230.3847    10.585849    11.045631    10.522639    0.1974171  0.064694956 -0.050777088 
    2430    81.075227   -23.966045  0.041919182   -23.924126    9.9423743    1215.7829    10.543806    11.001762    10.480847   0.19663303  0.064438011  -0.05057542 
    2440    91.727493   -23.968164  0.047426836   -23.920737   -298.80774    1201.6547    10.502805     10.95898    10.440091   0.19586839  0.064187434  -0.05037875 
    2450    90.553051   -23.964725  0.046819602   -23.917905   -485.30599    1187.8904    10.462549    10.916976    10.400076   0.19511766  0.063941415 -0.050185657 
    2460    111.75461   -23.975249  0.057781668   -23.917468   -609.77114    1174.4758    10.423016    10.875726    10.360779   0.19438041  0.063699811 -0.049996029 
    2470    118.06236   -23.978051   0.06104303   -23.917008   -632.64375    1161.3772    10.384123    10.835143    10.322118   0.19365508  0.063462115 -0.049809469 
    2480    143.01145   -23.992792  0.073942723   -23.918849   -397.86695    1148.5132    10.345641     10.79499    10.283865   0.19293742  0.063226934 -0.049624883 
    2490    134.39369    -23.98748  0.069486994   -23.917993   -120.15204    1136.0131    10.307971    10.755683     10.24642    0.1922349  0.062996714  -0.04944419 
    2500    141.53952   -23.987882  0.073181676     -23.9147     152.7734    1123.9034    10.271213    10.717329    10.209881   0.19154939  0.062772069 -0.049267873 
    2510     104.2775   -23.961142    0.0539157   -23.907226     487.0699    1112.1518    10.235288    10.679844    10.174172   0.19087944  0.062552519 -0.049095555 
    2520    110.44554   -23.961948  0.057104827   -23.904843    583.67738     1100.853    10.200509    10.643554      10.1396   0.19023083  0.062339967 -0.048928729 
    2530    86.944963   -23.952889  0.044954074   -23.907935    481.99039    1089.9918    10.166851    10.608435    10.106143   0.18960314  0.062134268 -0.048767283 
    2540    108.58569   -23.973223   0.05614321    -23.91708    298.51998    1079.5003    10.134126    10.574288    10.073614   0.18899285  0.061934272 -0.048610312 
    2550    99.009372   -23.978653  0.051191863   -23.927461   -75.435313    1069.3483    10.102258    10.541036    10.041936   0.18839853   0.06173951 -0.048457449 
    2560    104.41406   -23.989288  0.053986307   -23.935301   -399.31917    1059.3639    10.070719    10.508127    10.010585   0.18781035  0.061546758 -0.048306164 
    2570    84.173621   -23.985641  0.043521178   -23.942119   -521.67818    1049.4436    10.039184    10.475223    9.9792386   0.18722226  0.061354038 -0.048154904 
    2580    75.659377   -23.986632  0.039118968   -23.947513   -576.13195    1039.6064    10.007718    10.442389    9.9479599   0.18663544  0.061161731 -0.048003968 
    2590     64.57756   -23.986218  0.033389219   -23.952828   -499.76229    1029.8085    9.9761787     10.40948    9.9166091   0.18604726  0.060968981 -0.047852685 
    2600    56.303477   -23.985871  0.029111183    -23.95676   -259.45463    1020.0127    9.9444458    10.376369    9.8850658   0.18545547  0.060775048 -0.047700472 
    2610    52.613533   -23.985862  0.027203332   -23.958659    4.2711739    1010.2619    9.9126564    10.343199    9.8534662   0.18486263  0.060580768 -0.047547988 
    2620    43.196214   -23.982266  0.022334196   -23.959932    256.27208    1000.5695     9.880854    10.310015    9.8218537   0.18426954  0.060386409 -0.047395442 
    2630    45.741069    -23.98406  0.023649989    -23.96041    486.04351    990.94701    9.8490772    10.276858    9.7902666   0.18367693  0.060192206 -0.047243018 
    2640    39.392666   -23.980133  0.020367607   -23.959765    591.10561     981.4158    9.8173983    10.243804    9.7587769   0.18308614  0.059998602 -0.047091064 
    2650    55.662607   -23.988849  0.028779827   -23.960069    552.88534    971.97663    9.7858226    10.210856    9.7273897   0.18249728  0.059805628 -0.046939605 
    2660    56.018041   -23.986909    0.0289636   -23.957945     435.1516    962.60584    9.7542727    10.177936    9.6960282    0.1819089  0.059612813  -0.04678827 
    2670    79.686359   -23.995203  0.041201081   -23.954002    166.40137    953.31885    9.7228023    10.145099    9.6647457   0.18132201  0.059420483 -0.046637316 
    2680     88.51784   -23.991623  0.045767315   -23.945856   -203.94177    944.09042    9.6913272    10.112257    9.6334586   0.18073502  0.059228124  -0.04648634 
    2690    116.15785   -23.992986  0.060058323   -23.932928   -500.47711    934.87357    9.6596863    10.079242    9.6020066   0.18014495  0.059034752 -0.046334568 
    2700    117.27264   -23.977223  0.060634713   -23.916588   -753.23816    925.69798    9.6279797    10.046158    9.5704894   0.17955365  0.058840979 -0.046182481 
    2710    132.49866   -23.971699  0.068507182   -23.903191   -872.11679     916.5628     9.596204    10.013002    9.5389034   0.17896106  0.058646783 -0.046030062 
    2720     118.2663   -23.953508  0.061148477   -23.892359   -614.72337    907.43511    9.5642427    9.9796526    9.5071329     0.178365  0.058451453 -0.045876754 
    2730    124.15122   -23.949079  0.064191219   -23.884888   -269.64616    898.41583    9.5324498    9.9464788    9.4755299   0.17777209  0.058257152 -0.045724253 
    2740    118.74339   -23.944836  0.061395153   -23.883441    98.932717    889.56709    9.5010506    9.9137159    9.4443182   0.17718653  0.058065257 -0.045573641 
    2750    121.68313   -23.948439  0.062915115   -23.885524    546.15475    880.89639    9.4700805    9.8814006     9.413533   0.17660896  0.057875985 -0.045425087 
    2760    128.71902   -23.961183  0.066552957    -23.89463    685.07474    872.47444    9.4398038    9.8498088    9.3834371   0.17604432   0.05769095 -0.045279858 
    2770     146.7587   -23.983082  0.075880201   -23.907202    638.96722    864.22748    9.4099667    9.8186758    9.3537781   0.17548789  0.057508602 -0.045136739 
    2780    151.21002   -23.997346  0.078181715   -23.919164    513.35953    856.10404    9.3803904    9.7878149    9.3243784   0.17493631  0.057327847  -0.04499487 
    2790    150.25991    -24.00506  0.077690473    -23.92737    129.77314     848.1108    9.3511049    9.7572574    9.2952678   0.17439017   0.05714887 -0.044854397 
    2800    136.63611   -24.000686  0.070646411    -23.93004   -242.24111    840.10445    9.3215863    9.7264567    9.2659255   0.17383967  0.056968469 -0.044712805 
    2810    107.27497   -23.986427  0.055465513   -23.930962    -452.3178    831.98822    9.2914705     9.695033    9.2359895   0.17327804  0.056784418 -0.044568349 
    2820    89.273539   -23.977551  0.046158042   -23.931393   -606.65852    823.74627    9.2606872    9.6629126      9.20539   0.17270395  0.056596287 -0.044420691 
    2830    61.595924    -23.96348  0.031847592   -23.931633   -594.99995    815.32908    9.2290367    9.6298874    9.1739285    0.1721137  0.056402856 -0.044268873 
    2840    59.517111   -23.963472  0.030772762   -23.932699      -392.63    806.68451    9.1963036    9.5957326    9.1413909   0.17150325  0.056202809 -0.044111862 
    2850    45.619803   -23.957224  0.023587289   -23.933637   -116.96328    797.80906    9.1624521    9.5604107    9.1077415   0.17087195  0.055995927 -0.043949487 
    2860    62.396958   -23.968408  0.032261759   -23.936147    212.99983     788.6995    9.1274455    9.5238838     9.072944   0.17021911  0.055781986 -0.043781571 
    2870    55.761011     -23.9665  0.028830705   -23.937669    532.25387     779.3647    9.0912927    9.4861606     9.037007   0.16954489  0.055561039 -0.043608157 
    2880    78.004639   -23.981331  0.040331564   -23.940999    671.52757      769.803    9.0539605     9.447207    8.9998977   0.16884868  0.055332885 -0.043429086 
    2890    83.783991   -23.987361  0.043319723   -23.944041    688.25748    759.97051    9.0152472    9.4068123    8.9614156   0.16812671  0.055096291  -0.04324339 
    2900    108.14027   -24.001377  0.055912909   -23.945464    574.71233    749.85356    8.9750639    9.3648836    8.9214722   0.16737732  0.054850712 -0.043050643 
    2910    116.89311   -24.002523  0.060438481   -23.942085    214.65808    739.45422    8.9333804    9.3213896    8.8800376   0.16659996  0.054595965   -0.0428507 
    2920    136.38905   -24.001658  0.070518672    -23.93114   -236.82332     728.7045    8.8898796    9.2759995    8.8367966   0.16578871  0.054330112  -0.04264204 
    2930    143.39479   -23.984724  0.074140925   -23.910583    -608.1727     717.5464    8.8442713    9.2284103    8.7914607   0.16493815  0.054051379 -0.042423271 
    2940     151.2551   -23.962037  0.078205027   -23.883832   -927.13019    705.99723    8.7965639    9.1786307    8.7440381   0.16404845  0.053759817 -0.042194433 
    2950    155.29138   -23.937343  0.080291947   -23.857051   -1034.5531    694.07675    8.7467738     9.126678    8.6945453    0.1631199  0.053455527 -0.041955605 
    2960    166.96505   -23.926691  0.086327705   -23.840363   -823.20989    681.79891    8.6948914    9.0725422    8.6429727   0.16215234   0.05313845 -0.041706741 
    2970    180.69693   -23.930528  0.093427645     -23.8371   -339.12932    669.20721    8.6410317    9.0163432    8.5894346    0.1611479  0.052809289 -0.041448392 
    2980    197.63549   -23.951092   0.10218557   -23.848907    289.31271    656.36413    8.5853962    8.9582912    8.5341313   0.16011035  0.052469275 -0.041181526 
    2990     200.5748   -23.973272   0.10370531   -23.869566      627.532    643.31269    8.5281095    8.8985164    8.4771867     0.159042   0.05211917 -0.040906739 
    3000    181.37379   -23.983076  0.093777608   -23.889299    931.91989    629.95013    8.4686487     8.836473    8.4180809   0.15793311  0.051755778 -0.040621524 
Loop time of 35.4121 on 1 procs for 3000 steps with 5 atoms

Performance: 14.639 ns/day, 1.639 hours/ns, 84.717 timesteps/s
289.0% CPU use with 1 MPI tasks x no OpenMP threads

MPI task timing breakdown:
Section |  min time  |  avg time  |  max time  |%varavg| %total
---------------------------------------------------------------
Pair    | 34.881     | 34.881     | 34.881     |   0.0 | 98.50
Neigh   | 0.00192    | 0.00192    | 0.00192    |   0.0 |  0.01
Comm    | 0.0092232  | 0.0092232  | 0.0092232  |   0.0 |  0.03
Output  | 0.47815    | 0.47815    | 0.47815    |   0.0 |  1.35
Modify  | 0.034264   | 0.034264   | 0.034264   |   0.0 |  0.10
Other   |            | 0.00748    |            |       |  0.02

Nlocal:    5 ave 5 max 5 min
Histogram: 1 0 0 0 0 0 0 0 0 0
Nghost:    130 ave 130 max 130 min
Histogram: 1 0 0 0 0 0 0 0 0 0
Neighs:    0 ave 0 max 0 min
Histogram: 1 0 0 0 0 0 0 0 0 0

Total # of neighbors = 0
Ave neighs/atom = 0
Neighbor list builds = 211
Dangerous builds = 34
Total wall time: 0:00:38
