#       step         max_devi_e         min_devi_e         avg_devi_e         max_devi_f         min_devi_f         avg_devi_f
           0       2.371196e+00       5.768164e-01       9.496441e-01       1.364682e-02       5.795272e-03       1.121754e-02
          10       2.362414e+00       5.751548e-01       9.462801e-01       1.291646e-02       6.647149e-03       9.936484e-03
          20       2.356310e+00       5.637314e-01       9.449526e-01       1.228874e-02       7.456010e-03       9.854860e-03
          30       2.352211e+00       5.669206e-01       9.435890e-01       1.207339e-02       6.642692e-03       8.810004e-03
          40       2.349026e+00       5.753593e-01       9.414444e-01       1.442166e-02       6.640866e-03       1.029219e-02
          50       2.352430e+00       5.722670e-01       9.431058e-01       1.432958e-02       5.003645e-03       9.933643e-03
          60       2.356984e+00       5.615515e-01       9.457352e-01       1.090127e-02       5.068563e-03       7.665168e-03
          70       2.364142e+00       5.676460e-01       9.476506e-01       1.075815e-02       6.913891e-03       9.031973e-03
          80       2.370671e+00       5.800460e-01       9.494118e-01       1.535636e-02       6.658224e-03       1.189967e-02
          90       2.379358e+00       5.733917e-01       9.531297e-01       1.047209e-02       6.638745e-03       8.683239e-03
         100       2.379089e+00       5.680557e-01       9.534967e-01       1.564875e-02       1.090001e-02       1.330634e-02
         110       2.377375e+00       5.746378e-01       9.529322e-01       1.702599e-02       3.841043e-03       1.054989e-02
         120       2.372571e+00       5.735333e-01       9.510079e-01       2.102577e-02       1.531148e-02       1.833954e-02
         130       2.362677e+00       5.691446e-01       9.476906e-01       1.562199e-02       5.030986e-03       1.224400e-02
         140       2.351880e+00       5.592825e-01       9.438295e-01       2.065226e-02       9.367534e-03       1.699207e-02
         150       2.345181e+00       5.650395e-01       9.407772e-01       1.493273e-02       7.493660e-03       1.116262e-02
         160       2.344195e+00       5.734819e-01       9.393037e-01       2.061076e-02       1.111891e-02       1.560211e-02
         170       2.347319e+00       5.688590e-01       9.405289e-01       1.408455e-02       7.164667e-03       1.020686e-02
         180       2.353881e+00       5.746951e-01       9.433636e-01       1.589257e-02       8.829829e-03       1.110366e-02
         190       2.362648e+00       5.739490e-01       9.467972e-01       1.100527e-02       5.627360e-03       8.618689e-03
         200       2.369751e+00       5.786880e-01       9.496144e-01       1.386470e-02       4.704548e-03       9.831639e-03
         210       2.372923e+00       5.725478e-01       9.513030e-01       1.250284e-02       6.024836e-03       8.750399e-03
         220       2.373356e+00       5.701421e-01       9.519583e-01       1.192044e-02       4.497561e-03       8.288644e-03
         230       2.369980e+00       5.776754e-01       9.502525e-01       1.654986e-02       8.461634e-03       1.099153e-02
         240       2.365421e+00       5.776932e-01       9.477323e-01       1.120684e-02       5.883269e-03       9.454443e-03
         250       2.359119e+00       5.697363e-01       9.450842e-01       1.239886e-02       1.784963e-03       7.412347e-03
         260       2.352990e+00       5.754610e-01       9.422767e-01       6.997811e-03       5.601096e-03       6.362741e-03
         270       2.348013e+00       5.755039e-01       9.396832e-01       7.983823e-03       5.039252e-03       6.831426e-03
         280       2.348575e+00       5.813613e-01       9.396413e-01       5.797908e-03       4.316767e-03       5.193836e-03
         290       2.349566e+00       5.836862e-01       9.400194e-01       9.867971e-03       5.191488e-03       7.518880e-03
         300       2.354324e+00       5.753011e-01       9.424981e-01       7.812249e-03       4.890058e-03       6.357447e-03
         310       2.362694e+00       5.726542e-01       9.470975e-01       1.102829e-02       7.917367e-03       9.712161e-03
         320       2.370066e+00       5.742026e-01       9.504897e-01       1.329121e-02       5.206546e-03       1.031069e-02
         330       2.374058e+00       5.772993e-01       9.525542e-01       1.986386e-02       7.619666e-03       1.626701e-02
         340       2.375780e+00       5.685053e-01       9.544674e-01       2.262841e-02       9.619977e-03       1.462825e-02
         350       2.370858e+00       5.645391e-01       9.519074e-01       1.571220e-02       9.418128e-03       1.265734e-02
         360       2.362229e+00       5.766329e-01       9.470411e-01       1.470766e-02       8.523470e-03       1.138611e-02
         370       2.353659e+00       5.764656e-01       9.428239e-01       1.440974e-02       1.077584e-02       1.295591e-02
         380       2.345139e+00       5.691740e-01       9.394305e-01       1.498850e-02       9.810450e-03       1.224107e-02
         390       2.343593e+00       5.619088e-01       9.393238e-01       1.279225e-02       8.324470e-03       1.055011e-02
         400       2.347120e+00       5.677448e-01       9.402875e-01       1.368066e-02       8.797148e-03       1.124907e-02
         410       2.354023e+00       5.735430e-01       9.429140e-01       1.757815e-02       4.616259e-03       9.631825e-03
         420       2.364703e+00       5.650150e-01       9.478463e-01       1.207476e-02       6.468168e-03       9.917535e-03
         430       2.372257e+00       5.676187e-01       9.506872e-01       9.778491e-03       3.787953e-03       6.882677e-03
         440       2.376430e+00       5.822024e-01       9.516588e-01       1.220077e-02       5.464264e-03       9.882815e-03
         450       2.379258e+00       5.822455e-01       9.528508e-01       7.192523e-03       4.006606e-03       6.145141e-03
         460       2.378276e+00       5.746933e-01       9.526100e-01       8.522928e-03       4.060587e-03       7.339674e-03
         470       2.373886e+00       5.819442e-01       9.505871e-01       7.805077e-03       4.465374e-03       6.386673e-03
         480       2.368031e+00       5.742571e-01       9.482017e-01       1.151032e-02       7.369887e-03       8.472954e-03
         490       2.362549e+00       5.711871e-01       9.461701e-01       7.122592e-03       5.090130e-03       6.083003e-03
         500       2.354431e+00       5.745637e-01       9.427161e-01       7.980219e-03       6.076997e-03       6.801459e-03
         510       2.349688e+00       5.724384e-01       9.407789e-01       7.832705e-03       5.116841e-03       6.250336e-03
         520       2.348316e+00       5.657405e-01       9.406772e-01       9.622276e-03       4.437223e-03       6.586181e-03
         530       2.350359e+00       5.691752e-01       9.413089e-01       9.886564e-03       5.939439e-03       7.579052e-03
         540       2.354034e+00       5.797886e-01       9.425315e-01       1.016812e-02       2.634738e-03       7.252850e-03
         550       2.363892e+00       5.744781e-01       9.470452e-01       1.167106e-02       7.105822e-03       8.676182e-03
         560       2.371635e+00       5.754678e-01       9.502774e-01       1.622233e-02       6.913066e-03       1.050612e-02
         570       2.376800e+00       5.774552e-01       9.524334e-01       1.199086e-02       8.730452e-03       1.021232e-02
         580       2.380639e+00       5.750038e-01       9.550100e-01       1.068804e-02       8.997127e-03       9.536172e-03
         590       2.376196e+00       5.669887e-01       9.534257e-01       1.547626e-02       9.300184e-03       1.219517e-02
         600       2.367199e+00       5.750771e-01       9.493983e-01       1.594906e-02       9.680422e-03       1.390698e-02
         610       2.356257e+00       5.659643e-01       9.454657e-01       2.159353e-02       1.191204e-02       1.630940e-02
         620       2.344744e+00       5.672830e-01       9.402530e-01       1.845930e-02       8.666415e-03       1.220944e-02
         630       2.336027e+00       5.743484e-01       9.355297e-01       2.019338e-02       1.262127e-02       1.632960e-02
         640       2.336811e+00       5.734160e-01       9.356511e-01       1.127092e-02       7.308593e-03       8.896486e-03
         650       2.339997e+00       5.766324e-01       9.366834e-01       1.373356e-02       6.896802e-03       1.185661e-02
         660       2.349021e+00       5.714570e-01       9.403940e-01       8.246761e-03       4.676490e-03       6.399581e-03
         670       2.361815e+00       5.716242e-01       9.461783e-01       1.244640e-02       8.156299e-03       1.124817e-02
         680       2.372664e+00       5.794537e-01       9.505887e-01       1.146415e-02       5.936179e-03       9.827736e-03
         690       2.377234e+00       5.786489e-01       9.524395e-01       1.893044e-02       5.692905e-03       1.184698e-02
         700       2.380819e+00       5.766996e-01       9.544491e-01       1.385830e-02       7.512474e-03       9.724258e-03
         710       2.376832e+00       5.769853e-01       9.524794e-01       1.186770e-02       6.557247e-03       8.991077e-03
         720       2.370324e+00       5.812069e-01       9.492083e-01       9.366529e-03       2.899837e-03       7.558206e-03
         730       2.363290e+00       5.783577e-01       9.464201e-01       6.626051e-03       2.989464e-03       5.046485e-03
         740       2.356262e+00       5.724542e-01       9.434881e-01       8.160338e-03       5.406936e-03       6.864073e-03
         750       2.350233e+00       5.742672e-01       9.407994e-01       7.356540e-03       3.577696e-03       5.079271e-03
         760       2.348421e+00       5.772059e-01       9.401875e-01       7.350239e-03       4.506487e-03       6.276208e-03
         770       2.350053e+00       5.770833e-01       9.408764e-01       5.470943e-03       3.278146e-03       4.460919e-03
         780       2.353392e+00       5.759061e-01       9.420917e-01       8.884170e-03       5.586626e-03       7.119066e-03
         790       2.360434e+00       5.769678e-01       9.451360e-01       6.756082e-03       3.972600e-03       5.514600e-03
         800       2.367828e+00       5.717563e-01       9.484045e-01       9.145005e-03       5.304153e-03       6.957224e-03
         810       2.375497e+00       5.770488e-01       9.514782e-01       9.736817e-03       5.584558e-03       7.324282e-03
         820       2.380694e+00       5.772340e-01       9.539104e-01       1.410298e-02       8.437578e-03       1.114251e-02
         830       2.384323e+00       5.711000e-01       9.557681e-01       1.114879e-02       5.436553e-03       9.073298e-03
         840       2.379431e+00       5.736230e-01       9.534964e-01       2.116518e-02       1.004190e-02       1.382129e-02
         850       2.372805e+00       5.755850e-01       9.509979e-01       1.078214e-02       6.001733e-03       8.631755e-03
         860       2.360582e+00       5.689354e-01       9.462240e-01       1.131884e-02       8.521525e-03       1.003429e-02
         870       2.348273e+00       5.750326e-01       9.408969e-01       8.447115e-03       6.076999e-03       6.948274e-03
         880       2.341374e+00       5.672581e-01       9.381987e-01       1.768302e-02       1.109495e-02       1.437066e-02
         890       2.339204e+00       5.646549e-01       9.374838e-01       1.670779e-02       6.787120e-03       1.035161e-02
         900       2.341362e+00       5.711974e-01       9.383126e-01       1.583150e-02       1.021925e-02       1.321130e-02
         910       2.351623e+00       5.662887e-01       9.435019e-01       1.081971e-02       6.463573e-03       8.241546e-03
         920       2.363877e+00       5.665544e-01       9.484835e-01       1.322737e-02       9.406811e-03       1.094963e-02
         930       2.372073e+00       5.795380e-01       9.508539e-01       1.695395e-02       4.811345e-03       1.352356e-02
         940       2.380421e+00       5.697980e-01       9.544538e-01       1.212542e-02       7.011898e-03       1.014147e-02
         950       2.381573e+00       5.745010e-01       9.545185e-01       1.621412e-02       1.064647e-02       1.363808e-02
         960       2.376960e+00       5.833165e-01       9.517921e-01       1.022523e-02       6.454263e-03       8.530636e-03
         970       2.371517e+00       5.750754e-01       9.496048e-01       1.335210e-02       5.860640e-03       1.124858e-02
         980       2.363131e+00       5.715975e-01       9.462827e-01       6.804555e-03       3.063039e-03       5.413970e-03
         990       2.353514e+00       5.827685e-01       9.420046e-01       1.392025e-02       5.024083e-03       1.134219e-02
        1000       2.348463e+00       5.754292e-01       9.404126e-01       7.797284e-03       4.726314e-03       6.382352e-03
        1010       2.345786e+00       5.743984e-01       9.395624e-01       1.419848e-02       8.920397e-03       1.234569e-02
        1020       2.346003e+00       5.781371e-01       9.396343e-01       8.877538e-03       6.683546e-03       7.631159e-03
        1030       2.350796e+00       5.690349e-01       9.419909e-01       1.241465e-02       1.072814e-02       1.159712e-02
        1040       2.359321e+00       5.738138e-01       9.456556e-01       8.248409e-03       7.170676e-03       7.496434e-03
        1050       2.365531e+00       5.779096e-01       9.477617e-01       1.531131e-02       7.280096e-03       1.125680e-02
        1060       2.374228e+00       5.739755e-01       9.516742e-01       1.058909e-02       5.059717e-03       7.921207e-03
        1070       2.379179e+00       5.668316e-01       9.543351e-01       1.008794e-02       7.460243e-03       8.791045e-03
        1080       2.378824e+00       5.806196e-01       9.533583e-01       1.196184e-02       7.290658e-03       1.027263e-02
        1090       2.373429e+00       5.808424e-01       9.509363e-01       1.307732e-02       7.282589e-03       1.118591e-02
        1100       2.365276e+00       5.708906e-01       9.478115e-01       1.449345e-02       6.604401e-03       9.159613e-03
        1110       2.350007e+00       5.767644e-01       9.412216e-01       1.575163e-02       7.052363e-03       1.027749e-02
        1120       2.340842e+00       5.564775e-01       9.386197e-01       1.404621e-02       6.620609e-03       9.343827e-03
        1130       2.338794e+00       5.576978e-01       9.380071e-01       1.249984e-02       7.064624e-03       1.039779e-02
        1140       2.340746e+00       5.726728e-01       9.380962e-01       2.361577e-02       8.206138e-03       1.505990e-02
        1150       2.352711e+00       5.703061e-01       9.433606e-01       1.249981e-02       6.990535e-03       1.031726e-02
        1160       2.363869e+00       5.674882e-01       9.479804e-01       1.683914e-02       7.944080e-03       1.418153e-02
        1170       2.374878e+00       5.730693e-01       9.522349e-01       1.317529e-02       8.419261e-03       1.081318e-02
        1180       2.383629e+00       5.676561e-01       9.558760e-01       1.796947e-02       1.383582e-02       1.564781e-02
        1190       2.386497e+00       5.752526e-01       9.565197e-01       1.164160e-02       6.301772e-03       9.291080e-03
        1200       2.383244e+00       5.772230e-01       9.546506e-01       1.880632e-02       1.013159e-02       1.452217e-02
        1210       2.378008e+00       5.708457e-01       9.528107e-01       9.952454e-03       5.290494e-03       7.789240e-03
        1220       2.367287e+00       5.725008e-01       9.481547e-01       1.352203e-02       7.785431e-03       1.181451e-02
        1230       2.356727e+00       5.779341e-01       9.435931e-01       8.194196e-03       4.569368e-03       6.638094e-03
        1240       2.347956e+00       5.746685e-01       9.403807e-01       1.189185e-02       3.436623e-03       9.361020e-03
        1250       2.343013e+00       5.731745e-01       9.384039e-01       1.111241e-02       7.800014e-03       8.674661e-03
        1260       2.340754e+00       5.702783e-01       9.373091e-01       1.317550e-02       8.257685e-03       1.045972e-02
        1270       2.346842e+00       5.723230e-01       9.403070e-01       1.117254e-02       7.279743e-03       8.849393e-03
        1280       2.353923e+00       5.719256e-01       9.434847e-01       8.527478e-03       6.195525e-03       7.586367e-03
        1290       2.364108e+00       5.712900e-01       9.477025e-01       1.244891e-02       6.369517e-03       9.130004e-03
        1300       2.374348e+00       5.747621e-01       9.524764e-01       1.661112e-02       8.167888e-03       1.166626e-02
        1310       2.380155e+00       5.765362e-01       9.546324e-01       1.786952e-02       4.555866e-03       1.148246e-02
        1320       2.380103e+00       5.804974e-01       9.540887e-01       1.880345e-02       5.214032e-03       1.147417e-02
        1330       2.375442e+00       5.758311e-01       9.520692e-01       1.715386e-02       6.418282e-03       1.173974e-02
        1340       2.363600e+00       5.731412e-01       9.463244e-01       6.179958e-03       4.145448e-03       5.326076e-03
        1350       2.347761e+00       5.746295e-01       9.395193e-01       1.151645e-02       7.392737e-03       9.791611e-03
        1360       2.338715e+00       5.742173e-01       9.366518e-01       1.335465e-02       7.103957e-03       9.552817e-03
        1370       2.327252e+00       5.672610e-01       9.334519e-01       2.734947e-02       9.716885e-03       2.071124e-02
        1380       2.329756e+00       5.569659e-01       9.368702e-01       3.558596e-02       1.084937e-02       2.041723e-02
        1390       2.339044e+00       5.593437e-01       9.412545e-01       3.967640e-02       1.705320e-02       2.707078e-02
        1400       2.353590e+00       5.715594e-01       9.448669e-01       1.814427e-02       4.756167e-03       1.301303e-02
        1410       2.365723e+00       5.703124e-01       9.480466e-01       2.099301e-02       1.037689e-02       1.821445e-02
        1420       2.375701e+00       5.780589e-01       9.515348e-01       8.456987e-03       6.441305e-03       7.370626e-03
        1430       2.380268e+00       5.795475e-01       9.529530e-01       1.733380e-02       7.941278e-03       1.513338e-02
        1440       2.382369e+00       5.785307e-01       9.541651e-01       1.038563e-02       7.755310e-03       8.884129e-03
        1450       2.378409e+00       5.750713e-01       9.530128e-01       1.761504e-02       1.203205e-02       1.444210e-02
        1460       2.372403e+00       5.713002e-01       9.511242e-01       1.251273e-02       7.733352e-03       1.054371e-02
        1470       2.365086e+00       5.655193e-01       9.486317e-01       1.391341e-02       1.062813e-02       1.296387e-02
        1480       2.358754e+00       5.648000e-01       9.459660e-01       1.274203e-02       6.711733e-03       1.059263e-02
        1490       2.352449e+00       5.680059e-01       9.428747e-01       1.309183e-02       6.312923e-03       1.088348e-02
        1500       2.351290e+00       5.696781e-01       9.421747e-01       9.064969e-03       7.239302e-03       8.237914e-03
        1510       2.353854e+00       5.722361e-01       9.427132e-01       9.251412e-03       5.155075e-03       6.735234e-03
        1520       2.357734e+00       5.837231e-01       9.435637e-01       1.103967e-02       3.776207e-03       6.443372e-03
        1530       2.364773e+00       5.781742e-01       9.466713e-01       6.738118e-03       4.019090e-03       5.854048e-03
        1540       2.370953e+00       5.656156e-01       9.501496e-01       1.053394e-02       4.323257e-03       7.578536e-03
        1550       2.375697e+00       5.721270e-01       9.523646e-01       1.163147e-02       6.110766e-03       9.468196e-03
        1560       2.374573e+00       5.772716e-01       9.523792e-01       2.298281e-02       7.481453e-03       1.554992e-02
        1570       2.371771e+00       5.692802e-01       9.518026e-01       2.197526e-02       8.138125e-03       1.306694e-02
        1580       2.362199e+00       5.686141e-01       9.475009e-01       1.724862e-02       1.203524e-02       1.468567e-02
        1590       2.353853e+00       5.766501e-01       9.430468e-01       8.549245e-03       4.163840e-03       6.660621e-03
        1600       2.343431e+00       5.771767e-01       9.380077e-01       1.556818e-02       6.761117e-03       1.305326e-02
        1610       2.338539e+00       5.698050e-01       9.362376e-01       6.801234e-03       5.563473e-03       6.263385e-03
        1620       2.340920e+00       5.655905e-01       9.380487e-01       2.133262e-02       1.562604e-02       1.864351e-02
        1630       2.349307e+00       5.708432e-01       9.420444e-01       1.332272e-02       6.074894e-03       9.904475e-03
        1640       2.357069e+00       5.707717e-01       9.457416e-01       2.059549e-02       1.302629e-02       1.801184e-02
        1650       2.368327e+00       5.660667e-01       9.516950e-01       2.912584e-02       1.258925e-02       1.783169e-02
        1660       2.371795e+00       5.675038e-01       9.519708e-01       2.397979e-02       1.315739e-02       1.767906e-02
        1670       2.371370e+00       5.760934e-01       9.499022e-01       1.244070e-02       6.948195e-03       9.796196e-03
        1680       2.370313e+00       5.787630e-01       9.488926e-01       9.058828e-03       5.374632e-03       7.695702e-03
        1690       2.365470e+00       5.785470e-01       9.466357e-01       1.012830e-02       6.743866e-03       7.886488e-03
        1700       2.361846e+00       5.780540e-01       9.455551e-01       7.593104e-03       3.217287e-03       5.657892e-03
        1710       2.360061e+00       5.663731e-01       9.455087e-01       8.758274e-03       5.904551e-03       7.367681e-03
        1720       2.359601e+00       5.696168e-01       9.453590e-01       8.066053e-03       5.928958e-03       7.322152e-03
        1730       2.360024e+00       5.709617e-01       9.457749e-01       1.315831e-02       5.743808e-03       9.576428e-03
        1740       2.363980e+00       5.661900e-01       9.478000e-01       9.074652e-03       5.953648e-03       7.711844e-03
        1750       2.366602e+00       5.679020e-01       9.485654e-01       1.288268e-02       8.674396e-03       1.073203e-02
        1760       2.371183e+00       5.743269e-01       9.500008e-01       1.038095e-02       6.354564e-03       7.957316e-03
        1770       2.373949e+00       5.746364e-01       9.510006e-01       1.095477e-02       6.482694e-03       8.439845e-03
        1780       2.375435e+00       5.782440e-01       9.511298e-01       7.541719e-03       4.544356e-03       5.917053e-03
        1790       2.373791e+00       5.868239e-01       9.500483e-01       1.327303e-02       6.972978e-03       1.065228e-02
        1800       2.372581e+00       5.764037e-01       9.498259e-01       7.790779e-03       4.480204e-03       6.262449e-03
        1810       2.365099e+00       5.741886e-01       9.470525e-01       1.329226e-02       8.524941e-03       1.093772e-02
        1820       2.358629e+00       5.732107e-01       9.454673e-01       9.862766e-03       6.416631e-03       8.036827e-03
        1830       2.353098e+00       5.668007e-01       9.444201e-01       1.998864e-02       1.122348e-02       1.433392e-02
        1840       2.346994e+00       5.688162e-01       9.415555e-01       1.681957e-02       1.049347e-02       1.348847e-02
        1850       2.344403e+00       5.714104e-01       9.403076e-01       1.641145e-02       1.328451e-02       1.469466e-02
        1860       2.346916e+00       5.652861e-01       9.417975e-01       2.243660e-02       9.502635e-03       1.398490e-02
        1870       2.349898e+00       5.733896e-01       9.417222e-01       1.327496e-02       8.383976e-03       1.124240e-02
        1880       2.357108e+00       5.766356e-01       9.435570e-01       1.200464e-02       8.570961e-03       1.074823e-02
        1890       2.368005e+00       5.738948e-01       9.481639e-01       9.377852e-03       5.209261e-03       7.806966e-03
        1900       2.371986e+00       5.854021e-01       9.495581e-01       1.810711e-02       3.279448e-03       1.317764e-02
        1910       2.376003e+00       5.799330e-01       9.519832e-01       1.405899e-02       6.463543e-03       1.059556e-02
        1920       2.375265e+00       5.771172e-01       9.524596e-01       2.491186e-02       1.304421e-02       1.808905e-02
        1930       2.368574e+00       5.754733e-01       9.495368e-01       1.411927e-02       4.748835e-03       1.089760e-02
        1940       2.360729e+00       5.654836e-01       9.466633e-01       1.496527e-02       9.109507e-03       1.249636e-02
        1950       2.354329e+00       5.662440e-01       9.439902e-01       9.071985e-03       5.000420e-03       6.456987e-03
        1960       2.345714e+00       5.750320e-01       9.394825e-01       1.802650e-02       7.596196e-03       1.236717e-02
        1970       2.345401e+00       5.697657e-01       9.396228e-01       9.490571e-03       5.471308e-03       7.361920e-03
        1980       2.347105e+00       5.639054e-01       9.406926e-01       1.397909e-02       7.481775e-03       1.036937e-02
        1990       2.352708e+00       5.794888e-01       9.423553e-01       9.576544e-03       7.230002e-03       7.970381e-03
        2000       2.361158e+00       5.700938e-01       9.458881e-01       1.284745e-02       5.325767e-03       8.992426e-03
        2010       2.370881e+00       5.749645e-01       9.498692e-01       1.051198e-02       4.022488e-03       8.119770e-03
        2020       2.374971e+00       5.798568e-01       9.513247e-01       1.248905e-02       4.927736e-03       9.242720e-03
        2030       2.378951e+00       5.702214e-01       9.535158e-01       9.621838e-03       4.790854e-03       7.524532e-03
        2040       2.378744e+00       5.674672e-01       9.536306e-01       1.079491e-02       4.547538e-03       8.429316e-03
        2050       2.373164e+00       5.787190e-01       9.505654e-01       1.218585e-02       6.416147e-03       1.059578e-02
        2060       2.367548e+00       5.794124e-01       9.482714e-01       1.117868e-02       5.670603e-03       9.080467e-03
        2070       2.360399e+00       5.687648e-01       9.457217e-01       9.612852e-03       7.868245e-03       8.882861e-03
        2080       2.353663e+00       5.737582e-01       9.426624e-01       7.848540e-03       6.793089e-03       7.278992e-03
        2090       2.349695e+00       5.705943e-01       9.408391e-01       1.209304e-02       7.950171e-03       9.803826e-03
        2100       2.350454e+00       5.711903e-01       9.411891e-01       7.581507e-03       5.946490e-03       7.069757e-03
        2110       2.351314e+00       5.751912e-01       9.413317e-01       1.287756e-02       4.627027e-03       1.031151e-02
        2120       2.357280e+00       5.704306e-01       9.440750e-01       8.687357e-03       6.801054e-03       7.574729e-03
        2130       2.365416e+00       5.658943e-01       9.479728e-01       1.446334e-02       9.341249e-03       1.274990e-02
        2140       2.372301e+00       5.753994e-01       9.506474e-01       1.263595e-02       7.416006e-03       1.015361e-02
        2150       2.377692e+00       5.770217e-01       9.530409e-01       1.723449e-02       1.009307e-02       1.476276e-02
        2160       2.381191e+00       5.756476e-01       9.550096e-01       2.099633e-02       9.297077e-03       1.304626e-02
        2170       2.374886e+00       5.792027e-01       9.516418e-01       1.870575e-02       1.084022e-02       1.553633e-02
        2180       2.368128e+00       5.691340e-01       9.490485e-01       1.299746e-02       8.053614e-03       1.013707e-02
        2190       2.358131e+00       5.597114e-01       9.454572e-01       1.242497e-02       8.773958e-03       1.029551e-02
        2200       2.346750e+00       5.715109e-01       9.401546e-01       1.498792e-02       7.202869e-03       1.132652e-02
        2210       2.342275e+00       5.630349e-01       9.394149e-01       1.560674e-02       1.065959e-02       1.291353e-02
        2220       2.344397e+00       5.656262e-01       9.406524e-01       1.897156e-02       1.349743e-02       1.546183e-02
        2230       2.346820e+00       5.731503e-01       9.411522e-01       2.038609e-02       6.711455e-03       1.260091e-02
        2240       2.357432e+00       5.614868e-01       9.459870e-01       1.731441e-02       1.256782e-02       1.500245e-02
        2250       2.366425e+00       5.642942e-01       9.491306e-01       1.333785e-02       4.421525e-03       9.386590e-03
        2260       2.372359e+00       5.796495e-01       9.500270e-01       1.500944e-02       5.066157e-03       1.209973e-02
        2270       2.378990e+00       5.803230e-01       9.526232e-01       1.036122e-02       5.555511e-03       7.496070e-03
        2280       2.378333e+00       5.754135e-01       9.523352e-01       1.083195e-02       7.833267e-03       9.805042e-03
        2290       2.374321e+00       5.845149e-01       9.506507e-01       9.677701e-03       6.348039e-03       8.243790e-03
        2300       2.368877e+00       5.697773e-01       9.490809e-01       1.215514e-02       9.620995e-03       1.068068e-02
        2310       2.363095e+00       5.747732e-01       9.466481e-01       9.479733e-03       6.267386e-03       8.148580e-03
        2320       2.354270e+00       5.770285e-01       9.429354e-01       1.585226e-02       5.456955e-03       9.957179e-03
        2330       2.351521e+00       5.647869e-01       9.427162e-01       9.344748e-03       5.727465e-03       7.526759e-03
        2340       2.348789e+00       5.611015e-01       9.418462e-01       8.802776e-03       7.050474e-03       8.049459e-03
        2350       2.350316e+00       5.722937e-01       9.415993e-01       1.166048e-02       5.430612e-03       8.039929e-03
        2360       2.356391e+00       5.756848e-01       9.439801e-01       9.364524e-03       5.786746e-03       7.900894e-03
        2370       2.364236e+00       5.722633e-01       9.470955e-01       1.143919e-02       4.713107e-03       8.059149e-03
        2380       2.369470e+00       5.839768e-01       9.486978e-01       1.248013e-02       7.800472e-03       1.006361e-02
        2390       2.376204e+00       5.743521e-01       9.518635e-01       1.222776e-02       7.922877e-03       9.414913e-03
        2400       2.379186e+00       5.750539e-01       9.531826e-01       1.087751e-02       7.735458e-03       9.061192e-03
        2410       2.375612e+00       5.820819e-01       9.515713e-01       1.534193e-02       5.444966e-03       1.164039e-02
        2420       2.371504e+00       5.719183e-01       9.508692e-01       1.360520e-02       9.584682e-03       1.180506e-02
        2430       2.362951e+00       5.649576e-01       9.478089e-01       1.695467e-02       1.370362e-02       1.520317e-02
        2440       2.352572e+00       5.711052e-01       9.431210e-01       1.422479e-02       9.501121e-03       1.215711e-02
        2450       2.346150e+00       5.699606e-01       9.406922e-01       2.072983e-02       1.394187e-02       1.680457e-02
        2460       2.341794e+00       5.658367e-01       9.386793e-01       1.509738e-02       7.023939e-03       9.306711e-03
        2470       2.341308e+00       5.769926e-01       9.373112e-01       2.157448e-02       8.528041e-03       1.688103e-02
        2480       2.349246e+00       5.693596e-01       9.406563e-01       9.461867e-03       4.623791e-03       5.876222e-03
        2490       2.357950e+00       5.738085e-01       9.440004e-01       1.657002e-02       6.126259e-03       1.302669e-02
        2500       2.367278e+00       5.766081e-01       9.481729e-01       1.019157e-02       5.632542e-03       7.927809e-03
        2510       2.376659e+00       5.679373e-01       9.534858e-01       2.209751e-02       1.103542e-02       1.677185e-02
        2520       2.380844e+00       5.732375e-01       9.552349e-01       1.625217e-02       5.451741e-03       1.094596e-02
        2530       2.375978e+00       5.773384e-01       9.526565e-01       2.587383e-02       6.437020e-03       1.572691e-02
        2540       2.371971e+00       5.735842e-01       9.512224e-01       1.077895e-02       6.929933e-03       9.115098e-03
        2550       2.359391e+00       5.701159e-01       9.455774e-01       1.011005e-02       4.431499e-03       7.043140e-03
        2560       2.350857e+00       5.706860e-01       9.415140e-01       8.594601e-03       4.672805e-03       6.519643e-03
        2570       2.346847e+00       5.675726e-01       9.399509e-01       1.389098e-02       6.253304e-03       8.551780e-03
        2580       2.345931e+00       5.755518e-01       9.393378e-01       6.380849e-03       4.800700e-03       5.626817e-03
        2590       2.348590e+00       5.746927e-01       9.405143e-01       8.405056e-03       5.067259e-03       7.050359e-03
        2600       2.355727e+00       5.718727e-01       9.438805e-01       7.137485e-03       3.665406e-03       5.147909e-03
        2610       2.363906e+00       5.756327e-01       9.471152e-01       9.655524e-03       4.825842e-03       7.301654e-03
        2620       2.370410e+00       5.739939e-01       9.495736e-01       1.127792e-02       7.061685e-03       9.039124e-03
        2630       2.377361e+00       5.719987e-01       9.525882e-01       1.061038e-02       6.135048e-03       8.593547e-03
        2640       2.379385e+00       5.773027e-01       9.532692e-01       1.223028e-02       6.332365e-03       9.479812e-03
        2650       2.378851e+00       5.790264e-01       9.526770e-01       1.017661e-02       6.894297e-03       8.295383e-03
        2660       2.374648e+00       5.719923e-01       9.511046e-01       1.028344e-02       6.497397e-03       8.345738e-03
        2670       2.368125e+00       5.742138e-01       9.483544e-01       8.212667e-03       5.004424e-03       6.440734e-03
        2680       2.357187e+00       5.787475e-01       9.434932e-01       1.277537e-02       6.694842e-03       1.005854e-02
        2690       2.349589e+00       5.790937e-01       9.408032e-01       7.483924e-03       4.020103e-03       6.233482e-03
        2700       2.341707e+00       5.740854e-01       9.379816e-01       1.492668e-02       6.792710e-03       1.199409e-02
        2710       2.339002e+00       5.687031e-01       9.372908e-01       1.198852e-02       6.632237e-03       9.465656e-03
        2720       2.345118e+00       5.632511e-01       9.413155e-01       1.644837e-02       1.198667e-02       1.483041e-02
        2730       2.354601e+00       5.658410e-01       9.453230e-01       1.554808e-02       6.957325e-03       1.057867e-02
        2740       2.363650e+00       5.755071e-01       9.484698e-01       2.171802e-02       8.028451e-03       1.629735e-02
        2750       2.375403e+00       5.708177e-01       9.539936e-01       1.995505e-02       1.251796e-02       1.533809e-02
        2760       2.378381e+00       5.690768e-01       9.542225e-01       1.351225e-02       1.058790e-02       1.236727e-02
        2770       2.377285e+00       5.828451e-01       9.519742e-01       1.439898e-02       7.052169e-03       1.196568e-02
        2780       2.373993e+00       5.854842e-01       9.500415e-01       1.027988e-02       3.705536e-03       8.176372e-03
        2790       2.365350e+00       5.869831e-01       9.462156e-01       1.142018e-02       5.074799e-03       9.707756e-03
        2800       2.356625e+00       5.757616e-01       9.431365e-01       7.457001e-03       5.410790e-03       5.989918e-03
        2810       2.351463e+00       5.683819e-01       9.418683e-01       1.162997e-02       6.830240e-03       8.613498e-03
        2820       2.348494e+00       5.725664e-01       9.409943e-01       1.221601e-02       3.908707e-03       7.055668e-03
        2830       2.348335e+00       5.627656e-01       9.417770e-01       1.379280e-02       7.604606e-03       9.737857e-03
        2840       2.354119e+00       5.644761e-01       9.448311e-01       8.789642e-03       5.315297e-03       7.042843e-03
        2850       2.359688e+00       5.671550e-01       9.467348e-01       1.605092e-02       6.696691e-03       9.436909e-03
        2860       2.368146e+00       5.752028e-01       9.496763e-01       1.130120e-02       4.081032e-03       8.566307e-03
        2870       2.373998e+00       5.678565e-01       9.521259e-01       1.063093e-02       6.162941e-03       8.543421e-03
        2880       2.377808e+00       5.761257e-01       9.529692e-01       7.019350e-03       3.924392e-03       5.868631e-03
        2890       2.377038e+00       5.795963e-01       9.516784e-01       1.293938e-02       7.094948e-03       9.193576e-03
        2900       2.375039e+00       5.879195e-01       9.504151e-01       6.619169e-03       2.701285e-03       5.455155e-03
        2910       2.366989e+00       5.845274e-01       9.469643e-01       1.132355e-02       5.191916e-03       9.790410e-03
        2920       2.357555e+00       5.763539e-01       9.435722e-01       5.876497e-03       3.920033e-03       5.155755e-03
        2930       2.349448e+00       5.677750e-01       9.410651e-01       1.458310e-02       1.051190e-02       1.310609e-02
        2940       2.342228e+00       5.681068e-01       9.389867e-01       1.691918e-02       8.622149e-03       1.255652e-02
        2950       2.340151e+00       5.657624e-01       9.395357e-01       2.247526e-02       1.640735e-02       1.975316e-02
        2960       2.343907e+00       5.572837e-01       9.422744e-01       2.011709e-02       1.514048e-02       1.761914e-02
        2970       2.353470e+00       5.653837e-01       9.456160e-01       2.141491e-02       1.295308e-02       1.669491e-02
        2980       2.365443e+00       5.654038e-01       9.496862e-01       1.439672e-02       1.135002e-02       1.322149e-02
        2990       2.371796e+00       5.736015e-01       9.506981e-01       1.085673e-02       7.462436e-03       9.402573e-03
        3000       2.377281e+00       5.809410e-01       9.521377e-01       1.349349e-02       7.172980e-03       1.011825e-02
