2019-06-24 12:43:47.327453: I tensorflow/core/platform/cpu_feature_guard.cc:140] Your CPU supports instructions that this TensorFlow binary was not compiled to use: AVX512F
2019-06-24 12:43:48.487736: E tensorflow/stream_executor/cuda/cuda_driver.cc:406] failed call to cuInit: CUDA_ERROR_NO_DEVICE
2019-06-24 12:43:48.487798: I tensorflow/stream_executor/cuda/cuda_diagnostics.cc:158] retrieving CUDA diagnostic information for host: SR760-GPU-7
2019-06-24 12:43:48.487810: I tensorflow/stream_executor/cuda/cuda_diagnostics.cc:165] hostname: SR760-GPU-7
2019-06-24 12:43:48.487872: I tensorflow/stream_executor/cuda/cuda_diagnostics.cc:189] libcuda reported version is: 410.48.0
2019-06-24 12:43:48.487945: I tensorflow/stream_executor/cuda/cuda_diagnostics.cc:193] kernel reported version is: 410.48.0
2019-06-24 12:43:48.487956: I tensorflow/stream_executor/cuda/cuda_diagnostics.cc:300] kernel version seems to match DSO: 410.48.0
>>> Info of lammps module:
  use deepmd-kit at:  /sharedext4/local/deepmd-kit-0.12.4
  source:             v0.12.4-1-ge3cd911-dirty
  source branch:      master
  source commit:      e3cd911
  source commit at:   2019-02-07 10:22:13 +0800
  build float prec:   double
  build with tf inc:  /sharedext4/local/tensorflow/r1.8.gpu.cc/include
  build with tf lib:  /sharedext4/local/tensorflow/r1.8.gpu.cc/lib/libtensorflow_cc.so;/sharedext4/local/tensorflow/r1.8.gpu.cc/lib/libtensorflow_framework.so
  >>> Info of model(s):
  using   4 model(s): ../graph.002.pb ../graph.003.pb ../graph.000.pb ../graph.001.pb 
  rcut in model:      5
  ntypes in model:    2
Neighbor list info ...
  update every 1 steps, delay 10 steps, check yes
  max neighbors/atom: 2000, page size: 100000
  master list distance cutoff = 6
  ghost atom cutoff = 6
  binsize = 3, bins = 4 4 4
  1 neighbor lists, perpetual/occasional/extra = 1 0 0
  (1) pair deepmd, perpetual
      attributes: , newton on
      pair build: full/bin/atomonly
      stencil: full/bin/3d
      bin: standard
Setting up Verlet run ...
  Unit style    : metal
  Current step  : 0
  Time step     : 0.002
Per MPI rank memory allocation (min/avg/max) = 3.949 | 3.949 | 3.949 Mbytes
Step Temp PotEng KinEng TotEng Press Volume Lx Ly Lz Xy Xz Yz 
       0          100   -23.996768  0.051704058   -23.945064   -445.46115    1015.4904    10.065494    9.8754836    10.216034 7.1121926e-05    0.0644881   -0.1008083 
      10    35.241658   -23.959648  0.018221367   -23.941427   -790.43559    1020.4025    10.081698     9.891381     10.23248 7.1236417e-05  0.064591912  -0.10097058 
      20    56.558923   -23.968007  0.029243258   -23.938764   -1019.5781     1025.295    10.097785    9.9071647    10.248807 7.1350089e-05  0.064694981   -0.1011317 
      30    60.446922   -23.967103  0.031253511    -23.93585    -988.1889    1030.0857    10.113488     9.922571    10.264745 7.1461043e-05  0.064795586  -0.10128897 
      40    52.152791   -23.959104  0.026965109   -23.932139   -753.93515    1034.8141    10.128939    9.9377305    10.280427 7.157022e-05   0.06489458  -0.10144371 
      50     114.2859   -23.988556  0.059090446   -23.929465   -379.34899    1039.5657    10.144419    9.9529177    10.296138 7.1679596e-05  0.064993754  -0.10159874 
      60    46.733525   -23.942932  0.024163129   -23.918769    220.18499    1044.2811    10.159734    9.9679436    10.311682 7.1787811e-05  0.065091875  -0.10175213 
      70    123.84484   -23.972556  0.064032807   -23.908523    763.42942    1049.1544    10.175513    9.9834251    10.327698 7.1899306e-05  0.065192971  -0.10191016 
      80    117.06676   -23.954563  0.060528263   -23.894034    1208.1555    1054.2539    10.191973    9.9995743    10.344404 7.201561e-05  0.065298427  -0.10207501 
      90    66.025734   -23.918238  0.034137984     -23.8841    1362.6405    1059.7656    10.209703     10.01697    10.362399 7.2140893e-05  0.065412024  -0.10225258 
     100    159.69378   -23.963913  0.082568164   -23.881345      1085.75    1065.7878    10.229006    10.035908    10.381991 7.2277284e-05  0.065535693  -0.10244591 
     110    88.184855   -23.921674  0.045595149   -23.876079    594.28077    1072.2071    10.249502    10.056017    10.402793 7.2422104e-05  0.065667005  -0.10265117 
     120    185.63488   -23.974479  0.095980768   -23.878499   -163.24171    1079.1311    10.271517    10.077617    10.425137 7.2577661e-05  0.065808053  -0.10287166 
     130    119.38694   -23.937096  0.061727891   -23.875368   -856.51573    1086.3875    10.294488    10.100155    10.448453 7.2739977e-05  0.065955229  -0.10310173 
     140    68.242185   -23.908868  0.035283979   -23.873584   -1301.5869    1093.8712    10.318072    10.123294    10.472389 7.290662e-05  0.066106329  -0.10333793 
     150    167.79207   -23.963992  0.086755311   -23.877237   -1459.3742    1101.5343    10.342111    10.146878    10.496787 7.3076474e-05  0.066260339  -0.10357868 
     160    77.755237   -23.921163  0.040202613    -23.88096   -1172.6826    1109.3079    10.366382    10.170691    10.521422 7.3247972e-05  0.066415841  -0.10382176 
     170    148.69704    -23.96774  0.076882406   -23.890858   -665.60043      1117.42     10.39159    10.195423    10.547006 7.3426086e-05  0.066577342  -0.10407422 
     180     111.9473    -23.95311  0.057881297   -23.895229    26.264642    1125.8149    10.417548    10.220891    10.573353 7.3609506e-05  0.066743654   -0.1043342 
     190    90.577319   -23.942423  0.046832149   -23.895591    699.45752     1134.709     10.44491    10.247736    10.601123 7.380284e-05  0.066918955  -0.10460823 
     200    135.31408   -23.965914  0.069962871   -23.895951      1126.37    1144.2995    10.474254    10.276526    10.630906 7.4010183e-05  0.067106957  -0.10490212 
     210    22.627185   -23.908778  0.011699173   -23.897079    1276.7855    1154.6264    10.505668    10.307348     10.66279 7.4232154e-05  0.067308224  -0.10521674 
     220    114.42908   -23.966107  0.059164478   -23.906943    1061.6928    1165.8253    10.539524    10.340565    10.697153 7.4471378e-05  0.067525136  -0.10555582 
     230    113.53384   -23.974945  0.058701604   -23.916244    662.71264    1177.8078     10.57551    10.375871    10.733677 7.4725652e-05  0.067755693  -0.10591623 
     240    92.041237   -23.967465  0.047589055   -23.919876    113.80228    1190.6507     10.61381    10.413448     10.77255 7.4996276e-05  0.068001074  -0.10629981 
     250    120.81978   -23.985513  0.062468731   -23.923044   -441.57149    1204.3455    10.654348    10.453221    10.813694 7.5282714e-05  0.068260795  -0.10670581 
     260    40.446701   -23.941482  0.020912586   -23.920569   -797.16734    1218.7534    10.696666    10.494741    10.856646 7.5581733e-05  0.068531923  -0.10712964 
     270     87.19081    -23.96732  0.045081187   -23.922239   -1012.8625    1234.0584    10.741256    10.538489    10.901902 7.5896802e-05  0.068817604  -0.10757621 
     280    42.662311   -23.947866  0.022058146   -23.925808   -963.43746    1250.2394    10.787999    10.584349    10.949344 7.6227082e-05  0.069117077  -0.10804435 
     290    35.513857   -23.950573  0.018362105   -23.932211   -714.71187    1267.4749    10.837347    10.632765     10.99943 7.6575768e-05   0.06943324  -0.10853858 
     300    94.863139   -23.990656  0.049048092   -23.941608   -367.50365    1285.9793    10.889832    10.684259      11.0527 7.6946623e-05  0.069769504  -0.10906423 
Loop time of 5.40904 on 1 procs for 300 steps with 5 atoms

Performance: 9.584 ns/day, 2.504 hours/ns, 55.463 timesteps/s
366.9% CPU use with 1 MPI tasks x no OpenMP threads

MPI task timing breakdown:
Section |  min time  |  avg time  |  max time  |%varavg| %total
---------------------------------------------------------------
Pair    | 5.3591     | 5.3591     | 5.3591     |   0.0 | 99.08
Neigh   | 0.00016022 | 0.00016022 | 0.00016022 |   0.0 |  0.00
Comm    | 0.0013673  | 0.0013673  | 0.0013673  |   0.0 |  0.03
Output  | 0.042073   | 0.042073   | 0.042073   |   0.0 |  0.78
Modify  | 0.0045507  | 0.0045507  | 0.0045507  |   0.0 |  0.08
Other   |            | 0.001823   |            |       |  0.03

Nlocal:    5 ave 5 max 5 min
Histogram: 1 0 0 0 0 0 0 0 0 0
Nghost:    78 ave 78 max 78 min
Histogram: 1 0 0 0 0 0 0 0 0 0
Neighs:    0 ave 0 max 0 min
Histogram: 1 0 0 0 0 0 0 0 0 0

Total # of neighbors = 0
Ave neighs/atom = 0
Neighbor list builds = 9
Dangerous builds = 0
Total wall time: 0:00:07
