2019-06-24 13:10:41.505339: I tensorflow/core/platform/cpu_feature_guard.cc:140] Your CPU supports instructions that this TensorFlow binary was not compiled to use: AVX512F
2019-06-24 13:10:43.224329: E tensorflow/stream_executor/cuda/cuda_driver.cc:406] failed call to cuInit: CUDA_ERROR_NO_DEVICE
2019-06-24 13:10:43.224394: I tensorflow/stream_executor/cuda/cuda_diagnostics.cc:158] retrieving CUDA diagnostic information for host: SR760-GPU-7
2019-06-24 13:10:43.224408: I tensorflow/stream_executor/cuda/cuda_diagnostics.cc:165] hostname: SR760-GPU-7
2019-06-24 13:10:43.224474: I tensorflow/stream_executor/cuda/cuda_diagnostics.cc:189] libcuda reported version is: 410.48.0
2019-06-24 13:10:43.224532: I tensorflow/stream_executor/cuda/cuda_diagnostics.cc:193] kernel reported version is: 410.48.0
2019-06-24 13:10:43.224543: I tensorflow/stream_executor/cuda/cuda_diagnostics.cc:300] kernel version seems to match DSO: 410.48.0
fo of lammps module:
  use deepmd-kit at:  /sharedext4/local/deepmd-kit-0.12.4
  source:             v0.12.4-1-ge3cd911-dirty
  source branch:      master
  source commit:      e3cd911
  source commit at:   2019-02-07 10:22:13 +0800
  build float prec:   double
  build with tf inc:  /sharedext4/local/tensorflow/r1.8.gpu.cc/include
  build with tf lib:  /sharedext4/local/tensorflow/r1.8.gpu.cc/lib/libtensorflow_cc.so;/sharedext4/local/tensorflow/r1.8.gpu.cc/lib/libtensorflow_framework.so
  >>> Info of model(s):
  using   4 model(s): ../graph.002.pb ../graph.003.pb ../graph.000.pb ../graph.001.pb 
  rcut in model:      5
  ntypes in model:    2
Neighbor list info ...
  update every 1 steps, delay 10 steps, check yes
  max neighbors/atom: 2000, page size: 100000
  master list distance cutoff = 6
  ghost atom cutoff = 6
  binsize = 3, bins = 4 4 4
  1 neighbor lists, perpetual/occasional/extra = 1 0 0
  (1) pair deepmd, perpetual
      attributes: , newton on
      pair build: full/bin/atomonly
      stencil: full/bin/3d
      bin: standard
Setting up Verlet run ...
  Unit style    : metal
  Current step  : 0
  Time step     : 0.002
Per MPI rank memory allocation (min/avg/max) = 3.949 | 3.949 | 3.949 Mbytes
Step Temp PotEng KinEng TotEng Press Volume Lx Ly Lz Xy Xz Yz 
       0          100   -23.965399  0.051704058   -23.913695   -817.84376    1027.0469    10.254482    10.232201    9.7883053    0.0204132    0.2011217    0.1015408 
      10    76.875072   -23.949644  0.039747532   -23.909897   -925.69797    1029.1198    10.261376     10.23908    9.7948859  0.020426924   0.20125691   0.10160907 
      20    66.602992   -23.939196   0.03443645   -23.904759   -879.93717    1030.5684    10.266189    10.243882    9.7994796  0.020436504    0.2013513   0.10165672 
      30    73.483633   -23.940604   0.03799402    -23.90261   -705.86399    1031.3774    10.268875    10.246562    9.8020433   0.02044185   0.20140398   0.10168331 
      40    95.484924   -23.953754   0.04936958   -23.904384   -437.74206    1031.5628     10.26949    10.247175    9.8026305  0.020443075   0.20141604   0.10168941 
      50    106.81255   -23.959803  0.055226425   -23.904577   -86.870855    1031.1318    10.268059    10.245748    9.8012652  0.020440228   0.20138799   0.10167524 
      60    107.82046   -23.957694  0.055747556   -23.901946    276.48876    1030.1052    10.264651    10.242347    9.7980113  0.020433442   0.20132113   0.10164149 
      70    109.62086   -23.947014  0.056678431   -23.890336    643.34315     1028.487    10.259273    10.236981     9.792878  0.020422736   0.20121566   0.10158824 
      80    105.76695   -23.928946  0.054685805    -23.87426    977.62012    1026.2623     10.25187    10.229594    9.7858119     0.020408   0.20107047   0.10151493 
      90    126.34665   -23.927413  0.065326344   -23.862087    1137.4633    1023.4506    10.242499    10.220243    9.7768669  0.020389346   0.20088667   0.10142214 
     100    141.26868   -23.923567   0.07304164   -23.850526    1061.3225    1020.0535    10.231154    10.208923    9.7660378  0.020366762   0.20066417    0.1013098 
     110    175.72924   -23.927443  0.090859147   -23.836584    753.54294    1016.0304    10.217686    10.195484    9.7531815   0.02033995   0.20040001   0.10117644 
     120    185.77647   -23.914606  0.096053974   -23.818552    246.22429    1011.3391    10.201935    10.179768    9.7381473  0.020308597    0.2000911   0.10102048 
     130     209.1092   -23.919255   0.10811794   -23.811137     -285.699    1005.8491    10.183442    10.161315    9.7204944  0.020271783   0.19972838   0.10083735 
     140    202.62013   -23.910713   0.10476283   -23.805951   -757.75533    999.48515     10.16192    10.139839    9.6999506  0.020228939   0.19930626   0.10062424 
     150    154.00312   -23.881476  0.079625862    -23.80185   -1186.5109    992.20118    10.137174    10.115147    9.6763297  0.020179678   0.19882092    0.1003792 
     160    145.18609   -23.888969  0.075067101   -23.813902   -1361.8801    983.90106    10.108827    10.086862    9.6492721  0.020123251   0.19826496   0.10009851 
     170    130.17817    -23.91259  0.067307394   -23.845283   -1281.1935     974.5848     10.07682    10.054925    9.6187201  0.020059535   0.19763721  0.099781576 
     180    147.11313   -23.948035   0.07606346   -23.871971   -996.55383    964.30747    10.041274    10.019456    9.5847896  0.019988775   0.19694003  0.099429593 
     190    131.80559   -23.955611   0.06814884   -23.887462    -516.1971     953.1334    10.002338    9.9806045     9.547624  0.019911267   0.19617639  0.099044048 
     200    111.77381   -23.954892  0.057791595   -23.897101    14.579261    941.14146    9.9602127    9.9385704    9.5074134  0.019827409   0.19535017  0.098626916 
     210    82.787515   -23.944692  0.042804505   -23.901888     493.8229    928.37407    9.9149678    9.8934239    9.4642254  0.019737342   0.19446278  0.098178897 
     220    72.069128   -23.944264  0.037262664   -23.907002    895.55905    914.82202    9.8664862    9.8450475    9.4179478  0.019640831   0.19351191  0.097698828 
     230    82.528635   -23.952513  0.042670653   -23.909842    1134.9727    900.47955    9.8146525    9.7933265    9.3684705  0.019537648   0.19249529  0.097185566 
     240    84.748369   -23.952769  0.043818346   -23.908951     1194.669    885.33224     9.759309    9.7381033     9.315643  0.019427478   0.19140984   0.09663755 
     250    93.257448   -23.958214  0.048217885   -23.909996    1098.7135    869.33661    9.7001764    9.6790991    9.2591986  0.019309765   0.19025007  0.096052013 
     260    79.057558   -23.952619  0.040875966   -23.911743    829.11704    852.44951    9.6369557    9.6160158     9.198852  0.019183914   0.18901012  0.095425997 
     270    84.895708    -23.95824  0.043894526   -23.914346    421.53181    834.60982    9.5692553    9.5484625    9.1342292  0.019049145   0.18768231  0.094755621 
     280    90.147355   -23.958707  0.046609841   -23.912097   -30.852832    815.73191    9.4965559     9.475921    9.0648348  0.018904425   0.18625645  0.094035745 
     290    99.407726   -23.958485  0.051397828   -23.907087   -532.28897     795.7659    9.4184351    9.3979701    8.9902655  0.018748913   0.18472426  0.093262186 
     300    94.241731   -23.949955  0.048726799   -23.901228   -993.35222    774.65151    9.3343862    9.3141038    8.9100375    0.0185816   0.18307581  0.092429926 
     310    82.565401   -23.938627  0.042689663   -23.895938   -1250.2907    752.31818    9.2438061    9.2237205    8.8235753  0.018401286   0.18129926  0.091532994 
     320    83.460286    -23.93595  0.043152354   -23.892798   -1313.4136    728.74062    9.1462128    9.1263392    8.7304186  0.018207011   0.17938515  0.090566616 
     330    89.019122   -23.930954  0.046026499   -23.884927   -1163.2246    703.91194    9.0411378    9.0214925    8.6301204  0.017997842   0.17732431  0.089526154 
     340     118.4718   -23.937466  0.061254728   -23.876211   -811.63975    677.85526    8.9281737    8.9087739    8.5222918  0.017772969   0.17510874  0.088407574 
     350    135.19223   -23.941424  0.069899871   -23.871524   -367.62572    650.63648    8.8070362    8.7878996    8.4066612  0.017531825   0.17273286  0.087208059 
     360    159.12867   -23.954008  0.082275978   -23.871732    205.48459    622.32381      8.67739    8.6585351    8.2829088  0.017273743    0.1701901  0.085924291 
     370    152.67238   -23.946307  0.078937814   -23.867369    978.06219    593.02986    8.5390423     8.520488    8.1508505   0.01699834   0.16747668  0.084554359 
     380    137.61124   -23.918605  0.071150593   -23.847454    1650.0521    562.93894    8.3921017    8.3738667      8.01059  0.016705831   0.16459473  0.083099341 
     390    129.52374   -23.899078  0.066969027   -23.832109    2020.3451    532.26118     8.236801    8.2189035    7.8623494   0.01639668   0.16154881   0.08156154 
     400    133.61926    -23.90511  0.069086581   -23.836023    1805.4128    501.23574    8.0735459    8.0560031     7.706516  0.016071695   0.15834688  0.079944973 
     410    173.01528    -23.94325  0.089455919   -23.853794    821.18282    470.12436    7.9029256    7.8857535    7.5436523  0.015732047    0.1550005  0.078255476 
     420    159.33216   -23.940868  0.082381195   -23.858487   -129.65867    439.15699    7.7254463    7.7086598    7.3742413  0.015378746   0.15151958  0.076498059 
     430    141.12569   -23.929555  0.072967708   -23.856587   -1036.9626    408.65678    7.5422898    7.5259013    7.1994112  0.015014144   0.14792733  0.074684427 
     440    106.64442   -23.920274  0.055139495   -23.865135   -2098.7008    378.96477    7.3550098    7.3390283    7.0206451  0.014641333   0.14425419  0.072829964 
     450    98.269665   -23.935055  0.050809405   -23.884245   -2840.6174    350.37699    7.1652085    7.1496394    6.8394724  0.014263503   0.14053161  0.070950535 
     460    88.622437   -23.948246  0.045821396   -23.902425   -3345.7732    323.18497    6.9748364     6.959681    6.6577547  0.013884536   0.13679783  0.069065453 
     470     88.44401    -23.95638  0.045729142   -23.910651   -3233.3811    297.66633    6.7862035     6.771458    6.4776973  0.013509032   0.13309817  0.067197594 
     480    94.055729    -23.96221  0.048630628   -23.913579   -2365.6642    274.43198    6.6048337    6.5904822    6.3045726  0.013147986   0.12954095  0.065401653 
     490    87.764475   -23.956256  0.045377795   -23.910878   -581.84459    254.32186    6.4393921    6.4254001    6.1466522  0.012818648   0.12629614  0.063763436 
     500    69.597662   -23.938263  0.035984815   -23.902278    1729.9771    239.38567    6.3107798    6.2970673    6.0238867  0.012562624   0.12377366  0.062489906 
     510    48.969204   -23.921153  0.025319066   -23.895834    3740.3647    231.85686    6.2439146    6.2303474    5.9600613  0.012429519   0.12246223  0.061827801 
     520    62.626967   -23.933613  0.032380683   -23.901232    4704.8118    232.93199    6.2535509    6.2399627    5.9692594  0.012448701   0.12265122  0.061923219 
     530    79.246535   -23.955997  0.040973674   -23.915023    4515.1255    242.41922    6.3373252     6.323555    6.0492253  0.012615467   0.12429429   0.06275276 
     540    91.263936   -23.971413  0.047187159   -23.924226    3909.2293    258.53964     6.474795    6.4607261    6.1804456  0.012889123   0.12699049  0.064113998 
     550    76.094947    -23.96376  0.039344176   -23.924416    3159.0068    278.62456    6.6382985    6.6238743    6.3365161  0.013214603    0.1301973  0.065733025 
     560    84.334192   -23.963376    0.0436042   -23.919772    2539.5961    300.27727    6.8059872    6.7911987    6.4965816  0.013548415   0.13348618  0.067393494 
     570    73.054756   -23.948759  0.037772273   -23.910987    1883.4368    322.59581    6.9705955    6.9554493    6.6537066  0.013876094   0.13671466  0.069023459 
     580    83.004312    -23.94468  0.042916598   -23.901763    946.75027    345.24646    7.1300634    7.1145706    6.8059249   0.01419354   0.13984231  0.070602524 
     590    93.015685    -23.94276  0.048092884   -23.894667   -155.41816    367.94229    7.2829984    7.2671733    6.9519074  0.014497982   0.14284183  0.072116901 
     600    103.86973   -23.943299  0.053704866   -23.889594    -1010.062    390.37998    7.4281299    7.4119895    7.0904411   0.01478689    0.1456883  0.073554006 
     610    131.33748   -23.953339  0.067906809   -23.885432   -1690.8077    412.27686    7.5644954    7.5480587    7.2206073  0.015058347   0.14836284  0.074904309 
     620    140.78266   -23.948053  0.072790349   -23.875262    -1942.281    433.36802    7.6913504     7.674638    7.3416954  0.015310873   0.15085086  0.076160439 
     630    147.99841   -23.937641  0.076521186    -23.86112   -1664.0881    453.43539    7.8082812    7.7913148    7.4533105  0.015543642   0.15314423  0.077318299 
     640    114.84771   -23.910742  0.059380929   -23.851361   -1315.1675    472.33787    7.9153095    7.8981105    7.5554731  0.015756699   0.15524338  0.078378101 
     650    130.15355   -23.920803  0.067294667   -23.853509   -758.38488    489.94647    8.0124719    7.9950618    7.6482185  0.015950117   0.15714903  0.079340213 
     660    118.05047   -23.913518  0.061036882   -23.852481   -93.537113    506.20743    8.1001516     8.082551    7.7319122  0.016124657    0.1588687  0.080208425 
     670    146.31233    -23.93102  0.075649411   -23.855371    182.92631    521.15207    8.1790927    8.1613206    7.8072646  0.016281802   0.16041698  0.080990107 
     680    160.37168   -23.947468  0.082918668    -23.86455    534.57647     534.7817    8.2497823    8.2318566    7.8747406  0.016422522   0.16180341  0.081690082 
     690    137.82087   -23.940865  0.071258983   -23.869606    707.83555    547.18328    8.3130664    8.2950031    7.9351477  0.016548499   0.16304461  0.082316726 
     700    119.70598   -23.932853  0.061892848    -23.87096    582.98496    558.43846     8.369678    8.3514917    7.9891857  0.016661193   0.16415493  0.082877299 
     710    98.563926    -23.92374   0.05096155   -23.872779    434.80616     568.5987    8.4201326    8.4018367    8.0373466  0.016761631    0.1651445  0.083376905 
     720    135.37085   -23.952824  0.069992224   -23.882831    25.580236    577.77823    8.4652028     8.446809    8.0803679  0.016851351   0.16602847  0.083823194 
     730    118.80492   -23.945532  0.061426964   -23.884105    -435.4881    586.05427    8.5054296    8.4869484    8.1187659  0.016931429   0.16681744  0.084221524 
     740    119.05437   -23.946194  0.061555938   -23.884638   -715.57778    593.48028    8.5412036    8.5226446    8.1529136  0.017002642   0.16751907  0.084575761 
     750    84.738224   -23.929486    0.0438131   -23.885673   -867.32115    600.13567    8.5730125    8.5543844    8.1832765  0.017065963   0.16814294  0.084890736 
     760    87.230908   -23.934407  0.045101919   -23.889305   -851.20613    606.07594    8.6012055    8.5825162    8.2101878  0.017122086    0.1686959  0.085169905 
     770    103.77102   -23.947484  0.053653827    -23.89383   -721.86508    611.37184    8.6261854    8.6074417    8.2340321  0.017171812   0.16918583  0.085417258 
     780    112.58767    -23.95427  0.058212396   -23.896057   -458.52189    616.08191    8.6482811    8.6294894    8.2551232  0.017215798   0.16961919  0.085636052 
     790    121.38143   -23.964235  0.062759126   -23.901476   -30.810715    620.26156    8.6677943    8.6489603    8.2737494  0.017254642   0.17000191  0.085829274 
     800    89.200603   -23.949344  0.046120332   -23.903224    447.65791    623.97417    8.6850538    8.6661823    8.2902243     0.017289   0.17034042  0.086000179 
     810    94.761442   -23.953498  0.048995511   -23.904502    876.33645    627.27041    8.7003203    8.6814156    8.3047968   0.01731939   0.17063984  0.086151349 
     820    76.622302   -23.941333  0.039616839   -23.901717    1196.3052    630.19326    8.7138128    8.6948788    8.3176759  0.017346249   0.17090447  0.086284953 
     830    91.249687   -23.947998  0.047179791   -23.900818     1270.876     632.7888    8.7257595    8.7067995    8.3290794  0.017370031   0.17113878   0.08640325 
     840    84.611004   -23.950374  0.043747323   -23.906627    1185.2675    635.06997    8.7362322    8.7172495    8.3390761  0.017390878   0.17134418  0.086506952 
     850    88.856228   -23.958332  0.045942276   -23.912389    922.15121    637.05917    8.7453441    8.7263415    8.3477737  0.017409017   0.17152289  0.086597178 
     860    91.523372   -23.962413  0.047321297   -23.915092    499.28244    638.76574    8.7531462    8.7341267    8.3552211  0.017424548   0.17167592  0.086674435 
     870    90.519096   -23.959701  0.046802046   -23.912899    61.630045       640.17    8.7595558    8.7405223    8.3613393  0.017437308   0.17180163  0.086737904 
     880    95.755302   -23.960056  0.049509377   -23.910547   -440.16078    641.27911    8.7646116    8.7455672    8.3661653  0.017447372   0.17190079  0.086787967 
     890    84.382638   -23.955108  0.043629248   -23.911479   -915.61752    642.08091    8.7682629    8.7492106    8.3696506  0.017454641    0.1719724  0.086824123 
     900    83.707196   -23.954892  0.043280017   -23.911612   -1208.7702    642.55845    8.7704361     8.751379     8.371725  0.017458967   0.17201502  0.086845642 
     910      72.6134   -23.947181  0.037544074   -23.909637   -1387.2643    642.71314    8.7711399    8.7520813    8.3723968  0.017460368   0.17202883  0.086852611 
     920    86.245848   -23.947122  0.044592603    -23.90253   -1389.3322    642.53222    8.7703168      8.75126    8.3716111  0.017458729   0.17201268   0.08684446 
     930     79.76827   -23.935769  0.041243432   -23.894526   -1156.4109     641.9941    8.7678677    8.7488162    8.3692734  0.017453854   0.17196465   0.08682021 
     940    106.34176   -23.947982  0.054983004   -23.892999    -858.7041    641.11859    8.7638802    8.7448374    8.3654672  0.017445916   0.17188644  0.086780725 
     950    123.59889   -23.956172  0.063905641   -23.892266   -430.12559    639.89546    8.7583034    8.7392727    8.3601439  0.017434815   0.17177706  0.086725503 
     960      140.245   -23.960871  0.072512358   -23.888359    145.49464    638.31979    8.7511087    8.7320936    8.3532763  0.017420493   0.17163595   0.08665426 
     970     142.6309   -23.943199  0.073745963   -23.869453    734.13846    636.40105    8.7423315    8.7233355    8.3448981   0.01740302   0.17146381  0.086567348 
     980    111.90259   -23.907686  0.057858181   -23.849828    1302.0592    634.13948    8.7319634    8.7129899    8.3350013  0.017382381   0.17126046  0.086464682 
     990     120.2784   -23.906252  0.062188811   -23.844063    1560.2768    631.56499    8.7201306    8.7011829    8.3237065  0.017358826   0.17102838  0.086347513 
    1000    135.64066   -23.921229  0.070131726   -23.851097    1322.0867    628.70421    8.7069443    8.6880252    8.3111196  0.017332576   0.17076976   0.08621694 
    1010      185.382   -23.949851  0.095850019   -23.854001    904.52384     625.5092      8.69217     8.673283    8.2970169  0.017303165   0.17047999  0.086070644 
    1020    172.10893   -23.939533  0.088987302   -23.850546    422.14872    621.95997    8.6756986    8.6568474    8.2812943  0.017270376   0.17015693  0.085907542 
    1030    149.59071   -23.930805  0.077344466    -23.85346   -109.29527    618.03346    8.6574031    8.6385916    8.2638306  0.017233956    0.1697981  0.085726379 
    1040    120.71045   -23.924127  0.062412203   -23.861715   -482.20938    613.69645    8.6371046    8.6183372    8.2444549  0.017193549   0.16939999  0.085525381 
    1050    98.404413   -23.925861  0.050879075   -23.874981    -887.2113    608.97376    8.6148919    8.5961729     8.223252  0.017149331   0.16896433   0.08530543 
    1060    105.82634   -23.942962  0.054716511   -23.888245   -1131.4789    603.85392    8.5906813    8.5720148     8.200142  0.017101136   0.16848948  0.085065693 
    1070    92.394789   -23.950603  0.047771855   -23.902831   -1037.3863    598.33292    8.5644197    8.5458103    8.1750743  0.017048858   0.16797441  0.084805649 
    1080    90.642847   -23.961834   0.04686603   -23.914968    -812.6653    592.45672    8.5362905    8.5177422    8.1482239  0.016992862   0.16742271  0.084527111 
    1090    64.694812   -23.955067  0.033449843   -23.921617   -462.46149    586.24848     8.506369    8.4878857    8.1196626  0.016933299   0.16683586  0.084230826 
    1100    65.248003   -23.959621  0.033735865   -23.925885   -60.265515    579.73088    8.4747284    8.4563139    8.0894604  0.016870313   0.16621529  0.083917518 
    1110    67.086411   -23.963494  0.034686397   -23.928807    262.41762    572.92052    8.4414121      8.42307    8.0576587  0.016803991   0.16556186  0.083587617 
    1120    79.182331   -23.972669  0.040940478   -23.931728    567.03144     565.8149    8.4063687    8.3881027    8.0242085  0.016734232   0.16487455  0.083240614 
    1130     80.41027   -23.974452  0.041575373   -23.932877    820.51614    558.41765     8.369574     8.351388    7.9890865  0.016660986   0.16415289   0.08287627 
    1140    70.379891   -23.968147   0.03638926   -23.931758    902.85768      550.739    8.3310342    8.3129319    7.9522987  0.016584267   0.16339701  0.082494645 
    1150    67.365231   -23.962587  0.034830558   -23.927757    880.35954     542.7691    8.2906519    8.2726374    7.9137522  0.016503879   0.16260499  0.082094776 
    1160    55.113849   -23.949779  0.028496097   -23.921283     747.1482     534.4923    8.2482939    8.2303714    7.8733198  0.016419559   0.16177422  0.081675343 
    1170    71.784826    -23.95504  0.037115668   -23.917924    377.91597    525.90599    8.2038872    8.1860612    7.8309319   0.01633116   0.16090327  0.081235624 
    1180    65.752522   -23.948823  0.033996722   -23.914827   -89.069436    516.98706    8.1572455    8.1395208    7.7864106  0.016238312   0.15998848  0.080773774 
    1190    87.849355   -23.959888  0.045421681   -23.914466   -632.63807    507.72197    8.1082219    8.0906038    7.7396156  0.016140723   0.15902698  0.080288338 
    1200    97.965538   -23.963106  0.050652158   -23.912454   -1184.9081    498.09347    8.0566394    8.0391333    7.6903781  0.016038039   0.15801529  0.079777563 
    1210    116.00184   -23.967232  0.059977661   -23.907254   -1462.4478    488.07102    8.0022353    7.9848474    7.6384472  0.015929739   0.15694826  0.079238849 
    1220    112.61472   -23.956224   0.05822638   -23.897997   -1475.6861    477.65144    7.9448799    7.9276167    7.5836993  0.015815564   0.15582335  0.078670911 
    1230    90.682696   -23.935357  0.046886634    -23.88847   -1224.4149    466.83691    7.8844615    7.8673296    7.5260276  0.015695292   0.15463836  0.078072642 
    1240    84.040918   -23.926177  0.043452565   -23.882724   -632.25326    455.62384     7.820823    7.8038293    7.4652821  0.015568609   0.15339021  0.077442488 
    1250    79.652762   -23.921063   0.04118371   -23.879879   -25.373582    444.04987    7.7540314    7.7371829    7.4015269  0.015435649   0.15208023  0.076781112 
    1260    130.68126   -23.951015  0.067567513   -23.883448    551.45239     432.1274    7.6840039    7.6673076     7.334683  0.015296248   0.15070677  0.076087694 
    1270    136.62532   -23.956844  0.070640837   -23.886203    1267.9466    419.87793    7.6107009    7.5941638    7.2647124  0.015150327   0.14926908  0.075361841 
    1280    139.60008   -23.957375  0.072178905   -23.885197    1765.6507     407.3502    7.5342429     7.517872    7.1917302  0.014998125    0.1477695  0.074604747 
    1290    103.49179   -23.936609  0.053509456   -23.883099    2151.7814    394.56004    7.4545485    7.4383507    7.1156587   0.01483948   0.14620645  0.073815605 
    1300    96.761338   -23.931274  0.050029539   -23.881244    2225.8713    381.54528    7.3716663    7.3556486    7.0365445   0.01467449   0.14458088  0.072994899 
    1310    101.56687   -23.935904  0.052514194    -23.88339    1575.5123    368.34893    7.2856803    7.2698495    6.9544675  0.014503321   0.14289443  0.072143458 
    1320    113.04604   -23.945157  0.058449388   -23.886708    626.65491     354.9772    7.1964304    7.1807934    6.8692749  0.014325655   0.14114397  0.071259696 
    1330    125.38879   -23.955746  0.064831092   -23.890915    -599.0129    341.46726    7.1039517    7.0885157    6.7810003  0.014141561   0.13933018  0.070343964 
    1340    106.07406   -23.947873  0.054844593   -23.893029   -1908.4842    327.84938    7.0082313    6.9930033    6.6896315  0.013951014   0.13745281  0.069396133 
    1350    103.44162   -23.945839  0.053483515   -23.892356   -2670.8585    314.14995    6.9092246    6.8942117    6.5951257  0.013753925   0.13551098  0.068415759 
    1360    85.845574   -23.933063  0.044385645   -23.888678   -3151.2878    300.43152    6.8071524    6.7923613    6.4976938  0.013550734   0.13350904  0.067405031 
    1370    98.006386   -23.936464  0.050673279    -23.88579   -3355.2283    286.75074    6.7022171     6.687654    6.3975289  0.013341843   0.13145094  0.066365952 
    1380    91.033854    -23.93593  0.047068197   -23.888862   -2622.9225    273.26932    6.5954931    6.5811619    6.2956567  0.013129392   0.12935775  0.065309162 
    1390    112.35865   -23.951728   0.05809398   -23.893634   -1487.0906    260.80707    6.4936682    6.4795583    6.1984608  0.012926693   0.12736066  0.064300883 
    1400    119.66609   -23.957365  0.061872225   -23.895493    268.51165    250.69177    6.4086074    6.3946823     6.117267  0.012757366   0.12569235  0.063458603 
    1410    116.79364   -23.952324  0.060387051   -23.891937    2293.1814    244.52573    6.3556284    6.3418184    6.0666965  0.012651903   0.12465327  0.062934001 
    1420    101.75514   -23.939361  0.052611534   -23.886749    3937.3805     243.2669    6.3447033     6.330917     6.056268  0.012630155     0.124439  0.062825819 
    1430    58.411833   -23.915609  0.030201288   -23.885408    4857.8383    247.45753    6.3809284    6.3670634    6.0908462  0.012702266   0.12514948  0.063184523 
    1440    58.251441   -23.922654  0.030118359   -23.892535     4856.897    256.97686    6.4617227    6.4476822    6.1679676  0.012863101   0.12673411  0.063984556 
    1450    71.664422   -23.941451  0.037053414   -23.904397    3743.2231     271.0403    6.5775113    6.5632192    6.2784923  0.013093596   0.12900507  0.065131104 
    1460    106.71192   -23.967541  0.055174395   -23.912367     2261.456    288.38353    6.7149141    6.7003234    6.4096487  0.013367119   0.13169996  0.066491679 
    1470    112.37448   -23.969133  0.058102166   -23.911031    947.15403    307.88714    6.8630025    6.8480901    6.5510049  0.013661913   0.13460443  0.067958064 
    1480    110.72919    -23.96131  0.057251484   -23.904059   -407.04009    328.98008    7.0162789    7.0010334    6.6973132  0.013967034   0.13761065   0.06947582 
    1490    94.675239    -23.94489   0.04895094   -23.895939   -1548.9301    351.56067    7.1732682    7.1576816    6.8471657  0.014279547   0.14068969  0.071030343 
    1500    79.996553   -23.929366  0.041361464   -23.888005   -2244.4524    375.58135    7.3330557    7.3171219    6.9996891  0.014597629   0.14382361  0.072612573 
    1510     92.21945   -23.925949  0.047681198   -23.878268   -2689.7397    400.96796    7.4946875    7.4784025     7.153973  0.014919384    0.1469937  0.074213066 
    1520    92.536247   -23.913455  0.047844995    -23.86561   -2758.3429    427.59725    7.6570581    7.6404203    7.3089621  0.015242608   0.15017828  0.075820874 
    1530    129.82046     -23.9233  0.067122445   -23.856177   -2303.8661    455.29939    7.8189661    7.8019765    7.4635096  0.015564912   0.15335379  0.077424101 
    1540    139.75551   -23.926225  0.072259271   -23.853965   -1467.1212    483.88314    7.9792819    7.9619439    7.6165373  0.015884047   0.15649807  0.079011562 
    1550    167.30259   -23.942318  0.086502228   -23.855815   -296.70176    513.12896    8.1369033    8.1192228    7.7669931  0.016197818   0.15958951  0.080572343 
    1560     159.3654   -23.927669   0.08239838   -23.845271    1045.8655      542.802    8.2908194    8.2728045    7.9139121  0.016504213   0.16260828  0.082096435 
    1570    156.37784   -23.911914  0.080853689   -23.831061    2079.3058    572.72696    8.4404613    8.4221213    8.0567512  0.016802099   0.16554321  0.083578202 
    1580    119.44123    -23.89002  0.061755964   -23.828264    2787.4419    602.69078    8.5851619    8.5665075    8.1948736  0.017090149   0.16838123  0.085011041 
    1590    89.215025   -23.878843  0.046127788   -23.832715    2964.9739    632.51617    8.7245062    8.7055489    8.3278831  0.017367536    0.1711142   0.08639084 
    1600    123.02161   -23.906019  0.063607165   -23.842412    2415.4667    662.02131    8.8581079    8.8388603    8.4554112  0.017633492   0.17373454  0.087713776 
    1610    149.20184   -23.939913  0.077143403   -23.862769    1453.9158    690.99775    8.9855056    8.9659812    8.5770173  0.017887097   0.17623319  0.088975279 
    1620    181.82814   -23.978705  0.094012525   -23.884693    422.18156    719.23734    9.1062811    9.0864943    8.6923022   0.01812752   0.17860197  0.090171209 
    1630    138.87272   -23.966122  0.071802833    -23.89432   -487.21782    746.56118    9.2201668    9.2001325    8.8010106  0.018354228   0.18083562  0.091298915 
    1640    97.562833    -23.94611  0.050443944   -23.895666   -1120.9461    772.80229    9.3269527    9.3066864     8.902942  0.018566803   0.18293001  0.092356319 
    1650      52.6066   -23.924042  0.027199747   -23.896842   -1516.6966    797.86275    9.4267004    9.4062174    8.9981551  0.018765367   0.18488637   0.09334403 
    1660    45.369021   -23.926094  0.023457625   -23.902636   -1726.5195    821.67574    9.5195656    9.4988808    9.0867985   0.01895023   0.18670774  0.094263589 
    1670    54.088185   -23.939438  0.027965786   -23.911473   -1688.7664    844.18604     9.605715     9.584843    9.1690315  0.019121724   0.18839739  0.095116648 
    1680    70.793142   -23.958315  0.036602927   -23.921712   -1449.1691    865.37096    9.6854042     9.664359    9.2450979  0.019280358   0.18996034  0.095905737 
    1690    98.903075   -23.980829  0.051136903   -23.929692   -1033.0798    885.22372    9.7589102    9.7377054    9.3152623  0.019426684   0.19140202  0.096633601 
    1700    97.314716   -23.981707  0.050315657   -23.931392   -429.60076    903.74586    9.8265051    9.8051533    9.3797843  0.019561242   0.19272776  0.097302931 
    1710    93.182385   -23.974535  0.048179074   -23.926356    234.75528    920.98574    9.8885955    9.8671088     9.439052  0.019684843   0.19394554  0.097917756 
    1720      59.6768   -23.947949  0.030855327   -23.917094    816.35337    937.01063    9.9456189    9.9240083    9.4934831  0.019798358   0.19506395  0.098482407 
    1730    47.034409   -23.933922  0.024318698   -23.909604    1222.4111      951.885    9.9979694    9.9762451    9.5434537   0.01990257    0.1960907  0.099000786 
    1740     49.26374    -23.93442  0.025471352   -23.908948    1357.3565    965.67104    10.046005    10.024176    9.5893053  0.019998192   0.19703282  0.099476437 
    1750    81.408903   -23.952903  0.042091707   -23.910812    1208.1075    978.42008    10.090022    10.068097    9.6313211  0.020085814   0.19789612  0.099912295 
    1760    109.36806   -23.967238  0.056547725   -23.910691    865.36921    990.14183    10.130156    10.108144    9.6696305  0.020165707   0.19868327   0.10030971 
    1770    110.08009   -23.963687  0.056915875   -23.906771    419.36127    1000.8318    10.166481    10.144391    9.7043051   0.02023802   0.19939574   0.10066941 
    1780    99.570905   -23.951799  0.051482199   -23.900317   -34.987917    1010.4783     10.19904    10.176879    9.7353837  0.020302834   0.20003431   0.10099181 
    1790    78.620971    -23.93423  0.040650232   -23.893579   -454.76974    1019.0671    10.227855    10.205631    9.7628885  0.020360194   0.20059946   0.10127713 
    1800    88.562654    -23.93444  0.045790486   -23.888649   -767.43643    1026.5719    10.252901    10.230623     9.786796  0.020410052   0.20109069   0.10152514 
    1810    94.498331   -23.936827  0.048859472   -23.887968   -916.25044    1032.9908    10.274226    10.251902    9.8071516  0.020452503   0.20150894   0.10173631 
    1820    109.71187   -23.945195  0.056725489   -23.888469   -841.06255      1038.34     10.29193    10.269567    9.8240509  0.020487746   0.20185617   0.10191161 
    1830    98.942738   -23.939873  0.051157411   -23.888716   -538.26554    1042.6659    10.306203    10.283809    9.8376748  0.020516159    0.2021361   0.10205294 
    1840    96.802883   -23.934768  0.050051019   -23.884717   -120.19974    1046.0644    10.317389     10.29497    9.8483518  0.020538425   0.20235548    0.1021637 
    1850    97.664768   -23.933026  0.050496649    -23.88253    281.12632    1048.6274    10.325808    10.303371    9.8563885  0.020555185   0.20252061   0.10224707 
    1860    103.98654   -23.940558   0.05376526   -23.886793    661.93654     1050.397    10.331613    10.309164    9.8619297  0.020566741   0.20263447   0.10230456 
    1870     117.4934   -23.948202  0.060748854   -23.887453    894.57139    1051.4803    10.335164    10.312707    9.8653189  0.020573809   0.20270411   0.10233971 
    1880    110.97599   -23.946448   0.05737909   -23.889069     946.4586    1051.9423    10.336677    10.314217    9.8667634  0.020576822   0.20273379    0.1023547 
    1890    112.28712   -23.945662  0.058056996   -23.887605    890.57628    1051.8045    10.336226    10.313766    9.8663325  0.020575923   0.20272494   0.10235023 
    1900    95.354291    -23.93487  0.049302038   -23.885568    646.65842    1051.1161     10.33397    10.311516    9.8641796  0.020571433    0.2026807    0.1023279 
    1910    91.900879   -23.930904  0.047516484   -23.883387    206.04837    1049.8816    10.329923    10.307477    9.8603163  0.020563377   0.20260132   0.10228782 
    1920     90.87921   -23.933336   0.04698824   -23.886348   -372.50708     1048.082    10.324017    10.301585    9.8546792  0.020551621   0.20248549   0.10222934 
    1930    105.33852   -23.946743   0.05446429   -23.892278   -1029.0215    1045.7068    10.316213    10.293797    9.8472294  0.020536084   0.20233242   0.10215206 
    1940    115.56687    -23.95351  0.059752761   -23.893757   -1573.9626    1042.6863    10.306271    10.283876    9.8377392  0.020516293   0.20213743   0.10205361 
    1950    105.30909   -23.945563  0.054449072   -23.891114    -1824.988    1038.9602    10.293979    10.271611    9.8260064  0.020491825   0.20189635    0.1019319 
    1960    97.136852    -23.94075  0.050223694   -23.890527   -1727.5878    1034.4987    10.279223    10.256888    9.8119213   0.02046245   0.20160694   0.10178579 
    1970    70.069166   -23.927969  0.036228602    -23.89174   -1300.7308    1029.3332    10.262086    10.239788    9.7955631  0.020428336   0.20127083   0.10161609 
    1980    81.472402   -23.937843  0.042124538   -23.895719   -650.03846    1023.5249    10.242747    10.220491    9.7771036  0.020389839   0.20089154    0.1014246 
    1990    84.115756   -23.943101  0.043491259   -23.899609    129.39683    1017.1483    10.221432    10.199222    9.7567573  0.020347408   0.20047348   0.10121353 
    2000    103.60096   -23.958764  0.053565899   -23.905198    885.12213    1010.3187    10.198503    10.176343     9.734871  0.020301764   0.20002378   0.10098649 
    2010    97.400251   -23.961312  0.050359882   -23.910952    1524.5537    1003.1326    10.174266    10.152159    9.7117359  0.020253517   0.19954842   0.10074649 
    2020    81.687393   -23.958816  0.042235697    -23.91658      1919.43    995.68616    10.149028    10.126976    9.6876454  0.020203277   0.19905343   0.10049659 
    2030    68.828238   -23.955403  0.035586992   -23.919816    1995.7626    988.03869    10.122978    10.100982    9.6627793   0.02015142    0.1985425   0.10023863 
    2040    62.795431   -23.953771  0.032467786   -23.921303    1780.9533    980.18674    10.096091    10.074153    9.6371145  0.020097896   0.19801516  0.099972394 
    2050    74.385945   -23.963339  0.038460552   -23.924878    1301.1885    972.11917    10.068315    10.046438    9.6106017  0.020042605    0.1974704  0.099697359 
    2060    71.707335   -23.966132  0.037075602   -23.929057    603.93084    963.81385     10.03956    10.017746    9.5831539  0.019985363   0.19690643  0.099412624 
    2070    72.836503   -23.968748  0.037659428   -23.931088   -183.14147    955.22229     10.00964    9.9878903    9.5545937  0.019925802    0.1963196   0.09911635 
    2080    53.815552   -23.957387  0.027824824   -23.929563   -932.57791    946.27878    9.9783027    9.9566211    9.5246811   0.01986342   0.19570498  0.098806045 
    2090    51.046476   -23.952136  0.026393099   -23.925742    -1572.152    936.93773     9.945361     9.923751    9.4932369  0.019797844   0.19505889  0.098479853 
    2100    51.195597   -23.947516  0.026470201   -23.921046   -1972.9128    927.14914    9.9106052    9.8890707    9.4600611  0.019728657   0.19437722  0.098135698 
    2110    69.087055   -23.953159  0.035720811   -23.917438   -2058.0819    916.88342    9.8738914    9.8524367    9.4250164  0.019655573   0.19365715  0.097772155 
    2120    90.126567   -23.962025  0.046599092   -23.915426   -1825.6655    906.12101     9.835106    9.8137355    9.3879941  0.019578364   0.19289645  0.097388098 
    2130    108.29344   -23.968435  0.055992103   -23.912443   -1226.4669    894.83838    9.7941145    9.7728331    9.3488662  0.019496764   0.19209248  0.096982197 
    2140    118.17967   -23.962671  0.061103683   -23.901567   -304.02697    883.03703    9.7508681    9.7296807    9.3075858  0.019410675   0.19124429  0.096553967 
    2150    93.928601   -23.929142  0.048564898   -23.880577    693.93579    870.77027    9.7055058     9.684417    9.2642857  0.019320374    0.1903546  0.096104786 
    2160    103.97761   -23.915745  0.053760644   -23.861984    1543.4075    858.08796    9.6581566    9.6371707    9.2190891  0.019226118   0.18942593   0.09563593 
    2170    110.80981   -23.912631   0.05729317   -23.855338    2042.8243    845.02714    9.6089042    9.5880252    9.1720757  0.019128073   0.18845994  0.095148228 
    2180    146.54407   -23.935154  0.075769229   -23.859385    2049.8287    831.61867    9.5578099    9.5370419    9.1233041  0.019026361   0.18745783  0.094642287 
    2190     139.4092   -23.920328  0.072080216   -23.848247    1804.4736     817.8091    9.5046097    9.4839574    9.0725225  0.018920458   0.18641441  0.094115495 
    2200    132.45701   -23.912072   0.06848565   -23.843587    1159.4881    803.60705    9.4492692    9.4287371    9.0196978  0.018810294   0.18532901  0.093567508 
    2210    148.30087   -23.927542  0.076677568   -23.850864    29.867844    789.01038    9.3917073    9.3713003    8.9647527  0.018695707   0.18420005  0.092997525 
    2220    164.60862   -23.945424  0.085109337   -23.860315   -1263.2357    773.92184    9.3314545    9.3111784    8.9072391  0.018575764   0.18301831  0.092400896 
    2230    143.22407   -23.928951  0.074052654   -23.854898   -2363.2618    758.28585    9.2681835    9.2480449    8.8468445  0.018449813   0.18177737  0.091774382 
    2240    77.138422   -23.889276  0.039883694   -23.849392   -2882.1092    742.03459    9.2014943    9.1815006    8.7831869  0.018317058   0.18046939  0.091114018 
    2250    72.093935   -23.893168   0.03727549   -23.855893   -2772.4151    725.18178    9.1312998    9.1114587    8.7161836  0.018177324   0.17909266  0.090418947 
    2260    89.468704   -23.915012   0.04625895   -23.868754   -2081.7344    707.79922    9.0577501    9.0380688    8.6459775  0.018030912   0.17765013  0.089690651 
    2270    137.35462   -23.956336  0.071017911   -23.885318   -971.88726    689.99489    8.9811566    8.9616416     8.572866   0.01787844    0.1761479  0.088932215 
    2280     150.2748   -23.975845  0.077698172   -23.898147     411.5569    671.88261     8.901874    8.8825313    8.4971876  0.017720615   0.17459292  0.088147152 
    2290    137.86782   -23.975639  0.071283258   -23.904356    1871.7916     653.5638    8.8202245    8.8010593      8.41925  0.017558079   0.17299153  0.087338651 
    2300     93.34135   -23.946745  0.048261266   -23.898484     3052.722    635.14669     8.736584    8.7176005    8.3394119  0.017391579   0.17135108  0.086510435 
    2310    53.887093   -23.919937  0.027861814   -23.892076     3703.238    616.68426    8.6510986    8.6323009    8.2578127  0.017221406   0.16967445  0.085663951 
    2320    50.286594   -23.920681  0.026000209    -23.89468    3707.0931    598.19955    8.5637833    8.5451753    8.1744668  0.017047591   0.16796193  0.084799347 
    2330    64.787636   -23.939666  0.033497837   -23.906168    2929.1101    579.70146     8.474585    8.4561708    8.0893236  0.016870028   0.16621248  0.083916098 
    2340    107.63179   -23.972172  0.055650003   -23.916522    1521.9019    561.16446    8.3832747    8.3650589    8.0021643   0.01668826   0.16442161  0.083011935 
    2350    114.25849   -23.976517  0.059076275   -23.917441   -185.06905    542.53962    8.2894833    8.2714713    7.9126367  0.016501553   0.16258207  0.082083204 
    2360    104.35889    -23.96529  0.053957781   -23.911332   -2012.5467    523.79921    8.1929176    8.1751155     7.820461  0.016309323   0.16068812  0.081127003 
    2370    66.458083   -23.935707  0.034361526   -23.901345   -3602.0429    504.90484    8.0931978    8.0756123    7.7252745  0.016110815   0.15873231  0.080139568 
    2380     45.66437   -23.916939  0.023610332   -23.893329   -4627.6218    485.83143    7.9899767    7.9726155    7.6267459  0.015905337   0.15670783  0.079117463 
    2390    56.152315   -23.919149  0.029033025   -23.890116   -4994.3311    466.57838    7.8830058     7.865877     7.524638  0.015692394   0.15460981  0.078058228 
    2400     95.20389    -23.94171  0.049224274   -23.892485   -4484.7532    447.15213    7.7720468    7.7551592    7.4187234  0.015471512   0.15243356  0.076959502 
    2410    143.12982   -23.972427  0.074003927   -23.898423   -2977.0916    427.57427     7.656921    7.6402834    7.3088312  0.015242335   0.15017559  0.075819515 
    2420    144.65632   -23.974562  0.074793187   -23.899769   -764.30745    407.89816    7.5376197    7.5212414    7.1949535  0.015004847   0.14783573  0.074638184 
    2430    130.58049   -23.958621  0.067515412   -23.891106    1861.1156    388.16376    7.4140465    7.3979367    7.0769979  0.014758855   0.14541208   0.07341455 
    2440    78.913698   -23.913551  0.040801584   -23.872749    4347.2196    368.41279    7.2861014    7.2702696    6.9548694  0.014504159   0.14290269  0.072147627 
    2450    74.806982   -23.906617  0.038678246   -23.867939    5817.1432    348.68737    7.1536724    7.1381283    6.8284607  0.014240538   0.14030535  0.070836303 
    2460    91.524375   -23.924204  0.047321816   -23.876882    6109.2227    328.99664    7.0163966    7.0011509    6.6974256  0.013967269   0.13761296  0.069476986 
    2470    128.10311   -23.951579  0.066234504   -23.885344    5067.4705    309.36683    6.8739794    6.8590431    6.5614828  0.013683764   0.13481972  0.068066758 
    2480    126.78402   -23.945641  0.065552482   -23.880088    2929.6224     289.8223    6.7260627    6.7114478    6.4202905  0.013389312   0.13191862  0.066602074 
    2490    111.44391   -23.931752  0.057621026   -23.874131    412.77182    270.43192    6.5725862    6.5583048    6.2737912  0.013083792   0.12890848  0.065082336 
    2500    118.68143    -23.93004  0.061363117   -23.868677   -2442.2703    251.45866    6.4151356    6.4011963    6.1234984  0.012770362   0.12582039  0.063523246 
    2510    115.56463     -23.9208  0.059751601   -23.861049   -4986.7705    233.53366    6.2589306    6.2453308    5.9743946   0.01245941   0.12275674   0.06197649 
    2520    130.26319   -23.909355  0.067351354   -23.842004   -5813.1835    218.68752    6.1233861    6.1100807     5.845012  0.012189587   0.12009829  0.060634316 
    2530    113.22957   -23.883942  0.058544282   -23.825398   -5223.5432    210.16689    6.0428026    6.0296723    5.7680919  0.012029173    0.1185178  0.059836371 
    2540    131.61282   -23.890835   0.06804917   -23.822786   -3845.8446    208.99057    6.0315075    6.0184018    5.7573104  0.012006688   0.11829627  0.059724527 
    2550    122.25551    -23.89315  0.063211059   -23.829939   -1081.5463    212.64677    6.0664772    6.0532955    5.7906903  0.012076301   0.11898214    0.0600708 
    2560    123.43981     -23.9175  0.063823389   -23.853677    2183.7619    220.06556    6.1362211    6.1228879    5.8572636  0.012215137   0.12035003   0.06076141 
    2570    148.43358   -23.965846  0.076746186     -23.8891    4481.6397    232.42055    6.2489706    6.2353924    5.9648874  0.012439583   0.12256139  0.061877865 
    2580    116.06558   -23.970612  0.060010613   -23.910602     5715.331    249.80667    6.4010563    6.3871477    6.1100592  0.012742334   0.12554425  0.063383832 
    2590    98.115559   -23.963364  0.050729726   -23.912634    6145.8835    271.30707    6.5796685    6.5653717    6.2805515  0.013097891   0.12904738  0.065152466 
    2600    50.887968   -23.932352  0.026311145   -23.906041    5748.9377    295.99876    6.7735074    6.7587894    6.4655783  0.013483758   0.13284916  0.067071875 
    2610    57.883266   -23.939262  0.029927997   -23.909334    4249.3717     323.6808    6.9784015    6.9632384    6.6611578  0.013891633   0.13686776  0.069100756 
    2620    64.235333   -23.951145  0.033212274   -23.917933    2271.2853    354.42399    7.1926901    7.1770613    6.8657046  0.014318209   0.14107061   0.07122266 
    2630    86.711991    -23.97162  0.044833618   -23.926786     203.2069    388.20299    7.4142962    7.3981859    7.0772364  0.014759352   0.14541698  0.073417024 
    2640    93.652142   -23.979244  0.048421958   -23.930822   -1599.5316    424.85789    7.6406717    7.6240695    7.2933206  0.015209989   0.14985689  0.075658614 
    2650     81.37085   -23.972129  0.042072031   -23.930057   -2811.5997    464.08834    7.8689574    7.8518592    7.5112283  0.015664428   0.15433428   0.07791912 
    2660    72.016283   -23.965784  0.037235341   -23.928549   -3417.8547    505.47372    8.0962362    8.0786441    7.7281748  0.016116863   0.15879191  0.080169654 
    2670    48.620967   -23.952257  0.025139013   -23.927118   -3449.5743    548.48696    8.3196632    8.3015856    7.9414446  0.016561631   0.16317399  0.082382048 
    2680    59.658069     -23.9587  0.030845643   -23.927854   -2932.8836    592.52742      8.53663     8.518081     8.148548  0.016993538   0.16742937  0.084530473 
    2690    52.076929   -23.952929  0.026925886   -23.926003   -2053.7648    636.98694    8.7450135    8.7260117    8.3474582  0.017408359   0.17151641  0.086593905 
    2700    77.232358    -23.96053  0.039932263   -23.920598   -993.58075    681.27011    8.9431412    8.9237089    8.5365788  0.017802764    0.1754023  0.088555783 
    2710    80.297166   -23.951479  0.041516893   -23.909962    199.00715    724.81946    9.1297788     9.109941    8.7147318  0.018174296   0.17906283  0.090403886 
    2720    105.56698   -23.951838  0.054582412   -23.897256    1257.4544    767.19175    9.3043267    9.2841095    8.8813445  0.018521762   0.18248625  0.092132274 
    2730    114.96043   -23.946332  0.059439205   -23.886893    1999.8657     808.0371    9.4666011    9.4460313    9.0362418  0.018844795   0.18566894   0.09373913 
    2740    111.12683   -23.928025  0.057457083   -23.870568    2444.4358    847.07724    9.6166685    9.5957727     9.179487  0.019143529   0.18861222  0.095225111 
    2750    113.17648   -23.909959   0.05851683   -23.851442    2356.9868    884.18591    9.7550951    9.7338985    9.3116206  0.019419089   0.19132719  0.096595823 
    2760    104.01804   -23.906276   0.05378155   -23.852494    1826.1444    919.21591    9.8822572    9.8607843    9.4330019  0.019672226   0.19382123  0.097854994 
    2770    156.00677   -23.943715  0.080661829   -23.863053    1004.8604    952.09081    9.9986899     9.976964    9.5441414  0.019904004   0.19610483  0.099007921 
    2780    146.41547   -23.937682  0.075702741   -23.861979   -21.586153    982.77475    10.104969    10.083012    9.6455887  0.020115569   0.19818928    0.1000603 
    2790    133.88313   -23.928105  0.069223014   -23.858882   -827.92774    1011.1516    10.201305    10.179139    9.7375455  0.020307342   0.20007873   0.10101423 
    2800    90.154126   -23.904972  0.046613342   -23.858359   -1320.8756     1037.195    10.288146    10.265791    9.8204386  0.020480213   0.20178195   0.10187414 
    2810    105.80368   -23.920094  0.054704797    -23.86539   -1569.1025    1060.9848    10.366211    10.343686    9.8949543  0.020635613   0.20331303   0.10264714 
    2820    121.76442   -23.938215  0.062957147   -23.875258   -1434.0052    1082.5702    10.436038    10.413362    9.9616076  0.020774617   0.20468257   0.10333858 
    2830    140.54945   -23.960891  0.072669768   -23.888221   -1003.4434    1102.1352    10.498533    10.475721    10.021261  0.020899022   0.20590827   0.10395741 
    2840    127.29253   -23.958349  0.065815404   -23.892534   -395.99132    1119.8508    10.554484    10.531551    10.074669  0.021010403   0.20700566   0.10451145 
    2850    74.079163   -23.924951  0.038301933   -23.886649    237.76344    1135.9152    10.604714    10.581671    10.122615  0.021110392   0.20799081   0.10500882 
    2860    77.356636    -23.92533   0.03999652   -23.885334    717.41076    1150.5308    10.650003    10.626862    10.165845  0.021200548   0.20887907   0.10545728 
    2870     64.84493   -23.925639   0.03352746   -23.892112    956.64513    1163.8909    10.691067    10.667837    10.205043  0.021282293   0.20968447    0.1058639 
    2880    100.29525   -23.959302  0.051856717   -23.907445    1003.7312    1176.0718    10.728235    10.704923     10.24052   0.02135628   0.21041343   0.10623194 
    2890    90.695473   -23.957985   0.04689324   -23.911092    928.33042    1187.1534    10.761825    10.738441    10.272584  0.021423147   0.21107224   0.10656455 
    2900    88.201462   -23.956299  0.045603735   -23.910695    684.15572    1197.2271    10.792179    10.768729    10.301558  0.021483573   0.21166758   0.10686513 
    2910    76.549716   -23.953804   0.03957931   -23.914225    344.30956    1206.3316    10.819467    10.795958    10.327606  0.021537894   0.21220278   0.10713533 
    2920    75.889766   -23.960281  0.039238088   -23.921043   -42.645682    1214.4877    10.843796    10.820234    10.350829  0.021586325   0.21267995   0.10737624 
    2930     84.10079   -23.971438  0.043483521   -23.927954   -457.06002    1221.7157    10.865266    10.841657    10.371322  0.021629063   0.21310103   0.10758883 
    2940    66.796114   -23.964312  0.034536302   -23.929776   -742.49025      1227.97    10.883775    10.860126     10.38899  0.021665909   0.21346405   0.10777211 
    2950    66.989635   -23.967128   0.03463636   -23.932491   -858.47473    1233.2884    10.899465    10.875782    10.403967  0.021697143   0.21377179   0.10792748 
    2960    43.963478   -23.958726  0.022730902   -23.935995    -846.8778    1237.7466    10.912583    10.888871    10.416488  0.021723256   0.21402906   0.10805737 
    2970       46.663   -23.965729  0.024126665   -23.941602   -679.51291    1241.3867     10.92327    10.899535    10.426689   0.02174453   0.21423867    0.1081632 
    2980     35.92321   -23.965279  0.018573757   -23.946706   -402.37434    1244.2845    10.931763     10.90801    10.434796  0.021761436   0.21440524   0.10824729 
    2990    40.864005   -23.970885  0.021128349   -23.949757   -117.05195    1246.5508    10.938396    10.914628    10.441128   0.02177464   0.21453533   0.10831297 
    3000    40.389652   -23.973242  0.020883089   -23.952359    168.68785    1248.2515    10.943368    10.919589    10.445874  0.021784538   0.21463285   0.10836221 
Loop time of 37.1404 on 1 procs for 3000 steps with 5 atoms

Performance: 13.958 ns/day, 1.719 hours/ns, 80.775 timesteps/s
283.5% CPU use with 1 MPI tasks x no OpenMP threads

MPI task timing breakdown:
Section |  min time  |  avg time  |  max time  |%varavg| %total
---------------------------------------------------------------
Pair    | 36.646     | 36.646     | 36.646     |   0.0 | 98.67
Neigh   | 0.0017242  | 0.0017242  | 0.0017242  |   0.0 |  0.00
Comm    | 0.011442   | 0.011442   | 0.011442   |   0.0 |  0.03
Output  | 0.4382     | 0.4382     | 0.4382     |   0.0 |  1.18
Modify  | 0.034474   | 0.034474   | 0.034474   |   0.0 |  0.09
Other   |            | 0.008795   |            |       |  0.02

Nlocal:    5 ave 5 max 5 min
Histogram: 1 0 0 0 0 0 0 0 0 0
Nghost:    82 ave 82 max 82 min
Histogram: 1 0 0 0 0 0 0 0 0 0
Neighs:    0 ave 0 max 0 min
Histogram: 1 0 0 0 0 0 0 0 0 0

Total # of neighbors = 0
Ave neighs/atom = 0
Neighbor list builds = 126
Dangerous builds = 0
Total wall time: 0:00:40
