2019-06-24 13:10:44.675206: I tensorflow/core/platform/cpu_feature_guard.cc:140] Your CPU supports instructions that this TensorFlow binary was not compiled to use: AVX512F
2019-06-24 13:10:46.737820: E tensorflow/stream_executor/cuda/cuda_driver.cc:406] failed call to cuInit: CUDA_ERROR_NO_DEVICE
2019-06-24 13:10:46.737891: I tensorflow/stream_executor/cuda/cuda_diagnostics.cc:158] retrieving CUDA diagnostic information for host: SR760-GPU-7
2019-06-24 13:10:46.737912: I tensorflow/stream_executor/cuda/cuda_diagnostics.cc:165] hostname: SR760-GPU-7
2019-06-24 13:10:46.737979: I tensorflow/stream_executor/cuda/cuda_diagnostics.cc:189] libcuda reported version is: 410.48.0
2019-06-24 13:10:46.738041: I tensorflow/stream_executor/cuda/cuda_diagnostics.cc:193] kernel reported version is: 410.48.0
2019-06-24 13:10:46.738049: I tensorflow/stream_executor/cuda/cuda_diagnostics.cc:300] kernel version seems to match DSO: 410.48.0
> Info of lammps module:
  use deepmd-kit at:  /sharedext4/local/deepmd-kit-0.12.4
  source:             v0.12.4-1-ge3cd911-dirty
  source branch:      master
  source commit:      e3cd911
  source commit at:   2019-02-07 10:22:13 +0800
  build float prec:   double
  build with tf inc:  /sharedext4/local/tensorflow/r1.8.gpu.cc/include
  build with tf lib:  /sharedext4/local/tensorflow/r1.8.gpu.cc/lib/libtensorflow_cc.so;/sharedext4/local/tensorflow/r1.8.gpu.cc/lib/libtensorflow_framework.so
  >>> Info of model(s):
  using   4 model(s): ../graph.002.pb ../graph.003.pb ../graph.000.pb ../graph.001.pb 
  rcut in model:      5
  ntypes in model:    2
Neighbor list info ...
  update every 1 steps, delay 10 steps, check yes
  max neighbors/atom: 2000, page size: 100000
  master list distance cutoff = 6
  ghost atom cutoff = 6
  binsize = 3, bins = 4 4 4
  1 neighbor lists, perpetual/occasional/extra = 1 0 0
  (1) pair deepmd, perpetual
      attributes: , newton on
      pair build: full/bin/atomonly
      stencil: full/bin/3d
      bin: standard
Setting up Verlet run ...
  Unit style    : metal
  Current step  : 0
  Time step     : 0.002
Per MPI rank memory allocation (min/avg/max) = 3.949 | 3.949 | 3.949 Mbytes
Step Temp PotEng KinEng TotEng Press Volume Lx Ly Lz Xy Xz Yz 
       0          100   -23.984561  0.051704058   -23.932857    818.37422    975.37612    9.8058081    9.8628446    10.085247   -0.2002211   -0.2105793   -0.2364119 
      10     47.95049    -23.95391  0.024792349   -23.929117    570.43808    978.37928    9.8158617    9.8729567    10.095587  -0.20042638   -0.2107952  -0.23665429 
      20    80.971631   -23.969977  0.041865619   -23.928112    177.54764    981.35106    9.8257901    9.8829428    10.105798   -0.2006291  -0.21100841  -0.23689365 
      30    51.521705   -23.951479  0.026638812    -23.92484   -224.06934     984.2593    9.8354868    9.8926959    10.115771   -0.2008271  -0.21121665  -0.23712743 
      40    85.427289   -23.967257  0.044169375   -23.923087    -574.5164    987.08019     9.844874    9.9021377    10.125426  -0.20101877  -0.21141824  -0.23735375 
      50    80.089112   -23.959867  0.041409321   -23.918457    -883.3618    989.81878    9.8539703    9.9112869    10.134782   -0.2012045  -0.21161358  -0.23757306 
      60     108.2753   -23.969583  0.055982724     -23.9136   -1030.6003    992.42565    9.8626134    9.9199803    10.143671  -0.20138099  -0.21179919  -0.23778144 
      70    123.53944   -23.968518  0.063874902   -23.904643    -944.1883    994.90198    9.8708098    9.9282243    10.152101  -0.20154834  -0.21197521  -0.23797905 
      80     103.7228   -23.942288  0.053628898   -23.888659    -746.9097    997.31508    9.8787838    9.9362447    10.160302  -0.20171116  -0.21214645   -0.2381713 
      90      150.488   -23.947788  0.077808401   -23.869979   -403.35456    999.70277    9.8866611    9.9441679    10.168404  -0.20187201  -0.21231562  -0.23836122 
     100     111.0443   -23.910049  0.057414409   -23.852635   -59.797353    1002.1697    9.8947869    9.9523409    10.176761  -0.20203792  -0.21249012  -0.23855712 
     110    209.63705   -23.961813   0.10839086   -23.853423    61.549799    1004.8401    9.9035675    9.9611726    10.185792  -0.20221721  -0.21267868  -0.23876882 
     120    168.59175    -23.93501  0.087168776   -23.847841     298.5708    1007.6675    9.9128477    9.9705068    10.195337   -0.2024067  -0.21287797  -0.23899256 
     130    222.65253   -23.958373   0.11512039   -23.843253    400.22193    1010.7883    9.9230706    9.9807892    10.205851  -0.20261544  -0.21309751  -0.23923903 
     140    116.33193   -23.902133  0.060148328   -23.841984    500.18457    1014.1623    9.9340996    9.9918823    10.217194  -0.20284064  -0.21333435  -0.23950493 
     150    138.96886   -23.926096  0.071852538   -23.854243    527.29399     1017.773    9.9458748    10.003726    10.229305  -0.20308107  -0.21358723  -0.23978882 
     160    142.50376    -23.94636  0.073680225    -23.87268    321.16504    1021.6383    9.9584499    10.016374    10.242239  -0.20333783  -0.21385728    -0.240092 
     170    132.89727   -23.955789  0.068713282   -23.887076    214.32921    1025.6451    9.9714516    10.029452    10.255611  -0.20360331  -0.21413649  -0.24040546 
     180    136.80722   -23.972179  0.070734886   -23.901444     133.9382    1029.7848    9.9848491    10.042927     10.26939  -0.20387687   -0.2144242  -0.24072847 
     190    94.470768   -23.956695  0.048845221    -23.90785    32.796122    1034.0556    9.9986335    10.056792    10.283567  -0.20415833  -0.21472022   -0.2410608 
     200    106.48781   -23.966303  0.055058518   -23.911245    15.388869    1038.4214    10.012685    10.070925     10.29802  -0.20444525  -0.21502198  -0.24139958 
     210    57.825739   -23.939743  0.029898254   -23.909845   -8.9248099    1042.8968    10.027049    10.085372    10.312793  -0.20473853  -0.21533044  -0.24174588 
     220    109.73312   -23.968943  0.056736476   -23.912206   -81.532985     1047.503    10.041789    10.100198    10.327953  -0.20503951  -0.21564698  -0.24210126 
     230    77.109009   -23.954593  0.039868487   -23.914725   -33.009883    1052.2125    10.056816    10.115312    10.343408  -0.20534633  -0.21596968  -0.24246354 
     240    111.69501   -23.976155  0.057750855   -23.918404    -25.06098    1057.1101    10.072395    10.130982    10.359431  -0.20566444  -0.21630424  -0.24283915 
     250    92.320911   -23.965498  0.047733657   -23.917764   -22.739201    1062.2252    10.088615    10.147296    10.376113  -0.20599563  -0.21665257   -0.2432302 
     260    95.930221   -23.963621  0.049599817   -23.914021    51.352046    1067.5567    10.105466    10.164245    10.393444  -0.20633969  -0.21701443  -0.24363646 
     270    84.938719   -23.953979  0.043916764   -23.910062    17.743596    1073.2051    10.123257     10.18214    10.411742  -0.20670297   -0.2173965  -0.24406539 
     280    83.249472    -23.95403  0.043043355   -23.910987   -57.402715    1079.1713    10.141981    10.200973       10.431   -0.2070853  -0.21779861  -0.24451683 
     290    110.43008   -23.969556  0.057096834   -23.912459   -61.741679    1085.4718     10.16168    10.220787    10.451261  -0.20748752  -0.21822164  -0.24499176 
     300    85.690012    -23.95458  0.044305213   -23.910275   -172.09609    1092.2244    10.182708    10.241937    10.472888  -0.20791688  -0.21867322  -0.24549873 
     310    120.92427   -23.968515  0.062522756   -23.905992   -284.93116    1099.4748     10.20519     10.26455    10.496011  -0.20837594  -0.21915602  -0.24604076 
     320    73.088602   -23.936327  0.037789773   -23.898537   -272.55742     1107.207    10.229057    10.288556    10.520558  -0.20886327  -0.21966856  -0.24661618 
     330    115.08812   -23.958538  0.059505228   -23.899033   -369.74495    1115.6074    10.254862     10.31451    10.547098  -0.20939016  -0.22022271  -0.24723831 
     340     95.52947   -23.948165  0.049392613   -23.898773   -369.91836    1124.6596    10.282524    10.342333    10.575548  -0.20995498  -0.22081675  -0.24790522 
     350    143.32962   -23.974681  0.074107229   -23.900573   -273.90629     1134.504    10.312438    10.372422    10.606315  -0.21056579  -0.22145916  -0.24862644 
     360    120.66386   -23.956549  0.062388113   -23.894161   -239.81345    1145.2996    10.345045    10.405218    10.639851  -0.21123157  -0.22215939  -0.24941256 
     370    110.04646   -23.944933  0.056898488   -23.888035   -59.221224       1157.1    10.380453    10.440832    10.676268  -0.21195456  -0.22291978  -0.25026623 
     380    112.86693    -23.94316  0.058356783   -23.884803    205.82577    1170.0231    10.418955    10.479558    10.715867  -0.21274072  -0.22374661  -0.25119449 
     390    98.828288   -23.935151  0.051098235   -23.884053    357.93124    1184.3368     10.46127    10.522119    10.759388  -0.21360474  -0.22465532  -0.25221469 
     400    141.97932   -23.962693   0.07340907   -23.889284     539.7365    1200.1415    10.507599    10.568718    10.807037  -0.21455071  -0.22565023  -0.25333165 
     410    118.77337   -23.953789  0.061410654   -23.892378    652.97941    1217.6915     10.55857    10.619985    10.859461  -0.21559146  -0.22674483  -0.25456052 
     420    156.27371   -23.979227   0.08079985   -23.898427    600.36666    1237.1747    10.614585    10.676326    10.917072  -0.21673521  -0.22794775  -0.25591101 
     430    92.139794   -23.947042  0.047640012   -23.899402    571.50134    1258.6633    10.675688    10.737784    10.979916  -0.21798285  -0.22925993  -0.25738416 
     440    112.38488    -23.95977  0.058107544   -23.901663    442.26789    1282.3778    10.742318    10.804802    11.048445  -0.21934335  -0.23069081  -0.25899057 
     450    73.022609   -23.945897  0.037755652   -23.908141    179.34367    1308.4789    10.814711    10.877616    11.122901  -0.22082151  -0.23224545  -0.26073592 
     460      79.0617   -23.957441  0.040878107   -23.916563   -84.745245    1337.0276    10.892799    10.956158    11.203214  -0.22241595  -0.23392237  -0.26261856 
     470    76.274415   -23.966527  0.039436968    -23.92709   -323.28425    1368.1216    10.976594     11.04044    11.289397  -0.22412693  -0.23572187  -0.26463881 
     480    80.253937   -23.976567  0.041494542   -23.935072   -519.21779    1401.8703    11.066118    11.130485    11.381472  -0.22595489   -0.2376444  -0.26679718 
     490    79.530509   -23.982315    0.0411205   -23.941195   -594.27775    1438.3436    11.161269     11.22619    11.479335  -0.22789774  -0.23968776  -0.26909121 
     500     63.97119   -23.978428  0.033075701   -23.945352   -558.48527    1477.6473     11.26202    11.327526    11.582957  -0.22995493  -0.24185138  -0.27152025 
     510    72.646222   -23.985094  0.037561045   -23.947533   -455.71394    1519.9236    11.368415    11.434541    11.692384  -0.23212739  -0.24413622  -0.27408538 
     520    43.355589   -23.969847  0.022416599   -23.947431   -290.49721    1565.2759    11.480382    11.547158    11.807541  -0.23441358  -0.24654069  -0.27678482 
     530    59.608759   -23.978085  0.030820147   -23.947265   -100.81976    1613.8583    11.597948    11.665409    11.928458  -0.23681413  -0.24906542  -0.27961927 
     540    35.316732    -23.96259  0.018260184    -23.94433    75.655193    1665.8125    11.721092    11.789268    12.055111  -0.23932855  -0.25170993  -0.28258819 
     550    54.611323   -23.971508   0.02823627   -23.943272    208.54486     1721.303    11.849821    11.918747    12.187509  -0.24195703  -0.25447439  -0.28569178 
     560    49.009858   -23.964784  0.025340085   -23.939444    317.14393    1780.4315    11.983981    12.053687    12.325492  -0.24469639  -0.25735546  -0.28892628 
     570    83.768636     -23.9785  0.043311784   -23.935188    359.23831    1843.4205    12.123671     12.19419    12.469163  -0.24754868  -0.26035531  -0.29229413 
     580    96.990018   -23.975291  0.050147775   -23.925143    321.23513    1910.4718    12.268917     12.34028    12.618548  -0.25051439  -0.26347446  -0.29579592 
     590    111.62457   -23.967509  0.057714434   -23.909794    258.44943     1981.749    12.419637    12.491877    12.773563  -0.25359188  -0.26671116  -0.29942968 
     600    134.34423   -23.963558   0.06946142   -23.894097    169.87685    2057.3736    12.575649    12.648796    12.934021  -0.25677743  -0.27006151  -0.30319103 
     610    99.870689   -23.929061  0.051637199   -23.877424    46.435792    2137.5645    12.736959    12.811045    13.099928  -0.26007117  -0.27352564  -0.30708012 
     620    147.68019   -23.947364   0.07635665   -23.871008   -33.096045    2222.3042    12.903094    12.978146    13.270797  -0.26346341  -0.27709338  -0.31108552 
     630    129.52156   -23.935025  0.066967903   -23.868057    -91.37674    2311.8229    13.074072    13.150119    13.446647  -0.26695455  -0.28076512  -0.31520769 
     640    163.59073    -23.95788  0.084583048   -23.873297   -142.27669    2406.1906    13.249598    13.326665    13.627175  -0.27053854  -0.28453453  -0.31943951 
     650    118.37166   -23.938928  0.061202954   -23.877725   -72.628012    2505.2704    13.429017    13.507128    13.811707  -0.27420204  -0.28838755   -0.3237652 
     660      143.854   -23.952339  0.074378353   -23.877961   -5.2789621    2609.3952    13.612544    13.691723    14.000465  -0.27794941  -0.29232879  -0.32818993 
     670     118.0815   -23.943415  0.061052928   -23.882362    11.286789    2718.7692    13.800139    13.880409    14.193406  -0.28177984  -0.29635738  -0.33271272 
     680    121.97759   -23.953336  0.063067362   -23.890268    32.091966    2833.3632    13.991365    14.072748    14.390081  -0.28568442  -0.30046396  -0.33732307 
     690    128.56008   -23.968583  0.066470778   -23.902112    21.327575    2953.1844    14.185877    14.268391    14.590136  -0.28965608   -0.3046411  -0.34201263 
     700    107.91631   -23.963121  0.055797109   -23.907324   -5.0161261     3078.209    14.383306    14.466968    14.793191   -0.2936873  -0.30888087  -0.34677251 
     710    97.724667   -23.960766  0.050527618   -23.910238   -17.021854    3208.3143     14.58316    14.667985    14.998741  -0.29776806  -0.31317273  -0.35159088 
     720    71.586451   -23.950478    0.0370131   -23.913465   -44.024205    3343.5366    14.785229    14.871228    15.206567  -0.30189401  -0.31751214  -0.35646261 
     730    91.135463   -23.967515  0.047120733   -23.920395   -87.780382    3483.7811    14.989126    15.076312    15.416275  -0.30605731  -0.32189082  -0.36137845 
     740     71.65533   -23.964684  0.037048713   -23.927635   -108.36302    3628.7533    15.194223    15.282602    15.627217  -0.31024511  -0.32629527  -0.36632321 
     750     94.20811   -23.981488  0.048709416   -23.932778   -113.05107    3778.3755    15.400248    15.489825    15.839113  -0.31445186  -0.33071966  -0.37129035 
     760    73.041727   -23.972319  0.037765537   -23.934554   -107.20159    3932.5917    15.606983    15.697763     16.05174  -0.31867311  -0.33515929  -0.37627461 
     770    75.127975   -23.973683  0.038844212   -23.934839   -74.016069    4091.1638    15.813997     15.90598    16.264652  -0.32290003  -0.33960488  -0.38126556 
     780    60.797904   -23.965388  0.031434984   -23.933953   -22.992735    4253.9086    16.020967    16.114155    16.477521  -0.32712609  -0.34404957   -0.3862555 
     790    62.162185   -23.965578  0.032140372   -23.933438     19.46294    4420.8174    16.227821    16.322212     16.69027  -0.33134976  -0.34849175  -0.39124262 
     800    61.541484   -23.963857  0.031819444   -23.932038    63.760585    4591.7564    16.434341    16.529933    16.902675  -0.33556662  -0.35292676  -0.39622168 
     810    62.933079   -23.962409  0.032538956    -23.92987    103.88345    4766.6611    16.640413    16.737204     17.11462  -0.33977433  -0.35735215  -0.40118996 
     820    95.776792   -23.974294  0.049520488   -23.924773    119.07783    4945.5868    16.846071    16.944058    17.326138  -0.34397357  -0.36176864  -0.40614823 
     830    94.350889   -23.962611  0.048783238   -23.913827    130.82325     5128.356    17.051087    17.150267    17.536997  -0.34815972  -0.36617135  -0.41109104 
     840    149.45533   -23.977338  0.077274471   -23.900063    135.90439    5315.1653    17.255661    17.356031    17.747401  -0.35233685  -0.37056457   -0.4160232 
     850    136.35857    -23.94982  0.070502912   -23.879318    104.23465    5506.5122    17.460294    17.561854    17.957865  -0.35651516  -0.37495905  -0.42095677 
     860    143.13591    -23.93509  0.074007072   -23.861083    57.423053    5702.3727    17.664901    17.767651    18.168303  -0.36069296  -0.37935298  -0.42588972 
     870    125.12895   -23.913131  0.064696745   -23.848434       3.5969    5902.2909    17.868971    17.972908    18.378189  -0.36485979  -0.38373538  -0.43080972 
     880    180.79484   -23.942271  0.093478271   -23.848793    -79.33209    6106.5624    18.072779    18.177902    18.587805  -0.36902127  -0.38811215  -0.43572341 
     890    193.97561   -23.954344   0.10029326    -23.85405   -142.77689    6314.4402    18.275572    18.381873    18.796376  -0.37316201   -0.3924671   -0.4406126 
     900     176.3859   -23.951709  0.091198668   -23.860511   -178.48016    6525.6242    18.477081    18.584555    19.003628  -0.37727656  -0.39679451  -0.44547087 
     910    163.54856   -23.951499  0.084561242   -23.866938   -182.16756    6739.2189    18.676516     18.78515    19.208746  -0.38134875  -0.40107737  -0.45027913 
     920    112.75106   -23.933536  0.058296874   -23.875239   -139.98287    6954.2836     18.87311    18.982888    19.410943  -0.38536293  -0.40529922  -0.45501889 
     930    110.08976   -23.944034  0.056920875   -23.887113   -84.558545    7170.5942    19.066797    19.177701    19.610148  -0.38931773  -0.40945862  -0.45968854 
     940    84.904475    -23.94253  0.043899059   -23.898631   -28.472335     7387.848    19.257445    19.369458     19.80623  -0.39321051  -0.41355279  -0.46428496 
     950    105.35743   -23.966393  0.054474068   -23.911919    21.220459    7605.6877    19.444891    19.557994    19.999018   -0.3970379  -0.41757818  -0.46880416 
     960    87.278115   -23.965591  0.045126327   -23.920465    61.431585    7823.6626    19.628904    19.743078    20.188275   -0.4007952  -0.42152986   -0.4732406 
     970    101.90373   -23.980014  0.052688364   -23.927326    88.995654    8041.5205    19.809434    19.924658    20.373949  -0.40448137  -0.42540674  -0.47759307 
     980    85.618611   -23.973464  0.044268296   -23.929196     102.0907    8259.0521    19.986469    20.102723     20.55603  -0.40809619  -0.42920856  -0.48186128 
     990    80.062152   -23.970516  0.041395381   -23.929121    99.548951    8475.9841    20.159947     20.27721    20.734451  -0.41163837  -0.43293399  -0.48604372 
    1000    72.202351   -23.966355  0.037331545   -23.929024    84.866039    8691.7497    20.329581     20.44783    20.908918  -0.41510205  -0.43657686  -0.49013347 
    1010    65.108269   -23.961674  0.033663617    -23.92801    58.102069    8905.9471    20.495226    20.614439    21.079285   -0.4184843  -0.44013409  -0.49412709 
    1020    74.970628   -23.966702  0.038762857   -23.927939    24.451915    9118.1786    20.656753    20.776905    21.245414  -0.42178245  -0.44360286  -0.49802138 
    1030    70.112817   -23.963776  0.036251172   -23.927525   -10.672295    9327.9526    20.813964     20.93503    21.407105  -0.42499248  -0.44697896  -0.50181165 
    1040    88.034325   -23.972224  0.045517318   -23.926707   -44.331793    9534.7625    20.966663    21.088618    21.564156  -0.42811039  -0.45025817  -0.50549313 
    1050    80.841365    -23.96737  0.041798266   -23.925572   -66.366816    9737.8542    21.114482    21.237297    21.716188  -0.43112866  -0.45343259  -0.50905696 
    1060    100.45687   -23.974905  0.051940278   -23.922965   -73.960169    9936.9121    21.257385     21.38103    21.863162  -0.43404653  -0.45650141  -0.51250225 
    1070    92.800566   -23.965761  0.047981659    -23.91778   -71.734255    10131.932    21.395549    21.519999    22.005265  -0.43686766  -0.45946849  -0.51583332 
    1080    98.154816   -23.961685  0.050750023   -23.910935   -57.041425    10322.667    21.528973    21.654199    22.142491  -0.43959199  -0.46233376  -0.51905008 
    1090    85.081972   -23.944133  0.043990832   -23.900142   -33.217934    10508.793    21.657598    21.783572    22.274781  -0.44221834  -0.46509598  -0.52215115 
    1100    99.855834   -23.944853  0.051629519   -23.893223   -10.077808    10690.641    21.781808    21.908504    22.402531  -0.44475453  -0.46776338  -0.52514577 
    1110    133.97659   -23.956084  0.069271332   -23.886813    14.024155    10868.342    21.901832    22.029226    22.525975  -0.44720526  -0.47034089  -0.52803948 
    1120    157.29057   -23.959341   0.08132561   -23.878015    30.882786    11042.973    22.018514    22.146587    22.645982  -0.44958775  -0.47284663  -0.53085261 
    1130    195.41173   -23.958345    0.1010358   -23.857309    38.681704    11215.119    22.132339    22.261074     22.76305  -0.45191189  -0.47529101  -0.53359685 
    1140    180.82131   -23.920417  0.093491957   -23.826925    44.271626    11385.297    22.243723    22.373106    22.877608  -0.45418619  -0.47768297  -0.53628224 
    1150     216.8703   -23.919853   0.11213074   -23.807723    33.030566    11554.883     22.35362    22.483642    22.990638  -0.45643015  -0.48004302   -0.5389318 
    1160     225.8684   -23.900445   0.11678313   -23.783662    13.453993    11724.837    22.462682    22.593339    23.102808  -0.45865704  -0.48238512  -0.54156122 
    1170    295.77922   -23.924054   0.15292986   -23.771124   -12.790134     11896.53    22.571796    22.703087    23.215031    -0.460885  -0.48472833  -0.54419188 
    1180    257.50438   -23.905668   0.13314021   -23.772528   -32.015612    12069.633    22.680748    22.812673    23.327088  -0.46310965  -0.48706807  -0.54681865 
    1190    211.26434   -23.916547   0.10923224   -23.807315    -34.99954    12242.729    22.788659    22.921211    23.438073  -0.46531303  -0.48938545   -0.5494203 
    1200    188.66826   -23.944747  0.097549146   -23.847197   -29.260173    12413.515    22.894137    23.027303    23.546557  -0.46746675  -0.49165058  -0.55196331 
    1210      144.276   -23.955365  0.074596545   -23.880769   -12.415251    12580.712    22.996465    23.130227    23.651802  -0.46955616  -0.49384809   -0.5544304 
    1220    111.56092   -23.954948  0.057681521   -23.897266    8.2369866    12743.212    23.095054    23.229389    23.753201  -0.47156921  -0.49596528  -0.55680732 
    1230    95.093085   -23.954658  0.049166984   -23.905491    22.927263    12900.417    23.189636    23.324521    23.850478  -0.47350044  -0.49799642  -0.55908762 
    1240    89.624236    -23.95647  0.046339367    -23.91013    35.186472    13051.477    23.279799    23.415209     23.94321  -0.47534145  -0.49993267   -0.5612614 
    1250    76.311021   -23.952321  0.039455894   -23.912865    41.015994    13196.156    23.365504    23.501412    24.031358  -0.47709143  -0.50177318  -0.56332769 
    1260    82.688786   -23.961678  0.042753458   -23.918924    36.244553    13334.569    23.446913    23.583295    24.115086  -0.47875368  -0.50352143  -0.56529041 
    1270    95.571717   -23.974097  0.049414456   -23.924682    26.436047    13466.246    23.523839    23.660668    24.194204   -0.4803244  -0.50517341  -0.56714504 
    1280     96.06862   -23.978222  0.049671375   -23.928551    14.306617    13590.673     23.59607    23.733319    24.268494  -0.48179925  -0.50672456  -0.56888648 
    1290    96.130955   -23.978684  0.049703605   -23.928981   -0.6809479    13707.507    23.663492    23.801133    24.337838  -0.48317593  -0.50817246    -0.570512 
    1300    78.491991   -23.965618  0.040583545   -23.925034   -14.466295    13816.139    23.725839    23.863843    24.401961  -0.48444897  -0.50951136  -0.57201515 
    1310    64.814937   -23.956113  0.033511953   -23.922601   -26.432446     13916.19    23.782973    23.921309    24.460723  -0.48561555  -0.51073829  -0.57339259 
    1320    62.112664   -23.953208  0.032114768   -23.921093    -39.81262    14007.504    23.834878    23.973516    24.514107  -0.48667539  -0.51185296    -0.574644 
    1330    80.309151   -23.963342   0.04152309   -23.921819   -49.108771    14089.322    23.881195    24.020102    24.561744  -0.48762111  -0.51284761  -0.57576067 
    1340    89.936172   -23.969138   0.04650065   -23.922637   -49.497131    14161.039    23.921646    24.060788    24.603348  -0.48844707  -0.51371629  -0.57673591 
    1350    103.47102   -23.974728  0.053498715    -23.92123   -45.532338    14222.616    23.956269    24.095613    24.638957  -0.48915402  -0.51445982  -0.57757065 
    1360    117.33691   -23.977717  0.060667944   -23.917049   -32.735432    14273.641    23.984883    24.124393    24.668387  -0.48973828  -0.51507431  -0.57826053 
    1370    102.30617   -23.962431  0.052896443   -23.909535   -9.0266698    14313.701      24.0073    24.146941    24.691443  -0.49019602  -0.51555573    -0.578801 
    1380    98.832276   -23.950045  0.051100297   -23.898945    14.698146    14343.277    24.023824    24.163561    24.708438  -0.49053341  -0.51591057  -0.57919937 
    1390    106.73156    -23.94511  0.055184546   -23.889926    39.229271    14361.948    24.034244    24.174042    24.719155  -0.49074617  -0.51613434  -0.57945059 
    1400     110.2597   -23.939154  0.057008738   -23.882145    63.530258    14369.912    24.038685    24.178509    24.723723  -0.49083686  -0.51622972  -0.57955767 
    1410    121.25857   -23.941187  0.062695602   -23.878492    70.657446    14367.785      24.0375    24.177316    24.722503  -0.49081265  -0.51620426  -0.57952908 
    1420    168.68207   -23.966118  0.087215473   -23.878902    69.286163    14354.916    24.030321    24.170096     24.71512  -0.49066607  -0.51605009  -0.57935601 
    1430    166.16872   -23.961132  0.085915969   -23.875216    65.334331    14330.284    24.016568    24.156263    24.700975  -0.49038525  -0.51575475  -0.57902443 
    1440    143.07392      -23.944  0.073975022   -23.870025     42.84417    14294.414    23.996513    24.136091    24.680348  -0.48997575  -0.51532406  -0.57854091 
    1450    135.99598   -23.936354   0.07031544   -23.866038     17.82304    14244.659    23.968639    24.108055     24.65168   -0.4894066  -0.51472546  -0.57786888 
    1460     114.2934   -23.930061  0.059094327   -23.870967   -11.580871    14179.557    23.932068    24.071272    24.614067  -0.48865988  -0.51394012   -0.5769872 
    1470     122.6314   -23.946481  0.063405408   -23.883075   -50.739487    14097.478    23.885802    24.024736    24.566482  -0.48771518  -0.51294655  -0.57587174 
    1480    116.43987   -23.956129  0.060204137   -23.895924   -75.494124    13995.089    23.827834    23.966431    24.506863  -0.48653156  -0.51170169  -0.57447418 
    1490    113.14941   -23.969174  0.058502837   -23.910671   -84.489897     13870.59    23.756967    23.895152    24.433976  -0.48508456  -0.51017983  -0.57276562 
    1500    83.867085    -23.96563  0.043362686   -23.922267   -81.512401    13722.317    23.672011    23.809702    24.346599  -0.48334988  -0.50835541  -0.57071739 
    1510    83.060126   -23.974588  0.042945456   -23.931643   -62.839032    13548.341    23.571546    23.708652    24.243271   -0.4812985  -0.50619791  -0.56829522 
    1520    66.771919   -23.971992  0.034523792   -23.937468   -35.287888     13347.81    23.454671    23.591098    24.123066  -0.47891209  -0.50368804  -0.56547745 
    1530    57.574055   -23.969356  0.029768123   -23.939588   -7.8203586     13120.42    23.320719    23.456366    23.985296  -0.47617697  -0.50081141  -0.56224794 
    1540    53.652192   -23.968739  0.027740361   -23.940999    19.740842    12865.571    23.168738    23.303501    23.828984  -0.47307372  -0.49754763  -0.55858378 
    1550    52.243851   -23.968533  0.027012191   -23.941521    45.505855    12583.242    22.998007    23.131777    23.653388  -0.46958763  -0.49388119  -0.55446756 
    1560    60.678822   -23.973973  0.031373413     -23.9426    62.447444    12274.049    22.808075    22.940741    23.458043  -0.46570949  -0.48980242  -0.54988843 
    1570    69.156021   -23.979752  0.035756469   -23.943996    70.423388    11938.939    22.598586    22.730033    23.242584    -0.461432  -0.48530364  -0.54483776 
    1580    81.423503   -23.985623  0.042099255   -23.943524    69.367543    11579.511     22.36949    22.499605     23.00696  -0.45675419  -0.48038383  -0.53931442 
    1590    70.976143   -23.977546  0.036697546   -23.940848     55.18556    11197.839    22.120966    22.249635    22.751353  -0.45167966  -0.47504677  -0.53332265 
    1600     79.21212   -23.977013   0.04095588   -23.936057      30.9196    10796.218    21.853277    21.980389    22.476036  -0.44621382  -0.46929816  -0.52686884 
    1610    70.886584   -23.964914   0.03665124   -23.928263    4.9736393    10377.206    21.566823    21.692268    22.181418  -0.44036482  -0.46314657   -0.5199626 
    1620    77.249622    -23.96126  0.039941189   -23.921319   -25.856737    9944.4606    21.262766    21.386443    21.868697  -0.43415641  -0.45661697  -0.51263199 
    1630    70.099982   -23.949282  0.036244535   -23.913037   -58.313606    9501.5969    20.942324    21.064138    21.539124  -0.42761343   -0.4497355  -0.50490634 
    1640    88.193585   -23.953733  0.045599662   -23.908134    -79.76642    9052.3949    20.606956    20.726819    21.194198  -0.42076567  -0.44253348  -0.49682082 
    1650    106.13309   -23.960152  0.054875115   -23.905277    -85.53507    8600.8975    20.258499    20.376335    20.835812  -0.41365067  -0.43505039  -0.48841975 
    1660    119.32564   -23.964154  0.061696198   -23.902458     -77.1561     8151.538    19.899364    20.015111    20.466442  -0.40631762  -0.42733798  -0.47976123 
    1670    134.82951   -23.968563  0.069712329   -23.898851   -40.276808    7708.0774     19.53176    19.645368    20.088362  -0.39881164  -0.41944368  -0.47089851 
    1680    108.64239   -23.946594  0.056172527   -23.890421    8.6541952    7274.7505    19.158671     19.27011    19.704641  -0.39119369  -0.41143163  -0.46190358 
    1690    113.33201   -23.947308  0.058597246   -23.888711    39.249751    6855.0531    18.782914    18.892166    19.318176  -0.38352123  -0.40336225   -0.4528443 
    1700    106.79994   -23.947405  0.055219904   -23.892185    66.514822    6451.4397    18.406797    18.513862    18.931341  -0.37584146  -0.39528517  -0.44377637 
    1710    132.62205   -23.965637  0.068570979   -23.897066    71.387512    6066.2242    18.032897    18.137787    18.546786  -0.36820693  -0.38725567  -0.43476187 
    1720    113.60806   -23.954701  0.058739976   -23.895961    48.700906     5700.857    17.663336    17.766077    18.166693    -0.360661  -0.37931937  -0.42585199 
    1730    110.04268   -23.950295   0.05689653   -23.893398    27.395546    5355.8645    17.299593    17.400218    17.792584  -0.35323386  -0.37150799  -0.41708236 
    1740    102.29158   -23.950961    0.0528889   -23.898072   -15.195473    5031.8835     16.94349    17.042044    17.426334  -0.34596274  -0.36386071  -0.40849695 
    1750    102.91369   -23.955286  0.053210556   -23.902075   -79.537013     4729.103    16.596593    16.693129    17.069551  -0.33887958  -0.35641111  -0.40013347 
    1760     115.9654   -23.964513  0.059958818   -23.904554   -121.69355    4446.9162    16.259693    16.354269     16.72305  -0.33200054  -0.34917619  -0.39201102 
    1770    110.43614   -23.960743  0.057099966   -23.903643   -139.69792    4184.8839    15.933841    16.026522    16.387912   -0.3253471  -0.34217854  -0.38415495 
    1780    105.51011   -23.957378  0.054553008   -23.902825   -128.34815     3942.283    15.619793    15.710647    16.064915  -0.31893467  -0.33543438  -0.37658345 
    1790    86.898114    -23.94941  0.044929851    -23.90448   -69.959003    3718.2595    15.318136    15.407235    15.754661  -0.31277524   -0.3289563  -0.36931067 
    1800    104.82182   -23.960866  0.054197135   -23.906669    8.0778485    3511.9896    15.029473    15.116894    15.457772  -0.30688115  -0.32275728   -0.3623512 
    1810      86.3852   -23.954181  0.044664654   -23.909517     88.94451    3322.4196    14.754036    14.839854    15.174486   -0.3012571  -0.31684228  -0.35571058 
    1820     110.9241   -23.970661   0.05735226   -23.913309    181.74318    3148.4048    14.491818    14.576111    14.904795  -0.29590297  -0.31121116  -0.34938867 
    1830    104.61963   -23.970763  0.054092596    -23.91667    270.11629    2988.8664    14.242783    14.325627    14.648663  -0.29081801  -0.30586314  -0.34338458 
    1840    101.41503   -23.971421  0.052435685   -23.918985    310.65255    2842.8563    14.006974    14.088447    14.406135  -0.28600312  -0.30079915  -0.33769938 
    1850    78.277822   -23.958918  0.040472811   -23.918445    305.09959    2709.2064     13.78394    13.864116    14.176745  -0.28144908  -0.29600951  -0.33232218 
    1860     74.41067   -23.958022  0.038473336   -23.919548    236.41203    2586.8206    13.573175    13.652125    13.959974  -0.27714555  -0.29148334  -0.32724077 
    1870    74.348033   -23.962973   0.03844095   -23.924532    90.469631    2474.6609      13.3741    13.451892    13.755226  -0.27308072  -0.28720822   -0.3224412 
    1880    61.275792   -23.962169  0.031682071   -23.930487   -85.729037    2371.6756     13.18594    13.262638    13.561704  -0.26923875  -0.28316749  -0.31790478 
    1890    78.146993   -23.978668  0.040405167   -23.938263    -262.5257    2276.9313    13.007964    13.083626    13.378656  -0.26560471  -0.27934546  -0.31361387 
    1900    62.066149   -23.974848  0.032090718   -23.942757   -418.01748    2189.5729    12.839432    12.914114    13.205321  -0.26216353  -0.27572624  -0.30955068 
    1910    70.974763   -23.983059  0.036696833   -23.946363   -501.42405    2108.7904     12.67955    12.753301    13.040882  -0.25889894  -0.27229277  -0.30569601 
    1920    54.704665   -23.976871  0.028284532   -23.948587   -490.52798    2033.9114    12.527662     12.60053    12.884666  -0.25579761  -0.26903099  -0.30203409 
    1930    59.191611   -23.981062  0.030604465   -23.950457   -421.72134    1964.4359    12.383364    12.455393    12.736256  -0.25285124   -0.2659322  -0.29855516 
    1940    45.719614   -23.974677  0.023638896   -23.951038   -278.48234    1899.8156    12.246063    12.317294    12.595043  -0.25004775  -0.26298367  -0.29524493 
    1950    51.038994   -23.977178  0.026389231   -23.950789   -75.439643    1839.6005    12.115291    12.185761    12.460544  -0.24737756  -0.26017535  -0.29209209 
    1960    48.878014   -23.974221  0.025271917   -23.948949    134.28132    1783.4183    11.990678    12.060424     12.33238  -0.24483314   -0.2574993  -0.28908776 
    1970    48.079576   -23.971621  0.024859092   -23.946762    337.79749     1730.924    11.871858    11.940912    12.210173  -0.24240699  -0.25494762  -0.28622306 
    1980    57.912021   -23.973888  0.029942865   -23.943946    515.77637    1681.7907    11.758448    11.826842    12.093532  -0.24009132  -0.25251215  -0.28348883 
    1990    61.625527   -23.973016  0.031862898   -23.941154    609.54302    1635.7602    11.650178    11.717943    11.982177   -0.2378806  -0.25018707  -0.28087851 
    2000    88.200514   -23.982061  0.045603245   -23.936457    622.12842    1592.5377    11.546648     11.61381    11.875696  -0.23576665  -0.24796376  -0.27838246 
    2010     91.14169   -23.975054  0.047123952    -23.92793    560.62974    1551.8965    11.447578    11.514164    11.773803  -0.23374377  -0.24583623  -0.27599394 
    2020    118.87166   -23.978416  0.061461473   -23.916955    365.01209    1513.6786    11.352824    11.418859    11.676349  -0.23180903   -0.2438014  -0.27370949 
    2030    80.676549   -23.945088   0.04171305   -23.903375    95.398349    1477.6556    11.262041    11.327548    11.582978  -0.22995537  -0.24185183  -0.27152076 
    2040    99.204296   -23.944529  0.051292647   -23.893236   -173.88866    1443.5482    11.174715    11.239714    11.493164  -0.22817229  -0.23997651  -0.26941538 
    2050    106.84228   -23.941517  0.055241792   -23.886276   -452.56258    1411.2043    11.090624    11.155134    11.406677  -0.22645527  -0.23817067  -0.26738801 
    2060    128.62872   -23.950192  0.066506267   -23.883685   -639.93474    1380.4356    11.009427    11.073465    11.323166  -0.22479735  -0.23642697  -0.26543041 
    2070    140.22605   -23.957586  0.072502557   -23.885084   -682.38695    1351.1142     10.93092    10.994501    11.242421  -0.22319433  -0.23474102  -0.26353764 
    2080    141.16773    -23.95828  0.072989445   -23.885291   -604.47595    1323.1343    10.854937    10.918076    11.164274  -0.22164287   -0.2331093  -0.26170575 
    2090    130.68677   -23.949106  0.067570365   -23.881535   -374.54769    1296.4048    10.781344    10.844055    11.088583   -0.2201402  -0.23152889  -0.25993146 
    2100     97.09846   -23.929294  0.050203844    -23.87909    -122.2229    1270.8985    10.710168    10.772465    11.015379  -0.21868689   -0.2300004  -0.25821546 
    2110    138.35905   -23.957282  0.071537244   -23.885745    36.481223     1246.602    10.641478    10.703375    10.944731  -0.21728433  -0.22852528  -0.25655938 
    2120     107.1031   -23.952081  0.055376649   -23.896705    148.87233    1223.3921    10.575021    10.636532     10.87638  -0.21592737  -0.22709811  -0.25495714 
    2130    127.25104   -23.968539  0.065793949   -23.902745    181.07569    1201.1859    10.510646    10.571783    10.810171  -0.21461292  -0.22571567  -0.25340511 
    2140    93.380131   -23.952869  0.048281317   -23.904588    193.41598    1179.8556     10.44806    10.508832    10.745801  -0.21333499  -0.22437162  -0.25189618 
    2150    100.06292    -23.96115  0.051736588   -23.909414    162.50229    1159.3411    10.387151    10.447569    10.683156  -0.21209131   -0.2230636   -0.2504277 
    2160    75.100815   -23.956247  0.038830169   -23.917417     60.43146    1139.5693    10.327763    10.387836    10.622076   -0.2108787  -0.22178826  -0.24899591 
    2170      83.4279   -23.969993   0.04313561   -23.926857   -59.773206    1120.4277     10.26961    10.329345    10.562266   -0.2096913  -0.22053943  -0.24759388 
    2180    76.718897   -23.972291  0.039666783   -23.932625   -133.45599    1101.8044    10.212393    10.271794    10.503418    -0.208523  -0.21931069  -0.24621441 
    2190    65.120601   -23.970862  0.033669993   -23.937192    -171.3697    1083.6715    10.156059    10.215133    10.445479  -0.20737275  -0.21810093  -0.24485624 
    2200    72.910545   -23.979849  0.037697711   -23.942152   -161.68548    1065.9916    10.100525    10.159276    10.388362  -0.20623881  -0.21690833  -0.24351734 
    2210     47.92949   -23.971069  0.024781491   -23.946288   -87.654784    1048.7187    10.045673    10.104104    10.331947   -0.2051188  -0.21573038  -0.24219488 
    2220    51.281981   -23.979097  0.026514865   -23.952582   0.96241696    1031.8216    9.9914278    10.049544    10.276156   -0.2040112  -0.21456548  -0.24088707 
    2230    32.160904   -23.973956  0.016628492   -23.957328    114.08643    1015.2692    9.9377124    9.9955162     10.22091  -0.20291441  -0.21341194  -0.23959203 
    2240    47.068629   -23.987667  0.024336391   -23.963331    212.59683     999.0698    9.8845741    9.9420687    10.166258  -0.20182939   -0.2122708   -0.2383109 
    2250    32.411671   -23.984917  0.016758149   -23.968159    261.47749    983.21279    9.8319997    9.8891885    10.112185   -0.2007559  -0.21114176  -0.23704336 
    2260    40.833121     -23.9935  0.021112381   -23.972387    270.29321    967.66096    9.7798852    9.8367709    10.058585  -0.19969179  -0.21002261  -0.23578691 
    2270      32.4097   -23.992383   0.01675713   -23.975625    269.79557    952.37443    9.7281127    9.7846973    10.005337  -0.19863467  -0.20891079  -0.23453871 
    2280    31.725278   -23.993971  0.016403256   -23.977568    221.52481    937.34529     9.676669    9.7329543    9.9524278  -0.19758426  -0.20780604  -0.23329844 
    2290    29.822974   -23.993468  0.015419688   -23.978049    131.44247    922.55164    9.6254914    9.6814791    9.8997918  -0.19653928  -0.20670701  -0.23206458 
    2300    24.280466   -23.990182  0.012553986   -23.977628    28.582756    907.95706    9.5744636    9.6301545    9.8473098  -0.19549736  -0.20561119  -0.23083433 
    2310     26.57684   -23.989714  0.013741305   -23.975973     -94.6442    893.53214    9.5234888    9.5788832    9.7948824  -0.19445653  -0.20451651  -0.22960536 
    2320    17.040871   -23.981433  0.008810822   -23.972623   -230.02061    879.24911     9.472472    9.5275696    9.7424117  -0.19341484  -0.20342092  -0.22837537 
    2330    33.606495   -23.985066  0.017375921    -23.96769   -359.77115    865.08232    9.4213216    9.4761217    9.6898037  -0.19237041  -0.20232247  -0.22714217 
    2340    30.256354   -23.974899  0.015643763   -23.959255   -481.13905    851.00341    9.3699322    9.4244334    9.6369499  -0.19132112  -0.20121889  -0.22590321 
    2350    63.751638   -23.984994  0.032962184   -23.952031   -598.06781    836.98292    9.3181897    9.3723899    9.5837328   -0.1902646  -0.20010772  -0.22465573 
    2360    65.208757   -23.979403  0.033715574   -23.945688   -584.10948    822.98113    9.2659363    9.3198325    9.5299903  -0.18919766  -0.19898558  -0.22339593 
    2370    85.006972   -23.984195  0.043952054   -23.940243   -454.39887    809.02123    9.2132458    9.2668356    9.4757983  -0.18812179  -0.19785405  -0.22212559 
    2380    82.923987   -23.976436  0.042875066   -23.933561   -281.13469    795.13311    9.1602212    9.2135026    9.4212627   -0.1870391  -0.19671535   -0.2208472 
    2390    85.610701   -23.968637  0.044264206   -23.924373    37.243355    781.29085    9.1067538    9.1597242    9.3662716  -0.18594737  -0.19556714  -0.21955814 
    2400    73.813832   -23.952277  0.038164747   -23.914112    413.74753    767.50173      9.05286    9.1055169    9.3108419  -0.18484694  -0.19440977  -0.21825879 
    2410    65.581794   -23.940208  0.033908449     -23.9063    689.18192    753.78575    8.9986078    9.0509491    9.2550437  -0.18373918  -0.19324471  -0.21695081 
    2420    105.51221   -23.956434  0.054554092    -23.90188    881.86644    740.15783    8.9440482    8.9960721    9.1989292  -0.18262515  -0.19207304  -0.21563541 
    2430    102.77561   -23.953506  0.053139163   -23.900367     890.5161    726.63247    8.8892329     8.940938    9.1425519   -0.1815059  -0.19089589  -0.21431384 
    2440    163.34916   -23.983739  0.084458145   -23.899281    663.19034    713.20929     8.834155    8.8855397    9.0859044  -0.18038128  -0.18971309  -0.21298595 
    2450     140.2685   -23.964587  0.072524509   -23.892063    497.19818    699.81961    8.7785217    8.8295829    9.0286857  -0.17924533  -0.18851837  -0.21164467 
    2460    165.35848   -23.969061  0.085497045   -23.883564    300.53352    686.48423    8.7224041    8.7731389    8.9709689  -0.17809948  -0.18731325  -0.21029171 
    2470    92.716014   -23.918507  0.047937942   -23.870569   -3.3109269      673.205     8.665796    8.7162015    8.9127476  -0.17694362  -0.18609759  -0.20892692 
    2480    113.25888   -23.925711  0.058559436   -23.867152   -305.38732    659.92703     8.608444    8.6585159    8.8537612  -0.17577257  -0.18486596   -0.2075442 
    2490     111.3014   -23.927215   0.05754734   -23.869668   -607.05509    646.60179     8.550109    8.5998416    8.7937639  -0.17458145  -0.18361322  -0.20613778 
    2500    129.16757   -23.946078  0.066784878   -23.879293   -888.90145    633.19303    8.4905937    8.5399801    8.7325525  -0.17336623  -0.18233513   -0.2047029 
    2510    161.15709   -23.973838  0.083324755   -23.890513    -897.9948    619.63979     8.429577    8.4786085    8.6697971  -0.17212036   -0.1810248  -0.20323183 
    2520    140.43609   -23.971069  0.072611158   -23.898458   -718.20575    605.93004    8.3669437    8.4156109    8.6053788  -0.17084147  -0.17967975  -0.20172178 
    2530    140.51798   -23.976597  0.072653499   -23.903943   -411.31535    592.02464    8.3024438    8.3507358    8.5390409  -0.16952447  -0.17829462  -0.20016673 
    2540    75.248247   -23.944681  0.038906398   -23.905774    3.5541679    577.87047    8.2357442    8.2836483    8.4704406  -0.16816256  -0.17686225  -0.19855864 
    2550    89.648024   -23.958181  0.046351667   -23.911829    321.61177    563.41917    8.1665111    8.2140125    8.3992345  -0.16674891  -0.17537547  -0.19688947 
    2560    42.013335   -23.939423  0.021722599     -23.9177    507.07925    548.60688    8.0943088    8.1413902    8.3249746  -0.16527464  -0.17382493  -0.19514872 
    2570    73.655359   -23.965296  0.038082809   -23.927213    507.34497    533.36882    8.0186617    8.0653031    8.2471718  -0.16373003  -0.17220041  -0.19332492 
    2580    65.965394   -23.969084  0.034106786   -23.934977    406.81374    517.62553    7.9389777    7.9851555     8.165217  -0.16210299   -0.1704892  -0.19140379 
    2590    85.131843   -23.984644  0.044016618   -23.940627    220.10272    501.29739    7.8546077    7.9002948    8.0784427  -0.16038027  -0.16867736  -0.18936968 
    2600    80.875442   -23.985815  0.041815885      -23.944    34.467449    484.30408    7.7648319    7.8099969    7.9861086  -0.15854718  -0.16674943  -0.18720524 
    2610     73.45096   -23.981515  0.037977127   -23.943538   -107.98444    466.57403    7.6688964    7.7135033    7.8874391   -0.1565883  -0.16468921  -0.18489229 
    2620     72.33343   -23.978982  0.037399318   -23.941583   -240.88794    448.06228    7.5661012    7.6101102    7.7817145  -0.15448937  -0.16248169  -0.18241397 
    2630     47.69531   -23.961484  0.024660411   -23.936824   -339.55697    428.72389    7.4556454    7.4990119    7.6681111  -0.15223401  -0.16010966  -0.17975095 
    2640    72.016912   -23.969569  0.037235666   -23.932333   -383.19119    408.54671    7.3367985    7.3794737    7.5458773  -0.14980732  -0.15755743  -0.17688562 
    2650    44.525007   -23.949205  0.023021236   -23.926183   -306.85335    387.54749    7.2088777    7.2508089    7.4143112  -0.14719536  -0.15481033  -0.17380153 
    2660    88.929046   -23.965697  0.045979925   -23.919717   -198.72496    365.80794    7.0714813    7.1126133    7.2729993  -0.14438991  -0.15185975  -0.17048899 
    2670    89.939629   -23.955138  0.046502438   -23.908635    38.580349    343.44494    6.9243401    6.9646163     7.121665  -0.14138549   -0.1486999  -0.16694151 
    2680    156.49067   -23.973624  0.080912025   -23.892712     329.8256     320.6517    6.7676392    6.8070039    6.9604986  -0.13818587  -0.14533476  -0.16316355 
    2690    154.22008   -23.947453  0.079738042   -23.867715    757.49752    297.67905    6.6019988       6.6404    6.7901379  -0.13480373  -0.14177764  -0.15917006 
    2700    190.14883   -23.945292  0.098314663   -23.846978     1457.757    274.86049     6.428803    6.4661968    6.6120065  -0.13126731  -0.13805826  -0.15499442 
    2710    162.56364   -23.913757  0.084051999   -23.829705    2704.0764    253.44002    6.2572631    6.2936591    6.4355781   -0.1277647  -0.13437445   -0.1508587 
    2720    151.24385   -23.895883  0.078199209   -23.817683    2452.5658    237.36592    6.1220773    6.1576869    6.2965398  -0.12500439  -0.13147134  -0.14759945 
    2730    252.45334    -23.94431   0.13052862   -23.813781    1316.2491    227.56174    6.0366005     6.071713    6.2086272  -0.12325907  -0.12963573  -0.14553866 
    2740    195.63341   -23.920619   0.10115041   -23.819469   -141.81378    222.74682    5.9937209     6.028584    6.1645257  -0.12238353  -0.12871489  -0.14450486 
    2750    162.20204   -23.921515  0.083865037    -23.83765   -311.31914    223.05229    5.9964596    6.0313386    6.1673424  -0.12243945  -0.12877371  -0.14457089 
    2760    67.946604   -23.898704  0.035131151   -23.863573    8.3760297    231.07202    6.0674817    6.1027738    6.2403884  -0.12388962   -0.1302989  -0.14628319 
    2770    114.19519   -23.953883  0.059043545    -23.89484   -1388.3574    249.20085    6.2221793    6.2583713    6.3994945  -0.12704833  -0.13362103  -0.15001285 
    2780    75.090574   -23.953816  0.038824874   -23.914991   -1509.2414    275.96545    6.4374063    6.4748501    6.6208549  -0.13144297  -0.13824302  -0.15520184 
    2790     82.43121   -23.964663  0.042620281   -23.922043   -958.33885     308.7908    6.6831437    6.7220169    6.8735951  -0.13646059  -0.14352022  -0.16112641 
    2800     55.55444   -23.953525    0.0287239   -23.924801   -247.94324    345.80763    6.9401822    6.9805505    7.1379586  -0.14170897  -0.14904011  -0.16732345 
    2810    63.089167   -23.960628  0.032619659   -23.928009     546.0732    386.57953     7.202871    7.2447672    7.4081333  -0.14707271  -0.15468134  -0.17365671 
    2820    85.597747   -23.972317  0.044257509    -23.92806    982.26566    430.55377    7.4662377    7.5096659    7.6790052  -0.15245029  -0.16033713  -0.18000632 
    2830    73.447786   -23.963523  0.037975486   -23.925547    1080.4119    476.96522    7.7254109    7.7703465    7.9455641  -0.15774225  -0.16590286  -0.18625482 
    2840      70.2794   -23.958821  0.036337302   -23.922484    1123.9965    524.89053     7.975947      8.02234    8.2032399  -0.16285786  -0.17128311  -0.19229509 
    2850      50.8508   -23.946629  0.026291927   -23.920337    893.47261    573.41605    8.2145283     8.262309    8.4486201  -0.16772936  -0.17640664  -0.19804714 
    2860    108.48254   -23.977279  0.056089877   -23.921189    478.58729    621.65767    8.4387175    8.4878022     8.679198  -0.17230699  -0.18122109   -0.2034522 
    2870    98.977765   -23.968708  0.051175521   -23.917533    186.82266    668.85569    8.6470936    8.6973903    8.8935123  -0.17656174  -0.18569596  -0.20847602 
    2880      118.534   -23.968599  0.061286889   -23.907312   -172.12135    714.48416    8.8394156     8.890831    9.0913149   -0.1804887  -0.18982606  -0.21311278 
    2890    68.428874   -23.927754  0.035380505   -23.892373   -492.21111    758.17492    9.0160398    9.0684826    9.2729725  -0.18409512  -0.19361906  -0.21737108 
    2900    63.527473   -23.912122  0.032846281   -23.879276   -567.47842    799.68094    9.1776523     9.231035    9.4391904  -0.18739502  -0.19708968  -0.22126746 
    2910    105.26661   -23.925202  0.054427107   -23.870775   -655.86483    838.97913    9.3255918    9.3798351    9.5913459  -0.19041575  -0.20026668  -0.22483419 
    2920    177.33413   -23.961226   0.09168894   -23.869537   -630.05338    876.06671    9.4610298    9.5160609    9.7306434   -0.1931812   -0.2031752  -0.22809951 
    2930    197.32096   -23.965088   0.10202294   -23.863065   -305.79984    911.04243    9.5852965    9.6410504    9.8584514  -0.19571856  -0.20584382   -0.2310955 
    2940     137.1297   -23.924994  0.070901618   -23.854092    35.500109     944.1254    9.6999444    9.7563651    9.9763665  -0.19805951  -0.20830588  -0.23385959 
    2950    118.44438   -23.902831   0.06124055    -23.84159    500.55104    975.47198    9.8061293    9.8631677    10.085577  -0.20022766   -0.2105862  -0.23641964 
    2960    72.557643   -23.871071  0.037515246   -23.833556    780.99706     1005.326    9.9051636     9.962778    10.187434   -0.2022498  -0.21271295   -0.2388073 
    2970    169.71704   -23.932758  0.087750597   -23.845008    614.91866    1033.9458    9.9982796    10.056436    10.283203   -0.2041511  -0.21471262  -0.24105227 
    2980    180.27378   -23.958978  0.093208858   -23.865769    369.51744    1061.4003    10.086003    10.144669    10.373427  -0.20594229  -0.21659647  -0.24316722 
    2990    177.82798   -23.968068  0.091944282   -23.876124    110.86511    1087.8138    10.168983    10.228132    10.458772  -0.20763664  -0.21837847  -0.24516783 
    3000    115.96686   -23.929513   0.05995957   -23.869554   -93.379839    1113.2784    10.247721    10.307328    10.539753  -0.20924435  -0.22006935  -0.24706613 
Loop time of 38.7742 on 1 procs for 3000 steps with 5 atoms

Performance: 13.370 ns/day, 1.795 hours/ns, 77.371 timesteps/s
295.3% CPU use with 1 MPI tasks x no OpenMP threads

MPI task timing breakdown:
Section |  min time  |  avg time  |  max time  |%varavg| %total
---------------------------------------------------------------
Pair    | 38.196     | 38.196     | 38.196     |   0.0 | 98.51
Neigh   | 0.0021341  | 0.0021341  | 0.0021341  |   0.0 |  0.01
Comm    | 0.0083616  | 0.0083616  | 0.0083616  |   0.0 |  0.02
Output  | 0.52342    | 0.52342    | 0.52342    |   0.0 |  1.35
Modify  | 0.035109   | 0.035109   | 0.035109   |   0.0 |  0.09
Other   |            | 0.009162   |            |       |  0.02

Nlocal:    5 ave 5 max 5 min
Histogram: 1 0 0 0 0 0 0 0 0 0
Nghost:    97 ave 97 max 97 min
Histogram: 1 0 0 0 0 0 0 0 0 0
Neighs:    0 ave 0 max 0 min
Histogram: 1 0 0 0 0 0 0 0 0 0

Total # of neighbors = 0
Ave neighs/atom = 0
Neighbor list builds = 184
Dangerous builds = 33
Total wall time: 0:00:42
