2019-06-24 13:10:32.425438: I tensorflow/core/platform/cpu_feature_guard.cc:140] Your CPU supports instructions that this TensorFlow binary was not compiled to use: AVX512F
2019-06-24 13:10:35.743763: E tensorflow/stream_executor/cuda/cuda_driver.cc:406] failed call to cuInit: CUDA_ERROR_NO_DEVICE
2019-06-24 13:10:35.743872: I tensorflow/stream_executor/cuda/cuda_diagnostics.cc:158] retrieving CUDA diagnostic information for host: SR760-GPU-7
2019-06-24 13:10:35.743923: I tensorflow/stream_executor/cuda/cuda_diagnostics.cc:165] hostname: SR760-GPU-7
2019-06-24 13:10:35.744073: I tensorflow/stream_executor/cuda/cuda_diagnostics.cc:189] libcuda reported version is: 410.48.0
2019-06-24 13:10:35.744209: I tensorflow/stream_executor/cuda/cuda_diagnostics.cc:193] kernel reported version is: 410.48.0
2019-06-24 13:10:35.744245: I tensorflow/stream_executor/cuda/cuda_diagnostics.cc:300] kernel version seems to match DSO: 410.48.0
fo of lammps module:
  use deepmd-kit at:  /sharedext4/local/deepmd-kit-0.12.4
  source:             v0.12.4-1-ge3cd911-dirty
  source branch:      master
  source commit:      e3cd911
  source commit at:   2019-02-07 10:22:13 +0800
  build float prec:   double
  build with tf inc:  /sharedext4/local/tensorflow/r1.8.gpu.cc/include
  build with tf lib:  /sharedext4/local/tensorflow/r1.8.gpu.cc/lib/libtensorflow_cc.so;/sharedext4/local/tensorflow/r1.8.gpu.cc/lib/libtensorflow_framework.so
  >>> Info of model(s):
  using   4 model(s): ../graph.002.pb ../graph.003.pb ../graph.000.pb ../graph.001.pb 
  rcut in model:      5
  ntypes in model:    2
Neighbor list info ...
  update every 1 steps, delay 10 steps, check yes
  max neighbors/atom: 2000, page size: 100000
  master list distance cutoff = 6
  ghost atom cutoff = 6
  binsize = 3, bins = 4 4 4
  1 neighbor lists, perpetual/occasional/extra = 1 0 0
  (1) pair deepmd, perpetual
      attributes: , newton on
      pair build: full/bin/atomonly
      stencil: full/bin/3d
      bin: standard
Setting up Verlet run ...
  Unit style    : metal
  Current step  : 0
  Time step     : 0.002
Per MPI rank memory allocation (min/avg/max) = 3.949 | 3.949 | 3.949 Mbytes
Step Temp PotEng KinEng TotEng Press Volume Lx Ly Lz Xy Xz Yz 
       0          100   -23.996533  0.051704058   -23.944829   -718.72303    1035.9851    10.048543    10.137829    10.169638    0.1462974    0.1490568    0.0755774 
      10    78.208067   -23.984691  0.040436744   -23.944255    -345.6774    1032.1865    10.036246    10.125423    10.157193   0.14611837    0.1488744  0.075484914 
      20    69.185156   -23.974826  0.035771533   -23.939055    68.234652    1028.1294     10.02308    10.112139    10.143867   0.14592668   0.14867908  0.075385884 
      30    39.288368   -23.950963  0.020313681    -23.93065    435.83071    1023.8484    10.009149    10.098085    10.129769   0.14572386   0.14847244  0.075281107 
      40    41.100531   -23.944427  0.021250642   -23.923176    765.43238    1019.3407    9.9944378    10.083243    10.114881   0.14550968   0.14825422  0.075170463 
      50    79.701398   -23.960454  0.041208857   -23.919245    874.97791     1014.654     9.979097    10.067766    10.099355   0.14528633   0.14802666  0.075055081 
      60    91.382656   -23.963004  0.047248541   -23.915756       754.11    1009.7943    9.9631397    10.051667    10.083205   0.14505401   0.14778996  0.074935062 
      70    126.74546   -23.972046  0.065532547   -23.906514    576.81555    1004.6918    9.9463302    10.034708    10.066193   0.14480928   0.14754061  0.074808634 
      80    79.912773   -23.932946  0.041318146   -23.891628    275.45726    999.35554    9.9286895     10.01691     10.04834   0.14455244   0.14727893  0.074675954 
      90    117.93658   -23.941034  0.060977996   -23.880056   -23.717291    993.70296    9.9099344    9.9979886    10.029359   0.14427939   0.14700073  0.074534893 
     100     98.23276   -23.919948  0.050790323   -23.869157   -229.51096    987.64462    9.8897539    9.9776288    10.008935   0.14398558   0.14670137  0.074383111 
     110    156.99049   -23.947837  0.081170453   -23.866666    -506.3618    981.20812    9.8682232    9.9559068    9.9871448   0.14367211   0.14638199  0.074221173 
     120    130.73613   -23.938754  0.067595887   -23.871158   -469.76748    974.30467    9.8450255     9.932503    9.9636677   0.14333438   0.14603789  0.074046698 
     130    107.56278   -23.924027  0.055614322   -23.868413   -212.18794    966.98696    9.8203159    9.9075738    9.9386602   0.14297463   0.14567135  0.073860851 
     140    97.770564   -23.912713  0.050551349   -23.862161   -97.088277    959.35762    9.7944209    9.8814487    9.9124531   0.14259762   0.14528724  0.073666089 
     150    112.15641   -23.923496  0.057989417   -23.865507   -58.256876    951.36274    9.7671374    9.8539228    9.8848409    0.1422004   0.14488252  0.073460884 
     160    195.67744   -23.986692   0.10117318   -23.885519    -190.7459    943.03381    9.7385509    9.8250823    9.8559099   0.14178421   0.14445848  0.073245878 
     170    125.94582   -23.954605  0.065119098   -23.889486   -255.96912    934.30801    9.7084212    9.7946848    9.8254171   0.14134554   0.14401154  0.073019266 
     180    117.35178   -23.944202  0.060675634   -23.883526    -179.5418    925.13644    9.6765493    9.7625298    9.7931611   0.14088152   0.14353877   0.07277955 
     190    49.572768   -23.904207  0.025631133   -23.878576    -160.2529    915.54897    9.6430062    9.7286886    9.7592138   0.14039316    0.1430412  0.072527264 
     200    111.73702   -23.948268  0.057772572   -23.890496   -321.42624    905.52888    9.6076982    9.6930669    9.7234803   0.13987911   0.14251745  0.072261705 
     210    111.31201   -23.960298  0.057552824   -23.902746   -484.75787    895.02102    9.5703906    9.6554278    9.6857231   0.13933595   0.14196404  0.071981106 
     220    115.61914   -23.967208  0.059779788   -23.907428   -598.78781    883.98416     9.530889    9.6155753    9.6457455   0.13876084   0.14137809  0.071684006 
     230     90.83938   -23.954598  0.046967646    -23.90763   -497.84851    872.34784    9.4888842    9.5731972    9.6032345   0.13814929   0.14075501  0.071368078 
     240    61.876276    -23.94117  0.031992546   -23.909178   -188.33248    860.06674    9.4441448    9.5280602    9.5579559   0.13749793   0.14009135  0.071031582 
     250    96.360623   -23.962088  0.049822352   -23.912266    171.26093    847.14115    9.3965951     9.480088    9.5098331   0.13680565   0.13938602   0.07067395 
     260    77.340508   -23.956098  0.039988181    -23.91611    546.34678    833.56409     9.346125    9.4291695    9.4587549   0.13607085   0.13863736  0.070294353 
     270    93.833426   -23.969591  0.048515689   -23.921076    893.44283    819.33294    9.2926317    9.3752009    9.4046169   0.13529204   0.13784386  0.069892017 
     280    61.339498     -23.9571  0.031715009   -23.925385    1157.1842    804.42012    9.2359072    9.3179724    9.3472089   0.13446618   0.13700243   0.06946538 
     290    88.737284   -23.975761  0.045880777    -23.92988    1306.8071    788.78975    9.1756958    9.2572259    9.2862718   0.13358956   0.13610927  0.069012515 
     300    61.985916   -23.961795  0.032049234   -23.929746    1264.8848    772.41782    9.1117686    9.1927307    9.2215742   0.13265884   0.13516099  0.068531704 
     310    65.618524   -23.966462   0.03392744   -23.932535    940.11519     755.2738    9.0438509    9.1242095    9.1528381   0.13167002   0.13415353   0.06802088 
     320    43.631854   -23.960617  0.022559439   -23.938058    413.86766    737.28106    8.9714563    9.0511717     9.079571   0.13061602   0.13307965  0.067476383 
     330    39.834771   -23.964609  0.020596193   -23.944013   -227.79348    718.35999    8.8940445     8.973072    9.0012264   0.12948898   0.13193135  0.066894151 
     340    60.666733   -23.981178  0.031367163   -23.949811   -854.71231    698.44869    8.8110992    8.8893897    8.9172815   0.12828137   0.13070096  0.066270301 
     350    60.313298   -23.982596  0.031184423   -23.951411   -1361.0189    677.50373    8.7221285    8.7996286    8.8272387   0.12698604    0.1293812  0.065601132 
     360    68.285252   -23.987363  0.035306246   -23.952056   -1706.8876     655.5142     8.626725    8.7033773    8.7306854   0.12559706   0.12796602   0.06488358 
     370    36.944743   -23.969503  0.019101931   -23.950402   -1793.7848    632.46442    8.5244026    8.6001457    8.6271299   0.12410734    0.1264482   0.06411399 
     380    51.991755   -23.975274  0.026881847   -23.948392   -1620.7291    608.38284    8.4148085    8.4895779    8.5162151   0.12251175   0.12482252  0.063289708 
     390    40.342792     -23.9654   0.02085886   -23.944541   -1183.1893    583.32599    8.2976611    8.3713896     8.397656    0.1208062   0.12308479  0.062408615 
     400     72.36379   -23.977399  0.037415016   -23.939984    -536.6585    557.39561     8.172842    8.2454613    8.2713326   0.11898894   0.12123326  0.061469822 
     410     59.46662   -23.962643  0.030746655   -23.931896    255.36858    530.72127    8.0403339    8.1117758    8.1372277   0.11705975   0.11926768  0.060473198 
     420    68.029863   -23.961541    0.0351742   -23.926367    1041.6059    503.47218    7.9003029    7.9705007    7.9955093   0.11502103   0.11719051  0.059419993 
     430     81.78969   -23.961916  0.042288589   -23.919628    1801.6213    475.83146    7.7529973    7.8218862    7.8464285    0.1128764   0.11500543  0.058312074 
     440    118.01622   -23.975128  0.061019175   -23.914109     2354.229    448.04943    7.5990721    7.6665932    7.6906483   0.11063539   0.11272215  0.057154366 
     450    137.74699   -23.971322  0.071220786   -23.900101    2590.9033    420.39033      7.43937    7.5054721    7.5290216   0.10831028   0.11035318  0.055953211 
     460    78.729654   -23.926211  0.040706426   -23.885505    2696.3818    393.10622     7.274814    7.3394539    7.3624825    0.1059145   0.10791221  0.054715547 
     470    90.555532   -23.926073  0.046820885   -23.879252    2272.5444    366.46447     7.106611    7.1697564    7.1922525   0.10346562   0.10541714  0.053450454 
     480    58.925821   -23.905559  0.030467041   -23.875091    1467.7648     340.7015    6.9360136    6.9976432    7.0195993   0.10098188   0.10288656  0.052167351 
     490    166.91121   -23.967696  0.086299871   -23.881396    495.38364    316.04683    6.7645005    6.8246061    6.8460193  0.098484808   0.10034239  0.050877362 
     500    168.75551   -23.969146  0.087253449   -23.881893    -646.8808    292.70886    6.5937206    6.6523088    6.6731814  0.095998414  0.097809095  0.049592888 
     510    160.94348   -23.962835  0.083214311   -23.879621   -1157.9573    270.88058    6.4255633    6.4826573    6.5029976    0.0935502  0.095314704  0.048328138 
     520    63.112387   -23.893593  0.032631665   -23.860961    -791.4635    251.56774    6.2690765      6.32478    6.3446249  0.091271898   0.09299343  0.047151164 
     530    84.476341   -23.892379  0.043677696   -23.848701   -661.89046    237.07665    6.1463154    6.2009282    6.2203845  0.089484611  0.091172433   0.04622785 
     540    102.98438   -23.901515  0.053247102   -23.848268   -656.89378    229.96182    6.0842049    6.1382658    6.1575255  0.088580341  0.090251106  0.045760703 
     550    148.70118   -23.942105  0.076884542   -23.865221   -962.56666    231.42376    6.0970708     6.151246    6.1705464  0.088767655  0.090441953   0.04585747 
     560    135.34082   -23.953364  0.069976698   -23.883387   -1356.6718     241.0936    6.1808349    6.2357544      6.25532  0.089987183  0.091684484  0.046487479 
     570    67.649116    -23.92738  0.034977338   -23.892403   -1254.3473    257.20742    6.3155777    6.3716945    6.3916866  0.091948913  0.093683214  0.047500911 
     580    69.888064   -23.937599  0.036134965   -23.901464   -764.97424    277.25821    6.4756007    6.5331393    6.5536379  0.094278697  0.096056942   0.04870448 
     590    61.114421   -23.943421  0.031598636   -23.911823   -534.92191    299.41759    6.6437154    6.7027478    6.7237787  0.096726291  0.098550702   0.04996891 
     600     102.0071   -23.979635  0.052741809   -23.926893   -265.41965    322.62796    6.8111313    6.8716513    6.8932121   0.09916371   0.10103409  0.051228083 
     610     65.31222   -23.969691  0.033769068   -23.935922    14.854347    346.62588    6.9759857    7.0379704    7.0600531   0.10156384   0.10347949  0.052467991 
     620     76.12674   -23.980437  0.039360614   -23.941076    229.87546    371.21457    7.1371845    7.2006016    7.2231945   0.10391074   0.10587066  0.053680404 
     630    45.659885   -23.967426  0.023608013   -23.943818    500.49645    396.18961    7.2937848    7.3585934     7.381682   0.10619069   0.10819362  0.054858231 
     640    58.302928   -23.976836   0.03014498   -23.946691    713.17334    421.37618    7.4451807    7.5113345    7.5349024   0.10839488   0.11043938  0.055996914 
     650    41.212847   -23.970913  0.021308714   -23.949605    778.59775    446.61631    7.5909613    7.6584104    7.6824398   0.11051731   0.11260184  0.057093364 
     660    32.073715   -23.969437  0.016583412   -23.952853    747.56907    471.76831    7.7308665    7.7995587    7.8240309   0.11255419   0.11467714  0.058145623 
     670    33.214422   -23.973313  0.017173204    -23.95614    689.81446    496.71409    7.8647951    7.9346773    7.9595735   0.11450407    0.1166638   0.05915293 
     680    39.308291   -23.979812  0.020323982   -23.959488    540.04934    521.37908    7.9928768    8.0638971    8.0891987   0.11636882   0.11856372  0.060116262 
     690    65.571384   -23.996251  0.033903067   -23.962348    342.42856    545.70399    8.1152947    8.1874027    8.2130919   0.11815111   0.12037963  0.061036995 
     700    49.684376   -23.988831  0.025688839   -23.963142     185.7596    569.65006    8.2323021    8.3054498    8.3315094   0.11985463   0.12211528  0.061917035 
     710    55.607074   -23.990917  0.028751114   -23.962166    17.529474    593.20994    8.3442644     8.418407    8.4448209    0.1214847   0.12377609   0.06275913 
     720    25.200708   -23.970019  0.013029789   -23.956989   -137.18998    616.39471    8.4515861    8.5266822    8.5534359    0.1230472   0.12536806   0.06356632 
     730    46.470462   -23.974859  0.024027115   -23.950831   -256.96557    639.22813    8.5546821    8.6306943    8.6577744   0.12454818   0.12689736  0.064341729 
     740    40.476792   -23.962104  0.020928144   -23.941175   -369.25662    661.74788    8.6539843    8.7308789    8.7582733   0.12599393   0.12837037  0.065088604 
     750    61.708563   -23.964877  0.031905831   -23.932971   -524.51499    683.99119    8.7498798    8.8276264    8.8553244   0.12739008   0.12979286  0.065809856 
     760    62.111506    -23.95927  0.032114169   -23.927156   -590.42724    705.97177    8.8426214     8.921192    8.9491836   0.12874031   0.13116855  0.066507386 
     770    79.873975   -23.964344  0.041298087   -23.923046   -606.17518    727.71571    8.9324893    9.0118584    9.0401344    0.1300487   0.13250162  0.067183303 
     780    120.04575   -23.979178  0.062068525   -23.917109   -579.15387    749.27232    9.0198327     9.099978    9.1285304   0.13132034   0.13379725  0.067840234 
     790    102.97452   -23.955089  0.053242006   -23.901847    -297.5118    770.62422    9.1047104    9.1856098     9.214431   0.13255608    0.1350563  0.068478618 
     800    111.80546   -23.946504   0.05780796   -23.888696    -84.62321    791.87774     9.187654    9.2692904    9.2983741   0.13376366   0.13628665  0.069102456 
     810    52.547922   -23.909117  0.027169408   -23.881947  -0.63670268    813.07638    9.2689179    9.3512763    9.3806173   0.13494679    0.1374921   0.06971366 
     820    116.45636   -23.942345  0.060212662   -23.882132    50.179483    834.25112     9.348692    9.4317593    9.4613528   0.13610822   0.13867544   0.07031366 
     830    116.61321   -23.938479   0.06029376   -23.878185   -109.33208    855.48432    9.4273422    9.5111083    9.5409508    0.1372533   0.13984211  0.070905206 
     840    166.21931   -23.954785  0.085942128   -23.868843   -133.63663    876.72115    9.5047146    9.5891682    9.6192556   0.13837977   0.14098983  0.071487142 
     850    128.32189   -23.933065  0.066347623   -23.866717    22.650288    897.93891    9.5807796    9.6659091    9.6962373    0.1394872   0.14211815  0.072059244 
     860    107.98147   -23.922803  0.055830802   -23.866972    87.339476    919.20308    9.6558181    9.7416144    9.7721801   0.14057969   0.14323125  0.072623626 
     870    138.67142   -23.941517  0.071698753   -23.869818    249.79411    940.50219    9.7298286    9.8162825    9.8470825   0.14165722   0.14432909  0.073180276 
     880    121.60059   -23.931028   0.06287244   -23.868156    442.44829    961.90621    9.8030863    9.8901912    9.9212231   0.14272378   0.14541578  0.073731264 
     890    161.13048   -23.955228  0.083310996   -23.871917    603.48383    983.45285    9.8757427    9.9634931     9.994755   0.14378159   0.14649354  0.074277729 
     900    86.603604   -23.917229  0.044777577   -23.872452    807.05062    1005.1202    9.9477437    10.036134    10.067624   0.14482986   0.14756158  0.074819265 
     910    104.17681   -23.932374  0.053863641    -23.87851    755.85888    1027.0067     10.01943    10.108457    10.140174   0.14587354   0.14862494  0.075358433 
     920    76.126464   -23.930928  0.039360471   -23.891567    582.53529    1049.0946    10.090751    10.180411    10.212354    0.1469119   0.14968289  0.075894853 
     930     124.9321   -23.971031  0.064594966   -23.906436    365.58347    1071.3859     10.16172    10.252012    10.284179   0.14794515   0.15073563  0.076428632 
     940    121.98245   -23.979798  0.063069874   -23.916728    116.93462    1093.8824    10.232352    10.323271    10.355661   0.14897348   0.15178336  0.076959867 
     950    95.544381   -23.967524  0.049400322   -23.918124   -74.665617    1116.5562    10.302567     10.39411    10.426723   0.14999575   0.15282491  0.077487973 
     960    56.827575   -23.948568  0.029382162   -23.919186   -274.41314    1139.4438    10.372487    10.464651    10.497485   0.15101372   0.15386208  0.078013856 
     970    29.620633   -23.938925  0.015315069    -23.92361   -501.76148    1162.5518    10.442136    10.534919    10.567974   0.15202775   0.15489523  0.078537705 
     980     60.22916   -23.961417   0.03114092   -23.930276   -666.84162    1185.8651    10.511476    10.604875    10.638149   0.15303726   0.15592379  0.079059222 
     990    60.378351   -23.967903  0.031218058   -23.936685   -761.03842    1209.3783    10.580495    10.674507       10.708   0.15404212    0.1569476  0.079578332 
    1000    93.973006   -23.990084  0.048587858   -23.941496   -768.22245     1233.109    10.649251    10.743875    10.777585   0.15504315   0.15796751  0.080095466 
    1010    56.811994   -23.971473  0.029374106   -23.942098   -616.81001    1257.0323    10.717679     10.81291    10.846837   0.15603939   0.15898254  0.080610123 
    1020    72.771998   -23.979832  0.037626076   -23.942206   -388.01967    1281.2117    10.785962      10.8818    10.915943   0.15703353   0.15999543  0.081123698 
    1030    55.704114   -23.966303  0.028801287   -23.937502   -104.74547    1305.6875    10.854213    10.950657    10.985017    0.1580272   0.16100784  0.081637028 
    1040    71.637314   -23.967563  0.037039398   -23.930523    226.41047    1330.4974     10.92253    11.019582    11.054158   0.15902184   0.16202124   0.08215086 
    1050    67.664639   -23.953348  0.034985364   -23.918362    525.48064    1355.7107    10.991094    11.088755    11.123547   0.16002006   0.16303829  0.082666543 
    1060    52.796929   -23.929707  0.027298155   -23.902409    752.51836    1381.4041    11.060094    11.158368    11.193379   0.16102464   0.16406182  0.083185509 
    1070    110.49945   -23.945722  0.057132699   -23.888589    889.14336    1407.6296    11.129647    11.228539     11.26377   0.16203726   0.16509354  0.083708629 
    1080    123.00762   -23.940317  0.063599931   -23.876717     850.9802    1434.5209    11.200074    11.299591    11.335045   0.16306261   0.16613823  0.084238326 
    1090    229.37136    -23.98576    0.1185943   -23.867166    673.84789    1462.0655    11.271305    11.371455    11.407135   0.16409967   0.16719485  0.084774073 
    1100    144.20809   -23.922028  0.074561434   -23.847467    488.03476    1490.2164    11.343185    11.443975    11.479882   0.16514618    0.1682611  0.085314703 
    1110    129.67599   -23.907528  0.067047751   -23.840481    145.67157    1519.0744    11.415938    11.517374    11.553511   0.16620539   0.16934029  0.085861892 
    1120    80.878877   -23.884929  0.041817662   -23.843112   -268.71918    1548.5556    11.489316    11.591404    11.627774   0.16727371   0.17042876  0.086413787 
    1130    152.59414   -23.933256  0.078897362   -23.854359   -636.38608    1578.5639    11.563056    11.665799    11.702402    0.1683473    0.1715226  0.086968403 
    1140     166.5255   -23.947418  0.086100441   -23.861317   -881.76567    1609.0209    11.636949    11.740349    11.777186   0.16942311    0.1726187   0.08752417 
    1150      142.941    -23.94142  0.073906299   -23.867514   -886.27067     1639.849    11.710799    11.814855    11.851926    0.1704983   0.17371417  0.088079611 
    1160    110.48175   -23.932777  0.057123549   -23.875654   -692.48586    1671.0767    11.784669    11.889381    11.926685   0.17157377   0.17480992    0.0886352 
    1170    52.970199   -23.908595  0.027387742   -23.881207   -433.87664    1702.8549    11.858902    11.964273    12.001813   0.17265453   0.17591107  0.089193523 
    1180    115.04196   -23.953203  0.059481363   -23.893721   -138.50115    1735.2661    11.933668    12.039704     12.07748   0.17374306   0.17702013  0.089755857 
    1190    102.84377   -23.957148  0.053174401   -23.903974    169.29775    1768.4413    12.009238    12.115946    12.153961   0.17484329   0.17814111  0.090324241 
    1200    130.39611   -23.981958  0.067420079   -23.914538    399.92253    1802.5735    12.086009    12.193399    12.231657     0.175961    0.1792799   0.09090165 
    1210    63.706645   -23.950885   0.03293892   -23.917946    566.24807    1837.7843    12.164197    12.272281    12.310787   0.17709934   0.18043971  0.091489716 
    1220    71.847007   -23.954144  0.037147818   -23.916996    625.23823    1874.2203     12.24406    12.352854    12.391613   0.17826208   0.18162439   0.09209039 
    1230      56.4218   -23.945745   0.02917236   -23.916573    559.02221    1912.0134    12.325813    12.435333    12.474351   0.17945232   0.18283707  0.092705268 
    1240    79.410256   -23.960171  0.041058325   -23.919112    403.59169    1951.2147    12.409481    12.519744    12.559027   0.18067045   0.18407818  0.093334554 
    1250    79.541405   -23.965436  0.041126134    -23.92431    179.51691    1991.9152    12.495171    12.606196     12.64575   0.18191802   0.18534928  0.093979051 
    1260     64.52614   -23.960928  0.033362633   -23.927565   -84.885932    2034.1841    12.582936    12.694741    12.734573    0.1831958   0.18665116  0.094639155 
    1270    84.777245   -23.971988  0.043833276   -23.928154   -321.40855    2078.0343     12.67271    12.785313    12.825428   0.18450282   0.18798283  0.095314362 
    1280    80.319335   -23.966593  0.041528356   -23.925065   -501.29438    2123.5334    12.764534    12.877952    12.918359   0.18583969   0.18934492   0.09600499 
    1290    105.95054    -23.97464  0.054780727   -23.919859   -598.33248    2170.7618     12.85847    12.972724    13.013428   0.18720732   0.19073834   0.09671151 
    1300    63.460755     -23.9456  0.032811785   -23.912788   -580.90229    2219.7911    12.954559    13.069666    13.110674   0.18860627   0.19216368  0.097434211 
    1310    85.190531   -23.947621  0.044046962   -23.903574   -475.43241    2270.8372    13.053108     13.16909     13.21041   0.19004105   0.19362553  0.098175421 
    1320    66.151641   -23.921073  0.034203083    -23.88687   -275.48098    2324.0531    13.154286    13.271167    13.312807   0.19151411   0.19512637  0.098936403 
    1330    145.64649    -23.94387  0.075305145   -23.868565     1.017448    2379.6672    13.258386    13.376193    13.418163   0.19302972   0.19667056  0.099719367 
    1340    161.60197   -23.929089  0.083554776   -23.845534    290.31919    2438.0276    13.365897    13.484659    13.526969   0.19459498   0.19826535   0.10052798 
    1350    171.75376   -23.926563  0.088803666   -23.837759    541.55714    2499.5575    13.477406    13.597158    13.639821   0.19621844   0.19991943   0.10136666 
    1360    149.42599   -23.909073  0.077259302   -23.831813    707.68379      2564.77    13.593608    13.714393    13.757424   0.19791023   0.20164313   0.10224065 
    1370     139.4741   -23.899052  0.072113768   -23.826939    699.03611    2634.2245    13.715222    13.837088    13.880504   0.19968082   0.20344712   0.10315534 
    1380    195.77869   -23.929732   0.10122553   -23.828507    556.13419    2708.2516    13.842512    13.965509    14.009328   0.20153405    0.2053353   0.10411271 
    1390    166.54329   -23.925401  0.086109637   -23.839291    309.61692    2787.0821    13.975537    14.099716    14.143956   0.20347077   0.20730855   0.10511322 
    1400    188.21224    -23.94971  0.097313364   -23.852397   -5.8827515    2870.9499    14.114336    14.239748    14.284428   0.20549155   0.20936745   0.10615716 
    1410    96.063089    -23.90793  0.049668515   -23.858261   -273.02882    2959.9136    14.258645     14.38534    14.430476   0.20759256   0.21150808   0.10724255 
    1420    118.11085   -23.929242  0.061068104   -23.868173   -465.05559    3054.2572    14.408556    14.536582    14.582193   0.20977512   0.21373181   0.10837006 
    1430    95.692003    -23.92655  0.049476649   -23.877073   -559.74144    3154.3683    14.564292    14.693703    14.739806   0.21204249   0.21604195   0.10954139 
    1440     110.6022   -23.945881  0.057185828   -23.888695   -545.92659    3260.7001    14.726138    14.856986    14.903602   0.21439882   0.21844272   0.11075867 
    1450     92.09719   -23.947511  0.047617985   -23.899893   -433.80619    3373.8173    14.894495    15.026839    15.073988   0.21684993   0.22094006   0.11202492 
    1460    83.308144    -23.95167  0.043073691   -23.908596   -266.38293     3494.576    15.070121    15.204026    15.251731   0.21940689   0.22354525   0.11334584 
    1470    101.81578   -23.968453   0.05264289    -23.91581   -76.780312    3623.9086    15.253787    15.389323    15.437609   0.22208088   0.22626968   0.11472723 
    1480    93.015244   -23.963918  0.048092655   -23.915826    111.56238    3762.8037    15.446228    15.583475     15.63237   0.22488265   0.22912429   0.11617463 
    1490    103.43933   -23.967877  0.053482333   -23.914395    252.19221    3912.4399    15.648323    15.787366    15.836901   0.22782497   0.23212211   0.11769463 
    1500    47.707528   -23.934829  0.024666728   -23.910162    340.22185    4073.8962    15.860684    16.001613     16.05182   0.23091674   0.23527219   0.11929185 
    1510    61.193585   -23.940932  0.031639567   -23.909292    362.92532     4248.417    16.084009    16.226922    16.277837   0.23416814   0.23858492   0.12097152 
    1520    56.540822    -23.94034  0.029233899   -23.911106    313.25472    4437.2798    16.318899      16.4639    16.515558   0.23758793   0.24206921   0.12273819 
    1530     117.6041   -23.974902  0.060806093   -23.914095    213.28557    4641.5689    16.565588     16.71278    16.765219   0.24117949   0.24572851   0.12459359 
    1540    124.74381   -23.980056  0.064497613   -23.915558    93.448905     4862.334    16.824165    16.973655    17.026912   0.24494413   0.24956416   0.12653841 
    1550    113.05399   -23.971502  0.058453501   -23.913048   -32.694746    5100.6476    17.094656    17.246549    17.300663   0.24888222   0.25357653   0.12857283 
    1560    89.474699   -23.952585   0.04626205   -23.906323   -138.01021    5357.4891    17.376902    17.531303     17.58631   0.25299146   0.25776328   0.13069567 
    1570    65.534671   -23.932429  0.033884085   -23.898545   -208.18114    5633.8003    17.670645    17.827657    17.883593   0.25726809   0.26212057   0.13290498 
    1580    106.58352   -23.944883  0.055108007   -23.889775   -240.12693    5930.5298    17.975587    18.135308     18.19221   0.26170776   0.26664398   0.13519852 
    1590    90.517593   -23.926624  0.046801269   -23.879823   -227.22801    6248.6648     18.29143    18.453958     18.51186   0.26630614   0.27132909   0.13757405 
    1600    136.31713   -23.938342   0.07048149   -23.867861   -173.20341    6589.1847    18.617834    18.783261    18.842197   0.27105827   0.27617086     0.140029 
    1610    110.12915   -23.905669  0.056941239   -23.848727   -74.323354    6952.8367     18.95422    19.122637    19.182637   0.27595575   0.28116071   0.14255905 
    1620    168.61512   -23.913411   0.08718086    -23.82623    44.329982    7340.6534    19.300275    19.471766    19.532862   0.28099397   0.28629396    0.1451618 
    1630    208.03056   -23.913727   0.10756024   -23.806166    136.37387    7753.9479    19.655897    19.830549     19.89277   0.28617151   0.29156915   0.14783652 
    1640    230.77039    -23.92017   0.11931766   -23.800853    201.45931    8193.4791     20.02049    20.198381    20.261756   0.29147963    0.2969774    0.1505787 
    1650    190.48371   -23.892156  0.098487808   -23.793668     194.1124    8660.7878    20.394092    20.575303    20.639861   0.29691894    0.3025193   0.15338865 
    1660    162.01294   -23.897279  0.083767265   -23.813512    128.15031    9154.6913    20.774623    20.959215    21.024977   0.30245911   0.30816396   0.15625071 
    1670    214.48437   -23.941471   0.11089712   -23.830574    56.814442    9673.0694    21.159563    21.347575    21.414556   0.30806347   0.31387403   0.15914593 
    1680    154.29941   -23.917228  0.079779057   -23.837449   -28.226032    10213.893    21.546779    21.738232    21.806439   0.31370098   0.31961787   0.16205827 
    1690    177.64895   -23.936609  0.091851714   -23.844758   -88.172259    10774.007    21.933654    22.128545    22.197976   0.31933352   0.32535666   0.16496805 
    1700    89.253531   -23.903543  0.046147698   -23.857396   -120.04416    11349.925    22.317708    22.516011    22.586658   0.32492498   0.33105358   0.16785661 
    1710    93.162102   -23.919149  0.048168587    -23.87098   -140.89827    11939.384    22.697563    22.899241    22.971091   0.33045532   0.33668823   0.17071358 
    1720    79.178471    -23.92374  0.040938482   -23.882801   -125.33988    12537.751    23.070577     23.27557      23.3486   0.33588606    0.3422214   0.17351911 
    1730    140.29811   -23.968767  0.072539817   -23.896227   -90.339571    13142.344    23.435606    23.643842    23.718028   0.34120054   0.34763612   0.17626458 
    1740    141.46199   -23.977258  0.073141592   -23.904117    -49.41325    13750.135     23.79145    24.002847     24.07816   0.34638129   0.35291458   0.17894096 
    1750    104.76442   -23.961898  0.054167459   -23.907731    3.0336041    14357.001    24.136437      24.3509    24.427305   0.35140398   0.35803202   0.18153569 
    1760    81.986365   -23.947657  0.042390278   -23.905267    48.366063    14959.923    24.469685    24.687109    24.764568   0.35625575    0.3629753   0.18404212 
    1770    31.552908   -23.917002  0.016314134   -23.900688    77.285938    15555.922    24.790417    25.010691    25.089166   0.36092532   0.36773294   0.18645442 
    1780     92.90147   -23.950395   0.04803383   -23.902362    93.480129    16141.242    25.097525    25.320528    25.399975   0.36539653   0.37228848   0.18876425 
    1790    81.157235   -23.947909  0.041961584   -23.905947    91.711556    16712.959    25.390409    25.616014    25.696388   0.36966064   0.37663303    0.1909671 
    1800     115.3982   -23.974751  0.059665551   -23.915085     71.62689    17267.369    25.668115    25.896188    25.977441   0.37370378   0.38075242   0.19305579 
    1810    79.591654   -23.959615  0.041152115   -23.918463    47.499275    17799.304    25.929029     26.15942    26.241499   0.37750245   0.38462274   0.19501819 
    1820    117.23678   -23.979493  0.060616174   -23.918877    17.159994    18305.338    26.172458    26.405012    26.487861   0.38104653   0.38823367   0.19684906 
    1830    103.11963   -23.967964  0.053317034   -23.914647   -16.231297    18781.748    26.397568    26.632122    26.715684   0.38432394   0.39157289   0.19854217 
    1840    97.076481   -23.958957   0.05019248   -23.908765   -42.508173    19223.952    26.603135    26.839515    26.923728   0.38731679    0.3946222   0.20008829 
    1850    64.832767   -23.936753  0.033521171   -23.903232   -62.054348    19628.753    26.788567    27.026596    27.111395   0.39001652   0.39737284   0.20148297 
    1860    28.035311   -23.912704  0.014495394   -23.898209   -74.508625    19993.538    26.953498    27.192992    27.278314   0.39241776   0.39981937   0.20272345 
    1870    75.026598   -23.934453  0.038791796   -23.895661   -73.272593    20315.791    27.097538    27.338312    27.424089   0.39451484   0.40195601   0.20380681 
    1880    118.53504   -23.953992  0.061287426   -23.892704   -61.246506    20594.822    27.221033    27.462904    27.549073   0.39631281    0.4037879   0.20473564 
    1890    194.14672   -23.987938   0.10038173   -23.887556   -40.914146    20830.529    27.324487    27.567277    27.653774   0.39781901    0.4053225   0.20551374 
    1900    137.10716   -23.945064  0.070889966   -23.874174   -3.3411474     21021.61    27.407783    27.651313    27.738073   0.39903172   0.40655809   0.20614023 
    1910    158.44639   -23.935184  0.081923212   -23.853261    36.491184    21171.366    27.472713     27.71682    27.803786   0.39997704   0.40752123   0.20662858 
    1920    80.981888   -23.869672  0.041870923   -23.827801    67.593742    21283.377    27.521077    27.765614    27.852733   0.40068118   0.40823866   0.20699234 
    1930    174.16257   -23.908228  0.090049116   -23.818179    85.026199    21361.013      27.5545    27.799334    27.886558   0.40116778   0.40873444   0.20724372 
    1940    190.71408   -23.922001  0.098606916   -23.823394    74.327771    21408.941    27.575093     27.82011    27.907399   0.40146759   0.40903991   0.20739861 
    1950    184.41218   -23.926447   0.09534858   -23.831098    49.181539    21427.753    27.583167    27.828256    27.915571   0.40158515   0.40915968   0.20745934 
    1960    146.22183   -23.917488  0.075602619   -23.841885    22.135813     21416.43    27.578308    27.823353    27.910653    0.4015144    0.4090876   0.20742279 
    1970    147.61623    -23.92753  0.076323579   -23.851206   -10.097332    21377.193    27.561455    27.806351    27.893597   0.40126904   0.40883761   0.20729603 
    1980     163.0843   -23.946767  0.084321199   -23.862445   -33.213582    21309.334    27.532261    27.776897    27.864051     0.400844   0.40840455   0.20707646 
    1990    108.89606   -23.930008   0.05630368   -23.873704   -44.878375    21214.447    27.491335    27.735607    27.822632   0.40024815   0.40779746   0.20676864 
    2000    109.52259   -23.943762  0.056627625   -23.887134   -49.895953    21094.974     27.43963    27.683443    27.770304   0.39949538    0.4070305   0.20637976 
    2010    51.275162   -23.924485  0.026511339   -23.897974   -41.080073    20952.747    27.377823    27.621087    27.707752   0.39859553   0.40611367    0.2059149 
    2020    104.39471   -23.961249  0.053976302   -23.907273   -25.966144    20791.272    27.307311    27.549949    27.636391   0.39756894   0.40506772   0.20538456 
    2030    103.52555    -23.96548  0.053526909   -23.911953   -9.5732516    20613.911     27.22944    27.471386    27.557582   0.39643522   0.40391261   0.20479888 
    2040    123.85148   -23.977654  0.064036243   -23.913618    10.155404    20422.416    27.144861    27.386055    27.471983   0.39520382   0.40265799   0.20416274 
    2050    70.523984   -23.949264  0.036463762     -23.9128    28.500625     20219.03    27.054449     27.29484    27.380481   0.39388751   0.40131685   0.20348272 
    2060    66.876379    -23.94746  0.034577802   -23.912882    39.257084    20006.097    26.959141    27.198685    27.284024    0.3924999   0.39990307   0.20276589 
    2070    71.563626   -23.948189  0.037001299   -23.911188    44.536785    19784.872    26.859402    27.098059    27.183083    0.3910478   0.39842358   0.20201573 
    2080    90.550198    -23.95794  0.046818127   -23.911122    39.233381    19557.231    26.755991     26.99373    27.078427   0.38954224   0.39688962   0.20123795 
    2090    110.97618   -23.968973  0.057379191   -23.911594    22.255085    19324.317    26.649351    26.886143    26.970502   0.38798966   0.39530776   0.20043589 
    2100    71.513382   -23.947782  0.036975321   -23.910807    2.6269666    19085.171    26.538962    26.774773    26.858783    0.3863825   0.39367029   0.19960563 
    2110    91.864617   -23.958544  0.047497735   -23.911046   -20.135938    18840.324    26.424982     26.65978    26.743429   0.38472306   0.39197955   0.19874836 
    2120    80.153128   -23.947315   0.04144242   -23.905873   -43.302722     18589.71     26.30729    26.541043    26.624319   0.38300958   0.39023374   0.19786317 
    2130    128.41896   -23.967073  0.066397814   -23.900675   -58.812577    18333.041    26.185654    26.418325    26.501216   0.38123866   0.38842942   0.19694832 
    2140    83.093394   -23.934921  0.042962657   -23.891958   -62.876621    18069.913    26.059772    26.291324    26.373817   0.37940593   0.38656213   0.19600153 
    2150    89.056284    -23.93337  0.046045713   -23.887324   -58.278534    17800.854    25.929782     26.16018    26.242261   0.37751341   0.38463391   0.19502385 
    2160    73.688106   -23.921481  0.038099741   -23.883382   -37.855743    17525.446    25.795361    26.024564     26.10622   0.37555636   0.38263995   0.19401284 
    2170    134.37123   -23.950061  0.069475379   -23.880586   -7.5334214    17245.198    25.657125      25.8851    25.966318   0.37354377   0.38058939   0.19297313 
    2180    189.33162   -23.972715  0.097892133   -23.874822    24.932848    16961.639    25.515722     25.74244    25.823211   0.37148507   0.37849187    0.1919096 
    2190    172.06388   -23.951253   0.08896401   -23.862289    62.733973    16675.537    25.371445    25.596881    25.677195   0.36938453   0.37635171   0.19082446 
    2200    165.74735   -23.931706  0.085698106   -23.846008     95.86374    16388.176    25.224862    25.448996    25.528846   0.36725043   0.37417735   0.18972198 
    2210    76.099878   -23.865087  0.039346725    -23.82574    114.50019    16101.267    25.076789    25.299608    25.378989   0.36509463   0.37198089   0.18860829 
    2220    154.73502   -23.890913  0.080004283   -23.810908    112.67092    15815.701    24.927654    25.149147    25.228056   0.36292335   0.36976866   0.18748661 
    2230    178.88431   -23.903821  0.092490449    -23.81133    77.734753    15532.893    24.778178    24.998343    25.076779   0.36074713   0.36755139   0.18636237 
    2240    271.95355   -23.961388   0.14061102   -23.820777     14.23549    15252.658    24.628262    24.847095    24.925057   0.35856449   0.36532758   0.18523482 
    2250      210.543   -23.935161   0.10885927   -23.826302   -53.534881    14972.536     24.47656    24.694045    24.771526   0.35635585   0.36307728   0.18409383 
    2260    156.14365   -23.908377  0.080732602   -23.827645   -111.40968    14690.964    24.322153    24.538266    24.615258   0.35410783   0.36078686    0.1829325 
    2270    119.07462   -23.900981  0.061566408   -23.839414   -138.36487    14405.348      24.1635    24.378203    24.454693   0.35179799   0.35843345   0.18173923 
    2280    86.922476   -23.902863  0.044942447   -23.857921   -134.91295    14116.264     24.00077    24.214028    24.290003    0.3494288   0.35601957   0.18051531 
    2290    125.42675   -23.945136  0.064850721   -23.880286   -111.11449    13824.966    23.834531    24.046311     24.12176   0.34700851   0.35355363   0.17926498 
    2300    75.574747   -23.934701  0.039075211   -23.895626   -71.953738    13532.696    23.665373    23.875651    23.950564   0.34454573    0.3510444   0.17799271 
    2310    101.85683   -23.961033  0.052664116   -23.908369   -26.444672    13240.131    23.493588    23.702339    23.776708   0.34204469    0.3484962   0.17670067 
    2320    84.377283   -23.958985  0.043626479   -23.915359    25.257251    12947.562     23.31925    23.526452     23.60027    0.3395065   0.34591013   0.17538944 
    2330    134.16822    -23.98937  0.069370416   -23.919999    73.362131     12656.05    23.142911    23.348546    23.421805   0.33693916   0.34329437   0.17406315 
    2340    91.867777   -23.966262  0.047499369   -23.918763    110.50516    12366.419    22.965006    23.169061    23.241757   0.33434904   0.34065539   0.17272509 
    2350    83.088701   -23.960006   0.04296023   -23.917046    131.01152    12079.264    22.785859    22.988322    23.060451   0.33174083   0.33799798   0.17137768 
    2360    43.796373   -23.937782  0.022644502   -23.915137    131.27999    11794.801     22.60557    22.806431    22.877989   0.32911598   0.33532363   0.17002168 
    2370    55.206573    -23.94464  0.028544039   -23.916096    109.59187    11512.984    22.424076    22.623324    22.694308    0.3264736    0.3326314   0.16865662 
    2380    97.410879   -23.969333  0.050365378   -23.918967    69.596951    11233.866    22.241377    22.439001    22.509407   0.32381367    0.3299213    0.1672825 
    2390    91.544715   -23.966927  0.047332332   -23.919594    16.478436    10957.171    22.057251     22.25324    22.323063   0.32113298   0.32719005   0.16589765 
    2400    100.71552   -23.969759  0.052074011   -23.917685   -44.851528    10682.794    21.871583    22.065921    22.135156   0.31842981    0.3244359    0.1645012 
    2410    49.866783   -23.936415  0.025783151   -23.910632   -102.24791    10410.105    21.683878    21.876549     21.94519   0.31569701   0.32165155   0.16308943 
    2420    108.83747   -23.960555   0.05627339   -23.904282   -146.42378    10138.915    21.493926    21.684909    21.752949   0.31293149   0.31883387   0.16166076 
    2430    88.549763   -23.940744  0.045783821    -23.89496   -166.85855    9869.1747    21.301599    21.490873    21.558304   0.31013138   0.31598095   0.16021422 
    2440     147.6705   -23.964252  0.076351639     -23.8879   -160.77093    9601.2809    21.107088    21.294633    21.361448   0.30729948   0.31309563   0.15875125 
    2450    86.323972   -23.919721  0.044632997   -23.875088    -119.5354    9335.5234    20.910519    21.096318    21.162511   0.30443762    0.3101798   0.15727282 
    2460    93.271969   -23.910306  0.048225393   -23.862081   -61.647162    9072.9797    20.712629     20.89667    20.962237   0.30155653   0.30724437   0.15578444 
    2470    131.57043   -23.920052  0.068027251   -23.852025    1.9463046     8814.277    20.513865    20.696139    20.761077   0.29866271   0.30429596   0.15428949 
    2480    209.10784    -23.95882   0.10811724   -23.850703    63.643429    8560.4505     20.31503    20.495538    20.559845   0.29576785    0.3013465     0.152794 
    2490    241.60825   -23.975526   0.12492127   -23.850605    103.90278    8312.4628    20.116936    20.295683    20.359364   0.29288379   0.29840804   0.15130409 
    2500     157.7974   -23.916747   0.08158766    -23.83516    143.35981    8070.2774    19.919636    20.096631    20.159687    0.2900113   0.29548137   0.14982016 
    2510    134.45889   -23.893766  0.069520705   -23.824245    173.72735    7834.0765    19.723373    19.898624    19.961059   0.28715389   0.29257006   0.14834402 
    2520    60.849772   -23.854786  0.031461801   -23.823324    168.75612    7604.1179    19.528469    19.701988    19.763806   0.28431627   0.28967892    0.1468781 
    2530    193.90281   -23.945492   0.10025562   -23.845236    129.76149    7380.6024    19.335223    19.507025    19.568231   0.28150279   0.28681238   0.14542465 
    2540    149.49397   -23.950241  0.077294448   -23.872947    71.076213    7163.1672    19.143453    19.313551     19.37415    0.2787108   0.28396772   0.14398231 
    2550    160.17399   -23.981798  0.082816453   -23.898981     5.413712    6951.5167    18.953021    19.121427    19.181423   0.27593828   0.28114291   0.14255002 
    2560     74.90889   -23.950973  0.038730936   -23.912242   -39.303696    6744.8278    18.763285    18.930005    18.989401    0.2731759   0.27832843   0.14112298 
    2570    86.688038   -23.962654  0.044821233   -23.917833   -75.083856    6543.0793    18.574308    18.739349    18.798147   0.27042458   0.27552521   0.13970164 
    2580    67.507802   -23.954787  0.034904273   -23.919883   -105.66188    6346.1558    18.386067    18.549435    18.607637   0.26768396    0.2727329   0.13828583 
    2590    60.748478   -23.952474  0.031409428   -23.921065   -127.15486     6153.942    18.198533    18.360235    18.417843   0.26495364   0.26995109   0.13687535 
    2600    49.154344   -23.948959  0.025414791   -23.923544   -134.94037    5966.2707    18.011625    18.171667    18.228683   0.26223244   0.26717856   0.13546957 
    2610    36.508887   -23.945777  0.018876576   -23.926901   -128.69788    5783.1013    17.825382    17.983769    18.040195   0.25952092   0.26441589   0.13406879 
    2620    95.792735   -23.980684  0.049528731   -23.931156   -104.95202    5604.3631    17.639814    17.796552    17.852391   0.25681922   0.26166323   0.13267309 
    2630    98.190705   -23.982962  0.050768579   -23.932194   -57.316064    5430.1254    17.455081    17.610177    17.665432   0.25412968   0.25892296   0.13128367 
    2640    127.17401   -23.996035  0.065754121   -23.930281  -0.73393517    5260.6348     17.27155    17.425015    17.479689   0.25145763   0.25620052   0.12990329 
    2650    61.320388   -23.954125  0.031705129    -23.92242    67.445898    5095.8461     17.08929    17.241136    17.295233    0.2488041   0.25349694   0.12853248 
    2660    69.479302   -23.950431  0.035923619   -23.914507     138.4449    4935.8127    16.908489    17.058729    17.112253   0.24617181     0.250815   0.12717263 
    2670    47.870526   -23.929315  0.024751004   -23.904564     194.8588    4780.5897     16.72935    16.877998    16.930955   0.24356371   0.24815771   0.12582529 
    2680    110.55348   -23.956601  0.057160636   -23.899441    217.37469    4630.3704    16.552255    16.699329    16.751726   0.24098537   0.24553073   0.12449331 
    2690    106.56098   -23.950457  0.055096349    -23.89536    204.68235    4485.1653    16.377392    16.522912    16.574755   0.23843953   0.24293687   0.12317812 
    2700    110.73539    -23.95049   0.05725469   -23.893235    144.14402    4344.9817    16.204958    16.348946    16.400243   0.23592905   0.24037904   0.12188121 
    2710    131.39691   -23.956509  0.067937537   -23.888572    53.834646     4209.581    16.034849    16.177326    16.228084   0.23345242    0.2378557   0.12060178 
    2720    131.05465   -23.944948  0.067760572   -23.877187   -22.165132    4078.6194    15.866811    16.007795    16.058021   0.23100595   0.23536308   0.11933793 
    2730    175.74808   -23.954329  0.090868889    -23.86346   -105.85598     3952.187    15.701136    15.840648     15.89035   0.22859388   0.23290552   0.11809185 
    2740    103.11452    -23.90309  0.053314392   -23.849775   -196.40368    3830.3054    15.538045    15.676108    15.725294   0.22621943   0.23048628   0.11686521 
    2750     120.4512   -23.910435  0.062278156   -23.848157   -261.63023    3712.7062    15.377372    15.514007    15.562684   0.22388017    0.2281029   0.11565674 
    2760    75.569111   -23.891847  0.039072297   -23.852775   -297.35047    3599.2729    15.219142    15.354371    15.402548    0.2215765   0.22575578   0.11446666 
    2770    191.29473   -23.961726   0.09890714   -23.862819   -289.53973    3489.8671    15.063349    15.197194    15.244877    0.2193083    0.2234448   0.11329491 
    2780    159.81192   -23.949646  0.082629246   -23.867017    -171.9953     3384.323    14.909938     15.04242    15.089618   0.21707478   0.22116915   0.11214107 
    2790    141.86219    -23.94456  0.073348507   -23.871212   -56.292645    3283.1579    14.759869    14.891017     14.93774   0.21488991   0.21894307   0.11101237 
    2800    80.929868   -23.926763  0.041844026   -23.884919    40.327657    3186.2722     14.61323    14.743075    14.789333   0.21275497   0.21676787   0.10990946 
    2810     52.02609   -23.930093    0.0268996   -23.903193    131.71768    3093.5562    14.470091    14.598664    14.644469   0.21067101   0.21464459   0.10883288 
    2820    80.986595   -23.964697  0.041873356   -23.922824    163.83542    3005.0051    14.330686    14.458021    14.503385   0.20864141   0.21257671   0.10778438 
    2830    84.390532   -23.977615   0.04363333   -23.933982    172.56021    2920.4165    14.194938    14.321067    14.366001   0.20666505   0.21056307   0.10676339 
    2840    97.998724   -23.991173  0.050669317   -23.940504    171.79998    2839.6396    14.062839    14.187793     14.23231    0.2047418   0.20860355   0.10576984 
    2850    46.245936    -23.96489  0.023911026   -23.940979    136.17863    2762.5899    13.934479    14.058293    14.102403   0.20287299    0.2066995   0.10480442 
    2860    59.844918   -23.972287  0.030942251   -23.941345    84.863586    2689.0777    13.809768    13.932474    13.976189   0.20105732   0.20484958   0.10386643 
    2870    40.399673   -23.959934  0.020888271   -23.939046    52.399117    2618.9287    13.688624    13.810254    13.853586   0.19929359   0.20305258   0.10295529 
    2880    80.037729    -23.97903  0.041382754   -23.937647   -5.9214269    2552.2015    13.571366    13.691954    13.734914   0.19758642   0.20131321   0.10207336 
    2890    63.972924   -23.967203  0.033076598   -23.934126   -70.443491    2488.8569    13.458146    13.577727    13.620329   0.19593803   0.19963373   0.10122181 
    2900       59.196   -23.961616  0.030606734   -23.931009   -108.91403      2428.79    13.348995    13.467607    13.509863    0.1943489   0.19801463   0.10040086 
    2910    59.878361   -23.958782  0.030959543   -23.927822   -135.36543    2371.9412    13.244022    13.361701    13.403625   0.19282059   0.19645749  0.099611331 
    2920     83.73248   -23.968011   0.04329309   -23.924718   -129.84668    2318.2291    13.143288    13.260072    13.301678     0.191354   0.19496324   0.09885369 
    2930    116.40277   -23.976241  0.060184955   -23.916056   -56.834796    2267.5982    13.046899    13.162826    13.204126   0.18995066   0.19353343  0.098128721 
    2940    71.797628    -23.94029  0.037122287   -23.903168  -0.92343115    2220.1863    12.955327    13.070441    13.111452   0.18861747   0.19217509  0.097439993 
    2950    91.460442   -23.940518   0.04728876   -23.893229    4.2585951     2175.935    12.868677    12.983021    13.023757   0.18735591   0.19088974  0.096788273 
    2960    59.424644   -23.919636  0.030724953   -23.888911    26.310103    2134.6165    12.786702    12.900317    12.940794   0.18616244   0.18967375  0.096171722 
    2970    149.62399   -23.968013  0.077361673   -23.890651   -6.4214282    2096.2349      12.7096    12.822531    12.862764   0.18503991   0.18853006  0.095591825 
    2980    150.85258   -23.959746  0.077996908   -23.881749   -56.902855    2060.6978     12.63737    12.749658    12.789662    0.1839883   0.18745861   0.09504856 
    2990    149.27303   -23.947665  0.077180214   -23.870485   -60.524883    2027.8076    12.569775    12.681463    12.721253   0.18300418   0.18645593  0.094540165 
    3000    76.543077   -23.903049  0.039575877   -23.863473    -124.7543    1997.5356    12.506912    12.618041    12.657632   0.18208896   0.18552344  0.094067358 
Loop time of 38.0784 on 1 procs for 3000 steps with 5 atoms

Performance: 13.614 ns/day, 1.763 hours/ns, 78.785 timesteps/s
285.2% CPU use with 1 MPI tasks x no OpenMP threads

MPI task timing breakdown:
Section |  min time  |  avg time  |  max time  |%varavg| %total
---------------------------------------------------------------
Pair    | 37.342     | 37.342     | 37.342     |   0.0 | 98.07
Neigh   | 0.0016751  | 0.0016751  | 0.0016751  |   0.0 |  0.00
Comm    | 0.0068917  | 0.0068917  | 0.0068917  |   0.0 |  0.02
Output  | 0.68514    | 0.68514    | 0.68514    |   0.0 |  1.80
Modify  | 0.03425    | 0.03425    | 0.03425    |   0.0 |  0.09
Other   |            | 0.007946   |            |       |  0.02

Nlocal:    5 ave 5 max 5 min
Histogram: 1 0 0 0 0 0 0 0 0 0
Nghost:    23 ave 23 max 23 min
Histogram: 1 0 0 0 0 0 0 0 0 0
Neighs:    0 ave 0 max 0 min
Histogram: 1 0 0 0 0 0 0 0 0 0

Total # of neighbors = 0
Ave neighs/atom = 0
Neighbor list builds = 157
Dangerous builds = 16
Total wall time: 0:00:42
