2019-06-24 12:56:19.584075: I tensorflow/core/platform/cpu_feature_guard.cc:140] Your CPU supports instructions that this TensorFlow binary was not compiled to use: AVX512F
2019-06-24 12:56:21.657153: E tensorflow/stream_executor/cuda/cuda_driver.cc:406] failed call to cuInit: CUDA_ERROR_NO_DEVICE
2019-06-24 12:56:21.657269: I tensorflow/stream_executor/cuda/cuda_diagnostics.cc:158] retrieving CUDA diagnostic information for host: SR760-GPU-7
2019-06-24 12:56:21.657297: I tensorflow/stream_executor/cuda/cuda_diagnostics.cc:165] hostname: SR760-GPU-7
2019-06-24 12:56:21.657417: I tensorflow/stream_executor/cuda/cuda_diagnostics.cc:189] libcuda reported version is: 410.48.0
2019-06-24 12:56:21.657532: I tensorflow/stream_executor/cuda/cuda_diagnostics.cc:193] kernel reported version is: 410.48.0
2019-06-24 12:56:21.657562: I tensorflow/stream_executor/cuda/cuda_diagnostics.cc:300] kernel version seems to match DSO: 410.48.0
ps module:
  use deepmd-kit at:  /sharedext4/local/deepmd-kit-0.12.4
  source:             v0.12.4-1-ge3cd911-dirty
  source branch:      master
  source commit:      e3cd911
  source commit at:   2019-02-07 10:22:13 +0800
  build float prec:   double
  build with tf inc:  /sharedext4/local/tensorflow/r1.8.gpu.cc/include
  build with tf lib:  /sharedext4/local/tensorflow/r1.8.gpu.cc/lib/libtensorflow_cc.so;/sharedext4/local/tensorflow/r1.8.gpu.cc/lib/libtensorflow_framework.so
  >>> Info of model(s):
  using   4 model(s): ../graph.002.pb ../graph.003.pb ../graph.000.pb ../graph.001.pb 
  rcut in model:      5
  ntypes in model:    2
Neighbor list info ...
  update every 1 steps, delay 10 steps, check yes
  max neighbors/atom: 2000, page size: 100000
  master list distance cutoff = 6
  ghost atom cutoff = 6
  binsize = 3, bins = 4 4 4
  1 neighbor lists, perpetual/occasional/extra = 1 0 0
  (1) pair deepmd, perpetual
      attributes: , newton on
      pair build: full/bin/atomonly
      stencil: full/bin/3d
      bin: standard
Setting up Verlet run ...
  Unit style    : metal
  Current step  : 0
  Time step     : 0.002
Per MPI rank memory allocation (min/avg/max) = 3.949 | 3.949 | 3.949 Mbytes
Step Temp PotEng KinEng TotEng Press Volume Lx Ly Lz Xy Xz Yz 
       0          100   -23.970477  0.051704058   -23.918773   -548.02909    1017.6033     9.727376    10.229045    10.226987    0.2416201    0.2539599    0.2598424 
      10    57.603976     -23.9445  0.029783593   -23.914716   -422.14725    1017.2952    9.7263945    10.228013    10.225955   0.24159572   0.25393427   0.25981618 
      20    87.730108   -23.962196  0.045360026   -23.916836   -332.44179    1017.0009    9.7254561    10.227026    10.224968   0.24157241   0.25390978   0.25979112 
      30    81.104564   -23.962841  0.041934351   -23.920906   -237.55044    1016.7125     9.724537    10.226059    10.224002   0.24154958   0.25388578   0.25976656 
      40    118.08797   -23.985373  0.061056271   -23.924317   -84.199823    1016.4274     9.723628    10.225104    10.223046     0.241527   0.25386205   0.25974228 
      50    126.56094   -23.985135  0.065437141   -23.919697    92.969284    1016.1784    9.7228338    10.224268    10.222211   0.24150727   0.25384131   0.25972107 
      60    108.22235   -23.967243  0.055955348   -23.911287    276.83683    1015.9855    9.7222185    10.223621    10.221565   0.24149199   0.25382525   0.25970463 
      70    72.622286   -23.940087  0.037548669   -23.902538    479.64377    1015.8592    9.7218155    10.223198    10.221141   0.24148198   0.25381473   0.25969386 
      80    77.692466    -23.93664  0.040170158    -23.89647    581.09381    1015.8314    9.7217269    10.223105    10.221048   0.24147978   0.25381242    0.2596915 
      90    141.02962   -23.967247  0.072918035   -23.894329    528.91991    1015.9548    9.7221205    10.223518    10.221462   0.24148956   0.25382269   0.25970201 
     100    152.58972   -23.967138  0.078895079   -23.888243    460.27306    1016.2166    9.7229555    10.224396    10.222339    0.2415103   0.25384449   0.25972432 
     110    207.43694   -23.986042   0.10725331   -23.878788    324.96014    1016.7081    9.7245229    10.226045    10.223987   0.24154923   0.25388541   0.25976619 
     120    130.41421   -23.923432  0.067429438   -23.856002     171.7812    1017.4829    9.7269924    10.228641    10.226584   0.24161057   0.25394988   0.25983215 
     130    140.93806   -23.915178  0.072870697   -23.842308   -39.192106       1018.6    9.7305509    10.232384    10.230325   0.24169896   0.25404279   0.25992721 
     140    182.72831   -23.937807  0.094477949    -23.84333   -398.72677    1020.1225    9.7353967    10.237479     10.23542   0.24181933    0.2541693   0.26005665 
     150    229.68186    -23.97351   0.11875484   -23.854755   -686.66193    1022.0026    9.7413737    10.243765    10.241704   0.24196779   0.25432535   0.26021631 
     160    192.84906     -23.9635  0.099710791   -23.863789   -677.34521    1024.1873      9.74831    10.251059    10.248996   0.24214008   0.25450644    0.2604016 
     170      124.068   -23.932441   0.06414819   -23.868293   -572.44192    1026.7018    9.7562813    10.259441    10.257377   0.24233808   0.25471455   0.26061453 
     180    86.133492   -23.927831  0.044534511   -23.883297   -415.64308    1029.4939    9.7651174    10.268733    10.266667   0.24255756   0.25494524   0.26085057 
     190    91.261199   -23.950372  0.047185743   -23.903187   -291.91029    1032.5264     9.774696    10.278805    10.276737   0.24279549   0.25519532   0.26110643 
     200    126.03993   -23.988222  0.065167758   -23.923055   -229.62338    1035.7703    9.7849219    10.289559    10.287488   0.24304949   0.25546229   0.26137959 
     210    93.449091   -23.980254  0.048316972   -23.931937   -67.122842    1039.1472     9.795544    10.300729    10.298656   0.24331334   0.25573961   0.26166334 
     220    95.587493   -23.984825  0.049422613   -23.935403    98.865567     1042.694     9.806676    10.312435     10.31036   0.24358985   0.25603025    0.2619607 
     230    61.129237   -23.965842  0.031606296   -23.934235    278.12334    1046.3921     9.818256    10.324612    10.322535   0.24387749   0.25633257   0.26227003 
     240    63.850363   -23.965471  0.033013229   -23.932458    440.28344    1050.2784    9.8303962    10.337378    10.335298   0.24417904   0.25664952   0.26259432 
     250    63.950265   -23.965028  0.033064882   -23.931963    523.17858    1054.3811    9.8431796    10.350821    10.348738   0.24449657   0.25698327    0.2629358 
     260    63.965169   -23.966395  0.033072588   -23.933322    519.44163    1058.7433    9.8567355    10.365076     10.36299   0.24483328   0.25733719   0.26329791 
     270    71.862066   -23.972862  0.037155604   -23.935707    448.53772    1063.3929    9.8711435    10.380227    10.378138   0.24519117   0.25771334   0.26368279 
     280    94.174739   -23.986273  0.048692162   -23.937581    300.89697    1068.3691    9.8865168    10.396393    10.394301   0.24557303   0.25811471   0.26409345 
     290    113.67477    -23.99291  0.058774468   -23.934135    122.60928    1073.7112    9.9029678    10.413692    10.411597   0.24598166   0.25854421   0.26453289 
     300    78.107644   -23.964977  0.040384822   -23.924592   -76.958811    1079.4569     9.920601    10.432235    10.430136   0.24641965   0.25900457   0.26500392 
     310    87.513195   -23.960679  0.045247873   -23.915431   -331.51966    1085.6737    9.9396092    10.452224    10.450121    0.2468918   0.25950083   0.26551168 
     320    54.348207   -23.935343  0.028100229   -23.907242   -559.91187    1092.3859     9.960051     10.47372    10.471612   0.24739956   0.26003452   0.26605773 
     330    103.50763   -23.958595  0.053517643   -23.905077     -801.201    1099.6898    9.9822003    10.497011    10.494899   0.24794973   0.26061279   0.26664939 
     340    145.80155    -23.97622  0.075385321   -23.900834   -914.27905    1107.6322    10.006174    10.522222    10.520105   0.24854522    0.2612387    0.2672898 
     350    159.51782   -23.976327  0.082477188    -23.89385   -838.34272    1116.3338    10.032309    10.549704    10.547582   0.24919439   0.26192102   0.26798792 
     360    127.72762    -23.94785  0.066040362    -23.88181   -549.37729    1125.9062    10.060903    10.579773    10.577644   0.24990463   0.26266753   0.26875173 
     370    132.93855   -23.940181  0.068734626   -23.871446   -69.146057    1136.5217    10.092423    10.612919    10.610783   0.25068758   0.26349046   0.26959372 
     380    149.99556   -23.941404  0.077553789    -23.86385    427.03973     1148.395    10.127447    10.649749    10.647606   0.25155753   0.26440485   0.27052929 
     390    154.10564   -23.941834  0.079678868   -23.862156    813.41627    1161.8081    10.166723    10.691051      10.6889   0.25253313   0.26543027   0.27157846 
     400    211.86529   -23.978948   0.10954295   -23.869405    1053.5004     1177.022    10.210909    10.737515    10.735355   0.25363066   0.26658385   0.27275876 
     410    137.97108   -23.942649   0.07133665   -23.871312     1039.717    1194.3122    10.260665    10.789837    10.787666   0.25486656   0.26788287   0.27408787 
     420    135.76355   -23.950402  0.070195267   -23.880207    835.67401    1213.8081    10.316195    10.848231    10.846049   0.25624589   0.26933265   0.27557123 
     430    103.35507   -23.949868  0.053438764   -23.896429    505.47564    1235.5154    10.377329    10.912518    10.910323   0.25776441   0.27092872   0.27720427 
     440    102.31793    -23.96886   0.05290252   -23.915957     68.12943    1259.5155    10.444093    10.982725    10.980515   0.25942276   0.27267176   0.27898768 
     450    79.833508   -23.972648  0.041277163   -23.931371   -277.08904    1285.7753    10.516177    11.058527    11.056302   0.26121328   0.27455373   0.28091324 
     460    69.282505   -23.976312  0.035821866    -23.94049   -520.41646     1314.406    10.593661    11.140006    11.137765    0.2631379   0.27657664   0.28298302 
     470    69.750232   -23.982514    0.0360637    -23.94645   -648.75898    1345.5085    10.676569     11.22719    11.224931   0.26519727   0.27874118   0.28519769 
     480    67.790709   -23.984545  0.035050548   -23.949495   -611.49763    1379.1779    10.764891    11.320067     11.31779   0.26739113   0.28104708     0.287557 
     490    68.370188   -23.984957  0.035350162   -23.949607   -473.69102    1415.6018    10.858835    11.418857    11.416559   0.26972462   0.28349975   0.29006649 
     500    33.621674    -23.96521   0.01738377   -23.947826   -290.86207    1454.9536    10.958537    11.523701    11.521382   0.27220115   0.28610275   0.29272978 
     510    42.571708    -23.96841    0.0220113   -23.946399   -83.980239     1497.387    11.064052    11.634658    11.632317   0.27482206   0.28885751   0.29554835 
     520    44.744214   -23.968947  0.023134574   -23.945812    97.656579    1543.0594    11.175417    11.751766    11.749402   0.27758827     0.291765   0.29852319 
     530    82.533796   -23.989725  0.042673322   -23.947051    212.86116    1592.1654     11.29273    11.875128    11.872739   0.28050221   0.29482776   0.30165689 
     540    88.670666   -23.990055  0.045846333   -23.944209    289.89291    1644.8436    11.415924    12.004676    12.002261   0.28356226   0.29804409   0.30494772 
     550    87.618922   -23.981722  0.045302538   -23.936419    294.19817    1701.3228     11.54512    12.140535    12.138092   0.28677138    0.3014171   0.30839886 
     560    72.090937   -23.959864   0.03727394    -23.92259    262.81985    1761.7226    11.680158    12.282537    12.280066   0.29012561   0.30494264   0.31200606 
     570    72.078847   -23.947554  0.037267689   -23.910286    229.58764    1826.1628    11.820868    12.430504    12.428004   0.29362074   0.30861627   0.31576478 
     580    108.71865   -23.957847  0.056211952   -23.901635    154.23247    1894.8115    11.967172    12.584354    12.581822   0.29725482   0.31243594   0.31967293 
     590    109.29628   -23.954702  0.056510613   -23.898191    94.826462    1967.7525    12.118802    12.743804     12.74124   0.30102118   0.31639466   0.32372334 
     600      167.192   -23.986232  0.086445047   -23.899787    52.738941    2045.2169    12.275787    12.908885    12.906287   0.30492055   0.32049317   0.32791679 
     610    128.73466    -23.96069  0.066561043   -23.894129    37.318493    2127.3598     12.43798    13.079443    13.076811    0.3089493   0.32472768   0.33224938 
     620    130.57082   -23.948703  0.067510414   -23.881193    35.208198    2214.3979    12.605346     13.25544    13.252773   0.31310652   0.32909721   0.33672013 
     630    113.22873   -23.934849  0.058543846   -23.876306   -40.911416    2306.5918    12.777909    13.436903    13.434199   0.31739286   0.33360245   0.34132972 
     640    131.37593   -23.952349  0.067926689   -23.884423   -188.32636    2404.1049    12.955495    13.623647    13.620906   0.32180395   0.33823883   0.34607349 
     650    122.47759    -23.95902  0.063325886   -23.895694   -328.75869    2506.8935    13.137564    13.815106    13.812326   0.32632638   0.34299223   0.35093699 
     660    136.43169   -23.969764  0.070540721   -23.899223   -391.46097    2614.7688    13.323366    14.010491    14.007672   0.33094158   0.34784312   0.35590025 
     670    124.29413   -23.967733  0.064265109   -23.903468   -329.53142    2727.5257    13.512193    14.209055    14.206197   0.33563186   0.35277294   0.36094426 
     680    95.021352   -23.956179  0.049129895   -23.907049   -181.68356     2845.124    13.703661    14.410399    14.407499   0.34038778   0.35777176   0.36605886 
     690    102.65783   -23.965763  0.053078263   -23.912685   -8.5968639    2967.6901    13.897683    14.614426    14.611486   0.34520712   0.36283722   0.37124166 
     700    62.584684   -23.949119  0.032358821    -23.91676    159.51794    3095.3066    14.094103    14.820976    14.817994   0.35008603   0.36796531   0.37648853 
     710    101.95147    -23.97573  0.052713045   -23.923016    279.43143    3228.1164    14.292864    15.029989    15.026965   0.35502311   0.37315453   0.38179794 
     720    89.842242   -23.973913  0.046452085   -23.927461    356.20811    3366.1177    14.493701    15.241183    15.238117   0.36001174   0.37839793    0.3871628 
     730    93.337713   -23.975852  0.048259385   -23.927593     349.5665    3509.5183    14.696662    15.454612    15.451502   0.36505312   0.38369678   0.39258439 
     740    71.455043   -23.965535  0.036945157    -23.92859    263.79535    3658.2833    14.901454    15.669965    15.666813   0.37013999   0.38904344    0.3980549 
     750     70.69998   -23.967999  0.036554759   -23.931444    131.28688    3812.1661     15.10753    15.886669    15.883473   0.37525876   0.39442363    0.4035597 
     760    84.403917    -23.98007   0.04364025    -23.93643   -24.515318    3970.8424    15.314298      16.1041     16.10086   0.38039469   0.39982186   0.40908297 
     770     82.59364   -23.983015  0.042704263    -23.94031   -162.70141    4133.7957    15.520983    16.321445    16.318161   0.38552857   0.40521793   0.41460404 
     780    74.077699   -23.982426  0.038301176   -23.944125   -249.28566    4300.4838    15.726859    16.537938    16.534611   0.39064236   0.41059289    0.4201035 
     790    37.147331   -23.966978  0.019206677   -23.947772   -283.96715    4470.4083    15.931326    16.752951     16.74958   0.39572118   0.41593109   0.42556534 
     800    46.183467   -23.977094  0.023878726   -23.953215   -266.45288    4643.1333    16.133921    16.965994     16.96258   0.40075346   0.42122037   0.43097715 
     810     39.18784    -23.97904  0.020261703   -23.958779     -196.562    4818.2229    16.334224    17.176627    17.173171   0.40572882   0.42644983   0.43632773 
     820    57.883615   -23.993631  0.029928178   -23.963703   -107.01583    4995.6774     16.53234    17.384961    17.381463   0.41064987   0.43162221   0.44161992 
     830    42.892813   -23.987614  0.022177325   -23.965437   -7.3394306    5175.3508     16.72821    17.590932    17.587393   0.41551512   0.43673592   0.44685208 
     840    37.829767   -23.984486  0.019559525   -23.964926    89.539331    5357.1787    16.921866    17.794576    17.790995   0.42032537   0.44179184   0.45202512 
     850    35.204507   -23.979882  0.018202159    -23.96168    164.68163    5541.1342    17.113379    17.995965    17.992345    0.4250824   0.44679181    0.4571409 
     860    43.681115   -23.980351  0.022584909   -23.957766    208.39768     5727.189    17.302813    18.195169    18.191508   0.42978779   0.45173751   0.46220116 
     870    55.962672   -23.982709  0.028934973   -23.953774    217.01732    5915.3469    17.490261    18.392284    18.388584   0.43444383   0.45663135   0.46720835 
     880    47.464361   -23.973771     0.024541    -23.94923    184.23034    6105.5936     17.67579    18.587382    18.583642   0.43905224   0.46147511   0.47216431 
     890    81.377957    -23.98696  0.042075706   -23.944884    112.67374    6297.8257    17.859382    18.780442    18.776663    0.4436125   0.46626827   0.47706849 
     900      79.6949   -23.978054  0.041205497   -23.936848    24.424993    6491.5263    18.040635    18.971042    18.967226   0.44811468   0.47100038   0.48191021 
     910    115.22933   -23.986619  0.059578239   -23.927041   -73.144595    6686.4435    18.219422    19.159051    19.155196   0.45255562   0.47566812   0.48668607 
     920    91.677065   -23.961853  0.047400763   -23.914453   -158.38421    6881.9098    18.395257    19.343954    19.340062   0.45692321   0.48025878   0.49138306 
     930    71.450589   -23.940952  0.036942854   -23.904009   -210.80248    7077.2403    18.567675    19.525263    19.521335   0.46120592   0.48476021   0.49598876 
     940    72.015659   -23.935303  0.037235018   -23.898068   -218.28695    7271.6105    18.736124      19.7024    19.698436   0.46539006   0.48915803   0.50048845 
     950    120.09208   -23.959765   0.06209248   -23.897673   -185.17651    7464.8066    18.900606    19.875365    19.871366   0.46947566   0.49345229   0.50488218 
     960    146.69126   -23.975111  0.075845333   -23.899265   -111.72601    7656.6513    19.061153    20.044192    20.040159   0.47346352   0.49764381   0.50917079 
     970    139.05729   -23.970475  0.071898262   -23.898577   -13.240638    7847.3985    19.218144    20.209279    20.205213   0.47736305    0.5017425   0.51336441 
     980    139.46894    -23.96567  0.072111101   -23.893559    77.347298    8037.6028    19.372175    20.371254    20.367156   0.48118906   0.50576391   0.51747897 
     990    91.561826   -23.936662  0.047341179    -23.88932    149.83339    8227.4251    19.523493    20.530376    20.526245   0.48494767   0.50971447   0.52152104 
    1000    138.29699   -23.961544  0.071505156   -23.890039    183.32365    8417.6452    19.672811    20.687394    20.683232    0.4886566   0.51361282   0.52550969 
Loop time of 11.7212 on 1 procs for 1000 steps with 5 atoms

Performance: 14.743 ns/day, 1.628 hours/ns, 85.316 timesteps/s
336.1% CPU use with 1 MPI tasks x no OpenMP threads

MPI task timing breakdown:
Section |  min time  |  avg time  |  max time  |%varavg| %total
---------------------------------------------------------------
Pair    | 11.562     | 11.562     | 11.562     |   0.0 | 98.65
Neigh   | 0.00068784 | 0.00068784 | 0.00068784 |   0.0 |  0.01
Comm    | 0.0029559  | 0.0029559  | 0.0029559  |   0.0 |  0.03
Output  | 0.14079    | 0.14079    | 0.14079    |   0.0 |  1.20
Modify  | 0.011151   | 0.011151   | 0.011151   |   0.0 |  0.10
Other   |            | 0.003182   |            |       |  0.03

Nlocal:    5 ave 5 max 5 min
Histogram: 1 0 0 0 0 0 0 0 0 0
Nghost:    0 ave 0 max 0 min
Histogram: 1 0 0 0 0 0 0 0 0 0
Neighs:    0 ave 0 max 0 min
Histogram: 1 0 0 0 0 0 0 0 0 0

Total # of neighbors = 0
Ave neighs/atom = 0
Neighbor list builds = 64
Dangerous builds = 5
Total wall time: 0:00:15
