iter.000003/01.model_devi/task.003.000003 2970
iter.000003/01.model_devi/task.003.000006 2530
iter.000003/01.model_devi/task.003.000000 2340
iter.000003/01.model_devi/task.003.000007 2210
iter.000003/01.model_devi/task.003.000006 410
iter.000003/01.model_devi/task.003.000006 1080
iter.000003/01.model_devi/task.003.000006 2660
iter.000003/01.model_devi/task.003.000005 980
iter.000003/01.model_devi/task.003.000006 180
iter.000003/01.model_devi/task.003.000006 2280
iter.000003/01.model_devi/task.003.000006 380
iter.000003/01.model_devi/task.003.000006 140
iter.000003/01.model_devi/task.003.000007 1900
iter.000003/01.model_devi/task.003.000007 2460
iter.000003/01.model_devi/task.003.000000 2380
iter.000003/01.model_devi/task.003.000005 590
iter.000003/01.model_devi/task.003.000007 510
iter.000003/01.model_devi/task.003.000005 2420
iter.000003/01.model_devi/task.003.000007 500
iter.000003/01.model_devi/task.003.000007 2160
iter.000003/01.model_devi/task.003.000003 2950
iter.000003/01.model_devi/task.003.000006 610
iter.000003/01.model_devi/task.003.000006 100
iter.000003/01.model_devi/task.003.000006 420
iter.000003/01.model_devi/task.003.000006 2620
iter.000003/01.model_devi/task.003.000006 1040
iter.000003/01.model_devi/task.003.000007 440
iter.000003/01.model_devi/task.003.000006 450
