2019-06-24 12:56:16.504421: I tensorflow/core/platform/cpu_feature_guard.cc:140] Your CPU supports instructions that this TensorFlow binary was not compiled to use: AVX512F
2019-06-24 12:56:18.410511: E tensorflow/stream_executor/cuda/cuda_driver.cc:406] failed call to cuInit: CUDA_ERROR_NO_DEVICE
2019-06-24 12:56:18.410567: I tensorflow/stream_executor/cuda/cuda_diagnostics.cc:158] retrieving CUDA diagnostic information for host: SR760-GPU-7
2019-06-24 12:56:18.410575: I tensorflow/stream_executor/cuda/cuda_diagnostics.cc:165] hostname: SR760-GPU-7
2019-06-24 12:56:18.410626: I tensorflow/stream_executor/cuda/cuda_diagnostics.cc:189] libcuda reported version is: 410.48.0
2019-06-24 12:56:18.410663: I tensorflow/stream_executor/cuda/cuda_diagnostics.cc:193] kernel reported version is: 410.48.0
2019-06-24 12:56:18.410669: I tensorflow/stream_executor/cuda/cuda_diagnostics.cc:300] kernel version seems to match DSO: 410.48.0
Info of lammps module:
  use deepmd-kit at:  /sharedext4/local/deepmd-kit-0.12.4
  source:             v0.12.4-1-ge3cd911-dirty
  source branch:      master
  source commit:      e3cd911
  source commit at:   2019-02-07 10:22:13 +0800
  build float prec:   double
  build with tf inc:  /sharedext4/local/tensorflow/r1.8.gpu.cc/include
  build with tf lib:  /sharedext4/local/tensorflow/r1.8.gpu.cc/lib/libtensorflow_cc.so;/sharedext4/local/tensorflow/r1.8.gpu.cc/lib/libtensorflow_framework.so
  >>> Info of model(s):
  using   4 model(s): ../graph.002.pb ../graph.003.pb ../graph.000.pb ../graph.001.pb 
  rcut in model:      5
  ntypes in model:    2
Neighbor list info ...
  update every 1 steps, delay 10 steps, check yes
  max neighbors/atom: 2000, page size: 100000
  master list distance cutoff = 6
  ghost atom cutoff = 6
  binsize = 3, bins = 4 4 4
  1 neighbor lists, perpetual/occasional/extra = 1 0 0
  (1) pair deepmd, perpetual
      attributes: , newton on
      pair build: full/bin/atomonly
      stencil: full/bin/3d
      bin: standard
Setting up Verlet run ...
  Unit style    : metal
  Current step  : 0
  Time step     : 0.002
Per MPI rank memory allocation (min/avg/max) = 3.949 | 3.949 | 3.949 Mbytes
Step Temp PotEng KinEng TotEng Press Volume Lx Ly Lz Xy Xz Yz 
       0          100   -23.993364  0.051704058    -23.94166   -58.961294    1001.8752    10.136777    10.167189    9.7210427     -0.25909   -0.1334322   -0.2627362 
      10    68.281959   -23.975118  0.035304544   -23.939814    487.69733    995.54633    10.115387    10.145735    9.7005301  -0.25854329  -0.13315064  -0.26218179 
      20    79.037581   -23.978265  0.040865637   -23.937399    935.87744    989.44284    10.094673    10.124958    9.6806655  -0.25801385  -0.13287798   -0.2616449 
      30    72.525729   -23.971549  0.037498745    -23.93405    1218.2501    983.58631    10.074717    10.104942    9.6615277  -0.25750378  -0.13261529  -0.26112765 
      40    91.213503   -23.978839  0.047161082   -23.931678     1270.394    978.01293    10.055651     10.08582    9.6432444  -0.25701648  -0.13236433   -0.2606335 
      50    102.71831   -23.982345  0.053109533   -23.929236    1057.8422    972.73841    10.037542    10.067656    9.6258775  -0.25655361  -0.13212595  -0.26016412 
      60    102.04479   -23.976771  0.052761299    -23.92401    607.24941    967.76926    10.020421    10.050483    9.6094586    -0.256116  -0.13190058  -0.25972035 
      70    121.17082   -23.977913  0.062650231   -23.915263    12.275874    963.09144     10.00425    10.034264    9.5939508  -0.25570268  -0.13168772  -0.25930121 
      80     122.9728   -23.964974  0.063581928   -23.901392   -610.70922    958.69279    9.9889959    10.018964    9.5793226  -0.25531281  -0.13148693  -0.25890585 
      90    155.91103   -23.964681  0.080612329   -23.884068   -1171.9697    954.59433    9.9747411    10.004667    9.5656524  -0.25494846  -0.13129929  -0.25853638 
     100    133.25936    -23.93507  0.068900495    -23.86617   -1511.5053      950.793    9.9614832    9.9913691    9.5529382   -0.2546096  -0.13112478  -0.25819274 
     110    184.41837   -23.950809  0.095351783   -23.855457   -1556.9428    947.36638    9.9495018    9.9793518    9.5414482  -0.25430336  -0.13096706   -0.2578822 
     120      176.507   -23.941731  0.091261283    -23.85047   -1216.9994    944.32675    9.9388494    9.9686674    9.5312327  -0.25403109  -0.13082685   -0.2576061 
     130    230.68845   -23.975883   0.11927529   -23.856608   -570.84858    941.79177    9.9299481    9.9597393    9.5226964  -0.25380358  -0.13070968  -0.25737538 
     140     229.3162   -23.985183   0.11856578   -23.866617    282.12893    939.83588    9.9230692    9.9528399    9.5160997  -0.25362776  -0.13061913  -0.25719709 
     150    173.19779    -23.96868  0.089550287    -23.87913    969.37781    938.58703     9.918672    9.9484295    9.5118828  -0.25351537  -0.13056125  -0.25708312 
     160    94.639441   -23.946696  0.048932431   -23.897763    1315.8406    938.00125    9.9166082    9.9463594    9.5099036  -0.25346262  -0.13053408  -0.25702962 
     170     73.60123   -23.955752  0.038054823   -23.917697    1316.4291    937.90668    9.9162749    9.9460251     9.509584   -0.2534541  -0.13052969  -0.25702098 
     180    84.562848   -23.978365  0.043722424   -23.934643    1032.0999    938.15386    9.9171459    9.9468988    9.5104193  -0.25347636  -0.13054116  -0.25704356 
     190    82.363982   -23.987442  0.042585521   -23.944857    598.50527    938.62521    9.9188065    9.9485644    9.5120118  -0.25351881  -0.13056302   -0.2570866 
     200    94.471111   -23.998802  0.048845398   -23.949957     93.54085    939.26555    9.9210616    9.9508262    9.5141744  -0.25357644   -0.1305927  -0.25714505 
     210    66.037617   -23.983831  0.034144128   -23.949687   -419.33335    940.02926    9.9237498    9.9535224    9.5167523  -0.25364515  -0.13062809  -0.25721473 
     220    75.753499   -23.986685  0.039167633   -23.947518   -840.17119    940.86618     9.926694    9.9564755    9.5195758   -0.2537204  -0.13066684  -0.25729104 
     230    61.164554   -23.975447  0.031624557   -23.943823   -1074.6932    941.73825      9.92976    9.9595507    9.5225161  -0.25379877   -0.1307072  -0.25737051 
     240    65.117946   -23.974513  0.033668621   -23.940845   -1139.9191    942.66086    9.9330016     9.962802    9.5256247  -0.25388162  -0.13074987  -0.25745453 
     250    53.529664   -23.965796  0.027677008   -23.938119   -981.67225     943.6293     9.936402    9.9662126    9.5288857  -0.25396854  -0.13079463  -0.25754266 
     260    66.061151   -23.970563  0.034156296   -23.936407   -624.47669    944.67698     9.940078    9.9698997    9.5324109  -0.25406249  -0.13084302  -0.25763794 
     270     98.44225   -23.984951  0.050898638   -23.934052   -138.37623    945.86091    9.9442287    9.9740629    9.5363914  -0.25416858  -0.13089765  -0.25774552 
     280    112.31756   -23.987846  0.058072734   -23.929773    429.60428    947.26216     9.949137    9.9789858    9.5410984  -0.25429404  -0.13096226  -0.25787274 
     290     124.8044    -23.98723  0.064528941   -23.922701    949.76141    949.00772    9.9552444    9.9851116    9.5469553  -0.25445014  -0.13104266  -0.25803104 
     300    103.28171   -23.966077  0.053400834   -23.912677    1314.6902    951.20782    9.9629317    9.9928219    9.5543273  -0.25464662  -0.13114384  -0.25823029 
     310    122.11424   -23.965826  0.063138015   -23.902688    1432.3557     954.0004    9.9726719    10.002591    9.5636681  -0.25489557  -0.13127206  -0.25848275 
     320    115.02109   -23.953507  0.059470573   -23.894037      1253.35    957.48227    9.9847898    10.014746     9.575289   -0.2552053  -0.13143157  -0.25879683 
     330    169.12366   -23.978637  0.087443794   -23.891193    762.74667    961.77834    9.9997009    10.029701    9.5895886  -0.25558642  -0.13162784  -0.25918331 
     340    142.45138   -23.963157  0.073653146   -23.889504    132.03434    966.93064    10.017525    10.047579    9.6066821    -0.256042  -0.13186247  -0.25964531 
     350    136.01178   -23.960302  0.070323611   -23.889978   -542.86231    972.97872    10.038368    10.068485    9.6266701  -0.25657474  -0.13213683  -0.26018554 
     360    136.17731   -23.962189  0.070409198    -23.89178   -1062.7716    979.94045    10.062253    10.092441    9.6495754  -0.25718522  -0.13245123  -0.26080461 
     370    142.08378   -23.970629  0.073463082   -23.897166   -1321.3119    987.85045    10.089255    10.119524    9.6754694  -0.25787536  -0.13280666  -0.26150446 
     380    130.23981   -23.974246  0.067339264   -23.906907   -1305.2595    996.78312    10.119574    10.149934    9.7045455  -0.25865031  -0.13320576  -0.26229032 
     390    98.741962   -23.970888  0.051053601   -23.919835   -1008.2917    1006.7917    10.153331    10.183793    9.7369182  -0.25951312  -0.13365011  -0.26316528 
     400    82.528614   -23.975915  0.042670642   -23.933244   -550.45531    1017.9745    10.190785    10.221359     9.772836  -0.26047042  -0.13414312  -0.26413605 
     410    53.411071    -23.97087  0.027615691   -23.943254   -71.579229    1030.4571     10.23227    10.262968    9.8126193  -0.26153074  -0.13468919  -0.26521129 
     420    74.683727   -23.990477  0.038614517   -23.951862    332.95804     1044.367    10.278105    10.308941    9.8565747  -0.26270227  -0.13529253   -0.2663993 
     430    53.239757   -23.983781  0.027527115   -23.956253    621.67119    1059.8289     10.32858    10.359567    9.9049792  -0.26399237  -0.13595693  -0.26770756 
     440    50.596509   -23.985852  0.026160448   -23.959692    743.73629    1076.9828    10.384006     10.41516    9.9581325  -0.26540903  -0.13668652  -0.26914416 
     450    43.555667    -23.98375  0.022520048    -23.96123    736.68165    1095.9383    10.444574    10.475909    10.016216   -0.2669571  -0.13748378  -0.27071402 
     460    58.480015    -23.99193  0.030236541   -23.961694    596.70092    1116.8406    10.510557    10.542091    10.079493  -0.26864361  -0.13835234  -0.27242426 
     470    65.717571    -23.99409  0.033978651   -23.960111    346.18924    1139.8202    10.582155    10.613903    10.148155   -0.2704736  -0.13929479  -0.27428001 
     480    61.793994    -23.98892  0.031950003    -23.95697    55.791134    1164.9797     10.65945     10.69143     10.22228  -0.27244922  -0.14031224  -0.27628342 
     490     53.04996   -23.980576  0.027428982   -23.953147   -230.22573    1192.4234    10.742504    10.774733    10.301927  -0.27457202  -0.14140549   -0.2784361 
     500    39.014326   -23.968772   0.02017199     -23.9486   -463.54124    1222.2331    10.831286    10.863782    10.387068  -0.27684124  -0.14257415  -0.28073726 
     510    69.213331   -23.981427  0.035786101   -23.945641   -583.61261    1254.5116    10.925808    10.958587    10.477714  -0.27925717  -0.14381836  -0.28318719 
     520    71.895151   -23.979783   0.03717271    -23.94261   -570.61702    1289.3694     11.02608     11.05916    10.573873  -0.28182005  -0.14513825  -0.28578614 
     530     96.13577   -23.990649  0.049706094   -23.940943    -449.8101    1326.9656    11.132223    11.165621    10.675663  -0.28453302  -0.14653544  -0.28853728 
     540    79.936284   -23.978923  0.041330303   -23.937593   -186.16419    1367.4124    11.244199    11.277933    10.783047  -0.28739505  -0.14800939  -0.29143959 
     550    88.334525   -23.976085  0.045672534   -23.930413    101.54437    1410.9636    11.362327    11.396416     10.89633  -0.29041434  -0.14956434  -0.29450137 
     560    86.725582   -23.966436  0.044840645   -23.921596    328.40305    1457.8583    11.486837    11.521299    11.015733  -0.29359673  -0.15120328  -0.29772854 
     570    98.275681   -23.966608  0.050812515   -23.915796    451.11554    1508.3533    11.617955    11.652811    11.141474  -0.29694804  -0.15292922  -0.30112702 
     580    108.89544   -23.973063  0.056303361   -23.916759    393.69226    1562.7153    11.755884    11.791154    11.273747  -0.30047343   -0.1547448  -0.30470202 
     590    110.07832   -23.975702  0.056914959   -23.918787    225.31421    1621.0965    11.900494    11.936197    11.412425  -0.30416955  -0.15664832  -0.30845016 
     600    139.76683   -23.988232  0.072265122   -23.915967    39.903813    1683.6186     12.05156    12.087716    11.557295  -0.30803071  -0.15863683  -0.31236566 
     610     120.6482   -23.972864  0.062380015   -23.910484   -138.53476     1750.407    12.208857    12.245486    11.708142  -0.31205115  -0.16070737  -0.31644268 
     620    112.69507   -23.965785  0.058267924   -23.907517   -247.92865    1821.5732    12.372123    12.409241    11.864712  -0.31622411  -0.16285646  -0.32067437 
     630    73.620603   -23.945752   0.03806484   -23.907687   -258.37694    1897.1298    12.540871    12.578495    12.026539  -0.32053721  -0.16507772  -0.32504817 
     640    100.21776    -23.96478  0.051816649   -23.912963   -218.59612    1977.2783    12.715046    12.753193    12.193571  -0.32498904  -0.16737042  -0.32956264 
     650      120.767   -23.981781  0.062441439    -23.91934   -98.165543    2062.1071    12.894339    12.933024    12.365511  -0.32957165  -0.16973048  -0.33420975 
     660    143.10351   -23.998973  0.073990324   -23.924983    45.339083    2151.9067    13.078858    13.118097    12.542462  -0.33428785  -0.17215934  -0.33899231 
     670      111.428   -23.981647    0.0576128   -23.924034    160.92594     2246.901    13.268546    13.308353     12.72437  -0.33913615  -0.17465623  -0.34390885 
     680    73.801275   -23.959473  0.038158254   -23.921315    224.31285    2347.2306    13.463168    13.503559     12.91101  -0.34411058  -0.17721808  -0.34895328 
     690    67.035736   -23.959277  0.034660196   -23.924616    207.03944    2453.0067     13.66244    13.703429    13.102109  -0.34920385  -0.17984113  -0.35411823 
     700    75.693367   -23.973099  0.039136542   -23.933962    116.10745    2564.2286    13.865885    13.907485    13.297211  -0.35440379  -0.18251911  -0.35939135 
     710    99.381056   -23.998193  0.051384039   -23.946809   -3.1326327    2680.7449      14.0728     14.11502     13.49564  -0.35969241  -0.18524277   -0.3647544 
     720    65.361868   -23.988947  0.033794738   -23.955153   -96.617772    2802.2252    14.282241     14.32509    13.696491   -0.3650456  -0.18799968  -0.37018293 
     730    56.567622   -23.990605  0.029247756   -23.961358   -154.75633    2928.4142    14.493486    14.536968    13.899072  -0.37044489  -0.19078034   -0.3756582 
     740    34.572792   -23.983274  0.017875537   -23.965398   -163.80485    3059.0483    14.705872    14.749992    14.102748  -0.37587337  -0.19357602  -0.38116307 
     750    42.505002   -23.990882  0.021976811   -23.968905   -140.06091    3194.0368    14.919078    14.963837     14.30721  -0.38132278  -0.19638248  -0.38668917 
     760    34.011746   -23.988534  0.017585453   -23.970948   -94.395703    3333.2617    15.132772    15.178172     14.51214  -0.38678467  -0.19919537  -0.39222793 
     770    29.567401   -23.987423  0.015287546   -23.972135   -36.597602    3476.6456    15.346717    15.392759     14.71731  -0.39225298  -0.20201157  -0.39777319 
     780    27.965478   -23.986857  0.014459287   -23.972398    27.965692     3624.068     15.56064    15.607324     14.92246  -0.39772072  -0.20482748  -0.40331789 
     790      36.2751   -23.990513  0.018755699   -23.971758    85.367668    3775.4859    15.774404     15.82173    15.127457  -0.40318441  -0.20764129  -0.40885846 
     800    54.935217   -23.998079  0.028403736   -23.969675    127.50962    3930.8487    15.987877    16.035843    15.332174  -0.40864064  -0.21045127  -0.41439148 
     810    50.331025   -23.991326  0.026023182   -23.965303     152.8413    4090.1105    16.200945    16.249551    15.536505  -0.41408655  -0.21325593  -0.41991403 
     820    59.063081   -23.989072   0.03053801   -23.958534    147.47595    4253.3374    16.413655    16.462898     15.74049  -0.41952327  -0.21605586  -0.42542726 
     830    48.016263   -23.974647  0.024826356    -23.94982    111.23819    4420.4985    16.625923    16.675803    15.944053  -0.42494872  -0.21884998  -0.43092907 
     840    81.147847   -23.984101   0.04195673   -23.942145     48.43449    4591.5461    16.837657    16.888173    16.147103  -0.43036052  -0.22163708  -0.43641703 
     850    82.862212   -23.978179  0.042843126   -23.935335   -28.523165    4766.2801    17.048593    17.099741    16.349388  -0.43575191  -0.22441366  -0.44188429 
     860    87.886776   -23.976563  0.045441029   -23.931122   -108.03464    4944.4532    17.258436    17.310214    16.550625  -0.44111538  -0.22717587  -0.44732324 
     870    75.081069   -23.966456  0.038819959   -23.927636   -163.03621    5125.5979    17.466673    17.519076    16.750322  -0.44643779  -0.22991693  -0.45272056 
     880    89.278534   -23.971837  0.046160625   -23.925676   -190.17646    5309.3957    17.673004    17.726026    16.948191  -0.45171149   -0.2326329  -0.45806848 
     890    113.11085   -23.982481  0.058482901   -23.923998   -181.14576    5495.4856    17.877112    17.930746    17.143928  -0.45692838  -0.23531962  -0.46335878 
     900    109.77512   -23.979031  0.056758192   -23.922273   -131.14829    5683.5684    18.078777    18.133016    17.337322  -0.46208281  -0.23797416  -0.46858574 
     910    116.11398   -23.980868   0.06003564   -23.920833   -59.321616     5873.677    18.278141    18.332979     17.52851  -0.46717845  -0.24059843   -0.4737531 
     920    80.927437    -23.95879  0.041842769   -23.916947    25.908171    6065.7065      18.4752    18.530628    17.717486  -0.47221514  -0.24319235  -0.47886067 
     930    112.99375   -23.972455  0.058422355   -23.914033     103.8219    6259.8314    18.670225    18.726239    17.904513  -0.47719988   -0.2457595  -0.48391556 
     940    108.20569   -23.966048  0.055946735   -23.910101    160.61001    6456.0758    18.863324    18.919917    18.089692  -0.48213536  -0.24830129   -0.4889205 
     950    121.74846   -23.972514  0.062948895   -23.909565    179.27773    6654.8071    19.054922    19.112089    18.273432  -0.48703249  -0.25082333  -0.49388655 
     960     109.4334   -23.968229  0.056581507   -23.911647    159.92889    6855.9188     19.24497    19.302708    18.455686     -0.49189  -0.25332497  -0.49881242 
     970    120.01794   -23.976708  0.062054145   -23.914654    108.95601    7059.1699      19.4333    19.491603    18.636293  -0.49670362  -0.25580399  -0.50369378 
     980    122.29371    -23.98028  0.063230811   -23.917049     44.95803     7263.893    19.619375    19.678236    18.814736  -0.50145957  -0.25825332  -0.50851666 
     990    138.18472   -23.989643  0.071447109   -23.918196   -22.439367    7469.4386    19.802712    19.862123    18.990554  -0.50614556  -0.26066662   -0.5132686 
    1000    117.19132   -23.979507  0.060592668   -23.918914   -80.153718    7675.1202    19.982834    20.042785    19.163289  -0.51074937   -0.2630376   -0.5179372 
Loop time of 13.4005 on 1 procs for 1000 steps with 5 atoms

Performance: 12.895 ns/day, 1.861 hours/ns, 74.624 timesteps/s
339.7% CPU use with 1 MPI tasks x no OpenMP threads

MPI task timing breakdown:
Section |  min time  |  avg time  |  max time  |%varavg| %total
---------------------------------------------------------------
Pair    | 13.003     | 13.003     | 13.003     |   0.0 | 97.03
Neigh   | 0.00081372 | 0.00081372 | 0.00081372 |   0.0 |  0.01
Comm    | 0.0030782  | 0.0030782  | 0.0030782  |   0.0 |  0.02
Output  | 0.37853    | 0.37853    | 0.37853    |   0.0 |  2.82
Modify  | 0.011622   | 0.011622   | 0.011622   |   0.0 |  0.09
Other   |            | 0.003404   |            |       |  0.03

Nlocal:    5 ave 5 max 5 min
Histogram: 1 0 0 0 0 0 0 0 0 0
Nghost:    0 ave 0 max 0 min
Histogram: 1 0 0 0 0 0 0 0 0 0
Neighs:    0 ave 0 max 0 min
Histogram: 1 0 0 0 0 0 0 0 0 0

Total # of neighbors = 0
Ave neighs/atom = 0
Neighbor list builds = 69
Dangerous builds = 9
Total wall time: 0:00:16
