2019-06-24 13:10:44.676099: I tensorflow/core/platform/cpu_feature_guard.cc:140] Your CPU supports instructions that this TensorFlow binary was not compiled to use: AVX512F
2019-06-24 13:10:46.737818: E tensorflow/stream_executor/cuda/cuda_driver.cc:406] failed call to cuInit: CUDA_ERROR_NO_DEVICE
2019-06-24 13:10:46.737894: I tensorflow/stream_executor/cuda/cuda_diagnostics.cc:158] retrieving CUDA diagnostic information for host: SR760-GPU-7
2019-06-24 13:10:46.737915: I tensorflow/stream_executor/cuda/cuda_diagnostics.cc:165] hostname: SR760-GPU-7
2019-06-24 13:10:46.737982: I tensorflow/stream_executor/cuda/cuda_diagnostics.cc:189] libcuda reported version is: 410.48.0
2019-06-24 13:10:46.738044: I tensorflow/stream_executor/cuda/cuda_diagnostics.cc:193] kernel reported version is: 410.48.0
2019-06-24 13:10:46.738052: I tensorflow/stream_executor/cuda/cuda_diagnostics.cc:300] kernel version seems to match DSO: 410.48.0
Info of lammps module:
  use deepmd-kit at:  /sharedext4/local/deepmd-kit-0.12.4
  source:             v0.12.4-1-ge3cd911-dirty
  source branch:      master
  source commit:      e3cd911
  source commit at:   2019-02-07 10:22:13 +0800
  build float prec:   double
  build with tf inc:  /sharedext4/local/tensorflow/r1.8.gpu.cc/include
  build with tf lib:  /sharedext4/local/tensorflow/r1.8.gpu.cc/lib/libtensorflow_cc.so;/sharedext4/local/tensorflow/r1.8.gpu.cc/lib/libtensorflow_framework.so
  >>> Info of model(s):
  using   4 model(s): ../graph.002.pb ../graph.003.pb ../graph.000.pb ../graph.001.pb 
  rcut in model:      5
  ntypes in model:    2
Neighbor list info ...
  update every 1 steps, delay 10 steps, check yes
  max neighbors/atom: 2000, page size: 100000
  master list distance cutoff = 6
  ghost atom cutoff = 6
  binsize = 3, bins = 4 4 4
  1 neighbor lists, perpetual/occasional/extra = 1 0 0
  (1) pair deepmd, perpetual
      attributes: , newton on
      pair build: full/bin/atomonly
      stencil: full/bin/3d
      bin: standard
Setting up Verlet run ...
  Unit style    : metal
  Current step  : 0
  Time step     : 0.002
Per MPI rank memory allocation (min/avg/max) = 3.949 | 3.949 | 3.949 Mbytes
Step Temp PotEng KinEng TotEng Press Volume Lx Ly Lz Xy Xz Yz 
       0          100   -23.992808  0.051704058   -23.941104    540.23432    969.96699     9.821743    9.9648276    9.9105692    0.0833932     0.265246   -0.2797133 
      10     74.78989   -23.978822  0.038669408   -23.940152    173.31228    974.05592     9.835525    9.9788104    9.9244758  0.083510218    0.2656182   -0.2801058 
      20    85.123322   -23.981892  0.044012212    -23.93788   -236.56289    978.24032    9.8495888    9.9930791    9.9386669   0.08362963     0.265998  -0.28050632 
      30    62.734487   -23.965196  0.032436276   -23.932759    -595.3784    982.49015    9.8638316    10.007529    9.9530385  0.083750561   0.26638265  -0.28091194 
      40    87.872176   -23.974219  0.045433481   -23.928786   -873.23361    986.80164    9.8782391    10.022147    9.9675763   0.08387289   0.26677173  -0.28132225 
      50    74.539918   -23.961563  0.038540162   -23.923023    -1022.847    991.17763    9.8928193    10.036939    9.9822883  0.083996686   0.26716549  -0.28173748 
      60    91.904862   -23.964926  0.047518543   -23.917407   -1034.5871     995.6374    9.9076346     10.05197    9.9972376  0.084122478   0.26756559  -0.28215941 
      70    106.24813   -23.965774  0.054934597    -23.91084   -880.30007    1000.2149    9.9227952    10.067352    10.012535  0.084251201   0.26797502  -0.28259116 
      80    137.83889   -23.973411  0.071268298   -23.902143   -540.26228    1004.9588    9.9384578    10.083243     10.02834  0.084384187     0.268398  -0.28303722 
      90    184.88147   -23.984887  0.095591222   -23.889296   -63.367158    1009.9828     9.954992    10.100018    10.045023  0.084524573   0.26884452   -0.2835081 
     100    180.03413   -23.964282  0.093084953   -23.871197    499.14856    1015.4272    9.9728477    10.118134     10.06304   0.08467618   0.26932673  -0.28401661 
     110    186.84409   -23.949328  0.096605976   -23.852722    995.02004    1021.5019    9.9926952     10.13827    10.083067  0.084844699   0.26986273  -0.28458184 
     120    139.31514   -23.913441  0.072031582    -23.84141    1287.2102    1028.3713    10.015045    10.160946    10.105619  0.085034464   0.27046631  -0.28521834 
     130    198.37611   -23.948243    0.1025685   -23.845674    1286.9023    1036.1511    10.040237    10.186504    10.131039  0.085248357   0.27114664  -0.28593578 
     140    176.16019   -23.950485  0.091081967   -23.859403    1040.9157    1044.8706    10.068322    10.214999    10.159378   0.08548682   0.27190511  -0.28673562 
     150    200.94247   -23.986724   0.10389541   -23.882829    585.87607     1054.504     10.09917    10.246296    10.190505  0.085748738   0.27273818  -0.28761413 
     160    130.97799   -23.973846  0.067720934   -23.906125    108.00306    1064.8843    10.132199    10.279807    10.223833  0.086029183   0.27363018  -0.28855478 
     170     102.8172   -23.977448  0.053160667   -23.924287   -284.78514    1075.8375     10.16682    10.314932    10.258767  0.086323138   0.27456516  -0.28954075 
     180    74.290609   -23.973731   0.03841126   -23.935319   -570.12481    1087.2648     10.20269    10.351324    10.294962  0.086627697   0.27553386  -0.29056229 
     190    68.104112   -23.975109   0.03521259   -23.939896   -737.99942    1099.1579    10.239756     10.38893    10.332363   0.08694241   0.27653486  -0.29161788 
     200     61.86789   -23.973876   0.03198821   -23.941888   -778.99916    1111.5391     10.27806    10.427792    10.371013   0.08726764    0.2775693  -0.29270875 
     210     48.73083   -23.968424  0.025195817   -23.943229   -724.13056     1124.472    10.317769     10.46808    10.411081  0.087604793   0.27864167  -0.29383961 
     220      63.5304   -23.977631  0.032847795   -23.944783   -567.04435    1138.0201    10.359041    10.509953    10.452727  0.087955223   0.27975628  -0.29501501 
     230    64.213567   -23.978944   0.03320102   -23.945743   -303.69019    1152.2579    10.402063    10.553602    10.496138  0.088320507   0.28091812  -0.29624023 
     240     95.42622   -23.995431  0.049339228   -23.946092   -8.6381914    1167.3261     10.44721    10.599406    10.541693  0.088703833   0.28213736  -0.29752596 
     250    70.698716   -23.978486  0.036554105   -23.941932     297.5258    1183.3665    10.494845    10.647735    10.589758  0.089108284   0.28342378  -0.29888255 
     260    86.357892   -23.981072  0.044650535   -23.936422    559.30659    1200.5588    10.545424    10.699052    10.640795   0.08953774   0.28478974  -0.30032301 
     270    62.553213   -23.960207   0.03234255   -23.927864    709.89806    1219.1058    10.599451    10.753866    10.695311  0.089996465   0.28624879  -0.30186164 
     280    93.545791   -23.969963   0.04836697   -23.921596    722.26919    1239.2212    10.657431     10.81269    10.753815  0.090488753   0.28781459  -0.30351285 
     290    109.19011   -23.973066  0.056455717    -23.91661    619.38045    1261.1473    10.719919    10.876089    10.816868   0.09101932   0.28950215  -0.30529245 
     300    133.01294   -23.981007  0.068773089   -23.912234    358.77879     1285.211    10.787672    10.944828    10.885234  0.091594584   0.29133187  -0.30722197 
     310    134.78811   -23.974209  0.069690921   -23.904518    12.426244    1311.7165    10.861327    11.019557    10.959555  0.092219971   0.29332102  -0.30931961 
     320     121.5529   -23.957268  0.062847782   -23.894421   -289.29073    1340.9357    10.941383    11.100779    11.040335  0.092899698     0.295483  -0.31159952 
     330    144.92525   -23.961869  0.074932235   -23.886937   -534.72952    1373.2388    11.028546    11.189212    11.128287  0.093639772   0.29783693  -0.31408184 
     340    109.99286   -23.938893   0.05687077   -23.882022   -661.84189    1409.0425    11.123572    11.285622    11.224172  0.094446604    0.3004032  -0.31678808 
     350    143.09796    -23.95794  0.073987452   -23.883952    -646.0149    1448.8643     11.22739    11.390952    11.328929   0.09532809   0.30320691  -0.31974471 
     360    118.87861   -23.951013  0.061465068   -23.889548   -521.91731    1493.3121    11.341046    11.506264    11.443612  0.096293103    0.3062763  -0.32298151 
     370    149.59241   -23.977202  0.077345349   -23.899857   -301.59641    1543.0786    11.465657     11.63269     11.56935  0.097351132   0.30964153   -0.3265303 
     380    138.21028   -23.981908  0.071460324   -23.910447   -5.7867438     1598.899    11.602278    11.771301    11.707207  0.098511136   0.31333112  -0.33042112 
     390    140.80495    -23.99327  0.072801871   -23.920468    249.81993     1661.716    11.752272    11.923481    11.858558  0.099784691   0.31738188  -0.33469282 
     400    78.115515   -23.966707  0.040388891   -23.926318    421.47805    1732.4631    11.916743    12.090348    12.024516   0.10118116   0.32182358  -0.33937679 
     410    55.987712   -23.962681  0.028947919   -23.933734    476.00347    1812.1216    12.096657    12.272883    12.206057   0.10270875   0.32668233  -0.34450055 
     420    48.226638   -23.967151  0.024935129   -23.942216    430.13057    1901.7342    12.292858    12.471942    12.404032   0.10437462   0.33198092  -0.35008814 
     430    49.346795   -23.975436  0.025514296   -23.949922    321.10416    2002.4311    12.506106    12.688297    12.619209   0.10618525   0.33773991  -0.35616124 
     440    68.162768   -23.992271  0.035242917   -23.957028     178.2997    2115.4789    12.737156    12.922713    12.852349   0.10814702   0.34397965  -0.36274132 
     450     55.54379   -23.988753  0.028718393   -23.960035    31.118329    2242.2036    12.986574    13.175764    13.104023   0.11026474   0.35071543  -0.36984449 
     460    66.450966   -23.995667  0.034357846    -23.96131   -100.93496    2383.9577    13.254675    13.447771    13.374548    0.1125411   0.35795577  -0.37747974 
     470    50.658412   -23.986081  0.026192455   -23.959888   -199.85989    2542.0456    13.541414    13.738688    13.663881   0.11497571   0.36569945  -0.38564578 
     480    66.859086   -23.992633   0.03456886   -23.958065    -259.8919    2717.6994    13.846395    14.048111     13.97162    0.1175652   0.37393576  -0.39433132 
     490    46.340788   -23.979081  0.023960068   -23.955121   -269.92043    2911.9851    14.168786    14.375199    14.296926   0.12030251   0.38264224  -0.40351268 
     500    49.241013   -23.978262  0.025459602   -23.952802   -244.04679    3125.8106    14.507429    14.718776    14.638632   0.12317783   0.39178765  -0.41315691 
     510    39.126685   -23.970323  0.020230084   -23.950093    -184.5513    3359.7561    14.860685    15.077178    14.995083   0.12617721   0.40132767  -0.42321727 
     520    54.235606   -23.976716  0.028042009   -23.948674   -100.10685    3614.0702    15.226559    15.448382    15.364266   0.12928372   0.41120847  -0.43363699 
     530    72.648628   -23.983895  0.037562289   -23.946333   -10.576349     3888.665     15.60282    15.830124    15.743929   0.13247843   0.42136976  -0.44435252 
     540    77.219281   -23.983762  0.039925502   -23.943836    70.638261    4183.0899    15.987062    16.219963    16.131646    0.1357409    0.4317466  -0.45529533 
     550    88.997498   -23.986575  0.046015318    -23.94056    134.68575    4496.5162    16.376772    16.615351    16.524881    0.1390498   0.44227112  -0.46639389 
     560      71.4132   -23.971261  0.036923522   -23.934338    171.35578    4827.7121    16.769368    17.013667    16.921028   0.14238321   0.45287357  -0.47757464 
     570     100.4473   -23.979856  0.051935331    -23.92792    176.24403    5175.1247    17.162341    17.412364    17.317554   0.14571981   0.46348619   -0.4887661 
     580    89.696283   -23.966475  0.046376618   -23.920099    160.76261    5536.7531    17.553133    17.808849     17.71188   0.14903789   0.47403991  -0.49989545 
     590    111.77668   -23.973644  0.057793079   -23.915851    116.33405    5910.7216    17.939751      18.2011    18.101995   0.15232055   0.48448094  -0.51090596 
     600    82.901769   -23.955424  0.042863579    -23.91256    53.313302    6294.8034    18.320204    18.587095    18.485889   0.15555085   0.49475545  -0.52174087 
     610    114.17483   -23.971606  0.059033022   -23.912572   -10.893025    6686.4923    18.692571    18.964887    18.861623   0.15871249   0.50481158  -0.53234549 
     620    115.93079   -23.971772  0.059940924   -23.911831   -68.981557    7083.4052    19.055351    19.332952    19.227684   0.16179274   0.51460882   -0.5426771 
     630     130.9444   -23.977956  0.067703569   -23.910252   -111.86021    7483.2189    19.407327    19.690056    19.582844   0.16478125    0.5241143  -0.55270104 
     640    131.76545   -23.977652  0.068128082   -23.909524   -125.75896    7883.8382    19.747653    20.035339    19.926247   0.16767085   0.53330513  -0.56239316 
     650    101.70354   -23.960425  0.052584855    -23.90784   -120.42037    8283.6564    20.075989    20.368459    20.257552   0.17045864   0.54217216  -0.57174383 
     660     107.0214   -23.963484  0.055334406    -23.90815   -96.629022    8681.1508    20.392103    20.689178    20.576526   0.17314266   0.55070915  -0.58074645 
     670    89.621463   -23.954161  0.046337933   -23.907823   -51.544491    9074.8644    20.695835    20.997335    20.883005   0.17572155   0.55891175  -0.58939645 
     680    115.36569   -23.968196  0.059648743   -23.908547   -9.8255923    9464.4199    20.987832    21.293586    21.177643    0.1782008   0.56679741  -0.59771222 
     690    88.695524   -23.957552  0.045859185   -23.911693    26.141397    9849.2658    21.268533    21.578376    21.460882   0.18058414   0.57437802  -0.60570629 
     700    106.70643    -23.97324  0.055171553   -23.918068    55.155371    10228.989    21.538419    21.852193    21.733208   0.18287565   0.58166655  -0.61339236 
     710    90.916044   -23.974146  0.047007284   -23.927139    67.065968    10603.282    21.797985    22.115541    21.995122   0.18507955    0.5886764  -0.62078455 
     720    107.20917   -23.992348  0.055431493   -23.936917    68.475244    10971.384    22.047366    22.368556    22.246759   0.18719696    0.5954112  -0.62788668 
     730    89.353434   -23.989841  0.046199351   -23.943642    64.586578    11332.408    22.286591    22.611265    22.488147   0.18922814    0.6018717  -0.63469956 
     740    71.418308   -23.985736  0.036926163    -23.94881    48.490188    11686.124    22.516095    22.844113    22.719727   0.19117678   0.60806969  -0.64123561 
     750    48.375863   -23.978071  0.025012284   -23.953059    27.230915    12031.612    22.735832    23.067051    22.941451    0.1930425   0.61400391   -0.6474935 
     760    35.873296    -23.97455   0.01854795   -23.956002     7.790742    12367.891    22.945708    23.279984    23.153225   0.19482448   0.61967181  -0.65347054 
     770    42.774882   -23.981346   0.02211635    -23.95923   -11.573125    12694.633    23.146018    23.483213    23.355347   0.19652525   0.62508139  -0.65917518 
     780    33.620394   -23.978348  0.017383108   -23.960965   -27.670361    13011.335     23.33692    23.676896    23.547975   0.19814614   0.63023688  -0.66461186 
     790    45.851724   -23.986647  0.023707202    -23.96294   -37.727594    13317.668    23.518646    23.861269    23.731345   0.19968911   0.63514457  -0.66978723 
     800    33.914358    -23.98086  0.017535099   -23.963325    -42.67255    13613.309    23.691405    24.036545    23.905666   0.20115595   0.63981011  -0.67470724 
     810    59.118957   -23.993994    0.0305669   -23.963428   -42.507239    13897.862    23.855339    24.202867    24.071082   0.20254786   0.64423729   -0.6793759 
     820    62.198037   -23.993641  0.032158909   -23.961482    -33.36323    14170.856    24.010522    24.360311    24.227669   0.20386547   0.64842818  -0.68379537 
     830    82.223895    -23.99956   0.04251309   -23.957047   -18.916371     14432.43    24.157356    24.509284    24.375831   0.20511219   0.65239357  -0.68797705 
     840    69.598838   -23.983004  0.035985424   -23.947018   -1.6542391    14682.725    24.296206    24.650157    24.515937   0.20629112   0.65614337  -0.69193137 
     850    65.076332    -23.96812  0.033647105   -23.934473    17.853862    14921.798    24.427366    24.783227    24.648283   0.20740475   0.65968546  -0.69566665 
     860     75.07236   -23.960412  0.038815456   -23.921597    33.275974    15150.215    24.551376    24.909044    24.773415   0.20845769   0.66303449  -0.69919835 
     870    86.075363   -23.958333  0.044504456   -23.913828    37.713363    15368.956    24.668971    25.028352    24.892073   0.20945615   0.66621026  -0.70254733 
     880    117.50148   -23.973195  0.060753036   -23.912442    30.766294    15578.462    24.780559    25.141566    25.004671   0.21040361   0.66922381  -0.70572525 
     890    110.89641   -23.968065  0.057337942   -23.910727    17.105399    15778.194    24.886014    25.248558    25.111079   0.21129899   0.67207173   -0.7087285 
     900    140.22414   -23.981838  0.072501569   -23.909336  -0.39738447    15967.841    24.985324    25.349314    25.211287   0.21214219   0.67475368  -0.71155673 
     910    107.02092     -23.9607  0.055334159   -23.905366   -16.271734    16146.294    25.078056    25.443397    25.304858   0.21292955     0.677258  -0.71419765 
     920    129.11301   -23.971431  0.066756667   -23.904675   -25.693337    16312.856    25.163995    25.530587    25.391574   0.21365923   0.67957886   -0.7166451 
     930    109.63385   -23.962015  0.056685148    -23.90533   -29.606104     16466.65    25.242828    25.610569     25.47112   0.21432857   0.68170783  -0.71889018 
     940    115.46221   -23.966352  0.059698649   -23.906653   -27.946293    16607.078    25.314382    25.683165    25.543321   0.21493612   0.68364022  -0.72092797 
     950    100.18075   -23.962186  0.051797515   -23.910388   -15.502725    16733.338    25.378373    25.748089    25.607891   0.21547944   0.68536836  -0.72275038 
     960    123.35757    -23.97872  0.063780872   -23.914939   0.54713435    16845.607    25.435004    25.805544    25.665034   0.21596028   0.68689773  -0.72436316 
     970    111.27292   -23.975599  0.057532614   -23.918066    15.704973    16944.156    25.484507    25.855769    25.714984   0.21638059   0.68823461  -0.72577295 
     980    86.410254   -23.963807  0.044677608    -23.91913    32.221196    17027.863    25.526404    25.898276     25.75726   0.21673633   0.68936608  -0.72696614 
     990    87.258953   -23.965858   0.04511642   -23.920742    40.580701    17097.033    25.560921    25.933296     25.79209    0.2170294   0.69029826  -0.72794916 
    1000    59.515577   -23.956059  0.030771969   -23.925287    39.110764    17151.299    25.587936    25.960705    25.819349   0.21725877   0.69102781  -0.72871851 
    1010    95.361038   -23.983138  0.049305527   -23.933832    31.506036    17189.761    25.607049    25.980096    25.838635   0.21742106   0.69154398  -0.72926283 
    1020    90.439973   -23.988451  0.046761136    -23.94169    18.514936    17211.672    25.617924     25.99113    25.849608    0.2175134   0.69183768  -0.72957255 
    1030    98.005722   -23.998478  0.050672935   -23.947805    2.2238952    17215.978     25.62006    25.993297    25.851764   0.21753153   0.69189537  -0.72963339 
    1040    60.995364   -23.980925  0.031537078   -23.949388   -11.668833    17201.322    25.612788    25.985919    25.844426   0.21746979   0.69169898  -0.72942629 
    1050    62.198891    -23.98355  0.032159351   -23.951391   -23.602339     17166.96    25.595722    25.968604    25.827205   0.21732488   0.69123808  -0.72894025 
    1060    42.170166   -23.974619  0.021803687   -23.952815   -32.179267    17112.092    25.568423    25.940908     25.79966    0.2170931   0.69050086  -0.72816282 
    1070    40.988509   -23.976659  0.021192723   -23.955466   -36.323562    17036.084    25.530511    25.902443    25.761404    0.2167712   0.68947699   -0.7270831 
    1080    37.587789   -23.978537  0.019434412   -23.959103   -35.350148    16938.519     25.48168    25.852901    25.712132   0.21635659   0.68815827  -0.72569246 
    1090    31.438608   -23.978652  0.016255036   -23.962397   -30.228955    16819.282    25.421747    25.792095    25.651658   0.21584772   0.68653973  -0.72398564 
    1100    45.170209   -23.989268  0.023354831   -23.965913   -21.794378    16678.357    25.350547    25.719858    25.579813   0.21524319    0.6846169  -0.72195793 
    1110    51.006715   -23.994412  0.026372541   -23.968039     -9.55728    16515.627    25.267829    25.635935    25.496347   0.21454085   0.68238302   -0.7196022 
    1120    68.513488   -24.003675  0.035424253   -23.968251    4.5273947     16331.41    25.173531    25.540263    25.401196    0.2137402   0.67983641  -0.71691669 
    1130    50.300939   -23.991008  0.026007627   -23.965001    18.863827    16125.957    25.067522     25.43271    25.294229   0.21284012   0.67697353  -0.71389767 
    1140     59.26077   -23.989815  0.030640223   -23.959174    32.481052    15899.586    24.949673    25.313143    25.175313   0.21183949   0.67379088  -0.71054142 
    1150    43.404579   -23.971457  0.022441929   -23.949015    44.879574    15652.604     24.81981    25.181389    25.044276   0.21073687   0.67028381  -0.70684306 
    1160    67.946642   -23.972411  0.035131171    -23.93728     51.63777    15385.894     24.67803    25.037543    24.901214   0.20953306    0.6664549  -0.70280532 
    1170    68.336996   -23.959803     0.035333    -23.92447    50.936361    15100.626     24.52456    24.881838    24.746356      0.20823   0.66231029  -0.69843465 
    1180    84.896873   -23.960421  0.043895128   -23.916526    41.774391    14798.052    24.359653    24.714528    24.579958   0.20682983   0.65785682  -0.69373827 
    1190    107.47164    -23.96773    0.0555672   -23.912163    21.349197    14479.479    24.183578    24.535888     24.40229   0.20533483   0.65310174  -0.68872383 
    1200    131.50653   -23.977793  0.067994214   -23.909799   -5.0506796    14145.604    23.996252    24.345833     24.21327   0.20374431   0.64804279  -0.68338896 
    1210    173.06683   -23.996941  0.089482574   -23.907459   -27.335592    13797.024    23.797503    24.144188    24.012723   0.20205679   0.64267538  -0.67772879 
    1220    143.30782    -23.97492   0.07409596   -23.900824   -46.763537    13435.153    23.587602    23.931229    23.800924   0.20027459   0.63700679  -0.67175102 
    1230    127.39671   -23.959926  0.065869269   -23.894057   -60.995457    13061.013    23.366583     23.70699    23.577906   0.19839799   0.63103795  -0.66545662 
    1240    78.980823   -23.929767   0.04083629    -23.88893    -62.98239    12675.053    23.134112    23.471133    23.343333   0.19642416   0.62475985   -0.6588361 
    1250    114.33146   -23.951244  0.059114006    -23.89213   -64.326894    12278.952    22.890574    23.224047    23.097592   0.19435636   0.61818286  -0.65190038 
    1260     103.2989   -23.953125  0.053409721   -23.899715   -59.583329    11873.675    22.635911    22.965674    22.840626    0.1921941   0.61130542  -0.64464782 
    1270    140.09549    -23.98318  0.072435051   -23.910745   -45.181063    11460.404    22.370184    22.696076    22.572496    0.1899379   0.60412921   -0.6370802 
    1280    126.91276   -23.985192  0.065619046   -23.919573   -23.926439    11040.754    22.093736    22.415601    22.293548   0.18759067   0.59666346  -0.62920724 
    1290    114.95021   -23.984241  0.059433923   -23.924807    2.6600836    10616.197    21.806831    22.124516    22.004049   0.18515466   0.58891531  -0.62103649 
    1300    100.45721   -23.979895  0.051940452   -23.927955    33.488895    10188.423    21.509909    21.823269    21.704441   0.18263359   0.58089662  -0.61258044 
    1310    83.419259   -23.973082  0.043131142   -23.929951    60.527842    9759.2463    21.203538    21.512435      21.3953   0.18003229   0.57262278  -0.60385531 
    1320    67.041893   -23.968079  0.034663379   -23.933415    75.617479    9330.6392    20.888474     21.19278    21.077386   0.17735719   0.56411415   -0.5948826 
    1330    40.249311    -23.95856  0.020810527    -23.93775     81.20176    8904.1088    20.565206    20.864803    20.751194   0.17461242   0.55538398  -0.58567626 
    1340    60.896542   -23.975992  0.031485984   -23.944506    75.181303    8481.4833    20.234549    20.529328    20.417546   0.17180492   0.54645423  -0.57625946 
    1350    52.734196   -23.977665  0.027265719     -23.9504    54.600269    8064.6441    19.897476    20.187345    20.077425   0.16894294   0.53735125  -0.56665997 
    1360    83.568238   -23.999083   0.04320817   -23.955875    24.923771    7655.2958    19.554959    19.839838    19.731811   0.16603475   0.52810124  -0.55690544 
    1370    71.286932   -23.995018  0.036858237    -23.95816   -4.8851574    7255.0969    19.208081    19.487908    19.381796   0.16308952   0.51873346  -0.54702672 
    1380    67.231638   -23.992781  0.034761485    -23.95802   -39.100849    6865.8805    18.858262    19.132992    19.028813   0.16011932   0.50928624  -0.53706421 
    1390    50.650388   -23.981298  0.026188306    -23.95511   -70.073696    6489.1172    18.506805    18.776415    18.674178   0.15713522    0.4997948  -0.52705508 
    1400    53.867245   -23.978853  0.027851552   -23.951002   -88.849315    6126.1247    18.155081    18.419567    18.319273   0.15414884   0.49029614  -0.51703833 
    1410    51.103365   -23.970987  0.026422514   -23.944564   -100.34979    5778.2166    17.804681    18.064062    17.965703   0.15117371   0.48083322  -0.50705928 
    1420    52.048319   -23.963883  0.026911093   -23.936972   -104.82301    5446.4025    17.457129    17.711447    17.615009   0.14822276   0.47144725  -0.49716137 
    1430     75.85665   -23.967535  0.039220966   -23.928314   -89.237926    5131.4969    17.113977    17.363296    17.268753   0.14530917   0.46218007  -0.48738874 
    1440    91.090737   -23.966207  0.047097608   -23.919109   -60.891918    4834.2505    16.776935    17.021344    16.928663   0.14244746   0.45307793  -0.47779014 
    1450    155.86507   -23.991778  0.080588565   -23.911189   -28.175791    4555.3568    16.447897    16.687513    16.596649    0.1396537   0.44419193  -0.46841946 
    1460    157.32164   -23.979688  0.081341673   -23.898346    45.305993    4294.9551     16.12832     16.36328    16.274182   0.13694028   0.43556142  -0.45931822 
    1470    181.25423   -23.978147   0.09371579   -23.884431     124.2068     4053.512    15.820252    16.050724    15.963328   0.13432457   0.42724174  -0.45054477 
    1480    127.80157   -23.936708  0.066078597   -23.870629    174.07705    3830.9947    15.525303    15.751478    15.665712   0.13182026   0.41927636  -0.44214493 
    1490    140.66006   -23.941321  0.072726958   -23.868594    202.26639    3626.7256    15.244311    15.466393    15.382178   0.12943445   0.41168789  -0.43414256 
    1500    145.96762   -23.949986  0.075471184   -23.874514    176.05349    3439.9639    14.978013    15.196215    15.113472    0.1271734   0.40449624  -0.42655866 
    1510    171.25969   -23.971609  0.088548212   -23.883061    94.272135    3269.6307      14.7266    14.941139    14.859785   0.12503873   0.39770657  -0.41939866 
    1520    147.72818   -23.968719  0.076381464   -23.892337    17.625866    3114.4454    14.489826    14.700915    14.620869   0.12302836   0.39131224  -0.41265557 
    1530    119.02981    -23.96365  0.061543243   -23.902106   -54.369521    2973.1805    14.267351      14.4752    14.396382    0.1211394   0.38530409  -0.40631971 
    1540    114.92117   -23.972438  0.059418908   -23.913019   -122.25643    2844.5617    14.058577    14.263385    14.185721   0.11936677   0.37966595  -0.40037405 
    1550    79.314209    -23.96091  0.041008664   -23.919901   -147.14182    2727.3905    13.862834     14.06479    13.988207   0.11770478   0.37437971  -0.39479948 
    1560    103.69333   -23.981113  0.053613658     -23.9275   -135.96514    2620.6964    13.679655    13.878943    13.803372   0.11614947   0.36943278  -0.38958274 
    1570    76.316834   -23.971943    0.0394589   -23.932484   -114.19421    2523.6566    13.508683    13.705479    13.630853    0.1146978    0.3648155  -0.38471361 
    1580    77.309152   -23.977027  0.039971969   -23.937055   -71.036427    2435.3852    13.349309    13.543784    13.470038   0.11334461   0.36051146  -0.38017482 
    1590    68.166267   -23.975909  0.035244726   -23.940664    8.5058831     2355.054     13.20089    13.393202    13.320276   0.11208443   0.35650324  -0.37594798 
    1600    86.201794   -23.986631  0.044569825   -23.942061    76.572044    2282.0612    13.063073    13.253377    13.181213   0.11091427   0.35278135  -0.37202309 
    1610    65.079181   -23.974537  0.033648578   -23.940889      125.829      2215.79    12.935378    13.123822    13.052363   0.10983005   0.34933282  -0.36838646 
    1620    68.484508   -23.974634   0.03540927   -23.939225    165.13802    2155.6124    12.817199    13.003922    12.933116   0.10882664    0.3461413  -0.36502087 
    1630     65.86702   -23.971804  0.034055922   -23.937748    153.24986    2101.0346    12.708101    12.893234    12.823031   0.10790032   0.34319498  -0.36191385 
    1640    71.796225   -23.975251  0.037121562   -23.938129     91.07563    2051.5252    12.607487    12.791155    12.721507   0.10704604   0.34047781  -0.35904847 
    1650    103.17323   -23.990962  0.053344747   -23.937617    21.090587    2006.5981    12.514775    12.697092    12.627957   0.10625885   0.33797403  -0.35640813 
    1660    100.16494   -23.986386  0.051789339   -23.934597   -77.293404    1965.8793    12.429544     12.61062    12.541955   0.10553518   0.33567228  -0.35398084 
    1670    102.60832   -23.980344  0.053052664   -23.927292   -187.40829    1928.9492     12.35122    12.531154    12.462922   0.10487016   0.33355705  -0.35175023 
    1680    73.621564   -23.954996  0.038065336   -23.916931   -240.54078    1895.3648    12.279118    12.458002    12.390169   0.10425797   0.33160988  -0.34969687 
    1690    103.58638   -23.962268  0.053558362    -23.90871   -266.61228    1864.8279    12.212817    12.390735    12.323267   0.10369502   0.32981934  -0.34780866 
    1700    84.857273   -23.943874  0.043874654        -23.9   -263.16465     1837.115    12.152017    12.329049    12.261918   0.10317879   0.32817738  -0.34607714 
    1710    136.56032   -23.966542  0.070607226   -23.895935   -209.20553    1811.9466    12.096267    12.272488    12.205664   0.10270544   0.32667181  -0.34448945 
    1720    146.85718   -23.966083   0.07593112   -23.890152   -98.825498    1789.1392      12.0453    12.220778    12.154236   0.10227269   0.32529538  -0.34303795 
    1730    173.70684   -23.972524  0.089813487    -23.88271    35.968227    1768.5924    11.999012    12.173816    12.107529   0.10187968   0.32404534  -0.34171973 
    1740    212.15132   -23.975046   0.10969084   -23.865356    212.27715    1750.1944     11.95726    12.131455      12.0654   0.10152518   0.32291778  -0.34053067 
    1750    220.22634   -23.950991   0.11386595   -23.837125    439.88874    1733.9371    11.920122    12.093776    12.027925   0.10120985   0.32191482    -0.339473 
    1760    239.39693   -23.925561   0.12377793   -23.801783    609.11407    1719.9189    11.887912    12.061097    11.995424   0.10093636   0.32104496   -0.3385557 
    1770    239.96056    -23.90469   0.12406935    -23.78062    622.46744     1708.371    11.861246    12.034042    11.968517   0.10070995   0.32032482  -0.33779628 
    1780    280.10187   -23.938535   0.14482403   -23.793711    512.13178    1699.3269    11.840278    12.012769    11.947359   0.10053192   0.31975855  -0.33719913 
    1790    278.52533    -23.96811    0.1440089   -23.824101    280.29726    1692.6164    11.824672    11.996935    11.931612   0.10039941    0.3193371  -0.33675469 
    1800    253.26122   -23.987811   0.13094633   -23.856865    53.872141     1687.669     11.81314    11.985235    11.919976    0.1003015   0.31902566  -0.33642626 
    1810    137.27762   -23.949289  0.070978101   -23.878311   -92.192975    1683.7908    11.804084    11.976048    11.910838   0.10022461   0.31878111  -0.33616837 
    1820    119.99957   -23.957865   0.06204465    -23.89582   -287.48591    1680.6783    11.796806    11.968664    11.903495   0.10016282   0.31858456   -0.3359611 
    1830    72.867444   -23.945668  0.037675426   -23.907992   -440.00104    1677.9921    11.790518    11.962284     11.89715   0.10010942   0.31841474  -0.33578202 
    1840      84.7343   -23.962263  0.043811071   -23.918452   -521.48579    1675.5478     11.78479    11.956473     11.89137   0.10006079   0.31826005   -0.3356189 
    1850     97.70238   -23.977928  0.050516095   -23.927412   -551.00826    1673.2582     11.77942    11.951024    11.885951   0.10001519   0.31811503  -0.33546596 
    1860    101.59203   -23.986486    0.0525272   -23.933959   -487.70802    1671.0257    11.774179    11.945707    11.880662  0.099970692   0.31797348  -0.33531669 
    1870    94.561739   -23.987484  0.048892256   -23.938592   -336.32581    1668.8259     11.76901    11.940463    11.875447  0.099926805   0.31783389  -0.33516949 
    1880    77.534717       -23.98  0.040088595   -23.939912   -149.03145    1666.6714    11.763943    11.935322    11.870334  0.099883784   0.31769706  -0.33502519 
    1890    83.176914    -23.98274   0.04300584   -23.939734    61.801272    1664.5583    11.758969    11.930276    11.865315  0.099841552   0.31756273  -0.33488354 
    1900    61.522448   -23.968387  0.031809602   -23.936578     276.5243    1662.4899    11.754097    11.925332    11.860399  0.099800181   0.31743114  -0.33474478 
    1910    73.709107   -23.973055  0.038110599   -23.934945    421.45703    1660.5423    11.749505    11.920673    11.855765  0.099761194   0.31730714  -0.33461401 
    1920     50.52101   -23.959823  0.026121412   -23.933702    499.79012    1658.7233    11.745213    11.916319    11.851435  0.099724754   0.31719123  -0.33449178 
    1930    72.629778   -23.972142  0.037552543   -23.934589    491.56046     1657.063    11.741293    11.912342    11.847479  0.099691468   0.31708536  -0.33438014 
    1940    86.758411   -23.980696  0.044857619   -23.935838    386.73565    1655.5781    11.737785    11.908782    11.843939  0.099661682   0.31699062  -0.33428023 
    1950    118.06474   -23.994355  0.061044261   -23.933311    235.19201    1654.2388    11.734619     11.90557    11.840745    0.0996348   0.31690512  -0.33419006 
    1960    119.01745   -23.988254  0.061536853   -23.926717    55.975502    1653.0531    11.731814    11.902725    11.837915  0.099610991   0.31682939   -0.3341102 
    1970    104.09272   -23.971047   0.05382016   -23.917227   -135.24546    1652.0221    11.729375     11.90025    11.835453  0.099590277   0.31676351  -0.33404072 
    1980    94.080937   -23.953423  0.048643662   -23.904779   -278.73845    1651.1423    11.727292    11.898137    11.833352  0.099572594   0.31670727  -0.33398142 
    1990    100.51006   -23.945906  0.051967778   -23.893938    -384.9094    1650.4317     11.72561     11.89643    11.831654  0.099558308   0.31666182   -0.3339335 
    2000    140.23296    -23.95904  0.072506129   -23.886533   -439.07272    1649.9778    11.724535     11.89534     11.83057  0.099549181    0.3166328  -0.33390288 
    2010    130.80044   -23.949376  0.067629135   -23.881746   -370.52621    1649.7627    11.724025    11.894822    11.830055  0.099544854   0.31661903  -0.33388837 
    2020    186.27259   -23.980132  0.096310487   -23.883822    -241.6194    1649.9256    11.724411    11.895214    11.830445  0.099548131   0.31662946  -0.33389936 
    2030     137.9222    -23.95227  0.071311377   -23.880958   -21.138265    1650.5204     11.72582    11.896643    11.831866  0.099560091    0.3166675  -0.33393948 
    2040    149.88184   -23.954926  0.077494995   -23.877431    181.85787    1651.6945    11.728599    11.899463    11.834671  0.099583693   0.31674257  -0.33401864 
    2050    148.67756   -23.960641   0.07687233   -23.883769     256.3949    1653.5762    11.733052    11.903981    11.839164  0.099621496   0.31686281  -0.33414544 
    2060    137.15964   -23.970004  0.070917099   -23.899087     234.0336    1656.1049    11.739029    11.910045    11.845195  0.099672251   0.31702424  -0.33431568 
    2070    110.32424   -23.974756  0.057042107   -23.917714    132.79654    1659.1132    11.746133    11.917253    11.852363  0.099732567   0.31721609  -0.33451799 
    2080    100.42173   -23.982299   0.05192211   -23.930377    21.726049    1662.3963    11.753876    11.925108    11.860176  0.099798308   0.31742518  -0.33473849 
    2090    78.893593   -23.979842  0.040791189   -23.939051   -53.451957    1665.7616    11.761802     11.93315    11.868174  0.099865604   0.31763923  -0.33496422 
    2100    58.105967   -23.974927  0.030043143   -23.944884   -129.78138    1669.1698    11.769818    11.941283    11.876262  0.099933668   0.31785572  -0.33519251 
    2110    57.940612   -23.978466  0.029957648   -23.948508   -178.68002    1672.5466     11.77775     11.94933    11.884266   0.10000101   0.31806992  -0.33541839 
    2120    34.849333   -23.969114  0.018018519   -23.951095   -193.26859      1675.85    11.785499    11.957192    11.892085   0.10006681   0.31827919  -0.33563908 
    2130      52.2402    -23.98049  0.027010303    -23.95348   -197.51195    1679.0705    11.793043    11.964846    11.899697   0.10013086   0.31848293  -0.33585393 
    2140    56.969784   -23.983941   0.02945569   -23.954485   -154.86989    1682.1833    11.800326    11.972235    11.907047    0.1001927   0.31867962  -0.33606135 
    2150    80.791515    -23.99694  0.041772492   -23.955168   -80.045107    1685.2315     11.80745    11.979462    11.914234   0.10025318     0.318872  -0.33626422 
    2160    67.446949   -23.987466  0.034872809   -23.952593    1.6966414    1688.2514    11.814498    11.986614    11.921347   0.10031303   0.31906236  -0.33646496 
    2170    75.007303   -23.988178   0.03878182   -23.949396    106.94875    1691.2314    11.821446    11.993662    11.928357   0.10037202   0.31924997  -0.33666281 
    2180    63.957497   -23.976562  0.033068621   -23.943493    226.30811    1694.2006     11.82836    12.000677    11.935333   0.10043073   0.31943669  -0.33685972 
    2190    63.883942   -23.968421   0.03303059    -23.93539    299.21888    1697.2717    11.835503    12.007924    11.942541   0.10049137    0.3196296  -0.33706314 
    2200    76.748412   -23.968768  0.039682043   -23.929086    325.99192    1700.4997    11.843001    12.015532    11.950107   0.10055504    0.3198321  -0.33727668 
    2210    67.490149   -23.958163  0.034895146   -23.923268    313.65268    1703.9244    11.850946    12.023592    11.958124    0.1006225   0.32004666  -0.33750295 
    2220    99.929625   -23.972959  0.051667671   -23.921292    217.33565    1707.6015    11.859465    12.032235     11.96672   0.10069483   0.32027671  -0.33774555 
    2230    111.00025   -23.977815  0.057391635   -23.920424    94.716468    1711.5452    11.868588    12.041491    11.975925   0.10077229   0.32052309  -0.33800536 
    2240    145.67221   -23.993336  0.075318444   -23.918018   -36.823803     1715.806    11.878428    12.051475    11.985855   0.10085584   0.32078884  -0.33828561 
    2250    127.61288   -23.978199  0.065981039   -23.912218    -174.6894    1720.4405    11.889113    12.062316    11.996637   0.10094656   0.32107741  -0.33858992 
    2260     119.2174   -23.965915  0.061640235   -23.904275   -263.10204    1725.4009    11.900529    12.073897    12.008155   0.10104349   0.32138569  -0.33891501 
    2270     80.36849   -23.939368  0.041553771   -23.897814   -314.05345    1730.7211    11.912748    12.086294    12.020485   0.10114724   0.32171568    -0.339263 
    2280    104.23632   -23.953019  0.053894409   -23.899124   -364.62977    1736.4607    11.925902     12.09964    12.033758   0.10125892   0.32207092  -0.33963761 
    2290    108.22415   -23.958536   0.05595628    -23.90258   -368.31238    1742.6023    11.939945    12.113888    12.047928   0.10137816   0.32245018  -0.34003756 
    2300    121.50573   -23.972355  0.062823391   -23.909531   -346.27698    1749.1594    11.954903    12.129063    12.063021   0.10150516   0.32285411  -0.34046353 
    2310    143.00039   -23.989061  0.073937003   -23.915124   -258.09699    1756.0987    11.970691    12.145082    12.078952   0.10163921   0.32328049  -0.34091316 
    2320    114.30894   -23.975276  0.059102362   -23.916174   -99.975176    1763.4444    11.987359    12.161993    12.095771   0.10178073   0.32373062  -0.34138785 
    2330    117.76197   -23.977808  0.060887719    -23.91692    55.928155    1771.2966    12.005125    12.180017    12.113697   0.10193158   0.32421041   -0.3418938 
    2340    96.413377   -23.964854  0.049849628   -23.915004    221.40426    1779.6597    12.023989    12.199156    12.132732   0.10209175   0.32471986  -0.34243104 
    2350    91.013999   -23.961764  0.047057931   -23.914707    346.69163    1788.5996    12.044089    12.219549    12.153014   0.10226241   0.32526268  -0.34300346 
    2360    60.016382   -23.947512  0.031030905   -23.916481    392.15846    1798.1437    12.065474    12.241245    12.174592   0.10244398    0.3258402  -0.34361248 
    2370     95.55956   -23.971396   0.04940817   -23.921988    377.87741    1808.3015    12.088151    12.264253    12.197474   0.10263652   0.32645261  -0.34425829 
    2380    92.779703   -23.975552  0.047970871   -23.927581    305.30848    1819.0939    12.112151    12.288603    12.221692   0.10284031   0.32710077  -0.34494181 
    2390    120.72129   -23.994672  0.062417805   -23.932254    168.30364    1830.5547    12.137535    12.314356    12.247305   0.10305583   0.32778627   -0.3456647 
    2400    118.23985   -23.993549    0.0611348   -23.932414    48.017714    1842.6065    12.164113    12.341322    12.274123    0.1032815   0.32850405  -0.34642163 
    2410     96.01412   -23.978994  0.049643196   -23.929351   -64.542289    1855.3181    12.192021    12.369636    12.302284   0.10351846   0.32925774  -0.34721643 
    2420    78.313854   -23.965089  0.040491441   -23.924598    -185.9401    1868.7263    12.221321    12.399363    12.331849   0.10376723     0.330049  -0.34805085 
    2430    69.569648   -23.957034  0.035970331   -23.921064   -270.96182    1882.8221    12.251972    12.430461    12.362777   0.10402748   0.33087678  -0.34892377 
    2440    81.076247   -23.962313   0.04191971   -23.920394      -318.62    1897.6194    12.283985     12.46294    12.395079   0.10429929   0.33174131  -0.34983546 
    2450     69.05439   -23.957335  0.035703922   -23.921631    -337.5301    1913.1766    12.317463    12.496906     12.42886   0.10458354   0.33264542  -0.35078888 
    2460    99.968489   -23.977064  0.051687766   -23.925376    -301.1439    1929.5182    12.352434    12.532386    12.464147   0.10488047   0.33358984  -0.35178482 
    2470    96.293712   -23.977987  0.049787757   -23.928199   -207.41709    1946.7418    12.389079    12.569565    12.501124   0.10519161   0.33457949  -0.35282844 
    2480    128.44703   -23.995973  0.066412329   -23.929561   -95.956921    1964.9842    12.427657    12.608705    12.540051   0.10551916   0.33562132   -0.3539271 
    2490    112.37619   -23.985432   0.05810305   -23.927329    49.704413    1984.3396    12.468329    12.649969     12.58109   0.10586449    0.3367197  -0.35508539 
    2500    109.34809   -23.979378  0.056537402    -23.92284    208.41359    2004.9285    12.511303     12.69357    12.624453   0.10622937   0.33788026  -0.35630925 
    2510    75.060069   -23.955219  0.038809101    -23.91641    322.16792    2026.9506    12.556944    12.739876    12.670507    0.1066169   0.33911285  -0.35760907 
    2520    66.725076   -23.946966  0.034499572   -23.912467    374.76833    2050.5517    12.605493    12.789131    12.719495    0.1070291   0.34042394  -0.35899167 
    2530    90.537522    -23.95957  0.046811573   -23.912759    364.56457    2075.8756    12.657172    12.841564    12.771642    0.1074679    0.3418196  -0.36046345 
    2540    105.37236   -23.969829  0.054481785   -23.915347    277.59599    2103.0898    12.712243    12.897437     12.82721   0.10793549   0.34330684  -0.36203181 
    2550    129.51306   -23.986617  0.066963509   -23.919654    142.61648    2132.3038    12.770834    12.956882    12.886332   0.10843297   0.34488917  -0.36370044 
    2560    117.21219   -23.980723  0.060603457    -23.92012    14.170317    2163.5973    12.833006    13.019959    12.949065   0.10896085   0.34656817  -0.36547102 
    2570    139.98149   -23.990859  0.072376111   -23.918482   -113.47964    2197.1407    12.898985    13.086899    13.015641   0.10952105      0.34835  -0.36735004 
    2580    99.608797    -23.96359   0.05150179   -23.912088   -223.79595    2233.0773    12.968931    13.157864    13.086219   0.11011494   0.35023895  -0.36934202 
    2590    114.33611   -23.966414  0.059116411   -23.907298   -291.70588    2271.5189    13.042926    13.232937    13.160884   0.11074321   0.35223727  -0.37144933 
    2600    81.091187   -23.946566  0.041927434   -23.904638   -317.40342    2312.6354    13.121152    13.312303    13.239818    0.1114074   0.35434985  -0.37367714 
    2610    78.016053   -23.946854  0.040337465   -23.906516   -320.16759    2356.6641    13.203897    13.396254    13.323311   0.11210996   0.35658447  -0.37603364 
    2620    96.695473   -23.961656  0.049995484    -23.91166   -269.51252    2403.7901     13.29133     13.48496    13.411534   0.11285232   0.35894566  -0.37852362 
    2630    128.77335   -23.985247  0.066581046   -23.918665   -195.19056    2454.3008    13.383782    13.578759    13.504822    0.1136373   0.36144242  -0.38115656 
    2640    127.09397    -23.98887   0.06571274   -23.923158   -98.898979    2508.4337    13.481466    13.677866     13.60339   0.11446671   0.36408049  -0.38393851 
    2650    117.60061   -23.986309  0.060804286   -23.925505    37.123457    2566.3443    13.584424    13.782324    13.707279   0.11534089   0.36686096  -0.38687064 
    2660    103.81655   -23.979724   0.05367737   -23.926047    160.10852     2628.412    13.693067    13.892549    13.816905   0.11626334   0.36979497  -0.38996468 
    2670     63.56466   -23.957472  0.032865509   -23.924607    243.30418    2694.9631    13.807674    14.008826    13.932548   0.11723643   0.37289005  -0.39322858 
    2680    77.131522   -23.966618  0.039880127   -23.926738    291.42866    2766.2483     13.92836     14.13127    14.054325   0.11826113   0.37614929  -0.39666558 
    2690    62.385057   -23.962589  0.032255606   -23.930333    288.00269    2842.5502    14.055263    14.260022    14.182376   0.11933863   0.37957643  -0.40027965 
    2700    70.685987   -23.972906  0.036547524   -23.936358     232.7794    2924.1459    14.188482    14.395182      14.3168   0.12046975   0.38317415   -0.4040736 
    2710    69.445076   -23.978846  0.035905922    -23.94294    160.47144    3011.2284    14.327953    14.536685    14.457533   0.12165395   0.38694071   -0.4080456 
    2720    86.322642   -23.992525  0.044632309   -23.947893    69.018631    3104.0863    14.473743    14.684598    14.604641    0.1228918    0.3908779  -0.41219754 
    2730    84.557104   -23.994037  0.043719454   -23.950318   -26.712739    3202.9387    14.625783    14.838854    14.758056   0.12418273   0.39498391   -0.4165275 
    2740    85.008624   -23.993982  0.043952908   -23.950029   -96.254116    3307.9538    14.783913    14.999287    14.917616   0.12552536   0.39925436  -0.42103088 
    2750    67.795898   -23.981876   0.03505323   -23.946823   -146.69988    3419.4762    14.948219    15.165987    15.083408   0.12692042   0.40369161  -0.42571014 
    2760    46.192952   -23.966757  0.023883631   -23.942873   -185.37995    3537.8524    15.118759    15.339012    15.255491   0.12836843   0.40829722  -0.43056696 
    2770    53.777454    -23.96644  0.027805126   -23.938635   -194.91659    3663.3545    15.295461    15.518287     15.43379   0.12986874   0.41306923  -0.43559924 
    2780    54.871412   -23.962234  0.028370747   -23.933863   -183.67098    3796.3503    15.478362    15.703853    15.618346    0.1314217   0.41800867  -0.44080809 
    2790    81.736757   -23.972087   0.04226122   -23.929826   -161.50164    3937.3144    15.667617    15.895865    15.809312    0.1330286   0.42311968  -0.44619787 
    2800    92.159402   -23.971487  0.047650151   -23.923836    -109.6238    4086.6208    15.863208    16.094306    16.006672    0.1346893   0.42840182  -0.45176812 
    2810    131.71323    -23.98549  0.068101084   -23.917388   -48.864074    4244.9906    16.065534    16.299579    16.210828   0.13640718   0.43386582  -0.45753014 
    2820    149.29722   -23.983799  0.077192721   -23.906606    13.872642    4413.0598     16.27482    16.511914    16.422006   0.13818416    0.4395178  -0.46349039 
    2830    172.32455   -23.981713  0.089098785   -23.892614    95.381023    4591.4451    16.491217    16.731464    16.640361   0.14002152   0.44536183  -0.46965318 
    2840     140.7381   -23.951441  0.072767311   -23.878674    163.66705    4780.9182    16.715012    16.958519     16.86618   0.14192169   0.45140562  -0.47602662 
    2850    124.71557   -23.934274  0.064483011   -23.869791    197.16343    4982.2487    16.946423    17.193301    17.099684   0.14388652   0.45765512  -0.48261698 
    2860     127.6061   -23.936774  0.065977531   -23.870797    203.99133    5195.8093    17.185176    17.435532    17.340596    0.1459137   0.46410288  -0.48941642 
    2870    133.29872   -23.948277  0.068920849   -23.879356    166.46121    5422.0324    17.431053    17.684991    17.588696   0.14800135   0.47074303  -0.49641874 
    2880    180.23186   -23.986718  0.093187186   -23.893531    105.78797    5660.8605    17.683317     17.94093    17.843242   0.15014325   0.47755568  -0.50360297 
    2890    163.86029   -23.989275  0.084722417   -23.904552     53.79007    5912.0045    17.941049    18.202417    18.103305   0.15233157   0.48451599  -0.51094292 
    2900    143.95208   -23.985994  0.074429069   -23.911565   -1.5059618    6175.3662    18.203595    18.468787    18.368225   0.15456075   0.49160629  -0.51841995 
    2910    98.347722   -23.965608  0.050849763   -23.914758   -47.284534    6450.3887    18.469914    18.738987    18.636953   0.15682199   0.49879852  -0.52600446 
    2920    92.572813   -23.966187  0.047863901   -23.918323   -78.134096    6736.3958    18.738958     19.01195     18.90843   0.15910635   0.50606433  -0.53366657 
    2930    60.437968   -23.953533  0.031248882   -23.922284   -101.35569    7032.9308    19.009982    19.286922    19.181905   0.16140752   0.51338358  -0.54138504 
    2940    69.209428   -23.963571  0.035784083   -23.927787   -111.89428    7339.3727    19.282169    19.563075    19.456554   0.16371858   0.52073428  -0.54913667 
    2950    63.903704   -23.966551  0.033040808    -23.93351   -103.54105    7655.0841    19.554779    19.839656    19.731629   0.16603321   0.52809637   -0.5569003 
    2960    78.645185   -23.979641  0.040662752   -23.938979    -87.56102     7979.738    19.827401     20.11625    20.006717   0.16834796   0.53545881  -0.56466432 
    2970    94.174254   -23.991123  0.048691911   -23.942431   -60.080314    8312.6811    20.099409     20.39222    20.281185   0.17065749   0.54280466  -0.57241083 
    2980    102.56421   -23.996429  0.053029861   -23.943399   -20.566484    8653.3602     20.37032    20.667077    20.554545   0.17295771   0.55012087  -0.58012608 
    2990    92.275907   -23.988174  0.047710388   -23.940463     17.20638    9001.6076    20.639996    20.940682    20.826661   0.17524744   0.55740375  -0.58780619 
    3000    67.694048   -23.970344   0.03500057   -23.935344    50.517852    9356.8892    20.908044    21.212636    21.097133   0.17752335   0.56464266  -0.59543994 
Loop time of 37.5333 on 1 procs for 3000 steps with 5 atoms

Performance: 13.812 ns/day, 1.738 hours/ns, 79.929 timesteps/s
298.7% CPU use with 1 MPI tasks x no OpenMP threads

MPI task timing breakdown:
Section |  min time  |  avg time  |  max time  |%varavg| %total
---------------------------------------------------------------
Pair    | 37.079     | 37.079     | 37.079     |   0.0 | 98.79
Neigh   | 0.0018656  | 0.0018656  | 0.0018656  |   0.0 |  0.00
Comm    | 0.0073299  | 0.0073299  | 0.0073299  |   0.0 |  0.02
Output  | 0.40152    | 0.40152    | 0.40152    |   0.0 |  1.07
Modify  | 0.035807   | 0.035807   | 0.035807   |   0.0 |  0.10
Other   |            | 0.007872   |            |       |  0.02

Nlocal:    5 ave 5 max 5 min
Histogram: 1 0 0 0 0 0 0 0 0 0
Nghost:    0 ave 0 max 0 min
Histogram: 1 0 0 0 0 0 0 0 0 0
Neighs:    0 ave 0 max 0 min
Histogram: 1 0 0 0 0 0 0 0 0 0

Total # of neighbors = 0
Ave neighs/atom = 0
Neighbor list builds = 216
Dangerous builds = 74
Total wall time: 0:00:41
