2019-06-24 13:55:42.761603: I tensorflow/core/platform/cpu_feature_guard.cc:140] Your CPU supports instructions that this TensorFlow binary was not compiled to use: AVX512F
2019-06-24 13:55:44.964431: E tensorflow/stream_executor/cuda/cuda_driver.cc:406] failed call to cuInit: CUDA_ERROR_NO_DEVICE
2019-06-24 13:55:44.964511: I tensorflow/stream_executor/cuda/cuda_diagnostics.cc:158] retrieving CUDA diagnostic information for host: SR760-GPU-7
2019-06-24 13:55:44.964526: I tensorflow/stream_executor/cuda/cuda_diagnostics.cc:165] hostname: SR760-GPU-7
2019-06-24 13:55:44.964619: I tensorflow/stream_executor/cuda/cuda_diagnostics.cc:189] libcuda reported version is: 410.48.0
2019-06-24 13:55:44.964694: I tensorflow/stream_executor/cuda/cuda_diagnostics.cc:193] kernel reported version is: 410.48.0
2019-06-24 13:55:44.964705: I tensorflow/stream_executor/cuda/cuda_diagnostics.cc:300] kernel version seems to match DSO: 410.48.0
> Info of lammps module:
  use deepmd-kit at:  /sharedext4/local/deepmd-kit-0.12.4
  source:             v0.12.4-1-ge3cd911-dirty
  source branch:      master
  source commit:      e3cd911
  source commit at:   2019-02-07 10:22:13 +0800
  build float prec:   double
  build with tf inc:  /sharedext4/local/tensorflow/r1.8.gpu.cc/include
  build with tf lib:  /sharedext4/local/tensorflow/r1.8.gpu.cc/lib/libtensorflow_cc.so;/sharedext4/local/tensorflow/r1.8.gpu.cc/lib/libtensorflow_framework.so
  >>> Info of model(s):
  using   4 model(s): ../graph.002.pb ../graph.003.pb ../graph.000.pb ../graph.001.pb 
  rcut in model:      5
  ntypes in model:    2
Neighbor list info ...
  update every 1 steps, delay 10 steps, check yes
  max neighbors/atom: 2000, page size: 100000
  master list distance cutoff = 6
  ghost atom cutoff = 6
  binsize = 3, bins = 4 4 4
  1 neighbor lists, perpetual/occasional/extra = 1 0 0
  (1) pair deepmd, perpetual
      attributes: , newton on
      pair build: full/bin/atomonly
      stencil: full/bin/3d
      bin: standard
Setting up Verlet run ...
  Unit style    : metal
  Current step  : 0
  Time step     : 0.002
Per MPI rank memory allocation (min/avg/max) = 3.949 | 3.949 | 3.949 Mbytes
Step Temp PotEng KinEng TotEng Press Volume Lx Ly Lz Xy Xz Yz 
       0          100    -24.00537  0.051704058   -23.953666   -320.86676    1017.0717     9.965232    10.017962    10.187902    0.0803952   -0.0382759    -0.002478 
      10    60.105457   -23.981754  0.031076961   -23.950677   -119.71243    1015.3207      9.95951     10.01221    10.182052  0.080349037 -0.038253922 -0.0024765771 
      20    85.929175   -23.991598   0.04442887   -23.947169    106.23165    1013.5747     9.953798    10.006468    10.176212  0.080302956 -0.038231983 -0.0024751568 
      30    47.259316   -23.965256  0.024434984   -23.940821     291.1204    1011.8848    9.9482628    10.000903    10.170553    0.0802583 -0.038210722 -0.0024737804 
      40    78.538641   -23.976256  0.040607665   -23.935648    401.66982    1010.2736    9.9429801    9.9955929    10.165152  0.080215681 -0.038190432 -0.0024724667 
      50    52.540769   -23.956812   0.02716571   -23.929647    355.84951    1008.8091    9.9381732    9.9907605    10.160238  0.080176901 -0.038171969 -0.0024712714 
      60     110.4772    -23.98319  0.057121198   -23.926069    165.17878    1007.4814    9.9338114    9.9863756    10.155779  0.080141712 -0.038155215 -0.0024701868 
      70    100.99155   -23.969687  0.052216732   -23.917471   -69.032376     1006.314    9.9299731     9.982517    10.151855  0.080110746 -0.038140472 -0.0024692324 
      80    166.08944   -23.994619   0.08587498   -23.908744   -364.77857    1005.3608    9.9268367    9.9793641    10.148648  0.080085444 -0.038128426 -0.0024684525 
      90    145.68727   -23.966439   0.07532623   -23.891113   -702.17595    1004.7079    9.9246874    9.9772034    10.146451  0.080068104 -0.038120171 -0.002467918 
     100    182.63877   -23.971697  0.094431657   -23.877265   -745.97566    1004.2559     9.923199    9.9757071    10.144929  0.080056096 -0.038114454 -0.0024675479 
     110    172.25445   -23.956714  0.089062541   -23.867652   -513.27718    1004.0993     9.922683    9.9751884    10.144402  0.080051933 -0.038112472 -0.0024674196 
     120     177.0903   -23.954232  0.091562871   -23.862669   -200.44388    1004.3739    9.9235874    9.9760975    10.145326  0.080059229 -0.038115945 -0.0024676445 
     130    156.64617   -23.948123  0.080992427   -23.867131    195.88768    1005.1632    9.9261863    9.9787102    10.147983  0.080080196 -0.038125928 -0.0024682907 
     140    145.11453   -23.952519  0.075030103   -23.877489    628.93543    1006.4504    9.9304215    9.9829678    10.152313  0.080114364 -0.038142195 -0.0024693439 
     150    145.52256   -23.972205   0.07524107   -23.896963    800.19928    1008.3098    9.9365333    9.9891119    10.158561  0.080163671  -0.03816567 -0.0024708636 
     160    109.68673   -23.976337  0.056712488   -23.919625    749.09215    1010.6467    9.9442039    9.9968232    10.166404  0.080225555 -0.038195132 -0.0024727711 
     170    107.50789   -23.995677  0.055585943   -23.940091    557.44519     1013.335    9.9530132    10.005679     10.17541  0.080296624 -0.038228968 -0.0024749616 
     180    84.977758   -23.995961  0.043936949   -23.952024    287.83277     1016.243     9.962525    10.015241    10.185134  0.080373361 -0.038265502 -0.0024773269 
     190    87.692846   -24.002251   0.04534076    -23.95691   -38.749998    1019.3168    9.9725594    10.025329    10.195393  0.080454314 -0.038304044 -0.0024798221 
     200    67.648318   -23.991747  0.034976925    -23.95677   -340.26988    1022.5122    9.9829691    10.035793    10.206035  0.080538295 -0.038344027 -0.0024824106 
     210    68.979598    -23.99116  0.035665252   -23.955495   -538.64634    1025.7917    9.9936305    10.046511    10.216935  0.080624307 -0.038384977 -0.0024850617 
     220     53.03814   -23.979884  0.027422871   -23.952461   -619.92715    1029.1451    10.004509    10.057447    10.228056  0.080712067 -0.038426759 -0.0024877667 
     230    53.430528   -23.977226  0.027625751     -23.9496   -603.60185    1032.5928    10.015668    10.068666    10.239465  0.080802098 -0.038469623 -0.0024905417 
     240    52.546471   -23.974094  0.027168658   -23.946925   -443.88802    1036.1607    10.027191    10.080249    10.251245  0.080895055 -0.038513879 -0.0024934069 
     250    59.558091   -23.973985   0.03079395   -23.943191   -156.16929    1039.8888    10.039202    10.092324    10.263524  0.080991958 -0.038560015 -0.0024963937 
     260    68.068555   -23.973852  0.035194205   -23.938657     114.1136     1043.869    10.051994    10.105184    10.276602  0.081095161 -0.038609149 -0.0024995747 
     270    77.936012   -23.974772  0.040296081   -23.934476    362.55999    1048.1657    10.065767     10.11903    10.290683  0.081206275  -0.03866205 -0.0025029995 
     280    98.307244   -23.980254  0.050828834   -23.929425    585.22855    1052.8947    10.080882    10.134225    10.306136  0.081328218 -0.038720107 -0.0025067582 
     290    114.13007   -23.985067  0.059009877   -23.926057    572.20218    1058.2301    10.097882    10.151314    10.323515  0.081465359 -0.038785399 -0.0025109852 
     300    141.61631    -23.99318   0.07322138   -23.919958      348.613    1064.2552     10.11701    10.170543    10.343071  0.081619676 -0.038858869 -0.0025157417 
     310    139.70794   -23.981595  0.072234677    -23.90936       178.97    1070.9676    10.138235    10.191881     10.36477  0.081790911 -0.038940394 -0.0025210196 
     320    148.01359   -23.978591  0.076529032   -23.902062   -55.520112    1078.5322    10.162048     10.21582    10.389116  0.081983031 -0.039031861 -0.0025269413 
     330    123.72945   -23.957145  0.063973147   -23.893172   -319.36869    1087.0814    10.188828    10.242742    10.416494  0.082199079 -0.039134721 -0.0025336005 
     340     119.5367   -23.951628  0.061805323   -23.889822   -343.65272    1096.6071    10.218502    10.272573    10.446831  0.082438476 -0.039248697 -0.0025409794 
     350    128.40127   -23.958848  0.066388668   -23.892459   -220.24797    1107.2554     10.25147    10.305715    10.480536  0.082704448 -0.039375326 -0.0025491773 
     360    134.73648   -23.968249  0.069664226   -23.898585   -52.634921    1119.2288     10.28829     10.34273    10.518178  0.083001492 -0.039516747 -0.0025583331 
     370    151.63415   -23.987446   0.07840101   -23.909045    196.00064    1132.7078    10.329426    10.384084    10.560233  0.083333361 -0.039674749 -0.0025685621 
     380    130.12962   -23.986558  0.067282296   -23.919276    431.56894    1147.8753    10.375327    10.430228     10.60716  0.083703672 -0.039851053 -0.0025799762 
     390    124.30783   -23.993483  0.064272193    -23.92921    519.92253    1164.9424    10.426496    10.481667    10.659472  0.084116478 -0.040047589   -0.0025927 
     400    88.162445   -23.981406  0.045583562   -23.935822    467.27358    1184.0574    10.483215    10.538686    10.717458  0.084574062 -0.040265443 -0.0026068039 
     410    81.627589   -23.985599  0.042204776   -23.943395    313.28849    1205.3566      10.5457    10.601502     10.78134  0.085078166 -0.040505445 -0.0026223418 
     420    55.852841   -23.978281  0.028878185   -23.949403    103.30371    1228.9479    10.614056     10.67022    10.851224  0.085629636 -0.040767998 -0.0026393396 
     430    53.043247   -23.981622  0.027425511   -23.954196   -136.19725    1254.9845     10.68849    10.745048     10.92732  0.086230133 -0.041053893 -0.0026578486 
     440    41.862436   -23.979082  0.021644578   -23.957437   -314.33214    1283.6166    10.769164    10.826149    11.009797  0.086880979 -0.041363759 -0.0026779095 
     450    42.209542    -23.98172  0.021824046   -23.959896   -401.79742    1315.0338    10.856317    10.913763    11.098898  0.087584093 -0.041698509 -0.0026995813 
     460    41.309839   -23.982699  0.021358863    -23.96134   -424.10464    1349.4506    10.950213    11.008155    11.194891  0.088341601 -0.042059156 -0.0027229298 
     470    47.572328   -23.987197  0.024596824     -23.9626    -368.1688     1387.063    11.051018    11.109494    11.297949  0.089154855 -0.042446344 -0.0027479965 
     480    59.889266    -23.99479  0.030965181   -23.963824   -207.28576    1428.0848    11.158904    11.217951    11.408246  0.090025235 -0.042860729 -0.002774824 
     490    62.788863   -23.995329   0.03246439   -23.962865   -15.811876    1472.7952    11.274164    11.333821    11.526081    0.0909551 -0.043303435 -0.002803485 
     500    74.497049   -23.999532  0.038517997   -23.961014    136.59155    1521.4816     11.39705    11.457357    11.651713  0.091946493 -0.043775434 -0.0028340424 
     510    72.998791   -23.995045  0.037743337   -23.957302    285.25276    1574.3399    11.527534    11.588531    11.785112  0.092999177 -0.044276613 -0.002866489 
     520    78.383127    -23.99239  0.040527258   -23.951863     380.6573     1631.657    11.665764    11.727493    11.926431  0.094114359 -0.044807548 -0.002900862 
     530    71.439692   -23.983162   0.03693722   -23.946225    340.56215    1693.7355    11.811873    11.874375    12.075805  0.095293103 -0.045368744 -0.0029371941 
     540    77.930841   -23.982372  0.040293407   -23.942079    222.16173    1760.7605    11.965669    12.028985    12.233038  0.096533866 -0.045959468 -0.0029754378 
     550    76.096075   -23.978009  0.039344759   -23.938664    103.78862    1832.8261    12.126738    12.190906    12.397705  0.097833298 -0.046578123 -0.0030154899 
     560    74.911957   -23.974558  0.038732522   -23.935826   -63.291761    1910.1696    12.294972     12.36003    12.569699  0.099190538 -0.047224301 -0.0030573238 
     570    78.401124   -23.973961  0.040536563   -23.933424   -218.07522    1992.8931    12.469955    12.535939    12.748592   0.10060223 -0.047896402 -0.0031008359 
     580    79.610205   -23.972858  0.041161707   -23.931697   -273.73446    2081.0304    12.651141    12.718084    12.933826   0.10206396 -0.048592328 -0.0031458904 
     590    98.360282   -23.981437  0.050856257    -23.93058   -261.39778    2174.7313    12.838238    12.906171    13.125104   0.10357338 -0.049310957 -0.0031924148 
     600    97.844024   -23.979744  0.050589331   -23.929155   -210.13279    2274.1836     13.03103    13.099983    13.322203   0.10512874 -0.050051458 -0.0032403552 
     610    132.36347   -23.998102  0.068437288   -23.929665   -80.348323    2379.4999    13.229156    13.299157    13.524756   0.10672713 -0.050812448 -0.0032896221 
     620     114.7429   -23.984809  0.059326735   -23.925483    70.767386    2490.9552    13.432562     13.50364    13.732708   0.10836813 -0.051593723 -0.0033402022 
     630    132.17155   -23.989092  0.068338056   -23.920754    177.89434    2608.8758    13.641267    13.713449    13.946076   0.11005186 -0.052395344 -0.0033920995 
     640     95.09952   -23.960251  0.049170311    -23.91108     253.3114    2733.4196    13.854972    13.928285    14.164557   0.11177595 -0.053216176 -0.0034452406 
     650    116.29561   -23.964418  0.060129548   -23.904288    250.94361    2864.8915    14.073635    14.148105    14.388105   0.11354003 -0.054056047 -0.0034996143 
     660    91.659128    -23.94951  0.047391489   -23.902118    172.39067    3003.4434    14.296949    14.372601     14.61641   0.11534163 -0.054913785 -0.0035551446 
     670    118.65724   -23.964751  0.061350609     -23.9034    58.571905    3149.0704    14.524383    14.601238    14.848925   0.11717647 -0.055787344 -0.0036116992 
     680    117.18075   -23.968228  0.060587201   -23.907641   -67.861645    3301.6435    14.755263     14.83334    15.084964   0.11903911 -0.056674142 -0.0036691109 
     690    138.81221   -23.984272  0.071771547   -23.912501   -174.27278    3460.9153    14.988812    15.068125    15.323732   0.12092328 -0.057571192 -0.0037271864 
     700    132.04808   -23.985847  0.068274218   -23.917573   -213.46435    3626.4751    15.224106    15.304663    15.564283   0.12282153 -0.058474941 -0.0037856955 
     710    121.34663   -23.987078   0.06274113   -23.924337   -204.47251    3798.0539    15.460514    15.542323    15.805974   0.12472877 -0.059382973 -0.003844482 
     720    119.10514   -23.995254  0.061582192   -23.933672   -148.93956    3975.2285    15.697275    15.780336    16.048025   0.12663885 -0.060292357 -0.0039033559 
     730     90.07319   -23.986985  0.046571495   -23.940413   -68.842468    4157.6637    15.933824    16.018137     16.28986   0.12854723 -0.061200929 -0.0039621773 
     740    84.875149   -23.990676  0.043883896   -23.946792    11.858728    4345.0011    16.169634    16.255195    16.530939   0.13044964 -0.062106662 -0.0040208149 
     750    45.362271   -23.972851  0.023454135   -23.949397    70.076696    4536.9769    16.404352    16.491155    16.770902   0.13234325 -0.063008202 -0.004079181 
     760    54.631561   -23.981584  0.028246734   -23.953337     97.01412    4733.1671    16.637479    16.725515    17.009237   0.13422401 -0.063903626 -0.0041371512 
     770    29.096294   -23.971139  0.015043965   -23.956095    95.315579     4933.203    16.868633    16.957893    17.245557   0.13608887 -0.064791478 -0.0041946312 
     780    51.217686   -23.986781  0.026481622   -23.960299    73.717686    5136.5753    17.097323    17.187793    17.479356   0.13793384 -0.065669863 -0.0042514982 
     790    34.728537   -23.981105  0.017956063   -23.963149    32.773263    5342.9282    17.323275    17.414941    17.710358   0.13975672 -0.066537734 -0.0043076846 
     800    64.526431   -23.999278  0.033362783   -23.965915   -14.725745    5551.6336    17.545961    17.638805    17.938019   0.14155326 -0.067393057 -0.0043630586 
     810    45.911429   -23.988958  0.023738072    -23.96522   -54.427062    5762.1694    17.765015    17.859017    18.161967   0.14332049  -0.06823443 -0.0044175295 
     820    73.603342   -24.002223  0.038055914   -23.964167   -80.068569    5973.9751    17.980069     18.07521    18.381828   0.14505546 -0.069060443 -0.004471006 
     830    52.862745    -23.98682  0.027332185   -23.959487    -94.50156    6186.7945    18.191093     18.28735    18.597566    0.1467579 -0.069870973 -0.0045234801 
     840     88.53595   -23.999722  0.045776679   -23.953945   -87.811616    6400.0357    18.397735    18.495086    18.808826     0.148425 -0.070664674 -0.0045748646 
     850    71.031749   -23.981369  0.036726297   -23.944643   -56.317868    6613.4609    18.600009     18.69843     19.01562   0.15005686 -0.071441598 -0.0046251631 
     860    112.75436    -23.99182  0.058298579   -23.933521   -8.6764954    6826.9367    18.798023    18.897492    19.218059   0.15165436 -0.072202159 -0.0046744022 
     870    82.110919   -23.961756  0.042454677   -23.919301    38.266684    7040.9677    18.992451    19.092949     19.41683   0.15322291 -0.072948944 -0.0047227494 
     880     126.7626   -23.973801  0.065541408   -23.908259    85.568367    7255.4141    19.183343    19.284851    19.611988   0.15476295 -0.073682151 -0.0047702176 
     890    89.817029   -23.944715  0.046439049   -23.898276    113.65087    7470.8339    19.371352    19.473854    19.804197   0.15627972  -0.07440428 -0.0048169685 
     900     132.7452   -23.966408  0.068634657   -23.897774    108.58102    7687.3577    19.556716    19.660199    19.993704   0.15777516 -0.075116254 -0.0048630621 
     910    111.75232   -23.958347  0.057780483   -23.900566    77.967522    7905.0631    19.739615    19.844066     20.18069   0.15925071  -0.07581876 -0.0049085426 
     920    166.97435    -23.99396  0.086332513   -23.907627    34.318915    8123.2491    19.919579    20.024982    20.364675   0.16070258 -0.076509991 -0.0049532933 
     930    137.90628   -23.982595  0.071303145   -23.911292   -17.375396    8341.4314    20.096346    20.202684    20.545391   0.16212866 -0.077188942 -0.0049972489 
     940    154.76356   -23.995734   0.08001904   -23.915715    -59.95309    8558.4891    20.269168    20.376422    20.722076   0.16352292 -0.077852744 -0.0050402238 
     950     113.4858   -23.976788  0.058676765   -23.918112   -81.544814    8773.5465     20.43754    20.545684     20.89421   0.16488127 -0.078499451 -0.0050820919 
     960    115.25991    -23.98064  0.059594052   -23.921046   -83.279401    8985.8631    20.601088    20.710098    21.061412   0.16620071  -0.07912763 -0.0051227605 
     970    84.640147   -23.968027  0.043762391   -23.924265   -70.324749     9194.963    20.759659    20.869508    21.223527   0.16747999 -0.079736693 -0.0051621915 
     980    87.305145   -23.973196  0.045140303   -23.928056   -42.949037    9400.2979    20.913053    21.023713    21.380347    0.1687175 -0.080325869 -0.005200335 
     990    63.726916   -23.963505  0.032949402   -23.930555   -9.7955402     9601.642    21.061311    21.172756    21.531918   0.16991359  -0.08089532 -0.0052372015 
    1000    68.391353   -23.969864  0.035361105   -23.934503    18.606621    9798.9172    21.204576    21.316779    21.678385   0.17106939 -0.081445593 -0.0052728265 
    1010    67.501335   -23.973708   0.03490093   -23.938808    39.378462    9991.9412    21.342904    21.455839    21.819804   0.17218536 -0.081976905 -0.0053072239 
    1020    72.692492    -23.98142  0.037584968   -23.943835    47.657977    10180.648    21.476427    21.590069     21.95631   0.17326257 -0.082489758 -0.0053404263 
    1030    81.976816   -23.992296   0.04238534   -23.949911    40.184079     10364.84    21.605174    21.719497    22.087934   0.17430124 -0.082984267 -0.005372441 
    1040    84.761744   -23.997286  0.043825261   -23.953461    24.743043    10543.866    21.728855    21.843833    22.214379   0.17529905 -0.083459321 -0.0054031962 
    1050    93.594163   -24.003113   0.04839198   -23.954721    5.5264314    10717.218    21.847291    21.962895    22.335461   0.17625453 -0.083914225 -0.0054326469 
    1060    76.795723   -23.993367  0.039706505    -23.95366    -15.03208    10884.442    21.960334    22.076536     22.45103   0.17716652 -0.084348419 -0.0054607568 
    1070    79.016071   -23.992563  0.040854515   -23.951708   -30.775739    11044.973     22.06777     22.18454    22.560866   0.17803326 -0.084761072 -0.0054874722 
    1080    59.230596   -23.978763  0.030624622   -23.948139   -35.294484    11198.134    22.169307    22.286615    22.664672   0.17885242  -0.08515107 -0.0055127209 
    1090    70.621698   -23.980275  0.036514284   -23.943761   -31.972194    11343.884    22.265075    22.382889     22.76258   0.17962504  -0.08551891 -0.005536535 
    1100    55.924134   -23.965879  0.028915047   -23.936964     -19.1084    11482.119    22.355149     22.47344    22.854667   0.18035172 -0.085864881 -0.0055589333 
    1110    85.756432   -23.973367  0.044339555   -23.929027    2.7845621    11613.077    22.439818    22.558557    22.941227   0.18103479 -0.086190088 -0.0055799873 
    1120    91.632588   -23.966089  0.047377766   -23.918712    28.653615    11737.267    22.519525    22.638686    23.022715   0.18167783 -0.086496238 -0.0055998077 
    1130    132.11763   -23.977665  0.068310174   -23.909355    50.164146    11855.764    22.595055    22.714616    23.099934   0.18228717 -0.086786346 -0.0056185894 
    1140    134.74449   -23.969452  0.069668369   -23.899784    64.279744     11969.68    22.667193    22.787135    23.173683   0.18286915 -0.087063424 -0.0056365275 
    1150    173.39379   -23.984489  0.089651623   -23.894838    65.791254    12080.114     22.73669       22.857    23.244733   0.18342982 -0.087330357 -0.0056538089 
    1160    175.57102   -23.980474  0.090777344   -23.889697    48.336835     12188.02    22.804188    22.924855     23.31374   0.18397437 -0.087589614 -0.0056705934 
    1170    182.29523   -23.979798  0.094254029   -23.885544    18.829342    12293.404    22.869725    22.990739    23.380741   0.18450309 -0.087841338 -0.0056868901 
    1180     151.5643   -23.962482  0.078364896   -23.884117   -14.775338    12395.926    22.933124    23.054474    23.445557   0.18501457 -0.088084851 -0.0057026552 
    1190    140.41536   -23.960048  0.072600441   -23.887448   -46.295711     12494.36    22.993667    23.115336    23.507452     0.185503  -0.08831739 -0.0057177099 
    1200    105.06776   -23.948802  0.054324295   -23.894477   -68.653557    12587.514     23.05067    23.172641    23.565729   0.18596288 -0.088536337 -0.0057318846 
    1210    106.10732   -23.961195  0.054861789   -23.906333   -71.448215    12673.775    23.103205    23.225454    23.619438   0.18638671 -0.088738121 -0.0057449482 
    1220    84.890285   -23.963366  0.043891722   -23.919475   -60.791205    12752.759    23.151099    23.273602    23.668402    0.1867731 -0.088922079 -0.0057568578 
    1230    96.430583   -23.982136  0.049858525   -23.932278   -40.280233    12823.596    23.193885    23.316615    23.712144   0.18711828  -0.08908642 -0.0057674973 
    1240    84.615981   -23.985719  0.043749896   -23.941969   -10.880866    12885.912    23.231395    23.354323    23.750492   0.18742089 -0.089230492 -0.0057768245 
    1250    91.498057   -23.995823  0.047308209   -23.948514    18.544514    12939.763    23.263712     23.38681    23.783531   0.18768161 -0.089354618 -0.0057848605 
    1260    75.155088   -23.990749   0.03885823   -23.951891    37.361992    12985.713    23.291216     23.41446     23.81165    0.1879035 -0.089460261 -0.0057916999 
    1270    78.386357   -23.993204  0.040528927   -23.952675    49.491817    13023.021      23.3135    23.436862    23.834432   0.18808328 -0.089545852 -0.0057972411 
    1280    67.746112   -23.986856  0.035027489   -23.951828    51.586937    13051.662    23.330578    23.454031    23.851891   0.18822106 -0.089611448 -0.0058014879 
    1290    74.063312   -23.989722  0.038293738   -23.951429    39.288271    13071.516    23.342402    23.465917     23.86398   0.18831645 -0.089656864 -0.0058044281 
    1300    63.425183   -23.981531  0.032793393   -23.948738    17.515341    13082.318    23.348831     23.47238    23.870552   0.18836831 -0.089681555 -0.0058060266 
    1310    68.304951   -23.982232  0.035316431   -23.946916   -4.7599826    13082.865    23.349156    23.472707    23.870884   0.18837093 -0.089682804 -0.0058061075 
    1320    64.799683   -23.977527  0.033504066   -23.944022   -28.988109    13072.667    23.343088    23.466606     23.86468   0.18832198 -0.089659497 -0.0058045985 
    1330    69.031899   -23.975567  0.035692293   -23.939874   -45.737984    13050.613    23.329953    23.453402    23.851252   0.18821601 -0.089609047 -0.0058013324 
    1340    72.426922   -23.974436  0.037447658   -23.936989   -48.339421    13016.205    23.309432    23.432772    23.830272   0.18805046 -0.089530226 -0.0057962295 
    1350    89.675936   -23.981669  0.046366098   -23.935303   -39.761832    12969.085     23.28127    23.404462    23.801482   0.18782326 -0.089422061 -0.0057892268 
    1360    102.38945   -23.986298    0.0529395   -23.933359    -23.57281        12909    23.245261    23.368262    23.764668   0.18753276 -0.089283751 -0.0057802726 
    1370    115.91865   -23.992757  0.059934645   -23.932823    6.7980265    12835.065    23.200798    23.323564    23.719211   0.18717404  -0.08911297 -0.0057692161 
    1380    113.21179   -23.989136   0.05853509   -23.930601    38.711137    12748.059    23.148255    23.270743    23.665494   0.18675015 -0.088911155 -0.0057561505 
    1390    112.46492   -23.984848  0.058148929   -23.926699    57.368332    12648.119    23.087605    23.209771    23.603489   0.18626085 -0.088678201 -0.005741069 
    1400    97.717564   -23.973059  0.050523946   -23.922535    63.467786    12534.478     23.01825     23.14005    23.532585   0.18570133 -0.088411815 -0.005723823 
    1410    95.835365   -23.968801  0.049550773    -23.91925    58.651259    12405.679    22.939137    23.060518    23.451704   0.18506308 -0.088107945 -0.0057041503 
    1420    84.615465   -23.962989  0.043749629    -23.91924    35.441676    12261.063    22.849652     22.97056     23.36022   0.18434116  -0.08776424 -0.0056818987 
    1430    101.85535   -23.972886  0.052663351   -23.920222   0.35280087    12098.501     22.74822    22.868591     23.25652   0.18352284 -0.087374642 -0.005656676 
    1440    85.629772   -23.964323  0.044274067   -23.920049   -33.243049    11915.844    22.633159    22.752921    23.138888   0.18259458   -0.0869327 -0.0056280644 
    1450    115.57941   -23.982629  0.059759246   -23.922869   -55.317988    11710.937    22.502673    22.621745    23.005487   0.18154188 -0.086431512 -0.0055956173 
    1460    92.759974   -23.970975  0.047960671   -23.923014   -68.847819    11482.827    22.355609    22.473903    22.855137   0.18035543 -0.085866647 -0.0055590477 
    1470    127.33091   -23.991348  0.065835249   -23.925513   -69.200515    11230.053    22.190351     22.30777    22.686186   0.17902219   -0.0852319 -0.0055179538 
    1480    105.69438    -23.98294  0.054648281   -23.928292   -41.387103    10951.338    22.005232    22.121672    22.496931   0.17752874 -0.084520869 -0.0054719213 
    1490    126.95622   -23.993645  0.065641516   -23.928004   -4.3607498    10647.537    21.799839    21.915191    22.286948   0.17587171 -0.083731963 -0.0054208472 
    1500    85.890186    -23.96976  0.044408712   -23.925351    22.845469    10319.866    21.573879    21.688037     22.05594   0.17404877 -0.082864067 -0.0053646592 
    1510    100.26314   -23.975935  0.051840112   -23.924095    49.355514    9969.0226    21.326574    21.439422    21.803108   0.17205361  -0.08191418 -0.005303163 
    1520    70.718014   -23.960797  0.036564083   -23.924233    61.938747    9596.6387    21.057652    21.169077    21.528178   0.16988407 -0.080881266 -0.0052362917 
    1530    91.748624   -23.978879  0.047437762   -23.931442     42.44787    9205.3381    20.767465    20.877355    21.231506   0.16754296 -0.079766673 -0.0051641324 
    1540    84.003234   -23.980696  0.043433081   -23.937263    14.305283    8797.2291    20.455913    20.564154    20.912993   0.16502949  -0.07857002 -0.0050866605 
    1550    94.305569   -23.992827  0.048759806   -23.944067    -21.26458     8375.768    20.123883    20.230367    20.573543   0.16235082  -0.07729471 -0.0050040964 
    1560    87.400441   -23.993275  0.045189575   -23.948085   -61.391787     7944.729    19.772576    19.877202    20.214387   0.15951663 -0.075945362 -0.0049167389 
    1570    71.819327   -23.986844  0.037133506    -23.94971   -85.455857    7508.1352    19.403538    19.506211    19.837103   0.15653939 -0.074527906 -0.0048249722 
    1580    74.789264   -23.992129  0.038669084    -23.95346   -87.477033    7070.7678    19.019208    19.119847    19.444185   0.15343878 -0.073051716 -0.0047294029 
    1590    56.019775   -23.984426  0.028964497   -23.955462   -69.476747    6637.5737    18.622587    18.721128    19.038702   0.15023901 -0.071528318 -0.0046307774 
    1600    62.551878   -23.989603  0.032341859   -23.957261   -35.760661    6213.2696    18.217004    18.313399    18.624057   0.14696695 -0.069970497 -0.0045299233 
    1610    43.509631   -23.980741  0.022496245   -23.958245    12.529644    5802.0675    17.805923    17.900142     18.20379   0.14365052 -0.068391556 -0.0044277019 
    1620    57.931286    -23.98905  0.029952826   -23.959097    65.641518    5407.7633    17.393065      17.4851    17.781707   0.14031976 -0.066805792 -0.0043250388 
    1630      34.9293   -23.976384  0.018059865   -23.958324     111.1402    5033.3149    16.981978    17.071837    17.361434   0.13700328 -0.065226828 -0.0042228159 
    1640    55.115187     -23.9878  0.028496788   -23.959303    133.11004    4680.9047    16.576016    16.663727    16.946401   0.13372816 -0.063667553 -0.0041218677 
    1650     42.70247   -23.980198   0.02207891    -23.95812    136.20313    4351.7853    16.178045    16.263651    16.539538    0.1305175  -0.06213897 -0.0040229065 
    1660    73.218445    -23.99471  0.037856908   -23.956853    105.37068    4046.7374     15.79084    15.874397    16.143681    0.1273937 -0.060651736 -0.0039266223 
    1670    70.382132   -23.988426  0.036390418   -23.952035    24.750379    3765.8412    15.416681    15.498258    15.761162   0.12437515 -0.059214613 -0.0038335822 
    1680    102.43387   -23.996069  0.052962466   -23.943106   -78.811295    3508.4458    15.057117    15.136791    15.393563   0.12147433 -0.057833545 -0.0037441713 
    1690    102.66544   -23.983119  0.053082198   -23.930037   -165.89476    3273.5503    14.713294    14.791148    15.042057   0.11870052  -0.05651294 -0.0036586747 
    1700    124.37647   -23.980833  0.064307683   -23.916525   -243.89734    3060.1998    14.386445     14.46257    14.707905   0.11606364 -0.055257533 -0.003577399 
    1710    124.54534    -23.96634  0.064394993   -23.901945   -277.89282    2867.1746    14.077373    14.151862    14.391927   0.11357018 -0.054070403 -0.0035005437 
    1720    136.23782   -23.964095  0.070440484   -23.893655   -199.08996    2692.8801    13.786136    13.859085    14.094183   0.11122061  -0.05295178 -0.0034281235 
    1730    134.52405   -23.956174  0.069554392   -23.886619   -66.800177    2535.9826    13.513017     13.58452     13.81496    0.1090172 -0.051902744 -0.0033602084 
    1740    130.11868   -23.951029  0.067276638   -23.883752    85.880082    2395.0133    13.257843    13.327996    13.554085   0.10695857 -0.050922636 -0.0032967557 
    1750    146.65686   -23.963246   0.07582755   -23.887418    248.62701    2268.5658    13.020291    13.089187    13.311225    0.1050421 -0.050010211 -0.0032376849 
    1760    137.25038   -23.966811  0.070964018   -23.895847    335.35269    2155.1627    12.799615    12.867344    13.085618   0.10326178 -0.049162608 -0.0031828107 
    1770    145.24044   -23.983037    0.0750952   -23.907942    303.97166    2053.3088    12.594714    12.661359    12.876139   0.10160873 -0.048375595 -0.0031318591 
    1780    139.22688   -23.989737  0.071985947   -23.917751    227.70777     1961.513    12.404158    12.469794    12.681325   0.10007141 -0.047643679 -0.0030844745 
    1790    137.65858   -23.996472  0.071175072   -23.925297    64.337094    1878.6317    12.226931    12.291629    12.500137   0.09864161 -0.046962958 -0.0030404043 
    1800    110.21156   -23.984369  0.056983848   -23.927385   -128.93419    1803.4233    12.061541    12.125364    12.331052  0.097307317 -0.046327705 -0.0029992777 
    1810    93.020632   -23.976824  0.048095442   -23.928729   -277.25513     1734.799    11.906569    11.969572    12.172617  0.096057068 -0.045732466 -0.0029607416 
    1820    83.585171    -23.97391  0.043216925   -23.930693   -368.75771    1671.9387    11.760985    11.823217    12.023779  0.094882558 -0.045173285  -0.00292454 
    1830    70.494387    -23.96798  0.036448459   -23.931531    -387.9527    1614.1705     11.62394    11.685448    11.883673  0.093776943 -0.044646906 -0.0028904619 
    1840    65.824929   -23.967299   0.03403416   -23.933264    -316.3067    1560.8691    11.494561    11.555384    11.751403  0.092733169 -0.044149968  -0.00285829 
    1850    72.179319    -23.97308  0.037319637    -23.93576   -173.08393    1511.5195    11.372121    11.432296    11.626227  0.091745375 -0.043679683 -0.0028278435 
    1860    84.266269   -23.980993  0.043569081   -23.937424    26.065939    1465.7152    11.256069     11.31563    11.507582   0.09080912 -0.043233934 -0.0027989855 
    1870    89.237074   -23.985386  0.046139189   -23.939247    233.48357      1423.15    11.146036    11.205015     11.39509   0.08992142 -0.042811303 -0.0027716242 
    1880    93.441373   -23.988776  0.048312982   -23.940463    366.78149    1383.5591    11.041705    11.100131    11.288428  0.089079719 -0.042410572 -0.0027456806 
    1890     100.4059   -23.992068  0.051913923   -23.940154    431.24281    1346.6249    10.942564    11.000466    11.187072  0.088279896 -0.042029779 -0.0027210279 
    1900    97.808392   -23.989256  0.050570908   -23.938685    409.65256    1312.0992    10.848236    10.905639    11.090636  0.087518896 -0.041667469 -0.0026975718 
    1910    101.59751    -23.98825  0.052530037    -23.93572    278.87327    1279.7737    10.758407    10.815334    10.998799  0.086794192  -0.04132244 -0.0026752344 
    1920     85.68869   -23.976153   0.04430453   -23.931848    87.432288    1249.4112    10.672644    10.729118     10.91112  0.086102295  -0.04099303 -0.0026539083 
    1930    91.738552   -23.976895  0.047432554   -23.929463   -117.70664    1220.7695    10.590459    10.646498    10.827099  0.085439264 -0.040677363 -0.0026334718 
    1940    66.615106   -23.959599  0.034442713   -23.925156   -295.40775     1193.671     10.51151    10.567131    10.746386  0.084802337 -0.040374124  -0.00261384 
    1950    92.644874   -23.972286  0.047901159   -23.924385   -347.52278    1167.9266    10.435391     10.49061    10.668567  0.084188244 -0.040081756 -0.002594912 
    1960    80.520741   -23.965648  0.041632491   -23.924015   -307.51836    1143.4453    10.361963    10.416792    10.593497  0.083595852  -0.03979972 -0.0025766529 
    1970    115.56355   -23.984662  0.059751045   -23.924911   -197.81001    1120.1112    10.290993    10.345447    10.520941  0.083023298 -0.039527129 -0.0025590052 
    1980    108.18719   -23.983064  0.055937167   -23.927126    72.688656    1097.8272    10.222291    10.276381    10.450704  0.082469038 -0.039263248 -0.0025419214 
    1990    133.77608   -23.997725  0.069167662   -23.928557    347.58811    1076.5989    10.155973    10.209713    10.382905  0.081934018 -0.039008526 -0.0025254306 
    2000    106.39208   -23.981943  0.055009023   -23.926934    446.78433    1056.4545     10.09223    10.145633    10.317738  0.081419769 -0.038763694  -0.00250958 
    2010    114.40398   -23.983325  0.059151503   -23.924174    521.71446    1037.2287    10.030634    10.083711    10.254765  0.080922838 -0.038527107 -0.0024942632 
    2020    94.242678   -23.968899  0.048727289   -23.920172    469.33542    1018.8969    9.9711895    10.023952    10.193992  0.080443263 -0.038298783 -0.0024794814 
    2030     94.42071   -23.968709  0.048819339    -23.91989    155.89828    1001.4285    9.9138775    9.9663363      10.1354  0.079980894  -0.03807865  -0.00246523 
    2040    84.738885   -23.963733  0.043813442    -23.91992   -206.35379    984.70315    9.8583751    9.9105402    10.078657  0.079533125 -0.037865469 -0.0024514285 
    2050    93.686503   -23.970287  0.048439724   -23.921847   -493.91305    968.57702    9.8042629    9.8561417    10.023336  0.079096571 -0.037657627 -0.0024379727 
    2060    97.619967   -23.974926  0.050473485   -23.924452   -763.87002    953.00316    9.7514308      9.80303     9.969323  0.078670344 -0.037454702 -0.0024248352 
    2070    101.36117   -23.979913  0.052407837   -23.927505   -854.95683    937.88586    9.6995941    9.7509189     9.916328  0.078252147 -0.037255599 -0.0024119453 
    2080    105.60102   -23.986406  0.054600013   -23.931806   -726.81374    923.18158    9.6486364    9.6996916    9.8642316  0.077841043 -0.037059874 -0.0023992739 
    2090    109.18451   -23.993717  0.056452822   -23.937264   -426.37436    908.85735    9.5984728    9.6492626    9.8129472  0.077436344 -0.036867198   -0.0023868 
    2100    99.077663   -23.993206  0.051227172   -23.941979   -49.234729    894.91139    9.5491249    9.5996536    9.7624967  0.077038227 -0.036677656 -0.0023745289 
    2110    86.904218   -23.990503  0.044933007    -23.94557    325.98566    881.34224    9.5006158    9.5508879    9.7129037  0.076646877 -0.036491335 -0.0023624664 
    2120    67.636751   -23.982829  0.034970945   -23.947858    619.23097    868.13562    9.4529223    9.5029419    9.6641444  0.076262106 -0.036308147 -0.0023506067 
    2130    58.057143   -23.980208  0.030017899    -23.95019    765.04957    855.25761    9.4059474    9.4557185    9.6161199  0.075883133 -0.036127719 -0.0023389257 
    2140    47.493509    -23.97771  0.024556072   -23.953154    715.45662    842.68016    9.3596114    9.4091373    9.5687486  0.075509314 -0.035949745 -0.0023274036 
    2150    47.132098   -23.980591  0.024369207   -23.956221    509.06939    830.36304    9.3137855    9.3630689    9.5218987   0.07513961  -0.03577373 -0.0023160083 
    2160    45.138456   -23.982269  0.023338414   -23.958931    208.82685    818.25581    9.2682967    9.3173394    9.4753934  0.074772626  -0.03559901 -0.0023046969 
    2170    53.152245   -23.988079  0.027481868   -23.960597   -149.94253    806.30351    9.2229477    9.2717505    9.4290311   0.07440677 -0.035424827 -0.0022934202 
    2180     53.33785   -23.987459  0.027577833   -23.959881   -488.00481    794.46257    9.1775771    9.2261398    9.3826468   0.07404074 -0.035250562 -0.0022821382 
    2190    62.966193   -23.990903  0.032556077   -23.958347   -698.30552    782.69624    9.1320437    9.1803654    9.3360959  0.073673395  -0.03507567 -0.0022708156 
    2200    67.373688   -23.989798  0.034834931   -23.954963   -783.69426    770.99891    9.0863226    9.1344024    9.2893531  0.073304537 -0.034900058 -0.0022594464 
    2210    88.125776   -23.995569  0.045564602   -23.950004   -709.60707    759.34579    9.0403121    9.0881485    9.2423146  0.072933345 -0.034723334 -0.0022480052 
    2220    97.904288   -23.993751   0.05062049    -23.94313   -413.08501    747.73101    8.9939823    9.0415735    9.1949496  0.072559576 -0.034545384 -0.0022364846 
    2230    119.64131    -23.99617  0.061859414    -23.93431    71.788357    736.18671    8.9474556    8.9948006    9.1473833  0.072184219 -0.034366678 -0.0022249151 
    2240    107.66308   -23.975451  0.055666179   -23.919785    532.66095    724.80058    8.9010876    8.9481872    9.0999792  0.071810141 -0.034188581 -0.002213385 
    2250    122.40423   -23.968126  0.063287954   -23.904838     951.0988    713.60529    8.8550208    8.9018766     9.052883  0.071438494 -0.034011641 -0.0022019298 
    2260    101.13182   -23.943924  0.052289253   -23.891635    1125.6322    702.67365    8.8095715    8.8561869    9.0064182  0.071071829 -0.033837073 -0.0021906282 
    2270     128.0134   -23.953947  0.066188122   -23.887759     898.4612    692.04847    8.7649424    8.8113216    8.9607919  0.070711781 -0.033665655 -0.0021795305 
    2280    116.54937   -23.949597  0.060260756   -23.889336     414.2896    681.71698    8.7211067     8.767254    8.9159767  0.070358133 -0.033497284 -0.0021686301 
    2290    166.17326   -23.982341  0.085918321   -23.896422    -245.2275    671.62405    8.6778534    8.7237718    8.8717569  0.070009184 -0.033331151 -0.0021578746 
    2300    143.06994   -23.974374  0.073972966   -23.900401   -918.66269    661.72358    8.6350018    8.6806935    8.8279478  0.069663476  -0.03316656 -0.0021472189 
    2310    158.77731   -23.987841  0.082094313   -23.905746   -1291.6799    651.91526    8.5921255    8.6375903    8.7841134  0.069317568 -0.033001875 -0.0021365571 
    2320     122.3848   -23.975052  0.063277907   -23.911774   -1348.4599    642.16577     8.549078     8.594315    8.7401041   0.06897028 -0.032836532 -0.0021258527 
    2330    133.40698   -23.987024  0.068976824   -23.918047   -1115.7285    632.43185    8.5056624    8.5506697    8.6957183  0.068620021 -0.032669775 -0.0021150568 
    2340    99.653906   -23.974858  0.051525114   -23.923333   -616.78381    622.69364    8.4617795    8.5065546    8.6508549  0.068265993 -0.032501223 -0.0021041447 
    2350    103.50036   -23.981145  0.053513887   -23.927631    2.1195799    612.93224    8.4173306    8.4618705    8.6054128  0.067907398 -0.032330497 -0.0020930918 
    2360    68.361423   -23.964192   0.03534563   -23.928847     571.2471    603.14354    8.3722809    8.4165823    8.5593564  0.067543956 -0.032157464 -0.0020818895 
    2370    74.694926    -23.97104  0.038620308   -23.932419    948.82284     593.3173    8.3265654     8.370625    8.5126195  0.067175144 -0.031981873 -0.0020705217 
    2380    66.623508   -23.970475  0.034447057   -23.936028    1085.8491    583.43158    8.2800611    8.3238746     8.465076  0.066799967 -0.031803252 -0.0020589577 
    2390    79.920845   -23.982476   0.04132232   -23.941154     903.9318    573.45671    8.2326018    8.2761642    8.4165563  0.066417086 -0.031620964 -0.0020471563 
    2400    88.255829   -23.991374  0.045631845   -23.945742    469.66319    563.34085    8.1839062    8.2272109    8.3667726  0.066024231 -0.031433927 -0.0020350474 
    2410    94.631594   -23.995755  0.048928374   -23.946826   -64.810735    553.03745    8.1337049     8.176744    8.3154496  0.065619228 -0.031241107 -0.0020225641 
    2420    102.45036   -23.998098  0.052970995   -23.945127   -621.01028    542.49948    8.0817114    8.1244754    8.2622943  0.065199767 -0.031041403 -0.0020096352 
    2430    82.835481   -23.984124  0.042829305   -23.941294   -1100.6895    531.68237    8.0276356    8.0701134    8.2070102  0.064763507   -0.0308337 -0.0019961884 
    2440    90.888906   -23.984871  0.046993253   -23.937878    -1272.497    520.51824    7.9710503    8.0132287    8.1491605  0.064307001 -0.030616359 -0.0019821177 
    2450    68.647011   -23.970241   0.03549329   -23.934748   -1078.5263    508.97288    7.9116751    7.9535393    8.0884586  0.063827987 -0.030388302 -0.0019673532 
    2460    92.380068   -23.980144  0.047764244    -23.93238   -662.62356    497.02595    7.8492818    7.8908158    8.0246711  0.063324625 -0.030148653 -0.0019518382 
    2470    65.132729   -23.962711  0.033676264   -23.929035   -14.828363    484.65773    7.7836257    7.8248124     7.957548   0.06279494 -0.029896472 -0.0019355118 
    2480    97.706834    -23.97837  0.050518398   -23.927851    771.22676    471.84296    7.7144101    7.7552305    7.8867858  0.062236538 -0.029630619 -0.0019183004 
    2490    69.802771   -23.960932  0.036090865   -23.924841    1413.7989    458.57321    7.6414033    7.6818374    7.8121477  0.061647551 -0.029350204 -0.0019001462 
    2500    109.17391   -23.982822  0.056447343   -23.926374    1691.5528    444.82414    7.5642582    7.6042841    7.7332788  0.061025177 -0.029053894 -0.0018809629 
    2510    94.162567   -23.976565  0.048685868   -23.927879     1688.321    430.56085     7.482529    7.5221224    7.6497234  0.060365821 -0.028739976 -0.0018606398 
    2520    130.65929   -23.998208  0.067556156   -23.930652    1235.1578    415.76221    7.3958013    7.4349358    7.5610578   0.05966614  -0.02840686 -0.0018390737 
    2530    119.44085   -23.992567  0.061755767   -23.930812    250.83914    400.40098    7.3035713    7.3422178     7.466767  0.058922068  -0.02805261 -0.0018161393 
    2540     133.2483   -23.996651   0.06889478   -23.927756   -827.75046    384.43194    7.2051559    7.2432816    7.3661525  0.058128095 -0.027674602 -0.0017916669 
    2550    111.35801   -23.979481   0.05757661   -23.921904   -1650.0265    367.83766    7.0999555    7.1375246    7.2586014  0.057279383 -0.027270533 -0.0017655073 
    2560    103.52726   -23.970062  0.053527796   -23.916534    -2304.741    350.65431    6.9876309    7.0246056     7.143767  0.056373197   -0.0268391 -0.0017375761 
    2570     96.28291   -23.961525  0.049782172   -23.911743   -2563.3693    332.93646    6.8679008    6.9042419    7.0213616  0.055407266 -0.026379224 -0.0017078035 
    2580    88.121291   -23.955248  0.045562283   -23.909686   -2092.2597    314.76835    6.7406314    6.7762991    6.8912484  0.054380511 -0.025890389 -0.0016761561 
    2590    102.07853   -23.962795  0.052778742   -23.910016   -947.06518    296.30602    6.6061798     6.641136    6.7537925  0.053295813 -0.025373968 -0.0016427228 
    2600    95.520425   -23.958159  0.049387936   -23.908771    268.73945    278.80314    6.4734547    6.5077087    6.6181017  0.052225045 -0.024864178 -0.0016097188 
    2610    125.06093    -23.97387  0.064661576   -23.909208    2086.4747      263.658    6.3540488    6.3876709    6.4960277  0.051261729 -0.024405547 -0.0015800267 
    2620    108.42607   -23.965112   0.05606068   -23.909052    3508.3166    253.49918    6.2713699    6.3045545    6.4115013  0.050594711 -0.024087982 -0.0015594674 
    2630    103.74082   -23.969793  0.053638215   -23.916155    4488.9834    250.75186    6.2486321    6.2816964    6.3882555  0.050411272 -0.024000647 -0.0015538133 
    2640     88.09535   -23.978827  0.045548871   -23.933278    3577.6855    257.46838    6.3039321    6.3372891    6.4447912   0.05085741 -0.024213052 -0.0015675645 
    2650    87.681594   -23.993927  0.045334942   -23.948592    2186.9627    272.34323    6.4230666    6.4570539    6.5665877  0.051818535  -0.02467064 -0.001597189 
    2660    71.151866   -23.993766  0.036788402   -23.956978     1205.733    292.95765    6.5812013    6.6160254    6.7282559  0.053094298 -0.025278027 -0.0016365115 
    2670    69.644438   -23.996129  0.036009001    -23.96012    283.00813     317.5874    6.7606946    6.7964685    6.9117599  0.054542372 -0.025967451 -0.0016811451 
    2680     51.59701   -23.987357  0.026677748   -23.960679   -403.77978    345.46112    6.9529636    6.9897548     7.108325  0.056093516 -0.026705945 -0.0017289556 
    2690    42.034375   -23.983315  0.021733478   -23.961581   -709.36259    376.70957    7.1565841    7.1944528    7.3164954  0.057736238  -0.02748804 -0.0017795888 
    2700     36.28256   -23.981018  0.018759556   -23.962258   -762.33467    411.41725    7.3699475    7.4089452    7.5346263  0.059457563 -0.028307557 -0.0018326447 
    2710    33.975492   -23.979892  0.017566708   -23.962325   -657.58424    449.58093    7.5911258    7.6312939    7.7607468  0.061241934 -0.029157091 -0.0018876439 
    2720    46.501919   -23.986501  0.024043379   -23.962457    -277.9536    491.08004    7.8178558    7.8592236     7.992543  0.063071094 -0.030027948 -0.0019440237 
    2730    48.158623   -23.985079  0.024899962   -23.960179    167.48798     535.7168    8.0478891    8.0904741    8.2277163  0.064926903 -0.030911493 -0.0020012248 
    2740    73.903306     -23.9934  0.038211008   -23.955189    494.62156    583.19228    8.2789289    8.3227364    8.4639185  0.066790833 -0.031798904 -0.0020586762 
    2750    76.489029   -23.987434  0.039547932   -23.947886    791.06992    633.11292    8.5087146     8.553738    8.6988387  0.068644645 -0.032681498 -0.0021158157 
    2760    116.53365   -23.998915  0.060252625   -23.938663    1030.0453    685.04854    8.7352903    8.7815127    8.9304772   0.07047256 -0.033551763 -0.0021721571 
    2770    102.56011   -23.978565  0.053027741   -23.925537    916.16494    738.61832    8.9572959     9.004693    9.1574434  0.072263606 -0.034404474 -0.002227362 
    2780    140.92612   -23.988591  0.072864521   -23.915726    558.42233     793.3667    9.1733554    9.2218957    9.3783307  0.074006681 -0.035234346 -0.0022810884 
    2790    104.12882    -23.95931  0.053838824   -23.905471    170.09901    848.82735    9.3823152    9.4319612    9.5919596  0.075692478 -0.036036949 -0.0023330492 
    2800    135.17014   -23.970267  0.069888448   -23.900378   -269.17564    904.58688    9.5834156    9.6341258    9.7975536   0.07731487 -0.036809365 -0.0023830558 
    2810    90.994944   -23.944576  0.047048079   -23.897528   -669.12614    960.32151    9.7763284    9.8280593    9.9947769  0.078871207 -0.037550332 -0.0024310264 
    2820    119.60638   -23.961794  0.061841352   -23.899952   -852.02585    1015.7019    9.9607563    10.013463    10.183326  0.080359092 -0.038258709 -0.002476887 
    2830    87.130999    -23.94889  0.045050262   -23.903839   -830.84309    1070.5472    10.136908    10.190547    10.363414  0.081780209 -0.038935298 -0.0025206898 
    2840    134.31134   -23.981383  0.069444412   -23.911939   -659.08807    1124.7055    10.305044    10.359572    10.535306  0.083136655 -0.039581098 -0.0025624991 
    2850    113.82295   -23.978252  0.058851085   -23.919401   -383.17076     1178.172    10.465817    10.521196    10.699672  0.084433703 -0.040198619 -0.0026024777 
    2860    140.74152   -23.999287  0.072769077   -23.926517   -6.5917303    1230.9315    10.619764    10.675958    10.857059  0.085675681  -0.04078992 -0.0026407589 
    2870    101.37245   -23.980576  0.052413669   -23.928163    318.13793    1283.1547    10.767872     10.82485    11.008477  0.086870557 -0.041358797 -0.0026775882 
    2880    115.19171   -23.988833  0.059558791   -23.929274    483.56015    1334.9613     10.91088    10.968615     11.15468  0.088024283 -0.041908082 -0.0027131492 
    2890    79.090781   -23.970431  0.040893143   -23.929537    510.27908    1386.4973    11.049516    11.107983    11.296413  0.089142733 -0.042440573 -0.0027476229 
    2900    88.785863   -23.978241  0.045905894   -23.932336    454.97256    1437.7886    11.184122    11.243302    11.434027  0.090228681 -0.042957589 -0.0027810948 
    2910    70.120368   -23.973537  0.036255076   -23.937282    249.14691    1489.0047    11.315374    11.375249    11.568212  0.091287566 -0.043461721 -0.0028137325 
    2920     84.23431    -23.98574  0.043552556   -23.942188     8.612548    1540.1284    11.443421    11.503973     11.69912  0.092320591 -0.043953541 -0.0028455732 
    2930     63.61897    -23.97843  0.032893589   -23.945537   -179.92146    1591.2008     11.56854    11.629754    11.827035      0.09333 -0.044434117 -0.0028766859 
    2940    70.756695   -23.986325  0.036584083   -23.949741   -322.46642    1642.2329    11.690914    11.752776    11.952144  0.094317262 -0.044904149 -0.002907116 
    2950    57.234105   -23.982264  0.029592355   -23.952672    -402.1362    1693.2605    11.810769    11.873265    12.074676  0.095284194 -0.045364503 -0.0029369195 
    2960    66.425352   -23.991009  0.034344602   -23.956665   -346.08224    1744.2249    11.928094    11.991211    12.194623  0.096230726 -0.045815144 -0.0029660942 
    2970     59.26303   -23.990879  0.030641392   -23.960237   -219.56245    1795.2668    12.043329    12.107056    12.312433  0.097160395 -0.046257756 -0.0029947492 
    2980     64.93855   -23.996733  0.033575866   -23.963157   -71.641231    1846.4806    12.156778    12.221105    12.428417  0.098075648 -0.046693505 -0.0030229598 
    2990    53.547521   -23.991714  0.027686241   -23.964028    83.800733     1897.963    12.268726    12.333646    12.542867    0.0989788 -0.047123493 -0.0030507974 
    3000    56.198462   -23.992425  0.029056886   -23.963368     237.3638     1949.764    12.379343    12.444847    12.655954  0.099871204 -0.047548364 -0.0030783037 
Loop time of 38.7307 on 1 procs for 3000 steps with 5 atoms

Performance: 13.385 ns/day, 1.793 hours/ns, 77.458 timesteps/s
295.4% CPU use with 1 MPI tasks x no OpenMP threads

MPI task timing breakdown:
Section |  min time  |  avg time  |  max time  |%varavg| %total
---------------------------------------------------------------
Pair    | 38.254     | 38.254     | 38.254     |   0.0 | 98.77
Neigh   | 0.0022771  | 0.0022771  | 0.0022771  |   0.0 |  0.01
Comm    | 0.0092754  | 0.0092754  | 0.0092754  |   0.0 |  0.02
Output  | 0.42249    | 0.42249    | 0.42249    |   0.0 |  1.09
Modify  | 0.034625   | 0.034625   | 0.034625   |   0.0 |  0.09
Other   |            | 0.007984   |            |       |  0.02

Nlocal:    5 ave 5 max 5 min
Histogram: 1 0 0 0 0 0 0 0 0 0
Nghost:    23 ave 23 max 23 min
Histogram: 1 0 0 0 0 0 0 0 0 0
Neighs:    0 ave 0 max 0 min
Histogram: 1 0 0 0 0 0 0 0 0 0

Total # of neighbors = 0
Ave neighs/atom = 0
Neighbor list builds = 208
Dangerous builds = 36
Total wall time: 0:00:42
