2019-06-24 13:55:33.615420: I tensorflow/core/platform/cpu_feature_guard.cc:140] Your CPU supports instructions that this TensorFlow binary was not compiled to use: AVX512F
2019-06-24 13:55:35.637649: E tensorflow/stream_executor/cuda/cuda_driver.cc:406] failed call to cuInit: CUDA_ERROR_NO_DEVICE
2019-06-24 13:55:35.637731: I tensorflow/stream_executor/cuda/cuda_diagnostics.cc:158] retrieving CUDA diagnostic information for host: SR760-GPU-7
2019-06-24 13:55:35.637748: I tensorflow/stream_executor/cuda/cuda_diagnostics.cc:165] hostname: SR760-GPU-7
2019-06-24 13:55:35.637833: I tensorflow/stream_executor/cuda/cuda_diagnostics.cc:189] libcuda reported version is: 410.48.0
2019-06-24 13:55:35.637920: I tensorflow/stream_executor/cuda/cuda_diagnostics.cc:193] kernel reported version is: 410.48.0
2019-06-24 13:55:35.637933: I tensorflow/stream_executor/cuda/cuda_diagnostics.cc:300] kernel version seems to match DSO: 410.48.0
 of lammps module:
  use deepmd-kit at:  /sharedext4/local/deepmd-kit-0.12.4
  source:             v0.12.4-1-ge3cd911-dirty
  source branch:      master
  source commit:      e3cd911
  source commit at:   2019-02-07 10:22:13 +0800
  build float prec:   double
  build with tf inc:  /sharedext4/local/tensorflow/r1.8.gpu.cc/include
  build with tf lib:  /sharedext4/local/tensorflow/r1.8.gpu.cc/lib/libtensorflow_cc.so;/sharedext4/local/tensorflow/r1.8.gpu.cc/lib/libtensorflow_framework.so
  >>> Info of model(s):
  using   4 model(s): ../graph.002.pb ../graph.003.pb ../graph.000.pb ../graph.001.pb 
  rcut in model:      5
  ntypes in model:    2
Neighbor list info ...
  update every 1 steps, delay 10 steps, check yes
  max neighbors/atom: 2000, page size: 100000
  master list distance cutoff = 6
  ghost atom cutoff = 6
  binsize = 3, bins = 4 4 4
  1 neighbor lists, perpetual/occasional/extra = 1 0 0
  (1) pair deepmd, perpetual
      attributes: , newton on
      pair build: full/bin/atomonly
      stencil: full/bin/3d
      bin: standard
Setting up Verlet run ...
  Unit style    : metal
  Current step  : 0
  Time step     : 0.002
Per MPI rank memory allocation (min/avg/max) = 3.949 | 3.949 | 3.949 Mbytes
Step Temp PotEng KinEng TotEng Press Volume Lx Ly Lz Xy Xz Yz 
       0          100   -23.999353  0.051704058   -23.947649   -690.62965    1029.8543    10.139055    10.031911     10.12499     0.093422    0.2396449    0.0019935 
      10    71.461193   -23.980697  0.036948337   -23.943749   -971.99724    1034.5236    10.154355    10.047049    10.140269  0.093562976   0.24000653 0.0019965082 
      20    72.480109   -23.977811  0.037475157   -23.940335   -1070.8324    1039.0999    10.169306    10.061842      10.1552  0.093700736   0.24035991 0.0019994479 
      30    62.459539   -23.969587  0.032294116   -23.937293   -953.24305    1043.5857    10.183919      10.0763    10.169792  0.093835376   0.24070529 0.0020023209 
      40    76.020643   -23.973625  0.039305757    -23.93432   -619.89281     1047.999    10.198255    10.090485    10.184108  0.093967468   0.24104413 0.0020051395 
      50    74.952232    -23.96724  0.038753346   -23.928487   -190.62993    1052.4108    10.212545    10.104624    10.198379  0.094099143    0.2413819 0.0020079493 
      60    91.869417    -23.97047  0.047500217    -23.92297    228.06155    1056.9065    10.227067    10.118992     10.21288  0.094232945   0.24172512 0.0020108045 
      70    111.23638   -23.972463  0.057513723   -23.914949    624.73548    1061.5855    10.242136    10.133903    10.227928  0.094371796    0.2420813 0.0020137674 
      80    140.37524   -23.982709  0.072579695   -23.910129     784.4526    1066.6221    10.258308    10.149904    10.244078  0.094520808   0.24246355 0.0020169471 
      90    187.15359   -23.997464  0.096766001   -23.900698    590.10465    1072.1563     10.27602    10.167428    10.261765  0.094684001   0.24288217 0.0020204294 
     100    197.75439    -23.98101   0.10224704   -23.878763    368.90171    1078.1752    10.295213    10.186418    10.280932  0.094860849   0.24333582 0.0020242031 
     110    196.82256   -23.961374   0.10176525   -23.859609    128.13177    1084.7754    10.316178    10.207162    10.301868  0.095054026   0.24383135 0.0020283252 
     120    147.82643   -23.921616  0.076432264   -23.845184   -70.561382    1092.0448    10.339171    10.229912    10.324829  0.095265881    0.2443748 0.0020328459 
     130    170.68099    -23.93688     0.088249   -23.848631   -53.270556    1099.9225    10.363973    10.254451    10.349596  0.095494405   0.24496101 0.0020377223 
     140    182.99233   -23.959713  0.094614458   -23.865098    143.60823    1108.4369    10.390646    10.280843    10.376232  0.095740176   0.24559145 0.0020429668 
     150    200.90303   -23.998246   0.10387502   -23.894371    441.50342     1117.668    10.419411    10.309304    10.404957  0.096005217   0.24627133 0.0020486224 
     160     141.2128   -23.991998  0.073012749   -23.918985    583.61258    1127.6812    10.450434    10.339999    10.435938  0.096291069    0.2470046 0.0020547221 
     170    113.48274    -23.99294  0.058675183   -23.934265    559.40621    1138.3757    10.483367    10.372584    10.468824   0.09659451   0.24778298 0.0020611971 
     180    73.232844   -23.978426  0.037864352   -23.940562     444.2861    1149.6011    10.517712    10.406567    10.503122  0.096910974   0.24859477   0.00206795 
     190    65.481376   -23.978542  0.033856529   -23.944686    150.31293    1161.3783    10.553507    10.441983    10.538867  0.097240787    0.2494408 0.0020749878 
     200    53.864226   -23.974602  0.027849991   -23.946752   -187.81844    1173.6844    10.590651    10.478735     10.57596  0.097583039   0.25031874  0.002082291 
     210    52.233458   -23.974591  0.027006817   -23.947584   -458.64987       1186.5    10.629059    10.516736    10.614314  0.097936928   0.25122653 0.0020898425 
     220     50.20271   -23.974303  0.025956838   -23.948347   -672.58678    1199.8421    10.668751    10.556009    10.653952  0.098302659    0.2521647 0.0020976467 
     230    56.217683   -23.977924  0.029066823   -23.948857   -770.26121    1213.7307    10.709758    10.596583    10.694902    0.0986805   0.25313394 0.0021057093 
     240    72.680392   -23.987283  0.037578712   -23.949704   -672.29843    1228.2188    10.752203     10.63858    10.737288  0.099071592   0.25413716 0.0021140547 
     250    86.982997   -23.995233  0.044973739   -23.950259    -452.3018    1243.4558    10.796484    10.682392    10.781507  0.099479598   0.25518377  0.002122761 
     260    105.06398   -24.003558  0.054322342   -23.949235   -164.84611    1259.5866     10.84297    10.728387    10.827928  0.099907918   0.25628249 0.0021319008 
     270    109.55751   -24.001477  0.056645676   -23.944832    195.36265    1276.7676    10.892047    10.776945    10.876938   0.10036012   0.25744248 0.0021415502 
     280    112.58226   -23.993673  0.058209595   -23.935463    528.30939    1295.2587    10.944378    10.828723    10.929196    0.1008423   0.25867936 0.0021518392 
     290    101.27498   -23.974802  0.052363272   -23.922439    733.26334     1315.371    11.000734    10.884483    10.985474   0.10136157   0.26001138 0.0021629197 
     300     105.8735   -23.964826  0.054740896   -23.910085     765.0911    1337.3902    11.061778    10.944883    11.046433   0.10192404   0.26145421  0.002174922 
     310    109.80236   -23.958655  0.056772277   -23.901883    591.89577    1361.6556    11.128279    11.010681    11.112841   0.10253678     0.263026 0.0021879971 
     320    124.82506    -23.96163  0.064539619    -23.89709    295.10383    1388.4861    11.200896     11.08253    11.185358   0.10320587   0.26474237 0.0022022747 
     330    131.69258   -23.964631   0.06809041    -23.89654   -82.279212    1418.2273    11.280305    11.161101    11.264657   0.10393756   0.26661928 0.0022178879 
     340    149.66606   -23.972461  0.077383428   -23.895078   -462.55118    1451.1866    11.367021      11.2469    11.351253   0.10473656   0.26866887 0.0022349376 
     350    144.55437   -23.969793  0.074740475   -23.895052   -629.07388    1487.6538    11.461449     11.34033     11.44555   0.10560663   0.27090076 0.0022535037 
     360    162.51744   -23.985841  0.084028112   -23.901813   -573.37294    1528.1304    11.564469    11.442262    11.548427   0.10655587   0.27333572 0.0022737591 
     370     131.7811   -23.977519  0.068136175   -23.909383    -428.0852    1573.2889    11.677281    11.553881    11.661082   0.10759532   0.27600212 0.0022959397 
     380    122.63619   -23.984213  0.063407887   -23.920805   -163.29951    1623.6887    11.800665    11.675962    11.784295   0.10873219   0.27891841  0.002320199 
     390    81.552173    -23.97054  0.042165783   -23.928374    151.70639     1680.035    11.935621    11.809491    11.919064   0.10997569    0.2821082 0.0023467334 
     400    66.035014   -23.971066  0.034142782   -23.936924     320.5237    1743.2549    12.083494    11.955802    12.066732    0.1113382    0.2856033 0.0023758076 
     410    42.476581   -23.969163  0.021962116   -23.947201    363.61173    1814.1677    12.245167    12.115766     12.22818   0.11282787   0.28942457 0.0024075951 
     420    47.485811   -23.980697  0.024552091   -23.956145    328.72716    1893.6321    12.421406    12.290143    12.404175   0.11445175   0.29359014 0.0024422466 
     430    50.094098   -23.989685  0.025900681   -23.963785    221.56455    1982.6402    12.613052    12.479764    12.595556   0.11621759   0.29811985 0.0024799273 
     440    61.187641   -24.000224  0.031636494   -23.968587    74.059527    2082.2684    12.820879    12.685394    12.803094   0.11813252     0.303032 0.0025207893 
     450    62.208949   -24.002633  0.032164551   -23.970469   -71.277003    2193.6379    13.045494    12.907636    13.027398   0.12020214   0.30834098 0.0025649523 
     460      65.4734   -24.004362  0.033852404    -23.97051   -182.94608    2317.8758    13.287266    13.146853    13.268834   0.12242984   0.31405544 0.0026124884 
     470    61.565319   -24.000521  0.031831768   -23.968689    -247.8971    2456.1307    13.546363    13.403212    13.527572   0.12481719   0.32017943 0.0026634311 
     480    59.382001   -23.997185  0.030702904   -23.966482   -264.12148    2609.5197    13.822685    13.676614    13.803511   0.12736324   0.32671052 0.0027177604 
     490    54.587149   -23.991992  0.028223771   -23.963768   -225.07171    2779.0821    14.115817    13.966648    14.096236   0.13006417   0.33363893 0.0027753948 
     500    50.516652   -23.985631  0.026119159   -23.959512   -130.73336    2965.6955    14.424953    14.272518    14.404943   0.13291258   0.34094562 0.0028361759 
     510    46.157184   -23.977226  0.023865137   -23.953361   -31.157593    3170.2419    14.749242    14.593379    14.728782    0.1359006   0.34861045 0.0028999362 
     520     49.63521   -23.973194  0.025663418   -23.947531    55.980267    3393.3692    15.087453    14.928017    15.066524    0.1390169   0.35660435  0.002966434 
     530    50.430531   -23.967239  0.026074631   -23.941164    126.05283    3635.5169    15.438116    15.274973      15.4167   0.14224793   0.36489254 0.0030353798 
     540    70.769246   -23.975389  0.036590572   -23.938799    139.57799    3896.8852    15.799552     15.63259    15.777635   0.14557823   0.37343538 0.0031064439 
     550    92.710186   -23.986791  0.047934928   -23.938856    97.876159    4177.2598    16.169728    15.998855    16.147298   0.14898907   0.38218481 0.0031792265 
     560    119.72472    -23.99935  0.061902538   -23.937447    47.454599     4475.865    16.546186    16.371334    16.523233   0.15245777   0.39108269  0.003253244 
     570    122.94933   -23.996331  0.063569794   -23.932761   -19.977831    4791.9952     16.92691    16.748035    16.903429   0.15596579   0.40008143 0.0033281005 
     580     120.0455   -23.987304  0.062068395   -23.925235   -75.904477    5124.1183    17.309264    17.126349    17.285253   0.15948883   0.40911868 0.0034032775 
     590    92.658237   -23.968297  0.047908069   -23.920389   -87.222212    5470.2732    17.690573    17.503628    17.666033   0.16300224   0.41813123 0.0034782489 
     600    89.938213    -23.96325  0.046501706   -23.916748    -66.30927    5828.6799    18.068786    17.877844    18.043721   0.16648712   0.42707059 0.0035526115 
     610    87.411568   -23.960571  0.045195328   -23.915376   -21.475182    6197.6838    18.442312    18.247423    18.416729   0.16992882    0.4358992 0.0036260527 
     620    106.98111   -23.972161  0.055313576   -23.916847    37.575453      6575.58    18.809774    18.611002    18.783682   0.17331464   0.44458447 0.0036983017 
     630    113.16512   -23.975667  0.058510957   -23.917157    86.210628    6961.0692    19.170387    18.967804    19.143794   0.17663735   0.45310784 0.0037692039 
     640     127.7764   -23.986335  0.066065584    -23.92027     127.1172    7352.5025    19.523183    19.316872    19.496101   0.17988804   0.46144646 0.0038385692 
     650    129.04274   -23.988343  0.066720333   -23.921622    137.37366    7749.1862    19.868158    19.658201    19.840597   0.18306666   0.46960022 0.0039063967 
     660    128.97586   -23.989756  0.066685755   -23.923071    108.14034    8150.1281    20.205071    19.991554    20.177042   0.18617101   0.47756344 0.0039726392 
     670    121.58411   -23.986554  0.062863918    -23.92369    64.005779    8553.4387    20.533003    20.316021     20.50452    0.1891926    0.4853144  0.004037116 
     680    113.90414   -23.983643  0.058893064    -23.92475    12.191703    8957.5126    20.851375    20.631029    20.822451    0.1921261   0.49283938  0.004099713 
     690    91.021599   -23.974928  0.047061861   -23.927866    -44.71218    9360.9855    21.159858    20.936252    21.130506   0.19496849   0.50013063 0.0041603657 
     700    69.514129   -23.968878  0.035941626   -23.932936   -84.047053    9761.7577    21.457621    21.230868    21.427855    0.1977121    0.5071685 0.0042189106 
     710    50.428151   -23.966821    0.0260734   -23.940748   -97.568584     10157.68    21.743881    21.514103    21.713718   0.20034972   0.51393449 0.0042751939 
     720    47.596285   -23.975646  0.024609211   -23.951037   -90.746152    10547.399    22.018481    21.785801    21.987937    0.2028799   0.52042489 0.0043291846 
     730    43.744169   -23.983524   0.02261751   -23.960906   -66.738665    10929.962    22.281536    22.046076    22.250627   0.20530371    0.5266424 0.0043809053 
     740      48.1698   -23.993621  0.024905741   -23.968715    -33.68188     11304.95    22.533489    22.295367    22.502231   0.20762523   0.53259753 0.0044304435 
     750    49.540012   -23.999716  0.025614196   -23.974102    1.3505167    11671.975    22.774754    22.534081    22.743161   0.20984825   0.53830001 0.0044778798 
     760     49.13358   -24.001935  0.025404055   -23.976531    32.129102    12030.918    23.005861    22.762747    22.973947   0.21197769   0.54376242 0.0045233192 
     770    44.772245   -23.999527  0.023149068   -23.976378    53.500612    12381.795    23.227373    22.981918    23.195152   0.21401872   0.54899804 0.0045668721 
     780    43.791303   -23.997944  0.022641881   -23.975302    61.793501    12724.629    23.439802    23.192102    23.407287   0.21597606   0.55401898  0.004608639 
     790     47.75032   -23.997753  0.024688853   -23.973065    57.807953    13059.084    23.643393    23.393542    23.610595   0.21785196   0.55883102 0.0046486683 
     800    50.164725   -23.995268  0.025937199   -23.969331    41.830616    13384.861    23.838386    23.586474    23.805318   0.21964864   0.56343984  0.004687007 
     810    57.632077   -23.993796  0.029798123   -23.963998    15.894167    13701.615    24.024968    23.771084    23.991641   0.22136782   0.56784986  0.004723692 
     820    54.458196   -23.983645  0.028157097   -23.955488   -12.766018    14008.687    24.203121    23.947355    24.169547   0.22300934   0.57206065 0.0047587197 
     830    58.197454   -23.975227  0.030090445   -23.945136    -38.15723     14305.17    24.372677    24.115119    24.338868   0.22457164   0.57606824 0.0047920571 
     840    55.373064   -23.963267  0.028630121   -23.934637   -56.856088    14590.152    24.533462    24.274205    24.499429   0.22605312   0.57986852 0.0048236699 
     850    73.714932   -23.966243  0.038113611   -23.928129   -58.863699     14862.38    24.685107    24.424248    24.650864   0.22745039   0.58345279 0.0048534859 
     860    92.525616   -23.973777  0.047839498   -23.925938   -41.048405    15121.404    24.827687    24.565321    24.793247   0.22876413   0.58682278 0.0048815194 
     870    129.53817   -23.993078   0.06697649   -23.926101    -14.67043    15367.944    24.961891    24.698107    24.927264    0.2300007   0.58999481  0.004907906 
     880    136.31742   -23.997959  0.070481639   -23.927478    18.498996    15602.127    25.088046    24.822928    25.053244    0.2311631   0.59297657   0.00493271 
     890    134.52877   -23.993017  0.069556834    -23.92346    54.370054    15824.641     25.20675    24.940378    25.171784   0.23225685   0.59578224 0.0049560491 
     900    107.70993   -23.970541  0.055690405    -23.91485    70.073772    16037.765    25.319406    25.051843    25.284283   0.23329486   0.59844495  0.004978199 
     910    110.62224   -23.968216  0.057196186    -23.91102    65.413793     16241.49    25.426165    25.157474    25.390894   0.23427855   0.60096829 0.0049991895 
     920    96.585135   -23.961088  0.049938434    -23.91115    45.860333    16435.031    25.526763    25.257009    25.491352   0.23520547   0.60334601 0.0050189687 
     930    122.33057    -23.98074  0.063249867    -23.91749    10.292014    16617.373     25.62082    25.350072    25.585279   0.23607211   0.60556912 0.0050374618 
     940    103.95435   -23.974421  0.053748619   -23.920672   -27.685332     16786.41    25.707401    25.435738     25.67174   0.23686988   0.60761554 0.0050544851 
     950    115.18116   -23.982798  0.059553334   -23.923245   -56.352975    16939.969    25.785552    25.513063    25.749782   0.23758997    0.6094627 0.0050698508 
     960    89.609068   -23.971335  0.046331525   -23.925003   -73.049933    17076.588    25.854686    25.581466     25.81882   0.23822697   0.61109673 0.0050834436 
     970    104.83832   -23.983535  0.054205664    -23.92933   -73.911658    17194.683    25.914149    25.640302    25.878201   0.23877487    0.6125022 0.0050951351 
     980    95.853265   -23.985231  0.049560028   -23.935671    -56.05908    17293.159    25.963526    25.689157     25.92751   0.23922984   0.61366926 0.0051048434 
     990     112.4438   -24.000884  0.058138007   -23.942746    -26.87298    17372.424    26.003135    25.728347    25.967063   0.23959479   0.61460544  0.005112631 
    1000    93.533626   -23.994987   0.04836068   -23.946626    5.5761816    17432.982    26.033314    25.758207    25.997201   0.23987287   0.61531876 0.0051185648 
    1010    81.597521   -23.990022   0.04218923   -23.947833     36.13095    17475.113    26.054269    25.778941    26.018127   0.24006595   0.61581406 0.0051226849 
    1020    56.490588   -23.975862  0.029207927   -23.946654    56.939115    17499.348    26.066308    25.790852    26.030149   0.24017687   0.61609859 0.0051250519 
    1030    42.089856    -23.96989  0.021762163   -23.948128     62.85622    17505.837    26.069529     25.79404    26.033366   0.24020656   0.61617473 0.0051256853 
    1040    43.957093   -23.975526  0.022727601   -23.952798     54.56773    17493.992    26.063648    25.788221    26.027493   0.24015237   0.61603573 0.0051245289 
    1050    42.745643   -23.980429  0.022101232   -23.958328    34.553617    17462.787    26.048142    25.772879    26.012008   0.24000949   0.61566924 0.0051214802 
    1060    56.237566   -23.992864  0.029077104   -23.963786    7.6791957    17411.067    26.022401    25.747409    25.986303   0.23977231   0.61506081 0.0051164191 
    1070    46.032518    -23.98967   0.02380068    -23.96587   -18.779712    17337.402    25.985649    25.711046    25.949602   0.23943368   0.61419217 0.0051091932 
    1080    55.277336   -23.994912  0.028580626   -23.966331   -41.646248    17240.915    25.937354    25.663261    25.901374   0.23898869   0.61305067 0.0050996975 
    1090    44.079176   -23.987774  0.022790723   -23.964983   -56.410202    17120.638    25.876898    25.603444    25.841002   0.23843164   0.61162174 0.0050878109 
    1100    62.549007    -23.99616  0.032340375    -23.96382    -59.33065    16976.065    25.803854    25.531172    25.768059   0.23775861   0.60989528 0.0050734493 
    1110    62.196073   -23.993336  0.032157894   -23.961178   -49.508687    16807.152    25.717985    25.446211    25.682309    0.2369674    0.6078657 0.0050565661 
    1120    92.641898   -24.005607  0.047899621   -23.957707   -29.519851    16614.525    25.619356    25.348624    25.583817   0.23605863   0.60553452 0.0050371741 
    1130    89.979062   -23.994412  0.046522827    -23.94789   0.68491758    16398.815    25.507999    25.238443    25.472614   0.23503258   0.60290251 0.0050152795 
    1140    100.45106   -23.983346  0.051937273   -23.931409     35.63014    16161.613    25.384413    25.116164      25.3492   0.23389385   0.59998146 0.0049909806 
    1150    84.140221   -23.955432  0.043503909   -23.911928    62.687372    15905.527    25.249624    24.982799    25.214598   0.23265189   0.59679561 0.0049644789 
    1160    108.19583    -23.95706  0.055941633   -23.901118    67.993266    15633.586    25.104896    24.839601    25.070071   0.23131836   0.59337485 0.0049360231 
    1170    138.56448   -23.973217  0.071643457   -23.901573    47.864034    15347.558    24.950849    24.687181    24.916237   0.22989895    0.5897338 0.0049057348 
    1180    165.86097   -23.990711  0.085756854   -23.904954    8.4534671    15047.601    24.787229    24.525291    24.752845   0.22839135   0.58586653 0.0048735647 
    1190    166.66158   -23.985107  0.086170801   -23.898936   -42.633335     14733.46    24.613525    24.353422    24.579381   0.22679083   0.58176088 0.0048394116 
    1200    132.48441   -23.960678  0.068499817   -23.892178   -78.571768    14403.002    24.428112    24.169968    24.394226   0.22508242    0.5773785 0.0048029565 
    1210    117.89611   -23.954214  0.060957075   -23.893257   -89.068428    14055.643    24.230133    23.974081    24.196521   0.22325823    0.5726991 0.0047640307 
    1220    97.013872   -23.947961  0.050160109   -23.897801   -78.951023    13692.255    24.019496     23.76567    23.986176    0.2213174   0.56772052  0.004722616 
    1230    122.47319   -23.972254  0.063323609   -23.908931   -44.732866     13313.52    23.795958    23.544494    23.762948    0.2192577   0.56243701 0.0046786649 
    1240    115.32181   -23.978702  0.059626057   -23.919076    6.4195357    12921.231    23.559905    23.310936    23.527223   0.21708269    0.5568577 0.0046322531 
    1250    124.76335   -23.992052  0.064507713   -23.927544    55.191113    12517.569    23.311965    23.065616    23.279627   0.21479816   0.55099745 0.0045835043 
    1260    94.111525    -23.98302  0.048659478   -23.934361    95.900793    12103.865    23.052264     22.80866    23.020286   0.21240526    0.5448592 0.0045324429 
    1270    94.261777   -23.988769  0.048737164   -23.940031    118.28515     11681.77    22.781122    22.540383     22.74952   0.20990693   0.53845053  0.004479132 
    1280    76.050922   -23.984569  0.039321413   -23.945247    111.53474    11252.842    22.498815    22.261059    22.467605   0.20730573   0.53177796 0.0044236258 
    1290    86.734532   -23.995522  0.044845273   -23.950677    81.553069    10817.784    22.205045    21.970394    22.174243   0.20459892   0.52483449 0.0043658661 
    1300    73.865002   -23.990949  0.038191203   -23.952758    34.661065    10377.651    21.899721    21.668296    21.869342   0.20178564    0.5176179 0.0043058345 
    1310    74.608301   -23.991062  0.038575519   -23.952486   -22.942159    9933.7184    21.582886    21.354809    21.552946   0.19886629   0.51012923 0.0042435396 
    1320     53.34093   -23.976673  0.027579426   -23.949093   -78.689895      9487.52    21.254773    21.030163    21.225288   0.19584304   0.50237401 0.0041790274 
    1330    49.502921   -23.970203  0.025595019   -23.944608   -118.65403    9040.6244    20.915666     20.69464    20.886652   0.19271849   0.49435896 0.0041123536 
    1340    46.924248   -23.964673   0.02426174   -23.940411    -135.8698    8595.2651    20.566418    20.349082    20.537888   0.18950048   0.48610418 0.0040436858 
    1350    74.550121   -23.975938  0.038545438   -23.937393    -121.0351    8153.8157    20.208118    19.994568    20.180085   0.18619908   0.47763546 0.0039732383 
    1360    101.53424   -23.984077  0.052497324   -23.931579   -71.881967    7719.0966    19.842409    19.632724    19.814883   0.18282941   0.46899163  0.003901334 
    1370     149.2964   -23.996811  0.077192298   -23.919619    10.320108    7293.6651    19.470966    19.265207    19.443956   0.17940691   0.46021228 0.0038283025 
    1380    172.02706   -23.983824  0.088944969   -23.894879    119.90038    6880.4124    19.096058     18.89426    19.069568   0.17595248   0.45135101 0.0037545896 
    1390    196.18688   -23.960288   0.10143658   -23.858851    238.14568    6482.8856     18.72097    18.523136    18.695001   0.17249639   0.44248551 0.0036808414 
    1400     186.7457   -23.928411  0.096555107   -23.831856    294.30299    6105.3338    18.350252    18.156336    18.324797   0.16908057   0.43372328 0.0036079523 
    1410    231.30919    -23.95743   0.11959624   -23.837834    227.84035    5750.2421    17.987367    17.797286    17.962416   0.16573692    0.4251462 0.0035366034 
    1420    240.13078   -23.980598   0.12415736    -23.85644    85.716423    5417.5628    17.633569    17.447226    17.609108     0.162477   0.41678388 0.0034670409 
    1430    233.01753   -23.994642   0.12047952   -23.874162   -103.78001    5106.6354    17.289556    17.106849    17.265572   0.15930724   0.40865286 0.0033994026 
    1440    174.07458   -23.972103  0.090003622   -23.882099   -292.33748    4816.1264    16.955276    16.776101    16.931756   0.15622716   0.40075187 0.0033336777 
    1450    119.06111   -23.952488  0.061559427   -23.890928   -389.71977    4544.4376    16.630256    16.454516    16.607187    0.1532324   0.39306977 0.0032697737 
    1460     106.0715   -23.957668  0.054843267   -23.902825   -397.41257    4290.9435    16.315103    16.142694    16.292471   0.15032856   0.38562087 0.0032078096 
    1470    95.281962   -23.962738  0.049264641   -23.913473   -333.62465    4055.2829    16.010785    15.841591    15.988575   0.14752454   0.37842805 0.0031479756 
    1480    119.17556   -23.986017  0.061618598   -23.924398   -186.52776    3836.8345    15.717975    15.551875    15.696171   0.14482657   0.37150724 0.0030904045 
    1490    104.42367   -23.984546  0.053991273   -23.930554    17.940391    3635.1194    15.437553    15.274417    15.416138   0.14224275   0.36487924 0.0030352691 
    1500    106.40318   -23.988326  0.055014763   -23.933311    222.47604    3449.6386    15.170391    15.010078    15.149346   0.13978109   0.35856464 0.0029827408 
    1510    70.324955   -23.969927  0.036360856   -23.933566    401.11563    3279.7265    14.917113    14.759476     14.89642   0.13744737   0.35257821 0.0029329423 
    1520    74.426896   -23.974402  0.038481725    -23.93592    508.03851    3124.6755    14.678236    14.523124    14.657875   0.13524635   0.34693217 0.0028859754 
    1530    64.150533   -23.974627  0.033168429   -23.941458     491.8773    2983.6887    14.454067    14.301324    14.434017   0.13318084   0.34163375 0.0028419001 
    1540    91.396863   -23.995867  0.047255887   -23.948611    366.45288    2855.6919    14.244351    14.093824    14.224592    0.1312485   0.33667695 0.0028006667 
    1550    91.095371   -23.999024  0.047100004   -23.951924    155.06984    2739.7051     14.04883    13.900369    14.029342   0.12944695   0.33205564 0.0027622241 
    1560    104.74799   -24.004332  0.054158963   -23.950173   -116.93618    2634.7263     13.86705     13.72051    13.847813   0.12777201   0.32775911 0.0027264831 
    1570    79.192967   -23.983961  0.040945977   -23.943015   -381.96889    2539.7403    13.698363    13.553606    13.679361   0.12621772   0.32377206 0.0026933166 
    1580    74.288804   -23.973702  0.038410326   -23.935292   -573.18074    2453.7501    13.541985    13.398881      13.5232   0.12477685   0.32007595 0.0026625703 
    1590    60.271601    -23.95866  0.031162864   -23.927497    -659.7875    2375.9987    13.397414    13.255836    13.378829   0.12344475   0.31665887 0.0026341452 
    1600     90.83904   -23.969948   0.04696747   -23.922981   -602.78003    2305.7486    13.264052    13.123884    13.245652   0.12221595   0.31350676 0.0026079242 
    1610    111.75768   -23.976229  0.057783256   -23.918446   -393.61135    2242.4273    13.141503     13.00263    13.123273   0.12108677   0.31061021  0.002583829 
    1620    154.40309   -23.991903  0.079832664    -23.91207   -57.805939    2185.5388     13.02942    12.891731    13.011345   0.12005403   0.30796103 0.0025617917 
    1630     154.8149    -23.97986  0.080045586   -23.899814    345.60706    2134.7246    12.927648    12.791035    12.909715    0.1191163   0.30555558 0.0025417818 
    1640    171.85805   -23.972771  0.088857584   -23.883913    734.77225    2089.7263    12.836167    12.700521    12.818361   0.11827339   0.30339335 0.0025237952 
    1650    157.14773   -23.948862  0.081251753    -23.86761    987.31625    2050.3455    12.755023    12.620234    12.737329   0.11752572   0.30147545  0.002507841 
    1660    174.75616   -23.952429  0.090356025   -23.862073    989.67617    2016.3037    12.684038        12.55    12.666443   0.11687166   0.29979767 0.0024938843 
    1670     192.9885   -23.968072  0.099782884   -23.868289    740.27459    1987.1147    12.622534    12.489145    12.605024   0.11630495   0.29834396 0.0024817915 
    1680    201.09542   -23.983978   0.10397449   -23.880004    303.92924    1962.1475    12.569445    12.436618    12.552009   0.11581579   0.29708917 0.0024713535 
    1690    175.84828   -23.984652  0.090920697   -23.893731    -183.3444    1940.5456    12.523148     12.39081    12.505776   0.11538921   0.29599489 0.0024622507 
    1700    114.68741   -23.966662  0.059298044   -23.907364   -580.32043     1921.436    12.481905    12.350003     12.46459   0.11500919   0.29502008 0.0024541416 
    1710    89.267976    -23.96865  0.046155166   -23.922495   -793.02636     1904.114    12.444283    12.312778     12.42702   0.11466254   0.29413085 0.0024467445 
    1720    49.162655   -23.959503  0.025419088   -23.934084   -826.70733      1888.16     12.40943    12.278293    12.392216    0.1143414   0.29330707 0.0024398918 
    1730    66.979701   -23.979525  0.034631223   -23.944894   -708.66311    1873.2736    12.376732    12.245941    12.359563   0.11404011   0.29253422 0.0024334628 
    1740    65.149247   -23.986252  0.033684804   -23.952568   -454.65785    1859.2607    12.345793    12.215329    12.328667   0.11375504   0.29180296 0.0024273798 
    1750    93.966578   -24.006662  0.048584534   -23.958078   -110.78809    1846.0167    12.316409    12.186255    12.299324    0.1134843   0.29110844 0.0024216025 
    1760    74.318645    -23.99709  0.038425755   -23.958664    252.29897    1833.5365    12.288591    12.158731    12.271544   0.11322798   0.29045094  0.002416133 
    1770    82.525777   -23.998956  0.042669176   -23.956286    572.85554    1821.7936      12.2623    12.132719     12.24529   0.11298574   0.28982954 0.0024109639 
    1780    53.113823   -23.978028  0.027462002   -23.950566    792.20427    1810.8012    12.237588    12.108267    12.220612   0.11275803   0.28924544  0.002406105 
    1790    67.702604   -23.982314  0.035004994   -23.947309    846.29792    1800.5558    12.214464    12.085388    12.197521   0.11254497    0.2886989 0.0024015585 
    1800    62.213624   -23.977234  0.032166968   -23.945067    712.21742    1791.0455    12.192921    12.064073    12.176007   0.11234647   0.28818971 0.0023973228 
    1810    96.695543   -23.993968   0.04999552   -23.943972    431.62998    1782.1438    12.172688    12.044053    12.155802   0.11216004   0.28771147 0.0023933446 
    1820    94.668303    -23.98854  0.048947354   -23.939592    37.539825    1773.7693    12.153591    12.025158    12.136732   0.11198408    0.2872601 0.0023895898 
    1830    102.04699   -23.983565  0.052762434   -23.930803   -387.02309    1765.7722    12.135298    12.007059    12.118464   0.11181553   0.28682774 0.0023859932 
    1840     80.97601   -23.960643  0.041867883   -23.918775   -731.12461    1758.0032    12.117475    11.989423    12.100665    0.1116513   0.28640647 0.0023824888 
    1850    90.582344   -23.955499  0.046834747   -23.908664   -934.89969    1750.3335    12.099827    11.971962    12.083042    0.1114887   0.28598935  0.002379019 
    1860    100.75848   -23.954503  0.052096225   -23.902407   -935.19253    1742.6964    12.082203    11.954525    12.065443   0.11132631    0.2855728 0.0023755539 
    1870    143.03601   -23.977051  0.073955422   -23.903096    -674.4968    1735.0828    12.064583     11.93709    12.047847   0.11116395   0.28515632 0.0023720894 
    1880     171.5546   -23.994318  0.088700692   -23.905617   -250.57992     1727.676    12.047391     11.92008    12.030679   0.11100554   0.28474998 0.0023687092 
    1890    173.75445   -23.996074  0.089838099   -23.906236    237.76742    1720.6684     12.03108    11.903942    12.014391   0.11085526   0.28436446 0.0023655023 
    1900    146.09169   -23.974433  0.075535334   -23.898898    709.19172    1714.2006    12.015987    11.889008    11.999318   0.11071618   0.28400772 0.0023625347 
    1910    108.27648   -23.950812  0.055983335   -23.894828    955.20267    1708.5064    12.002667    11.875829    11.986017   0.11059346    0.2836929 0.0023599158 
    1920      111.527   -23.962209  0.057663985   -23.904545    892.54288    1703.6353     11.99125    11.864532    11.974615   0.11048825   0.28342303 0.0023576709 
    1930    108.29431   -23.978834  0.055992554   -23.922842    595.48313    1699.4156    11.981341    11.854728    11.964721   0.11039696   0.28318884 0.0023557228 
    1940    116.40009   -24.002463   0.06018357   -23.942279    174.96952    1695.5292    11.972201    11.845685    11.955593   0.11031274    0.2829728 0.0023539256 
    1950    86.638914   -23.998997  0.044795834   -23.954201   -233.22515    1691.6564    11.963078    11.836659    11.946483   0.11022868   0.28275719 0.0023521321 
    1960    67.192975   -23.995745  0.034741495   -23.961003   -537.54388    1687.5439    11.953376    11.827059    11.936795   0.11013929   0.28252786 0.0023502244 
    1970    40.772948   -23.985461  0.021081268    -23.96438   -699.19209    1683.0723    11.942809    11.816604    11.926242   0.11004192    0.2822781 0.0023481468 
    1980    36.717327    -23.98575  0.018984348   -23.966766   -720.48735    1678.1893    11.931248    11.805165    11.914697    0.1099354   0.28200485 0.0023458737 
    1990    33.488049   -23.985843   0.01731468   -23.968528   -616.50388    1672.8972    11.918693    11.792743     11.90216   0.10981972   0.28170811 0.0023434052 
    2000    46.446246   -23.994459  0.024014594   -23.970444   -390.44871    1667.1952    11.905137    11.779329    11.888622    0.1096948   0.28138768 0.0023407398 
    2010    49.714426   -23.996086  0.025704375   -23.970381   -73.968806    1661.1383    11.890702    11.765047    11.874207    0.1095618   0.28104651 0.0023379017 
    2020    51.893114   -23.994234  0.026830846   -23.967403    266.50667     1654.804    11.875569    11.750074    11.859095   0.10942236   0.28068882 0.0023349263 
    2030    43.091081   -23.984232  0.022279838   -23.961952    565.56504    1648.3008    11.859992    11.734661     11.84354   0.10927883   0.28032065 0.0023318636 
    2040    43.078541    -23.97801  0.022273354   -23.955737     780.4754    1641.7028    11.844146    11.718983    11.827716   0.10913283   0.27994611  0.002328748 
    2050    48.638272   -23.976516   0.02514796   -23.951368    827.08192    1635.1281    11.828313    11.703318    11.811905   0.10898695    0.2795719 0.0023256351 
    2060    71.654277   -23.987058  0.037048169    -23.95001    672.91107    1628.6139    11.812585    11.687755    11.796199   0.10884202   0.27920014 0.0023225426 
    2070    91.572426   -23.995149   0.04734666   -23.947803    362.79686     1622.162    11.796966    11.672301    11.780601   0.10869811   0.27883097 0.0023194716 
    2080    111.67347   -24.000258  0.057739714   -23.942518   -52.290393     1615.727    11.781345    11.656846    11.765002   0.10855418   0.27846178 0.0023164004 
    2090    104.43459   -23.987038  0.053996924   -23.933041   -499.56913    1609.2392    11.765555    11.641223    11.749234   0.10840869   0.27808857 0.0023132959 
    2100    96.878159   -23.972727  0.050089939   -23.922637   -834.03221    1602.5366    11.749198    11.625038    11.732899   0.10825797   0.27770194 0.0023100797 
    2110    85.031359   -23.958763  0.043964663   -23.914799    -978.7661    1595.5659    11.732138    11.608158    11.715863   0.10810078   0.27729871 0.0023067254 
    2120    103.47056   -23.965522  0.053498481   -23.912023   -916.10093    1588.3202    11.714352     11.59056    11.698102    0.1079369   0.27687832 0.0023032284 
    2130    116.00089   -23.973465  0.059977166   -23.913487   -631.60629    1580.8231    11.695891    11.572295    11.679667    0.1077668     0.276442 0.0022995988 
    2140    148.08064   -23.992666  0.076563698   -23.916103   -163.43584    1573.1511     11.67694    11.553544    11.660742   0.10759218   0.27599407 0.0022958726 
    2150    142.14895   -23.989425  0.073496773   -23.915928    360.91747    1565.5079    11.657998    11.534802    11.641826   0.10741765   0.27554636 0.0022921484 
    2160      135.163   -23.983285  0.069884754     -23.9134    796.99096     1558.087    11.639549    11.516548    11.623402   0.10724765   0.27511029 0.0022885209 
    2170    102.31782   -23.963495  0.052902464   -23.910592    1061.5687    1550.9802    11.621825    11.499011    11.605703   0.10708434   0.27469137 0.0022850361 
    2180    106.16774   -23.968753  0.054893032    -23.91386    1076.7711    1544.2038    11.604874     11.48224    11.588776   0.10692816   0.27429074 0.0022817034 
    2190    104.27867   -23.974883  0.053916305   -23.920967    835.57579    1537.7349    11.588647    11.466184    11.572571   0.10677864   0.27390718 0.0022785128 
    2200     117.1655   -23.990764  0.060579319   -23.930185    411.33182    1531.4647    11.572874    11.450578     11.55682   0.10663331   0.27353438 0.0022754116 
    2210    106.74651   -23.991822  0.055192275    -23.93663   -86.681453    1525.1931    11.557055    11.434926    11.541023   0.10648755   0.27316048 0.0022723013 
    2220    88.121583   -23.985193  0.045562435   -23.939631    -539.3739    1518.6943    11.540617    11.418661    11.524608   0.10633609   0.27277196 0.0022690694 
    2230    63.193519   -23.976033  0.032673614    -23.94336   -831.75403    1511.7787    11.523073    11.401303    11.507088   0.10617444   0.27235729 0.0022656199 
    2240    43.664538   -23.972163  0.022576338   -23.949587   -930.57462     1504.359     11.50419     11.38262    11.488232   0.10600045   0.27191099 0.0022619073 
    2250    42.736895   -23.980458  0.022096709   -23.958362   -840.07316    1496.3743    11.483801    11.362446     11.46787   0.10581258   0.27142906 0.0022578984 
    2260    41.911871   -23.989118  0.021670138   -23.967448   -587.69447    1487.8135    11.461859    11.340736    11.445959   0.10561041   0.27091045 0.0022535843 
    2270    52.727557   -24.002245  0.027262287   -23.974982   -232.40912    1478.7143    11.438445    11.317569    11.422578   0.10539467   0.27035704 0.0022489807 
    2280    42.076882   -23.999954  0.021755456   -23.978199    132.88787    1469.1575     11.41375    11.293135    11.397917   0.10516713   0.26977335 0.0022441253 
    2290    43.806539   -24.001744  0.022649758   -23.979094    450.94413    1459.1666    11.387818    11.267477    11.372021   0.10492819   0.26916044 0.0022390267 
    2300    25.377034   -23.990542  0.013120956   -23.977421    692.76504    1448.7416    11.360633     11.24058    11.344874   0.10467771    0.2685179 0.0022336817 
    2310    31.732114     -23.9925  0.016406791   -23.976093    801.84683    1437.8958    11.332212    11.212459    11.316492   0.10441584   0.26784615 0.0022280937 
    2320    24.983878   -23.988467  0.012917679   -23.975549    733.97924     1426.645    11.302579    11.183139      11.2869   0.10414279   0.26714573 0.0022222673 
    2330    49.133968   -24.000774  0.025404255    -23.97537    511.26704    1414.9368    11.271574    11.152462    11.255939   0.10385711   0.26641292 0.0022161713 
    2340    47.899793   -23.997133  0.024766137   -23.972367    176.13223    1402.6929    11.238968      11.1202    11.223377   0.10355668   0.26564224 0.0022097604 
    2350    67.791775   -24.002062  0.035051099   -23.967011   -247.91176    1389.8438    11.204545    11.086141    11.189002    0.1032395   0.26482862 0.0022029923 
    2360    48.401427   -23.981634  0.025025502   -23.956609   -671.42509    1376.3083    11.168053    11.050035    11.152561   0.10290326   0.26396611 0.0021958174 
    2370     56.49815   -23.976766  0.029211836   -23.947554     -964.751    1361.9614    11.129112    11.011505    11.113673   0.10254445   0.26304569 0.0021881609 
    2380     48.51391   -23.966463   0.02508366    -23.94138   -1060.4822    1346.7171    11.087433    10.970267    11.072053   0.10216043    0.2620606 0.0021799663 
    2390    73.002836   -23.977669  0.037745429   -23.939923   -932.82179    1330.5494    11.042885     10.92619    11.027567   0.10174996   0.26100767 0.0021712074 
    2400     93.10441   -23.989176  0.048138758   -23.941037    -544.9754    1313.4839     10.99547    10.879276    10.980218   0.10131307   0.25988697 0.0021618849 
    2410    114.56869   -24.000624  0.059236664   -23.941388  0.066561278    1295.6381    10.945446     10.82978    10.930263   0.10085214   0.25870461 0.0021520493 
    2420    118.47506   -23.998803  0.061256414   -23.937547    551.86368    1277.1278    10.893071    10.777959    10.877961   0.10036956   0.25746669 0.0021417516 
    2430    97.889851   -23.981235  0.050613025   -23.930621    1073.0736     1258.002    10.838421    10.723886    10.823386  0.099866005   0.25617498 0.0021310064 
    2440    99.632055   -23.973884  0.051513815    -23.92237    1407.7541    1238.3925     10.78181    10.667873    10.766853  0.099344388   0.25483693 0.0021198758 
    2450    85.276182   -23.961963  0.044091246   -23.917872    1393.8669    1218.4082    10.723499    10.610178    10.708623  0.098807104    0.2534587 0.0021084109 
    2460    121.83075   -23.981602  0.062991441   -23.918611    1065.8765    1198.0241     10.66336    10.550675    10.648568  0.098252983   0.25203728 0.0020965867 
    2470    118.49566   -23.979934  0.061267063   -23.918667    510.49117     1177.174    10.601137     10.48911    10.586431  0.097679656   0.25056658 0.0020843527 
    2480    145.48656   -23.992389  0.075222458   -23.917167   -198.83863    1155.8064    10.536602    10.425257    10.521986  0.097085028   0.24904125 0.0020716641 
    2490    105.20801   -23.964766  0.054396809   -23.910369   -890.94293    1133.8416     10.46943    10.358794    10.454907  0.096466095   0.24745357 0.0020584569 
    2500    110.86552   -23.962505   0.05732197   -23.905183   -1389.3923    1111.1735     10.39919    10.289297    10.384764  0.095818901    0.2457934 0.0020446466 
    2510    86.126479   -23.947598  0.044530885   -23.903067   -1598.3089    1087.7809    10.325697     10.21658    10.311373  0.095141729   0.24405633 0.0020301967 
    2520    123.59963   -23.972188  0.063906025   -23.908282   -1426.5304    1063.6607    10.248806    10.140502    10.234589   0.09443325   0.24223894 0.0020150787 
    2530    122.81732   -23.980421  0.063501539   -23.916919   -925.37865    1038.9194    10.168718     10.06126    10.154612   0.09369531   0.24034599 0.0019993321 
    2540    152.06239   -24.005613  0.078622426   -23.926991   -201.41021    1013.6552    10.085613    9.9790337    10.071623  0.092929582   0.23838176 0.0019829925 
    2550    108.65438   -23.986382  0.056178725   -23.930204    585.62951    988.02577    9.9998846    9.8942109    9.9860129  0.092139671   0.23635549 0.0019661368 
    2560    96.312106   -23.980253  0.049797267   -23.930455    1207.2755    962.14711    9.9118044    9.8070615    9.8980549  0.091328094   0.23427364 0.0019488189 
    2570    49.147778   -23.958965  0.025411396   -23.933554    1467.4478    936.12289    9.8216213    9.7178314    9.8079969   0.09049714   0.23214209 0.0019310874 
    2580    66.764534    -23.97749  0.034519973    -23.94297    1373.0067    909.96391    9.7292707    9.6264567    9.7157743  0.089646214    0.2299593 0.0019129298 
    2590    56.953007   -23.983635  0.029447016   -23.954188    922.40563    883.69548     9.634735      9.53292    9.6213698  0.088775156   0.22772488 0.0018943426 
    2600    81.985082   -24.005738  0.042389614   -23.963348    228.75368    857.29449    9.5378153    9.4370245    9.5245845   0.08788213    0.2254341 0.0018752866 
    2610    63.040196   -23.998302  0.032594339   -23.965708   -489.44678    830.74358     9.438317    9.3385777    9.4252243  0.086965346   0.22308238 0.0018557237 
    2620      64.0205   -23.997968  0.033101196   -23.964867   -1129.8936    804.06906    9.3361972     9.237537    9.3232461  0.086024406   0.22066869 0.0018356453 
    2630    43.532204   -23.984649  0.022507916   -23.962141   -1591.1093    777.32277    9.2315089     9.133955    9.2187031  0.085059801    0.2181943 0.0018150619 
    2640    47.231666   -23.984852  0.024420688   -23.960432   -1739.4303    750.55461    9.1243022    9.0278812    9.1116451  0.084071991   0.21566038 0.0017939834 
    2650    50.186679   -23.985418  0.025948549    -23.95947   -1525.1788    723.84571    9.0147613    8.9194979    9.0022561  0.083062673   0.21307129 0.0017724459 
    2660    64.432144   -23.991325  0.033314033   -23.958011    -1000.663    697.30356    8.9032013    8.8091167    8.8908508   0.08203475   0.21043447 0.0017505114 
    2670    82.265902   -23.995602   0.04253481   -23.953067   -189.46919    671.03774    8.7899798    8.6970918    8.7777865   0.08099152   0.20775839 0.0017282502 
    2680    84.773415   -23.985093  0.043831296   -23.941262    881.91071    645.14707     8.675446    8.5837682    8.6634115  0.079936196   0.20505129 0.0017057311 
    2690    99.839991   -23.973186  0.051621327   -23.921564    1956.6503    619.76031    8.5601259    8.4696668    8.5482514  0.078873628   0.20232561 0.0016830573 
    2700    89.905158   -23.947229  0.046484615   -23.900745    2765.2595    595.02422    8.4446913    8.3554521    8.4329769  0.077810006   0.19959722  0.001660361 
    2710    139.46481   -23.960421  0.072108968   -23.888312    3027.9558    571.10591    8.3299894    8.2419623    8.3184341  0.076753134   0.19688614 0.0016378088 
    2720    147.03002   -23.964904  0.076020488   -23.888883    2306.3322    548.14098    8.2168051    8.1299741    8.2054069  0.075710246   0.19421094  0.001615555 
    2730    204.44721   -23.997314   0.10570751   -23.891606    809.10722    526.12627    8.1052962    8.0196436    8.0940526  0.074682795   0.19157533 0.0015936305 
    2740     171.9928   -23.979335  0.088927259   -23.890407   -789.68302      504.993    7.9952863    7.9107961    7.9841953  0.073669155   0.18897516 0.0015720008 
    2750    170.38539   -23.978914  0.088096161   -23.890818   -2306.0713     484.7103    7.8867786    7.8034351    7.8758381  0.072669357   0.18641049 0.0015506665 
    2760    108.08966   -23.947125  0.055886743   -23.891239   -3383.8855     465.2346    7.7797009     7.697489     7.768909  0.071682735   0.18387962 0.0015296133 
    2770    120.15301   -23.961354  0.062123983    -23.89923   -3558.9512    446.49412     7.673806    7.5927131    7.6631609  0.070707012   0.18137671 0.0015087927 
    2780    109.04881   -23.967191  0.056382662   -23.910809    -2837.618    428.48072    7.5691886    7.4892013    7.5586887   0.06974306   0.17890399 0.0014882232 
    2790    132.41584   -23.991979  0.068464362   -23.923515   -1473.1324    411.20546    7.4660665    7.3871689    7.4557097  0.068792885   0.17646662 0.0014679478 
    2800    117.60874   -23.992979  0.060808492   -23.932171    201.91717    394.68164    7.3646912    7.2868648    7.3544749  0.067858805   0.17407052 0.0014480158 
    2810     113.2345   -23.995616  0.058546834   -23.937069     1999.456    378.89069    7.2651325    7.1883583    7.2550544  0.066941465   0.17171738 0.0014284409 
    2820    77.769261   -23.977615  0.040209864   -23.937405    3460.2149    363.83291    7.1675856    7.0918422    7.1576428   0.06604266   0.16941177 0.0014092617 
    2830     68.88899   -23.974084  0.035618403   -23.938465    4139.8239     349.4992    7.0721961    6.9974607    7.0623856  0.065163734   0.16715716 0.0013905066 
    2840    58.993742   -23.972306  0.030502159   -23.941804    3881.0444    335.86509    6.9790105    6.9052599    6.9693293  0.064305115   0.16495465 0.0013721848 
    2850    72.880406   -23.984427  0.037682128   -23.946745    2796.4573    322.88272    6.8879053    6.8151174    6.8783504  0.063465665    0.1628013  0.001354272 
    2860    75.472459   -23.988708  0.039022324   -23.949686    998.95749    310.51339    6.7988012    6.7269549    6.7893699  0.062644653   0.16069525 0.0013367528 
    2870    79.713797   -23.989988  0.041215268   -23.948773   -1104.0213    298.73182    6.7117029    6.6407771    6.7023925  0.061842124   0.15863661 0.0013196279 
    2880    69.203406   -23.979456  0.035780969   -23.943675   -3020.3896     287.6311    6.6275169    6.5574807    6.6183233  0.061066428   0.15664681 0.0013030755 
    2890    65.007986   -23.969865  0.033611767   -23.936253    -4353.536     277.6176    6.5496973    6.4804834    6.5406116  0.060349392   0.15480748  0.001287775 
    2900    75.961877   -23.968498  0.039275373   -23.929222   -5266.9895    269.40746    6.4844842    6.4159594     6.475489  0.059748513   0.15326611  0.001274953 
    2910     94.30536   -23.972988  0.048759698   -23.924229   -5092.9856    262.29829    6.4269371    6.3590205    6.4180217  0.059218271   0.15190594 0.0012636384 
    2920    127.48202   -23.985596  0.065913376   -23.919683   -3644.0988    255.49715    6.3709019    6.3035774    6.3620642  0.058701958    0.1505815 0.0012526209 
    2930    145.58288   -23.986849  0.075272255   -23.911577   -168.60565    249.12526    6.3174937    6.2507337    6.3087302  0.058209851   0.14931915   0.00124212 
    2940    134.70673   -23.963932  0.069648844   -23.894283    4033.4243    246.70388    6.2969594    6.2304163    6.2882243  0.058020646   0.14883381 0.0012380827 
    2950    97.909044   -23.932369  0.050622949   -23.881746    5911.1572    253.43769    6.3537379    6.2865948    6.3449241  0.058543808   0.15017581 0.0012492462 
    2960    134.37244   -23.938732  0.069476002   -23.869256    6910.5923    269.43065    6.4846702    6.4161435    6.4756748  0.059750228   0.15327051 0.0012749896 
    2970    128.60939   -23.915638  0.066496274   -23.849142    6410.4051    291.39142    6.6562734    6.5859332    6.6470399  0.061331392   0.15732649 0.0013087295 
    2980    246.24196   -23.982684   0.12731709   -23.855367    4026.2005    315.43612    6.8345413    6.7623173    6.8250605  0.062973965      0.16154 0.0013437798 
    2990    237.51739    -23.97756   0.12280613   -23.854754    926.06645    340.95184     7.014067    6.9399459    7.0043372  0.064628128   0.16578323 0.0013790775 
    3000    236.50704   -23.974879   0.12228374   -23.852595   -1787.6696    367.69433    7.1928534     7.116843    7.1828756   0.06627548     0.170009 0.0014142297 
Loop time of 36.8015 on 1 procs for 3000 steps with 5 atoms

Performance: 14.086 ns/day, 1.704 hours/ns, 81.518 timesteps/s
285.2% CPU use with 1 MPI tasks x no OpenMP threads

MPI task timing breakdown:
Section |  min time  |  avg time  |  max time  |%varavg| %total
---------------------------------------------------------------
Pair    | 36.168     | 36.168     | 36.168     |   0.0 | 98.28
Neigh   | 0.0020554  | 0.0020554  | 0.0020554  |   0.0 |  0.01
Comm    | 0.0088863  | 0.0088863  | 0.0088863  |   0.0 |  0.02
Output  | 0.58112    | 0.58112    | 0.58112    |   0.0 |  1.58
Modify  | 0.033656   | 0.033656   | 0.033656   |   0.0 |  0.09
Other   |            | 0.007554   |            |       |  0.02

Nlocal:    5 ave 5 max 5 min
Histogram: 1 0 0 0 0 0 0 0 0 0
Nghost:    130 ave 130 max 130 min
Histogram: 1 0 0 0 0 0 0 0 0 0
Neighs:    0 ave 0 max 0 min
Histogram: 1 0 0 0 0 0 0 0 0 0

Total # of neighbors = 0
Ave neighs/atom = 0
Neighbor list builds = 215
Dangerous builds = 59
Total wall time: 0:00:40
