2019-06-24 12:43:42.268033: I tensorflow/core/platform/cpu_feature_guard.cc:140] Your CPU supports instructions that this TensorFlow binary was not compiled to use: AVX512F
2019-06-24 12:43:43.078838: E tensorflow/stream_executor/cuda/cuda_driver.cc:406] failed call to cuInit: CUDA_ERROR_NO_DEVICE
2019-06-24 12:43:43.078886: I tensorflow/stream_executor/cuda/cuda_diagnostics.cc:158] retrieving CUDA diagnostic information for host: SR760-GPU-7
2019-06-24 12:43:43.078896: I tensorflow/stream_executor/cuda/cuda_diagnostics.cc:165] hostname: SR760-GPU-7
2019-06-24 12:43:43.078957: I tensorflow/stream_executor/cuda/cuda_diagnostics.cc:189] libcuda reported version is: 410.48.0
2019-06-24 12:43:43.078998: I tensorflow/stream_executor/cuda/cuda_diagnostics.cc:193] kernel reported version is: 410.48.0
2019-06-24 12:43:43.079006: I tensorflow/stream_executor/cuda/cuda_diagnostics.cc:300] kernel version seems to match DSO: 410.48.0
fo of lammps module:
  use deepmd-kit at:  /sharedext4/local/deepmd-kit-0.12.4
  source:             v0.12.4-1-ge3cd911-dirty
  source branch:      master
  source commit:      e3cd911
  source commit at:   2019-02-07 10:22:13 +0800
  build float prec:   double
  build with tf inc:  /sharedext4/local/tensorflow/r1.8.gpu.cc/include
  build with tf lib:  /sharedext4/local/tensorflow/r1.8.gpu.cc/lib/libtensorflow_cc.so;/sharedext4/local/tensorflow/r1.8.gpu.cc/lib/libtensorflow_framework.so
  >>> Info of model(s):
  using   4 model(s): ../graph.002.pb ../graph.003.pb ../graph.000.pb ../graph.001.pb 
  rcut in model:      5
  ntypes in model:    2
Neighbor list info ...
  update every 1 steps, delay 10 steps, check yes
  max neighbors/atom: 2000, page size: 100000
  master list distance cutoff = 6
  ghost atom cutoff = 6
  binsize = 3, bins = 4 4 4
  1 neighbor lists, perpetual/occasional/extra = 1 0 0
  (1) pair deepmd, perpetual
      attributes: , newton on
      pair build: full/bin/atomonly
      stencil: full/bin/3d
      bin: standard
Setting up Verlet run ...
  Unit style    : metal
  Current step  : 0
  Time step     : 0.002
Per MPI rank memory allocation (min/avg/max) = 3.949 | 3.949 | 3.949 Mbytes
Step Temp PotEng KinEng TotEng Press Volume Lx Ly Lz Xy Xz Yz 
       0          100    -23.99794  0.051704058   -23.946236     674.4669    982.75471     10.01296    9.8114872    10.003404    0.1839246   -0.2657433    0.0743057 
      10    41.368391   -23.964433  0.021389137   -23.943044    908.56407    979.81037    10.002951    9.8016789    9.9934036   0.18374074  -0.26547764  0.074231419 
      20    64.368426   -23.975638  0.033281088   -23.942357    916.85008     977.1966    9.9940481    9.7929554    9.9845094   0.18357721  -0.26524137  0.074165353 
      30    82.413297   -23.983486  0.042611019   -23.940875    741.35806    974.88414    9.9861585    9.7852246    9.9766274   0.18343229  -0.26503198  0.074106804 
      40    63.556423   -23.970233   0.03286125   -23.937371    437.79212     972.8484    9.9792027    9.7784087    9.9696782   0.18330452  -0.26484737  0.074055186 
      50    127.79765   -23.999793  0.066076572   -23.933716   -46.501335    971.16836    9.9734549    9.7727766    9.9639359   0.18319894  -0.26469483  0.074012532 
      60    56.951425   -23.952051  0.029446198   -23.922604   -491.25759    969.74093    9.9685662    9.7679862    9.9590518   0.18310914  -0.26456508  0.073976252 
      70    118.78856   -23.972864  0.061418504   -23.911445   -907.61978    968.63105    9.9647617    9.7642583     9.955251   0.18303925  -0.26446411   0.07394802 
      80    128.54856     -23.9633  0.066464823   -23.896835   -1171.5798    967.85388    9.9620959    9.7616462    9.9525878   0.18299029  -0.26439336  0.073928237 
      90    81.424843   -23.927026  0.042099948   -23.884927   -1133.7178    967.41322    9.9605838    9.7601645    9.9510771   0.18296251  -0.26435323  0.073917016 
     100    187.54464   -23.975405  0.096968191   -23.878437   -881.83938    967.44166    9.9606814    9.7602601    9.9511746    0.1829643  -0.26435582   0.07391774 
     110    116.64374   -23.933316  0.060309546   -23.873006   -329.27708    967.96306    9.9624705    9.7620132     9.952962   0.18299717   -0.2644033  0.073931017 
     120    214.99363   -23.986316   0.11116043   -23.875155    277.27802    969.19216    9.9666854    9.7661433    9.9571729   0.18307459  -0.26451517  0.073962296 
     130    157.26317   -23.955646   0.08131144   -23.874335    838.73884    971.17631    9.9734821    9.7728033    9.9639631   0.18319944  -0.26469555  0.074012734 
     140    104.86768   -23.930842  0.054220845   -23.876621    1179.1244    974.04506    9.9832927    9.7824164    9.9737643   0.18337964  -0.26495592  0.074085537 
     150    196.04659    -23.98582   0.10136404   -23.884456    1208.4651    977.78739    9.9960618    9.7949286    9.9865212    0.1836142  -0.26529481  0.074180296 
     160    98.614744   -23.940445  0.050987825   -23.889458    999.24855     982.3858    10.011707    9.8102594    10.002152   0.18390158  -0.26571004  0.074296401 
     170    157.34511   -23.980405  0.081353805   -23.899051    507.42696    987.88312    10.030347    9.8285244    10.020774   0.18424398  -0.26620475  0.074434728 
     180    118.16286   -23.965559  0.061094996   -23.904464   0.77154525    994.08466    10.051292     9.849048    10.041699   0.18462871  -0.26676063   0.07459016 
     190    117.78925   -23.967775  0.060901823   -23.906873   -526.05637    1001.0311     10.07465    9.8719358    10.065035   0.18505776  -0.26738054  0.074763498 
     200    142.27013   -23.983577  0.073559433   -23.910017   -916.49891    1008.7077    10.100338    9.8971065    10.090698   0.18552961  -0.26806229  0.074954124 
     210    49.953573   -23.936062  0.025828024   -23.910234   -1032.2084    1017.0179    10.127999    9.9242111    10.118333   0.18603771  -0.26879642  0.075159396 
     220    118.70158   -23.976835  0.061373536   -23.915462   -1014.5234    1026.1042    10.158072    9.9536788    10.148377    0.1865901  -0.26959455  0.075382565 
     230    86.848256    -23.96402  0.044904073   -23.919116   -711.17747    1035.9057    10.190313    9.9852715    10.180587   0.18718233  -0.27045023  0.075621827 
     240    95.864635   -23.972853  0.049565907   -23.923287   -300.52516    1046.6246     10.22534    10.019594    10.215581   0.18782573  -0.27137984   0.07588176 
     250    109.87084   -23.983223  0.056807685   -23.926415    133.74526    1058.3789    10.263477    10.056963    10.253681   0.18852625  -0.27239199  0.076164771 
     260    54.643607   -23.953662  0.028252962   -23.925409    577.49479    1071.2527    10.304923    10.097575    10.295088   0.18928757  -0.27349198  0.076472343 
     270    126.80027   -23.992749  0.065560887   -23.927188    819.89026    1085.5249    10.350485    10.142221    10.340607   0.19012448  -0.27470119  0.076810457 
     280    64.217822   -23.959356   0.03320322   -23.926152    921.51824    1101.2974    10.400375    10.191106    10.390448   0.19104088  -0.27602526  0.077180685 
     290    79.243768   -23.969134  0.040972244   -23.928161    803.49845    1118.8121     10.45522    10.244848    10.445241   0.19204831  -0.27748084  0.077587686 
     300     111.4294   -23.988387  0.057613522   -23.930773    515.17287    1138.2382    10.515385    10.303802    10.505349   0.19315346  -0.27907761  0.078034168 
Loop time of 5.62343 on 1 procs for 300 steps with 5 atoms

Performance: 9.219 ns/day, 2.603 hours/ns, 53.348 timesteps/s
369.9% CPU use with 1 MPI tasks x no OpenMP threads

MPI task timing breakdown:
Section |  min time  |  avg time  |  max time  |%varavg| %total
---------------------------------------------------------------
Pair    | 5.5265     | 5.5265     | 5.5265     |   0.0 | 98.28
Neigh   | 0.00028729 | 0.00028729 | 0.00028729 |   0.0 |  0.01
Comm    | 0.0014582  | 0.0014582  | 0.0014582  |   0.0 |  0.03
Output  | 0.088828   | 0.088828   | 0.088828   |   0.0 |  1.58
Modify  | 0.0046213  | 0.0046213  | 0.0046213  |   0.0 |  0.08
Other   |            | 0.001764   |            |       |  0.03

Nlocal:    5 ave 5 max 5 min
Histogram: 1 0 0 0 0 0 0 0 0 0
Nghost:    97 ave 97 max 97 min
Histogram: 1 0 0 0 0 0 0 0 0 0
Neighs:    0 ave 0 max 0 min
Histogram: 1 0 0 0 0 0 0 0 0 0

Total # of neighbors = 0
Ave neighs/atom = 0
Neighbor list builds = 15
Dangerous builds = 0
Total wall time: 0:00:07
