2019-06-24 13:55:45.802799: I tensorflow/core/platform/cpu_feature_guard.cc:140] Your CPU supports instructions that this TensorFlow binary was not compiled to use: AVX512F
2019-06-24 13:55:48.035220: E tensorflow/stream_executor/cuda/cuda_driver.cc:406] failed call to cuInit: CUDA_ERROR_NO_DEVICE
2019-06-24 13:55:48.035281: I tensorflow/stream_executor/cuda/cuda_diagnostics.cc:158] retrieving CUDA diagnostic information for host: SR760-GPU-7
2019-06-24 13:55:48.035292: I tensorflow/stream_executor/cuda/cuda_diagnostics.cc:165] hostname: SR760-GPU-7
2019-06-24 13:55:48.035356: I tensorflow/stream_executor/cuda/cuda_diagnostics.cc:189] libcuda reported version is: 410.48.0
2019-06-24 13:55:48.035409: I tensorflow/stream_executor/cuda/cuda_diagnostics.cc:193] kernel reported version is: 410.48.0
2019-06-24 13:55:48.035418: I tensorflow/stream_executor/cuda/cuda_diagnostics.cc:300] kernel version seems to match DSO: 410.48.0
fo of lammps module:
  use deepmd-kit at:  /sharedext4/local/deepmd-kit-0.12.4
  source:             v0.12.4-1-ge3cd911-dirty
  source branch:      master
  source commit:      e3cd911
  source commit at:   2019-02-07 10:22:13 +0800
  build float prec:   double
  build with tf inc:  /sharedext4/local/tensorflow/r1.8.gpu.cc/include
  build with tf lib:  /sharedext4/local/tensorflow/r1.8.gpu.cc/lib/libtensorflow_cc.so;/sharedext4/local/tensorflow/r1.8.gpu.cc/lib/libtensorflow_framework.so
  >>> Info of model(s):
  using   4 model(s): ../graph.002.pb ../graph.003.pb ../graph.000.pb ../graph.001.pb 
  rcut in model:      5
  ntypes in model:    2
Neighbor list info ...
  update every 1 steps, delay 10 steps, check yes
  max neighbors/atom: 2000, page size: 100000
  master list distance cutoff = 6
  ghost atom cutoff = 6
  binsize = 3, bins = 4 4 4
  1 neighbor lists, perpetual/occasional/extra = 1 0 0
  (1) pair deepmd, perpetual
      attributes: , newton on
      pair build: full/bin/atomonly
      stencil: full/bin/3d
      bin: standard
Setting up Verlet run ...
  Unit style    : metal
  Current step  : 0
  Time step     : 0.002
Per MPI rank memory allocation (min/avg/max) = 3.949 | 3.949 | 3.949 Mbytes
Step Temp PotEng KinEng TotEng Press Volume Lx Ly Lz Xy Xz Yz 
       0          100   -23.997532  0.051704058   -23.945828    280.45295    993.65047    9.9229308    9.7891255    10.229391    0.0599988    0.1215866    0.2583242 
      10    85.834594   -23.989726  0.044379968   -23.945346    100.58735    995.80356    9.9300928    9.7961909    10.236774  0.060042105   0.12167436   0.25851065 
      20    95.348893   -23.994481  0.049299247   -23.945182   -123.73218     998.3664    9.9386043    9.8045877    10.245549   0.06009357   0.12177865   0.25873223 
      30    89.615288   -23.989778   0.04633474   -23.943444   -342.75488    1001.3287    9.9484245    9.8142754    10.255672  0.060152947   0.12189898   0.25898788 
      40    95.947156   -23.991688  0.049608573   -23.942079   -441.42813    1004.6716     9.959483    9.8251848    10.267072  0.060219812   0.12203448   0.25927577 
      50    89.200783   -23.986462  0.046120425   -23.940342   -452.82693    1008.4191    9.9718509    9.8373859    10.279822  0.060294594   0.12218602   0.25959774 
      60    102.03157   -23.991137  0.052754461   -23.938383   -402.57878     1012.597     9.985603    9.8509526    10.293999  0.060377746   0.12235453   0.25995575 
      70    109.60318   -23.992371   0.05666929   -23.935702   -194.77204    1017.2182     10.00077    9.8659155    10.309635  0.060469455   0.12254038    0.2603506 
      80    119.27562   -23.993151  0.061670337   -23.931481    59.024888    1022.4052     10.01774    9.8826564    10.327129  0.060572063   0.12274831   0.26079238 
      90    131.16964     -23.9931  0.067820024    -23.92528    246.03857    1028.2735     10.03687    9.9015284    10.346849  0.060687731   0.12298271   0.26129039 
     100    139.71315   -23.989595   0.07223737   -23.917357    443.75504    1034.8912    10.058356    9.9227242    10.368998  0.060817644   0.12324597   0.26184972 
     110    158.64909   -23.990206  0.082028018   -23.908178    583.48424    1042.4013    10.082628    9.9466691     10.39402  0.060964405   0.12354338    0.2624816 
     120    166.23938   -23.986218  0.085952506   -23.900265    500.46136    1051.0443    10.110418    9.9740841    10.422668  0.061132435   0.12388389   0.26320505 
     130     181.4258   -23.989594  0.093804501   -23.895789    334.82392    1060.9027     10.14193    10.005171    10.455154  0.061322972   0.12427001   0.26402541 
     140    163.35167    -23.97941  0.084459444    -23.89495    120.22031    1072.0696     10.17739    10.040153    10.491709  0.061537382   0.12470451   0.26494855 
     150    171.42179   -23.989147   0.08863202   -23.900515   -159.55403    1084.6025    10.216895    10.079126    10.532435  0.061776252   0.12518858     0.265977 
     160    140.36731   -23.982297  0.072575596   -23.909721   -363.74602    1098.5024    10.260356    10.122001    10.577237  0.062039034    0.1257211   0.26710841 
     170    126.58289   -23.988084  0.065448489   -23.922636    -445.7825    1113.6932    10.307435    10.168445     10.62577  0.062323697   0.12629797   0.26833402 
     180    87.598807   -23.980772  0.045292138    -23.93548   -442.32952    1130.1326    10.357904    10.218233    10.677798  0.062628857   0.12691637   0.26964788 
     190    95.936503   -23.997578  0.049603065   -23.947975   -325.38949    1147.7837    10.411551    10.271157    10.733102  0.062953233   0.12757371   0.27104448 
     200    67.827633   -23.990535  0.035069639   -23.955465   -162.27547     1166.713    10.468475    10.327313    10.791784  0.063297422    0.1282712   0.27252638 
     210     76.64098   -24.001131  0.039626497   -23.961505   -4.2454531    1186.9781    10.528738    10.386764    10.853908  0.063661801   0.12900961   0.27409521 
     220    54.840339   -23.992845  0.028354681   -23.964491    158.11631    1208.6662    10.592477    10.449643    10.919616  0.064047199   0.12979062   0.27575454 
     230    69.911785   -24.002457   0.03614723    -23.96631    285.63973    1231.9391    10.660032    10.516287    10.989257  0.064455666   0.13061837   0.27751319 
     240    53.943382    -23.99414  0.027890917   -23.966249    318.83579    1257.0257    10.731905    10.587191    11.063349  0.064890243   0.13149903   0.27938426 
     250    69.341083   -24.002048  0.035852154   -23.966196    283.27352    1284.1089    10.808432    10.662686     11.14224  0.065352965   0.13243673    0.2813765 
     260    56.688688   -23.993299  0.029310352   -23.963989    208.29057    1313.4157     10.89004    10.743194    11.226369  0.065846407   0.13343668   0.28350101 
     270    76.747859   -24.001444  0.039681757   -23.961762    80.659286    1345.2531    10.977331    10.829307    11.316355  0.066374208   0.13450626   0.28577345 
     280    69.294034   -23.993174  0.035827827   -23.957346    -77.09162    1379.9983    11.071036    10.921749    11.412955  0.066940796   0.13565444   0.28821289 
     290    86.158125   -23.996342  0.044547247   -23.951795   -214.26826    1418.0297    11.171818    11.021172    11.516849  0.067550171   0.13688933   0.29083655 
     300    81.959862   -23.986584  0.042376574   -23.944207   -296.89995    1459.8197    11.280504    11.128392    11.628891  0.068207336   0.13822107   0.29366597 
     310    103.86999   -23.990263     0.053705   -23.936558   -319.69666    1505.9836     11.39818    11.244481    11.750202  0.068918863   0.13966296   0.29672944 
     320    107.62558   -23.983844   0.05564679   -23.928198   -274.12741    1557.2845    11.526163    11.370739    11.882137  0.069692708   0.14123115   0.30006122 
     330    128.08142    -23.98798  0.066223294   -23.921757   -168.60793    1614.5906    11.665846    11.508538    12.026134  0.070537299    0.1429427    0.3036976 
     340    141.04409   -23.989193   0.07292552   -23.916267   -8.0448675    1678.8908    11.818696    11.659328    12.183705  0.071461507   0.14481559   0.30767676 
     350    138.02467   -23.984714  0.071364356    -23.91335    139.38459    1751.4313     11.98652    11.824888    12.356712   0.07247625   0.14687195   0.31204573 
     360    153.21486   -23.992913  0.079218298   -23.913695    214.51328    1833.5954    12.171103    12.006982    12.546996  0.073592325   0.14913366   0.31685098 
     370    130.30251   -23.982487  0.067371688   -23.915115    259.76079    1926.7547    12.373832    12.206978    12.755986  0.074818126   0.15161772   0.32212865 
     380    153.60434   -23.998971   0.07941968   -23.919551    240.30216    2032.5056    12.596194    12.426341    12.985215   0.07616263   0.15434234    0.3279174 
     390    113.84185   -23.981359  0.058860856   -23.922498    147.75625     2152.611    12.839574    12.666439    13.236112  0.077634221    0.1573245   0.33425332 
     400     143.1418   -24.001041  0.074010118   -23.927031    43.114316    2288.8729    13.104968    12.928255    13.509703  0.079238925    0.1605764   0.34116236 
     410    105.44179   -23.984249  0.054517684   -23.929731   -34.556613    2443.1607    13.393048     13.21245     13.80668  0.080980793   0.16410627   0.34866195 
     420    124.45747   -23.997819  0.064349564   -23.933469   -108.36963    2617.5617    13.704433    13.519636    14.127681  0.082863574   0.16792169   0.35676824 
     430    92.540334   -23.983338  0.047847108   -23.935491   -145.20056    2814.1355    14.039245    13.849933    14.472834  0.084888009   0.17202418   0.36548443 
     440    107.07094    -23.99464  0.055360023    -23.93928   -134.11248    3034.7687    14.396954    14.202819     14.84159   0.08705089   0.17640722   0.37479669 
     450    85.596912   -23.985969  0.044257077   -23.941712   -103.05513     3281.245    14.776615    14.577361    15.232977  0.089346506   0.18105925   0.38468044 
     460    98.361025   -23.995911  0.050856641   -23.945054   -50.762704    3554.8359    15.176394    14.971749    15.645103   0.09176376   0.18595778    0.3950879 
     470    84.360803   -23.990495  0.043617959   -23.946877      2.27125     3856.536    15.594132    15.383854    16.075742  0.094289604   0.19107636    0.4059629 
     480    95.441047   -23.997621  0.049346894   -23.948274    44.303217    4186.4128     16.02665     15.81054    16.521618  0.096904817   0.19637605   0.41722267 
     490    79.855894   -23.989398  0.041288738    -23.94811    72.731706    4543.6817    16.470169    16.248077    16.978834  0.099586541   0.20181052    0.4287688 
     500    96.268357   -23.998085  0.049774647   -23.948311    84.246412    4926.5582    16.920374    16.692212    17.442944    0.1023087   0.20732692   0.44048902 
     510    81.635243    -23.98983  0.042208733   -23.947621    69.777118     5332.477    17.372877    17.138613    17.909422   0.10504475   0.21287149   0.45226906 
     520    98.126126   -23.997937  0.050735189   -23.947202    45.489943    5757.5215    17.822718    17.582388    18.373156    0.1077647   0.21838343   0.46397979 
     530    87.596655     -23.9906  0.045291025   -23.945309    19.125077    6196.8961     18.26502    18.018726    18.829118   0.11043907     0.223803   0.47549427 
     540    105.45089   -23.998034  0.054522392   -23.943511    -14.98763    6645.4602    18.695501    18.443402    19.272894   0.11304197   0.22907772   0.48670099 
     550    99.044966   -23.990694  0.051210267   -23.939483   -40.923917     7097.581    19.110213    18.852522    19.700414   0.11554952   0.23415923   0.49749723 
     560    105.92393   -23.988693   0.05476697   -23.933926    -51.94424    7547.6174    19.505872    19.242846    20.108293   0.11794186   0.23900728   0.50779744 
     570    118.05604    -23.98683  0.061039765   -23.925791   -57.795545     7990.499    19.880168    19.612095    20.494148   0.12020503   0.24359356    0.5175415 
     580    130.26303   -23.983966  0.067351274   -23.916615   -52.308766    8421.8055    20.231612      19.9588    20.856446   0.12233003   0.24789983   0.52669066 
     590    161.12426   -23.989828  0.083307781    -23.90652   -28.076733    8838.0394    20.559572    20.282337    21.194534   0.12431303   0.25191835   0.53522845 
     600    163.32208   -23.980758  0.084444142   -23.896314   -3.8864699    9237.2687    20.864594    20.583246    21.508977   0.12615735   0.25565583   0.54316912 
     610    195.14601   -23.990744   0.10089841   -23.889845     16.99953    9617.9997    21.147401     20.86224    21.800519   0.12786733   0.25912109   0.55053145 
     620     176.4765   -23.979133   0.09124551   -23.887888    38.906398    9979.6366    21.409194    21.120503    22.070397   0.12945026   0.26232886   0.55734673 
     630    189.05172   -23.991546  0.097747412   -23.893798    45.619196    10321.934    21.651223    21.359269    22.319901   0.13091368   0.26529447   0.56364748 
     640    144.59992   -23.978677  0.074764026   -23.903913    37.762332    10644.533    21.874474    21.579509    22.550047   0.13226357   0.26802998   0.56945939 
     650    151.36952    -23.99925  0.078264183   -23.920985    28.306421    10946.107    22.079131    21.781406    22.761024   0.13350102   0.27053766   0.57478722 
     660    94.918801   -23.984338  0.049076872   -23.935262     8.746639    11226.747    22.266232    21.965984    22.953903   0.13463232   0.27283022   0.57965803 
     670    102.36453   -24.001013  0.052926618   -23.948086   -10.344384    11485.567    22.436041    22.133503    23.128957   0.13565907   0.27491091   0.58407869 
     680    59.448829   -23.986124  0.030737457   -23.955386   -20.258078     11722.54    22.589294     22.28469    23.286943   0.13658571   0.27678873   0.58806833 
     690     78.88772   -24.001844  0.040788152   -23.961055   -26.843298     11938.93    22.727442    22.420975    23.429357   0.13742102   0.27848147   0.59166473 
     700    48.907432    -23.98817  0.025287127   -23.962883   -29.378066    12136.243    22.851963    22.543816    23.557724   0.13817393   0.28000724   0.59490639 
     710    70.180709   -24.001317  0.036286274   -23.965031   -24.271034    12315.721    22.964061    22.654404    23.673285   0.13885173    0.2813808   0.59782467 
     720    50.331852   -23.990624   0.02602361   -23.964601   -13.754953    12478.787    23.064969     22.75395    23.777308   0.13946187   0.28261722   0.60045159 
     730    70.241029   -24.000551  0.036317462   -23.964234   -2.6181608    12627.089     23.15598    22.843734     23.87113   0.14001216   0.28373239   0.60282089 
     740    61.476829   -23.994017  0.031786015   -23.962231    10.456663    12762.153    23.238249    22.924894     23.95594    0.1405096   0.28474044   0.60496261 
     750    75.339239   -23.998597  0.038953444   -23.959644    22.063672    12885.417    23.312825    22.998465     24.03282   0.14096053   0.28565423   0.60690406 
     760    73.598233   -23.993807  0.038053273   -23.955754    26.637227    12998.323    23.380719    23.065443     24.10281   0.14137104   0.28648614   0.60867153 
     770    85.295149   -23.995717  0.044101053   -23.951616    27.093135     13101.76    23.442574    23.126464    24.166576   0.14174505   0.28724405   0.61028181 
     780    93.882534   -23.994738   0.04854108   -23.946196     22.28232    13197.143    23.499325     23.18245    24.225079   0.14208819   0.28793943   0.61175922 
     790    100.50676   -23.992969  0.051966074   -23.941003    10.062697    13285.434    23.551614    23.234033    24.278983   0.14240435   0.28858013   0.61312044 
     800     113.9939   -23.994485   0.05893947   -23.935545   -4.1168294    13367.292    23.599885    23.281654    24.328745   0.14269623    0.2891716    0.6143771 
     810    114.48153   -23.988695  0.059191598   -23.929504   -15.772188    13443.241    23.644497    23.325664    24.374735   0.14296597   0.28971823   0.61553847 
     820    125.65917   -23.990089   0.06497089   -23.925118   -27.750825    13514.356    23.686117    23.366722     24.41764   0.14321762   0.29022821   0.61662197 
     830    117.37347   -23.982498  0.060686846   -23.921812   -31.014595    13580.373    23.724623    23.404709    24.457335   0.14345045   0.29070002    0.6176244 
     840    131.04252   -23.988408  0.067754301   -23.920654   -24.879123    13641.697    23.760279    23.439885    24.494093   0.14366605   0.29113693   0.61855265 
     850    122.27919   -23.984669  0.063223306   -23.921446   -16.433185    13699.134    23.793579    23.472736    24.528422    0.1438674   0.29154496   0.61941956 
     860      134.269   -23.993359  0.069422523   -23.923936   -5.2833184    13752.931    23.824685    23.503422    24.560488   0.14405547   0.29192609   0.62022932 
     870     112.0752   -23.984376  0.057947426   -23.926429    11.240446    13802.379    23.853204    23.531557    24.589888   0.14422792   0.29227554   0.62097177 
     880     121.6484   -23.994058  0.062897157    -23.93116    21.748367    13847.927    23.879414    23.557413    24.616907   0.14438639    0.2925967   0.62165409 
     890    99.854745   -23.986679  0.051628955    -23.93505    26.292969    13889.351    23.903201    23.580879    24.641429   0.14453022   0.29288816   0.62227334 
     900    108.46833   -23.996614  0.056082531   -23.940532    26.087269    13926.106    23.924267    23.601662    24.663146    0.1446576   0.29314629   0.62282176 
     910    90.293024   -23.992122  0.046685158   -23.945437    20.409807    13957.243    23.942085    23.619239    24.681513   0.14476533   0.29336461    0.6232856 
     920     93.13944   -23.998505   0.04815687   -23.950348    9.2549992    13982.047    23.956259    23.633222    24.696125   0.14485103   0.29353828    0.6236546 
     930    74.698371   -23.994236  0.038622089   -23.955614   -2.5027618    13999.617     23.96629    23.643117    24.706466   0.14491168   0.29366119   0.62391573 
     940    70.841337   -23.998894  0.036627846   -23.962267   -13.645002    14008.975    23.971628    23.648384    24.711969   0.14494396   0.29372661   0.62405471 
     950    49.990206   -23.996911  0.025846965   -23.971064   -19.925894    14008.564    23.971394    23.648153    24.711728   0.14494255   0.29372373   0.62404861 
     960    39.375562   -24.000524  0.020358763   -23.980165   -21.194441    13997.284    23.964958    23.641804    24.705093   0.14490363   0.29364487   0.62388106 
     970    28.306228   -24.001228  0.014635469   -23.986593   -18.394087    13974.286    23.951826    23.628848    24.691555   0.14482423   0.29348396   0.62353919 
     980    24.667332   -24.002292  0.012754012   -23.989538   -13.251445    13939.064    23.931685     23.60898    24.670793   0.14470245   0.29323718   0.62301487 
     990    24.347226   -24.003635  0.012588504   -23.991047   -5.5431629    13891.103    23.904206    23.581871    24.642465    0.1445363   0.29290048   0.62229951 
    1000    21.728695   -24.002532  0.011234617   -23.991297    2.7402003    13830.451    23.869365      23.5475    24.606548   0.14432563   0.29247356   0.62139248 
    1010     25.89883   -24.004102  0.013390746   -23.990711    10.340625    13757.158    23.827126     23.50583    24.563004   0.14407023     0.291956   0.62029287 
    1020    21.787984   -24.000577  0.011265272   -23.989312    16.342667    13671.331    23.777472    23.456846    24.511817      0.14377   0.29134759   0.61900023 
    1030    32.533047   -24.004177  0.016820906   -23.987356    19.782487    13572.988    23.720322    23.400466    24.452901   0.14342444   0.29064732   0.61751243 
    1040    26.287962   -23.997682  0.013591943    -23.98409     19.08509    13462.475    23.655768    23.336783    24.386354   0.14303412   0.28985634    0.6158319 
    1050    46.917769   -24.004636   0.02425839   -23.980377    13.936593    13340.128    23.583888    23.265873    24.312254    0.1425995   0.28897559   0.61396066 
    1060     38.85514   -23.995335  0.020089684   -23.975246    5.4676456     13206.28    23.504747    23.187798    24.230669   0.14212098   0.28800586   0.61190036 
    1070    66.877343    -24.00473    0.0345783   -23.970151   -6.1141902    13061.201    23.418359    23.102575    24.141612   0.14159863   0.28694734   0.60965141 
    1080    51.075315   -23.990041   0.02640801   -23.963633   -17.646622    12905.371    23.324853     23.01033    24.045219   0.14103325    0.2858016   0.60721716 
    1090    86.458067   -24.002813  0.044702329    -23.95811   -25.768934    12739.331    23.224388     22.91122    23.941651   0.14042579    0.2845706   0.60460177 
    1100     67.21719   -23.985894  0.034754015    -23.95114   -28.834694    12563.686    23.117158    22.805435    23.831109   0.13977743    0.2832567   0.60181023 
    1110     107.1937   -24.001569  0.055423495   -23.946145   -27.420493    12378.928     23.00328    22.693093    23.713714   0.13908886   0.28186134   0.59884564 
    1120    86.376132   -23.983949  0.044659966   -23.939289   -17.384688     12185.86    22.883062    22.574497    23.589784   0.13836197    0.2803883   0.59571601 
    1130    126.01078   -23.999463  0.065152687    -23.93431   -1.6204968    11985.644    22.757045    22.450179    23.459875   0.13760001    0.2788442    0.5924354 
    1140    105.97041   -23.982901  0.054791002    -23.92811    13.466247     11779.43    22.625778    22.320681    23.324553   0.13680631   0.27723577    0.5890181 
    1150    142.01382   -23.997513  0.073426908   -23.924086    26.911736    11567.719    22.489407    22.186149    23.183971   0.13598174    0.2755648   0.58546795 
    1160    117.93221   -23.980539  0.060975738   -23.919563    38.361682    11351.483    22.348392    22.047036    23.038601    0.1351291   0.27383694   0.58179692 
    1170    140.39027   -23.991597  0.072587469    -23.91901    40.242186    11131.706    22.203222    21.903823    22.888947   0.13425133   0.27205815   0.57801768 
    1180    125.60059   -23.983909  0.064940602   -23.918968    31.568859    10908.485    22.053806    21.756423    22.734917   0.13334789   0.27022736   0.57412795 
    1190    133.31019   -23.990747  0.068926776    -23.92182    16.001773    10681.421    21.899713    21.604408    22.576065   0.13241617   0.26833924   0.57011643 
    1200    126.20785   -23.992064   0.06525458   -23.926809   -0.6016599    10450.393    21.740671     21.44751    22.412111   0.13145453   0.26639048   0.56597609 
    1210    109.08043   -23.988193   0.05639901   -23.931794   -18.793698    10215.144    21.576297    21.285353    22.242661   0.13046064   0.26437639   0.56169693 
    1220    110.11613   -23.996039   0.05693451   -23.939105   -35.595164    9974.8842    21.405795     21.11715    22.066893   0.12942971   0.26228721   0.55725824 
    1230    80.828745   -23.987113  0.041791741   -23.945321   -41.828157    9728.7599    21.228269    20.942017    21.883884    0.1283563   0.26011196   0.55263668 
    1240    91.394298   -24.000118  0.047254561   -23.952864   -37.336227    9476.6624    21.043302    20.759544    21.693204    0.1272379   0.25784555   0.54782143 
    1250    60.178657   -23.989597  0.031114808   -23.958483   -26.974627    9218.5621      20.8505    20.569343    21.494448   0.12607213   0.25548313   0.54280221 
    1260    76.168879    -24.00369  0.039382401   -23.964308   -13.314251     8954.361    20.649377    20.370931    21.287113   0.12485604   0.25301875   0.53756635 
    1270    48.911164   -23.992858  0.025289057   -23.967569    6.5042969    8684.1124    20.439514    20.163898    21.070769   0.12358711   0.25044728   0.53210298 
    1280      63.6468   -24.003694  0.032907978   -23.970786    24.848269    8408.3959    20.220868    19.948201    20.845371   0.12226507   0.24776819   0.52641097 
    1290    40.111581   -23.992576  0.020739315   -23.971836    35.827221    8127.8381     19.99342     19.72382    20.610898   0.12088981   0.24498125   0.52048981 
    1300    56.142971   -24.002418  0.029028194    -23.97339    40.366403    7842.8485    19.756956    19.490544     20.36713   0.11946003   0.24208383   0.51433391 
    1310    40.230658   -23.993985  0.020800883   -23.973185    38.667798    7554.2037    19.511544    19.248442     20.11414   0.11797616   0.23907678    0.5079451 
    1320    56.534801   -24.001688  0.029230786   -23.972458    27.625721    7262.8101     19.25737    18.997695    19.852116    0.1164393   0.23596236   0.50132817 
    1330     48.28648    -23.99378   0.02496607   -23.968814    5.7824314    6969.7127    18.994755    18.738622     19.58139    0.1148514   0.23274452   0.49449151 
    1340    74.972775   -24.000625  0.038763967   -23.961861   -19.199255    6675.7253    18.723839    18.471358    19.302107   0.11321331   0.22942495   0.48743873 
    1350    77.933537   -23.987419  0.040294801   -23.947124   -45.357117    6382.2702     18.44536    18.196635    19.015028    0.1115295   0.22601273   0.48018907 
    1360    125.26918   -23.993836  0.064769247   -23.929067   -68.965157    6091.1407     18.16052    17.915636    18.721391   0.10980722   0.22252256   0.47277382 
    1370    134.42321   -23.979827  0.069502255   -23.910325   -84.371882    5804.5508    17.871114    17.630132    18.423046   0.10805733   0.21897643   0.46523968 
    1380    175.54354    -23.98903  0.090763135   -23.898267    -78.66463    5524.3794    17.578828    17.341787    18.121733   0.10629003   0.21539502   0.45763059 
    1390    170.72088   -23.980923  0.088269623   -23.892653   -44.034584     5252.358     17.28543    17.052345    17.819274     0.104516   0.21179999   0.44999255 
    1400    186.95464   -23.990053  0.096663133    -23.89339    4.9437176    4990.0949    16.992803    16.763664    17.517609   0.10274664    0.2082144   0.44237457 
    1410    164.62762   -23.983297  0.085119162   -23.898178    45.535809    4738.4241    16.702189    16.476969     17.21802   0.10098945   0.20465348     0.434809 
    1420    154.40486   -23.987645  0.079833576   -23.907812     82.84367    4497.4641    16.414134    16.192799    16.921069   0.09924773   0.20112392   0.42731006 
    1430    139.30564   -23.990223  0.072026669   -23.918196    113.66154    4267.2588     16.12916    15.911667    16.627294  0.097524637    0.1976321    0.4198913 
    1440    112.51842    -23.98661  0.058176588   -23.928434    104.81391    4047.9601    15.847989    15.634287    16.337439  0.095824543   0.19418689   0.41257156 
    1450    105.55231   -23.993255  0.054574829    -23.93868     68.88129     3839.194    15.570723     15.36076     16.05161  0.094148058   0.19078952   0.40535347 
    1460    89.652696    -23.99209  0.046354082   -23.945736    28.353875    3640.5982    15.297472    15.091194     15.76992  0.092495854   0.18744136   0.39823992 
    1470    83.352565    -23.99426  0.043096659   -23.951163   -23.797925    3452.0162     15.02864    14.825987    15.492786  0.090870369   0.18414734   0.39124141 
    1480    72.795263   -23.991992  0.037638105   -23.954353   -80.251038    3273.3291    14.764723    14.565629    15.220718  0.089274599   0.18091353   0.38437084 
    1490    73.506454   -23.994468   0.03800582   -23.956462   -110.75806    3104.2335    14.505973    14.310368    14.953977  0.087710074   0.17774305    0.3776348 
    1500    68.453446   -23.992854  0.035393209   -23.957461   -124.28428    2944.6729    14.253049    14.060854    14.693241   0.08618077   0.17464394   0.37105039 
    1510    73.407029   -23.995768  0.037954413   -23.957814   -113.49263      2794.46    14.006449     13.81758    14.439025  0.084689711   0.17162233   0.36463066 
    1520    68.479256   -23.992846  0.035406554    -23.95744   -71.751606    2653.4526    13.766785    13.581147    14.191959  0.083240586    0.1686857   0.35839146 
    1530     83.49979   -23.999815   0.04317278   -23.956643   -6.6083772    2521.3871    13.534491    13.351986    13.952491  0.081836025   0.16583938   0.35234414 
    1540    71.477899   -23.991004  0.036956974   -23.954047    64.101182    2398.0864    13.310173    13.130692    13.721245   0.08047969   0.16309079   0.34650445 
    1550    97.609446   -24.001606  0.050468045   -23.951138    140.78663    2283.2846    13.094294    12.917725    13.498699  0.079174385   0.16044561   0.34088448 
    1560    78.047395   -23.985919  0.040353671   -23.945565     193.1668    2176.7538    12.887396    12.713617    13.285411  0.077923381   0.15791047   0.33549829 
    1570    119.80615   -24.000979  0.061944642   -23.939035    188.99995    2078.1633    12.689816      12.5187    13.081728  0.076728712    0.1554895   0.33035466 
    1580    99.687623   -23.979381  0.051542547   -23.927838    169.29116    1987.1317    12.501754    12.333175    12.887859  0.075591605   0.15318517   0.32545886 
    1590    165.09424   -24.000703  0.085360422   -23.915343    106.00276    1903.4557    12.323754    12.157574    12.704361  0.074515326   0.15100411   0.32082495 
    1600    154.40144   -23.975942  0.079831808   -23.896111   -36.673814    1826.9677     12.15642    11.992498     12.53186  0.073503548   0.14895375   0.31646875 
    1610    221.69856     -23.9943   0.11462715   -23.879673    -184.9876    1757.3297    11.999961    11.838148    12.370568   0.07255752   0.14703664   0.31239564 
    1620    191.37624    -23.96431  0.098949282   -23.865361   -266.42686    1694.2578    11.854646    11.694792    12.220765  0.071678875   0.14525608   0.30861264 
    1630    235.12976   -23.984301   0.12157163   -23.862729   -337.93933    1637.4959    11.720752    11.562704    12.082737  0.070869292   0.14361548   0.30512699 
    1640    200.38521   -23.976394   0.10360729   -23.872786   -300.35954    1586.5398    11.597892    11.441501    11.956082  0.070126421   0.14211006   0.30192856 
    1650    187.60326   -23.991201  0.096998498   -23.894203   -175.76799    1540.7726     11.48528    11.330408    11.839992  0.069445515   0.14073021   0.29899693 
    1660    125.08043   -23.984869  0.064671657   -23.920197   -45.576719    1499.5736    11.381985    11.228505    11.733507  0.068820941   0.13946453   0.29630784 
    1670    107.11722    -23.99572  0.055383951   -23.940336     101.1021    1462.2484    11.286756     11.13456    11.635337   0.06824514   0.13829768   0.29382873 
    1680    83.426742   -23.994403  0.043135011   -23.951268    221.85358    1428.2254     11.19853    11.047524    11.544386  0.067711682   0.13721663   0.29153193 
    1690    73.049014   -23.994013  0.037769304   -23.956244    262.31733    1397.1181    11.116629    10.966728    11.459956  0.067216473    0.1362131   0.28939982 
    1700    75.752645   -23.997948  0.039167192   -23.958781    266.57546    1368.6191    11.040522    10.891647    11.381498  0.066756294   0.13528055   0.28741852 
    1710    63.098422    -23.99207  0.032624445   -23.959445    223.22388    1342.5197    10.969891    10.821968    11.308685  0.066329222    0.1344151   0.28557976 
    1720    81.421621   -24.002399  0.042098282     -23.9603    90.500188    1318.6353    10.904447    10.757406     11.24122  0.065933517   0.13361321   0.28387606 
    1730    62.501817    -23.99076  0.032315976   -23.958444   -50.165869    1296.7567    10.843802    10.697579    11.178703   0.06556683   0.13287012   0.28229729 
    1740    86.951269   -24.001532  0.044957334   -23.956575   -164.64995    1276.7415    10.787722    10.642255    11.120891  0.065227742   0.13218297   0.28083736 
    1750     61.74567   -23.984556  0.031925017   -23.952631   -277.99565    1258.4902    10.736071    10.591301    11.067644  0.064915434   0.13155008   0.27949271 
    1760    98.030358   -23.999566  0.050685673    -23.94888   -350.22027    1241.8604    10.688572    10.544442    11.018678  0.064628232   0.13096807   0.27825617 
    1770      76.3353   -23.982486  0.039468448   -23.943017   -297.45446    1226.7285    10.644981    10.501439    10.973741  0.064364663   0.13043395   0.27712138 
    1780    118.30483    -23.99986  0.061168398   -23.938692   -190.54335    1213.0811    10.605359    10.462351    10.932895  0.064125086   0.12994845   0.27608988 
    1790    93.298233   -23.979376  0.048238972   -23.931137   -50.144622    1200.9054    10.569757     10.42723    10.896194  0.063909823   0.12951222   0.27516307 
    1800    141.38706   -23.998682  0.073102849   -23.925579     145.9487    1190.1357    10.538066    10.395966    10.863524  0.063718202   0.12912391   0.27433805 
    1810    122.56142   -23.982133  0.063369226   -23.918764    318.30921    1180.7952    10.510425    10.368698     10.83503  0.063551072   0.12878522   0.27361847 
    1820    157.54622   -23.996396  0.081457789   -23.914939    406.20106     1172.896    10.486935    10.345525    10.810814  0.063409042    0.1284974   0.27300696 
    1830    128.79749   -23.977697  0.066593527   -23.911103    422.72064    1166.3974    10.467531    10.326382    10.790811  0.063291716   0.12825964   0.27250181 
    1840    159.50324   -23.994468  0.082469649   -23.911999    311.35785     1161.227    10.452041    10.311101    10.774843  0.063198057   0.12806984   0.27209857 
    1850    138.37261     -23.9858  0.071544253   -23.914256    124.84621    1157.2819    10.440192    10.299411    10.762627  0.063126407   0.12792465   0.27179008 
    1860    137.86799   -23.991487  0.071283346   -23.920204   -47.120511    1154.3969    10.431509    10.290846    10.753676  0.063073907   0.12781825   0.27156404 
    1870    114.15463   -23.987665  0.059022574   -23.928642   -225.59894    1152.4094    10.425519    10.284937    10.747501  0.063037689   0.12774486   0.27140811 
    1880    98.160627   -23.988925  0.050753028   -23.938172   -349.55859    1151.1062    10.421587    10.281058    10.743448  0.063013917   0.12769669   0.27130575 
    1890    83.610407   -23.992363  0.043229973   -23.949133   -341.80165    1150.3115    10.419189    10.278692    10.740975  0.062999413   0.12766729   0.27124331 
    1900    64.714846   -23.991369  0.033460201   -23.957909   -271.80739     1149.909    10.417973    10.277493    10.739723  0.062992065    0.1276524   0.27121167 
    1910    65.570724   -23.999351  0.033902725   -23.965449   -188.91559    1149.7954     10.41763    10.277154    10.739369   0.06298999    0.1276482   0.27120274 
    1920    49.544066   -23.995491  0.025616293   -23.969875   -39.794361    1149.8627    10.417834    10.277355    10.739578   0.06299122   0.12765069   0.27120803 
    1930    55.536889   -24.001242  0.028714825   -23.972527    112.45718     1150.106    10.418568     10.27808    10.740336  0.062995662   0.12765969   0.27122716 
    1940    42.842946   -23.995581  0.022151541   -23.973429    209.29502    1150.5229    10.419827    10.279321    10.741633  0.063003272   0.12767511   0.27125992 
    1950    55.881609   -24.002703   0.02889306    -23.97381    256.90543    1151.0903    10.421539    10.281011    10.743399  0.063013627    0.1276961   0.27130451 
    1960    43.947498   -23.994917   0.02272264   -23.972194    284.08311    1151.7837    10.423632    10.283075    10.745556  0.063026277   0.12772173   0.27135897 
    1970    61.935218   -24.002799  0.032023021   -23.970776    230.32923     1152.649    10.426241    10.285649    10.748246  0.063042057   0.12775371   0.27142691 
    1980    52.842623   -23.994979   0.02732178   -23.967657    110.64705     1153.698    10.429403    10.288768    10.751505  0.063061175   0.12779245   0.27150923 
    1990    70.052448   -24.000414  0.036219958   -23.964194   -31.685629    1154.9238    10.433096    10.292411    10.755312  0.063083502    0.1278377   0.27160535 
    2000    64.182589   -23.992676  0.033185003   -23.959491   -161.52275     1156.318    10.437292    10.296551    10.759638  0.063108876   0.12788912    0.2717146 
    2010      84.6605   -23.999269  0.043772914   -23.955496   -275.72389     1157.921    10.442113    10.301307    10.764608  0.063138026   0.12794819    0.2718401 
    2020    76.828922   -23.990325   0.03972367   -23.950601   -326.54844    1159.7515    10.447613    10.306732    10.770277  0.063171278   0.12801558   0.27198327 
    2030    86.381565   -23.992357  0.044662774   -23.947694   -317.49822    1161.8305    10.453852    10.312887    10.776709  0.063209004   0.12809203    0.2721457 
    2040    90.602279   -23.991943  0.046845055   -23.945098    -226.2736    1164.1621     10.46084    10.319782    10.783913  0.063251259   0.12817766   0.27232763 
    2050    95.262277   -23.991951  0.049254463   -23.942697   -66.817273    1166.7935    10.468716    10.327551    10.792032  0.063298878   0.12827415   0.27253265 
    2060    101.19675   -23.993022  0.052322824   -23.940699    85.197445    1169.7989    10.477697    10.336411     10.80129   0.06335318    0.1283842   0.27276645 
    2070    96.987248   -23.989004  0.050146343   -23.938857    214.85722    1173.1981    10.487835    10.346413    10.811742  0.063414485   0.12850843   0.27303039 
    2080     110.1509   -23.994334  0.056952487   -23.937382    324.13933    1177.0162      10.4992    10.357624    10.823458  0.063483202   0.12864768   0.27332626 
    2090    99.413698   -23.987219  0.051400916   -23.935818    341.73948    1181.3147    10.511966    10.370218    10.836618   0.06356039   0.12880411   0.27365859 
    2100    115.68473     -23.9958  0.059813701   -23.935986    251.05503    1186.1252    10.526216    10.384275    10.851308  0.063646549    0.1289787   0.27402955 
    2110    104.88737   -23.989617  0.054231028   -23.935386    142.02737    1191.3951    10.541782    10.399632    10.867355   0.06374067   0.12916944   0.27443478 
    2120    118.47034   -23.997035  0.061253972   -23.935781    4.0972859    1197.1439     10.55871    10.416332    10.884806  0.063843027   0.12937686   0.27487548 
    2130     106.8743   -23.990748   0.05525835    -23.93549    -171.0719    1203.3953    10.577057    10.434431     10.90372  0.063953963   0.12960167   0.27535311 
    2140     113.9131   -23.994819  0.058897696   -23.935921   -292.98885    1210.0899    10.596635    10.453745    10.923902  0.064072336   0.12984155   0.27586277 
    2150    97.842386   -23.986711  0.050588484   -23.936122    -319.0514    1217.1803    10.617291    10.474123    10.945196  0.064197235   0.13009466   0.27640052 
    2160    106.07678   -23.992527  0.054845999   -23.937681   -285.87559    1224.6901    10.639082     10.49562     10.96766  0.064328993   0.13036167    0.2769678 
    2170     92.53699   -23.987818  0.047845379   -23.939973   -198.92616    1232.6435    10.662063    10.518291    10.991351  0.064467947   0.13064325   0.27756607 
    2180    100.51831   -23.994998  0.051972046   -23.943025   -68.397141    1241.0328    10.686197    10.542099     11.01623  0.064613873   0.13093897   0.27819435 
    2190    82.133297   -23.988548  0.042466247   -23.946081    82.492202    1249.8311     10.71139    10.566953    11.042202  0.064766206   0.13124767   0.27885021 
    2200    85.633818   -23.994832  0.044276159   -23.950556     203.7642    1259.0606    10.737692      10.5929    11.069316  0.064925239   0.13156995   0.27953493 
    2210    68.489454   -23.989773  0.035411827   -23.954362    267.60101    1268.7369     10.76513    10.619968    11.097601   0.06509114   0.13190615   0.28024922 
    2220    72.649736   -23.996733  0.037562862    -23.95917    264.55692    1278.8395    10.793628    10.648081    11.126979  0.065263451   0.13225533    0.2809911 
    2230    62.868249   -23.995856  0.032505436    -23.96335    209.86977    1289.3126    10.823012     10.67707    11.157271  0.065441126   0.13261539   0.28175608 
    2240    61.533504   -23.998421  0.031815319   -23.966606    117.14766    1300.1207    10.853171    10.706822    11.188361  0.065623477   0.13298492   0.28254119 
    2250     58.26024   -23.999012  0.030122908   -23.968889   -1.4599738    1311.2597    10.884078    10.737312    11.220222  0.065810358   0.13336363    0.2833458 
    2260    57.306346   -23.999968  0.029629706   -23.970338   -110.36157    1322.6962     10.91563    10.768438    11.252748  0.066001133   0.13375023   0.28416718 
    2270    54.725934   -23.998647  0.028295529   -23.970352   -199.21119    1334.4249    10.947799    10.800173    11.285911  0.066195642    0.1341444   0.28500464 
    2280    56.053874   -23.998372  0.028982128    -23.96939   -243.58547    1346.4326    10.980538    10.832472    11.319662  0.066393601   0.13454556   0.28585695 
    2290    59.378156   -23.998018  0.030700916   -23.967317   -236.09814    1358.7625    11.013954    10.865437     11.35411  0.066595651   0.13495501   0.28672687 
    2300    66.890596   -23.997848  0.034585153   -23.963263   -180.24802    1371.4642    11.048167    10.899189    11.389379  0.066802519   0.13537423   0.28761754 
    2310    70.020979   -23.992978  0.036203688   -23.956774   -92.690117    1384.6322    11.083414     10.93396    11.425715  0.067015639   0.13580611   0.28853513 
    2320    94.095903   -23.996626    0.0486514   -23.947974    29.564665    1398.3818     11.11998    10.970033     11.46341  0.067236733   0.13625415   0.28948704 
    2330     98.98504   -23.987067  0.051179283   -23.935887    168.54726      1412.89    11.158304    11.007841    11.502918   0.06746846   0.13672375   0.29048474 
    2340    127.38457   -23.989907  0.065862993   -23.924044     246.9241    1428.4126    11.199019    11.048006     11.54489  0.067714639   0.13722262   0.29154467 
    2350    127.76664   -23.979095  0.066060537   -23.913035    293.02173    1445.1408    11.242567    11.090967    11.589783  0.067977951   0.13775622   0.29267835 
    2360    151.91766   -23.985411  0.078547598   -23.906863    266.66633    1463.3567    11.289607    11.137373    11.638276  0.068262379   0.13833261   0.29390295 
    2370    151.65542   -23.982873  0.078412005   -23.904461    138.58889    1483.2394    11.340508    11.187587    11.690748   0.06857015    0.1389563   0.29522805 
    2380    152.88951   -23.984582  0.079050082   -23.905532   -13.281789    1504.8481    11.395314    11.241655    11.747248  0.068901536   0.13962785   0.29665484 
    2390    154.23458   -23.990438  0.079745536   -23.910692   -132.73998    1528.1788    11.453902    11.299453    11.807645  0.069255788   0.14034574   0.29818006 
    2400    129.52218   -23.984293  0.066968222   -23.917325   -235.67217    1553.2942    11.516309    11.361018     11.87198   0.06963313   0.14111042   0.29980471 
    2410     133.7281   -23.994219  0.069142852   -23.925076   -277.66613    1580.1562    11.582316    11.426135    11.940025  0.070032241   0.14191921   0.30152308 
    2420     107.6359   -23.988377  0.055652128   -23.932725   -247.39433    1608.7084    11.651662    11.494545    12.011512  0.070451536    0.1427689   0.30332834 
    2430    112.32817   -23.998572  0.058078221   -23.940493   -182.48874    1638.9555    11.724234    11.566139    12.086326  0.070890342   0.14365813   0.30521762 
    2440    88.157306   -23.991345  0.045580905   -23.945764   -64.349072    1670.8943    11.799902    11.640787    12.164331   0.07134787   0.14458531    0.3071875 
    2450    95.096457   -23.999552  0.049168727   -23.950384    54.991988    1704.6043    11.878728     11.71855    12.245591  0.071824489   0.14555117   0.30923958 
    2460    77.610636   -23.992335  0.040127848   -23.952207    127.61003    1740.1773    11.960791    11.799507    12.330189  0.072320683    0.1465567   0.31137594 
    2470    81.769356   -23.995781  0.042278075   -23.953503     183.3888    1777.6376    12.046008    11.883574    12.418038  0.072835945   0.14760087   0.31359439 
    2480    67.297067   -23.988311  0.034795314   -23.953515    212.45347    1817.0718    12.134432    11.970806    12.509192  0.073370596   0.14868433   0.31589633 
    2490    78.666536   -23.994553  0.040673792   -23.953879    169.61747    1858.6286    12.226241    12.061377    12.603837  0.073925718   0.14980928    0.3182864 
    2500    72.497528   -23.990568  0.037484164   -23.953084    95.776597    1902.3768    12.321425    12.155277     12.70196  0.074501245   0.15097557   0.32076433 
    2510    82.178871   -23.995061  0.042489811   -23.952571    25.222672    1948.3943    12.419984    12.252507    12.803563  0.075097181   0.15218323   0.32333012 
    2520    75.842748   -23.990441  0.039213778   -23.951228    -66.22479    1996.8006    12.521999    12.353146    12.908729  0.075714011   0.15343322   0.32598587 
    2530     86.77914   -23.994882  0.044868337   -23.950014   -152.86947    2047.6933     12.62749    12.457216    13.017479  0.076351865   0.15472582   0.32873215 
    2540    86.855157   -23.993699  0.044907641   -23.948791   -166.87563     2101.096    12.736322     12.56458    13.129672  0.077009916   0.15605935   0.33156538 
    2550    89.175997   -23.993621  0.046107609   -23.947513   -159.59952    2157.2356    12.848762    12.675503    13.245583  0.077689777   0.15743708   0.33449251 
    2560    97.403748   -23.997105   0.05036169   -23.946743   -142.69338    2216.2513    12.964877    12.790053    13.365285  0.078391868   0.15885986   0.33751536 
    2570    94.275157   -23.994627  0.048744082   -23.945883   -67.206847    2278.2127    13.084592    12.908153    13.488697  0.079115718   0.16032673   0.34063189 
    2580    106.17079   -23.999423  0.054894607   -23.944529    25.818476    2343.3296    13.208086    13.029982    13.616005  0.079862422   0.16183991   0.34384682 
    2590    93.483008   -23.991174  0.048334509    -23.94284    81.086922    2411.8976    13.335676    13.155852    13.747536  0.080633896   0.16340329   0.34716839 
    2600    110.55624   -23.998711  0.057162062   -23.941549    127.33137    2484.0678    13.467384    13.285783    13.883311  0.081430262   0.16501711   0.35059714 
    2610    87.457591   -23.984179  0.045219124    -23.93896    156.29241    2560.0159    13.603259    13.419827    14.023383   0.08225183   0.16668201   0.35413439 
    2620    111.28679   -23.996077  0.057539787   -23.938537    125.31546    2639.9999     13.74348    13.558157    14.167934  0.083099674   0.16840015   0.35778477 
    2630    92.612145   -23.984593  0.047884237   -23.936708     83.62533    2724.1283    13.887943    13.700672    14.316859  0.083973168   0.17017027   0.36154559 
    2640    108.38208   -23.992498  0.056037931    -23.93646    30.391687    2812.5884    14.036672    13.847395    14.470181  0.084872451   0.17199265   0.36541744 
    2650    91.111348   -23.983131  0.047108264   -23.936023   -45.056181     2905.568    14.189674    13.998334    14.627909  0.085797579   0.17386741   0.36940057 
    2660    110.51358   -23.993222  0.057140006   -23.936082   -94.751376    3003.0687     14.34665    14.153193    14.789733  0.086746729   0.17579085   0.37348713 
    2670    96.612364   -23.985774  0.049952513   -23.935822   -111.01175    3105.2412    14.507543    14.311917    14.955595  0.087719564   0.17776228   0.37767566 
    2680     106.3084   -23.991918  0.054965759   -23.936952   -122.86332    3212.3158    14.672411    14.474562    15.125555  0.088716438   0.17978243   0.38196769 
    2690    97.910241   -23.988384  0.050623568    -23.93776   -100.07431     3324.373    14.841074     14.64095    15.299426  0.089736253   0.18184907   0.38635849 
    2700    108.36793   -23.995481  0.056030616    -23.93945   -43.543335    3441.5466    15.013431    14.810984    15.477107  0.090778409   0.18396098   0.39084548 
    2710    107.20258    -23.99635  0.055428086   -23.940922   -3.7494009    3564.2226    15.189741    14.984915    15.658861  0.091844458   0.18612131   0.39543535 
    2720    103.57477   -23.995984  0.053552359   -23.942432    37.270892    3692.4717    15.369786    15.162532    15.844467  0.092933097   0.18832742   0.40012247 
    2730    101.01283   -23.995529  0.052227732   -23.943301    84.356396    3826.4391     15.55346     15.34373    16.033814  0.094043681     0.190578   0.40490407 
    2740    89.728786    -23.99044  0.046393424   -23.944046    91.033962    3966.4733    15.740925    15.528668    16.227069  0.095177187   0.19287503   0.40978437 
    2750    97.728356    -23.99673  0.050529526   -23.946201     68.79642    4112.6896    15.932016    15.717181    16.424061   0.09633261   0.19521648   0.41475904 
    2760    79.148496   -23.987937  0.040922984   -23.947014    54.057262    4264.9005    16.126188    15.908735     16.62423  0.097506669   0.19759569   0.41981393 
    2770    90.485814   -23.995783  0.046784838   -23.948998    17.924838    4423.2983    16.323408    16.103295    16.827541  0.098699153   0.20001224   0.42494816 
    2780    73.489443   -23.987968  0.037997024   -23.949971   -27.670635     4587.864    16.523381    16.300573     17.03369  0.099908291   0.20246254   0.43015409 
    2790    82.821123   -23.993896  0.042821881   -23.951074   -52.167278    4758.4676    16.725706    16.500169    17.242263   0.10113164   0.20494164   0.43542121 
    2800    69.447214   -23.987326  0.035907028   -23.951419   -66.401149    4935.1273    16.930178    16.701884    17.453051   0.10236798   0.20744706   0.44074426 
    2810    85.072475   -23.996137  0.043985922   -23.952151   -77.754014    5117.8893    17.136641    16.905563     17.66589   0.10361636   0.20997687   0.44611912 
    2820    77.675305   -23.991722  0.040161285   -23.951561   -59.598259    5306.6025    17.344732    17.110848    17.880408   0.10487457   0.21252663   0.45153636 
    2830    90.578295   -23.996977  0.046832654   -23.950144   -30.370785    5501.5846    17.554617    17.317902    18.096774   0.10614363   0.21509836   0.45700029 
    2840    92.664298   -23.995447  0.047911202   -23.947536   -9.3707856    5703.1933    17.766482    17.526911    18.315183   0.10742467   0.21769437    0.4625158 
    2850    102.13814   -23.996541  0.052809564   -23.943731    21.146211    5911.4484    17.980153      17.7377    18.535453   0.10871663    0.2203125   0.46807831 
    2860    107.72709   -23.993008  0.055699278   -23.937308    53.947508    6126.7284     18.19582    17.950459     18.75778   0.11002066   0.22295508   0.47369277 
    2870    120.46435   -23.993082  0.062284957   -23.930798    61.065769    6349.8608    18.414085    18.165781    18.982787   0.11134039   0.22562951   0.47937489 
    2880    134.30921   -23.992725  0.069443313   -23.923282     57.52184    6581.2526    18.635095    18.383811    19.210622   0.11267672   0.22833756   0.48512844 
    2890    126.78955    -23.98129  0.065555343   -23.915735     50.18606    6821.2545    18.858921    18.604618     19.44136   0.11403008   0.23108012   0.49095531 
    2900    154.48901    -23.99072  0.079877085   -23.910842    20.238154    7070.6106    19.085977    18.828613    19.675429   0.11540297   0.23386226   0.49686627 
    2910    142.03387   -23.980045  0.073437276   -23.906608   -6.7044712    7329.3723    19.316021    19.055555    19.912578   0.11679393   0.23668102   0.50285504 
    2920    157.03555   -23.988138   0.08119375   -23.906945   -24.993168    7597.7264    19.548944    19.285337    20.152694   0.11820229   0.23953504   0.50891872 
    2930    129.72672   -23.976757  0.067073979   -23.909683   -44.024975    7875.6283    19.784443     19.51766    20.395466   0.11962623   0.24242063   0.51504948 
    2940    144.17762   -23.992181  0.074545681   -23.917636   -47.310343    8162.4117    20.021729    19.751747    20.640081   0.12106098   0.24532812   0.52122677 
    2950    111.71563    -23.98546  0.057761513   -23.927699   -33.869979    8457.2638    20.259966    19.986771    20.885676   0.12250147   0.24824726    0.5274288 
    2960     112.8201   -23.998482  0.058332569    -23.94015    -21.60485    8759.4584    20.498457    20.222046    21.131532    0.1239435   0.25116951   0.53363745 
    2970    81.461708   -23.993517  0.042119009   -23.951398   -3.0242356    9067.4613    20.735952    20.456339    21.376363   0.12537952   0.25407956   0.53982018 
    2980    79.445149   -24.001903  0.041076366   -23.960826     16.29633    9380.2062    20.971663    20.688872    21.619353   0.12680474   0.25696775   0.54595646 
    2990    59.875905   -23.997476  0.030958273   -23.966517    24.005868    9696.8911    21.205064    20.919125    21.859962   0.12821599   0.25982763   0.55203259 
    3000    61.151578   -24.002103  0.031617847   -23.970485     26.33869    10016.281    21.435367    21.146323    22.097378   0.12960851   0.26264956   0.55802807 
Loop time of 39.9198 on 1 procs for 3000 steps with 5 atoms

Performance: 12.986 ns/day, 1.848 hours/ns, 75.151 timesteps/s
308.7% CPU use with 1 MPI tasks x no OpenMP threads

MPI task timing breakdown:
Section |  min time  |  avg time  |  max time  |%varavg| %total
---------------------------------------------------------------
Pair    | 39.163     | 39.163     | 39.163     |   0.0 | 98.10
Neigh   | 0.0023913  | 0.0023913  | 0.0023913  |   0.0 |  0.01
Comm    | 0.008559   | 0.008559   | 0.008559   |   0.0 |  0.02
Output  | 0.70237    | 0.70237    | 0.70237    |   0.0 |  1.76
Modify  | 0.035588   | 0.035588   | 0.035588   |   0.0 |  0.09
Other   |            | 0.00787    |            |       |  0.02

Nlocal:    5 ave 5 max 5 min
Histogram: 1 0 0 0 0 0 0 0 0 0
Nghost:    0 ave 0 max 0 min
Histogram: 1 0 0 0 0 0 0 0 0 0
Neighs:    0 ave 0 max 0 min
Histogram: 1 0 0 0 0 0 0 0 0 0

Total # of neighbors = 0
Ave neighs/atom = 0
Neighbor list builds = 229
Dangerous builds = 79
Total wall time: 0:00:43
