#       step         max_devi_e         min_devi_e         avg_devi_e         max_devi_f         min_devi_f         avg_devi_f
           0       2.739337e+00       6.312122e-01       1.095823e+00       1.897617e-02       7.822949e-03       1.510377e-02
          10       2.719931e+00       5.802204e-01       1.088968e+00       4.117824e-02       3.490306e-02       3.760420e-02
          20       2.706481e+00       5.453724e-01       1.084033e+00       5.332616e-02       3.467796e-02       4.312317e-02
          30       2.689913e+00       5.237352e-01       1.077315e+00       5.694601e-02       3.007524e-02       4.101249e-02
          40       2.676965e+00       5.154628e-01       1.072359e+00       5.412091e-02       8.047917e-03       2.712216e-02
          50       2.663883e+00       5.410450e-01       1.066983e+00       4.811920e-02       2.253009e-02       3.301416e-02
          60       2.668652e+00       6.304632e-01       1.068362e+00       4.388864e-02       3.271279e-02       4.011818e-02
          70       2.688914e+00       5.895667e-01       1.077009e+00       4.878819e-02       2.599522e-02       4.214365e-02
          80       2.707470e+00       5.667739e-01       1.084433e+00       5.616342e-02       3.217084e-02       4.234473e-02
          90       2.709180e+00       5.568547e-01       1.085293e+00       6.869756e-02       1.155071e-02       3.433662e-02
         100       2.671443e+00       5.710712e-01       1.070423e+00       7.514553e-02       3.540265e-02       4.914116e-02
         110       2.624948e+00       6.266250e-01       1.051196e+00       5.691771e-02       7.636111e-03       4.653235e-02
         120       2.600251e+00       5.359804e-01       1.042305e+00       7.203913e-02       5.185272e-02       6.085425e-02
         130       2.618314e+00       4.892463e-01       1.049891e+00       6.660285e-02       3.002712e-02       4.554858e-02
         140       2.653057e+00       4.811080e-01       1.063578e+00       8.079654e-02       1.336447e-02       3.885904e-02
         150       2.699086e+00       5.291528e-01       1.081878e+00       5.973657e-02       2.939535e-02       4.099227e-02
         160       2.747942e+00       6.178427e-01       1.100659e+00       5.886524e-02       2.659693e-02       4.943876e-02
         170       2.793905e+00       6.062475e-01       1.118752e+00       6.587550e-02       4.857646e-02       5.857203e-02
         180       2.817583e+00       6.208682e-01       1.128149e+00       4.761839e-02       3.329991e-02       3.913670e-02
         190       2.790044e+00       6.308571e-01       1.116643e+00       4.052593e-02       1.244157e-02       2.406019e-02
         200       2.734914e+00       6.129774e-01       1.094867e+00       3.807545e-02       2.395533e-02       3.352241e-02
         210       2.653810e+00       6.088287e-01       1.062675e+00       5.340086e-02       3.273116e-02       4.586958e-02
         220       2.594863e+00       5.940521e-01       1.038934e+00       4.092640e-02       2.122736e-02       3.562179e-02
         230       2.559827e+00       5.383121e-01       1.025390e+00       5.244669e-02       2.631191e-02       3.457037e-02
         240       2.559146e+00       5.213156e-01       1.024833e+00       4.582883e-02       2.215025e-02       3.073008e-02
         250       2.582165e+00       5.291008e-01       1.034160e+00       4.529659e-02       3.468632e-02       3.937935e-02
         260       2.624172e+00       5.600186e-01       1.051197e+00       5.341024e-02       4.333058e-02       4.721689e-02
         270       2.686391e+00       6.224749e-01       1.074905e+00       3.525907e-02       1.538994e-02       3.088733e-02
         280       2.751314e+00       6.634407e-01       1.100433e+00       2.614215e-02       1.825162e-02       2.155959e-02
         290       2.812066e+00       6.318917e-01       1.125011e+00       2.279011e-02       1.156932e-02       1.996041e-02
         300       2.841306e+00       6.017091e-01       1.137453e+00       5.770646e-02       2.392015e-02       4.150971e-02
         310       2.838262e+00       5.768969e-01       1.136962e+00       5.454156e-02       2.865862e-02       4.787060e-02
         320       2.796590e+00       5.684162e-01       1.119683e+00       4.284839e-02       3.392226e-02       3.834460e-02
         330       2.735002e+00       5.747748e-01       1.094432e+00       2.589740e-02       1.221089e-02       1.684547e-02
         340       2.660519e+00       5.909131e-01       1.064675e+00       3.133587e-02       1.380055e-02       2.605481e-02
         350       2.589168e+00       5.657299e-01       1.036758e+00       4.841358e-02       3.846974e-02       4.288014e-02
         360       2.542966e+00       5.163633e-01       1.019051e+00       5.587576e-02       4.825541e-02       5.243995e-02
         370       2.523093e+00       5.056067e-01       1.010457e+00       5.286534e-02       3.653629e-02       4.594277e-02
         380       2.552071e+00       5.365987e-01       1.021579e+00       3.732052e-02       2.183801e-02       2.694723e-02
         390       2.608137e+00       6.011321e-01       1.044512e+00       4.284032e-02       3.094676e-02       3.798307e-02
         400       2.703401e+00       5.834107e-01       1.083199e+00       6.312279e-02       1.953667e-02       5.270247e-02
         410       2.791576e+00       5.682459e-01       1.119675e+00       7.581624e-02       5.731133e-02       6.580537e-02
         420       2.841826e+00       5.998903e-01       1.138404e+00       4.724378e-02       3.087539e-02       3.758389e-02
         430       2.829089e+00       6.279264e-01       1.132097e+00       3.537619e-02       8.397987e-03       2.283690e-02
         440       2.774796e+00       6.853452e-01       1.110208e+00       4.149268e-02       2.287844e-02       3.576758e-02
         450       2.714023e+00       5.773536e-01       1.086750e+00       5.607389e-02       2.278929e-02       4.682943e-02
         460       2.658593e+00       5.052373e-01       1.066212e+00       8.016087e-02       4.604030e-02       5.953971e-02
         470       2.628394e+00       4.975647e-01       1.053515e+00       6.462646e-02       2.492072e-02       4.066852e-02
         480       2.611069e+00       5.294001e-01       1.046029e+00       4.126596e-02       1.003277e-02       2.269453e-02
         490       2.622435e+00       5.763771e-01       1.050094e+00       3.542240e-02       1.056359e-02       2.900758e-02
         500       2.643785e+00       5.871369e-01       1.058203e+00       4.592010e-02       2.976278e-02       4.045406e-02
         510       2.683691e+00       5.796539e-01       1.074435e+00       4.287074e-02       2.172669e-02       3.622116e-02
         520       2.721231e+00       5.860047e-01       1.089347e+00       3.216768e-02       1.566811e-02       2.378835e-02
         530       2.751792e+00       6.310417e-01       1.101297e+00       3.261543e-02       1.193388e-02       2.110331e-02
         540       2.761241e+00       6.151437e-01       1.105585e+00       4.780921e-02       3.487976e-02       3.860073e-02
         550       2.747064e+00       6.143955e-01       1.099712e+00       4.955238e-02       2.723807e-02       4.182886e-02
         560       2.720619e+00       6.174601e-01       1.088870e+00       3.699876e-02       9.662135e-03       2.996657e-02
         570       2.683896e+00       6.177476e-01       1.074359e+00       4.961341e-02       1.272856e-02       2.582665e-02
         580       2.655747e+00       5.605244e-01       1.063356e+00       3.378945e-02       1.811552e-02       2.495214e-02
         590       2.625716e+00       5.214700e-01       1.052197e+00       5.984197e-02       4.132450e-02       4.660639e-02
         600       2.614125e+00       5.149232e-01       1.047645e+00       6.212419e-02       4.671983e-02       5.247272e-02
         610       2.611088e+00       5.532240e-01       1.045321e+00       4.243966e-02       3.233797e-02       3.649980e-02
         620       2.636543e+00       5.938129e-01       1.055009e+00       1.387176e-02       8.937710e-03       1.223605e-02
         630       2.679783e+00       5.445617e-01       1.073172e+00       4.652124e-02       2.546956e-02       3.480825e-02
         640       2.737212e+00       5.264813e-01       1.096886e+00       6.300807e-02       4.930223e-02       5.483293e-02
         650       2.788285e+00       5.185214e-01       1.117665e+00       6.054539e-02       5.015001e-02       5.683593e-02
         660       2.806350e+00       5.381197e-01       1.124532e+00       5.353955e-02       3.257476e-02       4.469612e-02
         670       2.806657e+00       6.152581e-01       1.122897e+00       1.850396e-02       1.388405e-02       1.560434e-02
         680       2.776061e+00       6.638891e-01       1.110675e+00       3.483441e-02       1.213341e-02       2.982492e-02
         690       2.735897e+00       6.049279e-01       1.096017e+00       6.155801e-02       2.581050e-02       5.197117e-02
         700       2.679844e+00       5.407082e-01       1.074214e+00       6.291148e-02       4.439637e-02       5.355343e-02
         710       2.628145e+00       5.333362e-01       1.053097e+00       5.531459e-02       2.736204e-02       3.811743e-02
         720       2.578870e+00       5.462566e-01       1.032598e+00       4.992853e-02       1.782832e-02       2.884758e-02
         730       2.556357e+00       5.700994e-01       1.023234e+00       3.609666e-02       2.937031e-02       3.236257e-02
         740       2.568286e+00       6.207349e-01       1.027906e+00       4.354692e-02       1.699762e-02       3.743897e-02
         750       2.610801e+00       6.092868e-01       1.044874e+00       3.790628e-02       2.508052e-02       3.361031e-02
         760       2.667975e+00       5.861217e-01       1.067624e+00       2.159115e-02       1.627587e-02       1.885571e-02
         770       2.712334e+00       5.807603e-01       1.085355e+00       2.459663e-02       1.335195e-02       1.680238e-02
         780       2.750619e+00       5.833400e-01       1.101015e+00       3.384934e-02       2.277856e-02       2.981896e-02
         790       2.772289e+00       5.927567e-01       1.109803e+00       3.924487e-02       3.568076e-02       3.696070e-02
         800       2.782860e+00       6.119340e-01       1.113460e+00       2.747400e-02       8.992178e-03       2.242247e-02
         810       2.775469e+00       6.362110e-01       1.110124e+00       1.152904e-02       9.620587e-03       1.038907e-02
         820       2.754970e+00       6.607719e-01       1.101903e+00       1.852623e-02       9.295296e-03       1.659148e-02
         830       2.721568e+00       6.201855e-01       1.088900e+00       3.340252e-02       1.519437e-02       2.908525e-02
         840       2.682663e+00       5.595946e-01       1.074203e+00       4.591061e-02       3.353253e-02       3.748570e-02
         850       2.651399e+00       5.365091e-01       1.061692e+00       4.290857e-02       2.326750e-02       3.106245e-02
         860       2.626309e+00       5.378879e-01       1.051162e+00       4.481377e-02       9.045702e-03       2.140476e-02
         870       2.616237e+00       5.508651e-01       1.047557e+00       3.604480e-02       2.969362e-02       3.209449e-02
         880       2.618299e+00       5.820665e-01       1.048627e+00       4.569104e-02       3.823301e-02       4.233679e-02
         890       2.653108e+00       5.896567e-01       1.062105e+00       4.191337e-02       1.123358e-02       3.467670e-02
         900       2.700670e+00       5.744794e-01       1.081453e+00       4.908640e-02       2.310649e-02       3.369993e-02
         910       2.748686e+00       5.799984e-01       1.100542e+00       5.095099e-02       1.047427e-02       2.748436e-02
         920       2.759447e+00       6.026877e-01       1.105123e+00       6.402616e-02       3.334572e-02       4.623948e-02
         930       2.734124e+00       6.281466e-01       1.094991e+00       6.112922e-02       5.249546e-02       5.690312e-02
         940       2.695793e+00       6.349258e-01       1.079072e+00       4.688995e-02       9.122532e-03       3.809191e-02
         950       2.664659e+00       5.039806e-01       1.068118e+00       6.833293e-02       2.435376e-02       4.212699e-02
         960       2.654274e+00       4.661686e-01       1.065038e+00       1.015194e-01       1.628681e-02       5.071840e-02
         970       2.652952e+00       4.870713e-01       1.064229e+00       7.387128e-02       4.505504e-02       5.501548e-02
         980       2.671824e+00       5.666198e-01       1.070634e+00       5.676024e-02       1.531745e-02       4.683964e-02
         990       2.698920e+00       6.159330e-01       1.080263e+00       4.821642e-02       1.818855e-02       4.018654e-02
        1000       2.739801e+00       5.969568e-01       1.096860e+00       4.221962e-02       1.941733e-02       2.787704e-02
