2019-06-24 13:55:30.497199: I tensorflow/core/platform/cpu_feature_guard.cc:140] Your CPU supports instructions that this TensorFlow binary was not compiled to use: AVX512F
2019-06-24 13:55:32.164610: E tensorflow/stream_executor/cuda/cuda_driver.cc:406] failed call to cuInit: CUDA_ERROR_NO_DEVICE
2019-06-24 13:55:32.164694: I tensorflow/stream_executor/cuda/cuda_diagnostics.cc:158] retrieving CUDA diagnostic information for host: SR760-GPU-7
2019-06-24 13:55:32.164709: I tensorflow/stream_executor/cuda/cuda_diagnostics.cc:165] hostname: SR760-GPU-7
2019-06-24 13:55:32.164785: I tensorflow/stream_executor/cuda/cuda_diagnostics.cc:189] libcuda reported version is: 410.48.0
2019-06-24 13:55:32.164860: I tensorflow/stream_executor/cuda/cuda_diagnostics.cc:193] kernel reported version is: 410.48.0
2019-06-24 13:55:32.164870: I tensorflow/stream_executor/cuda/cuda_diagnostics.cc:300] kernel version seems to match DSO: 410.48.0
fo of lammps module:
  use deepmd-kit at:  /sharedext4/local/deepmd-kit-0.12.4
  source:             v0.12.4-1-ge3cd911-dirty
  source branch:      master
  source commit:      e3cd911
  source commit at:   2019-02-07 10:22:13 +0800
  build float prec:   double
  build with tf inc:  /sharedext4/local/tensorflow/r1.8.gpu.cc/include
  build with tf lib:  /sharedext4/local/tensorflow/r1.8.gpu.cc/lib/libtensorflow_cc.so;/sharedext4/local/tensorflow/r1.8.gpu.cc/lib/libtensorflow_framework.so
  >>> Info of model(s):
  using   4 model(s): ../graph.002.pb ../graph.003.pb ../graph.000.pb ../graph.001.pb 
  rcut in model:      5
  ntypes in model:    2
Neighbor list info ...
  update every 1 steps, delay 10 steps, check yes
  max neighbors/atom: 2000, page size: 100000
  master list distance cutoff = 6
  ghost atom cutoff = 6
  binsize = 3, bins = 4 4 4
  1 neighbor lists, perpetual/occasional/extra = 1 0 0
  (1) pair deepmd, perpetual
      attributes: , newton on
      pair build: full/bin/atomonly
      stencil: full/bin/3d
      bin: standard
Setting up Verlet run ...
  Unit style    : metal
  Current step  : 0
  Time step     : 0.002
Per MPI rank memory allocation (min/avg/max) = 3.949 | 3.949 | 3.949 Mbytes
Step Temp PotEng KinEng TotEng Press Volume Lx Ly Lz Xy Xz Yz 
       0          100   -23.988688  0.051704058   -23.936984   -483.58643     1023.251    9.8942728    10.235602    10.103804    0.1170034    0.2824488    -0.049496 
      10    65.053211   -23.968811   0.03363515   -23.935176   -18.445187    1017.8299    9.8767689    10.217495    10.085929   0.11679641   0.28194912 -0.049408437 
      20    86.193781   -23.977495  0.044565682    -23.93293     538.4231    1012.4168    9.8592287    10.199349    10.068017   0.11658899   0.28144841 -0.049320692 
      30    58.020918   -23.956841  0.029999169   -23.926842    971.87902    1007.0624    9.8418168    10.181337    10.050237   0.11638309   0.28095135 -0.049233589 
      40    76.627266   -23.964277  0.039619406   -23.924657     1111.355    1001.8363    9.8247629    10.163695    10.032822   0.11618142   0.28046452 -0.049148277 
      50    91.232201   -23.970004   0.04717075   -23.922833    1057.1736    996.75246    9.8081159    10.146473    10.015822   0.11598456   0.27998931 -0.049065001 
      60    97.237658   -23.972742  0.050275815   -23.922466    715.19693    991.85082     9.792012    10.129814    9.9993773   0.11579413   0.27952959 -0.048984442 
      70    149.46031   -23.996004  0.077277043   -23.918727    63.139813    987.11095     9.776389    10.113652    9.9834234   0.11560938   0.27908361 -0.048906288 
      80    129.58371   -23.972131  0.067000037   -23.905131   -576.76498    982.41368    9.7608571    10.097584    9.9675625   0.11542571   0.27864022 -0.048828589 
      90    190.75629    -23.98796  0.098628741   -23.889332    -1104.301    977.77336    9.7454647    10.081661    9.9518442   0.11524369   0.27820082 -0.048751589 
     100     118.3714   -23.928021  0.061202816   -23.866818   -1467.7238    973.20347    9.7302583     10.06593    9.9363158   0.11506387   0.27776673 -0.048675519 
     110    195.61316   -23.951787   0.10113994   -23.850647   -1485.0979    968.67615    9.7151465    10.050297     9.920884   0.11488517   0.27733534 -0.048599923 
     120    145.37794   -23.915042  0.075166294   -23.839876   -995.24472    964.16299    9.7000351    10.034664    9.9054525   0.11470647   0.27690395 -0.048524328 
     130    228.73878   -23.957164   0.11826723   -23.838897   -276.24113    959.86621    9.6856043    10.019735    9.8907161   0.11453582     0.276492 -0.048452138 
     140    152.03526   -23.921308  0.078608401   -23.842699    498.96368    955.90835    9.6722736    10.005945    9.8771031   0.11437818   0.27611146 -0.048385451 
     150    183.27897   -23.953804  0.094762663   -23.859041    1074.9005    952.37007    9.6603249    9.9935838    9.8649014   0.11423688   0.27577036 -0.048325678 
     160    127.39837   -23.948617  0.065870129   -23.882747    1324.2948    949.20868    9.6496239    9.9825137    9.8539738   0.11411034   0.27546488 -0.048272146 
     170    122.72181   -23.972305  0.063452154   -23.908853    1206.7306    946.35085    9.6399299    9.9724853    9.8440745    0.1139957   0.27518815 -0.048223652 
     180    103.40433   -23.982243  0.053464234   -23.928779     776.1912    943.67176    9.6308246    9.9630658    9.8347763   0.11388803   0.27492822 -0.048178103 
     190    101.55486   -23.990905  0.052507985   -23.938397    256.36482    940.99328     9.621704    9.9536306    9.8254626   0.11378017   0.27466786 -0.048132477 
     200     98.28947   -23.992678  0.050819645   -23.941858   -237.33698    938.21194    9.6122149    9.9438141    9.8157726   0.11366796   0.27439698 -0.048085008 
     210    74.253718   -23.979119  0.038392185   -23.940727   -682.38991    935.28518    9.6022093    9.9334634    9.8055551   0.11354964   0.27411135 -0.048034955 
     220    71.378103   -23.975841  0.036905376   -23.938936     -980.109    932.16418    9.5915167     9.922402    9.7946361    0.1134232   0.27380611 -0.047981466 
     230    53.243414   -23.964847  0.027529006   -23.937318   -1019.8387    928.78359    9.5799078    9.9103926    9.7827813   0.11328592   0.27347472 -0.047923392 
     240    70.587089   -23.973343  0.036496389   -23.936847   -840.69807    925.11344    9.5672726    9.8973215    9.7698786    0.1131365   0.27311403 -0.047860185 
     250    62.959755   -23.968449  0.032552748   -23.935897    -471.5771    921.16706    9.5536491     9.883228    9.7559665    0.1129754   0.27272512 -0.047792033 
     260    89.540955   -23.980401  0.046296307   -23.934105     58.56018    916.96689    9.5391066    9.8681838    9.7411161   0.11280343   0.27230998 -0.047719285 
     270    69.701924   -23.965123  0.036038723   -23.929084    584.29806    912.57855    9.5238651    9.8524165    9.7255518   0.11262319   0.27187489 -0.047643039 
     280    98.346962   -23.975905   0.05084937   -23.925056    975.88479     908.0021    9.5079182    9.8359195    9.7092672   0.11243462   0.27141965 -0.047563265 
     290    81.158714   -23.961126  0.041962349   -23.919164    1195.7908    903.27151    9.4913777    9.8188084    9.6923764   0.11223902   0.27094748 -0.047480521 
     300    130.33736   -23.983677  0.067389706   -23.916287    1145.9266    898.41782    9.4743467    9.8011898    9.6749847   0.11203762    0.2704613 -0.047395324 
     310    108.35912   -23.967562  0.056026064   -23.911536    689.97772    893.49312    9.4570036    9.7832485    9.6572744   0.11183253   0.26996621 -0.047308565 
     320    163.20635   -23.989167  0.084384304   -23.904782    75.825023    888.36686     9.438883    9.7645027      9.63877   0.11161825   0.26944893 -0.047217917 
     330    119.54068   -23.956686  0.061807383   -23.894878   -521.69197    882.97264    9.4197397     9.744699    9.6192213   0.11139187   0.26890245 -0.047122153 
     340    156.86376   -23.967828  0.081104927   -23.886723   -1079.0054    877.27045    9.3994185    9.7236768    9.5984698   0.11115157   0.26832234 -0.047020496 
     350    96.873654    -23.92765   0.05008761   -23.877562   -1356.9387    871.18855    9.3776468     9.701154     9.576237   0.11089411   0.26770083 -0.046911584 
     360    158.67989   -23.961211  0.082043943   -23.879167   -1217.6939    864.62611     9.354041    9.6767338    9.5521313   0.11061496   0.26702697 -0.046793496 
     370     127.8021   -23.947924   0.06607887   -23.881845   -769.40773    857.60974    9.3286698    9.6504874    9.5262228   0.11031494    0.2663027 -0.046666577 
     380    153.30916   -23.969457  0.079267057   -23.890189   -122.62683    850.15318    9.3015548     9.622437    9.4985336   0.10999429   0.26552866 -0.046530934 
     390    130.98101   -23.969494  0.067722499   -23.901771    591.71935    842.28708    9.2727781    9.5926675    9.4691475     0.109654   0.26470718 -0.046386979 
     400    114.92851    -23.97107  0.059422704   -23.911648     1100.484    834.02783    9.2423696    9.5612101    9.4380951   0.10929441   0.26383912 -0.046234861 
     410    93.465682   -23.972947   0.04832555   -23.924621    1263.5802    825.35828    9.2102338    9.5279657    9.4052788   0.10891439   0.26292175 -0.046074102 
     420    63.178768   -23.968595  0.032665987   -23.935929    1133.9955    816.18277    9.1759765    9.4925265     9.370296   0.10850928   0.26194381  -0.04590273 
     430    67.249151   -23.981129   0.03477054   -23.946359    751.56394    806.42382     9.139258    9.4545413    9.3327998   0.10807507   0.26089562 -0.045719046 
     440    52.314543   -23.979465  0.027048742   -23.952416    243.79808    795.98392    9.0996478    9.4135647    9.2923509   0.10760667   0.25976488 -0.045520897 
     450     62.06141   -23.988191  0.032088268   -23.956102   -289.89441    784.81389    9.0568821    9.3693236    9.2486795   0.10710095   0.25854406 -0.045306961 
     460    43.602949   -23.978461  0.022544494   -23.955917   -750.75651    772.87317    9.0107145    9.3215634    9.2015342     0.106555   0.25722613 -0.045076009 
     470    51.009516   -23.981621   0.02637399   -23.955247    -1058.854    760.14889     8.960991    9.2701245    9.1507577     0.105967   0.25580669 -0.044827267 
     480    45.837339   -23.977575  0.023699765   -23.953875   -1143.1565    746.64397    8.9076062     9.214898    9.0962424   0.10533571   0.25428273  -0.04456021 
     490    61.699607   -23.984897  0.031901201   -23.952995   -977.76024    732.39324    8.8505704    9.1558947    9.0379987   0.10466124   0.25265454 -0.044274889 
     500    70.687965   -23.988508  0.036548547    -23.95196   -561.92331    717.46235    8.7900132    9.0932483    8.9761591   0.10394513   0.25092584 -0.043971952 
     510    85.509494   -23.993366  0.044211878   -23.949154    47.840657    701.93436    8.7261362    9.0271678    8.9109294   0.10318976   0.24910236 -0.043652408 
     520    88.578989   -23.989293  0.045798932   -23.943495    687.58085    685.92924    8.6593028    8.9580288    8.8426807   0.10239943   0.24719449 -0.043318075 
     530    87.812711   -23.981541  0.045402735   -23.936138    1262.0637    669.53931    8.5897762    8.8861036    8.7716817   0.10157725   0.24520973 -0.042970269 
     540    83.406229   -23.971068  0.043124405   -23.927944    1594.6367    652.89531    8.5180007     8.811852    8.6983862   0.10072848   0.24316078 -0.042611213 
     550    96.128604   -23.971311  0.049702389   -23.921609    1534.8788    636.09168    8.4442884    8.7355969    8.6231129  0.099856803   0.24105654 -0.042242468 
     560    100.31342   -23.969716  0.051866107    -23.91785    989.43327    619.22915    8.3690009    8.6577122    8.5462311  0.098966501   0.23890733 -0.041865843 
     570    122.90436   -23.977702   0.06354654   -23.914155     202.1468     602.3234    8.2921357    8.5781952     8.467738  0.098057541   0.23671308 -0.041481325 
     580      91.6186     -23.9559  0.047370534    -23.90853   -754.73567    585.42659    8.2138601    8.4972193    8.3878048  0.097131904   0.23447857 -0.041089752 
     590    118.16725   -23.965087  0.061097264    -23.90399   -1637.4234    568.54882    8.1341543    8.4147639    8.3064111  0.096189354   0.23220323 -0.040691025 
     600    78.612436   -23.939665  0.040645819   -23.899019   -2112.7779    551.71248    8.0530567    8.3308686    8.2235961  0.095230345   0.22988816 -0.040285335 
     610    130.84279   -23.968052  0.067651031   -23.900401   -2074.1566    534.95079    7.9706627    8.2456322    8.1394572  0.094256006   0.22753609  -0.03987316 
     620     95.53699   -23.951239  0.049396501   -23.901843   -1530.0986    518.32352     7.887211    8.1593016    8.0542383  0.093269159   0.22515382 -0.039455694 
     630    153.63727   -23.986833  0.079436703   -23.907396   -552.97227    501.88558    7.8029362    8.0721196    7.9681789  0.092272579   0.22274805  -0.03903411 
     640    114.61512   -23.969072  0.059260666   -23.909811    697.19301    485.70563    7.7181675    7.9844264    7.8816149  0.091270157   0.22032818 -0.038610055 
     650    133.69478    -23.98038  0.069125624   -23.911255    1767.0488    469.85511     7.633279    7.8966096    7.7949288   0.09026632    0.2179049 -0.038185401 
     660    94.649757   -23.960217  0.048937765   -23.911279    2467.0908    454.37518    7.5485121    7.8089183    7.7083667   0.08926392   0.21548508 -0.037761356 
     670    98.489032    -23.96343  0.050922826   -23.912507    2588.0937    439.28297    7.4639939    7.7214845    7.6220587  0.088264462   0.21307237 -0.037338554 
     680    94.886642    -23.96542  0.049060244    -23.91636    1941.1322    424.59529    7.3798615    7.6344497    7.5361446  0.087269565   0.21067066 -0.036917683 
     690    92.677969    -23.96807  0.047918271   -23.920151    874.29041    410.27957    7.2959713    7.5476655    7.4504779  0.086277533   0.20827588 -0.036498023 
     700    98.623944   -23.973849  0.050992581   -23.922856   -437.22704    396.32504    7.2122979    7.4611055    7.3650326  0.085288064   0.20588728 -0.036079448 
     710    71.945522   -23.960206  0.037198755   -23.923007    -1801.916     382.7065    7.1287234    7.3746479    7.2796882  0.084299765    0.2035015 -0.035661367 
     720    89.759221    -23.96966   0.04640916   -23.923251    -2735.287    369.40602    7.0451646    7.2882065    7.1943599  0.083311651   0.20111617 -0.035243365 
     730    72.868487   -23.961539  0.037675965   -23.923863   -2886.2993    356.40716    6.9615395    7.2016966    7.1089639  0.082322754   0.19872895 -0.034825031 
     740    101.98112   -23.979507  0.052728376   -23.926779   -2566.5179     343.7374    6.8780514    7.1153283    7.0237077  0.081335477   0.19634564 -0.034407383 
     750    94.657562   -23.979196  0.048941801   -23.930254   -1475.0175    331.39239    6.7947059    7.0291076    6.9385972  0.080349886    0.1939664 -0.033990448 
     760    123.77421   -23.997292  0.063996289   -23.933295    268.06019    319.41189    6.7118181    6.9433603    6.8539541  0.079369707   0.19160023 -0.033575802 
     770    99.431996   -23.984282  0.051410377   -23.932872    1784.6735    308.00017    6.6309151    6.8596664    6.7713379     0.078413   0.18929072 -0.033171086 
     780    96.553333   -23.983148  0.049921991   -23.933226    2996.8774    297.06327    6.5514808    6.7774918    6.6902213   0.07747366   0.18702313 -0.032773717 
     790    69.962287   -23.968053  0.036173342    -23.93188    3849.6133    286.65739    6.4740721    6.6974127    6.6111734  0.076558274   0.18481337  -0.03238648 
     800    68.157335   -23.966897  0.035240108   -23.931657    4333.9768    277.51807    6.4045247    6.6254661    6.5401532  0.075735851   0.18282802  -0.03203857 
     810    54.108608   -23.958732  0.027976346   -23.930755    3858.4281    272.28432    6.3640077    6.5835513    6.4987782  0.075256722    0.1816714 -0.031835885 
     820    69.363616    -23.96763  0.035863804   -23.931766    2202.8702    273.10303    6.3703798    6.5901432    6.5052852  0.075332074    0.1818533 -0.031867761 
     830     69.89179   -23.970535  0.036136891   -23.934398    91.692217    278.98385    6.4157806    6.6371103    6.5516475  0.075868956   0.18314934 -0.032094878 
     840     78.64439    -23.97498  0.040662341   -23.934318   -1902.7711      287.136    6.4776732     6.701138    6.6148508  0.076600859   0.18491617 -0.032404495 
     850    67.297153   -23.966535  0.034795359   -23.931739   -3092.7726    295.81455     6.542288    6.7679819    6.6808339  0.077364953   0.18676071  -0.03272773 
     860    81.549355   -23.972983  0.042164326   -23.930819   -3377.5295    304.81596     6.607985    6.8359453    6.7479222  0.078141844   0.18863614 -0.033056379 
     870    84.441445   -23.973049  0.043659654   -23.929389   -3078.3467    314.16736    6.6748807    6.9051487    6.8162345  0.078932909   0.19054579 -0.033391023 
     880    103.86565   -23.982523  0.053702756   -23.928821   -2160.9362    323.88393    6.7429968    6.9756147    6.8857931  0.079738407   0.19249028 -0.033731774 
     890    115.44471   -23.987229    0.0596896   -23.927539   -560.68898    333.99264     6.812431    7.0474442    6.9566977  0.080559492    0.1944724 -0.034079117 
     900    130.88126   -23.989408  0.067670923   -23.921737       1219.1    344.54335    6.8834228     7.120885    7.0291929  0.081398996   0.19649898 -0.034434253 
     910    116.62283   -23.971267  0.060298733   -23.910968    2435.0148    355.61162     6.956356    7.1963342    7.1036706  0.082261458   0.19858098 -0.034799101 
     920    114.85284   -23.959561  0.059383579   -23.900177    3056.8887    367.25127    7.0314397    7.2740081    7.1803443   0.08314935   0.20072437 -0.035174706 
     930    111.03191   -23.949641  0.057408004   -23.892233    2953.7947    379.51802    7.1088707    7.3541104    7.2594151     0.084065   0.20293477 -0.035562054 
     940    143.35929    -23.96586  0.074122572   -23.891737    1893.7233    392.46206    7.1887886    7.4367852    7.3410254  0.085010058   0.20521616 -0.035961842 
     950    150.21746   -23.969326   0.07766852   -23.891657    384.35831    406.10476    7.2711401    7.5219777    7.4251209  0.085983895   0.20756703 -0.036373805 
     960    151.87076   -23.970533  0.078523344    -23.89201   -1118.5942    420.46024    7.3558263    7.6095853    7.5116005   0.08698534   0.20998454 -0.036797447 
     970    129.93112   -23.958976  0.067179663   -23.891797   -2322.4802    435.53004    7.4426773    7.6994325    7.6002908  0.088012386   0.21246385 -0.037231918 
     980     116.1959   -23.954285  0.060077995   -23.894207   -2848.7964    451.28701     7.531372    7.7911869    7.6908637  0.089061232   0.21499579 -0.037675612 
     990    112.00167   -23.961084  0.057909408   -23.903174   -2608.3105    467.72184    7.6217091    7.8846405    7.7831139  0.090129502   0.21757461 -0.038127523 
    1000    99.477552    -23.96655  0.051433931   -23.915116   -1834.7686    484.86804    7.7137283    7.9798341    7.8770818  0.091217663   0.22020146 -0.038587848 
    1010    99.349747    -23.97921  0.051367851   -23.927842   -774.02311    502.75691    7.8074492    8.0767882    7.9727874  0.092325947   0.22287688 -0.039056686 
    1020    81.312501   -23.979322  0.042041863   -23.937281    336.90679     521.4173    7.9028723    8.1755032    8.0702313   0.09345436    0.2256009 -0.039534039 
    1030    76.620252   -23.983365   0.03961578    -23.94375    1160.0717    540.88831    8.0000436    8.2760266    8.1694603  0.094603445   0.22837481 -0.040020137 
    1040    51.450879   -23.973905  0.026602193   -23.947303    1617.6862    561.21407    8.0990237    8.3784213    8.2705366  0.095773922   0.23120037 -0.040515284 
    1050    56.399797   -23.980475  0.029160984   -23.951314    1697.8379    582.43097    8.1998261    8.4827012    8.3734736  0.096965947   0.23407794 -0.041019547 
    1060    52.376494   -23.982098  0.027080773   -23.955018    1358.1555    604.56784    8.3024226     8.588837    8.4782428  0.098179188   0.23700673 -0.041532785 
    1070    65.820317   -23.992444  0.034031775   -23.958413    743.12201    627.62795    8.4066683     8.696679    8.5846961  0.099411932   0.23998261 -0.042054273 
    1080    61.321552   -23.990743  0.031705731   -23.959037    103.60322    651.60519    8.5123864    8.8060441    8.6926531   0.10066209   0.24300051 -0.042583127 
    1090    66.183943   -23.992925  0.034219784   -23.958705   -521.06357    676.51745    8.6195148    8.9168682    8.8020501   0.10192892   0.24605867 -0.043119036 
    1100    60.179908   -23.986948  0.031115455   -23.955832   -1075.2037    702.36621    8.7279254    9.0290187    8.9127564   0.10321091   0.24915343 -0.043661359 
    1110    56.293306   -23.980713  0.029105924   -23.951607   -1352.1299    729.12071    8.8373685    9.1422373    9.0245172   0.10450512   0.25227767 -0.044208847 
    1120    61.120361   -23.978965  0.031601707   -23.947364   -1274.5046    756.77337    8.9477072    9.2563825    9.1371926   0.10580992   0.25542748 -0.044760815 
    1130    70.187294   -23.977552  0.036289679   -23.941263   -982.51163    785.37445    9.0590379    9.3715538    9.2508809   0.10712644    0.2586056 -0.045317746 
    1140    98.962664   -23.983846  0.051167713   -23.932678   -515.93295    814.96523    9.1714115     9.487804    9.3656343    0.1084553    0.2618135 -0.045879894 
    1150    109.68164   -23.976556  0.056709859   -23.919847    209.32226    845.56684    9.2847981    9.6051023    9.4814221   0.10979614   0.26505031 -0.046447109 
    1160    128.07094   -23.969844  0.066217874   -23.903626    952.61173    877.29486    9.3995057    9.7237669    9.5985588    0.1111526   0.26832483 -0.047020932 
    1170    107.35233   -23.945357  0.055505513   -23.889851    1322.1225    910.34077    9.5160741    9.8443568    9.7175958   0.11253106   0.27165248 -0.047604065 
    1180    132.57044   -23.954746  0.068544296   -23.886201    1380.9598    944.76447    9.6345404    9.9669099    9.8385709   0.11393197    0.2750343 -0.048196691 
    1190    134.47349   -23.958252   0.06952825   -23.888724     1165.647    980.60484    9.7548628    10.091383    9.9614413   0.11535483    0.2784691 -0.048798603 
    1200    164.20135   -23.981514  0.084898761   -23.896616    562.37323    1017.8956    9.8769812    10.217714    10.086146   0.11679892   0.28195518 -0.049409499 
    1210    147.66868   -23.976456  0.076350702   -23.900105   -151.82038    1056.5346    10.000408    10.345399    10.212187   0.11825849   0.28547861 -0.050026941 
    1220    138.76858   -23.973622  0.071748987   -23.901873   -668.16504    1096.3208    10.124394    10.473662    10.338798   0.11972467     0.289018 -0.050647179 
    1230    118.88323   -23.966466  0.061467456   -23.904999   -981.29128     1137.152    10.248555    10.602107    10.465589   0.12119292    0.2925624 -0.051268295 
    1240    94.083906   -23.957733  0.048645197   -23.909087   -1098.8561    1178.9291    10.372554    10.730383    10.592214   0.12265925   0.29610215 -0.051888598 
    1250    91.650173   -23.964178  0.047386859   -23.916791   -944.56764    1221.5023    10.495938    10.858024     10.71821   0.12411831   0.29962435 -0.052505824 
    1260    83.595643   -23.968864   0.04322234   -23.925642   -557.88602    1264.7639    10.618414    10.984724     10.84328   0.12556663   0.30312063 -0.053118507 
    1270    98.617711   -23.983629  0.050989358   -23.932639   -119.42731    1308.7155    10.740015    11.110521    10.967457   0.12700462   0.30659196 -0.053726819 
    1280    72.938328   -23.973494  0.037712076   -23.935782      274.633    1353.3701    10.860805    11.235478    11.090804     0.128433    0.3100401 -0.054331067 
    1290    83.015397   -23.980999  0.042922329   -23.938077    589.40061    1398.6933    10.980716    11.359525    11.213254   0.12985099   0.31346316  -0.05493092 
    1300    54.170221   -23.965756  0.028008202   -23.937747    734.04734    1444.6568    11.099704    11.482618    11.334762   0.13125806   0.31685986 -0.055526155 
    1310    77.363474   -23.981086  0.040000056   -23.941086    667.30049    1491.2015    11.217651    11.604634    11.455207   0.13265283   0.32022688 -0.056116187 
    1320    65.922084    -23.97836  0.034084393   -23.944276     474.7509    1538.2244    11.334344    11.725353    11.574371   0.13403277   0.32355807 -0.056699941 
    1330     94.49835    -23.99617  0.048859482    -23.94731    190.53318    1585.6079     11.44955    11.844533    11.692017   0.13539512   0.32684682 -0.057276258 
    1340    77.989455   -23.987486  0.040323713   -23.947163   -152.37679    1633.2019     11.56298    11.961876    11.807849   0.13673648   0.33008488 -0.057843692 
    1350    89.789129   -23.991245  0.046424623    -23.94482   -430.08088    1680.7359    11.674088    12.076817     11.92131   0.13805037   0.33325665 -0.058399509 
    1360    67.609202   -23.974655  0.034956701   -23.939698   -586.57672    1728.0552    11.782633    12.189107    12.032154   0.13933395   0.33635525 -0.058942503 
    1370    83.242519   -23.977271   0.04303976   -23.934232   -641.21833    1775.0595    11.888511    12.298637    12.140274   0.14058599   0.33937771 -0.059472155 
    1380    77.876086   -23.966617  0.040265097   -23.926352   -574.94097    1821.6632    11.991656    12.405341    12.245604   0.14180573   0.34232217 -0.059988141 
    1390     120.6544   -23.980149   0.06238322   -23.917766   -335.65726    1867.6989    12.091832    12.508972    12.347901   0.14299034   0.34518186 -0.060489268 
    1400    123.91903   -23.966829  0.064071168   -23.902757   -12.492236    1913.2994    12.189451    12.609958    12.447586   0.14414472   0.34796854 -0.060977604 
    1410     157.3612   -23.968414  0.081362124   -23.887051    322.70824    1958.6056    12.284915    12.708716    12.545072   0.14527362   0.35069373 -0.061455163 
    1420    136.30686   -23.940019  0.070476177   -23.869543    611.44663    2003.8838     12.37886    12.805902    12.641007   0.14638456   0.35337557 -0.061925124 
    1430    177.00239   -23.953863  0.091517421   -23.862346    742.68903    2049.3213    12.471724     12.90197    12.735838   0.14748271   0.35602653 -0.062389675 
    1440    154.80918   -23.944549   0.08004263   -23.864506    619.02584    2095.2038    12.564115    12.997548    12.830185   0.14857526   0.35866398 -0.062851859 
    1450    188.61648   -23.970421  0.097522372   -23.872898     391.9872    2141.2081    12.655407    13.091989     12.92341   0.14965482   0.36127005 -0.063308545 
    1460    164.43966    -23.96714  0.085021977   -23.882118    88.699317    2187.1768    12.745331    13.185015    13.015238   0.15071821   0.36383709 -0.063758389 
    1470    161.73038   -23.973382  0.083621171    -23.88976   -238.37614     2232.725    12.833198    13.275914    13.104966   0.15175727   0.36634541 -0.064197944 
    1480    107.40003   -23.953033  0.055530175   -23.897503   -445.00665    2277.4404    12.918304    13.363955    13.191874   0.15276367   0.36877489 -0.064623685 
    1490    98.788337   -23.957948  0.051077579   -23.906871   -500.30787    2320.9405    13.000034    13.448505    13.275335   0.15373016   0.37110802 -0.065032539 
    1500    84.418911   -23.959168  0.043648003    -23.91552    -469.4549    2363.1334    13.078338    13.529511    13.355298   0.15465614   0.37334335 -0.065424255 
    1510    91.572567   -23.971957  0.047346733    -23.92461   -329.50794    2403.8483    13.153021     13.60677    13.431562   0.15553929   0.37547529 -0.065797853 
    1520    98.895092   -23.982932  0.051132775     -23.9318   -102.52595    2443.1642    13.224341     13.68055    13.504392   0.15638267   0.37751124 -0.066154632 
    1530    94.929776   -23.983292  0.049082547    -23.93421    119.30952    2481.2363    13.292679    13.751246    13.574178    0.1571908   0.37946208 -0.066496495 
    1540    95.773619   -23.984374  0.049518848   -23.934855    283.05754    2518.1601    13.358292    13.819122     13.64118    0.1579667   0.38133511 -0.066824721 
    1550    81.767894   -23.975468   0.04227732   -23.933191    411.23504    2553.9117    13.421213    13.884214    13.705434   0.15871076    0.3831313 -0.067139484 
    1560    87.123577   -23.976621  0.045046425   -23.931575    439.70196    2588.7509    13.481966    13.947063    13.767474   0.15942919    0.3848656 -0.067443401 
    1570    84.442119   -23.975861  0.043660002   -23.932201    335.48611    2622.7869    13.540795    14.007921    13.827548   0.16012486   0.38654495 -0.067737689 
    1580    98.287221   -23.983231  0.050818482   -23.932412    162.45989    2655.8588    13.597471    14.066553    13.885424   0.16079508   0.38816288 -0.068021212 
    1590    95.252302   -23.979983  0.049249306   -23.930734   -15.560393    2687.7692    13.651713    14.122665    13.940815   0.16143651    0.3897113 -0.068292556 
    1600    93.066861   -23.976051  0.048119344   -23.927931   -207.53591    2718.5606    13.703647    14.176391    13.993849   0.16205064   0.39119384 -0.068552355 
    1610    79.906256   -23.964581  0.041314777   -23.923266    -363.8963    2748.1061    13.753112    14.227563    14.044362   0.16263559   0.39260592 -0.068799805 
    1620    74.416564   -23.957881  0.038476383   -23.919404    -418.1991    2776.1775    13.799782    14.275843     14.09202   0.16318748   0.39393819 -0.069033271 
    1630    92.525016   -23.965837  0.047839188   -23.917998    -368.7648    2802.7314     13.84364    14.321214    14.136807   0.16370612    0.3951902 -0.069252672 
    1640    100.10666    -23.96977  0.051759207    -23.91801   -249.92948    2827.9613    13.885056    14.364059      14.1791   0.16419587   0.39637248 -0.069459853 
    1650    127.34359   -23.982865  0.065841802   -23.917023   -75.100106    2852.0403    13.924353    14.404711    14.219229   0.16466058   0.39749429 -0.069656438 
    1660    117.15816   -23.973994  0.060575522   -23.913419    141.15059    2875.1153    13.961805    14.443455    14.257474   0.16510346   0.39856341  -0.06984379 
    1670    146.86018   -23.984416  0.075932673   -23.908484    327.80328    2897.4761    13.997907    14.480803     14.29434   0.16553038     0.399594 -0.070024389 
    1680    114.67526   -23.957546  0.059291765   -23.898254    433.35833    2919.5246    14.033323    14.517441    14.330507   0.16594919   0.40060502 -0.070201558 
    1690       150.59   -23.967468  0.077861142   -23.889607    441.85371    2941.5232    14.068482    14.553812     14.36641   0.16636496   0.40160869 -0.070377441 
    1700    131.10014   -23.947184  0.067784093     -23.8794    346.68446    2963.6451    14.103662    14.590206    14.402335   0.16678097   0.40261295 -0.070553426 
    1710    190.97196   -23.968754  0.098740253   -23.870014    152.45189    2985.9242    14.138915    14.626675    14.438334   0.16719785   0.40361931 -0.070729779 
    1720    162.40596   -23.943039  0.083970469   -23.859068    -72.23449    3008.3829    14.174275    14.663255    14.474443   0.16761599   0.40462872 -0.070906668 
    1730    180.47843   -23.946774  0.093314672   -23.853459   -270.76073    3030.8829    14.209524     14.69972    14.510439   0.16803283   0.40563497 -0.071083002 
    1740    138.43586   -23.924093  0.071576958   -23.852516   -397.25288    3053.2569    14.244404    14.735803    14.546057   0.16844529   0.40663066 -0.071257485 
    1750    164.72689   -23.949586  0.085170489   -23.864416   -400.62195    3075.0964    14.278286    14.770854    14.580657   0.16884596   0.40759788  -0.07142698 
    1760    157.31599   -23.965513  0.081338748   -23.884175   -294.42891    3096.3666    14.311131    14.804832    14.614197   0.16923436    0.4085355 -0.071591287 
    1770    153.24841   -23.983865  0.079235646   -23.904629   -126.43551    3117.0937    14.342993    14.837793    14.646734   0.16961114   0.40944505 -0.071750676 
    1780     131.2197   -23.989847   0.06784591   -23.922001    64.185106     3137.259    14.373856    14.869721     14.67825   0.16997611   0.41032609 -0.071905068 
    1790    112.82225   -23.989352  0.058333684   -23.931019    215.74348    3156.9592    14.403879     14.90078     14.70891   0.17033115   0.41118317 -0.072055262 
    1800    87.507707   -23.980849  0.045245035   -23.935604    289.19229    3176.2375    14.433139    14.931049     14.73879   0.17067716   0.41201845 -0.072201635 
    1810    68.834292   -23.973602  0.035590122   -23.938012    300.98786    3195.0073    14.461514    14.960403    14.767765    0.1710127   0.41282845 -0.072343579 
    1820    64.616454   -23.974544  0.033409329   -23.941134    244.98068    3213.2159    14.488935     14.98877    14.795767   0.17133696   0.41361122  -0.07248075 
    1830    66.560168   -23.978617  0.034414308   -23.944202     123.4944    3230.8346    14.515368    15.016115     14.82276   0.17164955   0.41436581 -0.072612984 
    1840    66.107346   -23.979417  0.034180181   -23.945236   -14.292854    3247.6708    14.540538    15.042153    14.848463   0.17194719   0.41508433 -0.072738896 
    1850    55.584994   -23.973143  0.028739698   -23.944403   -139.84383    3263.5826    14.564246    15.066679    14.872673   0.17222755   0.41576112 -0.072857496 
    1860     56.63227   -23.971938  0.029281182   -23.942657   -243.28953    3278.4584    14.586341    15.089537    14.895236   0.17248883   0.41639186 -0.072968026 
    1870    54.764662   -23.968513  0.028315552   -23.940197   -295.06635    3292.1897    14.606677    15.110574    14.916003   0.17272931   0.41697238 -0.073069756 
    1880    76.347386   -23.978478  0.039474697   -23.939004   -268.90012    3304.6997    14.625155    15.129689    14.934872   0.17294782   0.41749987 -0.073162192 
    1890    82.789726   -23.979704  0.042805648   -23.936898   -187.23194     3316.143    14.642017    15.147133    14.952091   0.17314721   0.41798121 -0.073246542 
    1900    113.62776   -23.992491   0.05875016   -23.933741   -64.178081    3326.6383    14.657448    15.163096    14.967848   0.17332969    0.4184217 -0.073323734 
    1910     113.8243   -23.986269  0.058851783   -23.927417    102.41473    3336.3563    14.671706    15.177847    14.982409    0.1734983   0.41882875 -0.073395064 
    1920    140.56292   -23.988593  0.072676734   -23.915916    256.77893    3345.7244    14.685426    15.192039    14.996419   0.17366054   0.41922039 -0.073463694 
    1930    116.15047   -23.961206  0.060054509   -23.901152    342.63154    3355.2044    14.699283    15.206374    15.010569    0.1738244   0.41961596 -0.073533014 
    1940    142.83402   -23.961119  0.073850986   -23.887268    358.72942    3365.0605    14.713662    15.221249    15.025253   0.17399444   0.42002644 -0.073604946 
    1950    132.00065    -23.94582  0.068249692   -23.877571    270.24885    3375.6206    14.729037    15.237155    15.040954   0.17417626   0.42046536 -0.073681861 
    1960    183.49011   -23.970847  0.094871832   -23.875975    79.818942    3387.0751    14.745678     15.25437    15.057947   0.17437305    0.4209404 -0.073765108 
    1970    143.47168   -23.946668  0.074180679   -23.872488   -109.22492    3398.9771     14.76293    15.272217    15.075564   0.17457706   0.42143288 -0.073851409 
    1980    154.29332   -23.954686  0.079775907    -23.87491   -278.67886    3411.1226    14.780493    15.290386      15.0935   0.17478475   0.42193425 -0.073939269 
    1990    122.63057   -23.944353  0.063404984   -23.880948   -380.12802    3423.1062    14.797781    15.308271    15.111154   0.17498919   0.42242777 -0.074025753 
    2000    132.35703   -23.962572  0.068433954   -23.894138   -364.60126    3434.6268    14.814364    15.325425    15.128087   0.17518528   0.42290114 -0.074108705 
    2010    110.23486   -23.970834  0.056995894   -23.913838   -259.68108    3445.5704    14.830081    15.341685    15.144138   0.17537114   0.42334982 -0.074187332 
    2020    103.98136   -23.988684  0.053762582   -23.934921     -116.447    3455.9266    14.844924     15.35704    15.159295   0.17554667   0.42377355 -0.074261585 
    2030    79.586133    -23.99103   0.04114926   -23.949881    37.069678     3465.672    14.858865    15.371462    15.173531   0.17571152   0.42417151 -0.074331323 
    2040    63.673657   -23.989043  0.032921865   -23.956121    164.96724    3474.8821    14.872016    15.385066     15.18696   0.17586704   0.42454692  -0.07439711 
    2050    52.385261   -23.984972  0.027085306   -23.957887    240.59323    3483.6458    14.884508    15.397989    15.199717   0.17601476   0.42490353 -0.074459601 
    2060    45.504079   -23.981149  0.023527456   -23.957622    260.69725    3491.9433    14.896316    15.410205    15.211775   0.17615439   0.42524061 -0.074518671 
    2070    47.624538   -23.982298  0.024623818   -23.957674    226.71909    3499.7606    14.907424    15.421696    15.223118   0.17628575    0.4255577 -0.074574237 
    2080    51.706195    -23.98453  0.026734201   -23.957796    148.76727    3507.0362    14.917747    15.432375     15.23366   0.17640782   0.42585239 -0.074625879 
    2090    59.416273   -23.987213  0.030720624   -23.956493    30.592972    3513.8019    14.927334    15.442292     15.24345   0.17652119   0.42612606 -0.074673837 
    2100    59.836698   -23.984214  0.030938001   -23.953276   -102.01001    3519.9079    14.935975    15.451232    15.252274   0.17662338   0.42637275 -0.074717066 
    2110    59.706906   -23.978709  0.030870893   -23.947838    -212.2245    3525.1669     14.94341    15.458923    15.259866    0.1767113   0.42658499 -0.074754258 
    2120    65.324667    -23.97544  0.033775504   -23.941665    -274.9668     3529.404    14.949395    15.465114    15.265978   0.17678207   0.42675583 -0.074784197 
    2130    73.080516   -23.972737  0.037785592   -23.934952   -289.21803    3532.6789    14.954017    15.469896    15.270698   0.17683673   0.42688778  -0.07480732 
    2140      95.6907   -23.979008  0.049475975   -23.929532   -234.55551    3534.9727    14.957253    15.473244    15.274002     0.176875   0.42698016 -0.074823508 
    2150    108.15303   -23.979846  0.055919505   -23.923926   -102.06059     3536.382     14.95924      15.4753    15.276032    0.1768985   0.42703689 -0.074833449 
    2160     129.1809   -23.983035  0.066791768   -23.916243     58.64227    3537.2495    14.960464    15.476565    15.277281   0.17691296   0.42707181 -0.074839568 
    2170    117.09946   -23.966614  0.060545174   -23.906069    203.98201    3538.0165    14.961545    15.477684    15.278385   0.17692575   0.42710267 -0.074844977 
    2180    123.60351   -23.958894  0.063908032   -23.894986    326.09168    3539.0056    14.962939    15.479126    15.279809   0.17694223   0.42714247 -0.074851951 
    2190     116.1138   -23.949045  0.060035547    -23.88901    349.41601    3540.7138    14.965346    15.481616    15.282267    0.1769707   0.42721119 -0.074863993 
    2200    145.43817   -23.968397  0.075197437   -23.893199    242.87752    3543.3162    14.969012    15.485408     15.28601   0.17701404   0.42731583 -0.074882329 
    2210     144.4563   -23.971054  0.074689771   -23.896365    102.24024    3546.4576    14.973434    15.489983    15.290526   0.17706634   0.42744207 -0.074904452 
    2220    155.74541   -23.981435  0.080526697   -23.900909   -72.284118     3550.073     14.97852    15.495245     15.29572   0.17712649   0.42758727 -0.074929897 
    2230    139.03701   -23.973065  0.071887777   -23.901177   -258.46781    3553.9127    14.983919    15.500829    15.301233   0.17719033   0.42774137 -0.074956902 
    2240    110.71121   -23.960285  0.057242186   -23.903043   -348.06464    3557.2743    14.988641    15.505715    15.306056   0.17724618   0.42787619 -0.074980528 
    2250    97.523828   -23.960967  0.050423776   -23.910543   -345.11028    3559.9779    14.992438    15.509642    15.309932   0.17729107   0.42798457 -0.074999519 
    2260    83.627813   -23.963375  0.043238973   -23.920136   -277.83175    3562.0508    14.995347    15.512652    15.312903   0.17732547   0.42806762 -0.075014073 
    2270     87.49006   -23.976785  0.045235911   -23.931549    -153.6793    3563.4992    14.997379    15.514754    15.314978    0.1773495   0.42812563 -0.075024239 
    2280    75.524171   -23.979878  0.039049061   -23.940829    3.5239035    3564.3625     14.99859    15.516007    15.316215   0.17736382    0.4281602 -0.075030297 
    2290    67.768178   -23.982688  0.035038898   -23.947649    134.81006    3564.8342    14.999252    15.516691    15.316891   0.17737165   0.42817909 -0.075033606 
    2300    52.672638   -23.979404  0.027233892    -23.95217    229.22951    3564.9043     14.99935    15.516793    15.316991   0.17737281   0.42818189 -0.075034098 
    2310    47.314444   -23.980504  0.024463488   -23.956041    269.04008    3564.6533    14.998998    15.516429    15.316632   0.17736865   0.42817184 -0.075032337 
    2320    51.475087   -23.986967  0.026614709   -23.960352    244.74989     3564.034    14.998129     15.51553    15.315745   0.17735837   0.42814705 -0.075027992 
    2330    52.638984   -23.990565  0.027216491   -23.963348    164.94589    3562.9169    14.996562    15.513909    15.314144   0.17733984   0.42810231 -0.075020152 
    2340    63.540356   -23.997827  0.032852943   -23.964974    57.480297    3561.0421    14.993931    15.511188    15.311458   0.17730873   0.42802721 -0.075006991 
    2350     54.94345   -23.991941  0.028407993   -23.963533   -64.468595    3558.2719    14.990043    15.507164    15.307486   0.17726274   0.42791619 -0.074987537 
    2360    62.087286   -23.991884  0.032101647   -23.959783     -176.469     3554.389    14.984588    15.501522    15.301916   0.17719824   0.42776048  -0.07496025 
    2370     44.12181    -23.97655  0.022812766   -23.953737   -254.43504    3549.1793    14.977263    15.493944    15.294436   0.17711162   0.42755139 -0.074923609 
    2380    67.149641   -23.981339  0.034719089    -23.94662   -286.51615    3542.4528    14.967796     15.48415    15.284768   0.17699966   0.42728111 -0.074876246 
    2390    61.631643    -23.96643  0.031866061   -23.934564   -253.64359    3534.0835    14.955999    15.471946    15.272722   0.17686016   0.42694435 -0.074817233 
    2400    124.09389   -23.983516  0.064161578   -23.919354   -144.56586    3524.0684    14.941858    15.457317    15.258281   0.17669294   0.42654067 -0.074746492 
    2410     130.1936   -23.967308  0.067315375   -23.899993    19.727493    3512.6967    14.925769    15.440673    15.241851   0.17650268   0.42608138 -0.074666007 
    2420     184.5244   -23.982836  0.095406602   -23.887429    201.31385    3500.4795    14.908444    15.422751     15.22416   0.17629782   0.42558684 -0.074579343 
    2430    137.86839   -23.949154  0.071283551    -23.87787    373.10993    3487.8327    14.890469    15.404155    15.205804   0.17608525   0.42507369 -0.074489419 
    2440    167.08569   -23.964426  0.086390082   -23.878036    439.02615    3475.3315    14.872657    15.385729    15.187615   0.17587462   0.42456522 -0.074400317 
    2450    140.00987   -23.954176  0.072390787   -23.881785    382.91968    3463.1042    14.855194    15.367664    15.169783   0.17566812   0.42406672 -0.074312961 
    2460    148.09206   -23.966357  0.076569606   -23.889788    252.65735    3450.7755    14.837545    15.349406     15.15176   0.17545941    0.4235629 -0.074224671 
    2470    135.61735   -23.969728  0.070119673   -23.899609    63.980386    3437.9457    14.819134     15.33036    15.132958   0.17524169   0.42303731 -0.074132568 
    2480    124.27894   -23.969691  0.064257253   -23.905434   -138.86314    3424.1186     14.79924     15.30978    15.112643   0.17500644   0.42246942  -0.07403305 
    2490    104.95334   -23.966083  0.054265136   -23.911818   -272.58389    3408.6909     14.77698    15.286752    15.089912    0.1747432   0.42183397 -0.073921695 
    2500    73.016687   -23.955217   0.03775259   -23.917464   -338.09244    3391.3973    14.751948    15.260856     15.06435   0.17444719   0.42111938 -0.073796472 
    2510    82.350835   -23.968104  0.042578723   -23.925526   -330.18422    3371.9739    14.723731    15.231666    15.035536   0.17411352   0.42031389 -0.073655318 
    2520    75.980771   -23.972876  0.039285142   -23.933591   -241.43456    3350.3011    14.692119    15.198963    15.003253   0.17373969   0.41941145 -0.073497176 
    2530     95.48708   -23.990824  0.049370695   -23.941453   -96.693016    3326.3586    14.657037    15.162671    14.967428   0.17332483   0.41840997 -0.073321678 
    2540    70.723637   -23.981425   0.03656699   -23.944858    57.353071    3300.3446    14.618728     15.12304    14.928308   0.17287181   0.41731638 -0.073130039 
    2550    82.421586   -23.988882  0.042615305   -23.946267     199.4202    3272.2315    14.577101    15.079977      14.8858   0.17237956   0.41612807   -0.0729218 
    2560    51.206801   -23.970688  0.026475994   -23.944212    295.64775    3242.1754    14.532332    15.033664    14.840083   0.17185015   0.41485008 -0.072697846 
    2570    69.138227   -23.980461  0.035747269   -23.944713    321.63157    3210.1539    14.484331    14.984007    14.791065   0.17128252   0.41347979 -0.072457719 
    2580    47.379593   -23.969788  0.024497172   -23.945291    266.64747     3176.227    14.433124    14.931033    14.738773   0.17067697   0.41201799 -0.072201555 
    2590    86.910812   -23.992382  0.044936417   -23.947445    148.46742    3140.1841    14.378321     14.87434    14.682811   0.17002892   0.41045357 -0.071927408 
    2600    68.959388   -23.981655  0.035654802      -23.946   -15.096182    3101.9535    14.319733    14.813731    14.622981   0.16933609   0.40878106 -0.071634319 
    2610    106.58769   -23.997617  0.055110159   -23.942507   -181.72135    3061.3156    14.256925    14.748756    14.558843   0.16859336    0.4069881 -0.071320122 
    2620    68.329146   -23.968376  0.035328941   -23.933047   -338.78334    3018.3003    14.189834     14.67935    14.490331   0.16779998   0.40507287 -0.070984499 
    2630    112.62435   -23.981077   0.05823136   -23.922846   -438.75857    2972.7212    14.118045    14.605085    14.417022   0.16695105   0.40302353 -0.070625376 
    2640    84.785556   -23.954667  0.043837573    -23.91083   -435.83394    2924.5903    14.041435    14.525832     14.33879   0.16604511   0.40083658 -0.070242138 
    2650    160.79481   -23.984002  0.083137444   -23.900865   -331.92207     2874.049    13.960079     14.44167    14.255711   0.16508305   0.39851414 -0.069835155 
    2660    123.32126    -23.95263  0.063762097   -23.888868   -152.79466    2821.5812    13.874606    14.353248    14.168429    0.1640723   0.39607417 -0.069407579 
    2670    184.95765   -23.974584   0.09563061   -23.878954    104.96602    2767.4977    13.785385    14.260949    14.077318   0.16301723    0.3935272 -0.068961251 
    2680    131.40678   -23.935263  0.067942635   -23.867321    321.04358    2712.5246    13.693497    14.165891    13.983484   0.16193062   0.39090411 -0.068501583 
    2690    197.50489   -23.975075   0.10211804   -23.872956     406.2949    2657.0097    13.599435    14.068584     13.88743    0.1608183   0.38821894 -0.068031037 
    2700    146.00825    -23.95425  0.075492188   -23.878758    423.40874    2601.0184    13.503229    13.969059    13.789186   0.15968063   0.38547257 -0.067549766 
    2710    174.56638   -23.980153  0.090257904   -23.889895    277.99699    2544.7666    13.405174    13.867622    13.689056    0.1585211   0.38267344  -0.06705925 
    2720    137.13803    -23.96628  0.070905929   -23.895374    36.029162    2488.0661    13.304865    13.763852    13.586621    0.1573349   0.37980993 -0.066557451 
    2730    110.64445   -23.958394  0.057207669   -23.901186   -124.17159    2430.3192    13.201124    13.656533    13.480684   0.15610813   0.37684849 -0.066038492 
    2740    86.918407   -23.954566  0.044940344   -23.909626   -241.56647    2371.4693    13.093698      13.5454    13.370983   0.15483777   0.37378182 -0.065501092 
    2750      60.7945   -23.947688  0.031433223   -23.916255   -301.19443    2311.4932    12.982371    13.430233    13.257299    0.1535213   0.37060381 -0.064944182 
    2760    79.768663   -23.965823  0.041243636   -23.924579   -237.03455    2250.3962    12.866966    13.310846    13.139449   0.15215658   0.36730936 -0.064366867 
    2770    77.997228   -23.971079  0.040327732   -23.930752   -101.59436    2188.3949    12.747696    13.187463    13.017654   0.15074618   0.36390462 -0.063770223 
    2780    114.27368   -23.995222  0.059084129   -23.936138    40.109204    2125.6645     12.62471    13.060233    12.892063   0.14929181   0.36039375 -0.063154982 
    2790    88.698831   -23.984183  0.045860895   -23.938322    224.13246     2062.299    12.497995    12.929147    12.762665   0.14779337   0.35677648 -0.062521096 
    2800    114.44972   -23.998171  0.059175152   -23.938996    389.37614    1998.5854    12.367941    12.794606    12.629856   0.14625543   0.35306384 -0.061870498 
    2810    80.372361   -23.977604  0.041555772   -23.936048    433.49403    1934.8474     12.23504    12.657121    12.494141   0.14468383   0.34926997 -0.061205664 
    2820    102.11855     -23.9866  0.052799435   -23.933801    360.76876    1871.1542    12.099284    12.516682     12.35551   0.14307847   0.34539459 -0.060526547 
    2830     72.82757   -23.968041  0.037654809   -23.930386    214.76762    1807.5684    11.960649    12.373264    12.213939   0.14143905   0.34143701 -0.059833025 
    2840    97.489497   -23.979039  0.050406026   -23.928633   -16.509697    1744.2049    11.819225    12.226961     12.06952   0.13976666   0.33739981 -0.059125552 
    2850     70.89395   -23.960899  0.036655049   -23.924244   -303.70287    1681.1967    11.675155    12.077921      11.9224   0.13806299   0.33328711 -0.058404846 
    2860    85.055732   -23.964392  0.043977265   -23.920414   -527.14513    1618.5334    11.528258    11.925957    11.772392   0.13632588   0.32909369 -0.057669997 
    2870    81.063017   -23.958434  0.041912869   -23.916521   -649.83502    1556.3606    11.378715    11.771255    11.619682   0.13455748   0.32482473 -0.056921909 
    2880     103.2743   -23.967565  0.053397004   -23.914168   -648.08059    1494.8112    11.226695     11.61399    11.464443   0.13275978   0.32048506 -0.056161429 
    2890    120.15571   -23.975223  0.062125377   -23.913098   -485.80272    1434.0993    11.072599    11.454578    11.307083   0.13093754   0.31608611 -0.055390563 
    2900    143.32362   -23.986261  0.074104128   -23.912157   -137.30852    1374.4023    10.916777    11.293381    11.147962   0.12909489   0.31163792 -0.054611068 
    2910    153.76937    -23.98936  0.079505004   -23.909855    252.36732     1316.065    10.760083    11.131281    10.987949   0.12724192   0.30716481 -0.053827205 
    2920    140.28574   -23.976573  0.072533419    -23.90404    631.22341    1259.2617    10.602993    10.968772    10.827533   0.12538428   0.30268043 -0.053041367 
    2930    128.79049   -23.964281   0.06658991   -23.897691    935.69924    1204.1793    10.446085    10.806451    10.667301   0.12352878   0.29820121 -0.052256433 
    2940    117.84574   -23.955933  0.060931028   -23.895001    1035.7282     1150.942    10.289817    10.644792    10.507724   0.12168085   0.29374027 -0.051474704 
    2950    111.30768   -23.953164  0.057550589   -23.895614    835.32448    1099.7086    10.134812     10.48444    10.349437   0.11984786    0.2893154 -0.050699295 
    2960    111.31714   -23.958065   0.05755548    -23.90051    462.49796    1050.4323    9.9811176    10.325443    10.192487   0.11803037   0.28492793  -0.04993044 
    2970    109.45863    -23.96417  0.056594553   -23.907575   -38.001836    1003.0787    9.8288225    10.167894    10.036967   0.11622943   0.28058041 -0.049168586 
    2980    103.10428   -23.967798  0.053309099   -23.914489   -538.27266    957.56727    9.6778655     10.01173    9.8828135    0.1144443   0.27627109 -0.048413425 
    2990    94.137375   -23.971341  0.048672843   -23.922668   -835.99102    913.86981     9.528355    9.8570613    9.7301368   0.11267629   0.27200306   -0.0476655 
    3000    95.780933   -23.981917  0.049522629   -23.932394    -910.0739    871.99928    9.3805549    9.7041624    9.5792067    0.1109285   0.26778385 -0.046926131 
Loop time of 38.1827 on 1 procs for 3000 steps with 5 atoms

Performance: 13.577 ns/day, 1.768 hours/ns, 78.570 timesteps/s
289.8% CPU use with 1 MPI tasks x no OpenMP threads

MPI task timing breakdown:
Section |  min time  |  avg time  |  max time  |%varavg| %total
---------------------------------------------------------------
Pair    | 37.331     | 37.331     | 37.331     |   0.0 | 97.77
Neigh   | 0.0019865  | 0.0019865  | 0.0019865  |   0.0 |  0.01
Comm    | 0.010174   | 0.010174   | 0.010174   |   0.0 |  0.03
Output  | 0.79534    | 0.79534    | 0.79534    |   0.0 |  2.08
Modify  | 0.035662   | 0.035662   | 0.035662   |   0.0 |  0.09
Other   |            | 0.008365   |            |       |  0.02

Nlocal:    5 ave 5 max 5 min
Histogram: 1 0 0 0 0 0 0 0 0 0
Nghost:    112 ave 112 max 112 min
Histogram: 1 0 0 0 0 0 0 0 0 0
Neighs:    0 ave 0 max 0 min
Histogram: 1 0 0 0 0 0 0 0 0 0

Total # of neighbors = 0
Ave neighs/atom = 0
Neighbor list builds = 178
Dangerous builds = 2
Total wall time: 0:00:41
