iter.000001/01.model_devi/task.001.000003 690
iter.000001/01.model_devi/task.001.000001 100
iter.000001/01.model_devi/task.001.000001 70
iter.000001/01.model_devi/task.001.000001 650
iter.000001/01.model_devi/task.001.000003 400
iter.000001/01.model_devi/task.001.000003 90
iter.000001/01.model_devi/task.001.000002 380
iter.000001/01.model_devi/task.001.000003 450
iter.000001/01.model_devi/task.001.000002 410
iter.000001/01.model_devi/task.001.000003 590
iter.000001/01.model_devi/task.001.000003 980
iter.000001/01.model_devi/task.001.000001 480
iter.000001/01.model_devi/task.001.000001 700
iter.000001/01.model_devi/task.001.000002 120
iter.000001/01.model_devi/task.001.000001 740
iter.000001/01.model_devi/task.001.000003 950
iter.000001/01.model_devi/task.001.000000 640
iter.000001/01.model_devi/task.001.000001 830
iter.000001/01.model_devi/task.001.000002 430
iter.000001/01.model_devi/task.001.000003 80
iter.000001/01.model_devi/task.001.000001 510
iter.000001/01.model_devi/task.001.000004 590
iter.000001/01.model_devi/task.001.000003 30
iter.000001/01.model_devi/task.001.000002 630
iter.000001/01.model_devi/task.001.000001 220
iter.000001/01.model_devi/task.001.000003 130
iter.000001/01.model_devi/task.001.000001 990
iter.000001/01.model_devi/task.001.000001 420
iter.000001/01.model_devi/task.001.000003 20
iter.000001/01.model_devi/task.001.000003 230
iter.000001/01.model_devi/task.001.000001 950
iter.000001/01.model_devi/task.001.000002 240
iter.000001/01.model_devi/task.001.000002 320
iter.000001/01.model_devi/task.001.000003 100
iter.000001/01.model_devi/task.001.000002 170
iter.000001/01.model_devi/task.001.000003 170
iter.000001/01.model_devi/task.001.000003 310
iter.000001/01.model_devi/task.001.000004 360
iter.000001/01.model_devi/task.001.000003 150
iter.000001/01.model_devi/task.001.000003 710
iter.000001/01.model_devi/task.001.000001 730
iter.000001/01.model_devi/task.001.000002 10
iter.000001/01.model_devi/task.001.000002 130
iter.000001/01.model_devi/task.001.000001 430
iter.000001/01.model_devi/task.001.000001 770
iter.000001/01.model_devi/task.001.000001 410
iter.000001/01.model_devi/task.001.000001 540
iter.000001/01.model_devi/task.001.000002 670
iter.000001/01.model_devi/task.001.000001 630
iter.000001/01.model_devi/task.001.000001 280
iter.000001/01.model_devi/task.001.000001 680
iter.000001/01.model_devi/task.001.000001 270
iter.000001/01.model_devi/task.001.000003 920
iter.000001/01.model_devi/task.001.000001 210
iter.000001/01.model_devi/task.001.000003 360
iter.000001/01.model_devi/task.001.000003 640
iter.000001/01.model_devi/task.001.000001 90
iter.000001/01.model_devi/task.001.000001 60
iter.000001/01.model_devi/task.001.000003 930
iter.000001/01.model_devi/task.001.000002 190
iter.000001/01.model_devi/task.001.000001 690
iter.000001/01.model_devi/task.001.000002 370
iter.000001/01.model_devi/task.001.000003 110
iter.000001/01.model_devi/task.001.000003 470
iter.000001/01.model_devi/task.001.000000 630
iter.000001/01.model_devi/task.001.000001 590
iter.000001/01.model_devi/task.001.000002 680
iter.000001/01.model_devi/task.001.000001 520
iter.000001/01.model_devi/task.001.000002 990
iter.000001/01.model_devi/task.001.000001 330
iter.000001/01.model_devi/task.001.000001 180
iter.000001/01.model_devi/task.001.000002 180
iter.000001/01.model_devi/task.001.000003 210
iter.000001/01.model_devi/task.001.000003 120
iter.000001/01.model_devi/task.001.000001 440
iter.000001/01.model_devi/task.001.000001 160
iter.000001/01.model_devi/task.001.000001 780
iter.000001/01.model_devi/task.001.000002 390
iter.000001/01.model_devi/task.001.000004 640
iter.000001/01.model_devi/task.001.000003 140
iter.000001/01.model_devi/task.001.000003 260
iter.000001/01.model_devi/task.001.000003 160
iter.000001/01.model_devi/task.001.000003 700
iter.000001/01.model_devi/task.001.000003 40
iter.000001/01.model_devi/task.001.000002 70
iter.000001/01.model_devi/task.001.000001 320
iter.000001/01.model_devi/task.001.000003 410
iter.000001/01.model_devi/task.001.000001 550
iter.000001/01.model_devi/task.001.000001 660
iter.000001/01.model_devi/task.001.000003 910
iter.000001/01.model_devi/task.001.000001 840
iter.000001/01.model_devi/task.001.000002 700
iter.000001/01.model_devi/task.001.000001 380
iter.000001/01.model_devi/task.001.000001 130
iter.000001/01.model_devi/task.001.000001 350
iter.000001/01.model_devi/task.001.000002 140
iter.000001/01.model_devi/task.001.000001 530
iter.000001/01.model_devi/task.001.000002 690
iter.000001/01.model_devi/task.001.000003 370
iter.000001/01.model_devi/task.001.000001 640
iter.000001/01.model_devi/task.001.000001 720
iter.000001/01.model_devi/task.001.000004 700
iter.000001/01.model_devi/task.001.000001 80
iter.000001/01.model_devi/task.001.000004 130
iter.000001/01.model_devi/task.001.000002 80
iter.000001/01.model_devi/task.001.000001 390
iter.000001/01.model_devi/task.001.000003 960
iter.000001/01.model_devi/task.001.000003 460
iter.000001/01.model_devi/task.001.000003 660
iter.000001/01.model_devi/task.001.000001 820
iter.000001/01.model_devi/task.001.000001 1000
iter.000001/01.model_devi/task.001.000003 600
iter.000001/01.model_devi/task.001.000001 260
iter.000001/01.model_devi/task.001.000002 580
iter.000001/01.model_devi/task.001.000003 650
iter.000001/01.model_devi/task.001.000002 420
iter.000001/01.model_devi/task.001.000003 300
iter.000001/01.model_devi/task.001.000000 620
iter.000001/01.model_devi/task.001.000001 170
iter.000001/01.model_devi/task.001.000001 940
iter.000001/01.model_devi/task.001.000002 570
iter.000001/01.model_devi/task.001.000003 970
iter.000001/01.model_devi/task.001.000001 120
