iter.000001/01.model_devi/task.001.000000 410
iter.000001/01.model_devi/task.001.000004 910
iter.000001/01.model_devi/task.001.000001 10
iter.000001/01.model_devi/task.001.000003 850
iter.000001/01.model_devi/task.001.000001 880
iter.000001/01.model_devi/task.001.000001 400
iter.000001/01.model_devi/task.001.000002 400
iter.000001/01.model_devi/task.001.000004 980
iter.000001/01.model_devi/task.001.000000 940
iter.000001/01.model_devi/task.001.000001 850
iter.000001/01.model_devi/task.001.000003 900
iter.000001/01.model_devi/task.001.000002 550
iter.000001/01.model_devi/task.001.000004 500
iter.000001/01.model_devi/task.001.000002 30
iter.000001/01.model_devi/task.001.000002 350
iter.000001/01.model_devi/task.001.000002 160
iter.000001/01.model_devi/task.001.000002 920
iter.000001/01.model_devi/task.001.000004 900
iter.000001/01.model_devi/task.001.000000 390
iter.000001/01.model_devi/task.001.000004 110
iter.000001/01.model_devi/task.001.000003 530
iter.000001/01.model_devi/task.001.000003 730
iter.000001/01.model_devi/task.001.000003 500
iter.000001/01.model_devi/task.001.000001 340
iter.000001/01.model_devi/task.001.000000 450
iter.000001/01.model_devi/task.001.000001 300
iter.000001/01.model_devi/task.001.000001 970
iter.000001/01.model_devi/task.001.000000 780
iter.000001/01.model_devi/task.001.000004 550
iter.000001/01.model_devi/task.001.000000 60
iter.000001/01.model_devi/task.001.000000 500
iter.000001/01.model_devi/task.001.000002 540
iter.000001/01.model_devi/task.001.000002 810
iter.000001/01.model_devi/task.001.000000 520
iter.000001/01.model_devi/task.001.000001 870
iter.000001/01.model_devi/task.001.000002 150
iter.000001/01.model_devi/task.001.000004 430
iter.000001/01.model_devi/task.001.000004 0
iter.000001/01.model_devi/task.001.000002 200
iter.000001/01.model_devi/task.001.000000 440
iter.000001/01.model_devi/task.001.000003 580
iter.000001/01.model_devi/task.001.000000 690
iter.000001/01.model_devi/task.001.000001 890
iter.000001/01.model_devi/task.001.000001 580
iter.000001/01.model_devi/task.001.000004 300
iter.000001/01.model_devi/task.001.000003 330
iter.000001/01.model_devi/task.001.000004 820
iter.000001/01.model_devi/task.001.000004 560
iter.000001/01.model_devi/task.001.000003 190
iter.000001/01.model_devi/task.001.000004 400
iter.000001/01.model_devi/task.001.000003 890
iter.000001/01.model_devi/task.001.000000 840
iter.000001/01.model_devi/task.001.000001 310
iter.000001/01.model_devi/task.001.000000 110
iter.000001/01.model_devi/task.001.000002 870
iter.000001/01.model_devi/task.001.000000 790
iter.000001/01.model_devi/task.001.000004 10
iter.000001/01.model_devi/task.001.000004 630
iter.000001/01.model_devi/task.001.000002 110
iter.000001/01.model_devi/task.001.000000 680
iter.000001/01.model_devi/task.001.000001 450
iter.000001/01.model_devi/task.001.000004 140
iter.000001/01.model_devi/task.001.000003 250
iter.000001/01.model_devi/task.001.000000 460
iter.000001/01.model_devi/task.001.000000 590
iter.000001/01.model_devi/task.001.000002 20
iter.000001/01.model_devi/task.001.000001 610
iter.000001/01.model_devi/task.001.000000 710
iter.000001/01.model_devi/task.001.000002 640
iter.000001/01.model_devi/task.001.000002 530
iter.000001/01.model_devi/task.001.000000 650
iter.000001/01.model_devi/task.001.000000 550
iter.000001/01.model_devi/task.001.000003 630
iter.000001/01.model_devi/task.001.000001 30
iter.000001/01.model_devi/task.001.000002 210
iter.000001/01.model_devi/task.001.000002 560
iter.000001/01.model_devi/task.001.000002 460
iter.000001/01.model_devi/task.001.000002 890
iter.000001/01.model_devi/task.001.000000 310
iter.000001/01.model_devi/task.001.000003 550
iter.000001/01.model_devi/task.001.000000 290
iter.000001/01.model_devi/task.001.000003 990
iter.000001/01.model_devi/task.001.000001 710
iter.000001/01.model_devi/task.001.000004 770
iter.000001/01.model_devi/task.001.000000 880
iter.000001/01.model_devi/task.001.000003 280
iter.000001/01.model_devi/task.001.000000 920
iter.000001/01.model_devi/task.001.000000 180
iter.000001/01.model_devi/task.001.000004 730
iter.000001/01.model_devi/task.001.000002 650
iter.000001/01.model_devi/task.001.000001 290
iter.000001/01.model_devi/task.001.000000 990
iter.000001/01.model_devi/task.001.000003 350
iter.000001/01.model_devi/task.001.000001 370
iter.000001/01.model_devi/task.001.000000 970
iter.000001/01.model_devi/task.001.000001 900
iter.000001/01.model_devi/task.001.000003 380
iter.000001/01.model_devi/task.001.000001 150
iter.000001/01.model_devi/task.001.000002 840
iter.000001/01.model_devi/task.001.000003 240
iter.000001/01.model_devi/task.001.000002 520
iter.000001/01.model_devi/task.001.000003 740
iter.000001/01.model_devi/task.001.000000 570
iter.000001/01.model_devi/task.001.000002 720
iter.000001/01.model_devi/task.001.000000 250
iter.000001/01.model_devi/task.001.000004 660
iter.000001/01.model_devi/task.001.000004 920
iter.000001/01.model_devi/task.001.000000 190
iter.000001/01.model_devi/task.001.000004 840
iter.000001/01.model_devi/task.001.000000 30
iter.000001/01.model_devi/task.001.000004 330
iter.000001/01.model_devi/task.001.000000 140
iter.000001/01.model_devi/task.001.000002 230
iter.000001/01.model_devi/task.001.000002 290
iter.000001/01.model_devi/task.001.000002 300
iter.000001/01.model_devi/task.001.000003 770
iter.000001/01.model_devi/task.001.000002 880
iter.000001/01.model_devi/task.001.000004 320
iter.000001/01.model_devi/task.001.000004 80
iter.000001/01.model_devi/task.001.000001 860
iter.000001/01.model_devi/task.001.000004 990
iter.000001/01.model_devi/task.001.000003 560
iter.000001/01.model_devi/task.001.000000 870
iter.000001/01.model_devi/task.001.000003 800
iter.000001/01.model_devi/task.001.000002 330
iter.000001/01.model_devi/task.001.000002 90
iter.000001/01.model_devi/task.001.000004 210
iter.000001/01.model_devi/task.001.000003 60
iter.000001/01.model_devi/task.001.000003 480
iter.000001/01.model_devi/task.001.000000 280
iter.000001/01.model_devi/task.001.000002 310
iter.000001/01.model_devi/task.001.000003 0
iter.000001/01.model_devi/task.001.000001 110
iter.000001/01.model_devi/task.001.000001 920
iter.000001/01.model_devi/task.001.000000 530
iter.000001/01.model_devi/task.001.000000 320
iter.000001/01.model_devi/task.001.000000 80
iter.000001/01.model_devi/task.001.000004 240
iter.000001/01.model_devi/task.001.000004 290
iter.000001/01.model_devi/task.001.000004 830
iter.000001/01.model_devi/task.001.000001 50
iter.000001/01.model_devi/task.001.000000 810
iter.000001/01.model_devi/task.001.000002 360
iter.000001/01.model_devi/task.001.000000 850
iter.000001/01.model_devi/task.001.000004 570
iter.000001/01.model_devi/task.001.000004 670
iter.000001/01.model_devi/task.001.000000 90
iter.000001/01.model_devi/task.001.000002 40
iter.000001/01.model_devi/task.001.000003 340
iter.000001/01.model_devi/task.001.000000 580
iter.000001/01.model_devi/task.001.000004 510
iter.000001/01.model_devi/task.001.000004 280
iter.000001/01.model_devi/task.001.000002 600
iter.000001/01.model_devi/task.001.000000 750
iter.000001/01.model_devi/task.001.000001 460
iter.000001/01.model_devi/task.001.000003 320
iter.000001/01.model_devi/task.001.000004 190
iter.000001/01.model_devi/task.001.000002 590
iter.000001/01.model_devi/task.001.000004 230
iter.000001/01.model_devi/task.001.000003 70
iter.000001/01.model_devi/task.001.000001 790
iter.000001/01.model_devi/task.001.000004 160
iter.000001/01.model_devi/task.001.000003 440
iter.000001/01.model_devi/task.001.000004 890
iter.000001/01.model_devi/task.001.000004 440
iter.000001/01.model_devi/task.001.000004 930
iter.000001/01.model_devi/task.001.000000 420
iter.000001/01.model_devi/task.001.000003 880
iter.000001/01.model_devi/task.001.000000 760
iter.000001/01.model_devi/task.001.000000 720
iter.000001/01.model_devi/task.001.000000 470
iter.000001/01.model_devi/task.001.000002 910
iter.000001/01.model_devi/task.001.000004 960
iter.000001/01.model_devi/task.001.000002 510
iter.000001/01.model_devi/task.001.000000 830
iter.000001/01.model_devi/task.001.000003 830
iter.000001/01.model_devi/task.001.000000 170
iter.000001/01.model_devi/task.001.000001 230
iter.000001/01.model_devi/task.001.000004 780
iter.000001/01.model_devi/task.001.000003 520
iter.000001/01.model_devi/task.001.000002 970
iter.000001/01.model_devi/task.001.000004 750
iter.000001/01.model_devi/task.001.000004 200
iter.000001/01.model_devi/task.001.000004 260
iter.000001/01.model_devi/task.001.000002 450
iter.000001/01.model_devi/task.001.000003 620
iter.000001/01.model_devi/task.001.000000 260
iter.000001/01.model_devi/task.001.000002 1000
iter.000001/01.model_devi/task.001.000002 760
iter.000001/01.model_devi/task.001.000001 20
iter.000001/01.model_devi/task.001.000002 500
iter.000001/01.model_devi/task.001.000004 880
iter.000001/01.model_devi/task.001.000000 860
iter.000001/01.model_devi/task.001.000000 130
iter.000001/01.model_devi/task.001.000004 370
iter.000001/01.model_devi/task.001.000004 810
iter.000001/01.model_devi/task.001.000000 800
iter.000001/01.model_devi/task.001.000000 610
iter.000001/01.model_devi/task.001.000000 210
iter.000001/01.model_devi/task.001.000000 980
iter.000001/01.model_devi/task.001.000002 900
iter.000001/01.model_devi/task.001.000002 730
iter.000001/01.model_devi/task.001.000003 780
iter.000001/01.model_devi/task.001.000002 100
iter.000001/01.model_devi/task.001.000004 180
iter.000001/01.model_devi/task.001.000000 1000
iter.000001/01.model_devi/task.001.000004 540
iter.000001/01.model_devi/task.001.000001 500
iter.000001/01.model_devi/task.001.000004 490
iter.000001/01.model_devi/task.001.000002 800
iter.000001/01.model_devi/task.001.000004 470
iter.000001/01.model_devi/task.001.000000 350
iter.000001/01.model_devi/task.001.000004 380
iter.000001/01.model_devi/task.001.000004 90
iter.000001/01.model_devi/task.001.000000 340
iter.000001/01.model_devi/task.001.000000 480
iter.000001/01.model_devi/task.001.000003 760
iter.000001/01.model_devi/task.001.000001 570
iter.000001/01.model_devi/task.001.000004 30
iter.000001/01.model_devi/task.001.000003 790
iter.000001/01.model_devi/task.001.000003 430
iter.000001/01.model_devi/task.001.000004 310
iter.000001/01.model_devi/task.001.000004 620
iter.000001/01.model_devi/task.001.000001 670
iter.000001/01.model_devi/task.001.000003 680
iter.000001/01.model_devi/task.001.000004 850
iter.000001/01.model_devi/task.001.000000 270
iter.000001/01.model_devi/task.001.000000 160
iter.000001/01.model_devi/task.001.000000 820
iter.000001/01.model_devi/task.001.000002 820
iter.000001/01.model_devi/task.001.000001 760
iter.000001/01.model_devi/task.001.000002 0
iter.000001/01.model_devi/task.001.000000 730
iter.000001/01.model_devi/task.001.000004 520
iter.000001/01.model_devi/task.001.000002 50
iter.000001/01.model_devi/task.001.000004 760
iter.000001/01.model_devi/task.001.000002 480
iter.000001/01.model_devi/task.001.000000 510
iter.000001/01.model_devi/task.001.000004 270
iter.000001/01.model_devi/task.001.000003 510
iter.000001/01.model_devi/task.001.000000 600
iter.000001/01.model_devi/task.001.000004 390
iter.000001/01.model_devi/task.001.000004 450
iter.000001/01.model_devi/task.001.000002 740
iter.000001/01.model_devi/task.001.000004 610
iter.000001/01.model_devi/task.001.000004 940
iter.000001/01.model_devi/task.001.000001 250
iter.000001/01.model_devi/task.001.000003 270
iter.000001/01.model_devi/task.001.000003 200
iter.000001/01.model_devi/task.001.000004 60
iter.000001/01.model_devi/task.001.000000 50
iter.000001/01.model_devi/task.001.000004 600
iter.000001/01.model_devi/task.001.000000 120
iter.000001/01.model_devi/task.001.000003 390
iter.000001/01.model_devi/task.001.000001 200
iter.000001/01.model_devi/task.001.000000 400
iter.000001/01.model_devi/task.001.000000 360
iter.000001/01.model_devi/task.001.000000 240
iter.000001/01.model_devi/task.001.000003 420
iter.000001/01.model_devi/task.001.000002 270
iter.000001/01.model_devi/task.001.000002 470
iter.000001/01.model_devi/task.001.000000 0
iter.000001/01.model_devi/task.001.000003 820
iter.000001/01.model_devi/task.001.000004 40
iter.000001/01.model_devi/task.001.000004 460
iter.000001/01.model_devi/task.001.000001 810
iter.000001/01.model_devi/task.001.000003 220
iter.000001/01.model_devi/task.001.000004 70
iter.000001/01.model_devi/task.001.000000 230
iter.000001/01.model_devi/task.001.000003 840
iter.000001/01.model_devi/task.001.000003 810
iter.000001/01.model_devi/task.001.000001 40
iter.000001/01.model_devi/task.001.000000 370
iter.000001/01.model_devi/task.001.000000 700
iter.000001/01.model_devi/task.001.000003 570
iter.000001/01.model_devi/task.001.000004 250
iter.000001/01.model_devi/task.001.000003 940
iter.000001/01.model_devi/task.001.000000 490
iter.000001/01.model_devi/task.001.000002 60
iter.000001/01.model_devi/task.001.000000 560
iter.000001/01.model_devi/task.001.000000 220
iter.000001/01.model_devi/task.001.000002 610
iter.000001/01.model_devi/task.001.000000 540
iter.000001/01.model_devi/task.001.000002 710
iter.000001/01.model_devi/task.001.000001 140
iter.000001/01.model_devi/task.001.000002 830
iter.000001/01.model_devi/task.001.000004 580
iter.000001/01.model_devi/task.001.000003 670
iter.000001/01.model_devi/task.001.000002 490
iter.000001/01.model_devi/task.001.000004 220
iter.000001/01.model_devi/task.001.000002 780
iter.000001/01.model_devi/task.001.000000 740
iter.000001/01.model_devi/task.001.000004 410
iter.000001/01.model_devi/task.001.000001 750
iter.000001/01.model_devi/task.001.000002 850
iter.000001/01.model_devi/task.001.000001 800
iter.000001/01.model_devi/task.001.000003 290
iter.000001/01.model_devi/task.001.000001 0
iter.000001/01.model_devi/task.001.000000 670
iter.000001/01.model_devi/task.001.000002 250
iter.000001/01.model_devi/task.001.000001 490
iter.000001/01.model_devi/task.001.000004 790
iter.000001/01.model_devi/task.001.000001 190
iter.000001/01.model_devi/task.001.000000 660
iter.000001/01.model_devi/task.001.000002 620
iter.000001/01.model_devi/task.001.000004 680
iter.000001/01.model_devi/task.001.000004 860
iter.000001/01.model_devi/task.001.000003 750
iter.000001/01.model_devi/task.001.000000 930
iter.000001/01.model_devi/task.001.000000 960
iter.000001/01.model_devi/task.001.000004 150
iter.000001/01.model_devi/task.001.000002 930
iter.000001/01.model_devi/task.001.000004 20
iter.000001/01.model_devi/task.001.000001 620
iter.000001/01.model_devi/task.001.000002 340
iter.000001/01.model_devi/task.001.000004 100
iter.000001/01.model_devi/task.001.000003 540
iter.000001/01.model_devi/task.001.000000 20
iter.000001/01.model_devi/task.001.000003 1000
iter.000001/01.model_devi/task.001.000004 710
iter.000001/01.model_devi/task.001.000001 360
iter.000001/01.model_devi/task.001.000004 480
iter.000001/01.model_devi/task.001.000002 280
iter.000001/01.model_devi/task.001.000000 70
iter.000001/01.model_devi/task.001.000004 420
iter.000001/01.model_devi/task.001.000002 950
iter.000001/01.model_devi/task.001.000000 770
iter.000001/01.model_devi/task.001.000001 470
iter.000001/01.model_devi/task.001.000000 40
iter.000001/01.model_devi/task.001.000003 490
iter.000001/01.model_devi/task.001.000002 750
iter.000001/01.model_devi/task.001.000000 300
iter.000001/01.model_devi/task.001.000004 950
iter.000001/01.model_devi/task.001.000000 950
iter.000001/01.model_devi/task.001.000000 890
iter.000001/01.model_devi/task.001.000000 100
iter.000001/01.model_devi/task.001.000000 150
iter.000001/01.model_devi/task.001.000000 910
iter.000001/01.model_devi/task.001.000004 530
iter.000001/01.model_devi/task.001.000004 350
iter.000001/01.model_devi/task.001.000001 240
iter.000001/01.model_devi/task.001.000004 720
iter.000001/01.model_devi/task.001.000003 180
iter.000001/01.model_devi/task.001.000001 980
iter.000001/01.model_devi/task.001.000003 720
iter.000001/01.model_devi/task.001.000001 910
iter.000001/01.model_devi/task.001.000002 440
iter.000001/01.model_devi/task.001.000000 10
iter.000001/01.model_devi/task.001.000001 960
iter.000001/01.model_devi/task.001.000002 980
iter.000001/01.model_devi/task.001.000000 330
iter.000001/01.model_devi/task.001.000004 1000
iter.000001/01.model_devi/task.001.000000 430
iter.000001/01.model_devi/task.001.000002 220
iter.000001/01.model_devi/task.001.000004 970
iter.000001/01.model_devi/task.001.000004 340
iter.000001/01.model_devi/task.001.000002 960
iter.000001/01.model_devi/task.001.000004 800
iter.000001/01.model_devi/task.001.000001 930
iter.000001/01.model_devi/task.001.000003 870
iter.000001/01.model_devi/task.001.000004 50
iter.000001/01.model_devi/task.001.000004 650
iter.000001/01.model_devi/task.001.000003 10
iter.000001/01.model_devi/task.001.000000 380
iter.000001/01.model_devi/task.001.000002 790
iter.000001/01.model_devi/task.001.000002 260
iter.000001/01.model_devi/task.001.000004 170
iter.000001/01.model_devi/task.001.000002 860
iter.000001/01.model_devi/task.001.000004 740
iter.000001/01.model_devi/task.001.000001 560
iter.000001/01.model_devi/task.001.000003 50
iter.000001/01.model_devi/task.001.000004 690
iter.000001/01.model_devi/task.001.000003 610
iter.000001/01.model_devi/task.001.000004 870
iter.000001/01.model_devi/task.001.000002 660
iter.000001/01.model_devi/task.001.000000 900
iter.000001/01.model_devi/task.001.000001 600
iter.000001/01.model_devi/task.001.000003 860
iter.000001/01.model_devi/task.001.000002 770
iter.000001/01.model_devi/task.001.000002 940
iter.000001/01.model_devi/task.001.000004 120
iter.000001/01.model_devi/task.001.000000 200
