2019-06-24 13:10:35.445483: I tensorflow/core/platform/cpu_feature_guard.cc:140] Your CPU supports instructions that this TensorFlow binary was not compiled to use: AVX512F
2019-06-24 13:10:38.135793: E tensorflow/stream_executor/cuda/cuda_driver.cc:406] failed call to cuInit: CUDA_ERROR_NO_DEVICE
2019-06-24 13:10:38.135891: I tensorflow/stream_executor/cuda/cuda_diagnostics.cc:158] retrieving CUDA diagnostic information for host: SR760-GPU-7
2019-06-24 13:10:38.135908: I tensorflow/stream_executor/cuda/cuda_diagnostics.cc:165] hostname: SR760-GPU-7
2019-06-24 13:10:38.135981: I tensorflow/stream_executor/cuda/cuda_diagnostics.cc:189] libcuda reported version is: 410.48.0
2019-06-24 13:10:38.136043: I tensorflow/stream_executor/cuda/cuda_diagnostics.cc:193] kernel reported version is: 410.48.0
2019-06-24 13:10:38.136051: I tensorflow/stream_executor/cuda/cuda_diagnostics.cc:300] kernel version seems to match DSO: 410.48.0
Info of lammps module:
  use deepmd-kit at:  /sharedext4/local/deepmd-kit-0.12.4
  source:             v0.12.4-1-ge3cd911-dirty
  source branch:      master
  source commit:      e3cd911
  source commit at:   2019-02-07 10:22:13 +0800
  build float prec:   double
  build with tf inc:  /sharedext4/local/tensorflow/r1.8.gpu.cc/include
  build with tf lib:  /sharedext4/local/tensorflow/r1.8.gpu.cc/lib/libtensorflow_cc.so;/sharedext4/local/tensorflow/r1.8.gpu.cc/lib/libtensorflow_framework.so
  >>> Info of model(s):
  using   4 model(s): ../graph.002.pb ../graph.003.pb ../graph.000.pb ../graph.001.pb 
  rcut in model:      5
  ntypes in model:    2
Neighbor list info ...
  update every 1 steps, delay 10 steps, check yes
  max neighbors/atom: 2000, page size: 100000
  master list distance cutoff = 6
  ghost atom cutoff = 6
  binsize = 3, bins = 4 4 4
  1 neighbor lists, perpetual/occasional/extra = 1 0 0
  (1) pair deepmd, perpetual
      attributes: , newton on
      pair build: full/bin/atomonly
      stencil: full/bin/3d
      bin: standard
Setting up Verlet run ...
  Unit style    : metal
  Current step  : 0
  Time step     : 0.002
Per MPI rank memory allocation (min/avg/max) = 3.949 | 3.949 | 3.949 Mbytes
Step Temp PotEng KinEng TotEng Press Volume Lx Ly Lz Xy Xz Yz 
       0          100   -23.983357  0.051704058   -23.931653    267.34686    994.52367    9.7539492    9.9888878    10.207456    0.2772828   -0.0136468    0.1125032 
      10     58.26165   -23.960417  0.030123637   -23.930293   -70.274943    998.29041     9.766248    10.001483    10.220326   0.27763243 -0.013664007   0.11264506 
      20    80.147917   -23.972017  0.041439726   -23.930577   -405.80297    1001.9661    9.7782196    10.013743    10.232854   0.27797275 -0.013680757   0.11278314 
      30    67.236654   -23.962431  0.034764079   -23.927667   -652.74533    1005.5011    9.7897057    10.025506    10.244875   0.27829928 -0.013696827   0.11291562 
      40    86.239649   -23.966341  0.044589398   -23.921752   -854.88063    1008.9161    9.8007761    10.036843     10.25646   0.27861398 -0.013712316   0.11304331 
      50    85.920476   -23.959081  0.044424373   -23.914657   -925.25737    1012.2027    9.8114068    10.047729    10.267585   0.27891619 -0.013727189   0.11316592 
      60    69.744934   -23.941481  0.036060961    -23.90542   -821.42958    1015.3441    9.8215461    10.058113    10.278195   0.27920443 -0.013741375   0.11328287 
      70    98.567149   -23.947619  0.050963216   -23.896656   -628.81113    1018.3684    9.8312879    10.068089     10.28839   0.27948136 -0.013755005   0.11339523 
      80    106.78409   -23.943813  0.055211707   -23.888602   -257.98854    1021.2398    9.8405195    10.077543    10.298051    0.2797438 -0.013767921   0.11350171 
      90    190.89229   -23.975948  0.098699063   -23.877249    211.13216    1024.0471     9.849528    10.086769    10.307478   0.27999989 -0.013780525   0.11360562 
     100    147.95974   -23.937904  0.076501188   -23.861403    618.80249    1026.9119    9.8587045    10.096166    10.317081   0.28026076 -0.013793364   0.11371146 
     110    189.01771   -23.942152  0.097729824   -23.844423    989.19224     1029.882    9.8681999     10.10589    10.327018   0.28053069 -0.013806649   0.11382098 
     120     118.6472    -23.89896   0.06134542   -23.837615    1189.1988     1033.038    9.8782696    10.116203    10.337556   0.28081695 -0.013820737   0.11393713 
     130    181.78614   -23.934724   0.09399081   -23.840733    1103.5429    1036.4596    9.8891638    10.127359    10.348957   0.28112665 -0.013835979   0.11406278 
     140    170.82896   -23.931664  0.088325505   -23.843338    850.51143    1040.1193    9.9007897    10.139265    10.361123   0.28145715 -0.013852245   0.11419688 
     150    174.77507   -23.944156  0.090365802   -23.853791    367.81898    1044.0486    9.9132416    10.152017    10.374154   0.28181113 -0.013869667    0.1143405 
     160    144.09954    -23.93969  0.074505309   -23.865185   -116.97061    1048.1046    9.9260622    10.165146    10.387571   0.28217559 -0.013887604   0.11448837 
     170    109.34147   -23.933958  0.056533975   -23.877424   -521.46254    1052.2192    9.9390343    10.178431    10.401146   0.28254435 -0.013905754   0.11463799 
     180    151.35112   -23.964079  0.078254673   -23.885825   -802.83839    1056.3203    9.9519304    10.191638    10.414642   0.28291096 -0.013923797   0.11478674 
     190    100.53896   -23.939494  0.051982724   -23.887512   -896.48383     1060.407    9.9647478    10.204764    10.428055   0.28327533 -0.013941729   0.11493458 
     200     143.2022   -23.964987  0.074041347   -23.890945   -864.99585    1064.5032    9.9775622    10.217887    10.441465   0.28363961 -0.013959658   0.11508238 
     210    75.651471   -23.931331   0.03911488   -23.892216   -668.85955    1068.6077    9.9903693    10.231002    10.454868   0.28400369 -0.013977577    0.1152301 
     220    100.45075   -23.948348  0.051937112   -23.896411   -360.29475     1072.744    10.003243    10.244186     10.46834   0.28436965 -0.013995588   0.11537858 
     230    75.148643    -23.93653  0.038854898   -23.897675   -4.7833675    1076.9584    10.016325    10.257584    10.482031   0.28474157 -0.014013892   0.11552948 
     240    124.09925   -23.965132   0.06416435   -23.900968    292.75858    1081.3187    10.029825    10.271408    10.496158   0.28512533 -0.014032779   0.11568518 
     250    102.23303   -23.957137  0.052858625   -23.904278    511.65541    1085.8857    10.043926    10.285849    10.510914   0.28552617 -0.014052507   0.11584782 
     260    102.03384   -23.961111  0.052755638   -23.908355    601.73347    1090.6798    10.058685    10.300964     10.52636   0.28594575 -0.014073157   0.11601806 
     270    111.95823   -23.971853  0.057886949   -23.913966     600.1965    1095.7262    10.074174    10.316826    10.542569   0.28638608 -0.014094829   0.11619671 
     280     88.79768   -23.959432  0.045912004    -23.91352    525.43624    1101.0189    10.090369    10.333411    10.559517   0.28684645 -0.014117487    0.1163835 
     290    126.67204   -23.978496  0.065494587   -23.913001    342.52609    1106.6311    10.107484    10.350938    10.577428   0.28733301 -0.014141433   0.11658092 
     300    66.096322   -23.942598  0.034174481   -23.908424     160.4571    1112.5234    10.125392    10.369277    10.596168   0.28784208 -0.014166487   0.11678746 
     310     76.70387   -23.948889  0.039659014    -23.90923    -66.95377     1118.753    10.144256    10.388595    10.615909   0.28837833  -0.01419288   0.11700504 
     320    38.033656   -23.929997  0.019664943   -23.910332   -286.75459    1125.3045    10.164019    10.408835    10.636591   0.28894016 -0.014220531   0.11723299 
     330    103.85282   -23.969547  0.053696124   -23.915851   -444.26063    1132.2139    10.184779    10.430095    10.658317   0.28953032 -0.014249576   0.11747244 
     340    92.354841   -23.966451  0.047751201     -23.9187   -528.94326    1139.5162    10.206628     10.45247    10.681181   0.29015143 -0.014280145   0.11772445 
     350    121.61657   -23.984311  0.062880701    -23.92143   -540.39074    1147.2801    10.229756    10.476155    10.705385   0.29080891 -0.014312504   0.11799121 
     360    102.46756   -23.972765  0.052979888   -23.919785   -369.32035    1155.5075    10.254151    10.501138    10.730914   0.29150241 -0.014346635   0.11827259 
     370    84.769593   -23.958665   0.04382932   -23.914835   -150.22031    1164.3589    10.280267    10.527883    10.758245   0.29224484 -0.014383174   0.11857381 
     380    102.00775   -23.959557  0.052742146   -23.906815    69.149215    1173.9353    10.308374    10.556667    10.787658   0.29304385 -0.014422499     0.118898 
     390    66.757245   -23.931146  0.034516205   -23.896629    310.59834    1184.3424    10.338746     10.58777    10.819442   0.29390726 -0.014464992   0.11924832 
     400    96.149231   -23.939266  0.049713054   -23.889553    387.14341    1195.7454    10.371821    10.621642    10.854055   0.29484751 -0.014511268   0.11962981 
     410    71.113932    -23.92326  0.036768789   -23.886491    362.55494    1208.2167    10.407755    10.658441     10.89166   0.29586902 -0.014561543   0.12004427 
     420    172.44043   -23.977565  0.089158702   -23.888407     298.6354    1221.8759    10.446829    10.698457    10.932551   0.29697981 -0.014616212   0.12049496 
     430    154.17688   -23.962035  0.079715702   -23.882319    73.052146    1236.9189    10.489526    10.742182    10.977233   0.29819359 -0.014675949   0.12098743 
     440    212.57212   -23.980429   0.10990841   -23.870521   -112.70148    1253.3771    10.535845    10.789616    11.025705   0.29951033 -0.014740754   0.12152168 
     450     136.3583   -23.922295  0.070502775   -23.851792   -108.80816    1271.2478    10.585682    10.840654     11.07786    0.3009271 -0.014810482   0.12209651 
     460    94.044212   -23.890309  0.048624674   -23.841684   -207.97308    1290.7493    10.639538    10.895807    11.134219   0.30245808 -0.014885831   0.12271768 
     470    116.35359   -23.903634  0.060159526   -23.843474   -212.56016    1311.9056    10.697352    10.955014    11.194722   0.30410163  -0.01496672   0.12338452 
     480    135.68036   -23.926685  0.070152251   -23.856532   -185.09899    1334.8378    10.759323    11.018478    11.259574   0.30586332 -0.015053424    0.1240993 
     490    212.88797   -23.984371   0.11007172   -23.874299   -233.93898    1359.6823    10.825665    11.086418    11.329001   0.30774928 -0.015146244    0.1248645 
     500    145.76701   -23.961938  0.075367459   -23.886571   -52.965238    1386.2875    10.895819    11.158261    11.402416   0.30974359 -0.015244396   0.12567366 
     510    141.15273   -23.968639  0.072981687   -23.895658    142.82175     1414.821    10.970067    11.234298    11.480116   0.31185429 -0.015348277   0.12653005 
     520     48.31612   -23.926579  0.024981395   -23.901597    218.59434    1445.4033    11.048546    11.314667    11.562244   0.31408527 -0.015458077   0.12743523 
     530     73.81232   -23.948798  0.038163965   -23.910634    268.57329    1477.9744    11.130921    11.399026    11.648449     0.316427 -0.015573328   0.12838535 
     540    60.048377   -23.951808  0.031047448   -23.920761    227.56041    1512.5833    11.217133    11.487315     11.73867   0.31887782 -0.015693948   0.12937974 
     550    74.958341   -23.968938  0.038756504   -23.930182    102.43841    1549.2781    11.307118    11.579467    11.832838   0.32143588 -0.015819846   0.13041763 
     560    74.834679   -23.975153  0.038692566    -23.93646    23.030907    1588.0021     11.40055    11.675149    11.930615   0.32409195 -0.015950568   0.13149529 
     570    71.556814   -23.977227  0.036997777    -23.94023   -61.388508    1628.8548    11.497486    11.774421    12.032058   0.32684763 -0.016086192   0.13261336 
     580    93.725753   -23.988358  0.048460018   -23.939898   -151.91308    1671.8612    11.597798    11.877148    12.137033   0.32969925 -0.016226538   0.13377036 
     590    64.833078   -23.969742  0.033521332   -23.936221   -175.98223    1716.9995    11.701248     11.98309    12.245293   0.33264011 -0.016371275   0.13496357 
     600    85.931196   -23.977217  0.044429915   -23.932787   -185.48997    1764.3606    11.807861    12.092271    12.356863   0.33567088 -0.016520438   0.13619326 
     610     32.53175   -23.944359  0.016820235   -23.927539   -185.52365    1814.0133    11.917604    12.204657    12.471708   0.33879062  -0.01667398   0.13745904 
     620    70.850797   -23.963146  0.036632737   -23.926514    -149.0043    1865.9781    12.030332    12.320101    12.589678   0.34199525 -0.016831699   0.13875927 
     630    58.850238   -23.954458  0.030427961    -23.92403   -90.790618    1920.3448    12.146053    12.438609     12.71078   0.34528493 -0.016993605   0.14009401 
     640    109.90913   -23.980215   0.05682748   -23.923387   -45.251428    1977.2228    12.264805    12.560221    12.835053   0.34866078 -0.017159751   0.14146371 
     650    100.35242   -23.971599  0.051886275   -23.919713    29.266021    2036.7027    12.386578    12.684927    12.962487   0.35212249 -0.017330124   0.14286825 
     660    86.149794   -23.955954   0.04454294   -23.911411    105.22445    2098.9013    12.511406    12.812762    13.093119   0.35567108 -0.017504772   0.14430803 
     670    94.436003   -23.953393  0.048827246   -23.904565    153.82436    2163.9696    12.639382     12.94382    13.227045   0.35930915 -0.017683823   0.14578412 
     680    73.832372   -23.933641  0.038174332   -23.895467    200.44572    2231.9553    12.770384    13.077978    13.364138   0.36303323 -0.017867109   0.14729511 
     690    130.48055   -23.961358   0.06746374   -23.893895    179.58611    2303.1086     12.90467    13.215499    13.504669   0.36685071  -0.01805499   0.14884399 
     700    96.841039   -23.943751  0.050070747   -23.893681    121.08033    2377.4982     13.04214    13.356279    13.648529   0.37075864 -0.018247324   0.15042958 
     710     149.2109   -23.971881  0.077148091   -23.894733    53.035509    2455.2292    13.182753     13.50028    13.795681   0.37475598 -0.018444057   0.15205143 
     720    109.50717   -23.950659   0.05661965    -23.89404   -28.629319    2536.4097    13.326474    13.647462    13.946083   0.37884162 -0.018645137   0.15370912 
     730     150.0847   -23.968041  0.077599879   -23.890441   -77.195318    2621.0746    13.473132    13.797653    14.099561   0.38301079 -0.018850328    0.1554007 
     740    87.399093     -23.9307  0.045188878   -23.885511   -83.832835    2709.2095    13.622484    13.950602    14.255857   0.38725653 -0.019059287   0.15712334 
     750    86.096901   -23.928903  0.044515592   -23.884388   -104.64555    2800.9813    13.774595    14.106377     14.41504   0.39158071 -0.019272106   0.15887781 
     760    84.387835   -23.930983  0.043631935   -23.887351   -98.282455    2896.3754    13.929228    14.264735    14.576863   0.39597658 -0.019488455   0.16066136 
     770    98.216476   -23.946497  0.050781904   -23.895715   -85.834207    2995.5816    14.086481    14.425775    14.741426   0.40044691 -0.019708467   0.16247513 
     780    154.80102   -23.984111  0.080038411   -23.904073    -81.83393    3098.7472    14.246368    14.589514    14.908748   0.40499215 -0.019932166   0.16431929 
     790    132.91055   -23.977037  0.068720149   -23.908317   -33.724386    3205.8149    14.408594    14.755646    15.078516   0.40960385 -0.020159137   0.16619042 
     800    139.57533   -23.978168  0.072166108   -23.906001    33.331902    3316.9582    14.573218    14.924236    15.250794   0.41428374 -0.020389463   0.16808921 
     810    56.603516   -23.927678  0.029266315   -23.898412    78.109691    3432.4431    14.740421    15.095467    15.425772   0.41903697 -0.020623399   0.17001776 
     820    96.292472   -23.945169  0.049787116   -23.895382    107.48015    3552.2903    14.910021    15.269152    15.603257   0.42385831 -0.020860687   0.17197394 
     830    48.341023   -23.920141  0.024994271   -23.895147    106.13278    3676.6607    15.082036    15.445309     15.78327    0.4287483 -0.021101353   0.17395798 
     840    107.16853    -23.95894  0.055410477    -23.90353    47.029247      3805.69    15.256442    15.623916    15.965784   0.43370626 -0.021345365    0.1759696 
     850    109.85712   -23.968281  0.056800588    -23.91148  -0.69417264    3939.2123    15.432818    15.804541    16.150362   0.43872025 -0.021592135   0.17800395 
     860    120.83247   -23.978605   0.06247529    -23.91613    -44.61639    4077.3742    15.611177    15.987195    16.337013   0.44379058 -0.021841677   0.18006115 
     870    129.78788   -23.983498  0.067105598   -23.916392   -88.226053    4220.2215    15.791396    16.171756    16.525611   0.44891381 -0.022093823   0.18213982 
     880    106.10297   -23.966922  0.054859541   -23.912062   -86.860944    4367.4692     15.97296    16.357693    16.715617   0.45407526 -0.022347849     0.184234 
     890    93.776866   -23.955936  0.048486445    -23.90745   -66.311981    4519.2017    16.155833    16.544971    16.906993   0.45927394 -0.022603708   0.18634328 
     900    30.068115   -23.918093  0.015546435   -23.902547   -51.344942     4675.546    16.340032    16.733606    17.099756   0.46451028 -0.022861421   0.18846785 
     910     76.62805   -23.943458  0.039619812   -23.903838   -23.136418    4836.3851    16.525289    16.923326    17.293627   0.46977674 -0.023120617   0.19060464 
     920    57.209696    -23.93608  0.029579734     -23.9065    10.018176    5001.7471    16.711523    17.114045    17.488519   0.47507094 -0.023381177   0.19275267 
     930     137.6798   -23.984511  0.071186043   -23.913325    22.256398    5171.8524    16.898863    17.305898     17.68457   0.48039661 -0.023643285   0.19491348 
     940    124.06821   -23.979265  0.064148301   -23.915117    52.193656    5346.5105    17.086991    17.498557    17.881444   0.48574465 -0.023906496   0.19708337 
     950    133.28082    -23.97943  0.068911593   -23.910518    80.348764    5526.0352    17.276138     17.69226    18.079386   0.49112168 -0.024171133   0.19926501 
     960    98.839967   -23.949361  0.051104274   -23.898257    84.591988    5710.7811    17.466556    17.887265    18.278658   0.49653484 -0.024437548   0.20146132 
     970    103.12338   -23.938178   0.05331897   -23.884859    90.975967    5900.3539    17.657727     18.08304    18.478717    0.5019694 -0.024705016   0.20366631 
     980    103.90736   -23.929244  0.053724321    -23.87552    73.292101    6095.1028      17.8499    18.279842    18.679825   0.50743245 -0.024973886   0.20588285 
     990     86.36775   -23.917567  0.044655631   -23.872912    11.436399    6295.1821    18.043116    18.477712    18.882024   0.51292514 -0.025244216   0.20811143 
    1000    156.56757   -23.956124  0.080951785   -23.875172   -52.524202    6500.2658    18.236962    18.676227    19.084883   0.51843573 -0.025515426   0.21034727 
    1010    119.24897   -23.934308  0.061656555   -23.872651   -108.01485     6709.995    18.431026    18.874965     19.28797   0.52395254 -0.025786942   0.21258563 
    1020    192.39901   -23.973372  0.099478098   -23.873894   -150.00576    6924.0775    18.624992    19.073603    19.490954   0.52946655 -0.026058321   0.21482285 
    1030    126.90762   -23.934622  0.065616388   -23.869006   -134.45932    7141.4886    18.817923    19.271182    19.692856   0.53495117 -0.026328253   0.21704815 
    1040    136.82576   -23.939829  0.070744472   -23.869084   -102.25776    7362.7188    19.010266    19.468157    19.894141   0.54041902 -0.026597359   0.21926664 
    1050    79.610738   -23.913451  0.041161982   -23.872289   -62.130746    7587.4474    19.201744    19.664247    20.094522   0.54586232 -0.026865258   0.22147518 
    1060     113.6614   -23.940862  0.058767557   -23.882094   -5.3080541    7815.3681    19.392119    19.859207    20.293748   0.55127424 -0.027131612   0.22367098 
    1070    120.83408   -23.958994  0.062476122   -23.896518    41.011812    8046.5971    19.581511    20.053161    20.491946   0.55665824 -0.027396592   0.22585546 
    1080    111.54533    -23.96476  0.057673461   -23.907086    76.485581    8281.1528    19.769957    20.246146    20.689154   0.56201532 -0.027660247   0.22802901 
    1090    108.78086   -23.970305  0.056244119   -23.914061    104.62376    8518.7296    19.957236    20.437936    20.885141   0.56733926 -0.027922271   0.23018911 
    1100    57.252349    -23.94726  0.029601788   -23.917658    105.46603      8759.79    20.143736    20.628928    21.080311   0.57264102 -0.028183203   0.23234022 
    1110    88.400864   -23.970901  0.045706834   -23.925194    87.701502    9003.7733    20.329044      20.8187    21.274236   0.57790893  -0.02844247    0.2344776 
    1120    56.727366   -23.960775   0.02933035   -23.931444    62.722548    9250.2398    20.512871    21.006954    21.466609    0.5831347 -0.028699662   0.23659787 
    1130    92.670943   -23.985702  0.047914638   -23.937787    24.859293    9498.9807    20.695112    21.193585    21.657324   0.58831541 -0.028954637   0.23869986 
    1140    59.628037   -23.969913  0.030830115   -23.939083   -10.323416    9749.4639    20.875443    21.378259    21.846039    0.5934418 -0.029206938   0.24077982 
    1150    73.515025   -23.978046  0.038010251   -23.940036   -40.072171    10001.331    21.053682    21.560791    22.032565   0.59850873 -0.029456313   0.24283565 
    1160    55.175717   -23.966486  0.028528085   -23.937958   -64.656444     10254.34     21.22974    21.741091    22.216809   0.60351368 -0.029702638   0.24486633 
    1170    63.410903   -23.969683   0.03278601   -23.936897   -77.189636    10507.871    21.403282    21.918812     22.39842   0.60844707  -0.02994544   0.24686797 
    1180    65.596358   -23.969356  0.033915979    -23.93544   -73.677496     10761.56    21.574158    22.093805    22.577241   0.61330472 -0.030184515   0.24883889 
    1190    49.417658   -23.957221  0.025550935    -23.93167   -62.574585    11015.475    21.742519     22.26622     22.75343   0.61809083 -0.030420069   0.25078078 
    1200    83.573948   -23.969681  0.043211123   -23.926469   -42.011357     11269.58    21.908435    22.436133     22.92706   0.62280745 -0.030652203   0.25269448 
    1210    69.144435   -23.950043  0.035750479   -23.914293   -10.317995    11523.668    22.071865    22.603499    23.098088   0.62745339 -0.030880859   0.25457949 
    1220    142.59775   -23.972065  0.073728823   -23.898336    16.924937     11778.49    22.233371    22.768896    23.267104   0.63204466 -0.031106823   0.25644233 
    1230     128.5551   -23.948536  0.066468206   -23.882068    49.159373    12033.725    22.392821    22.932186    23.433967   0.63657744  -0.03132991   0.25828143 
    1240    168.78124   -23.952986  0.087266753   -23.865719    77.143646    12290.408    22.550918    23.094091    23.599415   0.64107178 -0.031551104   0.26010494 
    1250    113.18577   -23.908756  0.058521638   -23.850234    78.454532    12550.293    22.708759    23.255734    23.764595   0.64555886 -0.031771941   0.26192551 
    1260    156.54828   -23.923733  0.080941813   -23.842791    70.776801    12812.538    22.865841    23.416599     23.92898   0.65002433 -0.031991714    0.2637373 
    1270    164.68038   -23.936073  0.085146438   -23.850926    38.538022    13077.819    23.022575    23.577108    24.093001   0.65447993 -0.032211002   0.26554509 
    1280    158.86041   -23.941961  0.082137279   -23.859823   -10.743636    13345.575    23.178636    23.736929    24.256319   0.65891641 -0.032429348   0.26734512 
    1290     166.6363   -23.950868  0.086157727    -23.86471   -39.500818    13613.478    23.332708    23.894711    24.417554   0.66329632 -0.032644911    0.2691222 
    1300    93.352315   -23.917161  0.048266935   -23.868894   -63.873106    13881.784    23.484999     24.05067    24.576925    0.6676256 -0.032857981   0.27087874 
    1310    127.78037   -23.944054  0.066067638   -23.877986    -72.05721    14149.447    23.634982    24.204266    24.733882   0.67188927 -0.033067823   0.27260866 
    1320    86.410169   -23.931631  0.044677564   -23.886953   -59.700276    14415.673    23.782295    24.355127    24.888044   0.67607705 -0.033273929   0.27430779 
    1330    138.04992   -23.970497  0.071377412    -23.89912   -45.213232    14681.868    23.927788    24.504125    25.040302    0.6802131  -0.03347749   0.27598593 
    1340    93.573056   -23.958392  0.048381067   -23.910011   -17.987071    14947.635    24.071303    24.651097     25.19049   0.68429292 -0.033678283   0.27764125 
    1350    107.43325   -23.972534  0.055547348   -23.916987     12.53246    15214.141     24.21352    24.796739    25.339319   0.68833581 -0.033877259   0.27928159 
    1360    83.899333   -23.963345   0.04337936   -23.919965    34.510929    15482.639     24.35513     24.94176    25.487513   0.69236146 -0.034075386   0.28091494 
    1370    72.843802   -23.956028  0.037663202   -23.918365    54.448309      15753.1    24.496129    25.086155    25.635067   0.69636975 -0.034272658   0.28254124 
    1380    70.739021   -23.954717  0.036574944   -23.918142    62.122859    16026.766    24.637166    25.230589    25.782662   0.70037912 -0.034469984   0.28416798 
    1390    47.884492   -23.946393  0.024758226   -23.921635    53.797216    16304.687    24.778762    25.375596    25.930842   0.70440438 -0.034668092   0.28580116 
    1400    86.811897   -23.972954  0.044885274   -23.928069    39.564623    16586.543    24.920729    25.520983     26.07941   0.70844018 -0.034866719   0.28743863 
    1410    75.081733   -23.971123  0.038820303   -23.932303    18.342922    16872.842    25.063297    25.666984    26.228606   0.71249305 -0.035066186   0.28908302 
    1420    120.40646   -23.995719  0.062255026   -23.933464   -6.9908442    17163.549    25.206419    25.813553    26.378382   0.71656169 -0.035266429    0.2907338 
    1430    71.203576   -23.963683  0.036815138   -23.926868   -24.323878    17457.803     25.34965    25.960235    26.528273   0.72063345 -0.035466825   0.29238586 
    1440    81.384212   -23.962816   0.04207894   -23.920737   -40.428382    17756.557    25.493436    26.107484    26.678744   0.72472094 -0.035667996   0.29404429 
    1450    48.091295   -23.936164  0.024865151   -23.911299   -53.473705    18060.029    25.637849    26.255376    26.829872    0.7288263 -0.035870046   0.29570998 
    1460    76.375794   -23.942599  0.039489385    -23.90311   -56.352967    18367.575    25.782561    26.403573    26.981312   0.73294012 -0.036072513    0.2973791 
    1470    112.73634   -23.951193   0.05828926   -23.892903   -54.160257    18679.743    25.927805    26.552315    27.133309   0.73706908 -0.036275724   0.29905436 
    1480    140.66918   -23.954047  0.072731676   -23.881316   -44.778135    18996.387    26.073487    26.701507    27.285765    0.7412105 -0.036479549   0.30073468 
    1490    209.27218   -23.975398   0.10820221   -23.867196   -17.924182    19316.926    26.219322    26.850854     27.43838   0.74535624 -0.036683586   0.30241675 
    1500    133.75935   -23.914334  0.069159013   -23.845175    11.128377    19644.227    26.366578    27.001656    27.592482    0.7495424 -0.036889613   0.30411521 
    1510    194.34172    -23.92968   0.10048256   -23.829198    38.088895    19978.899    26.515468    27.154133    27.748295   0.75377502 -0.037097926   0.30583253 
    1520     127.7925   -23.887572  0.066073911   -23.821499    59.678458    20322.146    26.666456    27.308758    27.906303   0.75806726 -0.037309174   0.30757405 
    1530    207.13123   -23.943894   0.10709525   -23.836799    53.867843    20675.659    26.820193    27.466198    28.067189   0.76243767 -0.037524269   0.30934727 
    1540    155.18275   -23.935013  0.080235777   -23.854777    44.245139    21036.402    26.975278    27.625019    28.229484   0.76684638 -0.037741249   0.31113604 
    1550    203.33995   -23.973182   0.10513501   -23.868047    31.429274     21401.85    27.130589     27.78407    28.392016   0.77126152 -0.037958545   0.31292741 
    1560    144.12578   -23.946813  0.074518879   -23.872294    11.791952    21770.784    27.285598    27.942813    28.554232   0.77566807 -0.038175419    0.3147153 
    1570    105.35405   -23.929307  0.054472321   -23.874834 -0.041996454    22136.864    27.437686    28.098564    28.713391    0.7799916 -0.038388206   0.31646951 
    1580    98.397822   -23.933886  0.050875667   -23.883011   -12.427425     22498.21    27.586172    28.250626    28.868781   0.78421271 -0.038595953   0.31818216 
    1590    57.231418    -23.92163  0.029590966   -23.892039   -24.442657    22851.372    27.729766    28.397679    29.019052   0.78829477 -0.038796857   0.31983839 
    1600    107.77753   -23.959638  0.055725356   -23.903913   -28.569611    23192.775     27.86718    28.538403    29.162854   0.79220114 -0.038989113   0.32142334 
    1610    101.00848   -23.964334  0.052225483   -23.912108   -29.594671     23520.03    27.997639    28.672004    29.299379   0.79590979 -0.039171639   0.32292807 
    1620    150.76472   -23.997275   0.07795148   -23.919323   -26.967913    23829.826    28.120027    28.797341    29.427458   0.79938902 -0.039342874   0.32433971 
    1630    89.052273   -23.964699  0.046043639   -23.918656   -14.022226    24117.191    28.232609    28.912634    29.545275   0.80258948 -0.039500388   0.32563825 
    1640    99.848322   -23.967627  0.051625635   -23.916001   -1.1618766    24380.788    28.335096     29.01759    29.652526   0.80550295 -0.039643777   0.32682034 
    1650    46.414021   -23.933982  0.023997932   -23.909984    9.3559843    24618.098    28.426733    29.111434    29.748424   0.80810797 -0.039771987   0.32787729 
    1660    62.882885   -23.940065  0.032513003   -23.907552    18.297657    24825.965    28.506517     29.19314    29.831918   0.81037606 -0.039883613   0.32879753 
    1670     78.44297   -23.950064  0.040558199   -23.909506    18.924672    25002.373    28.573878    29.262123    29.902411   0.81229098 -0.039977859   0.32957448 
    1680    81.977114    -23.95679  0.042385495   -23.914404    13.502111    25144.194    28.627803    29.317347    29.958843   0.81382394 -0.040053305   0.33019645 
    1690    113.85634   -23.977702   0.05886835   -23.918834    8.4717215    25247.311    28.666884    29.357369    29.999741   0.81493493 -0.040107984   0.33064722 
    1700     105.9006   -23.973955  0.054754909     -23.9192   0.05435302    25310.317    28.690711     29.38177    30.024675   0.81561227  -0.04014132   0.33092204 
    1710    141.89799    -23.98776  0.073367018   -23.914393   -7.4225969    25329.587     28.69799    29.389225    30.032293   0.81581921 -0.040151504     0.331006 
    1720    80.862712   -23.945641  0.041809304   -23.903832   -9.3817568    25301.763    28.687478     29.37846    30.021293   0.81552038 -0.040136797   0.33088476 
    1730    104.42572   -23.946681  0.053992335   -23.892688   -11.823745    25225.875    28.658769    29.349058    29.991248   0.81470422 -0.040096629   0.33055362 
    1740    48.182943   -23.905509  0.024912537   -23.880597   -10.768944    25099.881    28.610976    29.300114    29.941233   0.81334558 -0.040029762   0.33000237 
    1750    113.36979   -23.930187  0.058616783    -23.87157   -6.2194389    24923.099    28.543647    29.231164    29.870774   0.81143158 -0.039935562   0.32922579 
    1760    158.40501   -23.943195  0.081901817   -23.861293   -2.0360848    24696.326    28.456811    29.142236    29.779901   0.80896303 -0.039814069   0.32822422 
    1770    216.23488   -23.962495   0.11180221   -23.850693     8.184738    24419.194    28.349967    29.032819    29.668089   0.80592569 -0.039664583   0.32699186 
    1780    240.02909   -23.950014   0.12410478   -23.825909    22.426955    24094.343    28.223691    28.903501    29.535942   0.80233595  -0.03948791   0.32553538 
    1790    168.44711   -23.892866  0.087093992   -23.805772    31.763398    23726.347    28.079265    28.755597    29.384801   0.79823025 -0.039285843   0.32386956 
    1800    198.53792   -23.902326   0.10265216   -23.799674    30.667159    23318.103    27.917285    28.589715     29.21529   0.79362552 -0.039059216   0.32200126 
    1810    151.69249   -23.888909  0.078431171   -23.810478    13.779005    22872.646    27.738369    28.406489    29.028054   0.78853933 -0.038808893   0.31993762 
    1820    237.52263   -23.955596   0.12280884   -23.832787   -13.487182    22388.841    27.541398    28.204774    28.821926    0.7829399 -0.038533311   0.31766573 
    1830    147.79764   -23.934187  0.076417376    -23.85777   -38.979224    21866.126    27.325371    27.983544    28.595854   0.77679873 -0.038231066   0.31517405 
    1840    162.52837   -23.959448  0.084033761   -23.875414   -55.138651    21304.088    27.089216      27.7417    28.348719   0.77008537  -0.03790066   0.31245021 
    1850    96.355877   -23.936191  0.049819898   -23.886371   -59.002487     20704.92     26.83284    27.479149    28.080423   0.76279718 -0.037541963   0.30949314 
    1860    93.210801    -23.94037  0.048193767   -23.892176   -52.351832    20071.915    26.556554    27.196208    27.791291   0.75494299  -0.03715541   0.30630642 
    1870    99.184593   -23.949452   0.05128246   -23.898169   -35.537769    19408.971    26.260901    26.893434    27.481892   0.74653825  -0.03674176   0.30289633 
    1880    86.252259   -23.946874  0.044595918   -23.902278   -11.652137    18721.104    25.946927    26.571898     27.15332   0.73761268 -0.036302478   0.29927491 
    1890    103.29172   -23.960451  0.053406012   -23.907045    15.620272    18013.583    25.615853    26.232849    26.806853   0.72820098  -0.03583927   0.29545627 
    1900    87.959181    -23.95649  0.045478466   -23.911011    45.274444    17291.589    25.268944    25.877584    26.443814   0.71833913 -0.035353908   0.29145497 
    1910    130.09373    -23.98131   0.06726374   -23.914046    68.917947    16561.082    24.907971    25.507917    26.066058    0.7080775 -0.034848869   0.28729147 
    1920    78.463824   -23.954813  0.040568981   -23.914244    84.674336    15827.132    24.534442    25.125392    25.675163   0.69745892 -0.034326263   0.28298315 
    1930    112.59082    -23.97263  0.058214025   -23.914416    90.043388     15094.75    24.150016    24.731706    25.272862   0.68653055  -0.03378841   0.27854913 
    1940     57.84815    -23.94248  0.029909841    -23.91257    78.712192    14368.912    23.756552    24.328764    24.861104   0.67534525 -0.033237913   0.27401087 
    1950    89.323641   -23.960621  0.046183947   -23.914437     50.37779    13653.724    23.355679    23.918235    24.441593   0.66394932 -0.032677049   0.26938715 
    1960    82.633267   -23.957218  0.042724752   -23.914494    11.633429     12952.65    22.948889    23.501647    24.015889    0.6523852 -0.032107907   0.26469519 
    1970    91.722751   -23.961556  0.047424385   -23.914132    -39.47835    12269.523    22.538137    23.081002     23.58604   0.64070845 -0.031533222   0.25995753 
    1980    85.791795   -23.954772  0.044357839   -23.910414    -91.42502    11607.107    22.125008    22.657922    23.153703   0.62896414 -0.030955212   0.25519245 
    1990     75.46892   -23.943899  0.039020494   -23.904879     -133.105    10967.967    21.711216    22.234164    22.720672   0.61720097 -0.030376273   0.25041973 
    2000    116.23149   -23.960538  0.060096399   -23.900442   -160.62362    10354.588    21.298698    21.811709    22.288973     0.605474 -0.029799117   0.24566169 
    2010    89.839863   -23.940628  0.046450855   -23.894177   -159.84819    9768.8282    20.889254    21.392404    21.860493   0.59383444 -0.029226262   0.24093912 
    2020      154.855   -23.970147  0.080066317   -23.890081    -127.4704    9212.5007    20.484937    20.978347    21.437377    0.5823406 -0.028660579   0.23627567 
    2030     97.85389   -23.930417  0.050594432   -23.879823   -67.329716     8687.204    20.087942    20.571791    21.021924   0.57105494 -0.028105143    0.2316967 
    2040    151.45064   -23.950229  0.078306128   -23.871923    6.5667902    8193.8695    19.700253    20.174763    20.616209    0.5600338 -0.027562724   0.22722504 
    2050    129.51573   -23.931026  0.066964889   -23.864061    93.818903    7732.7831    19.323571    19.789009    20.222014   0.54932559 -0.027035707   0.22288035 
    2060    192.91646   -23.962003  0.099745641   -23.862258    161.46275    7304.1942    18.959762    19.416437     19.84129   0.53898332   -0.0265267   0.21868413 
    2070     170.6715   -23.945851  0.088244094   -23.857607     204.4386    6907.6318    18.610234     19.05849    19.475511   0.52904703 -0.026037674   0.21465264 
    2080    147.15122   -23.924814  0.076083151    -23.84873    231.26153    6541.6809    18.275611    18.715806    19.125329   0.51953444   -0.0255695   0.21079305 
    2090    149.18771   -23.927203  0.077136101   -23.850066    206.03802    6205.2791    17.956811    18.389328    18.791707   0.51047169 -0.025123466   0.20711598 
    2100    115.06295   -23.915881  0.059492214   -23.856389    141.15798     5896.269    17.653651    18.078866    18.474452   0.50185353 -0.024699313    0.2036193 
    2110    166.10901    -23.95596  0.085885098   -23.870075    61.507203    5612.6076    17.365888    17.784172    18.173309   0.49367308 -0.024296703   0.20030021 
    2120    107.32767   -23.939501  0.055492762   -23.884008   -46.740977    5352.4642    17.093331     17.50505    17.888079   0.48592489 -0.023915367    0.1971565 
    2130    139.89082   -23.970254  0.072329232   -23.897925   -136.82899    5113.5666    16.835141    17.240641    17.617885   0.47858512 -0.023554131    0.1941785 
    2140    71.742257   -23.945716  0.037093658   -23.908623   -178.24231    4893.8313    16.590461    16.990067    17.361828   0.47162942 -0.023211798   0.19135633 
    2150    97.230114   -23.966756  0.050271915   -23.916484   -205.87235    4691.8584    16.359012    16.753044    17.119619   0.46504987 -0.022887978   0.18868678 
    2160    67.291991   -23.956191   0.03479269   -23.921398   -189.56725     4505.925    16.139996    16.528753     16.89042   0.45882373 -0.022581551   0.18616062 
    2170    70.059756   -23.961258  0.036223737   -23.925034   -139.03102    4334.6309    15.932826    16.316593    16.673617   0.45293436 -0.022291698    0.1837711 
    2180    64.221039   -23.960869  0.033204883   -23.927664   -82.335173    4176.7803    15.737026    16.116076    16.468713   0.44736819 -0.022017753   0.18151271 
    2190    64.259123   -23.964736  0.033224574   -23.931512   -3.5385776    4030.9935    15.551758    15.926345    16.274831   0.44210143 -0.021758543   0.17937581 
    2200    95.309023   -23.983853  0.049278633   -23.934575    82.084021    3896.2682    15.376532    15.746899    16.091458   0.43712016 -0.021513384   0.17735473 
    2210    71.340856   -23.971269  0.036886118   -23.934382    141.76969    3771.7248    15.210919    15.577297    15.918145   0.43241215 -0.021281674   0.17544453 
    2220    95.322932   -23.981797  0.049285824   -23.932511     187.0113    3656.3559     15.05422    15.416824    15.754161   0.42795757 -0.021062436   0.17363715 
    2230    46.227537   -23.950291  0.023901513    -23.92639    212.67105    3549.2313     14.90574    15.264768    15.598777   0.42373661 -0.020854697   0.17192457 
    2240    85.234744   -23.968483  0.044069821   -23.924413    179.82019    3449.7242    14.765117    15.120758    15.451616   0.41973902 -0.020657951   0.17030261 
    2250    65.408026   -23.952331  0.033818604   -23.918512    122.07341    3356.9034    14.631485    14.983906     15.31177   0.41594015 -0.020470985   0.16876127 
    2260    100.99617   -23.966783  0.052219118   -23.914564    23.930434    3270.2425    14.504478     14.85384    15.178858   0.41232963 -0.020293289   0.16729636 
    2270    86.684751    -23.95122  0.044819534   -23.906401   -118.14495    3189.0837    14.383484    14.729932    15.052239   0.40889004 -0.020124005    0.1659008 
    2280    96.586779    -23.94634  0.049939284     -23.8964     -236.973     3112.659    14.267656    14.611314    14.931026   0.40559731  -0.01996195   0.16456483 
    2290    119.89908   -23.950212  0.061992687   -23.888219   -328.67925    3040.4236    14.156421      14.4974    14.814619   0.40243516 -0.019806321   0.16328183 
    2300    124.94076   -23.941771   0.06459944   -23.877172   -380.31278    2971.9629    14.049361    14.387761    14.702581   0.39939168 -0.019656533   0.16204699 
    2310    190.43464      -23.967  0.098462435   -23.868538   -317.63706    2906.7378     13.94582    14.281726    14.594226   0.39644825 -0.019511668   0.16085274 
    2320    115.60136   -23.915066  0.059770596   -23.855295   -190.49273    2844.7349    13.845949    14.179449    14.489711   0.39360912 -0.019371937    0.1597008 
    2330    183.06346   -23.942845  0.094651235   -23.848194   -9.0612558    2785.6365    13.749395     14.08057    14.388668   0.39086433 -0.019236849   0.15858714 
    2340    112.96964   -23.902107  0.058409886   -23.843697     251.0591    2729.3215     13.65611    13.985038    14.291046   0.38821245 -0.019106333   0.15751119 
    2350    203.23959    -23.95329   0.10508312   -23.848207    414.90455    2675.8932    13.566413    13.893181    14.197179   0.38566256 -0.018980838   0.15647661 
    2360    157.29061    -23.93955  0.081325629   -23.858224    544.30076    2625.2035    13.480203    13.804894     14.10696   0.38321181 -0.018860221   0.15548225 
    2370    150.25229   -23.953392   0.07768653   -23.875705    577.58958    2577.1408     13.39743    13.720127    14.020339   0.38085875 -0.018744412   0.15452754 
    2380    98.240807   -23.951342  0.050794484   -23.900548    455.26275    2531.5864    13.318021    13.638806    13.937238   0.37860133 -0.018633311   0.15361162 
    2390    73.802861   -23.956227  0.038159074   -23.918068     309.5911     2487.811    13.240811    13.559736    13.856437   0.37640642 -0.018525286   0.15272107 
    2400    83.188965   -23.974649  0.043012071   -23.931637    124.80379    2445.5764    13.165455    13.482565    13.777578   0.37426421 -0.018419855   0.15185191 
    2410    53.460413   -23.965023  0.027641203   -23.937382   -91.037483    2404.6685    13.091634    13.406966    13.700325   0.37216566 -0.018316572   0.15100045 
    2420    67.445452   -23.976037  0.034872036   -23.941165   -275.26398    2364.8442     13.01896    13.332541    13.624272    0.3700997 -0.018214893   0.15016222 
    2430    31.361246   -23.957935  0.016215037    -23.94172   -422.04611    2325.9092    12.947116    13.258967    13.549087   0.36805733 -0.018114376   0.14933356 
    2440    66.833412   -23.977473  0.034555586   -23.942917   -532.25938    2287.7475    12.875916    13.186052    13.474577   0.36603329  -0.01801476   0.14851234 
    2450    52.602445   -23.969904  0.027197599   -23.942707   -531.07637     2250.127    12.804947    13.113374    13.400309    0.3640158 -0.017915467   0.14769377 
    2460    85.881854   -23.987565  0.044404403    -23.94316   -454.85199    2213.0888    12.734299    13.041024    13.326376   0.36200744 -0.017816623   0.14687891 
    2470    62.387907   -23.972511   0.03225708   -23.940254   -325.67748    2176.6148    12.663954    12.968984     13.25276   0.36000767 -0.017718202   0.14606753 
    2480    75.054734   -23.974651  0.038806343   -23.935844   -107.53815    2140.5959     12.59371    12.897048     13.17925   0.35801079 -0.017619923   0.14525733 
    2490    71.569086   -23.963013  0.037004122   -23.926009    145.53944    2105.0529    12.523617    12.825268    13.105898   0.35601823 -0.017521857   0.14444888 
    2500    69.655669   -23.952626  0.036014807   -23.916611    354.05324    2070.0978     12.45391    12.753882    13.032951   0.35403662  -0.01742433   0.14364487 
    2510    99.149051   -23.959218  0.051264083   -23.907954    530.05835    2035.7187    12.384582    12.682884    12.960399   0.35206578 -0.017327332   0.14284523 
    2520    73.745658   -23.940917  0.038129498   -23.902787    590.93376    2002.0423    12.315911    12.612558    12.888535   0.35011359 -0.017231253   0.14205317 
    2530     140.9607   -23.970046  0.072882404   -23.897164    494.58215    1969.0648    12.247914    12.542923    12.817376   0.34818059 -0.017136118   0.14126888 
    2540    96.089903   -23.933482  0.049682379   -23.883799    393.10024    1936.5627     12.18015    12.473527    12.746462   0.34625422  -0.01704131   0.14048729 
    2550    161.24316   -23.962124  0.083369258   -23.878755    193.18714    1904.5783    12.112721    12.404475    12.675898   0.34433738  -0.01694697   0.13970956 
    2560    97.699975   -23.921701  0.050514852   -23.871186   -54.205724    1873.0504    12.045512    12.335646    12.605564   0.34242677 -0.016852937   0.13893436 
    2570    149.48793   -23.949354  0.077291325   -23.872063   -238.69336    1841.7585    11.978056    12.266566    12.534972   0.34050915 -0.016758559   0.13815631 
    2580     137.0057   -23.942503  0.070837505   -23.871665   -426.66203    1810.7625     11.91048    12.197362    12.464254   0.33858812 -0.016664014   0.13737689 
    2590    149.02482    -23.95132   0.07705188   -23.874268    -471.6052    1779.8629    11.842343    12.127584    12.392948   0.33665113 -0.016568682   0.13659098 
    2600    142.84485   -23.947914  0.073856586   -23.874057    -331.3654    1749.0485    11.773603    12.057188    12.321013   0.33469702 -0.016472508   0.13579813 
    2610    88.265543   -23.919226  0.045636868   -23.873589   -216.25297    1718.4998    11.704655    11.986579    12.248859   0.33273697 -0.016376042   0.13500287 
    2620    113.28491   -23.940697  0.058572895   -23.882124    -51.74132    1688.1641    11.635374    11.915629    12.176356   0.33076746  -0.01627911   0.13420377 
    2630    78.288075   -23.935993  0.040478112   -23.895515    103.74587    1658.0696    11.565818    11.844399    12.103567   0.32879016 -0.016181795   0.13340151 
    2640    145.12848   -23.988475  0.075037314   -23.913438    166.73149    1628.2405    11.496041     11.77294    12.030545   0.32680654 -0.016084169   0.13259669 
    2650    89.979697   -23.968149  0.046523155   -23.921626    289.09071     1598.553    11.425743    11.700949    11.956979   0.32480814 -0.015985815   0.13178587 
    2660     103.4238   -23.981103  0.053474302   -23.927629    348.75914    1569.0925    11.355117    11.628623     11.88307   0.32280041 -0.015887003   0.13097126 
    2670    52.449046   -23.959036  0.027118285   -23.931917    305.04888    1539.8729    11.284191    11.555987    11.808845   0.32078411 -0.015787768   0.13015318 
    2680    53.556029   -23.965207   0.02769064   -23.937517    235.72709    1510.7747    11.212661    11.482735    11.733989   0.31875068 -0.015687691   0.12932815 
    2690    57.071562   -23.972722  0.029508313   -23.943214    106.21082    1481.7783    11.140462    11.408796    11.658433   0.31669823 -0.015586677    0.1284954 
    2700    50.080397     -23.9714  0.025893597   -23.945506   -73.740352    1452.8544    11.067499    11.334076    11.582078   0.31462405 -0.015484594   0.12765383 
    2710    62.052557   -23.978507   0.03208369   -23.946423    -216.4605    1423.9267    10.993551    11.258347    11.504692   0.31252189 -0.015381133   0.12680091 
    2720    40.437188   -23.965989  0.020907667   -23.945081   -336.61003    1394.9845    10.918557    11.181547    11.426211   0.31038997 -0.015276209   0.12593592 
    2730    71.382782   -23.981125  0.036907795   -23.944217   -433.89426    1366.0033    10.842415    11.103571    11.346529   0.30822543 -0.015169678   0.12505769 
    2740    46.280793   -23.966164  0.023929048   -23.942235   -417.15212    1336.9103    10.764889    11.024177    11.265398   0.30602153  -0.01506121   0.12416349 
    2750    82.330189   -23.983813  0.042568049   -23.941245   -349.99547     1307.754    10.686056    10.943446    11.182901   0.30378051 -0.014950916   0.12325423 
    2760    52.073473   -23.964727  0.026924099   -23.937803   -228.14065    1278.5425    10.605891     10.86135    11.099008    0.3015016 -0.014838757    0.1223296 
    2770    76.187824   -23.974429  0.039392197   -23.935036   -24.439917    1249.2668    10.524315    10.777809    11.013639   0.29918257 -0.014724623   0.12138869 
    2780    65.775475   -23.964422   0.03400859   -23.930413    196.60811    1219.9724    10.441401    10.692898     10.92687   0.29682551 -0.014608618   0.12043235 
    2790    85.739269   -23.973195  0.044330681   -23.928865    390.02685    1190.6847    10.357169    10.606637    10.838721   0.29443097 -0.014490767    0.1194608 
    2800     90.59963    -23.97346  0.046843685   -23.926616    557.03253    1161.4377    10.271663    10.519071     10.74924   0.29200023 -0.014371136   0.11847457 
    2810    63.942751   -23.953911  0.033060997    -23.92085    615.64736    1132.2625    10.184925    10.430244    10.658469   0.28953446  -0.01424978   0.11747412 
    2820    93.170654   -23.962934  0.048173009   -23.914761    555.30279    1103.1644    10.096919    10.340118    10.566371   0.28703265  -0.01412665   0.11645905 
    2830    60.100544   -23.937262   0.03107442   -23.906187    422.88267    1074.1014     10.00746    10.248505    10.472754   0.28448955 -0.014001489   0.11542723 
    2840    128.47284   -23.971368  0.066425669   -23.904942     101.7171    1045.1305    9.9166646    10.155522    10.377736   0.28190843 -0.013874456   0.11437998 
    2850    94.175419   -23.949215  0.048692513   -23.900522   -244.74739    1016.1673    9.8241998    10.060831    10.280973   0.27927987 -0.013745088   0.11331348 
    2860    138.75058   -23.967507  0.071739683   -23.895767   -582.72244    987.22014    9.7300137    9.9643758    10.182407   0.27660237 -0.013613312   0.11222712 
    2870    94.681481   -23.932901  0.048954168   -23.883947   -892.88236    958.27659      9.63398     9.866029    10.081908   0.27387235  -0.01347895   0.11111946 
    2880    126.09455   -23.940332     0.065196   -23.875136   -927.87751    929.28224    9.5358189    9.7655035    9.9791834   0.27108185 -0.013341613   0.10998726 
    2890    117.16478   -23.929705  0.060578948   -23.869126    -768.9908    900.25171    9.4354677    9.6627352    9.8741665   0.26822909 -0.013201211    0.1088298 
    2900    126.76703   -23.935868  0.065543701   -23.870324   -512.41518    871.23117     9.332971    9.5577697    9.7669042   0.26531534 -0.013057807   0.10764759 
    2910    175.57407   -23.965589  0.090778919    -23.87481    22.201322    842.22727    9.2282329    9.4505089    9.6572963   0.26233787 -0.012911268   0.10643953 
    2920    130.82189    -23.94419  0.067640228    -23.87655    529.05267     813.3691    9.1216066    9.3413143    9.5457124   0.25930672 -0.012762086   0.10520969 
    2930    169.17827   -23.967204  0.087472032   -23.879732    950.72082    784.66377    9.0130127    9.2301047    9.4320695   0.25621964 -0.012610152   0.10395715 
    2940    83.139842   -23.920866  0.042986672   -23.877879    1400.5019    756.09907    8.9022889     9.116714    9.3161976   0.25307202 -0.012455238   0.10268005 
    2950    113.11463   -23.947444  0.058484852   -23.888959    1307.1197    727.75998    8.7896484    9.0013604      9.19832    0.2498699 -0.012297642   0.10138084 
    2960    50.140443   -23.932064  0.025924644   -23.906139    844.37356    699.59769    8.6747754    8.8837204     9.078106   0.24660432 -0.012136922   0.10005588 
    2970    96.127373   -23.976126  0.049701753   -23.926425    222.83896    671.52575    8.5571604    8.7632725    8.9550225   0.24326079 -0.011972367  0.098699297 
    2980    81.725133   -23.982151   0.04225521   -23.939896   -497.00244    643.49564     8.436403    8.6396065    8.8286506   0.23982793 -0.011803414  0.097306467 
    2990    82.557035   -23.987129  0.042685337   -23.944444   -1108.1191     615.4388    8.3119656    8.5121719    8.6984275   0.23629046 -0.011629313  0.095871192 
    3000    71.925611   -23.983311   0.03718846   -23.946122   -1466.7205     587.3172    8.1833857    8.3804949    8.5638693   0.23263522 -0.011449417  0.094388135 
Loop time of 36.5413 on 1 procs for 3000 steps with 5 atoms

Performance: 14.187 ns/day, 1.692 hours/ns, 82.099 timesteps/s
282.8% CPU use with 1 MPI tasks x no OpenMP threads

MPI task timing breakdown:
Section |  min time  |  avg time  |  max time  |%varavg| %total
---------------------------------------------------------------
Pair    | 35.833     | 35.833     | 35.833     |   0.0 | 98.06
Neigh   | 0.0016785  | 0.0016785  | 0.0016785  |   0.0 |  0.00
Comm    | 0.0065625  | 0.0065625  | 0.0065625  |   0.0 |  0.02
Output  | 0.65698    | 0.65698    | 0.65698    |   0.0 |  1.80
Modify  | 0.035056   | 0.035056   | 0.035056   |   0.0 |  0.10
Other   |            | 0.007751   |            |       |  0.02

Nlocal:    5 ave 5 max 5 min
Histogram: 1 0 0 0 0 0 0 0 0 0
Nghost:    130 ave 130 max 130 min
Histogram: 1 0 0 0 0 0 0 0 0 0
Neighs:    0 ave 0 max 0 min
Histogram: 1 0 0 0 0 0 0 0 0 0

Total # of neighbors = 0
Ave neighs/atom = 0
Neighbor list builds = 184
Dangerous builds = 29
Total wall time: 0:00:40
