2019-06-24 12:43:45.281474: I tensorflow/core/platform/cpu_feature_guard.cc:140] Your CPU supports instructions that this TensorFlow binary was not compiled to use: AVX512F
2019-06-24 12:43:47.336849: E tensorflow/stream_executor/cuda/cuda_driver.cc:406] failed call to cuInit: CUDA_ERROR_NO_DEVICE
2019-06-24 12:43:47.336960: I tensorflow/stream_executor/cuda/cuda_diagnostics.cc:158] retrieving CUDA diagnostic information for host: SR760-GPU-7
2019-06-24 12:43:47.336988: I tensorflow/stream_executor/cuda/cuda_diagnostics.cc:165] hostname: SR760-GPU-7
2019-06-24 12:43:47.337095: I tensorflow/stream_executor/cuda/cuda_diagnostics.cc:189] libcuda reported version is: 410.48.0
2019-06-24 12:43:47.337207: I tensorflow/stream_executor/cuda/cuda_diagnostics.cc:193] kernel reported version is: 410.48.0
2019-06-24 12:43:47.337229: I tensorflow/stream_executor/cuda/cuda_diagnostics.cc:300] kernel version seems to match DSO: 410.48.0
>>> Info of lammps module:
  use deepmd-kit at:  /sharedext4/local/deepmd-kit-0.12.4
  source:             v0.12.4-1-ge3cd911-dirty
  source branch:      master
  source commit:      e3cd911
  source commit at:   2019-02-07 10:22:13 +0800
  build float prec:   double
  build with tf inc:  /sharedext4/local/tensorflow/r1.8.gpu.cc/include
  build with tf lib:  /sharedext4/local/tensorflow/r1.8.gpu.cc/lib/libtensorflow_cc.so;/sharedext4/local/tensorflow/r1.8.gpu.cc/lib/libtensorflow_framework.so
  >>> Info of model(s):
  using   4 model(s): ../graph.002.pb ../graph.003.pb ../graph.000.pb ../graph.001.pb 
  rcut in model:      5
  ntypes in model:    2
Neighbor list info ...
  update every 1 steps, delay 10 steps, check yes
  max neighbors/atom: 2000, page size: 100000
  master list distance cutoff = 6
  ghost atom cutoff = 6
  binsize = 3, bins = 4 4 4
  1 neighbor lists, perpetual/occasional/extra = 1 0 0
  (1) pair deepmd, perpetual
      attributes: , newton on
      pair build: full/bin/atomonly
      stencil: full/bin/3d
      bin: standard
Setting up Verlet run ...
  Unit style    : metal
  Current step  : 0
  Time step     : 0.002
Per MPI rank memory allocation (min/avg/max) = 3.949 | 3.949 | 3.949 Mbytes
Step Temp PotEng KinEng TotEng Press Volume Lx Ly Lz Xy Xz Yz 
       0          100   -23.997931  0.051704058   -23.946227   -361.67516    1005.7608    9.9338884    9.9580766    10.167168    0.1562563   -0.2769184 0.00070692186 
      10    76.602495   -23.983611  0.039606598   -23.944005   -574.05542    1008.9753    9.9444601    9.9686741    10.177988   0.15642259   -0.2772131 0.00070767417 
      20    66.595081   -23.976773  0.034432359    -23.94234   -658.53735    1012.4651    9.9559121     9.980154    10.189709   0.15660273  -0.27753234 0.00070848913 
      30    80.404613   -23.982437  0.041572448   -23.940864   -607.11507    1016.2117    9.9681776    9.9924493    10.202262   0.15679566  -0.27787425 0.00070936197 
      40    89.942338   -23.986441  0.046503839   -23.939937   -427.72371    1020.2628    9.9814058     10.00571    10.215801   0.15700373    -0.278243 0.00071030333 
      50    105.97658   -23.993719   0.05479419   -23.938925   -148.23952    1024.6828    9.9957992    10.020138    10.230532   0.15723013  -0.27864423 0.0007113276 
      60     103.6722   -23.988678  0.053602732   -23.935076    180.52341    1029.5271    10.011526    10.035904    10.246629   0.15747751  -0.27908264 0.00071244678 
      70    123.16592   -23.992356  0.063681776   -23.928675     506.2676    1034.8999    10.028912    10.053331    10.264423   0.15775098  -0.27956729 0.00071368398 
      80    138.00906    -23.98919  0.071356283   -23.917833    746.69345    1040.9264    10.048341    10.072808    10.284308    0.1580566   -0.2801089 0.00071506663 
      90    132.64248   -23.972628  0.068581544   -23.904046    825.16101    1047.7776    10.070338    10.094859    10.306822   0.15840261   -0.2807221 0.00071663201 
     100     152.3223   -23.969968  0.078756808   -23.891211    689.17497    1055.6493    10.095494    10.120076    10.332569    0.1587983  -0.28142335 0.00071842216 
     110    195.50642   -23.983151   0.10108475   -23.882067    360.75443    1064.6557    10.124123    10.148775     10.36187   0.15924862  -0.28222141 0.00072045948 
     120    233.46844   -23.997499   0.12071266   -23.876786   -121.61084    1075.0342    10.156915    10.181646    10.395431   0.15976442  -0.28313551 0.00072279299 
     130    204.93237   -23.980239   0.10595835   -23.874281    -599.7634    1086.8899    10.194116    10.218937    10.433506   0.16034957  -0.28417253 0.00072544031 
     140    185.17032   -23.973956  0.095740572   -23.878216   -889.32135    1100.1228     10.23532    10.260242    10.475678    0.1609977  -0.28532114 0.00072837252 
     150    162.19902   -23.976691  0.083863473   -23.892827   -954.10995    1114.7699    10.280544    10.305577    10.521964   0.16170907  -0.28658183 0.00073159082 
     160     113.8221   -23.971199  0.058850645   -23.912348   -794.53714     1130.717    10.329334    10.354485      10.5719   0.16247652  -0.28794191 0.00073506285 
     170    94.881807   -23.980868  0.049057744   -23.931811   -485.17579    1147.8825    10.381342     10.40662    10.625129   0.16329458  -0.28939169 0.00073876387 
     180    80.872939   -23.987473  0.041814591   -23.945659   -131.40583    1166.2631     10.43646    10.461872    10.681541   0.16416156  -0.29092816 0.0007426862 
     190    77.768341   -23.993429  0.040209388    -23.95322    213.43209    1185.8713    10.494624    10.520178    10.741071   0.16507646  -0.29254954 0.0007468253 
     200     77.46393   -23.997335  0.040051995   -23.957283    491.97286    1206.8173    10.556053    10.581756    10.803942   0.16604271  -0.29426193 0.00075119671 
     210    58.105593   -23.988501   0.03004295   -23.958458    661.29735    1229.2375    10.621022    10.646883    10.870437   0.16706465  -0.29607302 0.0007558201 
     220    66.348186   -23.992898  0.034304705   -23.958594    703.85205    1253.2641    10.689775    10.715804    10.940805   0.16814611   -0.2979896 0.00076071276 
     230    71.278903    -23.99457  0.036854085   -23.957716     622.6913      1279.09    10.762704    10.788911    11.015447   0.16929326  -0.30002258 0.00076590259 
     240    66.076567   -23.990722  0.034164267   -23.956558     417.7885    1306.9309    10.840232    10.866627    11.094795   0.17051274  -0.30218375 0.00077141967 
     250    73.664398   -23.992427  0.038087483   -23.954339    135.26718    1336.9867    10.922702    10.949297    11.179201   0.17180996  -0.30448269 0.00077728843 
     260    72.499885   -23.988015  0.037485383   -23.950529   -165.10406    1369.5118    11.010566    11.037375    11.269129   0.17319203    -0.306932 0.00078354107 
     270    83.007229   -23.988621  0.042918106   -23.945703   -444.63742    1404.8079    11.104355    11.131393    11.365121    0.1746673  -0.30954649 0.00079021539 
     280    82.716706   -23.982338  0.042767893    -23.93957   -636.72505    1443.2296    11.204681    11.231964    11.467803   0.17624539  -0.31234319 0.00079735486 
     290    81.252143   -23.975523  0.042010655   -23.933513   -702.88163    1485.2348    11.312348    11.339892    11.577998   0.17793894  -0.31534451 0.00080501668 
     300    117.13986    -23.98896  0.060566062   -23.928393   -638.70231    1531.3383    11.428207    11.456033    11.696577   0.17976136  -0.31857421 0.00081326151 
Loop time of 5.52076 on 1 procs for 300 steps with 5 atoms

Performance: 9.390 ns/day, 2.556 hours/ns, 54.340 timesteps/s
357.6% CPU use with 1 MPI tasks x no OpenMP threads

MPI task timing breakdown:
Section |  min time  |  avg time  |  max time  |%varavg| %total
---------------------------------------------------------------
Pair    | 5.4709     | 5.4709     | 5.4709     |   0.0 | 99.10
Neigh   | 0.00040627 | 0.00040627 | 0.00040627 |   0.0 |  0.01
Comm    | 0.0014074  | 0.0014074  | 0.0014074  |   0.0 |  0.03
Output  | 0.041683   | 0.041683   | 0.041683   |   0.0 |  0.76
Modify  | 0.0045552  | 0.0045552  | 0.0045552  |   0.0 |  0.08
Other   |            | 0.001824   |            |       |  0.03

Nlocal:    5 ave 5 max 5 min
Histogram: 1 0 0 0 0 0 0 0 0 0
Nghost:    43 ave 43 max 43 min
Histogram: 1 0 0 0 0 0 0 0 0 0
Neighs:    0 ave 0 max 0 min
Histogram: 1 0 0 0 0 0 0 0 0 0

Total # of neighbors = 0
Ave neighs/atom = 0
Neighbor list builds = 23
Dangerous builds = 5
Total wall time: 0:00:09
