2019-06-24 13:10:38.494051: I tensorflow/core/platform/cpu_feature_guard.cc:140] Your CPU supports instructions that this TensorFlow binary was not compiled to use: AVX512F
2019-06-24 13:10:39.233083: E tensorflow/stream_executor/cuda/cuda_driver.cc:406] failed call to cuInit: CUDA_ERROR_NO_DEVICE
2019-06-24 13:10:39.233198: I tensorflow/stream_executor/cuda/cuda_diagnostics.cc:158] retrieving CUDA diagnostic information for host: SR760-GPU-7
2019-06-24 13:10:39.233231: I tensorflow/stream_executor/cuda/cuda_diagnostics.cc:165] hostname: SR760-GPU-7
2019-06-24 13:10:39.233352: I tensorflow/stream_executor/cuda/cuda_diagnostics.cc:189] libcuda reported version is: 410.48.0
2019-06-24 13:10:39.233472: I tensorflow/stream_executor/cuda/cuda_diagnostics.cc:193] kernel reported version is: 410.48.0
2019-06-24 13:10:39.233493: I tensorflow/stream_executor/cuda/cuda_diagnostics.cc:300] kernel version seems to match DSO: 410.48.0
>>> Info of lammps module:
  use deepmd-kit at:  /sharedext4/local/deepmd-kit-0.12.4
  source:             v0.12.4-1-ge3cd911-dirty
  source branch:      master
  source commit:      e3cd911
  source commit at:   2019-02-07 10:22:13 +0800
  build float prec:   double
  build with tf inc:  /sharedext4/local/tensorflow/r1.8.gpu.cc/include
  build with tf lib:  /sharedext4/local/tensorflow/r1.8.gpu.cc/lib/libtensorflow_cc.so;/sharedext4/local/tensorflow/r1.8.gpu.cc/lib/libtensorflow_framework.so
  >>> Info of model(s):
  using   4 model(s): ../graph.002.pb ../graph.003.pb ../graph.000.pb ../graph.001.pb 
  rcut in model:      5
  ntypes in model:    2
Neighbor list info ...
  update every 1 steps, delay 10 steps, check yes
  max neighbors/atom: 2000, page size: 100000
  master list distance cutoff = 6
  ghost atom cutoff = 6
  binsize = 3, bins = 4 4 4
  1 neighbor lists, perpetual/occasional/extra = 1 0 0
  (1) pair deepmd, perpetual
      attributes: , newton on
      pair build: full/bin/atomonly
      stencil: full/bin/3d
      bin: standard
Setting up Verlet run ...
  Unit style    : metal
  Current step  : 0
  Time step     : 0.002
Per MPI rank memory allocation (min/avg/max) = 3.949 | 3.949 | 3.949 Mbytes
Step Temp PotEng KinEng TotEng Press Volume Lx Ly Lz Xy Xz Yz 
       0          100   -23.991806  0.051704058   -23.940102   -494.36316    1019.5854    10.143135    10.097331     9.955081   -0.0732233    0.0036644   -0.2189468 
      10    39.079374   -23.955817  0.020205622   -23.935611   -85.762518    1015.0111    10.127943    10.082208     9.940171 -0.073113631 0.0036589117  -0.21861888 
      20    56.145029   -23.960497  0.029029258   -23.931468    316.45298    1010.3125    10.112292    10.066627    9.9248093  -0.07300064 0.0036532572  -0.21828102 
      30    33.039449   -23.943369  0.017082736   -23.926286    648.21848    1005.5113    10.096248    10.050655    9.9090628 -0.072884819  0.003647461   -0.2179347 
      40     88.92929   -23.970878  0.045980052   -23.924898    854.08472    1000.6328    10.079893    10.034374    9.8930112 -0.072766754 0.0036415525  -0.21758167 
      50    98.192256   -23.974304  0.050769381   -23.923535    898.01292    995.70322    10.063313    10.017869    9.8767388 -0.072647064 0.0036355627  -0.21722378 
      60    101.32298   -23.968632  0.052388093   -23.916244    779.49089    990.72352    10.046509    10.001141    9.8602461 -0.072525754 0.0036294919  -0.21686105 
      70    101.92201   -23.955005  0.052697816   -23.902308    589.90585    985.65457    10.029345    9.9840553     9.843401 -0.072401852 0.0036232913  -0.21649057 
      80    71.133582   -23.922159  0.036778949    -23.88538    360.80898    980.46204    10.011703     9.966492    9.8260852 -0.072274488 0.0036169175  -0.21610973 
      90    146.06425    -23.94841  0.075521143   -23.872889    7.2843117    975.16265    9.9936322    9.9485033    9.8083499 -0.072144038 0.0036103892  -0.21571967 
     100    110.23371   -23.923568  0.056995299   -23.866573   -372.67471    969.70637    9.9749584    9.9299138    9.7900223 -0.072009232  0.003603643  -0.21531659 
     110    173.88179   -23.956447  0.089903941   -23.866543   -673.14225    964.05874    9.9555557    9.9105988    9.7709793 -0.071869164 0.0035966334  -0.21489777 
     120    106.99844   -23.923423  0.055322538     -23.8681   -747.99284     958.1711    9.9352477    9.8903824    9.7510478  -0.07172256 0.0035892967   -0.2144594 
     130    149.41548   -23.938651  0.077253867   -23.861397   -569.31995    952.08161    9.9141557    9.8693857    9.7303468 -0.071570297 0.0035816768  -0.21400412 
     140     101.9235   -23.906386  0.052698586   -23.853687   -409.51534    945.84583    9.8924636    9.8477915    9.7090569 -0.071413702 0.0035738402  -0.21353588 
     150    129.38807   -23.927325  0.066898881   -23.860426   -460.77725     939.5293    9.8703931    9.8258208    9.6873957 -0.071254376 0.0035658668  -0.21305947 
     160     129.4405   -23.942801  0.066925992   -23.875875   -517.95119    933.05058     9.847653    9.8031833    9.6650772 -0.071090215 0.0035576515  -0.21256861 
     170    116.13077   -23.942905  0.060044322    -23.88286   -486.25431    926.36756    9.8240852     9.779722    9.6419463 -0.070920079 0.0035491372  -0.21205988 
     180    137.04652   -23.953955  0.070858612   -23.883097   -307.81322    919.45388    9.7995844    9.7553318    9.6178998 -0.070743207 0.0035402858  -0.21153101 
     190    89.282648   -23.926847  0.046162752   -23.880684    10.258784    912.26753    9.7739868    9.7298498    9.5927767 -0.070558418 0.0035310382  -0.21097847 
     200    121.51652   -23.948001  0.062828973   -23.885172    232.23941    904.88194     9.747539    9.7035214    9.5668193 -0.070367491 0.0035214834  -0.21040758 
     210    62.019444   -23.925022  0.032066569   -23.892956    444.21179     897.2267    9.7199733    9.6760802    9.5397646 -0.070168495 0.0035115248  -0.20981255 
     220    119.16974   -23.966134  0.061615589   -23.904518    585.90054     889.3221    9.6913446    9.6475808    9.5116667 -0.069961824 0.0035011821  -0.20919458 
     230    93.434764   -23.958816  0.048309565   -23.910506    635.31593    881.13943    9.6615296    9.6179004    9.4824045 -0.069746589 0.0034904109    -0.208551 
     240    133.34496   -23.980636  0.068944753   -23.911691    693.92046    872.63478     9.630345    9.5868567    9.4517981 -0.069521468 0.0034791449  -0.20787786 
     250    100.25059   -23.961565  0.051833623   -23.909732    674.21092     863.7844    9.5976769    9.5543361    9.4197357 -0.069285637 0.0034673429   -0.2071727 
     260    56.341145   -23.937128  0.029130658   -23.907997    486.32136    854.57119    9.5634316    9.5202454    9.3861253  -0.06903842 0.0034549711  -0.20643349 
     270    56.488712   -23.941173  0.029206956   -23.911966    257.91566    844.90701    9.5272446    9.4842218    9.3506091 -0.068777186 0.0034418979  -0.20565236 
     280    56.224544   -23.946697  0.029070371   -23.917627   -63.811948    834.75894    9.4889473    9.4460975    9.3130219 -0.068500718 0.0034280623  -0.20482569 
     290    127.62619   -23.990463  0.065987919   -23.924475   -440.50008    824.05316    9.4482074    9.4055415    9.2730373 -0.068206616 0.0034133442  -0.20394629 
     300    95.928564   -23.976344   0.04959896   -23.926745   -600.82661    812.68587    9.4045621    9.3620933    9.2302012 -0.067891541 0.0033975765  -0.20300418 
     310    99.316564   -23.977073  0.051350694   -23.925722   -680.20283     800.6344    9.3578431    9.3155852    9.1843483 -0.067554276 0.0033806983  -0.20199571 
     320    37.549684   -23.940953  0.019414711   -23.921538   -695.29254    787.84481     9.307747    9.2657154     9.135181 -0.067192632 0.0033626002  -0.20091435 
     330    58.785529   -23.949674  0.030394504    -23.91928   -555.54661    774.23922    9.2538559    9.2120676     9.082289 -0.066803593  0.003343131  -0.19975107 
     340    62.659382   -23.950711  0.032397443   -23.918314   -445.09105    759.78532    9.1959085    9.1543819     9.025416  -0.06638527 0.0033221964  -0.19850024 
     350    91.264976     -23.9693  0.047187696   -23.922113   -397.53768    744.44394    9.1335934    9.0923483    8.9642562 -0.065935418 0.0032996839  -0.19715512 
     360    82.063682   -23.965104  0.042430254   -23.922673   -187.87583    728.12339    9.0663539    9.0254124    8.8982634 -0.065450016 0.0032753924  -0.19570371 
     370    80.289361   -23.964085  0.041512858   -23.922572    -33.34767    710.82421    8.9939764    8.9533618    8.8272278 -0.064927523 0.0032492446  -0.19414139 
     380    112.33833   -23.973906  0.058083474   -23.915822    131.59593    692.49043    8.9159769    8.8757144    8.7506743 -0.064364444 0.0032210658  -0.19245772 
     390    86.151305   -23.948753  0.044543721    -23.90421    519.78361    673.07039    8.8318395     8.791957    8.6680969 -0.063757056 0.0031906696  -0.19064155 
     400    122.11956   -23.956685  0.063140769   -23.893545    750.85024    652.61106      8.74143    8.7019558    8.5793636  -0.06310439 0.0031580074     -0.18869 
     410    50.908879   -23.908487  0.026321957   -23.882165    888.77469    631.14463    8.6445152    8.6054786    8.4842455 -0.062404761 0.0031229951  -0.18659802 
     420    106.17784   -23.935968  0.054898251   -23.881069    1014.1774    608.70409    8.5408235    8.5022552    8.3824763 -0.061656211 0.0030855345  -0.18435976 
     430    121.34537   -23.942724   0.06274048   -23.879983    802.76362     585.4396    8.4305978    8.3925273    8.2742942 -0.060860492 0.0030457134  -0.18198046 
     440    212.45399   -23.988709   0.10984734   -23.878862    625.47493    561.40607    8.3136176    8.2760752    8.1594828 -0.060016011 0.0030034521  -0.17945536 
     450    155.37915   -23.941776  0.080337327   -23.861438    627.01932    536.78268    8.1902503    8.1532651    8.0384027 -0.059125423 0.0029588833  -0.17679239 
     460    89.242886    -23.89643  0.046142194   -23.850287    44.346621     511.7803    8.0610608    8.0246589    7.9116084 -0.058192804 0.0029122112  -0.17400374 
     470    92.408577   -23.897692  0.047778984   -23.849913   -710.23268     486.5634    7.9264274    7.8906335    7.7794711 -0.057220885 0.0028635723  -0.17109758 
     480    97.603293    -23.91046  0.050464863   -23.859996   -1815.1058    461.32896    7.7869595    7.7517954    7.6425889 -0.056214066 0.0028131868  -0.16808707 
     490    198.81473   -23.965443   0.10279528   -23.862648   -2899.8833    436.27752    7.6433771    7.6088614    7.5016686 -0.055177545  0.002761315  -0.16498774 
     500    135.87581   -23.935535  0.070253307   -23.865281   -2948.9626    411.56431    7.4962416    7.4623904     7.357261 -0.054115374 0.0027081595  -0.16181172 
     510    132.87903   -23.943507  0.068703849   -23.874803   -2532.3422     387.4388    7.3468084    7.3136319    7.2105983 -0.053036615 0.0026541739  -0.15858609 
     520    62.421108   -23.916817  0.032274246   -23.884542   -1389.5691    364.08061    7.1960945    7.1635987    7.0626787 -0.051948612 0.0025997257  -0.15533283 
     530    130.34868    -23.96732  0.067395555   -23.899925    298.44312    341.66809    7.0452945    7.0134796    6.9146745 -0.050859986 0.0025452463   -0.1520777 
     540    109.00798   -23.966367  0.056361549   -23.910006    1917.5121    320.35265    6.8956273    6.8644883    6.7677821 -0.049779539 0.0024911762  -0.14884703 
     550    116.30398   -23.979338  0.060133879   -23.919205    3439.4055     300.2362    6.7481598    6.7176867    6.6230487 -0.048714971 0.0024379008  -0.14566384 
     560    74.968956   -23.961309  0.038761993   -23.922547    4775.5163    281.46123    6.6044583    6.5746341    6.4820114  -0.04767759 0.0023859859  -0.14256194 
     570     34.35883   -23.938574  0.017764909   -23.920809    5425.7706    264.66597    6.4703888    6.4411701    6.3504275 -0.046709742 0.0023375507  -0.13966795 
     580    65.468622   -23.952962  0.033849934   -23.919112    5428.4283    251.05314    6.3574979    6.3287889    6.2396297 -0.045894782 0.0022967667  -0.13723112 
     590    61.373835   -23.946395  0.031732763   -23.914663    4599.5556    242.07956    6.2808302    6.2524674    6.1643833 -0.045341318 0.0022690691   -0.1355762 
     600    108.40369   -23.970572  0.056049106   -23.914523    2829.8227    238.82469    6.2525535    6.2243184    6.1366309 -0.045137188 0.0022588536  -0.13496582 
     610    72.990342   -23.952915  0.037738969   -23.915176    380.62336     241.7882    6.2783093     6.249958    6.1619092  -0.04532312 0.0022681584  -0.13552178 
     620     92.59379   -23.966681  0.047874747   -23.918806   -2111.7039    250.49578    6.3527898    6.3241021    6.2350088 -0.045860794 0.0022950658  -0.13712949 
     630    58.051172   -23.949678  0.030014812   -23.919663   -4150.0225    263.68984    6.4624244    6.4332416    6.3426108 -0.046652247 0.0023346734  -0.13949604 
     640     87.33107   -23.964337  0.045153707   -23.919183   -5201.5405    279.64177    6.5901964    6.5604366    6.4680139 -0.047574633 0.0023808335  -0.14225409 
     650      74.6186   -23.956338  0.038580844   -23.917757   -5012.3279    297.11307    6.7246796    6.6943125    6.6000038 -0.048545467 0.0024294181    -0.145157 
     660     69.07921    -23.95296  0.035716755   -23.917244   -4124.7825    315.53034     6.860852      6.82987    6.7336515 -0.049528496  0.002478613  -0.14809638 
     670    73.004927   -23.954804   0.03774651   -23.917057   -2733.0931    334.71547    6.9971782    6.9655806    6.8674503 -0.050512635 0.0025278634  -0.15103908 
     680      75.7512    -23.95474  0.039166444   -23.915574    -872.0775    354.60897    7.1331427    7.1009311     7.000894 -0.051494163 0.0025769831  -0.15397397 
     690      112.355   -23.970274  0.058092092   -23.912182    841.91915    375.18616    7.2685304    7.2357074    7.1337716 -0.052471527 0.0026258945  -0.15689641 
     700    93.389486    -23.95554  0.048286154   -23.907254    2297.9632    396.40424    7.4030458    7.3696154    7.2657931 -0.053442594 0.0026744908  -0.15980002 
     710    131.01076   -23.971108   0.06773788    -23.90337    3296.1557    418.24435     7.536581    7.5025476    7.3968525 -0.054406584 0.0027227329  -0.16268247 
     720    57.324902   -23.927508  0.029639301   -23.897868    3500.3355    440.69226     7.669072    7.6344403    7.5268871 -0.055363037 0.0027705978  -0.16554238 
     730    127.14891   -23.961144  0.065741148   -23.895403    3105.4536    463.69233    7.8002343    7.7650103    7.6556176 -0.056309897 0.0028179826  -0.16837362 
     740    102.94235   -23.944844  0.053225374   -23.891619     2465.908    487.18175    7.9297838    7.8939747    7.7827653 -0.057245115 0.0028647848  -0.17117003 
     750    135.93441   -23.962369  0.070283605   -23.892085    1406.8964    511.13102    8.0576504     8.021264    7.9082613 -0.058168184 0.0029109791  -0.17393013 
     760    122.46911   -23.955748    0.0633215   -23.892426    274.27678    535.48243    8.1836318    8.1466765     8.031907 -0.059077644 0.0029564923  -0.17664953 
     770     93.48557   -23.941658  0.048335834   -23.893322   -707.38119    560.16697    8.3074966    8.2699819    8.1534753 -0.059971825 0.0030012408  -0.17932324 
     780    106.74528   -23.949713  0.055191644   -23.894521   -1534.2212    585.11648    8.4290466     8.390983    8.2727717 -0.060849294  0.003045153  -0.18194698 
     790    103.15512   -23.949279  0.053335381   -23.895944   -1951.3376    610.25798     8.548085    8.5094839    8.3896032 -0.061708632 0.0030881579  -0.18451651 
     800    142.74866   -23.973473   0.07380685   -23.899666   -1879.2049    635.54925    8.6645779    8.6254507    8.5039363 -0.062549594 0.0031302432  -0.18703109 
     810    72.140327   -23.936141  0.037299477   -23.898842   -1566.0732    660.98705    8.7786687    8.7390263    8.6159119 -0.063373216 0.0031714606  -0.18949382 
     820    96.243878   -23.948909  0.049761991   -23.899147    -1072.962    686.56115     8.890457    8.8503097    8.7256275 -0.064180215 0.0032118463  -0.19190685 
     830    49.069282   -23.921298   0.02537081   -23.895928   -458.27152    712.23693    8.9999308    8.9592892    8.8330717 -0.064970507 0.0032513958  -0.19426992 
     840    108.88634   -23.956642  0.056298657   -23.900343   -38.673896    738.07534    9.1074733    9.0663461    8.9386204 -0.065746857 0.0032902475   -0.1965913 
     850    112.11624   -23.963407  0.057968646   -23.905438    328.53296    764.05426    9.2130991    9.1714949    9.0422879 -0.066509369 0.0033284068  -0.19887131 
     860    131.46808   -23.978815   0.06797433    -23.91084    585.17723    790.21002     9.317052    9.2749784    9.1443135 -0.067259805 0.0033659618  -0.20111521 
     870    92.471616   -23.956743  0.047811578   -23.908932    664.48657    816.56382    9.4194972    9.3769609    9.2448593 -0.067999357 0.0034029721  -0.20332656 
     880    82.190771   -23.944978  0.042495964   -23.902482    743.94545    843.05919    9.5202941    9.4773027    9.3437875  -0.06872701 0.0034393869  -0.20550233 
     890    105.30246   -23.954513  0.054445644   -23.900067    744.40478    869.70471    9.6195543    9.5761146    9.4412074  -0.06944357 0.0034752465  -0.20764493 
     900    66.360453   -23.932906  0.034311047   -23.898595    588.42359    896.52185    9.7174273    9.6735457    9.5372659 -0.070150115  0.003510605  -0.20975759 
     910    118.66618   -23.965641  0.061355233   -23.904286    363.21499    923.50466    9.8139545     9.769637    9.6320034 -0.070846945 0.0035454773   -0.2118412 
     920    70.125452   -23.943325  0.036257705   -23.907067    126.09011    950.64324    9.9091605    9.8644131    9.7254443 -0.071534237 0.0035798722  -0.21389629 
     930    125.36303   -23.976443  0.064817775   -23.911625   -142.28835    977.94422    10.003125    9.9579534    9.8176669 -0.072212568 0.0036138188  -0.21592459 
     940    118.56118   -23.972307  0.061300942   -23.911006   -263.52231    1005.3541    10.095721    10.050131    9.9085463  -0.07288102 0.0036472709  -0.21792334 
     950    143.10818   -23.980422  0.073992734   -23.906429   -307.99728    1032.9317    10.187201    10.141198    9.9983301 -0.073541413 0.0036803197    -0.219898 
     960    61.197352   -23.929609  0.031641514   -23.897967   -351.87879    1060.6976    10.277675    10.231263    10.087126 -0.074194542  0.003713005  -0.22185094 
     970    56.165547   -23.922582  0.029039867   -23.893542   -376.02765    1088.6416    10.367148    10.320333    10.174941 -0.074840453 0.0037453291  -0.22378229 
     980    79.758152   -23.936655  0.041238201   -23.895417   -393.51967    1116.7575     10.45564    10.408425    10.261792 -0.075479275 0.0037772984  -0.22569245 
     990    111.79086   -23.956664  0.057800413   -23.898864    -416.2299     1145.083    10.543303    10.495692    10.347829 -0.076112109 0.0038089681   -0.2275847 
    1000    177.86272   -23.991589  0.091962244   -23.899627   -343.85731    1173.6076    10.630132    10.582128    10.433049 -0.076738928 0.0038403367  -0.22945897 
    1010    120.49454   -23.956045  0.062300566   -23.893744   -160.58265    1202.3724    10.716279    10.667887    10.517599 -0.077360825  0.003871459  -0.23131852 
    1020    96.319017   -23.933441  0.049800841   -23.883641    29.001766    1231.4522    10.801984    10.753205    10.601715  -0.07797953 0.0039024216  -0.23316852 
    1030    54.473748   -23.905252  0.028165138   -23.877087    245.69542    1260.8277    10.887201    10.838037    10.685352 -0.078594714  0.003933208    -0.235008 
    1040    148.78451   -23.953599  0.076927628   -23.876672    397.92582    1290.5718     10.97215    10.922602    10.768726 -0.079207958 0.0039638973  -0.23684167 
    1050    118.83743   -23.942225  0.061443773   -23.880781    412.29432    1320.7497    11.057014    11.007083    10.852016  -0.07982059  0.003994556  -0.23867352 
    1060    176.01328   -23.977951  0.091006009   -23.886945    390.87626    1351.3834    11.141847    11.091533    10.935277 -0.080433005 0.0040252038  -0.24050472 
    1070    109.69568   -23.941674   0.05671712   -23.884957    385.11253    1382.4366    11.226544    11.175848    11.018403  -0.08104443  0.004055802  -0.24233295 
    1080    94.449015    -23.93122  0.048833974   -23.882386    306.04193    1414.0014    11.311346    11.260267    11.101633 -0.081656616 0.0040864384  -0.24416347 
    1090    114.14492   -23.940471  0.059017558   -23.881454    212.23342    1446.0288     11.39611    11.344648    11.184826  -0.08226853 0.0041170611  -0.24599317 
    1100      120.475   -23.951244  0.062290462   -23.888953    49.212568    1478.5925    11.481021    11.429175    11.268162 -0.082881499 0.0041477367  -0.24782602 
    1110    102.95147   -23.952726  0.053230087   -23.899496   -169.04999    1511.6556    11.565967    11.513738    11.351534 -0.083494726 0.0041784251  -0.24965965 
    1120    75.161767   -23.948778  0.038861684   -23.909917   -321.05921    1545.0981    11.650638    11.598026    11.434634 -0.084105961 0.0042090139  -0.25148732 
    1130    114.65415   -23.978304  0.059280848   -23.919023   -391.04759    1578.8867    11.734952     11.68196    11.517386  -0.08471463 0.0042394742  -0.25330731 
    1140     80.38654   -23.964168  0.041563103   -23.922605   -390.00687     1613.026    11.818929    11.765558    11.599806 -0.085320859 0.0042698124  -0.25512001 
    1150    107.12222   -23.982175  0.055386534   -23.926789   -313.01294    1647.5166    11.902575    11.848826    11.681901   -0.0859247 0.0043000312  -0.25692557 
    1160    42.284787   -23.949728  0.021862951   -23.927866   -203.54961    1682.4049    11.986007    11.931881    11.763786 -0.086526992 0.0043301723   -0.2587265 
    1170    39.191319   -23.952061  0.020263502   -23.931798   -108.46258    1717.7543    12.069373     12.01487    11.845606  -0.08712881 0.0043602898  -0.26052601 
    1180    35.092296   -23.954497  0.018144141   -23.936353     2.332735    1753.5488     12.15263    12.097752     11.92732 -0.087729848 0.0043903683  -0.26232319 
    1190    81.834063   -23.984474  0.042311531   -23.942162    86.423595     1789.884    12.235995     12.18074    12.009139 -0.088331659 0.0044204854  -0.26412268 
    1200    80.843496   -23.988311  0.041799368   -23.946512     135.3009    1826.8149    12.319579    12.263946    12.091173 -0.088935047 0.0044506815  -0.26592688 
    1210    69.909211   -23.982821  0.036145899   -23.946675    178.75649    1864.3588    12.403403    12.347392    12.173443 -0.089540173 0.0044809645  -0.26773629 
    1220    62.141141   -23.976552  0.032129492   -23.944423    206.67551    1902.5484    12.487521    12.431131    12.256002 -0.090147426  0.004511354  -0.26955205 
    1230    43.828958   -23.961402   0.02266135    -23.93874    207.61578    1941.4645     12.57209    12.515318    12.339003 -0.090757929 0.0045419061  -0.27137753 
    1240    83.063009   -23.974346  0.042946946   -23.931399    192.30541    1981.1741    12.657227     12.60007    12.422561 -0.091372528 0.0045726632  -0.27321526 
    1250    65.275728   -23.954242    0.0337502   -23.920492    151.01417    2021.8036    12.743166    12.685621    12.506907 -0.091992924 0.0046037104  -0.27507032 
    1260    83.118055    -23.95125  0.042975407   -23.908275    55.229239    2063.4916    12.830155    12.772217    12.592284   -0.0926209  0.004635137  -0.27694804 
    1270    68.354288   -23.932253  0.035341941   -23.896912   -40.407133     2106.264    12.918198    12.859863    12.678694 -0.093256483 0.0046669442  -0.27884852 
    1280    175.38257   -23.981107  0.090679904   -23.890427    -134.2082    2150.2373    13.007479    12.948741     12.76632 -0.093901002 0.0046991987  -0.28077571 
    1290    147.40562   -23.952767  0.076214688   -23.876552   -181.78571    2195.4977    13.098111    13.038963    12.855272 -0.094555274 0.0047319412  -0.28273206 
    1300    164.37347   -23.949467  0.084987753   -23.864479   -160.47325    2242.1245    13.190186    13.130622    12.945639 -0.095219962 0.0047652049  -0.28471956 
    1310    96.953196   -23.902079  0.050128737    -23.85195   -141.47437    2290.3661    13.284116    13.224128    13.037828  -0.09589804 0.0047991388   -0.2867471 
    1320    71.541279   -23.892118  0.036989744   -23.855128    -156.6699    2340.3938     13.38014    13.319718    13.132072  -0.09659124 0.0048338294  -0.28881985 
    1330    145.19397   -23.940941  0.075071176    -23.86587   -148.28072    2392.2339     13.47821    13.417346    13.228324  -0.09729921 0.0048692592  -0.29093677 
    1340    196.50451   -23.979152    0.1016008   -23.877552   -121.54005    2446.0919    13.578608    13.517291     13.32686 -0.098023984 0.0049055299  -0.29310394 
    1350    174.83272   -23.972508  0.090395613   -23.882112   -55.229277    2502.1164    13.681494    13.619711    13.427838 -0.098766713 0.0049426992  -0.29532479 
    1360    90.646571   -23.928858  0.046867956    -23.88199    49.417071    2560.3686    13.786854    13.724596    13.531245 -0.099527309 0.0049807626  -0.29759907 
    1370    90.455293   -23.932676  0.046769057   -23.885907    121.05372    2621.0763    13.894968    13.832222    13.637355  -0.10030779  0.005019821   -0.2999328 
    1380    49.167098   -23.917476  0.025421385   -23.892055    151.83526     2684.428    14.006026    13.942778    13.746354  -0.10110951 0.0050599426  -0.30233005 
    1390      129.687    -23.97387  0.067053441   -23.906817    146.09881    2750.6946    14.120339    14.056575    13.858548  -0.10193474 0.0051012405  -0.30479759 
    1400    109.98767   -23.973421  0.056868087   -23.916552    122.80807     2820.143    14.238188    14.173891    13.974211  -0.10278549 0.0051438155  -0.30734143 
    1410    102.99517   -23.977884  0.053252684   -23.924631    74.579426    2893.1086    14.359939    14.295093    14.093705  -0.10366441 0.0051878003  -0.30996951 
    1420     66.40217   -23.960161  0.034332616   -23.925828    41.523135    2969.7884    14.485701    14.420287    14.217135  -0.10457229 0.0052332343  -0.31268418 
    1430    80.405587   -23.967592  0.041572951   -23.926019    10.655946    3050.6096    14.615933    14.549931    14.344953  -0.10551243 0.0052802832  -0.31549534 
    1440    71.830543   -23.963451  0.037139305   -23.926311   -30.920133    3136.0731    14.751168    14.684555    14.477681  -0.10648869 0.0053291392  -0.31841447 
    1450    58.045675   -23.956752  0.030011969    -23.92674   -66.510046    3226.7521    14.891995    14.824746    14.615897  -0.10750532 0.0053800156  -0.32145432 
    1460    63.404973    -23.96255  0.032782944   -23.929767    -93.70027    3323.2912    15.039052     14.97114    14.760228  -0.10856693  0.005433143  -0.32462866 
    1470    47.348742   -23.956269  0.024481221   -23.931788   -114.26368    3426.5429    15.193217    15.124608    14.911534  -0.10967984 0.0054888378  -0.32795641 
    1480     99.27518    -23.98484  0.051329297    -23.93351   -108.96653    3537.3616    15.355271    15.285931    15.070584  -0.11084972 0.0055473831  -0.33145447 
    1490    101.89246    -23.98406  0.052682538   -23.931378   -74.358084    3656.9871    15.526449    15.456336    15.238588  -0.11208545 0.0056092244  -0.33514948 
    1500    103.23041   -23.974852  0.053374309   -23.921477   -38.861403    3787.0378    15.708362    15.637426    15.417128  -0.11339867 0.0056749436  -0.33907618 
    1510    52.457166   -23.930412  0.027122483    -23.90329    9.6488971    3929.2329    15.902556    15.830744    15.607722  -0.11480056 0.0057451001    -0.343268 
    1520    93.914982   -23.927867  0.048557857   -23.879309    62.495546    4085.7184    16.110925    16.038172    15.812228  -0.11630478 0.0058203775  -0.34776581 
    1530    110.39457   -23.914806  0.057078472   -23.857727    69.648455    4259.3945    16.336047    16.262277    16.033176  -0.11792993 0.0059017068  -0.35262521 
    1540    221.77924   -23.967277   0.11466887   -23.852608    40.798697    4453.2301    16.580186    16.505313    16.272788  -0.11969237 0.0059899066  -0.35789512 
    1550    240.42568   -23.968735   0.12430983   -23.844425    23.450128    4670.6362    16.845724    16.769653    16.533404   -0.1216093 0.0060858375  -0.36362697 
    1560    147.38858   -23.911218  0.076205878   -23.835012    6.4881338    4915.5475    17.135166    17.057787    16.817479  -0.12369877 0.0061904037  -0.36987476 
    1570    124.73387   -23.896291  0.064492472   -23.831799    31.495034    5191.8511    17.450388    17.371586    17.126857  -0.12597436 0.0063042837  -0.37667906 
    1580    136.55778    -23.90938  0.070605912   -23.838774    46.094204    5504.7409    17.794125    17.713771    17.464221   -0.1284558 0.0064284652  -0.38409887 
    1590    188.44922   -23.952822  0.097435895   -23.855386    38.714096    5859.6664    18.168621    18.086576    17.831774  -0.13115929 0.0065637591  -0.39218264 
    1600    146.46087   -23.949987  0.075726211   -23.874261    56.844537    6262.2469    18.575524    18.491641    18.231133  -0.13409672 0.0067107604  -0.40096592 
    1610    141.10384   -23.957162  0.072956412   -23.884205    59.525158    6719.0363     19.01662    18.930746    18.664052    -0.137281 0.0068701149   -0.4104873 
    1620    68.510769   -23.923485  0.035422848   -23.888062    44.345547     7236.587    19.492862    19.404837    19.131463  -0.14071898 0.0070421662  -0.42076732 
    1630    97.072419   -23.945184   0.05019038   -23.894994    21.575151    7820.7808    20.003886    19.913554    19.633014  -0.14440807 0.0072267835  -0.43179814 
    1640     105.1559   -23.960334   0.05436987   -23.905964   -17.197061    8477.5145    20.548834    20.456041    20.167858  -0.14834205 0.0074236562  -0.44356123 
    1650    105.05565   -23.969694  0.054318035   -23.915376   -48.518094    9210.9343    21.125106     21.02971    20.733446  -0.15250216 0.0076318455  -0.45600048 
    1660    81.592779    -23.96317  0.042186778   -23.920983   -61.357325    10023.526    21.728905    21.630783     21.32605  -0.15686098 0.0078499793   -0.4690339 
    1670    72.908035   -23.961808  0.037696413   -23.924112   -68.108829    10916.089    22.355619    22.254666    21.941145  -0.16138523 0.0080763915  -0.48256197 
    1680    75.741748   -23.965327  0.039161557   -23.926166   -61.331709    11885.973    22.999016    22.895158    22.572613  -0.16602991 0.0083088308  -0.49645014 
    1690    71.752356   -23.964489   0.03709888    -23.92739   -42.367934    12927.372    23.651994    23.545187    23.213485  -0.17074376 0.0085447315  -0.51054514 
    1700    86.932246   -23.973849  0.044947499   -23.928901   -23.928416    14032.064    24.307382    24.197616    23.856723  -0.17547501 0.0087815031  -0.52469217 
    1710    43.520403   -23.950833  0.022501814   -23.928331   -2.0456014    15187.987    24.957308    24.844607    24.494599  -0.18016683 0.0090163011  -0.53872129 
    1720    69.541064   -23.964743  0.035955552   -23.928787     18.54848    16381.022    25.594384    25.478806    25.119863  -0.18476588 0.0092464567  -0.55247301 
    1730    69.065353   -23.962161   0.03570959   -23.926451    31.190026    17595.706    26.211985    26.093618    25.726013  -0.18922434 0.0094695768  -0.56580437 
    1740    113.78709   -23.982584  0.058832544   -23.923752    38.720789    18814.907    26.803923    26.682883    26.306977  -0.19349754 0.0096834258  -0.57858178 
    1750    112.36338   -23.974342  0.058096425   -23.916245    43.200642    20021.898     27.36525    27.241675    26.857897  -0.19754976 0.0098862158  -0.59069842 
    1760    102.23249   -23.957563  0.052858346   -23.904704    38.543774    21202.146    27.892725    27.766768    27.375593  -0.20135761  0.010076776  -0.60208436 
    1770    91.391731   -23.935535  0.047253234   -23.888281    29.492302    22341.366    28.383607    28.255433    27.857374  -0.20490128  0.010254116  -0.61268038 
    1780    91.630612   -23.918725  0.047376745   -23.871348    17.814765    23427.858    28.836455    28.706236    28.301826  -0.20817039  0.010417717  -0.62245543 
    1790    191.21822    -23.95429  0.098867578   -23.855423    -3.272434    24453.376    29.251218    29.119126    28.708899  -0.21116456  0.010567557  -0.63140838 
    1800    178.48561   -23.936433  0.092284301   -23.844149   -22.944145    25409.874    29.627739    29.493947     29.07844  -0.21388267  0.010703583  -0.63953587 
    1810    196.54071   -23.938395   0.10161952   -23.836775   -36.042342     26290.94    29.966295    29.830974    29.410718   -0.2163267  0.010825893  -0.64684383 
    1820    141.31747    -23.90692  0.073066867   -23.833853   -43.544071    27093.681    30.268229    30.131545    29.707055  -0.21850637  0.010934972   -0.6533613 
    1830    129.15698   -23.902915  0.066779401   -23.836136   -37.713928    27814.084    30.534157    30.396272    29.968052   -0.2204261  0.011031043  -0.65910153 
    1840    130.05144   -23.908175  0.067241874   -23.840933   -25.532323    28452.949     30.76617    30.627237    30.195764    -0.222101  0.011114863  -0.66410971 
    1850    187.18201   -23.949177  0.096780693   -23.852396   -13.837433    29012.047    30.966382    30.826545    30.392264  -0.22354634  0.011187193  -0.66843143 
    1860    134.41364   -23.933366  0.069497306   -23.863868    1.5941574    29492.992    31.136559    30.995954    30.559286  -0.22477485  0.011248673  -0.67210482 
    1870    122.12553   -23.938543  0.063143853   -23.875399     13.41884    29899.279    31.278884    31.137636    30.698972  -0.22580229   0.01130009    -0.675177 
    1880    123.72334   -23.946576  0.063969986   -23.882606     20.20047    30233.739    31.395082     31.25331    30.813016  -0.22664112  0.011342069  -0.67768523 
    1890     101.3995   -23.938043  0.052427655   -23.885615     25.46571    30497.753    31.486203    31.344019    30.902448  -0.22729892  0.011374988  -0.67965213 
    1900    152.39946   -23.971633  0.078796705   -23.892837    25.099166     30695.63    31.554153    31.411662    30.969138  -0.22778945  0.011399536  -0.68111888 
    1910    121.77183   -23.960613  0.062960977   -23.897652    19.404913    30830.477    31.600292    31.457592    31.014421  -0.22812253  0.011416205  -0.68211481 
    1920    90.601596   -23.950054  0.046844702   -23.903209    10.576985    30904.633    31.625607    31.482793    31.039267  -0.22830528  0.011425351  -0.68266127 
    1930    64.873309   -23.940113  0.033542133    -23.90657  -0.36873916    30918.419    31.630309    31.487474    31.043882  -0.22833922  0.011427049  -0.68276276 
    1940    104.93623   -23.963774  0.054256288   -23.909518   -11.037099    30873.226     31.61489    31.472125    31.028749  -0.22822792  0.011421479  -0.68242994 
    1950    94.229921   -23.961194  0.048720693   -23.912474   -17.748119    30769.588    31.579475    31.436869     30.99399  -0.22797225  0.011408684  -0.68166547 
    1960    101.07099   -23.966614  0.052257802   -23.914356    -21.70084    30610.848    31.525075    31.382715    30.940599  -0.22757954  0.011389031  -0.68049121 
    1970    73.861054     -23.9546  0.038189162   -23.916411   -22.085733    30399.237    31.452263    31.310232    30.869137  -0.22705391  0.011362727  -0.67891952 
    1980    62.114634   -23.950252  0.032115786   -23.918137   -17.761233    30136.776    31.361484    31.219863    30.780041  -0.22639858  0.011329931  -0.67695998 
    1990    89.377391   -23.965462  0.046211738    -23.91925   -10.189592    29826.214    31.253384    31.112251    30.673945   -0.2256182  0.011290878  -0.67462657 
    2000    112.47133   -23.978219  0.058152243   -23.920067   -0.1947113    29471.289     31.12892    30.988349    30.551788   -0.2247197  0.011245913  -0.67193992 
    2010     100.8934   -23.971196   0.05216598    -23.91903    10.392847    29075.964    30.989106    30.849167    30.414567  -0.22371038  0.011195403  -0.66892194 
    2020    63.952186    -23.94888  0.033065875   -23.915815    19.557825    28643.614    30.834739    30.695497    30.263062    -0.222596  0.011139634  -0.66558982 
    2030    78.782664   -23.953605  0.040733834   -23.912871    25.726793    28176.644    30.666256    30.527775    30.097703  -0.22137973  0.011078767    -0.661953 
    2040    69.423629   -23.942451  0.035894834   -23.906556    27.763346    27678.077    30.484306    30.346646    29.919126  -0.22006623  0.011013034  -0.65802547 
    2050    129.19806   -23.968954   0.06680064   -23.902153    23.752051    27151.743    30.289835    30.153053    29.728261  -0.21866234  0.010942778  -0.65382768 
    2060    124.56083   -23.956549  0.064403004   -23.892146    14.191604    26601.146    30.083691     29.94784    29.525938  -0.21717419  0.010868304  -0.64937791 
    2070    125.56136   -23.947074  0.064920319   -23.882154   -1.9474303    26029.689    29.866706    29.731836    29.312977  -0.21560778  0.010789914  -0.64469415 
    2080    123.95788   -23.932687  0.064091253   -23.868596   -19.297522    25438.752    29.638959    29.505116    29.089451  -0.21396367  0.010707636  -0.63977805 
    2090    184.77145    -23.94655   0.09553434   -23.851016   -34.982965    24830.979    29.401013    29.268245    28.855917  -0.21224593  0.010621674  -0.63464181 
    2100    141.30121   -23.907522   0.07305846   -23.834463   -45.818589    24209.275    29.153561     29.02191    28.613053  -0.21045958  0.010532277  -0.62930038 
    2110    138.31632   -23.898625  0.071515151    -23.82711   -46.879546    23575.502    28.896905    28.766413    28.361155  -0.20860678  0.010439555  -0.62376028 
    2120    155.39778   -23.911235  0.080346959   -23.830888   -38.804814    22932.105    28.631602    28.502308    28.100771  -0.20669156  0.010343709  -0.61803353 
    2130    136.14065   -23.912643  0.070390239   -23.842253   -22.301414    22282.797    28.358782    28.230721    27.833009  -0.20472207  0.010245148  -0.61214452 
    2140     198.4879   -23.959125    0.1026263   -23.856498    2.4142317    21630.287    28.079224    27.952425    27.558634  -0.20270394  0.010144152  -0.60611006 
    2150    192.88126   -23.969431   0.09972744   -23.869704    26.633941    20979.759    27.794861    27.669346    27.279543  -0.20065112  0.010041421  -0.59997188 
    2160    142.97653   -23.954545  0.073924668    -23.88062    45.124452    20333.486    27.506476    27.382263    26.996505  -0.19856927 0.0099372363  -0.59374689 
    2170    70.108078   -23.924093  0.036248721   -23.887844     57.28258    19692.065    27.214149    27.091256    26.709598  -0.19645896 0.0098316277   -0.5874368 
    2180    81.704936   -23.940732  0.042244767   -23.898488    56.531535    19056.627    26.918221    26.796665    26.419156  -0.19432266 0.0097247181  -0.58104899 
    2190    66.177221    -23.94203  0.034216309   -23.907814    45.917087    18427.619    26.618735    26.498531    26.125223  -0.19216067 0.0096165232  -0.57458437 
    2200    115.14165   -23.977757  0.059532907   -23.918224    27.117322     17805.99     26.31599    26.197154    25.828091  -0.18997515 0.0095071508  -0.56804941 
    2210    100.88997   -23.975474  0.052164209    -23.92331    1.6065984    17192.799    26.010371    25.892914    25.528137  -0.18776888 0.0093967398  -0.56145238 
    2220    89.285394   -23.971225  0.046164172   -23.925061   -25.136741    16588.496    25.701986    25.585922     25.22547  -0.18554266 0.0092853301  -0.55479568 
    2230    77.308091   -23.963623   0.03997142   -23.923651   -46.582402    15993.775    25.391089    25.276429    24.920338  -0.18329829 0.0091730128  -0.54808476 
    2240    89.681645   -23.966913   0.04636905   -23.920544   -63.557902    15409.907    25.078276    24.965029    24.613324  -0.18104009  0.009060003  -0.54133246 
    2250    87.765456   -23.962172  0.045378302   -23.916793   -70.766235    14838.013    24.764121    24.652292    24.304994  -0.17877221 0.0089465087  -0.53455121 
    2260    65.761161   -23.947267  0.034001189   -23.913266   -65.291808    14278.974    24.449126     24.33872    23.995838  -0.17649826 0.0088327107  -0.52775181 
    2270    72.246188   -23.948046  0.037354211   -23.910692   -51.525558    13734.203    24.134159    24.025174     23.68671  -0.17422451 0.0087189227  -0.52095301 
    2280    58.357382   -23.939646  0.030173135   -23.909472   -26.530802    13204.429    23.819769    23.712205     23.37815  -0.17195493 0.0086053435  -0.51416669 
    2290    116.17561   -23.970048  0.060067506    -23.90998    6.1322828    12691.005    23.506953    23.400801    23.071133  -0.16969671 0.0084923328  -0.50741434 
    2300    130.00414   -23.976466  0.067217415   -23.909249    37.593324    12195.213    23.196768    23.092017    22.766699  -0.16745748 0.0083802725  -0.50071876 
    2310    131.15087   -23.973481   0.06781032   -23.905671     67.58069    11717.915    22.890105    22.786739    22.465722  -0.16524369 0.0082694847  -0.49409923 
    2320    86.400334   -23.941081  0.044672479   -23.896409    94.821168    11259.302      22.5875      22.4855    22.168727  -0.16305918 0.0081601629  -0.48756728 
    2330    103.69894   -23.941685  0.053616559   -23.888068     103.8268    10820.227    22.289986     22.18933    21.876729  -0.16091143 0.0080526804  -0.48114524 
    2340    101.08761   -23.930343  0.052266395   -23.878077     99.26926    10400.331    21.997841    21.898504        21.59  -0.15880243 0.0079471374  -0.47483907 
    2350    135.98707   -23.940354  0.070310833   -23.870043     78.64614     9999.411    21.711466    21.613422    21.308935  -0.15673509  0.007843679  -0.46865747 
    2360    185.42271   -23.957088  0.095871067   -23.861217    27.600756    9617.4237    21.431402    21.334623    21.034063  -0.15471331 0.0077425007  -0.46261209 
    2370    135.98198   -23.917039  0.070308201   -23.846731   -30.630073    9253.6253    21.157693     21.06215    20.765429   -0.1527374  0.007643618  -0.45670388 
    2380    205.02904   -23.938442   0.10600833   -23.832433   -90.846402    8907.3303    20.890405    20.796069    20.503096  -0.15080785 0.0075470552  -0.45093428 
    2390    183.21191   -23.907847  0.094727993   -23.813119     -148.011    8578.7626    20.630317    20.537155     20.24783  -0.14893027 0.0074530933  -0.44532009 
    2400    217.28805   -23.911494   0.11234674   -23.799147   -153.23453    8266.0501    20.376536     20.28452    19.998754  -0.14709823 0.0073614102  -0.43984205 
    2410     207.1561   -23.901997   0.10710811   -23.794889    -131.8951    7969.6154    20.129986    20.039083    19.756775  -0.14531838 0.0072723392  -0.43452008 
    2420    211.01342   -23.919541    0.1091025   -23.810438   -96.231589    7689.1914    19.891059    19.801235    19.522278  -0.14359357 0.0071860223  -0.42936268 
    2430    133.60735   -23.905854  0.069080422   -23.836773   -25.442112    7423.6865    19.659428    19.570651    19.294942  -0.14192143 0.0071023415  -0.42436277 
    2440    133.29793   -23.931454  0.068920441   -23.862534    24.956892    7173.0883     19.43568    19.347913    19.075342  -0.14030619 0.0070215081    -0.419533 
    2450    139.30047   -23.956041  0.072023997   -23.884017    69.259769    6935.9389    19.219087    19.132299    18.862765  -0.13874261   0.00694326   -0.4148577 
    2460    108.77611    -23.95132  0.056241663   -23.895078    106.70737    6711.1992    19.009224    18.923383    18.656792   -0.1372276 0.0068674428  -0.41032764 
    2470    114.70591   -23.966526  0.059307608   -23.907219    108.66177    6498.3546    18.806103    18.721179    18.457437  -0.13576127 0.0067940615  -0.40594314 
    2480    71.324941   -23.948698  0.036877889    -23.91182    94.359717    6296.2189    18.609053    18.525019    18.264041  -0.13433877 0.0067228736  -0.40168968 
    2490     82.80032   -23.958073  0.042811126   -23.915262    65.229102    6104.1762    18.417897    18.334726    18.076428  -0.13295881 0.0066538146  -0.39756342 
    2500    77.367989   -23.955717   0.04000239   -23.915714    18.443988    5921.5332    18.232339    18.150007    17.894311  -0.13161927 0.0065867786  -0.39355804 
    2510    103.66237   -23.969892   0.05359765   -23.916294   -27.794635    5747.5689    18.052017    17.970498    17.717332  -0.13031753 0.0065216337  -0.38966565 
    2520    65.612225   -23.951386  0.033924183   -23.917461   -67.932671    5581.7229     17.87669    17.795963    17.545255  -0.12905184 0.0064582933  -0.38588109 
    2530     72.61816   -23.955813  0.037546536   -23.918266   -107.01568    5423.5968    17.706259    17.626301    17.377984   -0.1278215 0.0063967219  -0.38220221 
    2540    77.798368   -23.958911  0.040224913   -23.918687   -120.63128     5272.545    17.540331    17.461123    17.215132  -0.12662366 0.0063367772  -0.37862053 
    2550    93.913276    -23.96705  0.048556975   -23.918493   -108.81661    5128.2799    17.378872    17.300393    17.056667  -0.12545809 0.0062784472  -0.37513534 
    2560    123.65647   -23.980346  0.063935414   -23.916411   -79.077976    4990.5699      17.2219     17.14413    16.902605  -0.12432491  0.006221738  -0.37174698 
    2570    95.698405   -23.962595  0.049479959   -23.913115   -18.287922    4859.1928    17.069431     16.99235    16.752963  -0.12322424 0.0061666559  -0.36845584 
    2580    81.822141   -23.949505  0.042305367   -23.907199    49.366341    4734.0668    16.921641    16.845227    16.607913  -0.12215734 0.0061132637  -0.36526567 
    2590    62.407601   -23.931511  0.032267262   -23.899244    107.92731    4615.0824    16.778668      16.7029    16.467591  -0.12112522 0.0060616123  -0.36217952 
    2600    115.67861   -23.953424  0.059810536   -23.893614    159.66653    4501.9794    16.640467    16.565323    16.331952  -0.12012754 0.0060116844  -0.35919634 
    2610     104.1778   -23.940952  0.053864151   -23.887087    176.93013    4394.7586    16.507299    16.432756    16.201253   -0.1191662 0.0059635749  -0.35632181 
    2620    154.14613    -23.96762  0.079699804    -23.88792    148.47421    4293.2859     16.37926    16.305295    16.075588  -0.11824189 0.0059173184    -0.353558 
    2630    124.70015   -23.944386  0.064475038   -23.879911    110.07268    4197.1975    16.256142    16.182733    15.954752   -0.1173531 0.0058728396   -0.3509004 
    2640    126.83695   -23.932829  0.065579852   -23.867249    30.077539    4106.5167    16.138217     16.06534    15.839013   -0.1165018 0.0058302369  -0.34835491 
    2650    145.45561    -23.92752  0.075206451   -23.852313   -64.088265    4020.9736    16.025371    15.953004     15.72826  -0.11568716 0.0057894692  -0.34591904 
    2660    167.61176   -23.930534   0.08666208   -23.843872    -159.8492    3940.3088    15.917484    15.845605    15.622373  -0.11490833 0.0057504932  -0.34359024 
    2670    141.75029   -23.917415  0.073290651   -23.844124   -286.63761    3864.6245    15.814912    15.743495    15.521703  -0.11416786  0.005713437  -0.34137614 
    2680    128.16189   -23.910311  0.066264899   -23.844047   -362.69711    3793.1791    15.716848    15.645875    15.425457  -0.11345994 0.0056780096  -0.33925937 
    2690    169.13662   -23.936816  0.087450497   -23.849365   -355.65723     3725.661    15.623037    15.552487    15.333385  -0.11278271 0.0056441184  -0.33723438 
    2700    125.39018   -23.922437  0.064831809   -23.857605    -273.4436    3661.9066    15.533408    15.463263    15.245419  -0.11213569 0.0056117385  -0.33529969 
    2710    169.98773   -23.962492  0.087890553   -23.874602   -120.59557    3601.8675    15.448047    15.378287     15.16164  -0.11151946 0.0055809001  -0.33345711 
    2720    103.62998   -23.945265  0.053580905   -23.891684    41.353005    3545.7291    15.367369    15.297974    15.082458  -0.11093705 0.0055517537  -0.33171562 
    2730    82.757478   -23.949849  0.042788974    -23.90706    170.49925    3493.5434    15.291604    15.222551    15.008098   -0.1103901 0.0055243822  -0.33008018 
    2740    63.259472   -23.950637  0.032707714   -23.917929    277.82439    3445.0518    15.220524    15.151791    14.938335  -0.10987697 0.0054987029  -0.32854585 
    2750    100.46009   -23.978709  0.051941943   -23.926767    335.18341    3400.1804    15.154153     15.08572    14.873194  -0.10939784 0.0054747252  -0.32711319 
    2760    78.770167   -23.972219  0.040727373   -23.931492    341.03404    3358.7424     15.09234    15.024186    14.812527  -0.10895161 0.0054523941  -0.32577891 
    2770    76.904245   -23.974358  0.039762615   -23.934595    304.49622    3320.5374    15.034897    14.967003     14.75615  -0.10853693 0.0054316419  -0.32453897 
    2780    58.002243   -23.964911  0.029989514   -23.934921    217.55864    3285.4348     14.98173    14.914076    14.703968  -0.10815312 0.0054124341  -0.32339132 
    2790    57.418576   -23.964109  0.029687734   -23.934422    89.255089    3253.2154    14.932595    14.865163    14.655744  -0.10779841 0.0053946832   -0.3223307 
    2800    85.180556   -23.977179  0.044041804   -23.933137   -48.285347    3223.5996    14.887143    14.819917    14.611135   -0.1074703  0.005378263   -0.3213496 
    2810    75.804124   -23.968661  0.039193808   -23.929467   -186.22389     3196.381    14.845125    14.778088    14.569896  -0.10716697  0.005363083   -0.3204426 
    2820    62.859116   -23.957559  0.032500714   -23.925059   -304.08778    3171.3304    14.806242     14.73938    14.531734  -0.10688627 0.0053490358  -0.31960328 
    2830    36.690462   -23.939257  0.018970458   -23.920286   -370.23629    3148.1254     14.77004    14.703342    14.496203  -0.10662493 0.0053359573  -0.31882185 
    2840    91.422833   -23.964366  0.047269315   -23.917097   -389.68578    3126.5937     14.73629    14.669744    14.463079  -0.10638129 0.0053237643  -0.31809332 
    2850    97.620561   -23.963476  0.050473791   -23.913003   -339.58396    3106.4768    14.704617    14.638214    14.431993  -0.10615264 0.0053123218  -0.31740964 
    2860     151.4747   -23.987502  0.078318566   -23.909183   -217.40027     3087.682    14.674902    14.608633    14.402828  -0.10593813 0.0053015866  -0.31676821 
    2870    111.73321    -23.95698  0.057770606    -23.89921   -48.085606    3070.1978     14.64715    14.581007    14.375591  -0.10573779 0.0052915608  -0.31616917 
    2880    94.703146   -23.935268  0.048965369   -23.886303    142.31802    3054.0931    14.621495    14.555467    14.350412  -0.10555258 0.0052822923  -0.31561538 
    2890     92.72243   -23.919878  0.047941259   -23.871937    311.78371    3039.3989    14.598007    14.532086     14.32736  -0.10538303 0.0052738071  -0.31510839 
    2900    159.43051   -23.949242  0.082432046    -23.86681    388.46803    3026.3109    14.577024    14.511197    14.306765  -0.10523154 0.0052662263  -0.31465544 
    2910    146.84942   -23.942318  0.075927108   -23.866391    373.92235    3014.7609    14.558455    14.492713    14.288541   -0.1050975 0.0052595182  -0.31425464 
    2920    129.55085   -23.934872  0.066983046   -23.867889     269.6703    3004.6284    14.542127    14.476458    14.272515  -0.10497963 0.0052536192  -0.31390217 
    2930    144.88188   -23.942592  0.074909809   -23.867683    112.78613    2995.6163    14.527573     14.46197    14.258231  -0.10487456 0.0052483614  -0.31358802 
    2940    100.27985   -23.918607  0.051848751   -23.866758   -22.416393    2987.2394    14.514019    14.448477    14.244928  -0.10477671 0.0052434647  -0.31329544 
    2950    163.25701   -23.955198    0.0844105   -23.870787   -156.09594    2979.3399    14.501214     14.43573    14.232361  -0.10468427 0.0052388387  -0.31301904 
    2960    124.83929    -23.93987  0.064546978   -23.875323   -235.86527    2971.6693    14.488758     14.42333    14.220136  -0.10459436 0.0052343388  -0.31275017 
    2970    111.92363   -23.943942  0.057869059   -23.886073   -254.49501    2964.1854    14.476585    14.411212    14.208189  -0.10450648  0.005229941  -0.31248741 
    2980    69.468448   -23.934763  0.035918007   -23.898845   -226.13886    2956.7394    14.464453    14.399135    14.196282   -0.1044189 0.0052255582  -0.31222554 
    2990    108.10411   -23.971145  0.055894211    -23.91525   -142.55737    2949.1645    14.452091    14.386828    14.184148  -0.10432965 0.0052210919  -0.31195867 
    3000    74.896524   -23.967449  0.038724542   -23.928725   -25.789013    2941.4473    14.439474    14.374268    14.171765  -0.10423857 0.0052165338  -0.31168633 
Loop time of 36.6121 on 1 procs for 3000 steps with 5 atoms

Performance: 14.159 ns/day, 1.695 hours/ns, 81.940 timesteps/s
284.6% CPU use with 1 MPI tasks x no OpenMP threads

MPI task timing breakdown:
Section |  min time  |  avg time  |  max time  |%varavg| %total
---------------------------------------------------------------
Pair    | 35.907     | 35.907     | 35.907     |   0.0 | 98.07
Neigh   | 0.0019207  | 0.0019207  | 0.0019207  |   0.0 |  0.01
Comm    | 0.0064678  | 0.0064678  | 0.0064678  |   0.0 |  0.02
Output  | 0.65851    | 0.65851    | 0.65851    |   0.0 |  1.80
Modify  | 0.031535   | 0.031535   | 0.031535   |   0.0 |  0.09
Other   |            | 0.007077   |            |       |  0.02

Nlocal:    5 ave 5 max 5 min
Histogram: 1 0 0 0 0 0 0 0 0 0
Nghost:    2 ave 2 max 2 min
Histogram: 1 0 0 0 0 0 0 0 0 0
Neighs:    0 ave 0 max 0 min
Histogram: 1 0 0 0 0 0 0 0 0 0

Total # of neighbors = 0
Ave neighs/atom = 0
Neighbor list builds = 169
Dangerous builds = 50
Total wall time: 0:00:38
