iter.000000/01.model_devi/task.000.000004 90
iter.000000/01.model_devi/task.000.000001 260
iter.000000/01.model_devi/task.000.000004 210
iter.000000/01.model_devi/task.000.000001 90
iter.000000/01.model_devi/task.000.000001 210
iter.000000/01.model_devi/task.000.000004 140
iter.000000/01.model_devi/task.000.000001 180
iter.000000/01.model_devi/task.000.000001 60
iter.000000/01.model_devi/task.000.000004 160
iter.000000/01.model_devi/task.000.000004 100
iter.000000/01.model_devi/task.000.000001 140
iter.000000/01.model_devi/task.000.000002 60
iter.000000/01.model_devi/task.000.000002 100
iter.000000/01.model_devi/task.000.000002 140
iter.000000/01.model_devi/task.000.000001 130
iter.000000/01.model_devi/task.000.000002 130
iter.000000/01.model_devi/task.000.000004 110
iter.000000/01.model_devi/task.000.000000 110
iter.000000/01.model_devi/task.000.000001 110
iter.000000/01.model_devi/task.000.000004 130
iter.000000/01.model_devi/task.000.000002 160
iter.000000/01.model_devi/task.000.000004 190
iter.000000/01.model_devi/task.000.000002 90
iter.000000/01.model_devi/task.000.000004 60
