iter.000000/01.model_devi/task.000.000003 100
iter.000000/01.model_devi/task.000.000001 150
iter.000000/01.model_devi/task.000.000003 210
iter.000000/01.model_devi/task.000.000004 10
iter.000000/01.model_devi/task.000.000001 190
iter.000000/01.model_devi/task.000.000000 80
iter.000000/01.model_devi/task.000.000004 180
iter.000000/01.model_devi/task.000.000000 290
iter.000000/01.model_devi/task.000.000002 110
iter.000000/01.model_devi/task.000.000002 180
iter.000000/01.model_devi/task.000.000003 260
iter.000000/01.model_devi/task.000.000004 20
iter.000000/01.model_devi/task.000.000000 240
iter.000000/01.model_devi/task.000.000000 250
iter.000000/01.model_devi/task.000.000004 220
iter.000000/01.model_devi/task.000.000003 190
iter.000000/01.model_devi/task.000.000003 110
iter.000000/01.model_devi/task.000.000003 50
iter.000000/01.model_devi/task.000.000001 80
iter.000000/01.model_devi/task.000.000001 100
iter.000000/01.model_devi/task.000.000000 10
iter.000000/01.model_devi/task.000.000001 200
iter.000000/01.model_devi/task.000.000003 300
iter.000000/01.model_devi/task.000.000002 120
iter.000000/01.model_devi/task.000.000004 260
iter.000000/01.model_devi/task.000.000003 280
iter.000000/01.model_devi/task.000.000000 270
iter.000000/01.model_devi/task.000.000002 260
iter.000000/01.model_devi/task.000.000000 30
iter.000000/01.model_devi/task.000.000004 80
iter.000000/01.model_devi/task.000.000003 170
iter.000000/01.model_devi/task.000.000003 40
iter.000000/01.model_devi/task.000.000004 230
iter.000000/01.model_devi/task.000.000001 240
iter.000000/01.model_devi/task.000.000002 190
iter.000000/01.model_devi/task.000.000002 170
iter.000000/01.model_devi/task.000.000000 160
iter.000000/01.model_devi/task.000.000003 130
iter.000000/01.model_devi/task.000.000004 280
iter.000000/01.model_devi/task.000.000000 180
iter.000000/01.model_devi/task.000.000000 170
iter.000000/01.model_devi/task.000.000003 250
iter.000000/01.model_devi/task.000.000002 220
iter.000000/01.model_devi/task.000.000004 200
iter.000000/01.model_devi/task.000.000004 120
iter.000000/01.model_devi/task.000.000000 190
iter.000000/01.model_devi/task.000.000004 290
iter.000000/01.model_devi/task.000.000004 150
iter.000000/01.model_devi/task.000.000004 170
iter.000000/01.model_devi/task.000.000000 60
iter.000000/01.model_devi/task.000.000002 240
iter.000000/01.model_devi/task.000.000000 20
iter.000000/01.model_devi/task.000.000002 250
iter.000000/01.model_devi/task.000.000002 270
iter.000000/01.model_devi/task.000.000004 40
iter.000000/01.model_devi/task.000.000001 10
iter.000000/01.model_devi/task.000.000003 90
iter.000000/01.model_devi/task.000.000000 120
iter.000000/01.model_devi/task.000.000002 230
iter.000000/01.model_devi/task.000.000001 20
iter.000000/01.model_devi/task.000.000001 300
iter.000000/01.model_devi/task.000.000004 240
iter.000000/01.model_devi/task.000.000002 150
iter.000000/01.model_devi/task.000.000000 260
iter.000000/01.model_devi/task.000.000002 0
iter.000000/01.model_devi/task.000.000000 50
iter.000000/01.model_devi/task.000.000004 0
iter.000000/01.model_devi/task.000.000000 0
iter.000000/01.model_devi/task.000.000000 210
iter.000000/01.model_devi/task.000.000000 150
iter.000000/01.model_devi/task.000.000001 170
iter.000000/01.model_devi/task.000.000001 0
iter.000000/01.model_devi/task.000.000003 270
iter.000000/01.model_devi/task.000.000000 100
iter.000000/01.model_devi/task.000.000000 200
iter.000000/01.model_devi/task.000.000002 20
iter.000000/01.model_devi/task.000.000003 30
iter.000000/01.model_devi/task.000.000003 230
iter.000000/01.model_devi/task.000.000002 30
iter.000000/01.model_devi/task.000.000003 70
iter.000000/01.model_devi/task.000.000003 180
iter.000000/01.model_devi/task.000.000002 210
iter.000000/01.model_devi/task.000.000001 70
iter.000000/01.model_devi/task.000.000003 60
iter.000000/01.model_devi/task.000.000001 120
iter.000000/01.model_devi/task.000.000002 70
iter.000000/01.model_devi/task.000.000000 220
iter.000000/01.model_devi/task.000.000000 90
iter.000000/01.model_devi/task.000.000000 300
iter.000000/01.model_devi/task.000.000001 230
iter.000000/01.model_devi/task.000.000000 140
iter.000000/01.model_devi/task.000.000003 20
iter.000000/01.model_devi/task.000.000003 220
iter.000000/01.model_devi/task.000.000000 40
iter.000000/01.model_devi/task.000.000002 80
iter.000000/01.model_devi/task.000.000000 230
iter.000000/01.model_devi/task.000.000003 240
iter.000000/01.model_devi/task.000.000003 160
iter.000000/01.model_devi/task.000.000002 10
iter.000000/01.model_devi/task.000.000001 220
iter.000000/01.model_devi/task.000.000002 300
iter.000000/01.model_devi/task.000.000001 290
iter.000000/01.model_devi/task.000.000001 280
iter.000000/01.model_devi/task.000.000004 70
iter.000000/01.model_devi/task.000.000002 280
iter.000000/01.model_devi/task.000.000003 120
iter.000000/01.model_devi/task.000.000003 0
iter.000000/01.model_devi/task.000.000001 250
iter.000000/01.model_devi/task.000.000003 150
iter.000000/01.model_devi/task.000.000001 30
iter.000000/01.model_devi/task.000.000004 50
iter.000000/01.model_devi/task.000.000003 200
iter.000000/01.model_devi/task.000.000001 50
iter.000000/01.model_devi/task.000.000000 130
iter.000000/01.model_devi/task.000.000004 250
iter.000000/01.model_devi/task.000.000004 270
iter.000000/01.model_devi/task.000.000001 40
iter.000000/01.model_devi/task.000.000004 30
iter.000000/01.model_devi/task.000.000001 270
iter.000000/01.model_devi/task.000.000003 10
iter.000000/01.model_devi/task.000.000003 140
iter.000000/01.model_devi/task.000.000002 200
iter.000000/01.model_devi/task.000.000004 300
iter.000000/01.model_devi/task.000.000003 80
iter.000000/01.model_devi/task.000.000002 40
iter.000000/01.model_devi/task.000.000000 280
iter.000000/01.model_devi/task.000.000002 290
iter.000000/01.model_devi/task.000.000000 70
iter.000000/01.model_devi/task.000.000002 50
iter.000000/01.model_devi/task.000.000003 290
iter.000000/01.model_devi/task.000.000001 160
