2019-06-24 12:43:40.099203: I tensorflow/core/platform/cpu_feature_guard.cc:140] Your CPU supports instructions that this TensorFlow binary was not compiled to use: AVX512F
2019-06-24 12:43:41.175798: E tensorflow/stream_executor/cuda/cuda_driver.cc:406] failed call to cuInit: CUDA_ERROR_NO_DEVICE
2019-06-24 12:43:41.175847: I tensorflow/stream_executor/cuda/cuda_diagnostics.cc:158] retrieving CUDA diagnostic information for host: SR760-GPU-7
2019-06-24 12:43:41.175857: I tensorflow/stream_executor/cuda/cuda_diagnostics.cc:165] hostname: SR760-GPU-7
2019-06-24 12:43:41.175918: I tensorflow/stream_executor/cuda/cuda_diagnostics.cc:189] libcuda reported version is: 410.48.0
2019-06-24 12:43:41.175969: I tensorflow/stream_executor/cuda/cuda_diagnostics.cc:193] kernel reported version is: 410.48.0
2019-06-24 12:43:41.175976: I tensorflow/stream_executor/cuda/cuda_diagnostics.cc:300] kernel version seems to match DSO: 410.48.0
          v0.12.4-1-ge3cd911-dirty
  source branch:      master
  source commit:      e3cd911
  source commit at:   2019-02-07 10:22:13 +0800
  build float prec:   double
  build with tf inc:  /sharedext4/local/tensorflow/r1.8.gpu.cc/include
  build with tf lib:  /sharedext4/local/tensorflow/r1.8.gpu.cc/lib/libtensorflow_cc.so;/sharedext4/local/tensorflow/r1.8.gpu.cc/lib/libtensorflow_framework.so
  >>> Info of model(s):
  using   4 model(s): ../graph.002.pb ../graph.003.pb ../graph.000.pb ../graph.001.pb 
  rcut in model:      5
  ntypes in model:    2
Neighbor list info ...
  update every 1 steps, delay 10 steps, check yes
  max neighbors/atom: 2000, page size: 100000
  master list distance cutoff = 6
  ghost atom cutoff = 6
  binsize = 3, bins = 4 4 4
  1 neighbor lists, perpetual/occasional/extra = 1 0 0
  (1) pair deepmd, perpetual
      attributes: , newton on
      pair build: full/bin/atomonly
      stencil: full/bin/3d
      bin: standard
Setting up Verlet run ...
  Unit style    : metal
  Current step  : 0
  Time step     : 0.002
Per MPI rank memory allocation (min/avg/max) = 3.934 | 3.934 | 3.934 Mbytes
Step Temp PotEng KinEng TotEng Press Volume Lx Ly Lz Xy Xz Yz 
       0          100   -24.006052  0.051704058   -23.954347    68.209947         1000           10           10           10            0            0            0 
      10    65.584491   -23.985633  0.033909844   -23.951723   -439.09677    1006.0791    10.020223    10.020223    10.020223            0            0            0 
      20    71.505353   -23.984595  0.036971169   -23.947624   -869.34947    1012.2848    10.040783    10.040783    10.040783            0            0            0 
      30    64.048625    -23.97547  0.033115738   -23.942354   -1110.0727    1018.5607     10.06149     10.06149     10.06149            0            0            0 
      40    47.892152   -23.961753  0.024762186   -23.936991   -1138.9337    1024.9149    10.082369    10.082369    10.082369            0            0            0 
      50    92.189023   -23.980879  0.047665466   -23.933214   -951.51406    1031.4004    10.103591    10.103591    10.103591            0            0            0 
      60    80.455535   -23.968457  0.041598777   -23.926858    -519.6889     1038.035    10.125209    10.125209    10.125209            0            0            0 
      70    137.62127   -23.991396  0.071155784    -23.92024    41.858401    1044.9683    10.147702    10.147702    10.147702            0            0            0 
      80    158.00077   -23.989568  0.081692808   -23.907875    677.95693    1052.3346    10.171491    10.171491    10.171491            0            0            0 
      90    133.88301   -23.961281   0.06922295   -23.892058    1203.1804    1060.3683    10.197309    10.197309    10.197309            0            0            0 
     100    188.58363   -23.976242   0.09750539   -23.878737    1443.4391    1069.3213    10.225928    10.225928    10.225928            0            0            0 
     110    145.98118   -23.944975  0.075478192   -23.869497    1368.3968    1079.3281    10.257728    10.257728    10.257728            0            0            0 
     120    191.70862   -23.972557  0.099121136   -23.873436     900.7384    1090.5624    10.293194    10.293194    10.293194            0            0            0 
     130    182.04236    -23.97659  0.094123289   -23.882467    246.20205    1102.9593     10.33205     10.33205     10.33205            0            0            0 
     140     140.1156   -23.963678   0.07244545   -23.891233   -435.33644    1116.4131     10.37389     10.37389     10.37389            0            0            0 
     150    157.17155   -23.983089  0.081264071   -23.901825   -963.83364    1130.8282    10.418348    10.418348    10.418348            0            0            0 
     160    88.275693   -23.956796  0.045642115   -23.911154   -1176.3011    1146.0299    10.464825    10.464825    10.464825            0            0            0 
     170    100.78775   -23.974227  0.052111356   -23.922116   -1153.4083    1162.0513    10.513365    10.513365    10.513365            0            0            0 
     180    91.647754    -23.97893  0.047385608   -23.931545   -882.76104    1178.8674    10.563836    10.563836    10.563836            0            0            0 
     190    76.615771   -23.976858  0.039613463   -23.937244   -461.95421    1196.5866      10.6165      10.6165      10.6165            0            0            0 
     200    108.39735   -23.995547  0.056045828   -23.939501    5.8968354    1215.3482    10.671699    10.671699    10.671699            0            0            0 
     210    65.936584   -23.970903   0.03409189   -23.936811    468.50115    1235.2824    10.729729    10.729729    10.729729            0            0            0 
     220    83.981922   -23.978764  0.043422062   -23.935342    776.96595     1256.645    10.791228    10.791228    10.791228            0            0            0 
     230    84.610195   -23.978468  0.043746904   -23.934722    909.12775    1279.5971    10.856531    10.856531    10.856531            0            0            0 
     240    76.557442   -23.974724  0.039583304   -23.935141    841.71889    1304.3609    10.926119    10.926119    10.926119            0            0            0 
     250    120.03364   -23.998121  0.062062265   -23.936059    588.34862    1331.1588    11.000437    11.000437    11.000437            0            0            0 
     260    88.461323    -23.97833  0.045738094   -23.932592    246.74659    1360.1376     11.07969     11.07969     11.07969            0            0            0 
     270    108.40348   -23.984783     0.056049   -23.928734   -149.10565    1391.5719    11.164396    11.164396    11.164396            0            0            0 
     280    96.017626    -23.97321  0.049645009   -23.923565   -475.76359     1425.657    11.254815    11.254815    11.254815            0            0            0 
     290    71.110748   -23.955241  0.036767143   -23.918474   -684.58817    1462.6982    11.351456    11.351456    11.351456            0            0            0 
     300    115.93049   -23.977403  0.059940768   -23.917462   -750.13857    1503.1175    11.455067    11.455067    11.455067            0            0            0 
Loop time of 5.75757 on 1 procs for 300 steps with 5 atoms

Performance: 9.004 ns/day, 2.666 hours/ns, 52.105 timesteps/s
369.1% CPU use with 1 MPI tasks x no OpenMP threads

MPI task timing breakdown:
Section |  min time  |  avg time  |  max time  |%varavg| %total
---------------------------------------------------------------
Pair    | 5.6401     | 5.6401     | 5.6401     |   0.0 | 97.96
Neigh   | 0.00035262 | 0.00035262 | 0.00035262 |   0.0 |  0.01
Comm    | 0.0013702  | 0.0013702  | 0.0013702  |   0.0 |  0.02
Output  | 0.10892    | 0.10892    | 0.10892    |   0.0 |  1.89
Modify  | 0.00457    | 0.00457    | 0.00457    |   0.0 |  0.08
Other   |            | 0.00225    |            |       |  0.04

Nlocal:    5 ave 5 max 5 min
Histogram: 1 0 0 0 0 0 0 0 0 0
Nghost:    51 ave 51 max 51 min
Histogram: 1 0 0 0 0 0 0 0 0 0
Neighs:    0 ave 0 max 0 min
Histogram: 1 0 0 0 0 0 0 0 0 0

Total # of neighbors = 0
Ave neighs/atom = 0
Neighbor list builds = 20
Dangerous builds = 1
Total wall time: 0:00:07
