2019-06-24 13:55:30.495112: I tensorflow/core/platform/cpu_feature_guard.cc:140] Your CPU supports instructions that this TensorFlow binary was not compiled to use: AVX512F
2019-06-24 13:55:32.189580: E tensorflow/stream_executor/cuda/cuda_driver.cc:406] failed call to cuInit: CUDA_ERROR_NO_DEVICE
2019-06-24 13:55:32.189680: I tensorflow/stream_executor/cuda/cuda_diagnostics.cc:158] retrieving CUDA diagnostic information for host: SR760-GPU-7
2019-06-24 13:55:32.189707: I tensorflow/stream_executor/cuda/cuda_diagnostics.cc:165] hostname: SR760-GPU-7
2019-06-24 13:55:32.189818: I tensorflow/stream_executor/cuda/cuda_diagnostics.cc:189] libcuda reported version is: 410.48.0
2019-06-24 13:55:32.189940: I tensorflow/stream_executor/cuda/cuda_diagnostics.cc:193] kernel reported version is: 410.48.0
2019-06-24 13:55:32.189962: I tensorflow/stream_executor/cuda/cuda_diagnostics.cc:300] kernel version seems to match DSO: 410.48.0
fo of lammps module:
  use deepmd-kit at:  /sharedext4/local/deepmd-kit-0.12.4
  source:             v0.12.4-1-ge3cd911-dirty
  source branch:      master
  source commit:      e3cd911
  source commit at:   2019-02-07 10:22:13 +0800
  build float prec:   double
  build with tf inc:  /sharedext4/local/tensorflow/r1.8.gpu.cc/include
  build with tf lib:  /sharedext4/local/tensorflow/r1.8.gpu.cc/lib/libtensorflow_cc.so;/sharedext4/local/tensorflow/r1.8.gpu.cc/lib/libtensorflow_framework.so
  >>> Info of model(s):
  using   4 model(s): ../graph.002.pb ../graph.003.pb ../graph.000.pb ../graph.001.pb 
  rcut in model:      5
  ntypes in model:    2
Neighbor list info ...
  update every 1 steps, delay 10 steps, check yes
  max neighbors/atom: 2000, page size: 100000
  master list distance cutoff = 6
  ghost atom cutoff = 6
  binsize = 3, bins = 4 4 4
  1 neighbor lists, perpetual/occasional/extra = 1 0 0
  (1) pair deepmd, perpetual
      attributes: , newton on
      pair build: full/bin/atomonly
      stencil: full/bin/3d
      bin: standard
Setting up Verlet run ...
  Unit style    : metal
  Current step  : 0
  Time step     : 0.002
Per MPI rank memory allocation (min/avg/max) = 3.949 | 3.949 | 3.949 Mbytes
Step Temp PotEng KinEng TotEng Press Volume Lx Ly Lz Xy Xz Yz 
       0          100   -24.006048  0.051704058   -23.954344    76.316199    1008.3119    10.043653    9.8644438    10.177254    0.2580534     -0.07606    -0.106857 
      10    81.641817   -23.994863  0.042212133   -23.952651   -308.61877    1012.8966    10.058852    9.8793722    10.192656   0.25844393 -0.076175106  -0.10701871 
      20    90.599974   -23.997321  0.046843863   -23.950477   -623.18928    1017.7285    10.074822    9.8950567    10.208837   0.25885423 -0.076296042  -0.10718862 
      30    73.859713   -23.984909  0.038188469    -23.94672   -796.08687    1022.7852     10.09148     9.911418    10.225717   0.25928224 -0.076422195  -0.10736585 
      40    85.702046   -23.988067  0.044311436   -23.943755   -812.48562    1028.0725    10.108839    9.9284676    10.243308   0.25972826 -0.076553657  -0.10755054 
      50    78.554063   -23.980684  0.040615638   -23.940068   -680.14039    1033.6392    10.127052    9.9463554    10.261763    0.2601962 -0.076691581  -0.10774431 
      60    104.06412   -23.989828  0.053805372   -23.936022   -391.08019    1039.5319     10.14626    9.9652207    10.281226   0.26068972 -0.076837043  -0.10794867 
      70    107.12275   -23.984229   0.05538681   -23.928842     8.565507    1045.8438    10.166754    9.9853491    10.301993   0.26121628 -0.076992243  -0.10816671 
      80    133.27419   -23.988196  0.068908163   -23.919288    404.79437     1052.721     10.18899    10.007188    10.324525   0.26178759 -0.077160634  -0.10840328 
      90    142.84843   -23.980259  0.073858436   -23.906401    706.34742    1060.3563    10.213564    10.031324    10.349426   0.26241897 -0.077346732  -0.10866473 
     100    175.21635   -23.984632  0.090593964   -23.894038     877.9704    1068.9432     10.24106    10.058329    10.377287   0.26312544 -0.077554958  -0.10895727 
     110    204.42782   -23.988564   0.10569748   -23.882866    827.31359    1078.7193    10.272186    10.088899    10.408827   0.26392515  -0.07779067  -0.10928842 
     120    227.25698   -23.993795   0.11750108   -23.876293    503.13434    1089.9126    10.307593    10.123675    10.444705   0.26483488 -0.078058808  -0.10966513 
     130      229.215   -23.993761   0.11851346   -23.875247    81.786766      1102.62    10.347498    10.162867    10.485141   0.26586015 -0.078361001  -0.11008969 
     140    182.15635   -23.976856  0.094182224   -23.882674    -288.0771    1116.8237     10.39174     10.20632    10.529971   0.26699687 -0.078696044  -0.11056039 
     150    154.46407   -23.981077  0.079864194   -23.901213   -553.83288    1132.4081    10.439853    10.253575    10.578724   0.26823304 -0.079060401  -0.11107228 
     160    104.07065   -23.974984  0.053808751   -23.921175   -636.05773    1149.2243    10.491276     10.30408    10.630832   0.26955428 -0.079449828  -0.11161938 
     170    91.048151   -23.986979  0.047075589   -23.939903   -524.21306    1167.1377    10.545506    10.357343    10.685783   0.27094761 -0.079860506  -0.11219635 
     180    66.170025   -23.986031  0.034212588   -23.951818   -316.96193    1186.1388    10.602425    10.413246    10.743459   0.27241005 -0.080291555  -0.11280193 
     190    79.377794   -24.000394  0.041041541   -23.959353    -73.95673    1206.2633    10.662051    10.471808    10.803878   0.27394202 -0.080743096   -0.1134363 
     200    63.755563   -23.995777  0.032964213   -23.962813    183.26492    1227.6045    10.724561    10.533203     10.86722   0.27554812 -0.081216484  -0.11410136 
     210    77.593148    -24.00486  0.040118806   -23.964742    392.93938    1250.3107     10.79028    10.597749    10.933812   0.27723663 -0.081714164  -0.11480056 
     220    59.749823   -23.994976  0.030893083   -23.964083    515.57249    1274.5528    10.859571    10.665804    11.004026   0.27901694 -0.082238903  -0.11553777 
     230    77.230645   -24.003605  0.039931378   -23.963673    523.85302    1300.5245    10.932837    10.737763    11.078267   0.28089939 -0.082793746  -0.11631727 
     240    66.746834   -23.995839  0.034510822   -23.961329     425.0685    1328.4376    11.010501    10.814041    11.156964   0.28289483 -0.083381891  -0.11714355 
     250    85.970238   -24.003212  0.044450102   -23.958762    239.64432    1358.5244    11.093005    10.895073    11.240565    0.2850146 -0.084006685  -0.11802133 
     260    77.304145   -23.994151   0.03996938   -23.954181    4.5394786    1391.0435    11.180819     10.98132    11.329547   0.28727083 -0.084671697  -0.11895561 
     270    88.280801   -23.993843  0.045644757   -23.948199    -239.4849    1426.3002    11.274493    11.073323    11.424467   0.28967762 -0.085381087  -0.11995223 
     280    83.192579   -23.983108  0.043013939   -23.940094   -419.10092    1464.6495    11.374648     11.17169    11.525954    0.2922509  -0.08613955   -0.1210178 
     290    95.714685   -23.982124  0.049488376   -23.932636   -502.49736    1506.5285    11.482043    11.277169    11.634778   0.29501023 -0.086952849  -0.12216041 
     300    99.968842   -23.976725  0.051687948   -23.925037   -498.15978    1552.4994    11.597664    11.390727    11.751937    0.2979809  -0.08782844  -0.12339053 
     310    114.94458   -23.979257   0.05943101   -23.919826   -363.75345    1603.1819     11.72252    11.513355    11.878454   0.30118885 -0.088773967   -0.1247189 
     320    136.44199   -23.986984  0.070546047   -23.916438   -134.10331    1659.4006    11.857973    11.646392    12.015709   0.30466908 -0.089799747  -0.12616003 
     330    150.10767   -23.991798  0.077611755   -23.914187    89.197764    1722.1582    12.005615    11.791399    12.165314   0.30846245 -0.090917825  -0.12773082 
     340    156.81272   -23.995126  0.081078541   -23.914047    282.08056     1792.523    12.166947    11.949853    12.328793   0.31260761  -0.09213959  -0.12944728 
     350    141.93977   -23.987643   0.07338862   -23.914255    418.91425    1871.6853    12.343481    12.123237    12.507675   0.31714332 -0.093476471  -0.13132547 
     360    147.94184   -23.995291  0.076491933   -23.918799    410.43933      1961.05    12.536884    12.313189     12.70365   0.32211245 -0.094941099  -0.13338313 
     370     127.8514   -23.990763  0.066104362   -23.924659    303.82751     2061.946    12.748306    12.520838    12.917885   0.32754455 -0.096542184   -0.1356325 
     380    120.48821   -23.996081  0.062297294   -23.933784    163.02052    2175.7101    12.978576       12.747    13.151218   0.33346094  -0.09828601  -0.13808241 
     390     86.46885   -23.989871  0.044707904   -23.945163    1.1657593    2303.8017    13.228433    12.992399    13.404399   0.33988056  -0.10017816   -0.1407407 
     400    74.265758   -23.995493  0.038398411   -23.957095   -126.95688    2447.6613     13.49824    13.257392    13.677795   0.34681276  -0.10222139  -0.14361125 
     410    42.797867   -23.988482  0.022128234   -23.966354   -190.06057    2608.8088    13.788197    13.542174    13.971608   0.35426266  -0.10441722  -0.14669617 
     420    41.483069    -23.99495   0.02144843   -23.973501   -202.02318    2788.9725    14.098561    13.847001    14.286101   0.36223691  -0.10676759  -0.14999822 
     430    28.011572   -23.992145   0.01448312   -23.977662   -175.46946    2990.0733     14.42959    14.172123    14.621533    0.3707421  -0.10927445  -0.15352012 
     440    37.239203   -24.000044  0.019254179    -23.98079   -116.11114    3214.0139    14.781187    14.517446    14.977807   0.37977573  -0.11193707  -0.15726084 
     450    30.144514   -23.997672  0.015585937   -23.982086   -44.523485    3462.6292    15.152887    14.882514    15.354451   0.38932589  -0.11475194  -0.16121546 
     460    43.371508   -24.004704   0.02242483    -23.98228     25.41377    3737.4158    15.543561    15.266218    15.750322   0.39936356  -0.11771049  -0.16537194 
     470    37.291335   -23.999713  0.019281134   -23.980432    84.852591    4039.5205    15.951566    15.666942    16.163755    0.4098465  -0.12080029  -0.16971281 
     480    52.585613   -24.005187  0.027188896   -23.977998    123.58483    4369.5394    16.374647    16.082474    16.592463   0.42071679  -0.12400425  -0.17421407 
     490     46.97414   -23.998214  0.024287536   -23.973926    130.30311    4727.4521    16.810054    16.510112    17.033662   0.43190378  -0.12730156  -0.17884648 
     500    68.395343   -24.005406  0.035363168   -23.970043    111.62909    5112.1987    17.254245    16.946378    17.483762   0.44331647   -0.1306654  -0.18357235 
     510    65.338868   -23.998746  0.033782846   -23.964963     72.84227    5521.8753    17.703355    17.387475    17.938846   0.45485554  -0.13406649  -0.18835055 
     520     86.67342   -24.004948  0.044813676   -23.960134    22.570474    5953.5045    18.153106    17.829201     18.39458   0.46641108  -0.13747242  -0.19313556 
     530    75.938274   -23.993119  0.039263169   -23.953856   -27.785435    6403.1204    18.599043    18.267181    18.846449   0.47786862  -0.14084948     -0.19788 
     540    89.086509   -23.994239   0.04606134   -23.948177   -67.678764    6865.7307    19.036582    18.696913    19.289808   0.48911038  -0.14416294  -0.20253509 
     550    76.480697   -23.981638  0.039543624   -23.942094   -89.040763    7335.8046    19.461485    19.114234    19.720362   0.50002749   -0.1473807  -0.20705574 
     560    89.855621   -23.984824  0.046459002   -23.938365   -85.824512    7807.3668    19.869865    19.515327    20.134175   0.51052007  -0.15047334   -0.2114006 
     570    88.741949   -23.980571  0.045883189   -23.934687   -64.646451    8274.5867    20.258572    19.897098    20.528052   0.52050718  -0.15341699  -0.21553615 
     580    103.30499   -23.985898  0.053412874   -23.932485   -31.222993    8731.8676    20.625086    20.257073    20.899442    0.5299241  -0.15619258  -0.21943559 
     590    117.54571    -23.99217    0.0607759   -23.931394    12.867608    9174.3557    20.967754    20.593627    21.246668   0.53872833  -0.15878759  -0.22308132 
     600    119.43207   -23.990386  0.061751229   -23.928634    51.156397     9598.467    21.285998    20.906192    21.569145   0.54690503  -0.16119763   -0.2264672 
     610     127.6141   -23.993221  0.065981666   -23.927239    70.964351    10001.348    21.579741    21.194694    21.866796   0.55445224  -0.16342213  -0.22959241 
     620    119.07949   -23.988563  0.061568928   -23.926994    77.324811    10380.467    21.849039    21.459187    22.139676   0.56137136  -0.16546151  -0.23245755 
     630    129.76116    -23.99503  0.067091787   -23.927938    68.122946    10734.584    22.094718    21.700482    22.388623   0.56768362  -0.16732202  -0.23507138 
     640    120.64042   -23.992417  0.062375993   -23.930041    39.825801     11063.32    22.317997    21.919777    22.614872   0.57342037   -0.1690129   -0.2374469 
     650    125.62473   -23.998031  0.064953084   -23.933078     3.832791    11366.026    22.519717    22.117898    22.819275   0.57860321  -0.17054052  -0.23959306 
     660    101.23156   -23.987921  0.052340826    -23.93558   -28.014028    11642.415    22.700796    22.295746    23.002763    0.5832557  -0.17191181   -0.2415196 
     670    97.104876   -23.990247  0.050207161    -23.94004   -51.069408    11893.029    22.862526     22.45459    23.166644   0.58741106  -0.17313659  -0.24324029 
     680    71.817964   -23.982335  0.037132802   -23.945203   -62.098764    12118.639    23.006188    22.595689    23.312218    0.5911022  -0.17422453  -0.24476875 
     690    69.345718   -23.988673   0.03585455   -23.952818   -60.615448    12320.163    23.133013    22.720251    23.440729   0.59436073  -0.17518497  -0.24611807 
     700    54.507853   -23.989516  0.028182772   -23.961333   -45.038586    12498.658    23.244195     22.82945    23.553391   0.59721736  -0.17602695  -0.24730097 
     710    54.985858   -23.997665   0.02842992   -23.969235   -21.920021    12655.992    23.341322    22.924843     23.65181   0.59971286  -0.17676248  -0.24833433 
     720    43.637528   -23.997729  0.022562373   -23.975167    1.0653043     12793.92    23.425809    23.007823     23.73742    0.6018836   -0.1774023   -0.2492332 
     730      44.0048    -24.00208  0.022752267   -23.979328    20.483953     12913.97    23.498852    23.079562    23.811435    0.6037603  -0.17795545  -0.25001033 
     740    36.282737    -24.00005  0.018759647    -23.98129    36.672691    13017.413    23.561428    23.141022    23.874843   0.60536808  -0.17842933  -0.25067609 
     750     36.18815   -24.001119  0.018710742   -23.982408    44.066039    13105.942     23.61472    23.193363    23.928844   0.60673732  -0.17883291  -0.25124308 
     760    35.607894   -24.001509  0.018410726   -23.983098    40.430599    13180.732    23.659554    23.237397    23.974275   0.60788926  -0.17917244  -0.25172008 
     770    39.794954   -24.003291  0.020575606   -23.982715    29.492277    13242.444    23.696422    23.273607    24.011633   0.60883649  -0.17945163  -0.25211232 
     780     44.53536   -24.003924  0.023026588   -23.980898    14.534205    13291.581    23.725694    23.302357    24.041295    0.6095886  -0.17967331  -0.25242376 
     790    48.212759   -24.002009  0.024927953   -23.977081   -5.8298587    13329.064    23.747976    23.324242    24.063873    0.6101611  -0.17984205  -0.25266082 
     800    56.086878   -23.998483  0.028999192   -23.969484   -27.804829    13355.423     23.76362    23.339606    24.079725   0.61056304  -0.17996052  -0.25282726 
     810    60.668931   -23.990547  0.031368299   -23.959179   -44.423436    13371.016    23.772865    23.348686    24.089093   0.61080057  -0.18003053  -0.25292562 
     820    77.960579   -23.988162  0.040308783   -23.947853   -51.399799    13376.406    23.776059    23.351823    24.092329   0.61088262  -0.18005472   -0.2529596 
     830    82.899303   -23.981926  0.042862304   -23.939063    -47.04513    13372.764      23.7739    23.349703    24.090142   0.61082717  -0.18003837  -0.25293664 
     840     108.0184   -23.990162  0.055849896   -23.934312   -30.305927    13361.083    23.766976    23.342903    24.083126   0.61064927  -0.17998594  -0.25286297 
     850    110.53269   -23.988539  0.057149888   -23.931389   -3.4361798    13342.486    23.755944    23.332068    24.071947   0.61036582  -0.17990239   -0.2527456 
     860    131.39154   -23.997751  0.067934759   -23.929816    27.952751    13318.059    23.741438     23.31782    24.057248   0.60999312  -0.17979254  -0.25259126 
     870    112.96104    -23.98634  0.058405444   -23.927935    52.026946    13289.403    23.724398    23.301084    24.039981    0.6095553   -0.1796635  -0.25240997 
     880    129.96604   -23.995221  0.067197718   -23.928024    62.738096     13257.06    23.705137    23.282166    24.020464   0.60906041  -0.17951763  -0.25220504 
     890    111.45675    -23.98633  0.057627663   -23.928702     65.44143    13220.724    23.683459    23.260875    23.998498   0.60850344  -0.17935347  -0.25197441 
     900    133.40967   -24.000878  0.068978212   -23.931899    53.656642    13180.815    23.659604    23.237446    23.974325   0.60789054  -0.17917282  -0.25172061 
     910    108.25393   -23.990323  0.055971673   -23.934351    25.096373    13137.399    23.633598    23.211904    23.947973   0.60722236  -0.17897587  -0.25144392 
     920    119.20339   -23.999218  0.061632991   -23.937585   -6.5010937    13089.073    23.604584    23.183407    23.918573   0.60647688  -0.17875615  -0.25113523 
     930    90.699353   -23.986074  0.046895246   -23.939179   -31.439024    13034.468    23.571713    23.151124    23.885266   0.60563234  -0.17850722  -0.25078552 
     940    94.882604   -23.990464  0.049058157   -23.941406   -52.235793    12973.272    23.534767    23.114836    23.847827   0.60468306  -0.17822743  -0.25039243 
     950    72.622094   -23.981357   0.03754857   -23.943808   -62.599465    12904.835     23.49331    23.074119    23.805819    0.6036179  -0.17791348  -0.24995136 
     960    79.689556   -23.988833  0.041202734    -23.94763   -57.598092    12828.402    23.446835    23.028474    23.758726   0.60242383  -0.17756153  -0.24945691 
     970    72.206642    -23.98886  0.037333764   -23.951526   -39.266384    12743.739    23.395141    22.977702    23.706345   0.60109565  -0.17717005  -0.24890692 
     980    81.826907   -23.997603  0.042307832   -23.955295   -14.508091    12651.252    23.338408    22.921981    23.648856   0.59963797  -0.17674041  -0.24830332 
     990    74.582643   -23.996199  0.038562253   -23.957637    11.969547    12551.336    23.276805    22.861477    23.586434    0.5980552   -0.1762739  -0.24764791 
    1000    73.610607   -23.997473  0.038059671   -23.959413    37.388811    12444.031    23.210282    22.796141    23.519026   0.59634601  -0.17577012  -0.24694015 
    1010    69.898461   -23.995993  0.036140341   -23.959852    56.275405    12329.627    23.138935    22.726067     23.44673   0.59451288  -0.17522982  -0.24618107 
    1020    66.916223   -23.994257  0.034598403   -23.959659    60.517248    12208.713    23.063047    22.651533    23.369832   0.59256307  -0.17465512  -0.24537368 
    1030     74.41749   -23.998507  0.038476862    -23.96003     49.88487     12081.45    22.982631    22.572552    23.288347   0.59049694  -0.17404614  -0.24451812 
    1040    72.831735   -23.995742  0.037656963   -23.958085    30.731633    11947.425    22.897329    22.488772     23.20191   0.58830526  -0.17340015  -0.24361057 
    1050    90.258111   -24.000652  0.046667106   -23.953985    3.3295225    11806.697    22.807072    22.400126    23.110453   0.58598626  -0.17271664   -0.2426503 
    1060    85.145606   -23.990037  0.044023733   -23.946013   -30.788406    11659.657    22.711996    22.306746    23.014112   0.58354347  -0.17199663  -0.24163876 
    1070    106.33709   -23.989316  0.054980591   -23.934336   -61.201537    11506.528     22.61213    22.208663    22.912918    0.5809776  -0.17124036  -0.24057627 
    1080    101.23807   -23.972688   0.05234419   -23.920344   -78.545235    11347.538      22.5075    22.105899    22.806896   0.57828932    -0.170448  -0.23946308 
    1090     140.4189   -23.980141  0.072602271   -23.907539   -82.077221    11183.663    22.398627    21.998969    22.696575   0.57549203  -0.16962351  -0.23830475 
    1100    143.40243   -23.971092  0.074144877   -23.896947   -65.183232    11016.282    22.286322    21.888668    22.582776   0.57260655  -0.16877303  -0.23710991 
    1110    191.17735   -23.991601  0.098846446   -23.892755   -28.956916    10846.841    22.171469    21.775864    22.466395   0.56965561  -0.16790326  -0.23588796 
    1120    182.16169   -23.986142  0.094184984   -23.891957    15.971652    10676.784     22.05499    21.661463    22.348367    0.5666629  -0.16702117  -0.23464871 
    1130    189.64475   -23.994662   0.09805403   -23.896608    60.962472    10506.884    21.937377    21.545949    22.229189   0.56364104  -0.16613049  -0.23339739 
    1140    152.83156    -23.98421  0.079020118    -23.90519    88.172858    10337.963    21.819177    21.429858    22.109417   0.56060411  -0.16523537  -0.23213984 
    1150    147.92288   -23.993962  0.076482132    -23.91748    92.294751    10169.167    21.699772    21.312584    21.988424   0.55753621  -0.16433112  -0.23086945 
    1160    114.88945   -23.989465  0.059402509   -23.930063    81.393557     9998.842    21.577939    21.192924    21.864969   0.55440592  -0.16340848  -0.22957323 
    1170    108.58575   -23.998379  0.056143241   -23.942236    52.978731    9825.8572    21.452778    21.069996    21.738144   0.55119014  -0.16246065  -0.22824162 
    1180    84.797068   -23.993596  0.043843525   -23.949752    12.887001    9648.9875    21.323278    20.942807    21.606921   0.54786288  -0.16147995  -0.22686383 
    1190    76.749852   -23.994095  0.039682788   -23.954413    -24.91666    9466.8936    21.188289    20.810227    21.470136   0.54439458  -0.16045769  -0.22542765 
    1200    64.055729   -23.989494  0.033119411   -23.956375    -53.07102     9278.683    21.046934    20.671394    21.326901   0.54076271  -0.15938721  -0.22392373 
    1210      60.7653    -23.98793  0.031418126   -23.956512   -71.769351    9084.2533    20.898886    20.525987    21.176884   0.53695889  -0.15826605  -0.22234861 
    1220    63.253112    -23.98937  0.032704426   -23.956665    -74.41214    8883.4694    20.743765    20.373635      21.0197   0.53297335  -0.15709133  -0.22069825 
    1230    67.352136    -23.99149  0.034823788   -23.956666   -59.687483    8676.5025    20.581402    20.214168    20.855177   0.52880172  -0.15586177  -0.21897082 
    1240    79.369156   -23.997371  0.041037075   -23.956333   -28.251389    8463.5841    20.411652    20.047447    20.683169   0.52444031  -0.15457626  -0.21716481 
    1250    83.251278   -23.998222  0.043044289   -23.955177    12.269491    8245.4762    20.234787    19.873738    20.503951   0.51989607  -0.15323687   -0.2152831 
    1260    94.237426   -24.001888  0.048724573   -23.953163    52.502843    8022.9443     20.05109    19.693318     20.31781   0.51517631  -0.15184574  -0.21332869 
    1270    86.736573   -23.994767  0.044846328    -23.94992    86.814293    7796.6622    19.860779    19.506404    20.124969   0.51028664  -0.15040454  -0.21130394 
    1280    96.894598   -23.996361  0.050098439   -23.946262     109.2681    7567.1961    19.663993    19.313129    19.925565   0.50523057  -0.14891428  -0.20921028 
    1290    89.875523   -23.988833  0.046469293   -23.942364     102.2882    7335.5575    19.461266    19.114019    19.720141   0.50002187  -0.14737904  -0.20705341 
    1300     109.3573   -23.996452   0.05654216    -23.93991    68.159576     7102.254    19.252721    18.909195    19.508822   0.49466368  -0.14579974  -0.20483465 
    1310    97.363075   -23.986064  0.050340661   -23.935724    20.922649    6867.4728    19.038192    18.698494    19.291439   0.48915174  -0.14417513  -0.20255222 
    1320    118.37698   -23.993301    0.0612057   -23.932095   -39.774155    6631.6778    18.817757    18.481992    19.068072   0.48348807  -0.14250579  -0.20020695 
    1330    97.227959   -23.977293    0.0502708   -23.927023   -102.61105    6395.3722    18.591538     18.25981    18.838844   0.47767579  -0.14079265  -0.19780015 
    1340    115.97995   -23.983148   0.05996634   -23.923181   -146.06029    6158.9653    18.359576    18.031986    18.603796   0.47171593    -0.139036  -0.19533224 
    1350    99.220538   -23.972075  0.051301044   -23.920774   -159.17989    5922.8658    18.121912    17.798563    18.362971    0.4656096  -0.13723619  -0.19280368 
    1360    130.47565   -23.989726  0.067461208   -23.922265   -141.16916    5687.7834    17.878911    17.559898    18.116737   0.45936613  -0.13539596  -0.19021833 
    1370    114.97605   -23.984068  0.059447284   -23.924621    -86.47196    5454.5118     17.63107     17.31648      17.8656   0.45299831  -0.13351908  -0.18758149 
    1380    140.36032   -24.002857  0.072571981   -23.930285   -10.378924    5223.9453    17.379059    17.068965    17.610236   0.44652334  -0.13161061  -0.18490028 
    1390    111.59179   -23.994658  0.057697482   -23.936961     73.23757    4996.8133    17.123443     16.81791     17.35122   0.43995575  -0.12967484  -0.18218071 
    1400     106.7257   -24.001528  0.055181518   -23.946346     143.6971    4773.7747     16.86478    16.563862    17.089117   0.43330989  -0.12771601  -0.17942873 
    1410    67.219283   -23.991164  0.034755097   -23.956409    172.43555    4555.4568    16.603667    16.307409     16.82453   0.42660106  -0.12573861  -0.17665069 
    1420    65.864578   -24.000224   0.03405466   -23.966169    164.31806    4341.9517    16.340113    16.048556     16.55747    0.4198295  -0.12374273  -0.17384666 
    1430    45.479285    -23.99648  0.023514636   -23.972965    128.21698    4133.4094    16.074206    15.787394    16.288026   0.41299751  -0.12172903  -0.17101761 
    1440    50.113141   -24.003712  0.025910527   -23.977801    63.184668    3930.1099    15.806229    15.524199    16.016485   0.40611234  -0.11969966  -0.16816654 
    1450    35.766199   -23.997739  0.018492576   -23.979246   -20.844771    3732.4205    15.536633    15.259413    15.743302   0.39918555  -0.11765802  -0.16529823 
    1460    38.776934   -23.999138  0.020049248   -23.979089   -99.528586     3540.636    15.265832    14.993444    15.468899   0.39222781  -0.11560726  -0.16241711 
    1470    31.954866   -23.993952  0.016521963    -23.97743   -163.37597    3355.1928    14.994519    14.726972    15.193977   0.38525692  -0.11355263  -0.15953054 
    1480      37.5203   -23.994258  0.019399518   -23.974859   -204.99023     3176.542    14.723518    14.460806    14.919371   0.37829403  -0.11150035  -0.15664729 
    1490    40.083914   -23.992141   0.02072501   -23.971416   -204.49266    3005.1039    14.453728    14.195831    14.645992   0.37136228  -0.10945725  -0.15377693 
    1500    53.904135   -23.995597  0.027870625   -23.967727   -148.99757    2841.2466      14.1861    13.932978    14.374805   0.36448607  -0.10743052  -0.15092957 
    1510      70.9594   -23.998887  0.036688889   -23.962198   -49.669646    2685.3692    13.921778    13.673372    14.106967    0.3576948  -0.10542882  -0.14811738 
    1520    81.724585   -23.997549  0.042254927   -23.955294    90.849303    2537.8039    13.661952    13.418182    13.843684   0.35101902  -0.10346117  -0.14535301 
    1530    100.80837   -23.999525  0.052122017   -23.947403    247.51987    2398.9076    13.408017    13.168778    13.586371   0.34449463  -0.10153814  -0.14265134 
    1540    100.54702   -23.991115  0.051986889   -23.939128    379.47983    2268.9185    13.161327     12.92649      13.3364   0.33815638 -0.099669969  -0.14002674 
    1550    125.61212   -23.998275  0.064946564   -23.933328    440.08376    2147.9423    12.923126    12.692539     13.09503   0.33203625 -0.097866089  -0.13749246 
    1560    118.05782    -23.99018  0.061040684    -23.92914    395.89335    2035.9191     12.69444    12.467934    12.863302   0.32616058 -0.096134263  -0.13505941 
    1570    141.57565   -24.000542  0.073200356   -23.927342    235.41962    1932.6118    12.475987    12.253378    12.641944   0.32054782 -0.094479931  -0.13273523 
    1580    118.73229   -23.986445   0.06138941   -23.925055    24.338319    1837.5288    12.267934    12.049038    12.431123   0.31520227 -0.092904356   -0.1305217 
    1590     136.2366   -23.994311  0.070439849   -23.923871   -221.96469    1750.1989    12.070424    11.855052    12.230985   0.31012761 -0.091408623  -0.12842034 
    1600    106.86419   -23.976981  0.055253122   -23.921728    -448.8969    1670.1333    11.883483    11.671447    12.041558   0.30532451 -0.089992933  -0.12643143 
    1610    114.00123   -23.981667  0.058943265   -23.922724   -561.51346    1596.7848    11.706907    11.498021    11.862633   0.30078771 -0.088655732  -0.12455279 
    1620    93.484134   -23.973752  0.048335091   -23.925417     -533.868    1529.6417    11.540465    11.334548    11.693976   0.29651126 -0.087395271  -0.12278197 
    1630    114.56131   -23.989739  0.059232849   -23.930506     -413.346       1468.3     11.38409    11.180964    11.535522    0.2924935 -0.086211055  -0.12111826 
    1640    103.55709   -23.989632   0.05354322   -23.936089   -172.85244     1412.339    11.237586    11.037074    11.387069   0.28872936  -0.08510159  -0.11955957 
    1650    109.30619   -23.998102  0.056515735   -23.941586    133.34204    1361.4094    11.100852    10.902779    11.248516   0.28521621 -0.084066108  -0.11810481 
    1660    95.058683   -23.994999  0.049149197    -23.94585    399.86514      1315.15    10.973668    10.777865     11.11964   0.28194846 -0.083102954  -0.11675167 
    1670    88.485985   -23.995278  0.045750845   -23.949527    570.78368    1273.2157    10.855772    10.662073    11.000176   0.27891933 -0.082210133  -0.11549735 
    1680    79.812051   -23.994226  0.041266069    -23.95296    636.14415    1235.2556    10.746796    10.555041     10.88975   0.27611939 -0.081384864  -0.11433792 
    1690    74.099431   -23.995025  0.038312413   -23.956713    556.30785    1200.9463    10.646362    10.456399    10.787981   0.27353893 -0.080624287  -0.11326938 
    1700    76.790892   -24.000098  0.039704007   -23.960394    333.38646    1169.9464    10.553958    10.365644    10.694347   0.27116478 -0.079924515  -0.11228627 
    1710    64.910391   -23.996302  0.033561306   -23.962741    35.859049    1141.9253    10.469018     10.28222    10.608278    0.2689824 -0.079281269  -0.11138257 
    1720    65.769415   -23.998722  0.034005457   -23.964717    -262.9073    1116.5831    10.390993    10.205587    10.529215   0.26697769 -0.078690393  -0.11055245 
    1730    49.118867   -23.991263  0.025396448   -23.965866   -502.55522     1093.631    10.319302    10.135175     10.45657   0.26513572 -0.078147479  -0.10978971 
    1740    50.850562   -23.994105  0.026291804   -23.967814   -651.57534    1072.8184    10.253421    10.070469    10.389812   0.26344302 -0.077648564  -0.10908878 
    1750    39.300744   -23.989882   0.02032008   -23.969562   -656.58303    1053.9199    10.192857    10.010986    10.328443   0.26188693 -0.077189916  -0.10844442 
    1760    48.470867   -23.996932  0.025061405   -23.971871   -517.77953    1036.7625    10.137242    9.9563633    10.272088   0.26045801 -0.076768747  -0.10785272 
    1770    43.855257   -23.995949  0.022674947   -23.973274   -280.48593    1021.1893    10.086229    9.9062603    10.220396   0.25914732 -0.076382427  -0.10730998 
    1780    53.999294    -24.00173  0.027919826    -23.97381    1.1970995    1007.0647     10.03951    9.8603749    10.173056   0.25794696 -0.076028627  -0.10681292 
    1790    49.575119   -23.997662  0.025632348   -23.972029    326.68337     994.2601    9.9967781    9.8184058    10.129756   0.25684905 -0.075705023  -0.10635829 
    1800    59.066793   -23.999341  0.030539929   -23.968801    611.69133    982.70381    9.9578963    9.7802177    10.090357   0.25585005 -0.075410573  -0.10594462 
    1810    60.579163   -23.994945  0.031321886   -23.963623    751.48374    972.32825    9.9227264    9.7456754    10.054719   0.25494642 -0.075144234  -0.10557044 
    1820    76.683537   -23.996717    0.0396485   -23.957068    741.55418    963.05177    9.8910697    9.7145835    10.022641   0.25413306 -0.074904499  -0.10523363 
    1830    90.507311   -23.995385  0.046795952   -23.948589    614.79811    954.80579    9.8627585    9.6867775    9.9939534   0.25340566   -0.0746901  -0.10493242 
    1840    112.55809   -23.997671  0.058197099   -23.939474    284.58495    947.59613    9.8378715    9.6623345    9.9687353   0.25276623 -0.074501632  -0.10466764 
    1850     125.1891     -23.9934  0.064727846   -23.928672   -170.18047    941.36744    9.8162688    9.6411173    9.9468453   0.25221119 -0.074338036  -0.10443781 
    1860     129.1325   -23.985427  0.066766745    -23.91866   -562.60668    936.02539    9.7976652    9.6228456    9.9279942    0.2517332 -0.074197152  -0.10423988 
    1870    134.74606   -23.980605  0.069669183   -23.910936   -827.71404    931.50859    9.7818802    9.6073423    9.9119993   0.25132764 -0.074077613  -0.10407194 
    1880    134.61345   -23.976459  0.069600617   -23.906858   -932.53709     927.7767    9.7687997    9.5944952    9.8987448   0.25099156 -0.073978556  -0.10393277 
    1890    142.36033   -23.981682  0.073606067   -23.908076   -771.25392     924.7408    9.7581328    9.5840186     9.887936   0.25071749 -0.073897776  -0.10381928 
    1900    147.70645   -23.988886   0.07637023   -23.912516   -409.25044     922.3607    9.7497538    9.5757891    9.8794455   0.25050221 -0.073834322  -0.10373014 
    1910    147.56009   -23.995866  0.076294552   -23.919571    49.459626    920.60844    9.7435758    9.5697214    9.8731854   0.25034347 -0.073787537  -0.10366441 
    1920     134.9838   -23.996385  0.069792101   -23.926593    481.38412    919.46659    9.7395457    9.5657632    9.8691017   0.25023993 -0.073757017  -0.10362153 
    1930    116.14429   -23.993581  0.060051311    -23.93353    791.67164    918.86702    9.7374283    9.5636835    9.8669561   0.25018553 -0.073740982    -0.103599 
    1940    98.537663   -23.991283   0.05094797   -23.940336    917.13017    918.74326    9.7369911    9.5632542    9.8665131   0.25017429 -0.073737671  -0.10359435 
    1950      88.3091   -23.992637  0.045659388   -23.946977    831.80539    919.02896    9.7380003    9.5642453    9.8675357   0.25020022 -0.073745313  -0.10360509 
    1960    77.089319     -23.9931  0.039858306   -23.953242    554.61808    919.65575    9.7402136    9.5664192    9.8697784   0.25025709 -0.073762075  -0.10362864 
    1970    75.701488   -23.997607  0.039140741   -23.958467    181.66105    920.52251    9.7432726    9.5694236    9.8728782   0.25033569 -0.073785241  -0.10366118 
    1980      61.0001   -23.992559  0.031539527    -23.96102   -196.70904    921.54502    9.7468789    9.5729655    9.8765324   0.25042834 -0.073812551  -0.10369955 
    1990    62.766071   -23.995007  0.032452605   -23.962554   -526.58113    922.67272    9.7508531    9.5768688    9.8805594   0.25053045 -0.073842647  -0.10374183 
    2000    49.335841   -23.988252  0.025508632   -23.962744   -735.52689    923.86721     9.755059    9.5809997    9.8848214   0.25063852 -0.073874498  -0.10378658 
    2010    57.579847   -23.992799  0.029771117   -23.963028   -791.33089    925.10233    9.7594043    9.5852674    9.8892244   0.25075016 -0.073907405  -0.10383281 
    2020    51.240892   -23.988868  0.026493621   -23.962374   -691.39325    926.36902    9.7638566    9.5896403    9.8937359   0.25086455 -0.073941122  -0.10388018 
    2030    72.882947   -23.999078  0.037683441   -23.961395   -445.31627    927.68069    9.7684627    9.5941642    9.8984033    0.2509829 -0.073976004  -0.10392918 
    2040    77.981674    -23.99692   0.04031969     -23.9566   -73.549419    929.08345    9.7733839    9.5989976      9.90339   0.25110934 -0.074013272  -0.10398154 
    2050    108.65794   -24.001088  0.056180565   -23.944907    333.42088    930.66027    9.7789098    9.6044249    9.9089894   0.25125132 -0.074055119  -0.10404033 
    2060    127.23909   -23.987991  0.065787773   -23.922204    710.50265    932.54711     9.785514    9.6109113    9.9156815     0.251421 -0.074105132   -0.1041106 
    2070    182.11368   -23.989382  0.094160162   -23.895222    1026.8738    934.94735    9.7939023    9.6191499    9.9241814   0.25163652 -0.074168656  -0.10419984 
    2080    202.09062   -23.978744   0.10448905   -23.874255    1070.9663    938.18648    9.8051996    9.6302457    9.9356289   0.25192679  -0.07425421  -0.10432004 
    2090    226.26233   -23.984653   0.11698681   -23.867666    755.11683    942.46693     9.820089    9.6448693    9.9507164   0.25230934 -0.074366967  -0.10447845 
    2100    200.48814   -23.974792    0.1036605   -23.871132    280.93026    947.81885    9.8386422    9.6630915    9.9695163   0.25278603 -0.074507469  -0.10467584 
    2110    190.67036    -23.98157  0.098584316   -23.882986   -227.56579     954.1465    9.8604879    9.6845474    9.9916526   0.25334732 -0.074672905  -0.10490826 
    2120    154.50393   -23.977289  0.079884801   -23.897404   -657.18144    961.29374    9.8850474    9.7086687    10.016539   0.25397833 -0.074858893  -0.10516956 
    2130    130.59035   -23.979285  0.067520511   -23.911765   -892.12869    969.08857    9.9116937    9.7348396     10.04354   0.25466296 -0.075060684  -0.10545306 
    2140     109.4423   -23.982063  0.056586108   -23.925477   -895.76727     977.4057    9.9399685    9.7626098     10.07219   0.25538943 -0.075274807  -0.10575388 
    2150    98.205957   -23.988059  0.050776465   -23.937283   -714.19745    986.17113    9.9695941    9.7917069     10.10221   0.25615061  -0.07549916  -0.10606907 
    2160    99.161723   -23.997722  0.051270635   -23.946452   -396.67927    995.33001    10.000363    9.8219264    10.133388   0.25694115 -0.075732169  -0.10639643 
    2170     91.64328   -23.999957  0.047383295   -23.952573   -27.393975    1004.8887    10.032274    9.8532682    10.165724   0.25776105  -0.07597383  -0.10673594 
    2180    92.196347   -24.004187  0.047669252   -23.956518    332.48327    1014.8654    10.065365     9.885769    10.199255   0.25861127 -0.076224428  -0.10708801 
    2190    75.374405   -23.996504  0.038971626   -23.957533    614.88697    1025.2958     10.09973    9.9195211    10.234078   0.25949422 -0.076484674  -0.10745363 
    2200    80.647404   -23.999661  0.041697981   -23.957963    755.35634    1036.2058    10.135427    9.9545808    10.270249   0.26041138 -0.076755003  -0.10783341 
    2210    68.173035   -23.992631  0.035248225   -23.957383    723.14933     1047.638    10.172565     9.991056    10.307881   0.26136557 -0.077036246  -0.10822853 
    2220    79.254171   -23.997935  0.040977623   -23.956958    559.18186    1059.6046     10.21115    10.028953     10.34698   0.26235695 -0.077328451  -0.10863905 
    2230    68.429024   -23.990834  0.035380582   -23.955453    291.09983    1072.1244     10.25121    10.068297    10.387572    0.2633862 -0.077631818  -0.10906525 
    2240    86.458062    -23.99798  0.044702326   -23.953278   -49.866495    1085.2074    10.292739    10.109086    10.429654   0.26445323  -0.07794632   -0.1095071 
    2250    72.055948   -23.985253  0.037255849   -23.947997   -369.11955    1098.8717    10.335759    10.151338    10.473246   0.26555855 -0.078272107   -0.1099648 
    2260    89.389809   -23.988363  0.046218159   -23.942145   -586.45919    1113.1416    10.380307    10.195091    10.518386   0.26670312 -0.078609464  -0.11043875 
    2270    81.537293   -23.976325  0.042158089   -23.934167   -686.78023    1128.0778    10.426529    10.240488    10.565223    0.2678907 -0.078959498  -0.11093052 
    2280    120.70116   -23.988469  0.062407398   -23.926062   -646.37414    1143.7641    10.474634    10.287736    10.613968   0.26912669   -0.0793238  -0.11144233 
    2290    132.06213   -23.984843  0.068281482   -23.916562   -404.76226     1160.336    10.524981    10.337184    10.664985   0.27042025 -0.079705071  -0.11197797 
    2300    179.30704   -24.000084  0.092709018   -23.907375   -46.201057    1178.0357    10.578227     10.38948    10.718939   0.27178831 -0.080108299  -0.11254447 
    2310    180.44706   -23.990191   0.09329845   -23.896892    320.02019    1197.1305    10.635075    10.445313    10.776543   0.27324892 -0.080538807  -0.11314929 
    2320    194.48627   -23.988348   0.10055729    -23.88779    643.98041    1217.8698    10.696138    10.505287    10.838419   0.27481783 -0.081001236  -0.11379896 
    2330    172.90252    -23.97104  0.089397619   -23.881642    797.59749    1240.5566    10.762147    10.570118    10.905306   0.27651381 -0.081501117  -0.11450125 
    2340    172.03746   -23.977035  0.088950349   -23.888085    698.11538     1265.385    10.833471    10.640169    10.977578   0.27834634 -0.082041248  -0.11526008 
    2350    151.73408   -23.982473  0.078452677    -23.90402    400.59515    1292.3501    10.909883    10.715219    11.055007   0.28030963 -0.082619917  -0.11607305 
    2360    120.19476   -23.987664   0.06214557   -23.925518    52.840167    1321.2536    10.990618    10.794513    11.136816   0.28238396 -0.083231315  -0.11693201 
    2370    95.400532   -23.994934  0.049325946   -23.945608   -249.92487    1351.8727     11.07487    10.877262    11.222189   0.28454867 -0.083869353  -0.11782839 
    2380    66.699685   -23.992328  0.034486444   -23.957841   -459.89024     1384.036    11.162013    10.962849     11.31049   0.28678763 -0.084529277  -0.11875552 
    2390    62.414448    -23.99698  0.032270802   -23.964709   -552.70177    1417.6711     11.25171    11.050946    11.401381   0.28909225 -0.085208553  -0.11970984 
    2400    49.243901   -23.993632  0.025461095   -23.968171   -529.92904    1452.8011    11.343893    11.141484     11.49479   0.29146071 -0.085906643  -0.12069059 
    2410    61.456788   -24.002703  0.031775653   -23.970928   -418.69813    1489.5091    11.438641    11.234542    11.590799    0.2938951  -0.08662417  -0.12169864 
    2420    54.373529   -23.999992  0.028113321   -23.971879   -238.59446    1527.9084    11.536104    11.330265    11.689558   0.29639923 -0.087362248  -0.12273557 
    2430      68.5294    -24.00713  0.035432481   -23.971697   -9.5060546    1568.1165    11.636423    11.428794    11.791211   0.29897674 -0.088121958  -0.12380289 
    2440    57.230887   -23.998051  0.029590691    -23.96846    213.18781    1610.3264    11.739908    11.530433    11.896073    0.3016356 -0.088905644   -0.1249039 
    2450    72.028693   -24.001458  0.037241757   -23.964216    381.85782    1654.7492    11.846883    11.635499    12.004471   0.30438414 -0.089715762  -0.12604203 
    2460    59.878248    -23.98845  0.030959484    -23.95749    468.73559    1701.6337     11.95773    11.744368    12.116792   0.30723214 -0.090555199  -0.12722136 
    2470    81.270225   -23.993243  0.042020004   -23.951223    465.48314     1751.189      12.0727    11.857287    12.233291   0.31018608 -0.091425856  -0.12844455 
    2480    80.780947   -23.986113  0.041767028   -23.944346    351.01684    1803.7123    12.192211    11.974666    12.354393   0.31325671  -0.09233091  -0.12971607 
    2490     111.7003   -23.995741   0.05775359   -23.937987    160.82862    1859.4449    12.316515    12.096751    12.480349   0.31645046 -0.093272253  -0.13103856 
    2500    104.56893   -23.984353  0.054066383   -23.930287   -62.492016     1918.675    12.445925    12.223853    12.611482   0.31977543 -0.094252273   -0.1324154 
    2510    129.47636   -23.990651  0.066944533   -23.923707    -261.4123    1981.5831    12.580488    12.356014    12.747834   0.32323277 -0.095271308  -0.13384704 
    2520     115.7944   -23.977026  0.059870403   -23.917156   -402.77759    2048.4332    12.720397    12.493427    12.889604   0.32682748 -0.096330828  -0.13533557 
    2530    138.59539   -23.986321   0.07165944   -23.914661   -443.02013    2119.4481    12.865726    12.636163    13.036867   0.33056146 -0.097431403  -0.13688177 
    2540    130.14824   -23.983019   0.06729192   -23.915727   -363.25233     2194.887    13.016596    12.784341    13.189744   0.33443779 -0.098573932  -0.13848691 
    2550    152.69112   -23.998929  0.078947503   -23.919982   -211.01852     2275.072    13.173215    12.938165    13.348445   0.33846181 -0.099759992  -0.14015321 
    2560    136.05322   -23.994737  0.070345036   -23.924392    -34.90519    2360.3585    13.335809    13.097859    13.513203   0.34263939  -0.10099131   -0.1418831 
    2570    139.26942    -24.00161   0.07200794   -23.929602    150.06146    2451.0111    13.504395    13.263437    13.684032    0.3469709  -0.10226801  -0.14367673 
    2580    111.68321   -23.990064   0.05774475   -23.932319    291.42599     2547.322     13.67901    13.434936    13.860969    0.3514573  -0.10359035   -0.1455345 
    2590    95.260965   -23.985627  0.049253784   -23.936373    327.14343    2649.5752    13.859646    13.612348    14.044008   0.35609841   -0.1049583  -0.14745633 
    2600    80.395882   -23.984395  0.041567933   -23.942827    284.37946    2757.8714    14.045959    13.795337    14.232799   0.36088538  -0.10636923  -0.14943856 
    2610    73.788792    -23.98861    0.0381518   -23.950458    197.38501    2872.1317    14.237317    13.983281    14.426703     0.365802  -0.10781838  -0.15147448 
    2620    68.145385   -23.994296  0.035233929   -23.959062    71.662495    2992.2809     14.43314     14.17561    14.625131   0.37083331  -0.10930134  -0.15355789 
    2630    56.179831   -23.995248  0.029047253   -23.966201   -49.972716    3118.0967    14.632659    14.371568    14.827303   0.37595958  -0.11081228  -0.15568062 
    2640    47.417103   -23.996715  0.024516567   -23.972198   -135.46853     3249.389    14.835219    14.570514    15.032558   0.38116399  -0.11234625   -0.1578357 
    2650    36.858554    -23.99617  0.019057368   -23.977113   -182.11317     3385.975    15.040235    14.771873    15.240301   0.38643152  -0.11389883  -0.16001693 
    2660    33.650875   -23.998861  0.017398868   -23.981462   -190.61758     3527.706    15.247226     14.97517    15.450046   0.39174977  -0.11546636  -0.16221916 
    2670    29.794935   -24.000595  0.015405191    -23.98519   -158.00547    3674.4489    15.455775    15.179998    15.661369   0.39710805  -0.11704569  -0.16443796 
    2680    32.127059   -24.005009  0.016610993   -23.988398   -99.877348    3826.2041    15.665686    15.386164    15.874072   0.40250135  -0.11863534  -0.16667126 
    2690    31.061285    -24.00635  0.016059945    -23.99029   -32.815097    3982.9663    15.876774    15.593485    16.087968   0.40792486  -0.12023389  -0.16891708 
    2700    32.198781   -24.007452  0.016648076   -23.990804    33.995638    4144.7119    16.088844    15.801771    16.302858    0.4133736  -0.12183988  -0.17117334 
    2710    29.713568   -24.004811   0.01536312   -23.989448     92.27937    4311.4493    16.301759    16.010887    16.518606   0.41884408  -0.12345228  -0.17343861 
    2720    32.647013   -24.003034  0.016879831   -23.986155    130.07632    4483.3101    16.515548    16.220861    16.735238   0.42433698  -0.12507129  -0.17571315 
    2730    37.542734   -23.999001  0.019411117    -23.97959    144.10089    4660.4467    16.730255    16.431738    16.952802    0.4298535  -0.12669726  -0.17799748 
    2740    51.937122   -23.996878    0.0268536   -23.970024    131.22701    4843.1133    16.946041    16.643673    17.171458   0.43539774  -0.12833139  -0.18029329 
    2750    68.610065   -23.994945  0.035474188   -23.959471    87.350297    5031.5957    17.163083    16.856842    17.391387   0.44097422  -0.12997503  -0.18260245 
    2760    85.681655   -23.993816  0.044300892   -23.949515    18.500039    5226.1367    17.381489    17.071351    17.612698   0.44658577  -0.13162901  -0.18492613 
    2770    94.068491   -23.988785  0.048637227   -23.940147   -54.868232    5426.6797    17.601031    17.286976    17.835161   0.45222651  -0.13329159  -0.18726189 
    2780    101.03659   -23.984071  0.052240019   -23.931831   -118.93188     5633.143    17.821475    17.503487    18.058537   0.45789041    -0.134961  -0.18960725 
    2790    108.05103   -23.980401  0.055866765   -23.924535    -152.6612    5845.3254    18.042482     17.72055    18.282484   0.46356879  -0.13663467   -0.1919586 
    2800    116.17414   -23.980111  0.060066745   -23.920044   -148.09286    6063.3125    18.264034    17.938149    18.506983   0.46926116  -0.13831247  -0.19431575 
    2810    131.56543    -23.98635  0.068024667   -23.918325   -113.27908    6287.1797    18.486102    18.156255    18.732005   0.47496679  -0.13999418  -0.19667839 
    2820    148.46422   -23.995338  0.076762026   -23.918576   -57.455014    6517.0463    18.708702    18.374883    18.957566    0.4806861  -0.14167992  -0.19904669 
    2830    159.48576   -24.002912  0.082460609   -23.920452    17.217473    6752.8893    18.931714    18.593915    19.183544   0.48641598  -0.14336877  -0.20141937 
    2840    143.19752   -23.995381  0.074038928   -23.921342    81.745036    6995.2388    19.155533    18.813741    19.410341    0.4921666  -0.14506374  -0.20380063 
    2850    133.16122   -23.991631  0.068849757   -23.922781    118.62554    7244.0571     19.38001    19.034213    19.637804   0.49793415   -0.1467637  -0.20618891 
    2860    117.13568   -23.986107    0.0605639   -23.925543    127.36161    7498.9494      19.6047    19.254893    19.865482   0.50370713  -0.14846526  -0.20857944 
    2870    110.98293   -23.988426   0.05738268   -23.931044    106.81263    7759.2244     19.82894    19.475132    20.092705   0.50946857  -0.15016341  -0.21096518 
    2880    91.787035   -23.985489  0.047457622   -23.938031    63.446651    8023.9891     20.05196    19.694173    20.318692   0.51519867  -0.15185233  -0.21333795 
    2890    92.980322   -23.993504    0.0480746    -23.94543    14.211021    8291.7079    20.272535    19.910812    20.542201   0.52086594  -0.15352273   -0.2156847 
    2900    73.000655   -23.988196  0.037744301   -23.950452   -33.644732    8561.0744    20.489726    20.124128    20.762281   0.52644627  -0.15516751  -0.21799546 
    2910    73.159784   -23.992841  0.037826577   -23.955014   -68.400536    8830.5828    20.702518    20.333123    20.977904   0.53191358  -0.15677897  -0.22025941 
    2920    51.926826    -23.98505  0.026848276   -23.958202   -83.376934    9098.9124    20.910121    20.537022    21.188269   0.53724756  -0.15835114  -0.22246815 
    2930    63.307805   -23.994572  0.032732704   -23.961839   -81.569539    9364.9347    21.111948    20.735248     21.39278   0.54243313  -0.15987956  -0.22461544 
    2940    53.177503    -23.99211  0.027494927   -23.964615   -64.343511    9627.6426    21.307543    20.927353    21.590977   0.54745859  -0.16136079  -0.22669642 
    2950     74.60503   -24.006187  0.038573828   -23.967613   -33.229233    9886.1619    21.496576    21.113013    21.782525   0.55231546  -0.16279233   -0.2287076 
    2960     63.78759   -24.000347  0.032980772   -23.967366    3.6230197    10139.976    21.678989    21.292171    21.967364   0.55700223  -0.16417373  -0.23064834 
    2970    80.789939    -24.00748  0.041771677   -23.965709    36.585027    10388.712    21.854822    21.464867    22.145536   0.56151995  -0.16550531  -0.23251907 
    2980    69.614845   -23.996278    0.0359937   -23.960284    63.302046    10631.901    22.024042    21.631067    22.317007   0.56586773   -0.1667868  -0.23431944 
    2990    89.384026   -23.998378  0.046215169   -23.952163    78.658115    10869.385    22.186819     21.79094     22.48195      0.57005   -0.1680195  -0.23605127 
    3000    92.385317   -23.988092  0.047766958   -23.940325    76.773252    11101.292    22.343501    21.944827    22.640716   0.57407566  -0.16920604  -0.23771825 
Loop time of 38.5978 on 1 procs for 3000 steps with 5 atoms

Performance: 13.431 ns/day, 1.787 hours/ns, 77.725 timesteps/s
289.4% CPU use with 1 MPI tasks x no OpenMP threads

MPI task timing breakdown:
Section |  min time  |  avg time  |  max time  |%varavg| %total
---------------------------------------------------------------
Pair    | 37.758     | 37.758     | 37.758     |   0.0 | 97.82
Neigh   | 0.00208    | 0.00208    | 0.00208    |   0.0 |  0.01
Comm    | 0.0080798  | 0.0080798  | 0.0080798  |   0.0 |  0.02
Output  | 0.78857    | 0.78857    | 0.78857    |   0.0 |  2.04
Modify  | 0.033509   | 0.033509   | 0.033509   |   0.0 |  0.09
Other   |            | 0.007468   |            |       |  0.02

Nlocal:    5 ave 5 max 5 min
Histogram: 1 0 0 0 0 0 0 0 0 0
Nghost:    0 ave 0 max 0 min
Histogram: 1 0 0 0 0 0 0 0 0 0
Neighs:    0 ave 0 max 0 min
Histogram: 1 0 0 0 0 0 0 0 0 0

Total # of neighbors = 0
Ave neighs/atom = 0
Neighbor list builds = 237
Dangerous builds = 82
Total wall time: 0:00:41
