#       step         max_devi_e         min_devi_e         avg_devi_e         max_devi_f         min_devi_f         avg_devi_f
           0       2.365846e+00       5.850574e-01       9.465649e-01       1.102804e-02       1.625516e-03       9.048152e-03
          10       2.354172e+00       5.836486e-01       9.417583e-01       2.029282e-02       6.615574e-03       1.659116e-02
          20       2.345455e+00       5.782855e-01       9.386011e-01       1.258409e-02       3.789387e-03       1.022585e-02
          30       2.339704e+00       5.764252e-01       9.365214e-01       1.883121e-02       6.736834e-03       1.588703e-02
          40       2.339353e+00       5.725057e-01       9.365282e-01       1.327328e-02       8.295112e-03       1.073768e-02
          50       2.342616e+00       5.749277e-01       9.376764e-01       2.176335e-02       1.189144e-02       1.839219e-02
          60       2.351509e+00       5.792803e-01       9.415704e-01       1.230860e-02       6.141046e-03       1.059897e-02
          70       2.362563e+00       5.757210e-01       9.461966e-01       1.690887e-02       1.169387e-02       1.514081e-02
          80       2.374119e+00       5.776101e-01       9.506997e-01       1.308368e-02       8.502657e-03       1.096547e-02
          90       2.381752e+00       5.854860e-01       9.534323e-01       1.668179e-02       9.477539e-03       1.405885e-02
         100       2.387023e+00       5.824905e-01       9.555356e-01       1.438794e-02       5.116157e-03       1.174138e-02
         110       2.384774e+00       5.793889e-01       9.546208e-01       7.485449e-03       5.134119e-03       6.576829e-03
         120       2.375542e+00       5.913967e-01       9.503630e-01       1.840837e-02       4.174405e-03       1.366329e-02
         130       2.362582e+00       5.809077e-01       9.455685e-01       9.507838e-03       5.918510e-03       7.512408e-03
         140       2.351340e+00       5.651070e-01       9.418092e-01       2.384542e-02       1.397951e-02       2.006976e-02
         150       2.343179e+00       5.651786e-01       9.387359e-01       9.306119e-03       4.748866e-03       6.801557e-03
         160       2.340705e+00       5.715980e-01       9.373155e-01       1.812240e-02       9.444404e-03       1.511688e-02
         170       2.345333e+00       5.704146e-01       9.392529e-01       7.788976e-03       4.168276e-03       6.326860e-03
         180       2.351729e+00       5.668424e-01       9.416675e-01       1.575516e-02       1.048194e-02       1.393404e-02
         190       2.361144e+00       5.754966e-01       9.451408e-01       7.061986e-03       4.476345e-03       5.421937e-03
         200       2.368848e+00       5.798695e-01       9.479778e-01       1.059884e-02       5.053985e-03       8.930747e-03
         210       2.377525e+00       5.873990e-01       9.513335e-01       6.366315e-03       1.971903e-03       5.030774e-03
         220       2.380736e+00       5.861352e-01       9.525335e-01       9.830860e-03       7.047170e-03       8.822923e-03
         230       2.382602e+00       5.929922e-01       9.532216e-01       6.272487e-03       2.548876e-03       5.200890e-03
         240       2.378145e+00       5.821782e-01       9.515122e-01       9.963212e-03       5.073961e-03       8.468737e-03
         250       2.372621e+00       5.780681e-01       9.495695e-01       6.684394e-03       3.582458e-03       5.386026e-03
         260       2.362772e+00       5.712424e-01       9.457818e-01       1.288594e-02       1.039444e-02       1.171366e-02
         270       2.353338e+00       5.821090e-01       9.419958e-01       1.022491e-02       4.784138e-03       6.878283e-03
         280       2.345036e+00       5.787080e-01       9.388332e-01       1.669496e-02       6.993576e-03       1.338919e-02
         290       2.340589e+00       5.641743e-01       9.375872e-01       1.174458e-02       6.280780e-03       9.595441e-03
         300       2.340236e+00       5.668631e-01       9.372710e-01       1.955059e-02       1.473038e-02       1.641641e-02
         310       2.345060e+00       5.727482e-01       9.390721e-01       1.394910e-02       9.006672e-03       1.213303e-02
         320       2.355888e+00       5.755942e-01       9.433656e-01       1.756585e-02       9.212166e-03       1.523675e-02
         330       2.365870e+00       5.806520e-01       9.471307e-01       1.256004e-02       9.053739e-03       1.050634e-02
         340       2.376031e+00       5.866519e-01       9.507783e-01       1.443695e-02       3.758099e-03       1.178432e-02
         350       2.382674e+00       5.778843e-01       9.535160e-01       1.408605e-02       7.395368e-03       1.189367e-02
         360       2.384163e+00       5.824806e-01       9.540291e-01       1.186665e-02       3.409197e-03       9.032191e-03
         370       2.379136e+00       5.834872e-01       9.521676e-01       1.466012e-02       8.576370e-03       1.230832e-02
         380       2.372586e+00       5.777148e-01       9.499304e-01       7.583216e-03       4.929588e-03       6.632538e-03
         390       2.362734e+00       5.803516e-01       9.456807e-01       1.758321e-02       8.009574e-03       1.514775e-02
         400       2.354750e+00       5.818760e-01       9.425824e-01       9.072766e-03       4.450556e-03       6.404672e-03
         410       2.349576e+00       5.722971e-01       9.407099e-01       1.622333e-02       6.997828e-03       1.408412e-02
         420       2.348035e+00       5.694889e-01       9.401412e-01       7.378201e-03       4.058121e-03       5.657823e-03
         430       2.349242e+00       5.763926e-01       9.401788e-01       1.645893e-02       5.792607e-03       1.395994e-02
         440       2.353789e+00       5.800903e-01       9.420451e-01       6.678293e-03       2.200388e-03       4.848689e-03
         450       2.359993e+00       5.755325e-01       9.445007e-01       1.638522e-02       6.290705e-03       1.405948e-02
         460       2.367045e+00       5.775338e-01       9.473104e-01       6.956569e-03       4.515447e-03       5.631918e-03
         470       2.373802e+00       5.866618e-01       9.496758e-01       1.727767e-02       2.266196e-03       1.401412e-02
         480       2.379207e+00       5.900958e-01       9.518811e-01       6.633216e-03       1.978151e-03       5.567708e-03
         490       2.381006e+00       5.866611e-01       9.524805e-01       1.711199e-02       3.292590e-03       1.408601e-02
         500       2.379785e+00       5.898511e-01       9.521241e-01       6.692188e-03       9.053640e-04       5.332920e-03
         510       2.374718e+00       5.882724e-01       9.499882e-01       1.829492e-02       3.406693e-03       1.458147e-02
         520       2.367454e+00       5.813114e-01       9.473524e-01       7.402483e-03       2.900664e-03       6.234047e-03
         530       2.357929e+00       5.715151e-01       9.437631e-01       1.653797e-02       8.977079e-03       1.450575e-02
         540       2.349969e+00       5.749450e-01       9.407706e-01       8.366333e-03       5.245718e-03       6.695870e-03
         550       2.343804e+00       5.768162e-01       9.382338e-01       1.801428e-02       6.282368e-03       1.422694e-02
         560       2.343454e+00       5.648048e-01       9.386559e-01       1.056049e-02       8.646050e-03       9.279957e-03
         570       2.346923e+00       5.623230e-01       9.402835e-01       1.441114e-02       1.072700e-02       1.276306e-02
         580       2.354705e+00       5.780001e-01       9.427915e-01       1.455354e-02       6.592502e-03       1.124623e-02
         590       2.365779e+00       5.821418e-01       9.468876e-01       1.491944e-02       4.473029e-03       1.219849e-02
         600       2.375862e+00       5.769239e-01       9.510790e-01       1.551509e-02       9.572977e-03       1.378051e-02
         610       2.382253e+00       5.854227e-01       9.535110e-01       1.378048e-02       6.991225e-03       1.181303e-02
         620       2.384297e+00       5.883878e-01       9.539932e-01       1.867740e-02       5.175334e-03       1.480133e-02
         630       2.382889e+00       5.875099e-01       9.535075e-01       1.491255e-02       4.426795e-03       1.173965e-02
         640       2.374544e+00       5.777324e-01       9.502928e-01       1.768081e-02       3.996435e-03       1.443493e-02
         650       2.364241e+00       5.817027e-01       9.463310e-01       1.339391e-02       5.800984e-03       1.148521e-02
         660       2.352910e+00       5.781447e-01       9.417826e-01       1.726941e-02       1.240897e-02       1.496905e-02
         670       2.345833e+00       5.766834e-01       9.390643e-01       1.426389e-02       7.702619e-03       1.188292e-02
         680       2.340771e+00       5.702352e-01       9.373423e-01       1.542531e-02       7.907377e-03       1.129769e-02
         690       2.342240e+00       5.756866e-01       9.377597e-01       1.331991e-02       6.860679e-03       1.039587e-02
         700       2.346805e+00       5.751843e-01       9.393570e-01       1.166065e-02       5.426968e-03       8.070677e-03
         710       2.356187e+00       5.776094e-01       9.430905e-01       1.190675e-02       5.485448e-03       1.004849e-02
         720       2.363857e+00       5.821970e-01       9.462125e-01       7.186365e-03       2.233499e-03       5.429071e-03
         730       2.371703e+00       5.850518e-01       9.491031e-01       1.069313e-02       3.274807e-03       8.761932e-03
         740       2.377035e+00       5.851980e-01       9.511579e-01       8.599918e-03       3.337086e-03       6.252245e-03
         750       2.380347e+00       5.853703e-01       9.524174e-01       1.171763e-02       2.334155e-03       9.366767e-03
         760       2.378772e+00       5.872873e-01       9.517765e-01       8.199242e-03       3.533306e-03       6.934482e-03
         770       2.375212e+00       5.874666e-01       9.503410e-01       1.163803e-02       1.834717e-03       9.404717e-03
         780       2.369410e+00       5.810904e-01       9.481134e-01       8.366626e-03       3.218348e-03       7.001703e-03
         790       2.362009e+00       5.849164e-01       9.450447e-01       1.428491e-02       2.472510e-03       1.156091e-02
         800       2.353277e+00       5.820212e-01       9.417267e-01       1.112623e-02       2.715145e-03       8.420402e-03
         810       2.346622e+00       5.685989e-01       9.393950e-01       1.620596e-02       7.682139e-03       1.391801e-02
         820       2.343406e+00       5.674052e-01       9.383270e-01       1.269391e-02       8.431590e-03       1.029674e-02
         830       2.344892e+00       5.715617e-01       9.387293e-01       2.248179e-02       5.650410e-03       1.709901e-02
         840       2.351233e+00       5.712329e-01       9.414038e-01       1.375248e-02       6.197332e-03       1.080971e-02
         850       2.360985e+00       5.757035e-01       9.451230e-01       1.841656e-02       4.923039e-03       1.402929e-02
         860       2.373167e+00       5.797753e-01       9.498988e-01       1.193876e-02       3.977510e-03       9.413185e-03
         870       2.380541e+00       5.758947e-01       9.527709e-01       1.584705e-02       7.396693e-03       1.306212e-02
         880       2.385822e+00       5.859606e-01       9.547609e-01       1.194681e-02       4.189983e-03       9.997788e-03
         890       2.384841e+00       5.769336e-01       9.544224e-01       9.706318e-03       7.859947e-03       9.008804e-03
         900       2.382589e+00       5.853004e-01       9.533922e-01       9.976662e-03       2.985368e-03       8.194574e-03
         910       2.370294e+00       5.835091e-01       9.484740e-01       1.298358e-02       6.627932e-03       1.020137e-02
         920       2.360750e+00       5.760127e-01       9.449734e-01       1.086184e-02       4.180667e-03       8.881297e-03
         930       2.350051e+00       5.713547e-01       9.410148e-01       1.325019e-02       8.297843e-03       1.076470e-02
         940       2.343743e+00       5.725194e-01       9.382578e-01       1.094420e-02       7.114930e-03       8.982426e-03
         950       2.339059e+00       5.703656e-01       9.363053e-01       1.485064e-02       9.740707e-03       1.236569e-02
         960       2.342100e+00       5.750259e-01       9.377134e-01       1.195147e-02       4.167260e-03       9.101488e-03
         970       2.348527e+00       5.739711e-01       9.401985e-01       1.552631e-02       7.233958e-03       1.175237e-02
         980       2.358127e+00       5.777772e-01       9.438302e-01       1.008276e-02       6.354602e-03       8.551499e-03
         990       2.367205e+00       5.789621e-01       9.474339e-01       1.167870e-02       6.496249e-03       9.576770e-03
        1000       2.376246e+00       5.835025e-01       9.510456e-01       1.068250e-02       6.463100e-03       9.000361e-03
        1010       2.382378e+00       5.822981e-01       9.534256e-01       8.933493e-03       3.864798e-03       7.622741e-03
        1020       2.383281e+00       5.922360e-01       9.536197e-01       1.144027e-02       6.416638e-03       8.286114e-03
        1030       2.379914e+00       5.850276e-01       9.523404e-01       8.372666e-03       4.115012e-03       6.229759e-03
        1040       2.373003e+00       5.809678e-01       9.498384e-01       1.029141e-02       4.179486e-03       8.319026e-03
        1050       2.364411e+00       5.830867e-01       9.463928e-01       6.916951e-03       3.804079e-03       5.342254e-03
        1060       2.351889e+00       5.843609e-01       9.411184e-01       1.255647e-02       5.354745e-03       1.009603e-02
        1070       2.342679e+00       5.742349e-01       9.379128e-01       8.909540e-03       4.735397e-03       7.174659e-03
        1080       2.335685e+00       5.633202e-01       9.356733e-01       2.263315e-02       1.447606e-02       1.779656e-02
        1090       2.335577e+00       5.690859e-01       9.353497e-01       1.329916e-02       6.246504e-03       9.463423e-03
        1100       2.340367e+00       5.783792e-01       9.367597e-01       2.479898e-02       8.272562e-03       2.013400e-02
        1110       2.352612e+00       5.726010e-01       9.421108e-01       1.072866e-02       6.876216e-03       8.640329e-03
        1120       2.365999e+00       5.734555e-01       9.470853e-01       2.211250e-02       8.469866e-03       1.907551e-02
        1130       2.379294e+00       5.849658e-01       9.521604e-01       1.364936e-02       4.703946e-03       1.069324e-02
        1140       2.386081e+00       5.828375e-01       9.547072e-01       2.054320e-02       5.828318e-03       1.587712e-02
        1150       2.388154e+00       5.868857e-01       9.556952e-01       1.124934e-02       4.363952e-03       9.198268e-03
        1160       2.383975e+00       5.767825e-01       9.541049e-01       1.077440e-02       7.572321e-03       9.379100e-03
        1170       2.377508e+00       5.861684e-01       9.513257e-01       1.390158e-02       3.620969e-03       1.145042e-02
        1180       2.365718e+00       5.826418e-01       9.468312e-01       9.424958e-03       3.133330e-03       6.527538e-03
        1190       2.356780e+00       5.697337e-01       9.436206e-01       1.356707e-02       8.335729e-03       1.176787e-02
        1200       2.348668e+00       5.669362e-01       9.405349e-01       1.202352e-02       4.029417e-03       6.701001e-03
        1210       2.344887e+00       5.735834e-01       9.386142e-01       1.631114e-02       4.670777e-03       1.318082e-02
        1220       2.344077e+00       5.725751e-01       9.383740e-01       8.776569e-03       5.559655e-03       6.654712e-03
        1230       2.348787e+00       5.707072e-01       9.402434e-01       1.636874e-02       7.069832e-03       1.355500e-02
        1240       2.356483e+00       5.779469e-01       9.432039e-01       1.072605e-02       3.936722e-03       8.236449e-03
        1250       2.366297e+00       5.821106e-01       9.467765e-01       1.808615e-02       2.653381e-03       1.463440e-02
        1260       2.374909e+00       5.843895e-01       9.502607e-01       9.524771e-03       2.446140e-03       7.948377e-03
        1270       2.381948e+00       5.839675e-01       9.530265e-01       1.737095e-02       4.516789e-03       1.454635e-02
        1280       2.385935e+00       5.860373e-01       9.547772e-01       1.086919e-02       2.698642e-03       8.734795e-03
        1290       2.383246e+00       5.908474e-01       9.535490e-01       1.955504e-02       5.697530e-03       1.519245e-02
        1300       2.376497e+00       5.830097e-01       9.512173e-01       9.731718e-03       4.099715e-03       8.188769e-03
        1310       2.366022e+00       5.748335e-01       9.475150e-01       1.559068e-02       6.958518e-03       1.290217e-02
        1320       2.355526e+00       5.786318e-01       9.432030e-01       1.007895e-02       5.145954e-03       8.767471e-03
        1330       2.342247e+00       5.776277e-01       9.375580e-01       1.392220e-02       1.082043e-02       1.248918e-02
        1340       2.336907e+00       5.718432e-01       9.358671e-01       1.248772e-02       4.822570e-03       8.261515e-03
        1350       2.333800e+00       5.689641e-01       9.347860e-01       2.048378e-02       1.023004e-02       1.455216e-02
        1360       2.339633e+00       5.759342e-01       9.365905e-01       1.148118e-02       7.128589e-03       8.653601e-03
        1370       2.347965e+00       5.754846e-01       9.395637e-01       2.014393e-02       1.410657e-02       1.789130e-02
        1380       2.361379e+00       5.840182e-01       9.450456e-01       8.593105e-03       2.954722e-03       7.003712e-03
        1390       2.372718e+00       5.781288e-01       9.493675e-01       1.907554e-02       4.267823e-03       1.570585e-02
        1400       2.382295e+00       5.893154e-01       9.532215e-01       8.731965e-03       2.690267e-03       7.321404e-03
        1410       2.384989e+00       5.893258e-01       9.541011e-01       1.981886e-02       4.859625e-03       1.625476e-02
        1420       2.383682e+00       5.885661e-01       9.537901e-01       9.375952e-03       3.446268e-03       8.055106e-03
        1430       2.378614e+00       5.828892e-01       9.518027e-01       1.611433e-02       5.246937e-03       1.348199e-02
        1440       2.371259e+00       5.875278e-01       9.488856e-01       9.250826e-03       2.669136e-03       7.537925e-03
        1450       2.361958e+00       5.849260e-01       9.451218e-01       1.584160e-02       2.960150e-03       1.253094e-02
        1460       2.354259e+00       5.727521e-01       9.423989e-01       8.544815e-03       6.842404e-03       7.536048e-03
        1470       2.348412e+00       5.693283e-01       9.400742e-01       1.466466e-02       8.548553e-03       1.202245e-02
        1480       2.345383e+00       5.788671e-01       9.386808e-01       8.966682e-03       3.923672e-03       7.059645e-03
        1490       2.346350e+00       5.782876e-01       9.390493e-01       1.418557e-02       4.077480e-03       1.121417e-02
        1500       2.351378e+00       5.680464e-01       9.413964e-01       9.952633e-03       3.821097e-03       6.864219e-03
        1510       2.359841e+00       5.725734e-01       9.445824e-01       1.223219e-02       8.079665e-03       1.070661e-02
        1520       2.368921e+00       5.832162e-01       9.479333e-01       8.394132e-03       3.579655e-03       5.947197e-03
        1530       2.379621e+00       5.890818e-01       9.521024e-01       1.266181e-02       3.520807e-03       1.043910e-02
        1540       2.385359e+00       5.833687e-01       9.545045e-01       8.142412e-03       5.521996e-03       6.623182e-03
        1550       2.388942e+00       5.902290e-01       9.557761e-01       1.038263e-02       2.196420e-03       8.486188e-03
        1560       2.383220e+00       5.851835e-01       9.534924e-01       1.320270e-02       7.870432e-03       9.718930e-03
        1570       2.375527e+00       5.826294e-01       9.506187e-01       1.283193e-02       3.061090e-03       1.023020e-02
        1580       2.362399e+00       5.682817e-01       9.459020e-01       1.892913e-02       1.366155e-02       1.602502e-02
        1590       2.351795e+00       5.728458e-01       9.415800e-01       1.112690e-02       5.576182e-03       9.437691e-03
        1600       2.339689e+00       5.771362e-01       9.364510e-01       1.636765e-02       8.081613e-03       1.241249e-02
        1610       2.336939e+00       5.697437e-01       9.358928e-01       1.395902e-02       6.096633e-03       1.171197e-02
        1620       2.337757e+00       5.650849e-01       9.365745e-01       1.877484e-02       1.315044e-02       1.574526e-02
        1630       2.345485e+00       5.742478e-01       9.390016e-01       1.016453e-02       7.072825e-03       9.133799e-03
        1640       2.354695e+00       5.836447e-01       9.423606e-01       9.714204e-03       4.948479e-03       8.551515e-03
        1650       2.368124e+00       5.788036e-01       9.479576e-01       1.143879e-02       4.887760e-03       9.647231e-03
        1660       2.377024e+00       5.822680e-01       9.514288e-01       9.424387e-03       5.192557e-03       8.006375e-03
        1670       2.382797e+00       5.901338e-01       9.533671e-01       1.185848e-02       4.883506e-03       9.300550e-03
        1680       2.384514e+00       5.874586e-01       9.541133e-01       1.157131e-02       6.023445e-03       9.060900e-03
        1690       2.381534e+00       5.829777e-01       9.531505e-01       1.137619e-02       4.978505e-03       9.398129e-03
        1700       2.374525e+00       5.850862e-01       9.502784e-01       1.144460e-02       4.932131e-03       9.585840e-03
        1710       2.364131e+00       5.832818e-01       9.460095e-01       1.247199e-02       4.643269e-03       1.019405e-02
        1720       2.355681e+00       5.805807e-01       9.428047e-01       1.208181e-02       4.939128e-03       1.017236e-02
        1730       2.347623e+00       5.777283e-01       9.398505e-01       1.308708e-02       5.728857e-03       9.978601e-03
        1740       2.344185e+00       5.759383e-01       9.382848e-01       1.177470e-02       4.737576e-03       1.005320e-02
        1750       2.343558e+00       5.778244e-01       9.378279e-01       1.230278e-02       6.886909e-03       1.003689e-02
        1760       2.348998e+00       5.768551e-01       9.401829e-01       1.170527e-02       4.159940e-03       9.612189e-03
        1770       2.355406e+00       5.734993e-01       9.429351e-01       9.716858e-03       6.179655e-03       8.298749e-03
        1780       2.364263e+00       5.794916e-01       9.461637e-01       1.200436e-02       4.547111e-03       9.898639e-03
        1790       2.372374e+00       5.887475e-01       9.492513e-01       1.161179e-02       3.484814e-03       8.871276e-03
        1800       2.380661e+00       5.843031e-01       9.526756e-01       1.171480e-02       2.775969e-03       9.596035e-03
        1810       2.383247e+00       5.784528e-01       9.538040e-01       7.680795e-03       4.797303e-03       6.586348e-03
        1820       2.383194e+00       5.880527e-01       9.535871e-01       1.332985e-02       3.840184e-03       1.099972e-02
        1830       2.378606e+00       5.823178e-01       9.518750e-01       7.924136e-03       5.733233e-03       7.087090e-03
        1840       2.370493e+00       5.855692e-01       9.485579e-01       1.610955e-02       4.205638e-03       1.298781e-02
        1850       2.357363e+00       5.788899e-01       9.435862e-01       8.952382e-03       7.689699e-03       8.243693e-03
        1860       2.347091e+00       5.665854e-01       9.397702e-01       1.933031e-02       8.219251e-03       1.599792e-02
        1870       2.339355e+00       5.674942e-01       9.368651e-01       1.533515e-02       8.921594e-03       1.160495e-02
        1880       2.337141e+00       5.682248e-01       9.356879e-01       2.386247e-02       5.895545e-03       1.767325e-02
        1890       2.341040e+00       5.659106e-01       9.374056e-01       1.845642e-02       1.370856e-02       1.594431e-02
        1900       2.351579e+00       5.743434e-01       9.412374e-01       2.171353e-02       3.624677e-03       1.693075e-02
        1910       2.363278e+00       5.827019e-01       9.456777e-01       1.503979e-02       4.473724e-03       1.237087e-02
        1920       2.374959e+00       5.827486e-01       9.503412e-01       1.718570e-02       3.569214e-03       1.415419e-02
        1930       2.382407e+00       5.817401e-01       9.534812e-01       1.231368e-02       5.636236e-03       1.059926e-02
        1940       2.385769e+00       5.815288e-01       9.547135e-01       1.450989e-02       3.926001e-03       1.131788e-02
        1950       2.383870e+00       5.883586e-01       9.539519e-01       1.276337e-02       6.261468e-03       9.220404e-03
        1960       2.376949e+00       5.843747e-01       9.513581e-01       1.034644e-02       4.366978e-03       8.621624e-03
        1970       2.368023e+00       5.752041e-01       9.480450e-01       7.891366e-03       6.015859e-03       6.870292e-03
        1980       2.357632e+00       5.723417e-01       9.439131e-01       9.325685e-03       5.904920e-03       7.882044e-03
        1990       2.349850e+00       5.790055e-01       9.405430e-01       8.973218e-03       5.316933e-03       7.328984e-03
        2000       2.343510e+00       5.743376e-01       9.380443e-01       1.144741e-02       7.186174e-03       9.271687e-03
        2010       2.342738e+00       5.716012e-01       9.379165e-01       8.203280e-03       5.255453e-03       7.053812e-03
        2020       2.344635e+00       5.719172e-01       9.385673e-01       1.274519e-02       9.485594e-03       1.176479e-02
        2030       2.351994e+00       5.817933e-01       9.412395e-01       9.134756e-03       5.140130e-03       7.598159e-03
        2040       2.361055e+00       5.786135e-01       9.448414e-01       1.367071e-02       6.744318e-03       1.161392e-02
        2050       2.371653e+00       5.863252e-01       9.491161e-01       9.422937e-03       3.574141e-03       7.823248e-03
        2060       2.380305e+00       5.871498e-01       9.523025e-01       2.183277e-02       6.290446e-03       1.763086e-02
        2070       2.387955e+00       5.828837e-01       9.557615e-01       1.384673e-02       6.698094e-03       1.159123e-02
        2080       2.388663e+00       5.773196e-01       9.563521e-01       1.987976e-02       1.325516e-02       1.758239e-02
        2090       2.380372e+00       5.878962e-01       9.529181e-01       1.739194e-02       4.142997e-03       1.287217e-02
        2100       2.367467e+00       5.781008e-01       9.479001e-01       2.171567e-02       1.323538e-02       1.949927e-02
        2110       2.355177e+00       5.725733e-01       9.434896e-01       1.775249e-02       9.948029e-03       1.614065e-02
        2120       2.342606e+00       5.700195e-01       9.384231e-01       1.678011e-02       6.390504e-03       1.196099e-02
        2130       2.337016e+00       5.712273e-01       9.356124e-01       1.596739e-02       9.232997e-03       1.430163e-02
        2140       2.336594e+00       5.733172e-01       9.353178e-01       1.462581e-02       8.195284e-03       1.036742e-02
        2150       2.342528e+00       5.700812e-01       9.376319e-01       1.823550e-02       1.106499e-02       1.566788e-02
        2160       2.351594e+00       5.724761e-01       9.412390e-01       8.993708e-03       7.151660e-03       8.245214e-03
        2170       2.362367e+00       5.840501e-01       9.451126e-01       1.594160e-02       3.400134e-03       1.330645e-02
        2180       2.372714e+00       5.917033e-01       9.492134e-01       1.061155e-02       1.845969e-03       8.646126e-03
        2190       2.380725e+00       5.850095e-01       9.524763e-01       1.671514e-02       3.160764e-03       1.370185e-02
        2200       2.385112e+00       5.866292e-01       9.543606e-01       8.604510e-03       2.167378e-03       6.849096e-03
        2210       2.384063e+00       5.905295e-01       9.538154e-01       1.680950e-02       4.835699e-03       1.364322e-02
        2220       2.379987e+00       5.818929e-01       9.525258e-01       1.024971e-02       4.115978e-03       8.290973e-03
        2230       2.371695e+00       5.726063e-01       9.494494e-01       1.701996e-02       8.267763e-03       1.463814e-02
        2240       2.362007e+00       5.766207e-01       9.455633e-01       9.018291e-03       4.404651e-03       6.944573e-03
        2250       2.350928e+00       5.765168e-01       9.410555e-01       1.579742e-02       6.675410e-03       1.325635e-02
        2260       2.344451e+00       5.673723e-01       9.389668e-01       8.658819e-03       6.862615e-03       7.474242e-03
        2270       2.339494e+00       5.648604e-01       9.370498e-01       1.881079e-02       1.460599e-02       1.687738e-02
        2280       2.341367e+00       5.759677e-01       9.372688e-01       7.934551e-03       4.323197e-03       6.594624e-03
        2290       2.347515e+00       5.796093e-01       9.393971e-01       1.669083e-02       1.062828e-02       1.359510e-02
        2300       2.360233e+00       5.788125e-01       9.447888e-01       6.117835e-03       3.637056e-03       5.285854e-03
        2310       2.371434e+00       5.727461e-01       9.492030e-01       1.899812e-02       9.114107e-03       1.566548e-02
        2320       2.382245e+00       5.877928e-01       9.535912e-01       1.145610e-02       2.993335e-03       6.969357e-03
        2330       2.387740e+00       5.899654e-01       9.558892e-01       2.092256e-02       1.380948e-02       1.727465e-02
        2340       2.385214e+00       5.801442e-01       9.554026e-01       1.000030e-02       8.491572e-03       8.902991e-03
        2350       2.376317e+00       5.777998e-01       9.517781e-01       1.524695e-02       1.225406e-02       1.414477e-02
        2360       2.363623e+00       5.755982e-01       9.464046e-01       1.175952e-02       9.238480e-03       1.046261e-02
        2370       2.353366e+00       5.803999e-01       9.419630e-01       1.152874e-02       7.843399e-03       9.573975e-03
        2380       2.344818e+00       5.735997e-01       9.383810e-01       1.461963e-02       1.049606e-02       1.205920e-02
        2390       2.341243e+00       5.749776e-01       9.368891e-01       9.114833e-03       6.290154e-03       7.269433e-03
        2400       2.341326e+00       5.737711e-01       9.367815e-01       1.433847e-02       7.634576e-03       1.254906e-02
        2410       2.346141e+00       5.817630e-01       9.386673e-01       6.245882e-03       3.730121e-03       4.875125e-03
        2420       2.353342e+00       5.791684e-01       9.414552e-01       1.652112e-02       5.725059e-03       1.307556e-02
        2430       2.363563e+00       5.839602e-01       9.457361e-01       5.581154e-03       2.301005e-03       4.716168e-03
        2440       2.373280e+00       5.838395e-01       9.494898e-01       1.823879e-02       3.602130e-03       1.495902e-02
        2450       2.381261e+00       5.917062e-01       9.527921e-01       7.528774e-03       2.996389e-03       6.169816e-03
        2460       2.385692e+00       5.871797e-01       9.546304e-01       2.014416e-02       6.209826e-03       1.685180e-02
        2470       2.385919e+00       5.811514e-01       9.551695e-01       6.871149e-03       5.449395e-03       6.055180e-03
        2480       2.380972e+00       5.811511e-01       9.528982e-01       2.291402e-02       6.345067e-03       1.932165e-02
        2490       2.371332e+00       5.819800e-01       9.492378e-01       9.575028e-03       3.803180e-03       7.817950e-03
        2500       2.359411e+00       5.737925e-01       9.445269e-01       2.359956e-02       7.446332e-03       1.995285e-02
        2510       2.347567e+00       5.655815e-01       9.402317e-01       8.841300e-03       6.521812e-03       7.650791e-03
        2520       2.337893e+00       5.670809e-01       9.358949e-01       2.234371e-02       1.008570e-02       1.826722e-02
        2530       2.335117e+00       5.751945e-01       9.346236e-01       9.381445e-03       5.428122e-03       8.129207e-03
        2540       2.338110e+00       5.748394e-01       9.357935e-01       1.741086e-02       1.255052e-02       1.459380e-02
        2550       2.348227e+00       5.720712e-01       9.397606e-01       9.290954e-03       5.713394e-03       6.994843e-03
        2560       2.358562e+00       5.819521e-01       9.435827e-01       1.335793e-02       7.649866e-03       1.001987e-02
        2570       2.372471e+00       5.798752e-01       9.494324e-01       5.805905e-03       3.967268e-03       5.085423e-03
        2580       2.382424e+00       5.722234e-01       9.538432e-01       9.260545e-03       6.468189e-03       7.893641e-03
        2590       2.385977e+00       5.866600e-01       9.550126e-01       1.549502e-02       5.950646e-03       9.000200e-03
        2600       2.384393e+00       5.897558e-01       9.543824e-01       1.450948e-02       6.691169e-03       1.222058e-02
        2610       2.378652e+00       5.764681e-01       9.525960e-01       9.794836e-03       6.714191e-03       8.744180e-03
        2620       2.369622e+00       5.747921e-01       9.487918e-01       1.289837e-02       7.226000e-03       1.081024e-02
        2630       2.358951e+00       5.818285e-01       9.440930e-01       9.735107e-03       2.920097e-03       8.146769e-03
        2640       2.351594e+00       5.803814e-01       9.411091e-01       1.302194e-02       4.102518e-03       1.029038e-02
        2650       2.346271e+00       5.764781e-01       9.390954e-01       1.029492e-02       7.137751e-03       8.577478e-03
        2660       2.345151e+00       5.786255e-01       9.384153e-01       1.154383e-02       5.631018e-03       9.406408e-03
        2670       2.347622e+00       5.835673e-01       9.392291e-01       9.094577e-03       3.721355e-03       7.228145e-03
        2680       2.353723e+00       5.853379e-01       9.416572e-01       9.808093e-03       1.905445e-03       7.946718e-03
        2690       2.360665e+00       5.803400e-01       9.444774e-01       8.700382e-03       4.791378e-03       7.538975e-03
        2700       2.368518e+00       5.852542e-01       9.475587e-01       9.957222e-03       2.994131e-03       8.413813e-03
        2710       2.375305e+00       5.879744e-01       9.502538e-01       8.671930e-03       2.887200e-03       7.195868e-03
        2720       2.380549e+00       5.924930e-01       9.523668e-01       1.030403e-02       2.242354e-03       8.507483e-03
        2730       2.382493e+00       5.845470e-01       9.533431e-01       8.592275e-03       4.161784e-03       7.304307e-03
        2740       2.381493e+00       5.816520e-01       9.531012e-01       1.176204e-02       5.005589e-03       1.015064e-02
        2750       2.375198e+00       5.806354e-01       9.506207e-01       9.510869e-03       6.121560e-03       8.222785e-03
        2760       2.366045e+00       5.836082e-01       9.470163e-01       1.581961e-02       3.730233e-03       1.251831e-02
        2770       2.353932e+00       5.736450e-01       9.427099e-01       9.553687e-03       4.094176e-03       7.136414e-03
        2780       2.343496e+00       5.659775e-01       9.384736e-01       1.659251e-02       9.578699e-03       1.463549e-02
        2790       2.336058e+00       5.715550e-01       9.351787e-01       1.142912e-02       6.015747e-03       8.957133e-03
        2800       2.336671e+00       5.728285e-01       9.352866e-01       2.231128e-02       5.408628e-03       1.727181e-02
        2810       2.341281e+00       5.678759e-01       9.373250e-01       1.754954e-02       1.329738e-02       1.500980e-02
        2820       2.351865e+00       5.773208e-01       9.410237e-01       1.962063e-02       3.865008e-03       1.632621e-02
        2830       2.365351e+00       5.889390e-01       9.462576e-01       1.259837e-02       2.425620e-03       1.016938e-02
        2840       2.378471e+00       5.870556e-01       9.514239e-01       2.124190e-02       2.626170e-03       1.728610e-02
        2850       2.385822e+00       5.877806e-01       9.546367e-01       1.637945e-02       4.947428e-03       1.283578e-02
        2860       2.389024e+00       5.879216e-01       9.560523e-01       1.957350e-02       6.589552e-03       1.659238e-02
        2870       2.385356e+00       5.880624e-01       9.548677e-01       1.194149e-02       7.095537e-03       9.157878e-03
        2880       2.377017e+00       5.776299e-01       9.515666e-01       1.915302e-02       7.685480e-03       1.636507e-02
        2890       2.366346e+00       5.730308e-01       9.476007e-01       9.425456e-03       6.613935e-03       7.930141e-03
        2900       2.354758e+00       5.796090e-01       9.426940e-01       1.583392e-02       5.153781e-03       1.334267e-02
        2910       2.346183e+00       5.780424e-01       9.391501e-01       7.584510e-03       3.991075e-03       5.349672e-03
        2920       2.341152e+00       5.664082e-01       9.372073e-01       1.766782e-02       1.126326e-02       1.471095e-02
        2930       2.341825e+00       5.699705e-01       9.374706e-01       7.577573e-03       2.994982e-03       5.518231e-03
        2940       2.345188e+00       5.778234e-01       9.384141e-01       1.210966e-02       6.178654e-03       1.049277e-02
        2950       2.354665e+00       5.848423e-01       9.420892e-01       5.227667e-03       2.048751e-03       4.208035e-03
        2960       2.363908e+00       5.784394e-01       9.457861e-01       1.256498e-02       8.524001e-03       1.068581e-02
        2970       2.374367e+00       5.907343e-01       9.498923e-01       6.654840e-03       1.217448e-03       5.463672e-03
        2980       2.380977e+00       5.864259e-01       9.525438e-01       1.083493e-02       5.592807e-03       8.298112e-03
        2990       2.386909e+00       5.882320e-01       9.551041e-01       7.415809e-03       2.265878e-03       6.184011e-03
        3000       2.385477e+00       5.842052e-01       9.547438e-01       1.134730e-02       5.385249e-03       8.118771e-03
