2019-06-24 12:43:45.304069: I tensorflow/core/platform/cpu_feature_guard.cc:140] Your CPU supports instructions that this TensorFlow binary was not compiled to use: AVX512F
2019-06-24 12:43:47.335316: E tensorflow/stream_executor/cuda/cuda_driver.cc:406] failed call to cuInit: CUDA_ERROR_NO_DEVICE
2019-06-24 12:43:47.335416: I tensorflow/stream_executor/cuda/cuda_diagnostics.cc:158] retrieving CUDA diagnostic information for host: SR760-GPU-7
2019-06-24 12:43:47.335443: I tensorflow/stream_executor/cuda/cuda_diagnostics.cc:165] hostname: SR760-GPU-7
2019-06-24 12:43:47.335553: I tensorflow/stream_executor/cuda/cuda_diagnostics.cc:189] libcuda reported version is: 410.48.0
2019-06-24 12:43:47.335661: I tensorflow/stream_executor/cuda/cuda_diagnostics.cc:193] kernel reported version is: 410.48.0
2019-06-24 12:43:47.335683: I tensorflow/stream_executor/cuda/cuda_diagnostics.cc:300] kernel version seems to match DSO: 410.48.0
fo of lammps module:
  use deepmd-kit at:  /sharedext4/local/deepmd-kit-0.12.4
  source:             v0.12.4-1-ge3cd911-dirty
  source branch:      master
  source commit:      e3cd911
  source commit at:   2019-02-07 10:22:13 +0800
  build float prec:   double
  build with tf inc:  /sharedext4/local/tensorflow/r1.8.gpu.cc/include
  build with tf lib:  /sharedext4/local/tensorflow/r1.8.gpu.cc/lib/libtensorflow_cc.so;/sharedext4/local/tensorflow/r1.8.gpu.cc/lib/libtensorflow_framework.so
  >>> Info of model(s):
  using   4 model(s): ../graph.002.pb ../graph.003.pb ../graph.000.pb ../graph.001.pb 
  rcut in model:      5
  ntypes in model:    2
Neighbor list info ...
  update every 1 steps, delay 10 steps, check yes
  max neighbors/atom: 2000, page size: 100000
  master list distance cutoff = 6
  ghost atom cutoff = 6
  binsize = 3, bins = 4 4 4
  1 neighbor lists, perpetual/occasional/extra = 1 0 0
  (1) pair deepmd, perpetual
      attributes: , newton on
      pair build: full/bin/atomonly
      stencil: full/bin/3d
      bin: standard
Setting up Verlet run ...
  Unit style    : metal
  Current step  : 0
  Time step     : 0.002
Per MPI rank memory allocation (min/avg/max) = 3.949 | 3.949 | 3.949 Mbytes
Step Temp PotEng KinEng TotEng Press Volume Lx Ly Lz Xy Xz Yz 
       0          100   -23.990864  0.051704058    -23.93916    673.75478    986.73748    9.8373966     9.933713    10.097406    0.0908466    0.0538699    0.1353076 
      10    54.828388   -23.967298  0.028348502   -23.938949    263.65968    990.95746    9.8514005     9.947854     10.11178  0.090975924  0.053946586   0.13550022 
      20    76.203322   -23.978316   0.03940021   -23.938916   -257.88844    995.33253    9.8658772    9.9624724     10.12664  0.091109613  0.054025861   0.13569933 
      30    80.042459   -23.976663    0.0413852   -23.935278   -718.79712    999.79392    9.8805958    9.9773352    10.141747  0.091245537   0.05410646   0.13590178 
      40    70.192646   -23.965972  0.036292446    -23.92968   -1024.6943    1004.3167    9.8954726    9.9923576    10.157017  0.091382921  0.054187926    0.1361064 
      50     91.16819   -23.970322  0.047137654   -23.923184   -1186.0165    1008.9345    9.9106156    10.007649    10.172561  0.091522765   0.05427085   0.13631468 
      60    57.207197   -23.944807  0.029578442   -23.915229   -1034.9154    1013.5728    9.9257794    10.022961    10.188125  0.091662799  0.054353887   0.13652325 
      70    133.46149   -23.977502  0.069005007   -23.908497   -673.36051    1018.3336     9.941296     10.03863    10.204052  0.091806092  0.054438856   0.13673667 
      80      152.297   -23.975803  0.078743729    -23.89706   -134.15849    1023.3011    9.9574344    10.054926    10.220617  0.091955128  0.054527231   0.13695865 
      90    121.83021   -23.945272  0.062991163   -23.882281    578.76194    1028.5993    9.9745898    10.072249    10.238226  0.092113554  0.054621174   0.13719461 
     100    173.26844   -23.955205  0.089586813   -23.865618    1133.1696    1034.4593     9.993496    10.091341    10.257632   0.09228815  0.054724706   0.13745466 
     110    145.78228   -23.930372  0.075375357   -23.854996     1433.911    1041.0153    10.014563    10.112614    10.279256  0.092482703   0.05484007   0.13774442 
     120    215.01126    -23.96665   0.11116955   -23.855481     1364.445    1048.5043    10.038521    10.136806    10.303846  0.092703944  0.054971262   0.13807394 
     130    168.29536   -23.947984  0.087015531   -23.860969    906.62503    1056.9962    10.065549    10.164099    10.331589  0.092953542  0.055119267    0.1384457 
     140    154.36736   -23.946481  0.079814192   -23.866667    284.72209    1066.3484    10.095148    10.193988     10.36197  0.093226885  0.055281353   0.13885281 
     150    196.87033   -23.978495   0.10178995   -23.876705   -357.62272    1076.5063    10.127102    10.226254    10.394768  0.093521973  0.055456334   0.13929232 
     160    95.561031   -23.935129  0.049408931    -23.88572   -844.15027    1087.3293    10.160927    10.260411    10.429488  0.093834347  0.055641564   0.13975757 
     170    102.83036   -23.951427  0.053167468    -23.89826   -1096.3108    1098.7519    10.196384    10.296215    10.465882  0.094161785  0.055835727   0.14024526 
     180    80.389747   -23.952823  0.041564761   -23.911258   -1070.7222    1110.6663    10.233107    10.333298    10.503576  0.094500913  0.056036822   0.14075036 
     190    93.676384   -23.970176  0.048434492   -23.921741   -842.44786    1123.1561    10.271322    10.371887    10.542801  0.094853823  0.056246089   0.14127599 
     200     119.6764   -23.991096  0.061877554   -23.929219   -458.10548     1136.299    10.311231    10.412187    10.583765  0.095222377  0.056464633   0.14182491 
     210    70.798757   -23.967918   0.03660583   -23.931312    21.240914    1150.1732    10.353028    10.454393    10.626666  0.095608362  0.056693513    0.1423998 
     220    106.07436   -23.984336  0.054844748   -23.929492      463.329    1164.9441    10.397159    10.498956    10.671963  0.096015903  0.056935175    0.1430068 
     230    81.028325   -23.966489  0.041894932   -23.924594    800.87959    1180.7512    10.443974    10.546229    10.720016  0.096448231  0.057191535   0.14365071 
     240    57.598524   -23.950541  0.029780774    -23.92076    939.01458    1197.8034     10.49401    10.596756    10.771375  0.096910311  0.057465538   0.14433894 
     250    86.727601   -23.966285  0.044841689   -23.921443    840.10508    1216.2525    10.547614    10.650884    10.826395  0.097405329  0.057759072   0.14507622 
     260    72.564585   -23.960409  0.037518835    -23.92289    577.27225    1236.2026    10.604972    10.708804    10.885269  0.097935021  0.058073167   0.14586515 
     270    129.05455   -23.992318  0.066726439   -23.925592    142.45703    1257.8864    10.666619    10.771054    10.948546  0.098504321  0.058410748   0.14671307 
     280     104.9967    -23.97667  0.054287552   -23.922383   -298.76617    1281.3836    10.732627    10.837708    11.016298  0.099113889  0.058772208   0.14762096 
     290    88.791038    -23.96185   0.04590857   -23.915941    -659.6507    1306.8895     10.80337    10.909144    11.088911  0.099767194  0.059159603     0.148594 
     300    117.83041   -23.970859  0.060923103   -23.909936   -876.40256    1334.6034    10.879202    10.985719    11.166748   0.10046749  0.059574862   0.14963702 
Loop time of 5.44006 on 1 procs for 300 steps with 5 atoms

Performance: 9.529 ns/day, 2.519 hours/ns, 55.146 timesteps/s
365.7% CPU use with 1 MPI tasks x no OpenMP threads

MPI task timing breakdown:
Section |  min time  |  avg time  |  max time  |%varavg| %total
---------------------------------------------------------------
Pair    | 5.3901     | 5.3901     | 5.3901     |   0.0 | 99.08
Neigh   | 0.00030565 | 0.00030565 | 0.00030565 |   0.0 |  0.01
Comm    | 0.0012479  | 0.0012479  | 0.0012479  |   0.0 |  0.02
Output  | 0.042193   | 0.042193   | 0.042193   |   0.0 |  0.78
Modify  | 0.004216   | 0.004216   | 0.004216   |   0.0 |  0.08
Other   |            | 0.002038   |            |       |  0.04

Nlocal:    5 ave 5 max 5 min
Histogram: 1 0 0 0 0 0 0 0 0 0
Nghost:    67 ave 67 max 67 min
Histogram: 1 0 0 0 0 0 0 0 0 0
Neighs:    0 ave 0 max 0 min
Histogram: 1 0 0 0 0 0 0 0 0 0

Total # of neighbors = 0
Ave neighs/atom = 0
Neighbor list builds = 17
Dangerous builds = 0
Total wall time: 0:00:08
